[0.032s] Invoking command in '/home/salem/graduation_project_ws/build/moveit_ros_planning': AMENT_PREFIX_PATH=/home/salem/graduation_project_ws/install/moveit_ros_occupancy_map_monitor:/home/salem/graduation_project_ws/install/moveit_core:/home/salem/graduation_project_ws/install/moveit_resources_panda_moveit_config:/home/salem/graduation_project_ws/install/moveit_configs_utils:/home/salem/graduation_project_ws/install/srdfdom:/home/salem/graduation_project_ws/install/moveit_resources_pr2_description:/home/salem/graduation_project_ws/install/moveit_resources_panda_description:/home/salem/graduation_project_ws/install/moveit_common:/home/salem/graduation_project_ws/install/launch_param_builder:${AMENT_PREFIX_PATH} CMAKE_PREFIX_PATH=/home/salem/graduation_project_ws/install/moveit_ros_occupancy_map_monitor:/home/salem/graduation_project_ws/install/moveit_core:/home/salem/graduation_project_ws/install/moveit_resources_panda_moveit_config:/home/salem/graduation_project_ws/install/srdfdom:/home/salem/graduation_project_ws/install/moveit_resources_pr2_description:/home/salem/graduation_project_ws/install/moveit_resources_panda_description:/home/salem/graduation_project_ws/install/moveit_common:/home/salem/ros2_ws/install/labvolt5250a0_description:/home/salem/ws_moveit2/install/pilz_industrial_motion_planner_testutils:/home/salem/ws_moveit2/install/panda_moveit_config:/home/salem/ws_moveit2/install/moveit_runtime:/home/salem/ws_moveit2/install/moveit2_tutorials:/home/salem/ws_moveit2/install/moveit:/home/salem/ws_moveit2/install/moveit_planners:/home/salem/ws_moveit2/install/pilz_industrial_motion_planner:/home/salem/ws_moveit2/install/moveit_visual_tools:/home/salem/ws_moveit2/install/moveit_task_constructor_visualization:/home/salem/ws_moveit2/install/moveit_task_constructor_demo:/home/salem/ws_moveit2/install/moveit_task_constructor_capabilities:/home/salem/ws_moveit2/install/moveit_task_constructor_core:/home/salem/ws_moveit2/install/moveit_ros_control_interface:/home/salem/ws_moveit2/install/moveit_plugins:/home/salem/ws_moveit2/install/moveit_simple_controller_manager:/home/salem/ws_moveit2/install/moveit_setup_assistant:/home/salem/ws_moveit2/install/moveit_setup_srdf_plugins:/home/salem/ws_moveit2/install/moveit_setup_core_plugins:/home/salem/ws_moveit2/install/moveit_setup_controllers:/home/salem/ws_moveit2/install/moveit_setup_app_plugins:/home/salem/ws_moveit2/install/moveit_setup_framework:/home/salem/ws_moveit2/install/moveit_servo:/home/salem/ws_moveit2/install/moveit_ros:/home/salem/ws_moveit2/install/moveit_ros_visualization:/home/salem/ws_moveit2/install/moveit_hybrid_planning:/home/salem/ws_moveit2/install/moveit_ros_planning_interface:/home/salem/ws_moveit2/install/moveit_ros_benchmarks:/home/salem/ws_moveit2/install/moveit_ros_warehouse:/home/salem/ws_moveit2/install/moveit_ros_robot_interaction:/home/salem/ws_moveit2/install/moveit_ros_perception:/home/salem/ws_moveit2/install/moveit_resources_prbt_pg70_support:/home/salem/ws_moveit2/install/moveit_resources_prbt_moveit_config:/home/salem/ws_moveit2/install/moveit_ros_move_group:/home/salem/ws_moveit2/install/moveit_planners_ompl:/home/salem/ws_moveit2/install/moveit_ros_planning:/home/salem/ws_moveit2/install/moveit_ros_occupancy_map_monitor:/home/salem/ws_moveit2/install/moveit_resources_prbt_ikfast_manipulator_plugin:/home/salem/ws_moveit2/install/moveit_planners_chomp:/home/salem/ws_moveit2/install/moveit_kinematics:/home/salem/ws_moveit2/install/moveit_chomp_optimizer_adapter:/home/salem/ws_moveit2/install/chomp_motion_planner:/home/salem/ws_moveit2/install/moveit_core:/home/salem/ws_moveit2/install/srdfdom:/home/salem/ws_moveit2/install/rviz_marker_tools:/home/salem/ws_moveit2/install/rosparam_shortcuts:/home/salem/ws_moveit2/install/moveit_task_constructor_msgs:/home/salem/ws_moveit2/install/moveit_resources_prbt_support:/home/salem/ws_moveit2/install/moveit_resources:/home/salem/ws_moveit2/install/moveit_resources_pr2_description:/home/salem/ws_moveit2/install/moveit_resources_panda_moveit_config:/home/salem/ws_moveit2/install/moveit_resources_panda_description:/home/salem/ws_moveit2/install/moveit_resources_fanuc_moveit_config:/home/salem/ws_moveit2/install/moveit_resources_fanuc_description:/home/salem/ws_moveit2/install/moveit_common:/home/salem/microros_ws/install/micro_ros_setup:/home/salem/ros2_ws/install/my_robot_controller:/home/salem/ws_moveit2/install/moveit_configs_utils:/home/salem/ws_moveit2/install/launch_param_builder:/opt/ros/humble LD_LIBRARY_PATH=/home/salem/graduation_project_ws/install/moveit_ros_occupancy_map_monitor/lib:/home/salem/graduation_project_ws/install/moveit_core/lib:/home/salem/graduation_project_ws/install/srdfdom/lib:${LD_LIBRARY_PATH} PATH=/home/salem/graduation_project_ws/install/moveit_core/bin:${PATH} PYTHONPATH=/home/salem/graduation_project_ws/install/moveit_configs_utils/lib/python3.10/site-packages:/home/salem/graduation_project_ws/install/srdfdom/local/lib/python3.10/dist-packages:/home/salem/graduation_project_ws/install/launch_param_builder/lib/python3.10/site-packages:${PYTHONPATH} /usr/bin/cmake /home/salem/graduation_project_ws/src/moveit2/moveit_ros/planning -DCMAKE_INSTALL_PREFIX=/home/salem/graduation_project_ws/install/moveit_ros_planning
[0.099s] -- The C compiler identification is GNU 11.4.0
[0.153s] -- The CXX compiler identification is GNU 11.4.0
[0.161s] -- Detecting C compiler ABI info
[0.247s] -- Detecting C compiler ABI info - done
[0.252s] -- Check for working C compiler: /usr/bin/cc - skipped
[0.252s] -- Detecting C compile features
[0.253s] -- Detecting C compile features - done
[0.255s] -- Detecting CXX compiler ABI info
[0.350s] -- Detecting CXX compiler ABI info - done
[0.356s] -- Check for working CXX compiler: /usr/bin/c++ - skipped
[0.356s] -- Detecting CXX compile features
[0.357s] -- Detecting CXX compile features - done
[0.358s] -- Found moveit_common: 2.5.9 (/home/salem/graduation_project_ws/install/moveit_common/share/moveit_common/cmake)
[0.366s] -- Found ament_cmake: 1.3.11 (/opt/ros/humble/share/ament_cmake/cmake)
[0.534s] -- Found Python3: /usr/bin/python3 (found version "3.10.12") found components: Interpreter 
[0.769s] [0mmoveit_ros_planning: You did not request a specific build type: Choosing 'Release' for maximum performance[0m
[0.777s] -- Found moveit_msgs: 2.2.1 (/opt/ros/humble/share/moveit_msgs/cmake)
[0.875s] -- Found rosidl_generator_c: 3.1.6 (/opt/ros/humble/share/rosidl_generator_c/cmake)
[0.892s] -- Found rosidl_adapter: 3.1.6 (/opt/ros/humble/share/rosidl_adapter/cmake)
[0.912s] -- Found rosidl_generator_cpp: 3.1.6 (/opt/ros/humble/share/rosidl_generator_cpp/cmake)
[0.983s] -- Using all available rosidl_typesupport_c: rosidl_typesupport_fastrtps_c;rosidl_typesupport_introspection_c
[1.018s] -- Using all available rosidl_typesupport_cpp: rosidl_typesupport_fastrtps_cpp;rosidl_typesupport_introspection_cpp
[1.240s] -- Found pluginlib: 5.1.0 (/opt/ros/humble/share/pluginlib/cmake)
[1.305s] -- Found rclcpp: 16.0.12 (/opt/ros/humble/share/rclcpp/cmake)
[1.394s] -- Found rmw_implementation_cmake: 6.1.2 (/opt/ros/humble/share/rmw_implementation_cmake/cmake)
[1.405s] -- Found rmw_fastrtps_cpp: 6.2.7 (/opt/ros/humble/share/rmw_fastrtps_cpp/cmake)
[1.458s] -- Found TinyXML2 via Config file: TinyXML2_DIR-NOTFOUND
[1.546s] -- Found OpenSSL: /usr/lib/x86_64-linux-gnu/libcrypto.so (found version "3.0.2")  
[1.549s] -- Found TinyXML2 via Config file: TinyXML2_DIR-NOTFOUND
[1.566s] -- Found FastRTPS: /opt/ros/humble/include  
[1.569s] -- Found TinyXML2 via Config file: TinyXML2_DIR-NOTFOUND
[1.578s] -- Found TinyXML2 via Config file: TinyXML2_DIR-NOTFOUND
[1.592s] -- Using RMW implementation 'rmw_fastrtps_cpp' as default
[1.619s] -- Looking for pthread.h
[1.734s] -- Looking for pthread.h - found
[1.734s] -- Performing Test CMAKE_HAVE_LIBC_PTHREAD
[1.852s] -- Performing Test CMAKE_HAVE_LIBC_PTHREAD - Success
[1.853s] -- Found Threads: TRUE  
[1.911s] -- Found message_filters: 4.3.7 (/opt/ros/humble/share/message_filters/cmake)
[1.913s] -- Found srdfdom: 2.0.7 (/home/salem/graduation_project_ws/install/srdfdom/share/srdfdom/cmake)
[1.957s] -- Found tf2: 0.25.12 (/opt/ros/humble/share/tf2/cmake)
[1.968s] -- Found tf2_geometry_msgs: 0.25.12 (/opt/ros/humble/share/tf2_geometry_msgs/cmake)
[2.007s] -- Found eigen3_cmake_module: 0.1.1 (/opt/ros/humble/share/eigen3_cmake_module/cmake)
[2.009s] -- Found Eigen3: TRUE (found version "3.4.0") 
[2.009s] -- Ensuring Eigen3 include directory is part of orocos-kdl CMake target
[2.104s] -- Found tf2_eigen: 0.25.12 (/opt/ros/humble/share/tf2_eigen/cmake)
[2.108s] -- Found moveit_core: 2.5.9 (/home/salem/graduation_project_ws/install/moveit_core/share/moveit_core/cmake)
[2.215s] -- Found Boost: /usr/lib/x86_64-linux-gnu/cmake/Boost-1.74.0/BoostConfig.cmake (found version "1.74.0") found components: chrono date_time filesystem iostreams program_options regex serialization system thread 
[2.304s] -- Found parameter_traits: 0.4.0 (/opt/ros/humble/share/parameter_traits/cmake)
[2.343s] -- Found rclcpp_lifecycle: 16.0.12 (/opt/ros/humble/share/rclcpp_lifecycle/cmake)
[2.383s] -- Found Boost: /usr/lib/x86_64-linux-gnu/cmake/Boost-1.74.0/BoostConfig.cmake (found version "1.74.0") found components: filesystem 
[2.541s] -- library: /usr/lib/x86_64-linux-gnu/libcurl.so
[2.615s] -- Found moveit_ros_occupancy_map_monitor: 2.5.9 (/home/salem/graduation_project_ws/install/moveit_ros_occupancy_map_monitor/share/moveit_ros_occupancy_map_monitor/cmake)
[2.627s] -- Found Boost: /usr/lib/x86_64-linux-gnu/cmake/Boost-1.74.0/BoostConfig.cmake (found version "1.74.0") found components: system filesystem date_time program_options thread chrono 
[2.714s] -- Performing Test COMPILER_HAS_HIDDEN_VISIBILITY
[2.843s] -- Performing Test COMPILER_HAS_HIDDEN_VISIBILITY - Success
[2.844s] -- Performing Test COMPILER_HAS_HIDDEN_INLINE_VISIBILITY
[2.966s] -- Performing Test COMPILER_HAS_HIDDEN_INLINE_VISIBILITY - Success
[2.966s] -- Performing Test COMPILER_HAS_DEPRECATED_ATTR
[3.092s] -- Performing Test COMPILER_HAS_DEPRECATED_ATTR - Success
[3.177s] -- Found ament_cmake_gtest: 1.3.11 (/opt/ros/humble/share/ament_cmake_gtest/cmake)
[3.185s] -- Found ament_cmake_gmock: 1.3.11 (/opt/ros/humble/share/ament_cmake_gmock/cmake)
[3.194s] -- Found ros_testing: 0.4.0 (/opt/ros/humble/share/ros_testing/cmake)
[3.203s] -- Found launch_testing_ament_cmake: 1.0.8 (/opt/ros/humble/share/launch_testing_ament_cmake/cmake)
[3.212s] -- Found python_cmake_module: 0.10.0 (/opt/ros/humble/share/python_cmake_module/cmake)
[3.235s] -- Found PythonInterp: /usr/bin/python3 (found suitable version "3.10.12", minimum required is "3.6") 
[3.245s] -- Found PythonLibs: /usr/lib/x86_64-linux-gnu/libpython3.10.so (found suitable version "3.10.12", minimum required is "3.5") 
[3.245s] -- Using PYTHON_EXECUTABLE: /usr/bin/python3
[3.245s] -- Using PYTHON_INCLUDE_DIRS: /usr/include/python3.10
[3.245s] -- Using PYTHON_LIBRARIES: /usr/lib/x86_64-linux-gnu/libpython3.10.so
[3.266s] -- Found PythonExtra: .so  
[3.275s] -- Found gmock sources under '/opt/ros/humble/src/gmock_vendor': C++ tests using 'Google Mock' will be built
[3.286s] -- Found gtest sources under '/opt/ros/humble/src/gtest_vendor': C++ tests using 'Google Test' will be built
[3.379s] -- Found ament_lint_auto: 0.12.12 (/opt/ros/humble/share/ament_lint_auto/cmake)
[3.439s] -- Found launch_testing_ament_cmake: 1.0.8 (/opt/ros/humble/share/launch_testing_ament_cmake/cmake)
[3.439s] -- Found python_cmake_module: 0.10.0 (/opt/ros/humble/share/python_cmake_module/cmake)
[3.462s] -- Using PYTHON_EXECUTABLE: /usr/bin/python3
[3.462s] -- Using PYTHON_INCLUDE_DIRS: /usr/include/python3.10
[3.462s] -- Using PYTHON_LIBRARIES: /usr/lib/x86_64-linux-gnu/libpython3.10.so
[3.481s] -- Added test 'cppcheck' to perform static code analysis on C / C++ code
[3.481s] -- Configured cppcheck include dirs: /home/salem/graduation_project_ws/src/moveit2/moveit_ros/planning/rdf_loader/include;/home/salem/graduation_project_ws/src/moveit2/moveit_ros/planning/kinematics_plugin_loader/include;/home/salem/graduation_project_ws/src/moveit2/moveit_ros/planning/robot_model_loader/include;/home/salem/graduation_project_ws/src/moveit2/moveit_ros/planning/constraint_sampler_manager_loader/include;/home/salem/graduation_project_ws/src/moveit2/moveit_ros/planning/planning_pipeline/include;/home/salem/graduation_project_ws/src/moveit2/moveit_ros/planning/planning_scene_monitor/include;/home/salem/graduation_project_ws/src/moveit2/moveit_ros/planning/trajectory_execution_manager/include;/home/salem/graduation_project_ws/src/moveit2/moveit_ros/planning/plan_execution/include;/home/salem/graduation_project_ws/src/moveit2/moveit_ros/planning/collision_plugin_loader/include;/home/salem/graduation_project_ws/src/moveit2/moveit_ros/planning/moveit_cpp/include
[3.481s] -- Configured cppcheck exclude dirs and/or files: 
[3.485s] -- Added test 'lint_cmake' to check CMake code style
[3.487s] -- Added test 'pep257' to check Python code against some of the docstring style conventions in PEP 257
[3.489s] -- Added test 'xmllint' to check XML markup files
[3.493s] -- Configuring done
[3.864s] -- Generating done
[3.938s] -- Build files have been written to: /home/salem/graduation_project_ws/build/moveit_ros_planning
[3.970s] Invoked command in '/home/salem/graduation_project_ws/build/moveit_ros_planning' returned '0': AMENT_PREFIX_PATH=/home/salem/graduation_project_ws/install/moveit_ros_occupancy_map_monitor:/home/salem/graduation_project_ws/install/moveit_core:/home/salem/graduation_project_ws/install/moveit_resources_panda_moveit_config:/home/salem/graduation_project_ws/install/moveit_configs_utils:/home/salem/graduation_project_ws/install/srdfdom:/home/salem/graduation_project_ws/install/moveit_resources_pr2_description:/home/salem/graduation_project_ws/install/moveit_resources_panda_description:/home/salem/graduation_project_ws/install/moveit_common:/home/salem/graduation_project_ws/install/launch_param_builder:${AMENT_PREFIX_PATH} CMAKE_PREFIX_PATH=/home/salem/graduation_project_ws/install/moveit_ros_occupancy_map_monitor:/home/salem/graduation_project_ws/install/moveit_core:/home/salem/graduation_project_ws/install/moveit_resources_panda_moveit_config:/home/salem/graduation_project_ws/install/srdfdom:/home/salem/graduation_project_ws/install/moveit_resources_pr2_description:/home/salem/graduation_project_ws/install/moveit_resources_panda_description:/home/salem/graduation_project_ws/install/moveit_common:/home/salem/ros2_ws/install/labvolt5250a0_description:/home/salem/ws_moveit2/install/pilz_industrial_motion_planner_testutils:/home/salem/ws_moveit2/install/panda_moveit_config:/home/salem/ws_moveit2/install/moveit_runtime:/home/salem/ws_moveit2/install/moveit2_tutorials:/home/salem/ws_moveit2/install/moveit:/home/salem/ws_moveit2/install/moveit_planners:/home/salem/ws_moveit2/install/pilz_industrial_motion_planner:/home/salem/ws_moveit2/install/moveit_visual_tools:/home/salem/ws_moveit2/install/moveit_task_constructor_visualization:/home/salem/ws_moveit2/install/moveit_task_constructor_demo:/home/salem/ws_moveit2/install/moveit_task_constructor_capabilities:/home/salem/ws_moveit2/install/moveit_task_constructor_core:/home/salem/ws_moveit2/install/moveit_ros_control_interface:/home/salem/ws_moveit2/install/moveit_plugins:/home/salem/ws_moveit2/install/moveit_simple_controller_manager:/home/salem/ws_moveit2/install/moveit_setup_assistant:/home/salem/ws_moveit2/install/moveit_setup_srdf_plugins:/home/salem/ws_moveit2/install/moveit_setup_core_plugins:/home/salem/ws_moveit2/install/moveit_setup_controllers:/home/salem/ws_moveit2/install/moveit_setup_app_plugins:/home/salem/ws_moveit2/install/moveit_setup_framework:/home/salem/ws_moveit2/install/moveit_servo:/home/salem/ws_moveit2/install/moveit_ros:/home/salem/ws_moveit2/install/moveit_ros_visualization:/home/salem/ws_moveit2/install/moveit_hybrid_planning:/home/salem/ws_moveit2/install/moveit_ros_planning_interface:/home/salem/ws_moveit2/install/moveit_ros_benchmarks:/home/salem/ws_moveit2/install/moveit_ros_warehouse:/home/salem/ws_moveit2/install/moveit_ros_robot_interaction:/home/salem/ws_moveit2/install/moveit_ros_perception:/home/salem/ws_moveit2/install/moveit_resources_prbt_pg70_support:/home/salem/ws_moveit2/install/moveit_resources_prbt_moveit_config:/home/salem/ws_moveit2/install/moveit_ros_move_group:/home/salem/ws_moveit2/install/moveit_planners_ompl:/home/salem/ws_moveit2/install/moveit_ros_planning:/home/salem/ws_moveit2/install/moveit_ros_occupancy_map_monitor:/home/salem/ws_moveit2/install/moveit_resources_prbt_ikfast_manipulator_plugin:/home/salem/ws_moveit2/install/moveit_planners_chomp:/home/salem/ws_moveit2/install/moveit_kinematics:/home/salem/ws_moveit2/install/moveit_chomp_optimizer_adapter:/home/salem/ws_moveit2/install/chomp_motion_planner:/home/salem/ws_moveit2/install/moveit_core:/home/salem/ws_moveit2/install/srdfdom:/home/salem/ws_moveit2/install/rviz_marker_tools:/home/salem/ws_moveit2/install/rosparam_shortcuts:/home/salem/ws_moveit2/install/moveit_task_constructor_msgs:/home/salem/ws_moveit2/install/moveit_resources_prbt_support:/home/salem/ws_moveit2/install/moveit_resources:/home/salem/ws_moveit2/install/moveit_resources_pr2_description:/home/salem/ws_moveit2/install/moveit_resources_panda_moveit_config:/home/salem/ws_moveit2/install/moveit_resources_panda_description:/home/salem/ws_moveit2/install/moveit_resources_fanuc_moveit_config:/home/salem/ws_moveit2/install/moveit_resources_fanuc_description:/home/salem/ws_moveit2/install/moveit_common:/home/salem/microros_ws/install/micro_ros_setup:/home/salem/ros2_ws/install/my_robot_controller:/home/salem/ws_moveit2/install/moveit_configs_utils:/home/salem/ws_moveit2/install/launch_param_builder:/opt/ros/humble LD_LIBRARY_PATH=/home/salem/graduation_project_ws/install/moveit_ros_occupancy_map_monitor/lib:/home/salem/graduation_project_ws/install/moveit_core/lib:/home/salem/graduation_project_ws/install/srdfdom/lib:${LD_LIBRARY_PATH} PATH=/home/salem/graduation_project_ws/install/moveit_core/bin:${PATH} PYTHONPATH=/home/salem/graduation_project_ws/install/moveit_configs_utils/lib/python3.10/site-packages:/home/salem/graduation_project_ws/install/srdfdom/local/lib/python3.10/dist-packages:/home/salem/graduation_project_ws/install/launch_param_builder/lib/python3.10/site-packages:${PYTHONPATH} /usr/bin/cmake /home/salem/graduation_project_ws/src/moveit2/moveit_ros/planning -DCMAKE_INSTALL_PREFIX=/home/salem/graduation_project_ws/install/moveit_ros_planning
[3.972s] Invoking command in '/home/salem/graduation_project_ws/build/moveit_ros_planning': AMENT_PREFIX_PATH=/home/salem/graduation_project_ws/install/moveit_ros_occupancy_map_monitor:/home/salem/graduation_project_ws/install/moveit_core:/home/salem/graduation_project_ws/install/moveit_resources_panda_moveit_config:/home/salem/graduation_project_ws/install/moveit_configs_utils:/home/salem/graduation_project_ws/install/srdfdom:/home/salem/graduation_project_ws/install/moveit_resources_pr2_description:/home/salem/graduation_project_ws/install/moveit_resources_panda_description:/home/salem/graduation_project_ws/install/moveit_common:/home/salem/graduation_project_ws/install/launch_param_builder:${AMENT_PREFIX_PATH} CMAKE_PREFIX_PATH=/home/salem/graduation_project_ws/install/moveit_ros_occupancy_map_monitor:/home/salem/graduation_project_ws/install/moveit_core:/home/salem/graduation_project_ws/install/moveit_resources_panda_moveit_config:/home/salem/graduation_project_ws/install/srdfdom:/home/salem/graduation_project_ws/install/moveit_resources_pr2_description:/home/salem/graduation_project_ws/install/moveit_resources_panda_description:/home/salem/graduation_project_ws/install/moveit_common:/home/salem/ros2_ws/install/labvolt5250a0_description:/home/salem/ws_moveit2/install/pilz_industrial_motion_planner_testutils:/home/salem/ws_moveit2/install/panda_moveit_config:/home/salem/ws_moveit2/install/moveit_runtime:/home/salem/ws_moveit2/install/moveit2_tutorials:/home/salem/ws_moveit2/install/moveit:/home/salem/ws_moveit2/install/moveit_planners:/home/salem/ws_moveit2/install/pilz_industrial_motion_planner:/home/salem/ws_moveit2/install/moveit_visual_tools:/home/salem/ws_moveit2/install/moveit_task_constructor_visualization:/home/salem/ws_moveit2/install/moveit_task_constructor_demo:/home/salem/ws_moveit2/install/moveit_task_constructor_capabilities:/home/salem/ws_moveit2/install/moveit_task_constructor_core:/home/salem/ws_moveit2/install/moveit_ros_control_interface:/home/salem/ws_moveit2/install/moveit_plugins:/home/salem/ws_moveit2/install/moveit_simple_controller_manager:/home/salem/ws_moveit2/install/moveit_setup_assistant:/home/salem/ws_moveit2/install/moveit_setup_srdf_plugins:/home/salem/ws_moveit2/install/moveit_setup_core_plugins:/home/salem/ws_moveit2/install/moveit_setup_controllers:/home/salem/ws_moveit2/install/moveit_setup_app_plugins:/home/salem/ws_moveit2/install/moveit_setup_framework:/home/salem/ws_moveit2/install/moveit_servo:/home/salem/ws_moveit2/install/moveit_ros:/home/salem/ws_moveit2/install/moveit_ros_visualization:/home/salem/ws_moveit2/install/moveit_hybrid_planning:/home/salem/ws_moveit2/install/moveit_ros_planning_interface:/home/salem/ws_moveit2/install/moveit_ros_benchmarks:/home/salem/ws_moveit2/install/moveit_ros_warehouse:/home/salem/ws_moveit2/install/moveit_ros_robot_interaction:/home/salem/ws_moveit2/install/moveit_ros_perception:/home/salem/ws_moveit2/install/moveit_resources_prbt_pg70_support:/home/salem/ws_moveit2/install/moveit_resources_prbt_moveit_config:/home/salem/ws_moveit2/install/moveit_ros_move_group:/home/salem/ws_moveit2/install/moveit_planners_ompl:/home/salem/ws_moveit2/install/moveit_ros_planning:/home/salem/ws_moveit2/install/moveit_ros_occupancy_map_monitor:/home/salem/ws_moveit2/install/moveit_resources_prbt_ikfast_manipulator_plugin:/home/salem/ws_moveit2/install/moveit_planners_chomp:/home/salem/ws_moveit2/install/moveit_kinematics:/home/salem/ws_moveit2/install/moveit_chomp_optimizer_adapter:/home/salem/ws_moveit2/install/chomp_motion_planner:/home/salem/ws_moveit2/install/moveit_core:/home/salem/ws_moveit2/install/srdfdom:/home/salem/ws_moveit2/install/rviz_marker_tools:/home/salem/ws_moveit2/install/rosparam_shortcuts:/home/salem/ws_moveit2/install/moveit_task_constructor_msgs:/home/salem/ws_moveit2/install/moveit_resources_prbt_support:/home/salem/ws_moveit2/install/moveit_resources:/home/salem/ws_moveit2/install/moveit_resources_pr2_description:/home/salem/ws_moveit2/install/moveit_resources_panda_moveit_config:/home/salem/ws_moveit2/install/moveit_resources_panda_description:/home/salem/ws_moveit2/install/moveit_resources_fanuc_moveit_config:/home/salem/ws_moveit2/install/moveit_resources_fanuc_description:/home/salem/ws_moveit2/install/moveit_common:/home/salem/microros_ws/install/micro_ros_setup:/home/salem/ros2_ws/install/my_robot_controller:/home/salem/ws_moveit2/install/moveit_configs_utils:/home/salem/ws_moveit2/install/launch_param_builder:/opt/ros/humble LD_LIBRARY_PATH=/home/salem/graduation_project_ws/install/moveit_ros_occupancy_map_monitor/lib:/home/salem/graduation_project_ws/install/moveit_core/lib:/home/salem/graduation_project_ws/install/srdfdom/lib:${LD_LIBRARY_PATH} PATH=/home/salem/graduation_project_ws/install/moveit_core/bin:${PATH} PYTHONPATH=/home/salem/graduation_project_ws/install/moveit_configs_utils/lib/python3.10/site-packages:/home/salem/graduation_project_ws/install/srdfdom/local/lib/python3.10/dist-packages:/home/salem/graduation_project_ws/install/launch_param_builder/lib/python3.10/site-packages:${PYTHONPATH} /usr/bin/cmake --build /home/salem/graduation_project_ws/build/moveit_ros_planning -- -j16 -l16
[4.061s] [  1%] [32mBuilding CXX object collision_plugin_loader/CMakeFiles/moveit_collision_plugin_loader.dir/src/collision_plugin_loader.cpp.o[0m
[4.064s] [  2%] [32mBuilding CXX object gtest/CMakeFiles/gtest.dir/src/gtest-all.cc.o[0m
[4.064s] [  5%] [32mBuilding CXX object planning_request_adapter_plugins/CMakeFiles/moveit_list_request_adapter_plugins.dir/src/list.cpp.o[0m
[4.064s] [  5%] [32mBuilding CXX object planning_request_adapter_plugins/CMakeFiles/moveit_default_planning_request_adapter_plugins.dir/src/fix_start_state_path_constraints.cpp.o[0m
[4.064s] [  7%] [32mBuilding CXX object gmock/CMakeFiles/gmock_main.dir/src/gmock_main.cc.o[0m
[4.064s] [ 10%] [32mBuilding CXX object gmock/CMakeFiles/gmock.dir/opt/ros/humble/src/gtest_vendor/src/gtest-all.cc.o[0m
[4.065s] [ 10%] [32mBuilding CXX object planning_request_adapter_plugins/CMakeFiles/moveit_default_planning_request_adapter_plugins.dir/src/fix_workspace_bounds.cpp.o[0m
[4.065s] [ 11%] [32mBuilding CXX object rdf_loader/CMakeFiles/moveit_rdf_loader.dir/src/rdf_loader.cpp.o[0m
[4.070s] [ 13%] [32mBuilding CXX object planning_request_adapter_plugins/CMakeFiles/moveit_default_planning_request_adapter_plugins.dir/src/fix_start_state_bounds.cpp.o[0m
[4.072s] [ 14%] [32mBuilding CXX object planning_request_adapter_plugins/CMakeFiles/moveit_default_planning_request_adapter_plugins.dir/src/empty.cpp.o[0m
[4.072s] [ 16%] [32mBuilding CXX object planning_request_adapter_plugins/CMakeFiles/moveit_default_planning_request_adapter_plugins.dir/src/add_ruckig_traj_smoothing.cpp.o[0m
[4.072s] [ 17%] [32mBuilding CXX object gtest/CMakeFiles/gtest_main.dir/src/gtest_main.cc.o[0m
[4.072s] [ 19%] [32mBuilding CXX object planning_pipeline/CMakeFiles/moveit_planning_pipeline.dir/src/planning_pipeline.cpp.o[0m
[4.073s] [ 20%] [32mBuilding CXX object gmock/CMakeFiles/gmock.dir/src/gmock-all.cc.o[0m
[4.073s] [ 22%] [32mBuilding CXX object planning_request_adapter_plugins/CMakeFiles/moveit_default_planning_request_adapter_plugins.dir/src/add_time_parameterization.cpp.o[0m
[4.073s] [ 23%] [32mBuilding CXX object planning_request_adapter_plugins/CMakeFiles/moveit_default_planning_request_adapter_plugins.dir/src/fix_start_state_collision.cpp.o[0m
[5.465s] [ 25%] [32m[1mLinking CXX static library libgtest_main.a[0m
[5.707s] [ 25%] Built target gtest_main
[5.751s] [ 26%] [32mBuilding CXX object rdf_loader/CMakeFiles/moveit_rdf_loader.dir/src/synchronized_string_parameter.cpp.o[0m
[5.935s] [ 27%] [32m[1mLinking CXX static library libgmock_main.a[0m
[6.177s] [ 27%] Built target gmock_main
[6.205s] [ 29%] [32mBuilding CXX object planning_request_adapter_plugins/CMakeFiles/moveit_default_planning_request_adapter_plugins.dir/src/add_iterative_spline_parameterization.cpp.o[0m
[8.900s] [ 30%] [32mBuilding CXX object planning_request_adapter_plugins/CMakeFiles/moveit_default_planning_request_adapter_plugins.dir/src/add_time_optimal_parameterization.cpp.o[0m
[14.553s] [ 32%] [32mBuilding CXX object planning_request_adapter_plugins/CMakeFiles/moveit_default_planning_request_adapter_plugins.dir/src/resolve_constraint_frames.cpp.o[0m
[16.401s] [ 33%] [32m[1mLinking CXX static library libgtest.a[0m
[16.611s] [ 35%] [32m[1mLinking CXX static library libgmock.a[0m
[16.650s] [ 35%] Built target gtest
[16.918s] [ 35%] Built target gmock
[19.450s] [ 36%] [32m[1mLinking CXX shared library libmoveit_collision_plugin_loader.so[0m
[19.773s] [ 36%] Built target moveit_collision_plugin_loader
[21.968s] [ 38%] [32m[1mLinking CXX executable moveit_list_request_adapter_plugins[0m
[22.153s] [ 38%] Built target moveit_list_request_adapter_plugins
[22.189s] [ 39%] [32m[1mLinking CXX shared library libmoveit_rdf_loader.so[0m
[22.444s] [ 39%] Built target moveit_rdf_loader
[22.477s] [ 42%] [32mBuilding CXX object constraint_sampler_manager_loader/CMakeFiles/moveit_constraint_sampler_manager_loader.dir/src/constraint_sampler_manager_loader.cpp.o[0m
[22.477s] [ 42%] [32mBuilding CXX object kinematics_plugin_loader/CMakeFiles/moveit_kinematics_plugin_loader.dir/src/kinematics_plugin_loader.cpp.o[0m
[24.042s] [ 44%] [32m[1mLinking CXX shared library libmoveit_default_planning_request_adapter_plugins.so[0m
[24.258s] [ 44%] Built target moveit_default_planning_request_adapter_plugins
[28.875s] [ 45%] [32m[1mLinking CXX shared library libmoveit_planning_pipeline.so[0m
[29.096s] [ 45%] Built target moveit_planning_pipeline
[32.048s] [ 47%] [32m[1mLinking CXX shared library libmoveit_kinematics_plugin_loader.so[0m
[32.236s] [ 47%] Built target moveit_kinematics_plugin_loader
[32.269s] [ 48%] [32mBuilding CXX object robot_model_loader/CMakeFiles/moveit_robot_model_loader.dir/src/robot_model_loader.cpp.o[0m
[32.668s] [ 50%] [32m[1mLinking CXX shared library libmoveit_constraint_sampler_manager_loader.so[0m
[32.893s] [ 50%] Built target moveit_constraint_sampler_manager_loader
[37.200s] [ 51%] [32m[1mLinking CXX shared library libmoveit_robot_model_loader.so[0m
[37.378s] [ 51%] Built target moveit_robot_model_loader
[37.409s] [ 60%] [32mBuilding CXX object planning_scene_monitor/CMakeFiles/moveit_planning_scene_monitor.dir/src/trajectory_monitor_middleware_handle.cpp.o[0m
[37.409s] [ 60%] [32mBuilding CXX object planning_scene_monitor/CMakeFiles/moveit_planning_scene_monitor.dir/src/trajectory_monitor.cpp.o[0m
[37.409s] [ 60%] [32mBuilding CXX object planning_scene_monitor/CMakeFiles/moveit_planning_scene_monitor.dir/src/current_state_monitor_middleware_handle.cpp.o[0m
[37.409s] [ 60%] [32mBuilding CXX object planning_scene_monitor/CMakeFiles/moveit_planning_scene_monitor.dir/src/planning_scene_monitor.cpp.o[0m
[37.409s] [ 60%] [32mBuilding CXX object planning_components_tools/CMakeFiles/moveit_print_planning_model_info.dir/src/print_planning_model_info.cpp.o[0m
[37.409s] [ 60%] [32mBuilding CXX object planning_scene_monitor/CMakeFiles/moveit_planning_scene_monitor.dir/src/current_state_monitor.cpp.o[0m
[42.281s] [ 61%] [32m[1mLinking CXX executable moveit_print_planning_model_info[0m
[42.540s] [ 61%] Built target moveit_print_planning_model_info
[62.978s] [ 63%] [32m[1mLinking CXX shared library libmoveit_planning_scene_monitor.so[0m
[63.317s] [ 63%] Built target moveit_planning_scene_monitor
[63.350s] [ 67%] [32mBuilding CXX object planning_scene_monitor/CMakeFiles/demo_scene.dir/demos/demo_scene.cpp.o[0m
[63.350s] [ 67%] [32mBuilding CXX object planning_scene_monitor/CMakeFiles/current_state_monitor_tests.dir/test/current_state_monitor_tests.cpp.o[0m
[63.350s] [ 67%] [32mBuilding CXX object planning_components_tools/CMakeFiles/moveit_print_planning_scene_info.dir/src/print_planning_scene_info.cpp.o[0m
[63.350s] [ 69%] [32mBuilding CXX object planning_components_tools/CMakeFiles/moveit_publish_scene_from_text.dir/src/publish_scene_from_text.cpp.o[0m
[63.351s] [ 72%] [32mBuilding CXX object trajectory_execution_manager/CMakeFiles/moveit_trajectory_execution_manager.dir/src/trajectory_execution_manager.cpp.o[0m
[63.351s] [ 72%] [32mBuilding CXX object planning_components_tools/CMakeFiles/moveit_display_random_state.dir/src/display_random_state.cpp.o[0m
[63.351s] [ 73%] [32mBuilding CXX object planning_components_tools/CMakeFiles/moveit_visualize_robot_collision_volume.dir/src/visualize_robot_collision_volume.cpp.o[0m
[63.351s] [ 75%] [32mBuilding CXX object planning_scene_monitor/CMakeFiles/trajectory_monitor_tests.dir/test/trajectory_monitor_tests.cpp.o[0m
[63.353s] [ 76%] [32mBuilding CXX object planning_scene_monitor/CMakeFiles/planning_scene_monitor_test.dir/test/planning_scene_monitor_test.cpp.o[0m
[63.356s] [ 77%] [32mBuilding CXX object planning_components_tools/CMakeFiles/moveit_evaluate_collision_checking_speed.dir/src/evaluate_collision_checking_speed.cpp.o[0m
[73.201s] [ 79%] [32m[1mLinking CXX executable moveit_print_planning_scene_info[0m
[73.642s] [ 79%] Built target moveit_print_planning_scene_info
[74.537s] [ 80%] [32m[1mLinking CXX executable trajectory_monitor_tests[0m
[74.961s] [ 80%] Built target trajectory_monitor_tests
[75.804s] [ 82%] [32m[1mLinking CXX executable moveit_visualize_robot_collision_volume[0m
[75.905s] [ 83%] [32m[1mLinking CXX executable current_state_monitor_tests[0m
[76.180s] [ 83%] Built target moveit_visualize_robot_collision_volume
[76.226s] [ 85%] [32m[1mLinking CXX executable moveit_publish_scene_from_text[0m
[76.321s] [ 85%] Built target current_state_monitor_tests
[76.474s] [ 86%] [32m[1mLinking CXX executable planning_scene_monitor_test[0m
[76.592s] [ 86%] Built target moveit_publish_scene_from_text
[76.646s] [ 88%] [32m[1mLinking CXX executable demo_scene[0m
[76.815s] [ 88%] Built target planning_scene_monitor_test
[76.849s] [ 88%] Built target demo_scene
[77.027s] [ 89%] [32m[1mLinking CXX executable moveit_evaluate_collision_checking_speed[0m
[77.265s] [ 91%] [32m[1mLinking CXX executable moveit_display_random_state[0m
[77.323s] [ 91%] Built target moveit_evaluate_collision_checking_speed
[77.559s] [ 91%] Built target moveit_display_random_state
[87.723s] [ 92%] [32m[1mLinking CXX shared library libmoveit_trajectory_execution_manager.so[0m
[87.984s] [ 92%] Built target moveit_trajectory_execution_manager
[88.015s] [ 95%] [32mBuilding CXX object moveit_cpp/CMakeFiles/moveit_cpp.dir/src/moveit_cpp.cpp.o[0m
[88.015s] [ 95%] [32mBuilding CXX object plan_execution/CMakeFiles/moveit_plan_execution.dir/src/plan_execution.cpp.o[0m
[88.015s] [ 97%] [32mBuilding CXX object moveit_cpp/CMakeFiles/moveit_cpp.dir/src/planning_component.cpp.o[0m
[97.161s] [ 98%] [32m[1mLinking CXX shared library libmoveit_plan_execution.so[0m
[97.391s] [ 98%] Built target moveit_plan_execution
[100.573s] [100%] [32m[1mLinking CXX shared library libmoveit_cpp.so[0m
[100.820s] [100%] Built target moveit_cpp
[100.873s] Invoked command in '/home/salem/graduation_project_ws/build/moveit_ros_planning' returned '0': AMENT_PREFIX_PATH=/home/salem/graduation_project_ws/install/moveit_ros_occupancy_map_monitor:/home/salem/graduation_project_ws/install/moveit_core:/home/salem/graduation_project_ws/install/moveit_resources_panda_moveit_config:/home/salem/graduation_project_ws/install/moveit_configs_utils:/home/salem/graduation_project_ws/install/srdfdom:/home/salem/graduation_project_ws/install/moveit_resources_pr2_description:/home/salem/graduation_project_ws/install/moveit_resources_panda_description:/home/salem/graduation_project_ws/install/moveit_common:/home/salem/graduation_project_ws/install/launch_param_builder:${AMENT_PREFIX_PATH} CMAKE_PREFIX_PATH=/home/salem/graduation_project_ws/install/moveit_ros_occupancy_map_monitor:/home/salem/graduation_project_ws/install/moveit_core:/home/salem/graduation_project_ws/install/moveit_resources_panda_moveit_config:/home/salem/graduation_project_ws/install/srdfdom:/home/salem/graduation_project_ws/install/moveit_resources_pr2_description:/home/salem/graduation_project_ws/install/moveit_resources_panda_description:/home/salem/graduation_project_ws/install/moveit_common:/home/salem/ros2_ws/install/labvolt5250a0_description:/home/salem/ws_moveit2/install/pilz_industrial_motion_planner_testutils:/home/salem/ws_moveit2/install/panda_moveit_config:/home/salem/ws_moveit2/install/moveit_runtime:/home/salem/ws_moveit2/install/moveit2_tutorials:/home/salem/ws_moveit2/install/moveit:/home/salem/ws_moveit2/install/moveit_planners:/home/salem/ws_moveit2/install/pilz_industrial_motion_planner:/home/salem/ws_moveit2/install/moveit_visual_tools:/home/salem/ws_moveit2/install/moveit_task_constructor_visualization:/home/salem/ws_moveit2/install/moveit_task_constructor_demo:/home/salem/ws_moveit2/install/moveit_task_constructor_capabilities:/home/salem/ws_moveit2/install/moveit_task_constructor_core:/home/salem/ws_moveit2/install/moveit_ros_control_interface:/home/salem/ws_moveit2/install/moveit_plugins:/home/salem/ws_moveit2/install/moveit_simple_controller_manager:/home/salem/ws_moveit2/install/moveit_setup_assistant:/home/salem/ws_moveit2/install/moveit_setup_srdf_plugins:/home/salem/ws_moveit2/install/moveit_setup_core_plugins:/home/salem/ws_moveit2/install/moveit_setup_controllers:/home/salem/ws_moveit2/install/moveit_setup_app_plugins:/home/salem/ws_moveit2/install/moveit_setup_framework:/home/salem/ws_moveit2/install/moveit_servo:/home/salem/ws_moveit2/install/moveit_ros:/home/salem/ws_moveit2/install/moveit_ros_visualization:/home/salem/ws_moveit2/install/moveit_hybrid_planning:/home/salem/ws_moveit2/install/moveit_ros_planning_interface:/home/salem/ws_moveit2/install/moveit_ros_benchmarks:/home/salem/ws_moveit2/install/moveit_ros_warehouse:/home/salem/ws_moveit2/install/moveit_ros_robot_interaction:/home/salem/ws_moveit2/install/moveit_ros_perception:/home/salem/ws_moveit2/install/moveit_resources_prbt_pg70_support:/home/salem/ws_moveit2/install/moveit_resources_prbt_moveit_config:/home/salem/ws_moveit2/install/moveit_ros_move_group:/home/salem/ws_moveit2/install/moveit_planners_ompl:/home/salem/ws_moveit2/install/moveit_ros_planning:/home/salem/ws_moveit2/install/moveit_ros_occupancy_map_monitor:/home/salem/ws_moveit2/install/moveit_resources_prbt_ikfast_manipulator_plugin:/home/salem/ws_moveit2/install/moveit_planners_chomp:/home/salem/ws_moveit2/install/moveit_kinematics:/home/salem/ws_moveit2/install/moveit_chomp_optimizer_adapter:/home/salem/ws_moveit2/install/chomp_motion_planner:/home/salem/ws_moveit2/install/moveit_core:/home/salem/ws_moveit2/install/srdfdom:/home/salem/ws_moveit2/install/rviz_marker_tools:/home/salem/ws_moveit2/install/rosparam_shortcuts:/home/salem/ws_moveit2/install/moveit_task_constructor_msgs:/home/salem/ws_moveit2/install/moveit_resources_prbt_support:/home/salem/ws_moveit2/install/moveit_resources:/home/salem/ws_moveit2/install/moveit_resources_pr2_description:/home/salem/ws_moveit2/install/moveit_resources_panda_moveit_config:/home/salem/ws_moveit2/install/moveit_resources_panda_description:/home/salem/ws_moveit2/install/moveit_resources_fanuc_moveit_config:/home/salem/ws_moveit2/install/moveit_resources_fanuc_description:/home/salem/ws_moveit2/install/moveit_common:/home/salem/microros_ws/install/micro_ros_setup:/home/salem/ros2_ws/install/my_robot_controller:/home/salem/ws_moveit2/install/moveit_configs_utils:/home/salem/ws_moveit2/install/launch_param_builder:/opt/ros/humble LD_LIBRARY_PATH=/home/salem/graduation_project_ws/install/moveit_ros_occupancy_map_monitor/lib:/home/salem/graduation_project_ws/install/moveit_core/lib:/home/salem/graduation_project_ws/install/srdfdom/lib:${LD_LIBRARY_PATH} PATH=/home/salem/graduation_project_ws/install/moveit_core/bin:${PATH} PYTHONPATH=/home/salem/graduation_project_ws/install/moveit_configs_utils/lib/python3.10/site-packages:/home/salem/graduation_project_ws/install/srdfdom/local/lib/python3.10/dist-packages:/home/salem/graduation_project_ws/install/launch_param_builder/lib/python3.10/site-packages:${PYTHONPATH} /usr/bin/cmake --build /home/salem/graduation_project_ws/build/moveit_ros_planning -- -j16 -l16
[100.875s] Invoking command in '/home/salem/graduation_project_ws/build/moveit_ros_planning': AMENT_PREFIX_PATH=/home/salem/graduation_project_ws/install/moveit_ros_occupancy_map_monitor:/home/salem/graduation_project_ws/install/moveit_core:/home/salem/graduation_project_ws/install/moveit_resources_panda_moveit_config:/home/salem/graduation_project_ws/install/moveit_configs_utils:/home/salem/graduation_project_ws/install/srdfdom:/home/salem/graduation_project_ws/install/moveit_resources_pr2_description:/home/salem/graduation_project_ws/install/moveit_resources_panda_description:/home/salem/graduation_project_ws/install/moveit_common:/home/salem/graduation_project_ws/install/launch_param_builder:${AMENT_PREFIX_PATH} CMAKE_PREFIX_PATH=/home/salem/graduation_project_ws/install/moveit_ros_occupancy_map_monitor:/home/salem/graduation_project_ws/install/moveit_core:/home/salem/graduation_project_ws/install/moveit_resources_panda_moveit_config:/home/salem/graduation_project_ws/install/srdfdom:/home/salem/graduation_project_ws/install/moveit_resources_pr2_description:/home/salem/graduation_project_ws/install/moveit_resources_panda_description:/home/salem/graduation_project_ws/install/moveit_common:/home/salem/ros2_ws/install/labvolt5250a0_description:/home/salem/ws_moveit2/install/pilz_industrial_motion_planner_testutils:/home/salem/ws_moveit2/install/panda_moveit_config:/home/salem/ws_moveit2/install/moveit_runtime:/home/salem/ws_moveit2/install/moveit2_tutorials:/home/salem/ws_moveit2/install/moveit:/home/salem/ws_moveit2/install/moveit_planners:/home/salem/ws_moveit2/install/pilz_industrial_motion_planner:/home/salem/ws_moveit2/install/moveit_visual_tools:/home/salem/ws_moveit2/install/moveit_task_constructor_visualization:/home/salem/ws_moveit2/install/moveit_task_constructor_demo:/home/salem/ws_moveit2/install/moveit_task_constructor_capabilities:/home/salem/ws_moveit2/install/moveit_task_constructor_core:/home/salem/ws_moveit2/install/moveit_ros_control_interface:/home/salem/ws_moveit2/install/moveit_plugins:/home/salem/ws_moveit2/install/moveit_simple_controller_manager:/home/salem/ws_moveit2/install/moveit_setup_assistant:/home/salem/ws_moveit2/install/moveit_setup_srdf_plugins:/home/salem/ws_moveit2/install/moveit_setup_core_plugins:/home/salem/ws_moveit2/install/moveit_setup_controllers:/home/salem/ws_moveit2/install/moveit_setup_app_plugins:/home/salem/ws_moveit2/install/moveit_setup_framework:/home/salem/ws_moveit2/install/moveit_servo:/home/salem/ws_moveit2/install/moveit_ros:/home/salem/ws_moveit2/install/moveit_ros_visualization:/home/salem/ws_moveit2/install/moveit_hybrid_planning:/home/salem/ws_moveit2/install/moveit_ros_planning_interface:/home/salem/ws_moveit2/install/moveit_ros_benchmarks:/home/salem/ws_moveit2/install/moveit_ros_warehouse:/home/salem/ws_moveit2/install/moveit_ros_robot_interaction:/home/salem/ws_moveit2/install/moveit_ros_perception:/home/salem/ws_moveit2/install/moveit_resources_prbt_pg70_support:/home/salem/ws_moveit2/install/moveit_resources_prbt_moveit_config:/home/salem/ws_moveit2/install/moveit_ros_move_group:/home/salem/ws_moveit2/install/moveit_planners_ompl:/home/salem/ws_moveit2/install/moveit_ros_planning:/home/salem/ws_moveit2/install/moveit_ros_occupancy_map_monitor:/home/salem/ws_moveit2/install/moveit_resources_prbt_ikfast_manipulator_plugin:/home/salem/ws_moveit2/install/moveit_planners_chomp:/home/salem/ws_moveit2/install/moveit_kinematics:/home/salem/ws_moveit2/install/moveit_chomp_optimizer_adapter:/home/salem/ws_moveit2/install/chomp_motion_planner:/home/salem/ws_moveit2/install/moveit_core:/home/salem/ws_moveit2/install/srdfdom:/home/salem/ws_moveit2/install/rviz_marker_tools:/home/salem/ws_moveit2/install/rosparam_shortcuts:/home/salem/ws_moveit2/install/moveit_task_constructor_msgs:/home/salem/ws_moveit2/install/moveit_resources_prbt_support:/home/salem/ws_moveit2/install/moveit_resources:/home/salem/ws_moveit2/install/moveit_resources_pr2_description:/home/salem/ws_moveit2/install/moveit_resources_panda_moveit_config:/home/salem/ws_moveit2/install/moveit_resources_panda_description:/home/salem/ws_moveit2/install/moveit_resources_fanuc_moveit_config:/home/salem/ws_moveit2/install/moveit_resources_fanuc_description:/home/salem/ws_moveit2/install/moveit_common:/home/salem/microros_ws/install/micro_ros_setup:/home/salem/ros2_ws/install/my_robot_controller:/home/salem/ws_moveit2/install/moveit_configs_utils:/home/salem/ws_moveit2/install/launch_param_builder:/opt/ros/humble LD_LIBRARY_PATH=/home/salem/graduation_project_ws/install/moveit_ros_occupancy_map_monitor/lib:/home/salem/graduation_project_ws/install/moveit_core/lib:/home/salem/graduation_project_ws/install/srdfdom/lib:${LD_LIBRARY_PATH} PATH=/home/salem/graduation_project_ws/install/moveit_core/bin:${PATH} PYTHONPATH=/home/salem/graduation_project_ws/install/moveit_configs_utils/lib/python3.10/site-packages:/home/salem/graduation_project_ws/install/srdfdom/local/lib/python3.10/dist-packages:/home/salem/graduation_project_ws/install/launch_param_builder/lib/python3.10/site-packages:${PYTHONPATH} /usr/bin/cmake --install /home/salem/graduation_project_ws/build/moveit_ros_planning
[100.889s] -- Install configuration: "Release"
[100.889s] -- Installing: /home/salem/graduation_project_ws/install/moveit_ros_planning/include
[100.890s] -- Installing: /home/salem/graduation_project_ws/install/moveit_ros_planning/include/moveit
[100.890s] -- Installing: /home/salem/graduation_project_ws/install/moveit_ros_planning/include/moveit/rdf_loader
[100.890s] -- Installing: /home/salem/graduation_project_ws/install/moveit_ros_planning/include/moveit/rdf_loader/rdf_loader.h
[100.890s] -- Installing: /home/salem/graduation_project_ws/install/moveit_ros_planning/include/moveit/rdf_loader/synchronized_string_parameter.h
[100.890s] -- Installing: /home/salem/graduation_project_ws/install/moveit_ros_planning/share/moveit_ros_planning/rdf_loader/test/data
[100.890s] -- Installing: /home/salem/graduation_project_ws/install/moveit_ros_planning/share/moveit_ros_planning/rdf_loader/test/data/kermit.srdf
[100.890s] -- Installing: /home/salem/graduation_project_ws/install/moveit_ros_planning/share/moveit_ros_planning/rdf_loader/test/data/gonzo.urdf
[100.890s] -- Installing: /home/salem/graduation_project_ws/install/moveit_ros_planning/share/moveit_ros_planning/rdf_loader/test/data/kermit.urdf
[100.891s] -- Installing: /home/salem/graduation_project_ws/install/moveit_ros_planning/share/moveit_ros_planning/rdf_loader/test/data/gonzo.srdf
[100.891s] -- Installing: /home/salem/graduation_project_ws/install/moveit_ros_planning/share/moveit_ros_planning/rdf_loader/test/data/robin.srdf.xacro
[100.891s] -- Installing: /home/salem/graduation_project_ws/install/moveit_ros_planning/share/moveit_ros_planning/rdf_loader/test/launch
[100.891s] -- Installing: /home/salem/graduation_project_ws/install/moveit_ros_planning/share/moveit_ros_planning/rdf_loader/test/launch/test_rdf_integration.test.py
[100.891s] -- Up-to-date: /home/salem/graduation_project_ws/install/moveit_ros_planning/include
[100.891s] -- Up-to-date: /home/salem/graduation_project_ws/install/moveit_ros_planning/include/moveit
[100.891s] -- Installing: /home/salem/graduation_project_ws/install/moveit_ros_planning/include/moveit/collision_plugin_loader
[100.891s] -- Installing: /home/salem/graduation_project_ws/install/moveit_ros_planning/include/moveit/collision_plugin_loader/collision_plugin_loader.h
[100.892s] -- Up-to-date: /home/salem/graduation_project_ws/install/moveit_ros_planning/include
[100.892s] -- Up-to-date: /home/salem/graduation_project_ws/install/moveit_ros_planning/include/moveit
[100.892s] -- Installing: /home/salem/graduation_project_ws/install/moveit_ros_planning/include/moveit/kinematics_plugin_loader
[100.892s] -- Installing: /home/salem/graduation_project_ws/install/moveit_ros_planning/include/moveit/kinematics_plugin_loader/kinematics_plugin_loader.h
[100.892s] -- Up-to-date: /home/salem/graduation_project_ws/install/moveit_ros_planning/include
[100.892s] -- Up-to-date: /home/salem/graduation_project_ws/install/moveit_ros_planning/include/moveit
[100.892s] -- Installing: /home/salem/graduation_project_ws/install/moveit_ros_planning/include/moveit/robot_model_loader
[100.892s] -- Installing: /home/salem/graduation_project_ws/install/moveit_ros_planning/include/moveit/robot_model_loader/robot_model_loader.h
[100.892s] -- Up-to-date: /home/salem/graduation_project_ws/install/moveit_ros_planning/include
[100.893s] -- Up-to-date: /home/salem/graduation_project_ws/install/moveit_ros_planning/include/moveit
[100.893s] -- Installing: /home/salem/graduation_project_ws/install/moveit_ros_planning/include/moveit/constraint_sampler_manager_loader
[100.893s] -- Installing: /home/salem/graduation_project_ws/install/moveit_ros_planning/include/moveit/constraint_sampler_manager_loader/constraint_sampler_manager_loader.h
[100.893s] -- Up-to-date: /home/salem/graduation_project_ws/install/moveit_ros_planning/include
[100.893s] -- Up-to-date: /home/salem/graduation_project_ws/install/moveit_ros_planning/include/moveit
[100.893s] -- Installing: /home/salem/graduation_project_ws/install/moveit_ros_planning/include/moveit/planning_pipeline
[100.893s] -- Installing: /home/salem/graduation_project_ws/install/moveit_ros_planning/include/moveit/planning_pipeline/planning_pipeline.h
[100.893s] -- Installing: /home/salem/graduation_project_ws/install/moveit_ros_planning/include/moveit_planning_pipeline_export.h
[100.893s] -- Installing: /home/salem/graduation_project_ws/install/moveit_ros_planning/lib/moveit_ros_planning/moveit_list_request_adapter_plugins
[100.894s] -- Set runtime path of "/home/salem/graduation_project_ws/install/moveit_ros_planning/lib/moveit_ros_planning/moveit_list_request_adapter_plugins" to ""
[100.894s] -- Installing: /home/salem/graduation_project_ws/install/moveit_ros_planning/lib/moveit_ros_planning/demo_scene
[100.894s] -- Set runtime path of "/home/salem/graduation_project_ws/install/moveit_ros_planning/lib/moveit_ros_planning/demo_scene" to ""
[100.895s] -- Up-to-date: /home/salem/graduation_project_ws/install/moveit_ros_planning/include
[100.895s] -- Up-to-date: /home/salem/graduation_project_ws/install/moveit_ros_planning/include/moveit
[100.895s] -- Installing: /home/salem/graduation_project_ws/install/moveit_ros_planning/include/moveit/planning_scene_monitor
[100.895s] -- Installing: /home/salem/graduation_project_ws/install/moveit_ros_planning/include/moveit/planning_scene_monitor/current_state_monitor.h
[100.895s] -- Installing: /home/salem/graduation_project_ws/install/moveit_ros_planning/include/moveit/planning_scene_monitor/planning_scene_monitor.h
[100.895s] -- Installing: /home/salem/graduation_project_ws/install/moveit_ros_planning/include/moveit/planning_scene_monitor/trajectory_monitor.h
[100.895s] -- Installing: /home/salem/graduation_project_ws/install/moveit_ros_planning/include/moveit/planning_scene_monitor/current_state_monitor_middleware_handle.hpp
[100.895s] -- Installing: /home/salem/graduation_project_ws/install/moveit_ros_planning/include/moveit/planning_scene_monitor/trajectory_monitor_middleware_handle.hpp
[100.895s] -- Installing: /home/salem/graduation_project_ws/install/moveit_ros_planning/include/moveit_planning_scene_monitor_export.h
[100.896s] -- Installing: /home/salem/graduation_project_ws/install/moveit_ros_planning/lib/moveit_ros_planning/moveit_print_planning_model_info
[100.896s] -- Set runtime path of "/home/salem/graduation_project_ws/install/moveit_ros_planning/lib/moveit_ros_planning/moveit_print_planning_model_info" to ""
[100.896s] -- Installing: /home/salem/graduation_project_ws/install/moveit_ros_planning/lib/moveit_ros_planning/moveit_print_planning_scene_info
[100.896s] -- Set runtime path of "/home/salem/graduation_project_ws/install/moveit_ros_planning/lib/moveit_ros_planning/moveit_print_planning_scene_info" to ""
[100.896s] -- Installing: /home/salem/graduation_project_ws/install/moveit_ros_planning/lib/moveit_ros_planning/moveit_display_random_state
[100.897s] -- Set runtime path of "/home/salem/graduation_project_ws/install/moveit_ros_planning/lib/moveit_ros_planning/moveit_display_random_state" to ""
[100.897s] -- Installing: /home/salem/graduation_project_ws/install/moveit_ros_planning/lib/moveit_ros_planning/moveit_visualize_robot_collision_volume
[100.898s] -- Set runtime path of "/home/salem/graduation_project_ws/install/moveit_ros_planning/lib/moveit_ros_planning/moveit_visualize_robot_collision_volume" to ""
[100.898s] -- Installing: /home/salem/graduation_project_ws/install/moveit_ros_planning/lib/moveit_ros_planning/moveit_evaluate_collision_checking_speed
[100.898s] -- Set runtime path of "/home/salem/graduation_project_ws/install/moveit_ros_planning/lib/moveit_ros_planning/moveit_evaluate_collision_checking_speed" to ""
[100.898s] -- Installing: /home/salem/graduation_project_ws/install/moveit_ros_planning/lib/moveit_ros_planning/moveit_publish_scene_from_text
[100.899s] -- Set runtime path of "/home/salem/graduation_project_ws/install/moveit_ros_planning/lib/moveit_ros_planning/moveit_publish_scene_from_text" to ""
[100.899s] -- Up-to-date: /home/salem/graduation_project_ws/install/moveit_ros_planning/include
[100.899s] -- Up-to-date: /home/salem/graduation_project_ws/install/moveit_ros_planning/include/moveit
[100.899s] -- Installing: /home/salem/graduation_project_ws/install/moveit_ros_planning/include/moveit/trajectory_execution_manager
[100.899s] -- Installing: /home/salem/graduation_project_ws/install/moveit_ros_planning/include/moveit/trajectory_execution_manager/trajectory_execution_manager.h
[100.899s] -- Installing: /home/salem/graduation_project_ws/install/moveit_ros_planning/include/moveit_trajectory_execution_manager_export.h
[100.899s] -- Up-to-date: /home/salem/graduation_project_ws/install/moveit_ros_planning/include
[100.899s] -- Up-to-date: /home/salem/graduation_project_ws/install/moveit_ros_planning/include/moveit
[100.899s] -- Installing: /home/salem/graduation_project_ws/install/moveit_ros_planning/include/moveit/plan_execution
[100.900s] -- Installing: /home/salem/graduation_project_ws/install/moveit_ros_planning/include/moveit/plan_execution/plan_execution.h
[100.900s] -- Installing: /home/salem/graduation_project_ws/install/moveit_ros_planning/include/moveit/plan_execution/plan_representation.h
[100.900s] -- Up-to-date: /home/salem/graduation_project_ws/install/moveit_ros_planning/include
[100.900s] -- Up-to-date: /home/salem/graduation_project_ws/install/moveit_ros_planning/include/moveit
[100.900s] -- Installing: /home/salem/graduation_project_ws/install/moveit_ros_planning/include/moveit/moveit_cpp
[100.900s] -- Installing: /home/salem/graduation_project_ws/install/moveit_ros_planning/include/moveit/moveit_cpp/planning_component.h
[100.900s] -- Installing: /home/salem/graduation_project_ws/install/moveit_ros_planning/include/moveit/moveit_cpp/moveit_cpp.h
[100.900s] -- Installing: /home/salem/graduation_project_ws/install/moveit_ros_planning/lib/libmoveit_rdf_loader.so.2.5.9
[100.901s] -- Set runtime path of "/home/salem/graduation_project_ws/install/moveit_ros_planning/lib/libmoveit_rdf_loader.so.2.5.9" to ""
[100.901s] -- Installing: /home/salem/graduation_project_ws/install/moveit_ros_planning/lib/libmoveit_rdf_loader.so
[100.902s] -- Installing: /home/salem/graduation_project_ws/install/moveit_ros_planning/lib/libmoveit_kinematics_plugin_loader.so.2.5.9
[100.902s] -- Set runtime path of "/home/salem/graduation_project_ws/install/moveit_ros_planning/lib/libmoveit_kinematics_plugin_loader.so.2.5.9" to ""
[100.902s] -- Installing: /home/salem/graduation_project_ws/install/moveit_ros_planning/lib/libmoveit_kinematics_plugin_loader.so
[100.902s] -- Installing: /home/salem/graduation_project_ws/install/moveit_ros_planning/lib/libmoveit_robot_model_loader.so.2.5.9
[100.903s] -- Set runtime path of "/home/salem/graduation_project_ws/install/moveit_ros_planning/lib/libmoveit_robot_model_loader.so.2.5.9" to ""
[100.903s] -- Installing: /home/salem/graduation_project_ws/install/moveit_ros_planning/lib/libmoveit_robot_model_loader.so
[100.903s] -- Installing: /home/salem/graduation_project_ws/install/moveit_ros_planning/lib/libmoveit_constraint_sampler_manager_loader.so.2.5.9
[100.904s] -- Set runtime path of "/home/salem/graduation_project_ws/install/moveit_ros_planning/lib/libmoveit_constraint_sampler_manager_loader.so.2.5.9" to ""
[100.904s] -- Installing: /home/salem/graduation_project_ws/install/moveit_ros_planning/lib/libmoveit_constraint_sampler_manager_loader.so
[100.904s] -- Installing: /home/salem/graduation_project_ws/install/moveit_ros_planning/lib/libmoveit_planning_pipeline.so.2.5.9
[100.905s] -- Set runtime path of "/home/salem/graduation_project_ws/install/moveit_ros_planning/lib/libmoveit_planning_pipeline.so.2.5.9" to ""
[100.905s] -- Installing: /home/salem/graduation_project_ws/install/moveit_ros_planning/lib/libmoveit_planning_pipeline.so
[100.905s] -- Installing: /home/salem/graduation_project_ws/install/moveit_ros_planning/lib/libmoveit_trajectory_execution_manager.so.2.5.9
[100.907s] -- Set runtime path of "/home/salem/graduation_project_ws/install/moveit_ros_planning/lib/libmoveit_trajectory_execution_manager.so.2.5.9" to ""
[100.907s] -- Installing: /home/salem/graduation_project_ws/install/moveit_ros_planning/lib/libmoveit_trajectory_execution_manager.so
[100.907s] -- Installing: /home/salem/graduation_project_ws/install/moveit_ros_planning/lib/libmoveit_plan_execution.so.2.5.9
[100.907s] -- Set runtime path of "/home/salem/graduation_project_ws/install/moveit_ros_planning/lib/libmoveit_plan_execution.so.2.5.9" to ""
[100.907s] -- Installing: /home/salem/graduation_project_ws/install/moveit_ros_planning/lib/libmoveit_plan_execution.so
[100.907s] -- Installing: /home/salem/graduation_project_ws/install/moveit_ros_planning/lib/libmoveit_planning_scene_monitor.so.2.5.9
[100.911s] -- Set runtime path of "/home/salem/graduation_project_ws/install/moveit_ros_planning/lib/libmoveit_planning_scene_monitor.so.2.5.9" to ""
[100.911s] -- Installing: /home/salem/graduation_project_ws/install/moveit_ros_planning/lib/libmoveit_planning_scene_monitor.so
[100.912s] -- Installing: /home/salem/graduation_project_ws/install/moveit_ros_planning/lib/libmoveit_collision_plugin_loader.so.2.5.9
[100.912s] -- Set runtime path of "/home/salem/graduation_project_ws/install/moveit_ros_planning/lib/libmoveit_collision_plugin_loader.so.2.5.9" to ""
[100.912s] -- Installing: /home/salem/graduation_project_ws/install/moveit_ros_planning/lib/libmoveit_collision_plugin_loader.so
[100.912s] -- Installing: /home/salem/graduation_project_ws/install/moveit_ros_planning/lib/libmoveit_default_planning_request_adapter_plugins.so.2.5.9
[100.913s] -- Set runtime path of "/home/salem/graduation_project_ws/install/moveit_ros_planning/lib/libmoveit_default_planning_request_adapter_plugins.so.2.5.9" to ""
[100.913s] -- Installing: /home/salem/graduation_project_ws/install/moveit_ros_planning/lib/libmoveit_default_planning_request_adapter_plugins.so
[100.913s] -- Installing: /home/salem/graduation_project_ws/install/moveit_ros_planning/lib/libmoveit_cpp.so.2.5.9
[100.913s] -- Set runtime path of "/home/salem/graduation_project_ws/install/moveit_ros_planning/lib/libmoveit_cpp.so.2.5.9" to ""
[100.914s] -- Installing: /home/salem/graduation_project_ws/install/moveit_ros_planning/lib/libmoveit_cpp.so
[100.914s] -- Installing: /home/salem/graduation_project_ws/install/moveit_ros_planning/share/moveit_ros_planning/environment/library_path.sh
[100.914s] -- Installing: /home/salem/graduation_project_ws/install/moveit_ros_planning/share/moveit_ros_planning/environment/library_path.dsv
[100.914s] -- Installing: /home/salem/graduation_project_ws/install/moveit_ros_planning/share/moveit_ros_planning/planning_request_adapters_plugin_description.xml
[100.914s] -- Installing: /home/salem/graduation_project_ws/install/moveit_ros_planning/share/ament_index/resource_index/package_run_dependencies/moveit_ros_planning
[100.914s] -- Installing: /home/salem/graduation_project_ws/install/moveit_ros_planning/share/ament_index/resource_index/parent_prefix_path/moveit_ros_planning
[100.915s] -- Installing: /home/salem/graduation_project_ws/install/moveit_ros_planning/share/moveit_ros_planning/environment/ament_prefix_path.sh
[100.915s] -- Installing: /home/salem/graduation_project_ws/install/moveit_ros_planning/share/moveit_ros_planning/environment/ament_prefix_path.dsv
[100.915s] -- Installing: /home/salem/graduation_project_ws/install/moveit_ros_planning/share/moveit_ros_planning/environment/path.sh
[100.915s] -- Installing: /home/salem/graduation_project_ws/install/moveit_ros_planning/share/moveit_ros_planning/environment/path.dsv
[100.915s] -- Installing: /home/salem/graduation_project_ws/install/moveit_ros_planning/share/moveit_ros_planning/local_setup.bash
[100.915s] -- Installing: /home/salem/graduation_project_ws/install/moveit_ros_planning/share/moveit_ros_planning/local_setup.sh
[100.915s] -- Installing: /home/salem/graduation_project_ws/install/moveit_ros_planning/share/moveit_ros_planning/local_setup.zsh
[100.916s] -- Installing: /home/salem/graduation_project_ws/install/moveit_ros_planning/share/moveit_ros_planning/local_setup.dsv
[100.916s] -- Installing: /home/salem/graduation_project_ws/install/moveit_ros_planning/share/moveit_ros_planning/package.dsv
[100.916s] -- Installing: /home/salem/graduation_project_ws/install/moveit_ros_planning/share/ament_index/resource_index/packages/moveit_ros_planning
[100.916s] -- Installing: /home/salem/graduation_project_ws/install/moveit_ros_planning/share/ament_index/resource_index/moveit_core__pluginlib__plugin/moveit_ros_planning
[100.916s] -- Installing: /home/salem/graduation_project_ws/install/moveit_ros_planning/share/moveit_ros_planning/cmake/export_moveit_ros_planningExport.cmake
[100.916s] -- Installing: /home/salem/graduation_project_ws/install/moveit_ros_planning/share/moveit_ros_planning/cmake/export_moveit_ros_planningExport-release.cmake
[100.916s] -- Installing: /home/salem/graduation_project_ws/install/moveit_ros_planning/share/moveit_ros_planning/cmake/ConfigExtras.cmake
[100.917s] -- Installing: /home/salem/graduation_project_ws/install/moveit_ros_planning/share/moveit_ros_planning/cmake/ament_cmake_export_targets-extras.cmake
[100.917s] -- Installing: /home/salem/graduation_project_ws/install/moveit_ros_planning/share/moveit_ros_planning/cmake/ament_cmake_export_dependencies-extras.cmake
[100.917s] -- Installing: /home/salem/graduation_project_ws/install/moveit_ros_planning/share/moveit_ros_planning/cmake/moveit_ros_planningConfig.cmake
[100.917s] -- Installing: /home/salem/graduation_project_ws/install/moveit_ros_planning/share/moveit_ros_planning/cmake/moveit_ros_planningConfig-version.cmake
[100.917s] -- Installing: /home/salem/graduation_project_ws/install/moveit_ros_planning/share/moveit_ros_planning/package.xml
[100.919s] Invoked command in '/home/salem/graduation_project_ws/build/moveit_ros_planning' returned '0': AMENT_PREFIX_PATH=/home/salem/graduation_project_ws/install/moveit_ros_occupancy_map_monitor:/home/salem/graduation_project_ws/install/moveit_core:/home/salem/graduation_project_ws/install/moveit_resources_panda_moveit_config:/home/salem/graduation_project_ws/install/moveit_configs_utils:/home/salem/graduation_project_ws/install/srdfdom:/home/salem/graduation_project_ws/install/moveit_resources_pr2_description:/home/salem/graduation_project_ws/install/moveit_resources_panda_description:/home/salem/graduation_project_ws/install/moveit_common:/home/salem/graduation_project_ws/install/launch_param_builder:${AMENT_PREFIX_PATH} CMAKE_PREFIX_PATH=/home/salem/graduation_project_ws/install/moveit_ros_occupancy_map_monitor:/home/salem/graduation_project_ws/install/moveit_core:/home/salem/graduation_project_ws/install/moveit_resources_panda_moveit_config:/home/salem/graduation_project_ws/install/srdfdom:/home/salem/graduation_project_ws/install/moveit_resources_pr2_description:/home/salem/graduation_project_ws/install/moveit_resources_panda_description:/home/salem/graduation_project_ws/install/moveit_common:/home/salem/ros2_ws/install/labvolt5250a0_description:/home/salem/ws_moveit2/install/pilz_industrial_motion_planner_testutils:/home/salem/ws_moveit2/install/panda_moveit_config:/home/salem/ws_moveit2/install/moveit_runtime:/home/salem/ws_moveit2/install/moveit2_tutorials:/home/salem/ws_moveit2/install/moveit:/home/salem/ws_moveit2/install/moveit_planners:/home/salem/ws_moveit2/install/pilz_industrial_motion_planner:/home/salem/ws_moveit2/install/moveit_visual_tools:/home/salem/ws_moveit2/install/moveit_task_constructor_visualization:/home/salem/ws_moveit2/install/moveit_task_constructor_demo:/home/salem/ws_moveit2/install/moveit_task_constructor_capabilities:/home/salem/ws_moveit2/install/moveit_task_constructor_core:/home/salem/ws_moveit2/install/moveit_ros_control_interface:/home/salem/ws_moveit2/install/moveit_plugins:/home/salem/ws_moveit2/install/moveit_simple_controller_manager:/home/salem/ws_moveit2/install/moveit_setup_assistant:/home/salem/ws_moveit2/install/moveit_setup_srdf_plugins:/home/salem/ws_moveit2/install/moveit_setup_core_plugins:/home/salem/ws_moveit2/install/moveit_setup_controllers:/home/salem/ws_moveit2/install/moveit_setup_app_plugins:/home/salem/ws_moveit2/install/moveit_setup_framework:/home/salem/ws_moveit2/install/moveit_servo:/home/salem/ws_moveit2/install/moveit_ros:/home/salem/ws_moveit2/install/moveit_ros_visualization:/home/salem/ws_moveit2/install/moveit_hybrid_planning:/home/salem/ws_moveit2/install/moveit_ros_planning_interface:/home/salem/ws_moveit2/install/moveit_ros_benchmarks:/home/salem/ws_moveit2/install/moveit_ros_warehouse:/home/salem/ws_moveit2/install/moveit_ros_robot_interaction:/home/salem/ws_moveit2/install/moveit_ros_perception:/home/salem/ws_moveit2/install/moveit_resources_prbt_pg70_support:/home/salem/ws_moveit2/install/moveit_resources_prbt_moveit_config:/home/salem/ws_moveit2/install/moveit_ros_move_group:/home/salem/ws_moveit2/install/moveit_planners_ompl:/home/salem/ws_moveit2/install/moveit_ros_planning:/home/salem/ws_moveit2/install/moveit_ros_occupancy_map_monitor:/home/salem/ws_moveit2/install/moveit_resources_prbt_ikfast_manipulator_plugin:/home/salem/ws_moveit2/install/moveit_planners_chomp:/home/salem/ws_moveit2/install/moveit_kinematics:/home/salem/ws_moveit2/install/moveit_chomp_optimizer_adapter:/home/salem/ws_moveit2/install/chomp_motion_planner:/home/salem/ws_moveit2/install/moveit_core:/home/salem/ws_moveit2/install/srdfdom:/home/salem/ws_moveit2/install/rviz_marker_tools:/home/salem/ws_moveit2/install/rosparam_shortcuts:/home/salem/ws_moveit2/install/moveit_task_constructor_msgs:/home/salem/ws_moveit2/install/moveit_resources_prbt_support:/home/salem/ws_moveit2/install/moveit_resources:/home/salem/ws_moveit2/install/moveit_resources_pr2_description:/home/salem/ws_moveit2/install/moveit_resources_panda_moveit_config:/home/salem/ws_moveit2/install/moveit_resources_panda_description:/home/salem/ws_moveit2/install/moveit_resources_fanuc_moveit_config:/home/salem/ws_moveit2/install/moveit_resources_fanuc_description:/home/salem/ws_moveit2/install/moveit_common:/home/salem/microros_ws/install/micro_ros_setup:/home/salem/ros2_ws/install/my_robot_controller:/home/salem/ws_moveit2/install/moveit_configs_utils:/home/salem/ws_moveit2/install/launch_param_builder:/opt/ros/humble LD_LIBRARY_PATH=/home/salem/graduation_project_ws/install/moveit_ros_occupancy_map_monitor/lib:/home/salem/graduation_project_ws/install/moveit_core/lib:/home/salem/graduation_project_ws/install/srdfdom/lib:${LD_LIBRARY_PATH} PATH=/home/salem/graduation_project_ws/install/moveit_core/bin:${PATH} PYTHONPATH=/home/salem/graduation_project_ws/install/moveit_configs_utils/lib/python3.10/site-packages:/home/salem/graduation_project_ws/install/srdfdom/local/lib/python3.10/dist-packages:/home/salem/graduation_project_ws/install/launch_param_builder/lib/python3.10/site-packages:${PYTHONPATH} /usr/bin/cmake --install /home/salem/graduation_project_ws/build/moveit_ros_planning
