[0.033s] Invoking command in '/home/salem/graduation_project_ws/build/moveit_visual_tools': AMENT_PREFIX_PATH=/home/salem/graduation_project_ws/install/moveit_ros_planning:/home/salem/graduation_project_ws/install/moveit_ros_occupancy_map_monitor:/home/salem/graduation_project_ws/install/moveit_core:/home/salem/graduation_project_ws/install/moveit_resources_panda_moveit_config:/home/salem/graduation_project_ws/install/moveit_configs_utils:/home/salem/graduation_project_ws/install/srdfdom:/home/salem/graduation_project_ws/install/moveit_resources_pr2_description:/home/salem/graduation_project_ws/install/moveit_resources_panda_description:/home/salem/graduation_project_ws/install/moveit_common:/home/salem/graduation_project_ws/install/launch_param_builder:${AMENT_PREFIX_PATH} CMAKE_PREFIX_PATH=/home/salem/graduation_project_ws/install/moveit_ros_planning:/home/salem/graduation_project_ws/install/moveit_ros_occupancy_map_monitor:/home/salem/graduation_project_ws/install/moveit_core:/home/salem/graduation_project_ws/install/moveit_resources_panda_moveit_config:/home/salem/graduation_project_ws/install/srdfdom:/home/salem/graduation_project_ws/install/moveit_resources_pr2_description:/home/salem/graduation_project_ws/install/moveit_resources_panda_description:/home/salem/graduation_project_ws/install/moveit_common:/home/salem/ros2_ws/install/labvolt5250a0_description:/home/salem/ws_moveit2/install/pilz_industrial_motion_planner_testutils:/home/salem/ws_moveit2/install/panda_moveit_config:/home/salem/ws_moveit2/install/moveit_runtime:/home/salem/ws_moveit2/install/moveit2_tutorials:/home/salem/ws_moveit2/install/moveit:/home/salem/ws_moveit2/install/moveit_planners:/home/salem/ws_moveit2/install/pilz_industrial_motion_planner:/home/salem/ws_moveit2/install/moveit_visual_tools:/home/salem/ws_moveit2/install/moveit_task_constructor_visualization:/home/salem/ws_moveit2/install/moveit_task_constructor_demo:/home/salem/ws_moveit2/install/moveit_task_constructor_capabilities:/home/salem/ws_moveit2/install/moveit_task_constructor_core:/home/salem/ws_moveit2/install/moveit_ros_control_interface:/home/salem/ws_moveit2/install/moveit_plugins:/home/salem/ws_moveit2/install/moveit_simple_controller_manager:/home/salem/ws_moveit2/install/moveit_setup_assistant:/home/salem/ws_moveit2/install/moveit_setup_srdf_plugins:/home/salem/ws_moveit2/install/moveit_setup_core_plugins:/home/salem/ws_moveit2/install/moveit_setup_controllers:/home/salem/ws_moveit2/install/moveit_setup_app_plugins:/home/salem/ws_moveit2/install/moveit_setup_framework:/home/salem/ws_moveit2/install/moveit_servo:/home/salem/ws_moveit2/install/moveit_ros:/home/salem/ws_moveit2/install/moveit_ros_visualization:/home/salem/ws_moveit2/install/moveit_hybrid_planning:/home/salem/ws_moveit2/install/moveit_ros_planning_interface:/home/salem/ws_moveit2/install/moveit_ros_benchmarks:/home/salem/ws_moveit2/install/moveit_ros_warehouse:/home/salem/ws_moveit2/install/moveit_ros_robot_interaction:/home/salem/ws_moveit2/install/moveit_ros_perception:/home/salem/ws_moveit2/install/moveit_resources_prbt_pg70_support:/home/salem/ws_moveit2/install/moveit_resources_prbt_moveit_config:/home/salem/ws_moveit2/install/moveit_ros_move_group:/home/salem/ws_moveit2/install/moveit_planners_ompl:/home/salem/ws_moveit2/install/moveit_ros_planning:/home/salem/ws_moveit2/install/moveit_ros_occupancy_map_monitor:/home/salem/ws_moveit2/install/moveit_resources_prbt_ikfast_manipulator_plugin:/home/salem/ws_moveit2/install/moveit_planners_chomp:/home/salem/ws_moveit2/install/moveit_kinematics:/home/salem/ws_moveit2/install/moveit_chomp_optimizer_adapter:/home/salem/ws_moveit2/install/chomp_motion_planner:/home/salem/ws_moveit2/install/moveit_core:/home/salem/ws_moveit2/install/srdfdom:/home/salem/ws_moveit2/install/rviz_marker_tools:/home/salem/ws_moveit2/install/rosparam_shortcuts:/home/salem/ws_moveit2/install/moveit_task_constructor_msgs:/home/salem/ws_moveit2/install/moveit_resources_prbt_support:/home/salem/ws_moveit2/install/moveit_resources:/home/salem/ws_moveit2/install/moveit_resources_pr2_description:/home/salem/ws_moveit2/install/moveit_resources_panda_moveit_config:/home/salem/ws_moveit2/install/moveit_resources_panda_description:/home/salem/ws_moveit2/install/moveit_resources_fanuc_moveit_config:/home/salem/ws_moveit2/install/moveit_resources_fanuc_description:/home/salem/ws_moveit2/install/moveit_common:/home/salem/microros_ws/install/micro_ros_setup:/home/salem/ros2_ws/install/my_robot_controller:/home/salem/ws_moveit2/install/moveit_configs_utils:/home/salem/ws_moveit2/install/launch_param_builder:/opt/ros/humble LD_LIBRARY_PATH=/home/salem/graduation_project_ws/install/moveit_ros_planning/lib:/home/salem/graduation_project_ws/install/moveit_ros_occupancy_map_monitor/lib:/home/salem/graduation_project_ws/install/moveit_core/lib:/home/salem/graduation_project_ws/install/srdfdom/lib:${LD_LIBRARY_PATH} PATH=/home/salem/graduation_project_ws/install/moveit_core/bin:${PATH} PYTHONPATH=/home/salem/graduation_project_ws/install/moveit_configs_utils/lib/python3.10/site-packages:/home/salem/graduation_project_ws/install/srdfdom/local/lib/python3.10/dist-packages:/home/salem/graduation_project_ws/install/launch_param_builder/lib/python3.10/site-packages:${PYTHONPATH} /usr/bin/cmake /home/salem/graduation_project_ws/src/moveit_visual_tools -DCMAKE_INSTALL_PREFIX=/home/salem/graduation_project_ws/install/moveit_visual_tools
[0.102s] -- The C compiler identification is GNU 11.4.0
[0.158s] -- The CXX compiler identification is GNU 11.4.0
[0.165s] -- Detecting C compiler ABI info
[0.252s] -- Detecting C compiler ABI info - done
[0.258s] -- Check for working C compiler: /usr/bin/cc - skipped
[0.258s] -- Detecting C compile features
[0.258s] -- Detecting C compile features - done
[0.261s] -- Detecting CXX compiler ABI info
[0.357s] -- Detecting CXX compiler ABI info - done
[0.363s] -- Check for working CXX compiler: /usr/bin/c++ - skipped
[0.363s] -- Detecting CXX compile features
[0.364s] -- Detecting CXX compile features - done
[0.365s] -- Found moveit_common: 2.5.9 (/home/salem/graduation_project_ws/install/moveit_common/share/moveit_common/cmake)
[0.373s] -- Found ament_cmake: 1.3.11 (/opt/ros/humble/share/ament_cmake/cmake)
[0.543s] -- Found Python3: /usr/bin/python3 (found version "3.10.12") found components: Interpreter 
[0.778s] [0mmoveit_visual_tools: You did not request a specific build type: Choosing 'Release' for maximum performance[0m
[0.806s] -- Found Boost: /usr/lib/x86_64-linux-gnu/cmake/Boost-1.74.0/BoostConfig.cmake (found version "1.74.0") found components: system 
[0.826s] -- Found geometry_msgs: 4.8.0 (/opt/ros/humble/share/geometry_msgs/cmake)
[0.924s] -- Found rosidl_generator_c: 3.1.6 (/opt/ros/humble/share/rosidl_generator_c/cmake)
[0.941s] -- Found rosidl_adapter: 3.1.6 (/opt/ros/humble/share/rosidl_adapter/cmake)
[0.961s] -- Found rosidl_generator_cpp: 3.1.6 (/opt/ros/humble/share/rosidl_generator_cpp/cmake)
[0.986s] -- Using all available rosidl_typesupport_c: rosidl_typesupport_fastrtps_c;rosidl_typesupport_introspection_c
[1.021s] -- Using all available rosidl_typesupport_cpp: rosidl_typesupport_fastrtps_cpp;rosidl_typesupport_introspection_cpp
[1.075s] -- Found graph_msgs: 0.2.0 (/opt/ros/humble/share/graph_msgs/cmake)
[1.091s] -- Found moveit_core: 2.5.9 (/home/salem/graduation_project_ws/install/moveit_core/share/moveit_core/cmake)
[1.401s] -- Found Boost: /usr/lib/x86_64-linux-gnu/cmake/Boost-1.74.0/BoostConfig.cmake (found version "1.74.0") found components: chrono date_time filesystem iostreams program_options regex serialization system thread 
[1.512s] -- Found parameter_traits: 0.4.0 (/opt/ros/humble/share/parameter_traits/cmake)
[1.620s] -- Found rmw_implementation_cmake: 6.1.2 (/opt/ros/humble/share/rmw_implementation_cmake/cmake)
[1.630s] -- Found rmw_fastrtps_cpp: 6.2.7 (/opt/ros/humble/share/rmw_fastrtps_cpp/cmake)
[1.788s] -- Found OpenSSL: /usr/lib/x86_64-linux-gnu/libcrypto.so (found version "3.0.2")  
[1.825s] -- Found FastRTPS: /opt/ros/humble/include  
[1.884s] -- Using RMW implementation 'rmw_fastrtps_cpp' as default
[1.912s] -- Found Threads: TRUE  
[1.984s] -- Found Eigen3: TRUE (found version "3.4.0") 
[1.993s] -- Found rclcpp_lifecycle: 16.0.12 (/opt/ros/humble/share/rclcpp_lifecycle/cmake)
[2.032s] -- Found Boost: /usr/lib/x86_64-linux-gnu/cmake/Boost-1.74.0/BoostConfig.cmake (found version "1.74.0") found components: filesystem 
[2.195s] -- library: /usr/lib/x86_64-linux-gnu/libcurl.so
[2.289s] -- Ensuring Eigen3 include directory is part of orocos-kdl CMake target
[2.659s] -- Found moveit_ros_planning: 2.5.9 (/home/salem/graduation_project_ws/install/moveit_ros_planning/share/moveit_ros_planning/cmake)
[2.664s] -- Found Boost: /usr/lib/x86_64-linux-gnu/cmake/Boost-1.74.0/BoostConfig.cmake (found version "1.74.0") found components: system filesystem date_time program_options thread chrono 
[2.691s] -- Found rviz_visual_tools: 4.1.4 (/opt/ros/humble/share/rviz_visual_tools/cmake)
[2.757s] -- Setting assimp_DIR to: '/opt/ros/humble/share/rviz_assimp_vendor/cmake/../../../opt/rviz_assimp_vendor/lib/cmake/assimp-4.1'
[2.786s] -- Setting OGRE_DIR to: '/opt/ros/humble/share/rviz_ogre_vendor/cmake/../../../opt/rviz_ogre_vendor/lib/OGRE/cmake'
[2.788s] -- Found OGRE
[2.788s] --   static     : OFF
[2.788s] --   components : HLMS;MeshLodGenerator;Overlay;Paging;Property;RTShaderSystem;Terrain;Volume
[2.788s] --   plugins    : Plugin_BSPSceneManager;Plugin_OctreeSceneManager;Plugin_PCZSceneManager;Plugin_ParticleFX;RenderSystem_GL;RenderSystem_GL3Plus;Codec_STBI
[2.788s] --   media      : /opt/ros/humble/opt/rviz_ogre_vendor/share/OGRE/Media
[2.788s] -- OGRE_LIBRARIES: OgreHLMS;OgreMeshLodGenerator;OgreOverlay;OgrePaging;OgreProperty;OgreRTShaderSystem;OgreTerrain;OgreVolume;OgreMain
[2.788s] -- OGRE_LIBRARY_DIRS: /opt/ros/humble/opt/rviz_ogre_vendor/lib
[2.788s] -- OGRE_PLUGINS: Plugin_BSPSceneManager;Plugin_OctreeSceneManager;Plugin_PCZSceneManager;Plugin_ParticleFX;RenderSystem_GL;RenderSystem_GL3Plus;Codec_STBI
[2.788s] -- OGRE_PLUGIN_DIR: /opt/ros/humble/opt/rviz_ogre_vendor/lib/OGRE
[2.788s] -- rviz_ogre_vendor::OgreOverlay for IMPORTED_LOCATION_RELEASE: /opt/ros/humble/opt/rviz_ogre_vendor/lib/libOgreOverlay.so
[2.788s] -- rviz_ogre_vendor::OgreOverlay for IMPORTED_LOCATION_DEBUG: /opt/ros/humble/opt/rviz_ogre_vendor/lib/libOgreOverlay.so
[2.788s] -- rviz_ogre_vendor::OgreMain for IMPORTED_LOCATION_RELEASE: /opt/ros/humble/opt/rviz_ogre_vendor/lib/libOgreMain.so
[2.788s] -- rviz_ogre_vendor::OgreMain for IMPORTED_LOCATION_DEBUG: /opt/ros/humble/opt/rviz_ogre_vendor/lib/libOgreMain.so
[2.791s] -- Could not find freeimage library
[2.821s] -- Found ZLIB: /usr/lib/x86_64-linux-gnu/libz.so (found version "1.2.11") 
[2.832s] -- Found OpenGL: /usr/lib/x86_64-linux-gnu/libOpenGL.so   
[3.003s] -- Found X11: /usr/include   
[3.004s] -- Looking for XOpenDisplay in /usr/lib/x86_64-linux-gnu/libX11.so;/usr/lib/x86_64-linux-gnu/libXext.so
[3.131s] -- Looking for XOpenDisplay in /usr/lib/x86_64-linux-gnu/libX11.so;/usr/lib/x86_64-linux-gnu/libXext.so - found
[3.131s] -- Looking for gethostbyname
[3.259s] -- Looking for gethostbyname - found
[3.259s] -- Looking for connect
[3.547s] -- Looking for connect - found
[3.547s] -- Looking for remove
[3.879s] -- Looking for remove - found
[3.880s] -- Looking for shmat
[4.167s] -- Looking for shmat - found
[4.168s] -- Looking for IceConnectionNumber in ICE
[4.489s] -- Looking for IceConnectionNumber in ICE - found
[5.363s] -- Found ament_lint_auto: 0.12.12 (/opt/ros/humble/share/ament_lint_auto/cmake)
[5.615s] -- Added test 'copyright' to check source files copyright and LICENSE
[5.627s] -- Added test 'flake8' to check Python code syntax and style conventions
[5.645s] -- Added test 'lint_cmake' to check CMake code style
[5.651s] -- Added test 'pep257' to check Python code against some of the docstring style conventions in PEP 257
[5.655s] -- Added test 'xmllint' to check XML markup files
[5.671s] -- Configuring done
[5.939s] -- Generating done
[6.024s] -- Build files have been written to: /home/salem/graduation_project_ws/build/moveit_visual_tools
[6.145s] Invoked command in '/home/salem/graduation_project_ws/build/moveit_visual_tools' returned '0': AMENT_PREFIX_PATH=/home/salem/graduation_project_ws/install/moveit_ros_planning:/home/salem/graduation_project_ws/install/moveit_ros_occupancy_map_monitor:/home/salem/graduation_project_ws/install/moveit_core:/home/salem/graduation_project_ws/install/moveit_resources_panda_moveit_config:/home/salem/graduation_project_ws/install/moveit_configs_utils:/home/salem/graduation_project_ws/install/srdfdom:/home/salem/graduation_project_ws/install/moveit_resources_pr2_description:/home/salem/graduation_project_ws/install/moveit_resources_panda_description:/home/salem/graduation_project_ws/install/moveit_common:/home/salem/graduation_project_ws/install/launch_param_builder:${AMENT_PREFIX_PATH} CMAKE_PREFIX_PATH=/home/salem/graduation_project_ws/install/moveit_ros_planning:/home/salem/graduation_project_ws/install/moveit_ros_occupancy_map_monitor:/home/salem/graduation_project_ws/install/moveit_core:/home/salem/graduation_project_ws/install/moveit_resources_panda_moveit_config:/home/salem/graduation_project_ws/install/srdfdom:/home/salem/graduation_project_ws/install/moveit_resources_pr2_description:/home/salem/graduation_project_ws/install/moveit_resources_panda_description:/home/salem/graduation_project_ws/install/moveit_common:/home/salem/ros2_ws/install/labvolt5250a0_description:/home/salem/ws_moveit2/install/pilz_industrial_motion_planner_testutils:/home/salem/ws_moveit2/install/panda_moveit_config:/home/salem/ws_moveit2/install/moveit_runtime:/home/salem/ws_moveit2/install/moveit2_tutorials:/home/salem/ws_moveit2/install/moveit:/home/salem/ws_moveit2/install/moveit_planners:/home/salem/ws_moveit2/install/pilz_industrial_motion_planner:/home/salem/ws_moveit2/install/moveit_visual_tools:/home/salem/ws_moveit2/install/moveit_task_constructor_visualization:/home/salem/ws_moveit2/install/moveit_task_constructor_demo:/home/salem/ws_moveit2/install/moveit_task_constructor_capabilities:/home/salem/ws_moveit2/install/moveit_task_constructor_core:/home/salem/ws_moveit2/install/moveit_ros_control_interface:/home/salem/ws_moveit2/install/moveit_plugins:/home/salem/ws_moveit2/install/moveit_simple_controller_manager:/home/salem/ws_moveit2/install/moveit_setup_assistant:/home/salem/ws_moveit2/install/moveit_setup_srdf_plugins:/home/salem/ws_moveit2/install/moveit_setup_core_plugins:/home/salem/ws_moveit2/install/moveit_setup_controllers:/home/salem/ws_moveit2/install/moveit_setup_app_plugins:/home/salem/ws_moveit2/install/moveit_setup_framework:/home/salem/ws_moveit2/install/moveit_servo:/home/salem/ws_moveit2/install/moveit_ros:/home/salem/ws_moveit2/install/moveit_ros_visualization:/home/salem/ws_moveit2/install/moveit_hybrid_planning:/home/salem/ws_moveit2/install/moveit_ros_planning_interface:/home/salem/ws_moveit2/install/moveit_ros_benchmarks:/home/salem/ws_moveit2/install/moveit_ros_warehouse:/home/salem/ws_moveit2/install/moveit_ros_robot_interaction:/home/salem/ws_moveit2/install/moveit_ros_perception:/home/salem/ws_moveit2/install/moveit_resources_prbt_pg70_support:/home/salem/ws_moveit2/install/moveit_resources_prbt_moveit_config:/home/salem/ws_moveit2/install/moveit_ros_move_group:/home/salem/ws_moveit2/install/moveit_planners_ompl:/home/salem/ws_moveit2/install/moveit_ros_planning:/home/salem/ws_moveit2/install/moveit_ros_occupancy_map_monitor:/home/salem/ws_moveit2/install/moveit_resources_prbt_ikfast_manipulator_plugin:/home/salem/ws_moveit2/install/moveit_planners_chomp:/home/salem/ws_moveit2/install/moveit_kinematics:/home/salem/ws_moveit2/install/moveit_chomp_optimizer_adapter:/home/salem/ws_moveit2/install/chomp_motion_planner:/home/salem/ws_moveit2/install/moveit_core:/home/salem/ws_moveit2/install/srdfdom:/home/salem/ws_moveit2/install/rviz_marker_tools:/home/salem/ws_moveit2/install/rosparam_shortcuts:/home/salem/ws_moveit2/install/moveit_task_constructor_msgs:/home/salem/ws_moveit2/install/moveit_resources_prbt_support:/home/salem/ws_moveit2/install/moveit_resources:/home/salem/ws_moveit2/install/moveit_resources_pr2_description:/home/salem/ws_moveit2/install/moveit_resources_panda_moveit_config:/home/salem/ws_moveit2/install/moveit_resources_panda_description:/home/salem/ws_moveit2/install/moveit_resources_fanuc_moveit_config:/home/salem/ws_moveit2/install/moveit_resources_fanuc_description:/home/salem/ws_moveit2/install/moveit_common:/home/salem/microros_ws/install/micro_ros_setup:/home/salem/ros2_ws/install/my_robot_controller:/home/salem/ws_moveit2/install/moveit_configs_utils:/home/salem/ws_moveit2/install/launch_param_builder:/opt/ros/humble LD_LIBRARY_PATH=/home/salem/graduation_project_ws/install/moveit_ros_planning/lib:/home/salem/graduation_project_ws/install/moveit_ros_occupancy_map_monitor/lib:/home/salem/graduation_project_ws/install/moveit_core/lib:/home/salem/graduation_project_ws/install/srdfdom/lib:${LD_LIBRARY_PATH} PATH=/home/salem/graduation_project_ws/install/moveit_core/bin:${PATH} PYTHONPATH=/home/salem/graduation_project_ws/install/moveit_configs_utils/lib/python3.10/site-packages:/home/salem/graduation_project_ws/install/srdfdom/local/lib/python3.10/dist-packages:/home/salem/graduation_project_ws/install/launch_param_builder/lib/python3.10/site-packages:${PYTHONPATH} /usr/bin/cmake /home/salem/graduation_project_ws/src/moveit_visual_tools -DCMAKE_INSTALL_PREFIX=/home/salem/graduation_project_ws/install/moveit_visual_tools
[6.146s] Invoking command in '/home/salem/graduation_project_ws/build/moveit_visual_tools': AMENT_PREFIX_PATH=/home/salem/graduation_project_ws/install/moveit_ros_planning:/home/salem/graduation_project_ws/install/moveit_ros_occupancy_map_monitor:/home/salem/graduation_project_ws/install/moveit_core:/home/salem/graduation_project_ws/install/moveit_resources_panda_moveit_config:/home/salem/graduation_project_ws/install/moveit_configs_utils:/home/salem/graduation_project_ws/install/srdfdom:/home/salem/graduation_project_ws/install/moveit_resources_pr2_description:/home/salem/graduation_project_ws/install/moveit_resources_panda_description:/home/salem/graduation_project_ws/install/moveit_common:/home/salem/graduation_project_ws/install/launch_param_builder:${AMENT_PREFIX_PATH} CMAKE_PREFIX_PATH=/home/salem/graduation_project_ws/install/moveit_ros_planning:/home/salem/graduation_project_ws/install/moveit_ros_occupancy_map_monitor:/home/salem/graduation_project_ws/install/moveit_core:/home/salem/graduation_project_ws/install/moveit_resources_panda_moveit_config:/home/salem/graduation_project_ws/install/srdfdom:/home/salem/graduation_project_ws/install/moveit_resources_pr2_description:/home/salem/graduation_project_ws/install/moveit_resources_panda_description:/home/salem/graduation_project_ws/install/moveit_common:/home/salem/ros2_ws/install/labvolt5250a0_description:/home/salem/ws_moveit2/install/pilz_industrial_motion_planner_testutils:/home/salem/ws_moveit2/install/panda_moveit_config:/home/salem/ws_moveit2/install/moveit_runtime:/home/salem/ws_moveit2/install/moveit2_tutorials:/home/salem/ws_moveit2/install/moveit:/home/salem/ws_moveit2/install/moveit_planners:/home/salem/ws_moveit2/install/pilz_industrial_motion_planner:/home/salem/ws_moveit2/install/moveit_visual_tools:/home/salem/ws_moveit2/install/moveit_task_constructor_visualization:/home/salem/ws_moveit2/install/moveit_task_constructor_demo:/home/salem/ws_moveit2/install/moveit_task_constructor_capabilities:/home/salem/ws_moveit2/install/moveit_task_constructor_core:/home/salem/ws_moveit2/install/moveit_ros_control_interface:/home/salem/ws_moveit2/install/moveit_plugins:/home/salem/ws_moveit2/install/moveit_simple_controller_manager:/home/salem/ws_moveit2/install/moveit_setup_assistant:/home/salem/ws_moveit2/install/moveit_setup_srdf_plugins:/home/salem/ws_moveit2/install/moveit_setup_core_plugins:/home/salem/ws_moveit2/install/moveit_setup_controllers:/home/salem/ws_moveit2/install/moveit_setup_app_plugins:/home/salem/ws_moveit2/install/moveit_setup_framework:/home/salem/ws_moveit2/install/moveit_servo:/home/salem/ws_moveit2/install/moveit_ros:/home/salem/ws_moveit2/install/moveit_ros_visualization:/home/salem/ws_moveit2/install/moveit_hybrid_planning:/home/salem/ws_moveit2/install/moveit_ros_planning_interface:/home/salem/ws_moveit2/install/moveit_ros_benchmarks:/home/salem/ws_moveit2/install/moveit_ros_warehouse:/home/salem/ws_moveit2/install/moveit_ros_robot_interaction:/home/salem/ws_moveit2/install/moveit_ros_perception:/home/salem/ws_moveit2/install/moveit_resources_prbt_pg70_support:/home/salem/ws_moveit2/install/moveit_resources_prbt_moveit_config:/home/salem/ws_moveit2/install/moveit_ros_move_group:/home/salem/ws_moveit2/install/moveit_planners_ompl:/home/salem/ws_moveit2/install/moveit_ros_planning:/home/salem/ws_moveit2/install/moveit_ros_occupancy_map_monitor:/home/salem/ws_moveit2/install/moveit_resources_prbt_ikfast_manipulator_plugin:/home/salem/ws_moveit2/install/moveit_planners_chomp:/home/salem/ws_moveit2/install/moveit_kinematics:/home/salem/ws_moveit2/install/moveit_chomp_optimizer_adapter:/home/salem/ws_moveit2/install/chomp_motion_planner:/home/salem/ws_moveit2/install/moveit_core:/home/salem/ws_moveit2/install/srdfdom:/home/salem/ws_moveit2/install/rviz_marker_tools:/home/salem/ws_moveit2/install/rosparam_shortcuts:/home/salem/ws_moveit2/install/moveit_task_constructor_msgs:/home/salem/ws_moveit2/install/moveit_resources_prbt_support:/home/salem/ws_moveit2/install/moveit_resources:/home/salem/ws_moveit2/install/moveit_resources_pr2_description:/home/salem/ws_moveit2/install/moveit_resources_panda_moveit_config:/home/salem/ws_moveit2/install/moveit_resources_panda_description:/home/salem/ws_moveit2/install/moveit_resources_fanuc_moveit_config:/home/salem/ws_moveit2/install/moveit_resources_fanuc_description:/home/salem/ws_moveit2/install/moveit_common:/home/salem/microros_ws/install/micro_ros_setup:/home/salem/ros2_ws/install/my_robot_controller:/home/salem/ws_moveit2/install/moveit_configs_utils:/home/salem/ws_moveit2/install/launch_param_builder:/opt/ros/humble LD_LIBRARY_PATH=/home/salem/graduation_project_ws/install/moveit_ros_planning/lib:/home/salem/graduation_project_ws/install/moveit_ros_occupancy_map_monitor/lib:/home/salem/graduation_project_ws/install/moveit_core/lib:/home/salem/graduation_project_ws/install/srdfdom/lib:${LD_LIBRARY_PATH} PATH=/home/salem/graduation_project_ws/install/moveit_core/bin:${PATH} PYTHONPATH=/home/salem/graduation_project_ws/install/moveit_configs_utils/lib/python3.10/site-packages:/home/salem/graduation_project_ws/install/srdfdom/local/lib/python3.10/dist-packages:/home/salem/graduation_project_ws/install/launch_param_builder/lib/python3.10/site-packages:${PYTHONPATH} /usr/bin/cmake --build /home/salem/graduation_project_ws/build/moveit_visual_tools -- -j16 -l16
[6.424s] [ 16%] [32mBuilding CXX object CMakeFiles/moveit_visual_tools.dir/src/moveit_visual_tools.cpp.o[0m
[6.439s] [ 33%] [32mBuilding CXX object CMakeFiles/moveit_visual_tools.dir/src/imarker_robot_state.cpp.o[0m
[6.453s] [ 50%] [32mBuilding CXX object CMakeFiles/moveit_visual_tools.dir/src/imarker_end_effector.cpp.o[0m
