[0.030s] Invoking command in '/home/salem/graduation_project_ws/build/moveit_ros_planning': AMENT_PREFIX_PATH=/home/salem/graduation_project_ws/install/moveit_ros_occupancy_map_monitor:/home/salem/graduation_project_ws/install/moveit_core:/home/salem/graduation_project_ws/install/moveit_resources_panda_moveit_config:/home/salem/graduation_project_ws/install/moveit_configs_utils:/home/salem/graduation_project_ws/install/srdfdom:/home/salem/graduation_project_ws/install/moveit_resources_pr2_description:/home/salem/graduation_project_ws/install/moveit_resources_panda_description:/home/salem/graduation_project_ws/install/moveit_common:/home/salem/graduation_project_ws/install/launch_param_builder:${AMENT_PREFIX_PATH} CMAKE_PREFIX_PATH=/home/salem/graduation_project_ws/install/moveit_ros_occupancy_map_monitor:/home/salem/graduation_project_ws/install/moveit_core:/home/salem/graduation_project_ws/install/moveit_resources_panda_moveit_config:/home/salem/graduation_project_ws/install/srdfdom:/home/salem/graduation_project_ws/install/moveit_resources_pr2_description:/home/salem/graduation_project_ws/install/moveit_resources_panda_description:/home/salem/graduation_project_ws/install/moveit_common:/home/salem/ros2_ws/install/labvolt5250a0_description:/home/salem/ws_moveit2/install/pilz_industrial_motion_planner_testutils:/home/salem/ws_moveit2/install/panda_moveit_config:/home/salem/ws_moveit2/install/moveit_runtime:/home/salem/ws_moveit2/install/moveit2_tutorials:/home/salem/ws_moveit2/install/moveit:/home/salem/ws_moveit2/install/moveit_planners:/home/salem/ws_moveit2/install/pilz_industrial_motion_planner:/home/salem/ws_moveit2/install/moveit_visual_tools:/home/salem/ws_moveit2/install/moveit_task_constructor_visualization:/home/salem/ws_moveit2/install/moveit_task_constructor_demo:/home/salem/ws_moveit2/install/moveit_task_constructor_capabilities:/home/salem/ws_moveit2/install/moveit_task_constructor_core:/home/salem/ws_moveit2/install/moveit_ros_control_interface:/home/salem/ws_moveit2/install/moveit_plugins:/home/salem/ws_moveit2/install/moveit_simple_controller_manager:/home/salem/ws_moveit2/install/moveit_setup_assistant:/home/salem/ws_moveit2/install/moveit_setup_srdf_plugins:/home/salem/ws_moveit2/install/moveit_setup_core_plugins:/home/salem/ws_moveit2/install/moveit_setup_controllers:/home/salem/ws_moveit2/install/moveit_setup_app_plugins:/home/salem/ws_moveit2/install/moveit_setup_framework:/home/salem/ws_moveit2/install/moveit_servo:/home/salem/ws_moveit2/install/moveit_ros:/home/salem/ws_moveit2/install/moveit_ros_visualization:/home/salem/ws_moveit2/install/moveit_hybrid_planning:/home/salem/ws_moveit2/install/moveit_ros_planning_interface:/home/salem/ws_moveit2/install/moveit_ros_benchmarks:/home/salem/ws_moveit2/install/moveit_ros_warehouse:/home/salem/ws_moveit2/install/moveit_ros_robot_interaction:/home/salem/ws_moveit2/install/moveit_ros_perception:/home/salem/ws_moveit2/install/moveit_resources_prbt_pg70_support:/home/salem/ws_moveit2/install/moveit_resources_prbt_moveit_config:/home/salem/ws_moveit2/install/moveit_ros_move_group:/home/salem/ws_moveit2/install/moveit_planners_ompl:/home/salem/ws_moveit2/install/moveit_ros_planning:/home/salem/ws_moveit2/install/moveit_ros_occupancy_map_monitor:/home/salem/ws_moveit2/install/moveit_resources_prbt_ikfast_manipulator_plugin:/home/salem/ws_moveit2/install/moveit_planners_chomp:/home/salem/ws_moveit2/install/moveit_kinematics:/home/salem/ws_moveit2/install/moveit_chomp_optimizer_adapter:/home/salem/ws_moveit2/install/chomp_motion_planner:/home/salem/ws_moveit2/install/moveit_core:/home/salem/ws_moveit2/install/srdfdom:/home/salem/ws_moveit2/install/rviz_marker_tools:/home/salem/ws_moveit2/install/rosparam_shortcuts:/home/salem/ws_moveit2/install/moveit_task_constructor_msgs:/home/salem/ws_moveit2/install/moveit_resources_prbt_support:/home/salem/ws_moveit2/install/moveit_resources:/home/salem/ws_moveit2/install/moveit_resources_pr2_description:/home/salem/ws_moveit2/install/moveit_resources_panda_moveit_config:/home/salem/ws_moveit2/install/moveit_resources_panda_description:/home/salem/ws_moveit2/install/moveit_resources_fanuc_moveit_config:/home/salem/ws_moveit2/install/moveit_resources_fanuc_description:/home/salem/ws_moveit2/install/moveit_common:/home/salem/microros_ws/install/micro_ros_setup:/home/salem/ros2_ws/install/my_robot_controller:/home/salem/ws_moveit2/install/moveit_configs_utils:/home/salem/ws_moveit2/install/launch_param_builder:/opt/ros/humble LD_LIBRARY_PATH=/home/salem/graduation_project_ws/install/moveit_ros_occupancy_map_monitor/lib:/home/salem/graduation_project_ws/install/moveit_core/lib:/home/salem/graduation_project_ws/install/srdfdom/lib:${LD_LIBRARY_PATH} PATH=/home/salem/graduation_project_ws/install/moveit_core/bin:${PATH} PYTHONPATH=/home/salem/graduation_project_ws/install/moveit_configs_utils/lib/python3.10/site-packages:/home/salem/graduation_project_ws/install/srdfdom/local/lib/python3.10/dist-packages:/home/salem/graduation_project_ws/install/launch_param_builder/lib/python3.10/site-packages:${PYTHONPATH} /usr/bin/cmake /home/salem/graduation_project_ws/src/moveit2/moveit_ros/planning -DCMAKE_BUILD_TYPE=Release -DCMAKE_INSTALL_PREFIX=/home/salem/graduation_project_ws/install/moveit_ros_planning
[0.045s] -- Found moveit_common: 2.5.9 (/home/salem/graduation_project_ws/install/moveit_common/share/moveit_common/cmake)
[0.045s] -- Found ament_cmake: 1.3.11 (/opt/ros/humble/share/ament_cmake/cmake)
[0.203s] -- Found moveit_msgs: 2.2.1 (/opt/ros/humble/share/moveit_msgs/cmake)
[0.224s] -- Found rosidl_generator_c: 3.1.6 (/opt/ros/humble/share/rosidl_generator_c/cmake)
[0.226s] -- Found rosidl_adapter: 3.1.6 (/opt/ros/humble/share/rosidl_adapter/cmake)
[0.230s] -- Found rosidl_generator_cpp: 3.1.6 (/opt/ros/humble/share/rosidl_generator_cpp/cmake)
[0.239s] -- Using all available rosidl_typesupport_c: rosidl_typesupport_fastrtps_c;rosidl_typesupport_introspection_c
[0.250s] -- Using all available rosidl_typesupport_cpp: rosidl_typesupport_fastrtps_cpp;rosidl_typesupport_introspection_cpp
[0.369s] -- Found pluginlib: 5.1.0 (/opt/ros/humble/share/pluginlib/cmake)
[0.387s] -- Found rclcpp: 16.0.12 (/opt/ros/humble/share/rclcpp/cmake)
[0.406s] -- Found rmw_implementation_cmake: 6.1.2 (/opt/ros/humble/share/rmw_implementation_cmake/cmake)
[0.409s] -- Found rmw_fastrtps_cpp: 6.2.7 (/opt/ros/humble/share/rmw_fastrtps_cpp/cmake)
[0.422s] -- Found TinyXML2 via Config file: TinyXML2_DIR-NOTFOUND
[0.431s] -- Found TinyXML2 via Config file: TinyXML2_DIR-NOTFOUND
[0.446s] -- Found TinyXML2 via Config file: TinyXML2_DIR-NOTFOUND
[0.454s] -- Found TinyXML2 via Config file: TinyXML2_DIR-NOTFOUND
[0.466s] -- Using RMW implementation 'rmw_fastrtps_cpp' as default
[0.492s] -- Found message_filters: 4.3.7 (/opt/ros/humble/share/message_filters/cmake)
[0.494s] -- Found srdfdom: 2.0.7 (/home/salem/graduation_project_ws/install/srdfdom/share/srdfdom/cmake)
[0.499s] -- Found tf2: 0.25.12 (/opt/ros/humble/share/tf2/cmake)
[0.501s] -- Found tf2_geometry_msgs: 0.25.12 (/opt/ros/humble/share/tf2_geometry_msgs/cmake)
[0.504s] -- Found eigen3_cmake_module: 0.1.1 (/opt/ros/humble/share/eigen3_cmake_module/cmake)
[0.505s] -- Ensuring Eigen3 include directory is part of orocos-kdl CMake target
[0.541s] -- Found tf2_eigen: 0.25.12 (/opt/ros/humble/share/tf2_eigen/cmake)
[0.544s] -- Found moveit_core: 2.5.9 (/home/salem/graduation_project_ws/install/moveit_core/share/moveit_core/cmake)
[0.555s] -- Found Boost: /usr/lib/x86_64-linux-gnu/cmake/Boost-1.74.0/BoostConfig.cmake (found version "1.74.0") found components: chrono date_time filesystem iostreams program_options regex serialization system thread 
[0.578s] -- Found parameter_traits: 0.4.0 (/opt/ros/humble/share/parameter_traits/cmake)
[0.584s] -- Found rclcpp_lifecycle: 16.0.12 (/opt/ros/humble/share/rclcpp_lifecycle/cmake)
[0.598s] -- Found Boost: /usr/lib/x86_64-linux-gnu/cmake/Boost-1.74.0/BoostConfig.cmake (found version "1.74.0") found components: filesystem 
[0.638s] -- library: /usr/lib/x86_64-linux-gnu/libcurl.so
[0.672s] -- Found moveit_ros_occupancy_map_monitor: 2.5.9 (/home/salem/graduation_project_ws/install/moveit_ros_occupancy_map_monitor/share/moveit_ros_occupancy_map_monitor/cmake)
[0.731s] -- Found Boost: /usr/lib/x86_64-linux-gnu/cmake/Boost-1.74.0/BoostConfig.cmake (found version "1.74.0") found components: system filesystem date_time program_options thread chrono 
[0.875s] -- Found ament_cmake_gtest: 1.3.11 (/opt/ros/humble/share/ament_cmake_gtest/cmake)
[0.876s] -- Found ament_cmake_gmock: 1.3.11 (/opt/ros/humble/share/ament_cmake_gmock/cmake)
[0.876s] -- Found ros_testing: 0.4.0 (/opt/ros/humble/share/ros_testing/cmake)
[0.876s] -- Found launch_testing_ament_cmake: 1.0.8 (/opt/ros/humble/share/launch_testing_ament_cmake/cmake)
[0.877s] -- Found python_cmake_module: 0.10.0 (/opt/ros/humble/share/python_cmake_module/cmake)
[0.898s] -- Using PYTHON_EXECUTABLE: /usr/bin/python3
[0.898s] -- Using PYTHON_INCLUDE_DIRS: /usr/include/python3.10
[0.898s] -- Using PYTHON_LIBRARIES: /usr/lib/x86_64-linux-gnu/libpython3.10.so
[0.899s] -- Found gmock sources under '/opt/ros/humble/src/gmock_vendor': C++ tests using 'Google Mock' will be built
[0.902s] -- Found gtest sources under '/opt/ros/humble/src/gtest_vendor': C++ tests using 'Google Test' will be built
[0.980s] -- Found ament_lint_auto: 0.12.12 (/opt/ros/humble/share/ament_lint_auto/cmake)
[0.999s] -- Found launch_testing_ament_cmake: 1.0.8 (/opt/ros/humble/share/launch_testing_ament_cmake/cmake)
[1.000s] -- Found python_cmake_module: 0.10.0 (/opt/ros/humble/share/python_cmake_module/cmake)
[1.021s] -- Using PYTHON_EXECUTABLE: /usr/bin/python3
[1.022s] -- Using PYTHON_INCLUDE_DIRS: /usr/include/python3.10
[1.022s] -- Using PYTHON_LIBRARIES: /usr/lib/x86_64-linux-gnu/libpython3.10.so
[1.039s] -- Added test 'cppcheck' to perform static code analysis on C / C++ code
[1.040s] -- Configured cppcheck include dirs: /home/salem/graduation_project_ws/src/moveit2/moveit_ros/planning/rdf_loader/include;/home/salem/graduation_project_ws/src/moveit2/moveit_ros/planning/kinematics_plugin_loader/include;/home/salem/graduation_project_ws/src/moveit2/moveit_ros/planning/robot_model_loader/include;/home/salem/graduation_project_ws/src/moveit2/moveit_ros/planning/constraint_sampler_manager_loader/include;/home/salem/graduation_project_ws/src/moveit2/moveit_ros/planning/planning_pipeline/include;/home/salem/graduation_project_ws/src/moveit2/moveit_ros/planning/planning_scene_monitor/include;/home/salem/graduation_project_ws/src/moveit2/moveit_ros/planning/trajectory_execution_manager/include;/home/salem/graduation_project_ws/src/moveit2/moveit_ros/planning/plan_execution/include;/home/salem/graduation_project_ws/src/moveit2/moveit_ros/planning/collision_plugin_loader/include;/home/salem/graduation_project_ws/src/moveit2/moveit_ros/planning/moveit_cpp/include
[1.040s] -- Configured cppcheck exclude dirs and/or files: 
[1.042s] -- Added test 'lint_cmake' to check CMake code style
[1.044s] -- Added test 'pep257' to check Python code against some of the docstring style conventions in PEP 257
[1.045s] -- Added test 'xmllint' to check XML markup files
[1.047s] -- Configuring done
[1.343s] -- Generating done
[1.410s] -- Build files have been written to: /home/salem/graduation_project_ws/build/moveit_ros_planning
[1.430s] Invoked command in '/home/salem/graduation_project_ws/build/moveit_ros_planning' returned '0': AMENT_PREFIX_PATH=/home/salem/graduation_project_ws/install/moveit_ros_occupancy_map_monitor:/home/salem/graduation_project_ws/install/moveit_core:/home/salem/graduation_project_ws/install/moveit_resources_panda_moveit_config:/home/salem/graduation_project_ws/install/moveit_configs_utils:/home/salem/graduation_project_ws/install/srdfdom:/home/salem/graduation_project_ws/install/moveit_resources_pr2_description:/home/salem/graduation_project_ws/install/moveit_resources_panda_description:/home/salem/graduation_project_ws/install/moveit_common:/home/salem/graduation_project_ws/install/launch_param_builder:${AMENT_PREFIX_PATH} CMAKE_PREFIX_PATH=/home/salem/graduation_project_ws/install/moveit_ros_occupancy_map_monitor:/home/salem/graduation_project_ws/install/moveit_core:/home/salem/graduation_project_ws/install/moveit_resources_panda_moveit_config:/home/salem/graduation_project_ws/install/srdfdom:/home/salem/graduation_project_ws/install/moveit_resources_pr2_description:/home/salem/graduation_project_ws/install/moveit_resources_panda_description:/home/salem/graduation_project_ws/install/moveit_common:/home/salem/ros2_ws/install/labvolt5250a0_description:/home/salem/ws_moveit2/install/pilz_industrial_motion_planner_testutils:/home/salem/ws_moveit2/install/panda_moveit_config:/home/salem/ws_moveit2/install/moveit_runtime:/home/salem/ws_moveit2/install/moveit2_tutorials:/home/salem/ws_moveit2/install/moveit:/home/salem/ws_moveit2/install/moveit_planners:/home/salem/ws_moveit2/install/pilz_industrial_motion_planner:/home/salem/ws_moveit2/install/moveit_visual_tools:/home/salem/ws_moveit2/install/moveit_task_constructor_visualization:/home/salem/ws_moveit2/install/moveit_task_constructor_demo:/home/salem/ws_moveit2/install/moveit_task_constructor_capabilities:/home/salem/ws_moveit2/install/moveit_task_constructor_core:/home/salem/ws_moveit2/install/moveit_ros_control_interface:/home/salem/ws_moveit2/install/moveit_plugins:/home/salem/ws_moveit2/install/moveit_simple_controller_manager:/home/salem/ws_moveit2/install/moveit_setup_assistant:/home/salem/ws_moveit2/install/moveit_setup_srdf_plugins:/home/salem/ws_moveit2/install/moveit_setup_core_plugins:/home/salem/ws_moveit2/install/moveit_setup_controllers:/home/salem/ws_moveit2/install/moveit_setup_app_plugins:/home/salem/ws_moveit2/install/moveit_setup_framework:/home/salem/ws_moveit2/install/moveit_servo:/home/salem/ws_moveit2/install/moveit_ros:/home/salem/ws_moveit2/install/moveit_ros_visualization:/home/salem/ws_moveit2/install/moveit_hybrid_planning:/home/salem/ws_moveit2/install/moveit_ros_planning_interface:/home/salem/ws_moveit2/install/moveit_ros_benchmarks:/home/salem/ws_moveit2/install/moveit_ros_warehouse:/home/salem/ws_moveit2/install/moveit_ros_robot_interaction:/home/salem/ws_moveit2/install/moveit_ros_perception:/home/salem/ws_moveit2/install/moveit_resources_prbt_pg70_support:/home/salem/ws_moveit2/install/moveit_resources_prbt_moveit_config:/home/salem/ws_moveit2/install/moveit_ros_move_group:/home/salem/ws_moveit2/install/moveit_planners_ompl:/home/salem/ws_moveit2/install/moveit_ros_planning:/home/salem/ws_moveit2/install/moveit_ros_occupancy_map_monitor:/home/salem/ws_moveit2/install/moveit_resources_prbt_ikfast_manipulator_plugin:/home/salem/ws_moveit2/install/moveit_planners_chomp:/home/salem/ws_moveit2/install/moveit_kinematics:/home/salem/ws_moveit2/install/moveit_chomp_optimizer_adapter:/home/salem/ws_moveit2/install/chomp_motion_planner:/home/salem/ws_moveit2/install/moveit_core:/home/salem/ws_moveit2/install/srdfdom:/home/salem/ws_moveit2/install/rviz_marker_tools:/home/salem/ws_moveit2/install/rosparam_shortcuts:/home/salem/ws_moveit2/install/moveit_task_constructor_msgs:/home/salem/ws_moveit2/install/moveit_resources_prbt_support:/home/salem/ws_moveit2/install/moveit_resources:/home/salem/ws_moveit2/install/moveit_resources_pr2_description:/home/salem/ws_moveit2/install/moveit_resources_panda_moveit_config:/home/salem/ws_moveit2/install/moveit_resources_panda_description:/home/salem/ws_moveit2/install/moveit_resources_fanuc_moveit_config:/home/salem/ws_moveit2/install/moveit_resources_fanuc_description:/home/salem/ws_moveit2/install/moveit_common:/home/salem/microros_ws/install/micro_ros_setup:/home/salem/ros2_ws/install/my_robot_controller:/home/salem/ws_moveit2/install/moveit_configs_utils:/home/salem/ws_moveit2/install/launch_param_builder:/opt/ros/humble LD_LIBRARY_PATH=/home/salem/graduation_project_ws/install/moveit_ros_occupancy_map_monitor/lib:/home/salem/graduation_project_ws/install/moveit_core/lib:/home/salem/graduation_project_ws/install/srdfdom/lib:${LD_LIBRARY_PATH} PATH=/home/salem/graduation_project_ws/install/moveit_core/bin:${PATH} PYTHONPATH=/home/salem/graduation_project_ws/install/moveit_configs_utils/lib/python3.10/site-packages:/home/salem/graduation_project_ws/install/srdfdom/local/lib/python3.10/dist-packages:/home/salem/graduation_project_ws/install/launch_param_builder/lib/python3.10/site-packages:${PYTHONPATH} /usr/bin/cmake /home/salem/graduation_project_ws/src/moveit2/moveit_ros/planning -DCMAKE_BUILD_TYPE=Release -DCMAKE_INSTALL_PREFIX=/home/salem/graduation_project_ws/install/moveit_ros_planning
[1.432s] Invoking command in '/home/salem/graduation_project_ws/build/moveit_ros_planning': AMENT_PREFIX_PATH=/home/salem/graduation_project_ws/install/moveit_ros_occupancy_map_monitor:/home/salem/graduation_project_ws/install/moveit_core:/home/salem/graduation_project_ws/install/moveit_resources_panda_moveit_config:/home/salem/graduation_project_ws/install/moveit_configs_utils:/home/salem/graduation_project_ws/install/srdfdom:/home/salem/graduation_project_ws/install/moveit_resources_pr2_description:/home/salem/graduation_project_ws/install/moveit_resources_panda_description:/home/salem/graduation_project_ws/install/moveit_common:/home/salem/graduation_project_ws/install/launch_param_builder:${AMENT_PREFIX_PATH} CMAKE_PREFIX_PATH=/home/salem/graduation_project_ws/install/moveit_ros_occupancy_map_monitor:/home/salem/graduation_project_ws/install/moveit_core:/home/salem/graduation_project_ws/install/moveit_resources_panda_moveit_config:/home/salem/graduation_project_ws/install/srdfdom:/home/salem/graduation_project_ws/install/moveit_resources_pr2_description:/home/salem/graduation_project_ws/install/moveit_resources_panda_description:/home/salem/graduation_project_ws/install/moveit_common:/home/salem/ros2_ws/install/labvolt5250a0_description:/home/salem/ws_moveit2/install/pilz_industrial_motion_planner_testutils:/home/salem/ws_moveit2/install/panda_moveit_config:/home/salem/ws_moveit2/install/moveit_runtime:/home/salem/ws_moveit2/install/moveit2_tutorials:/home/salem/ws_moveit2/install/moveit:/home/salem/ws_moveit2/install/moveit_planners:/home/salem/ws_moveit2/install/pilz_industrial_motion_planner:/home/salem/ws_moveit2/install/moveit_visual_tools:/home/salem/ws_moveit2/install/moveit_task_constructor_visualization:/home/salem/ws_moveit2/install/moveit_task_constructor_demo:/home/salem/ws_moveit2/install/moveit_task_constructor_capabilities:/home/salem/ws_moveit2/install/moveit_task_constructor_core:/home/salem/ws_moveit2/install/moveit_ros_control_interface:/home/salem/ws_moveit2/install/moveit_plugins:/home/salem/ws_moveit2/install/moveit_simple_controller_manager:/home/salem/ws_moveit2/install/moveit_setup_assistant:/home/salem/ws_moveit2/install/moveit_setup_srdf_plugins:/home/salem/ws_moveit2/install/moveit_setup_core_plugins:/home/salem/ws_moveit2/install/moveit_setup_controllers:/home/salem/ws_moveit2/install/moveit_setup_app_plugins:/home/salem/ws_moveit2/install/moveit_setup_framework:/home/salem/ws_moveit2/install/moveit_servo:/home/salem/ws_moveit2/install/moveit_ros:/home/salem/ws_moveit2/install/moveit_ros_visualization:/home/salem/ws_moveit2/install/moveit_hybrid_planning:/home/salem/ws_moveit2/install/moveit_ros_planning_interface:/home/salem/ws_moveit2/install/moveit_ros_benchmarks:/home/salem/ws_moveit2/install/moveit_ros_warehouse:/home/salem/ws_moveit2/install/moveit_ros_robot_interaction:/home/salem/ws_moveit2/install/moveit_ros_perception:/home/salem/ws_moveit2/install/moveit_resources_prbt_pg70_support:/home/salem/ws_moveit2/install/moveit_resources_prbt_moveit_config:/home/salem/ws_moveit2/install/moveit_ros_move_group:/home/salem/ws_moveit2/install/moveit_planners_ompl:/home/salem/ws_moveit2/install/moveit_ros_planning:/home/salem/ws_moveit2/install/moveit_ros_occupancy_map_monitor:/home/salem/ws_moveit2/install/moveit_resources_prbt_ikfast_manipulator_plugin:/home/salem/ws_moveit2/install/moveit_planners_chomp:/home/salem/ws_moveit2/install/moveit_kinematics:/home/salem/ws_moveit2/install/moveit_chomp_optimizer_adapter:/home/salem/ws_moveit2/install/chomp_motion_planner:/home/salem/ws_moveit2/install/moveit_core:/home/salem/ws_moveit2/install/srdfdom:/home/salem/ws_moveit2/install/rviz_marker_tools:/home/salem/ws_moveit2/install/rosparam_shortcuts:/home/salem/ws_moveit2/install/moveit_task_constructor_msgs:/home/salem/ws_moveit2/install/moveit_resources_prbt_support:/home/salem/ws_moveit2/install/moveit_resources:/home/salem/ws_moveit2/install/moveit_resources_pr2_description:/home/salem/ws_moveit2/install/moveit_resources_panda_moveit_config:/home/salem/ws_moveit2/install/moveit_resources_panda_description:/home/salem/ws_moveit2/install/moveit_resources_fanuc_moveit_config:/home/salem/ws_moveit2/install/moveit_resources_fanuc_description:/home/salem/ws_moveit2/install/moveit_common:/home/salem/microros_ws/install/micro_ros_setup:/home/salem/ros2_ws/install/my_robot_controller:/home/salem/ws_moveit2/install/moveit_configs_utils:/home/salem/ws_moveit2/install/launch_param_builder:/opt/ros/humble LD_LIBRARY_PATH=/home/salem/graduation_project_ws/install/moveit_ros_occupancy_map_monitor/lib:/home/salem/graduation_project_ws/install/moveit_core/lib:/home/salem/graduation_project_ws/install/srdfdom/lib:${LD_LIBRARY_PATH} PATH=/home/salem/graduation_project_ws/install/moveit_core/bin:${PATH} PYTHONPATH=/home/salem/graduation_project_ws/install/moveit_configs_utils/lib/python3.10/site-packages:/home/salem/graduation_project_ws/install/srdfdom/local/lib/python3.10/dist-packages:/home/salem/graduation_project_ws/install/launch_param_builder/lib/python3.10/site-packages:${PYTHONPATH} /usr/bin/cmake --build /home/salem/graduation_project_ws/build/moveit_ros_planning -- -j16 -l16
[1.548s] [35m[1mConsolidate compiler generated dependencies of target gtest[0m
[1.549s] [35m[1mConsolidate compiler generated dependencies of target gmock_main[0m
[1.549s] [35m[1mConsolidate compiler generated dependencies of target gtest_main[0m
[1.549s] [35m[1mConsolidate compiler generated dependencies of target gmock[0m
[1.550s] [35m[1mConsolidate compiler generated dependencies of target moveit_planning_pipeline[0m
[1.550s] [35m[1mConsolidate compiler generated dependencies of target moveit_list_request_adapter_plugins[0m
[1.550s] [35m[1mConsolidate compiler generated dependencies of target moveit_collision_plugin_loader[0m
[1.550s] [35m[1mConsolidate compiler generated dependencies of target moveit_rdf_loader[0m
[1.568s] [35m[1mConsolidate compiler generated dependencies of target moveit_default_planning_request_adapter_plugins[0m
[1.571s] [ 11%] Built target gtest_main
[1.571s] [ 11%] Built target gtest
[1.571s] [ 11%] Built target gmock_main
[1.571s] [ 13%] Built target gmock
[1.578s] [ 16%] [32m[1mLinking CXX shared library libmoveit_collision_plugin_loader.so[0m
[1.578s] [ 16%] [32m[1mLinking CXX shared library libmoveit_rdf_loader.so[0m
[1.578s] [ 17%] [32m[1mLinking CXX executable moveit_list_request_adapter_plugins[0m
[1.585s] [ 19%] [32m[1mLinking CXX shared library libmoveit_planning_pipeline.so[0m
[1.626s] [ 20%] [32m[1mLinking CXX shared library libmoveit_default_planning_request_adapter_plugins.so[0m
[1.776s] [ 22%] Built target moveit_list_request_adapter_plugins
[1.783s] [ 23%] Built target moveit_collision_plugin_loader
[1.821s] [ 26%] Built target moveit_rdf_loader
[1.824s] [ 27%] Built target moveit_planning_pipeline
[1.837s] [35m[1mConsolidate compiler generated dependencies of target moveit_constraint_sampler_manager_loader[0m
[1.838s] [35m[1mConsolidate compiler generated dependencies of target moveit_kinematics_plugin_loader[0m
[1.844s] [ 42%] Built target moveit_default_planning_request_adapter_plugins
[1.863s] [ 44%] [32m[1mLinking CXX shared library libmoveit_kinematics_plugin_loader.so[0m
[1.864s] [ 45%] [32m[1mLinking CXX shared library libmoveit_constraint_sampler_manager_loader.so[0m
[2.050s] [ 47%] Built target moveit_kinematics_plugin_loader
[2.066s] [35m[1mConsolidate compiler generated dependencies of target moveit_robot_model_loader[0m
[2.085s] [ 48%] Built target moveit_constraint_sampler_manager_loader
[2.090s] [ 50%] [32m[1mLinking CXX shared library libmoveit_robot_model_loader.so[0m
[2.266s] [ 51%] Built target moveit_robot_model_loader
[2.283s] [35m[1mConsolidate compiler generated dependencies of target moveit_print_planning_model_info[0m
[2.289s] [35m[1mConsolidate compiler generated dependencies of target moveit_planning_scene_monitor[0m
[2.308s] [ 52%] [32m[1mLinking CXX executable moveit_print_planning_model_info[0m
[2.335s] [ 54%] [32m[1mLinking CXX shared library libmoveit_planning_scene_monitor.so[0m
[2.540s] [ 55%] Built target moveit_print_planning_model_info
[2.695s] [ 63%] Built target moveit_planning_scene_monitor
[2.713s] [35m[1mConsolidate compiler generated dependencies of target trajectory_monitor_tests[0m
[2.713s] [35m[1mConsolidate compiler generated dependencies of target moveit_print_planning_scene_info[0m
[2.713s] [35m[1mConsolidate compiler generated dependencies of target moveit_trajectory_execution_manager[0m
[2.714s] [35m[1mConsolidate compiler generated dependencies of target planning_scene_monitor_test[0m
[2.714s] [35m[1mConsolidate compiler generated dependencies of target moveit_visualize_robot_collision_volume[0m
[2.714s] [35m[1mConsolidate compiler generated dependencies of target moveit_publish_scene_from_text[0m
[2.714s] [35m[1mConsolidate compiler generated dependencies of target demo_scene[0m
[2.714s] [35m[1mConsolidate compiler generated dependencies of target current_state_monitor_tests[0m
[2.715s] [35m[1mConsolidate compiler generated dependencies of target moveit_display_random_state[0m
[2.716s] [35m[1mConsolidate compiler generated dependencies of target moveit_evaluate_collision_checking_speed[0m
[2.745s] [ 64%] [32m[1mLinking CXX executable trajectory_monitor_tests[0m
[2.745s] [ 67%] [32m[1mLinking CXX executable moveit_print_planning_scene_info[0m
[2.745s] [ 69%] [32m[1mLinking CXX executable demo_scene[0m
[2.745s] [ 69%] [32m[1mLinking CXX executable moveit_publish_scene_from_text[0m
[2.747s] [ 70%] [32m[1mLinking CXX executable moveit_display_random_state[0m
[2.748s] [ 72%] [32m[1mLinking CXX executable moveit_visualize_robot_collision_volume[0m
[2.748s] [ 73%] [32m[1mLinking CXX shared library libmoveit_trajectory_execution_manager.so[0m
[2.748s] [ 75%] [32m[1mLinking CXX executable current_state_monitor_tests[0m
[2.752s] [ 76%] [32m[1mLinking CXX executable moveit_evaluate_collision_checking_speed[0m
[2.753s] [ 77%] [32m[1mLinking CXX executable planning_scene_monitor_test[0m
[3.145s] [ 79%] Built target demo_scene
[3.327s] [ 80%] Built target moveit_visualize_robot_collision_volume
[3.338s] [ 82%] Built target moveit_display_random_state
[3.355s] [ 83%] Built target moveit_print_planning_scene_info
[3.362s] [ 85%] Built target moveit_publish_scene_from_text
[3.370s] [ 86%] Built target moveit_trajectory_execution_manager
[3.389s] [35m[1mConsolidate compiler generated dependencies of target moveit_plan_execution[0m
[3.390s] [35m[1mConsolidate compiler generated dependencies of target moveit_cpp[0m
[3.406s] [ 88%] Built target current_state_monitor_tests
[3.406s] [ 89%] Built target planning_scene_monitor_test
[3.409s] [ 91%] Built target moveit_evaluate_collision_checking_speed
[3.417s] [ 92%] Built target trajectory_monitor_tests
[3.422s] [ 94%] [32m[1mLinking CXX shared library libmoveit_plan_execution.so[0m
[3.428s] [ 95%] [32m[1mLinking CXX shared library libmoveit_cpp.so[0m
[3.713s] [ 97%] Built target moveit_plan_execution
[3.717s] [100%] Built target moveit_cpp
[3.733s] Invoked command in '/home/salem/graduation_project_ws/build/moveit_ros_planning' returned '0': AMENT_PREFIX_PATH=/home/salem/graduation_project_ws/install/moveit_ros_occupancy_map_monitor:/home/salem/graduation_project_ws/install/moveit_core:/home/salem/graduation_project_ws/install/moveit_resources_panda_moveit_config:/home/salem/graduation_project_ws/install/moveit_configs_utils:/home/salem/graduation_project_ws/install/srdfdom:/home/salem/graduation_project_ws/install/moveit_resources_pr2_description:/home/salem/graduation_project_ws/install/moveit_resources_panda_description:/home/salem/graduation_project_ws/install/moveit_common:/home/salem/graduation_project_ws/install/launch_param_builder:${AMENT_PREFIX_PATH} CMAKE_PREFIX_PATH=/home/salem/graduation_project_ws/install/moveit_ros_occupancy_map_monitor:/home/salem/graduation_project_ws/install/moveit_core:/home/salem/graduation_project_ws/install/moveit_resources_panda_moveit_config:/home/salem/graduation_project_ws/install/srdfdom:/home/salem/graduation_project_ws/install/moveit_resources_pr2_description:/home/salem/graduation_project_ws/install/moveit_resources_panda_description:/home/salem/graduation_project_ws/install/moveit_common:/home/salem/ros2_ws/install/labvolt5250a0_description:/home/salem/ws_moveit2/install/pilz_industrial_motion_planner_testutils:/home/salem/ws_moveit2/install/panda_moveit_config:/home/salem/ws_moveit2/install/moveit_runtime:/home/salem/ws_moveit2/install/moveit2_tutorials:/home/salem/ws_moveit2/install/moveit:/home/salem/ws_moveit2/install/moveit_planners:/home/salem/ws_moveit2/install/pilz_industrial_motion_planner:/home/salem/ws_moveit2/install/moveit_visual_tools:/home/salem/ws_moveit2/install/moveit_task_constructor_visualization:/home/salem/ws_moveit2/install/moveit_task_constructor_demo:/home/salem/ws_moveit2/install/moveit_task_constructor_capabilities:/home/salem/ws_moveit2/install/moveit_task_constructor_core:/home/salem/ws_moveit2/install/moveit_ros_control_interface:/home/salem/ws_moveit2/install/moveit_plugins:/home/salem/ws_moveit2/install/moveit_simple_controller_manager:/home/salem/ws_moveit2/install/moveit_setup_assistant:/home/salem/ws_moveit2/install/moveit_setup_srdf_plugins:/home/salem/ws_moveit2/install/moveit_setup_core_plugins:/home/salem/ws_moveit2/install/moveit_setup_controllers:/home/salem/ws_moveit2/install/moveit_setup_app_plugins:/home/salem/ws_moveit2/install/moveit_setup_framework:/home/salem/ws_moveit2/install/moveit_servo:/home/salem/ws_moveit2/install/moveit_ros:/home/salem/ws_moveit2/install/moveit_ros_visualization:/home/salem/ws_moveit2/install/moveit_hybrid_planning:/home/salem/ws_moveit2/install/moveit_ros_planning_interface:/home/salem/ws_moveit2/install/moveit_ros_benchmarks:/home/salem/ws_moveit2/install/moveit_ros_warehouse:/home/salem/ws_moveit2/install/moveit_ros_robot_interaction:/home/salem/ws_moveit2/install/moveit_ros_perception:/home/salem/ws_moveit2/install/moveit_resources_prbt_pg70_support:/home/salem/ws_moveit2/install/moveit_resources_prbt_moveit_config:/home/salem/ws_moveit2/install/moveit_ros_move_group:/home/salem/ws_moveit2/install/moveit_planners_ompl:/home/salem/ws_moveit2/install/moveit_ros_planning:/home/salem/ws_moveit2/install/moveit_ros_occupancy_map_monitor:/home/salem/ws_moveit2/install/moveit_resources_prbt_ikfast_manipulator_plugin:/home/salem/ws_moveit2/install/moveit_planners_chomp:/home/salem/ws_moveit2/install/moveit_kinematics:/home/salem/ws_moveit2/install/moveit_chomp_optimizer_adapter:/home/salem/ws_moveit2/install/chomp_motion_planner:/home/salem/ws_moveit2/install/moveit_core:/home/salem/ws_moveit2/install/srdfdom:/home/salem/ws_moveit2/install/rviz_marker_tools:/home/salem/ws_moveit2/install/rosparam_shortcuts:/home/salem/ws_moveit2/install/moveit_task_constructor_msgs:/home/salem/ws_moveit2/install/moveit_resources_prbt_support:/home/salem/ws_moveit2/install/moveit_resources:/home/salem/ws_moveit2/install/moveit_resources_pr2_description:/home/salem/ws_moveit2/install/moveit_resources_panda_moveit_config:/home/salem/ws_moveit2/install/moveit_resources_panda_description:/home/salem/ws_moveit2/install/moveit_resources_fanuc_moveit_config:/home/salem/ws_moveit2/install/moveit_resources_fanuc_description:/home/salem/ws_moveit2/install/moveit_common:/home/salem/microros_ws/install/micro_ros_setup:/home/salem/ros2_ws/install/my_robot_controller:/home/salem/ws_moveit2/install/moveit_configs_utils:/home/salem/ws_moveit2/install/launch_param_builder:/opt/ros/humble LD_LIBRARY_PATH=/home/salem/graduation_project_ws/install/moveit_ros_occupancy_map_monitor/lib:/home/salem/graduation_project_ws/install/moveit_core/lib:/home/salem/graduation_project_ws/install/srdfdom/lib:${LD_LIBRARY_PATH} PATH=/home/salem/graduation_project_ws/install/moveit_core/bin:${PATH} PYTHONPATH=/home/salem/graduation_project_ws/install/moveit_configs_utils/lib/python3.10/site-packages:/home/salem/graduation_project_ws/install/srdfdom/local/lib/python3.10/dist-packages:/home/salem/graduation_project_ws/install/launch_param_builder/lib/python3.10/site-packages:${PYTHONPATH} /usr/bin/cmake --build /home/salem/graduation_project_ws/build/moveit_ros_planning -- -j16 -l16
[3.734s] Invoking command in '/home/salem/graduation_project_ws/build/moveit_ros_planning': AMENT_PREFIX_PATH=/home/salem/graduation_project_ws/install/moveit_ros_occupancy_map_monitor:/home/salem/graduation_project_ws/install/moveit_core:/home/salem/graduation_project_ws/install/moveit_resources_panda_moveit_config:/home/salem/graduation_project_ws/install/moveit_configs_utils:/home/salem/graduation_project_ws/install/srdfdom:/home/salem/graduation_project_ws/install/moveit_resources_pr2_description:/home/salem/graduation_project_ws/install/moveit_resources_panda_description:/home/salem/graduation_project_ws/install/moveit_common:/home/salem/graduation_project_ws/install/launch_param_builder:${AMENT_PREFIX_PATH} CMAKE_PREFIX_PATH=/home/salem/graduation_project_ws/install/moveit_ros_occupancy_map_monitor:/home/salem/graduation_project_ws/install/moveit_core:/home/salem/graduation_project_ws/install/moveit_resources_panda_moveit_config:/home/salem/graduation_project_ws/install/srdfdom:/home/salem/graduation_project_ws/install/moveit_resources_pr2_description:/home/salem/graduation_project_ws/install/moveit_resources_panda_description:/home/salem/graduation_project_ws/install/moveit_common:/home/salem/ros2_ws/install/labvolt5250a0_description:/home/salem/ws_moveit2/install/pilz_industrial_motion_planner_testutils:/home/salem/ws_moveit2/install/panda_moveit_config:/home/salem/ws_moveit2/install/moveit_runtime:/home/salem/ws_moveit2/install/moveit2_tutorials:/home/salem/ws_moveit2/install/moveit:/home/salem/ws_moveit2/install/moveit_planners:/home/salem/ws_moveit2/install/pilz_industrial_motion_planner:/home/salem/ws_moveit2/install/moveit_visual_tools:/home/salem/ws_moveit2/install/moveit_task_constructor_visualization:/home/salem/ws_moveit2/install/moveit_task_constructor_demo:/home/salem/ws_moveit2/install/moveit_task_constructor_capabilities:/home/salem/ws_moveit2/install/moveit_task_constructor_core:/home/salem/ws_moveit2/install/moveit_ros_control_interface:/home/salem/ws_moveit2/install/moveit_plugins:/home/salem/ws_moveit2/install/moveit_simple_controller_manager:/home/salem/ws_moveit2/install/moveit_setup_assistant:/home/salem/ws_moveit2/install/moveit_setup_srdf_plugins:/home/salem/ws_moveit2/install/moveit_setup_core_plugins:/home/salem/ws_moveit2/install/moveit_setup_controllers:/home/salem/ws_moveit2/install/moveit_setup_app_plugins:/home/salem/ws_moveit2/install/moveit_setup_framework:/home/salem/ws_moveit2/install/moveit_servo:/home/salem/ws_moveit2/install/moveit_ros:/home/salem/ws_moveit2/install/moveit_ros_visualization:/home/salem/ws_moveit2/install/moveit_hybrid_planning:/home/salem/ws_moveit2/install/moveit_ros_planning_interface:/home/salem/ws_moveit2/install/moveit_ros_benchmarks:/home/salem/ws_moveit2/install/moveit_ros_warehouse:/home/salem/ws_moveit2/install/moveit_ros_robot_interaction:/home/salem/ws_moveit2/install/moveit_ros_perception:/home/salem/ws_moveit2/install/moveit_resources_prbt_pg70_support:/home/salem/ws_moveit2/install/moveit_resources_prbt_moveit_config:/home/salem/ws_moveit2/install/moveit_ros_move_group:/home/salem/ws_moveit2/install/moveit_planners_ompl:/home/salem/ws_moveit2/install/moveit_ros_planning:/home/salem/ws_moveit2/install/moveit_ros_occupancy_map_monitor:/home/salem/ws_moveit2/install/moveit_resources_prbt_ikfast_manipulator_plugin:/home/salem/ws_moveit2/install/moveit_planners_chomp:/home/salem/ws_moveit2/install/moveit_kinematics:/home/salem/ws_moveit2/install/moveit_chomp_optimizer_adapter:/home/salem/ws_moveit2/install/chomp_motion_planner:/home/salem/ws_moveit2/install/moveit_core:/home/salem/ws_moveit2/install/srdfdom:/home/salem/ws_moveit2/install/rviz_marker_tools:/home/salem/ws_moveit2/install/rosparam_shortcuts:/home/salem/ws_moveit2/install/moveit_task_constructor_msgs:/home/salem/ws_moveit2/install/moveit_resources_prbt_support:/home/salem/ws_moveit2/install/moveit_resources:/home/salem/ws_moveit2/install/moveit_resources_pr2_description:/home/salem/ws_moveit2/install/moveit_resources_panda_moveit_config:/home/salem/ws_moveit2/install/moveit_resources_panda_description:/home/salem/ws_moveit2/install/moveit_resources_fanuc_moveit_config:/home/salem/ws_moveit2/install/moveit_resources_fanuc_description:/home/salem/ws_moveit2/install/moveit_common:/home/salem/microros_ws/install/micro_ros_setup:/home/salem/ros2_ws/install/my_robot_controller:/home/salem/ws_moveit2/install/moveit_configs_utils:/home/salem/ws_moveit2/install/launch_param_builder:/opt/ros/humble LD_LIBRARY_PATH=/home/salem/graduation_project_ws/install/moveit_ros_occupancy_map_monitor/lib:/home/salem/graduation_project_ws/install/moveit_core/lib:/home/salem/graduation_project_ws/install/srdfdom/lib:${LD_LIBRARY_PATH} PATH=/home/salem/graduation_project_ws/install/moveit_core/bin:${PATH} PYTHONPATH=/home/salem/graduation_project_ws/install/moveit_configs_utils/lib/python3.10/site-packages:/home/salem/graduation_project_ws/install/srdfdom/local/lib/python3.10/dist-packages:/home/salem/graduation_project_ws/install/launch_param_builder/lib/python3.10/site-packages:${PYTHONPATH} /usr/bin/cmake --install /home/salem/graduation_project_ws/build/moveit_ros_planning
[3.744s] -- Install configuration: "Release"
[3.744s] -- Up-to-date: /home/salem/graduation_project_ws/install/moveit_ros_planning/include
[3.744s] -- Up-to-date: /home/salem/graduation_project_ws/install/moveit_ros_planning/include/moveit
[3.744s] -- Up-to-date: /home/salem/graduation_project_ws/install/moveit_ros_planning/include/moveit/rdf_loader
[3.744s] -- Up-to-date: /home/salem/graduation_project_ws/install/moveit_ros_planning/include/moveit/rdf_loader/rdf_loader.h
[3.744s] -- Up-to-date: /home/salem/graduation_project_ws/install/moveit_ros_planning/include/moveit/rdf_loader/synchronized_string_parameter.h
[3.745s] -- Up-to-date: /home/salem/graduation_project_ws/install/moveit_ros_planning/share/moveit_ros_planning/rdf_loader/test/data
[3.745s] -- Up-to-date: /home/salem/graduation_project_ws/install/moveit_ros_planning/share/moveit_ros_planning/rdf_loader/test/data/kermit.srdf
[3.745s] -- Up-to-date: /home/salem/graduation_project_ws/install/moveit_ros_planning/share/moveit_ros_planning/rdf_loader/test/data/gonzo.urdf
[3.745s] -- Up-to-date: /home/salem/graduation_project_ws/install/moveit_ros_planning/share/moveit_ros_planning/rdf_loader/test/data/kermit.urdf
[3.745s] -- Up-to-date: /home/salem/graduation_project_ws/install/moveit_ros_planning/share/moveit_ros_planning/rdf_loader/test/data/gonzo.srdf
[3.745s] -- Up-to-date: /home/salem/graduation_project_ws/install/moveit_ros_planning/share/moveit_ros_planning/rdf_loader/test/data/robin.srdf.xacro
[3.745s] -- Up-to-date: /home/salem/graduation_project_ws/install/moveit_ros_planning/share/moveit_ros_planning/rdf_loader/test/launch
[3.745s] -- Up-to-date: /home/salem/graduation_project_ws/install/moveit_ros_planning/share/moveit_ros_planning/rdf_loader/test/launch/test_rdf_integration.test.py
[3.745s] -- Up-to-date: /home/salem/graduation_project_ws/install/moveit_ros_planning/include
[3.745s] -- Up-to-date: /home/salem/graduation_project_ws/install/moveit_ros_planning/include/moveit
[3.745s] -- Up-to-date: /home/salem/graduation_project_ws/install/moveit_ros_planning/include/moveit/collision_plugin_loader
[3.745s] -- Up-to-date: /home/salem/graduation_project_ws/install/moveit_ros_planning/include/moveit/collision_plugin_loader/collision_plugin_loader.h
[3.745s] -- Up-to-date: /home/salem/graduation_project_ws/install/moveit_ros_planning/include
[3.745s] -- Up-to-date: /home/salem/graduation_project_ws/install/moveit_ros_planning/include/moveit
[3.745s] -- Up-to-date: /home/salem/graduation_project_ws/install/moveit_ros_planning/include/moveit/kinematics_plugin_loader
[3.746s] -- Up-to-date: /home/salem/graduation_project_ws/install/moveit_ros_planning/include/moveit/kinematics_plugin_loader/kinematics_plugin_loader.h
[3.746s] -- Up-to-date: /home/salem/graduation_project_ws/install/moveit_ros_planning/include
[3.746s] -- Up-to-date: /home/salem/graduation_project_ws/install/moveit_ros_planning/include/moveit
[3.746s] -- Up-to-date: /home/salem/graduation_project_ws/install/moveit_ros_planning/include/moveit/robot_model_loader
[3.746s] -- Up-to-date: /home/salem/graduation_project_ws/install/moveit_ros_planning/include/moveit/robot_model_loader/robot_model_loader.h
[3.746s] -- Up-to-date: /home/salem/graduation_project_ws/install/moveit_ros_planning/include
[3.746s] -- Up-to-date: /home/salem/graduation_project_ws/install/moveit_ros_planning/include/moveit
[3.746s] -- Up-to-date: /home/salem/graduation_project_ws/install/moveit_ros_planning/include/moveit/constraint_sampler_manager_loader
[3.746s] -- Up-to-date: /home/salem/graduation_project_ws/install/moveit_ros_planning/include/moveit/constraint_sampler_manager_loader/constraint_sampler_manager_loader.h
[3.746s] -- Up-to-date: /home/salem/graduation_project_ws/install/moveit_ros_planning/include
[3.746s] -- Up-to-date: /home/salem/graduation_project_ws/install/moveit_ros_planning/include/moveit
[3.746s] -- Up-to-date: /home/salem/graduation_project_ws/install/moveit_ros_planning/include/moveit/planning_pipeline
[3.746s] -- Up-to-date: /home/salem/graduation_project_ws/install/moveit_ros_planning/include/moveit/planning_pipeline/planning_pipeline.h
[3.746s] -- Up-to-date: /home/salem/graduation_project_ws/install/moveit_ros_planning/include/moveit_planning_pipeline_export.h
[3.747s] -- Installing: /home/salem/graduation_project_ws/install/moveit_ros_planning/lib/moveit_ros_planning/moveit_list_request_adapter_plugins
[3.747s] -- Set runtime path of "/home/salem/graduation_project_ws/install/moveit_ros_planning/lib/moveit_ros_planning/moveit_list_request_adapter_plugins" to ""
[3.748s] -- Installing: /home/salem/graduation_project_ws/install/moveit_ros_planning/lib/moveit_ros_planning/demo_scene
[3.748s] -- Set runtime path of "/home/salem/graduation_project_ws/install/moveit_ros_planning/lib/moveit_ros_planning/demo_scene" to ""
[3.749s] -- Up-to-date: /home/salem/graduation_project_ws/install/moveit_ros_planning/include
[3.749s] -- Up-to-date: /home/salem/graduation_project_ws/install/moveit_ros_planning/include/moveit
[3.749s] -- Up-to-date: /home/salem/graduation_project_ws/install/moveit_ros_planning/include/moveit/planning_scene_monitor
[3.749s] -- Up-to-date: /home/salem/graduation_project_ws/install/moveit_ros_planning/include/moveit/planning_scene_monitor/current_state_monitor.h
[3.749s] -- Up-to-date: /home/salem/graduation_project_ws/install/moveit_ros_planning/include/moveit/planning_scene_monitor/planning_scene_monitor.h
[3.749s] -- Up-to-date: /home/salem/graduation_project_ws/install/moveit_ros_planning/include/moveit/planning_scene_monitor/trajectory_monitor.h
[3.749s] -- Up-to-date: /home/salem/graduation_project_ws/install/moveit_ros_planning/include/moveit/planning_scene_monitor/current_state_monitor_middleware_handle.hpp
[3.749s] -- Up-to-date: /home/salem/graduation_project_ws/install/moveit_ros_planning/include/moveit/planning_scene_monitor/trajectory_monitor_middleware_handle.hpp
[3.749s] -- Up-to-date: /home/salem/graduation_project_ws/install/moveit_ros_planning/include/moveit_planning_scene_monitor_export.h
[3.750s] -- Installing: /home/salem/graduation_project_ws/install/moveit_ros_planning/lib/moveit_ros_planning/moveit_print_planning_model_info
[3.750s] -- Set runtime path of "/home/salem/graduation_project_ws/install/moveit_ros_planning/lib/moveit_ros_planning/moveit_print_planning_model_info" to ""
[3.750s] -- Installing: /home/salem/graduation_project_ws/install/moveit_ros_planning/lib/moveit_ros_planning/moveit_print_planning_scene_info
[3.751s] -- Set runtime path of "/home/salem/graduation_project_ws/install/moveit_ros_planning/lib/moveit_ros_planning/moveit_print_planning_scene_info" to ""
[3.751s] -- Installing: /home/salem/graduation_project_ws/install/moveit_ros_planning/lib/moveit_ros_planning/moveit_display_random_state
[3.752s] -- Set runtime path of "/home/salem/graduation_project_ws/install/moveit_ros_planning/lib/moveit_ros_planning/moveit_display_random_state" to ""
[3.752s] -- Installing: /home/salem/graduation_project_ws/install/moveit_ros_planning/lib/moveit_ros_planning/moveit_visualize_robot_collision_volume
[3.753s] -- Set runtime path of "/home/salem/graduation_project_ws/install/moveit_ros_planning/lib/moveit_ros_planning/moveit_visualize_robot_collision_volume" to ""
[3.753s] -- Installing: /home/salem/graduation_project_ws/install/moveit_ros_planning/lib/moveit_ros_planning/moveit_evaluate_collision_checking_speed
[3.754s] -- Set runtime path of "/home/salem/graduation_project_ws/install/moveit_ros_planning/lib/moveit_ros_planning/moveit_evaluate_collision_checking_speed" to ""
[3.755s] -- Installing: /home/salem/graduation_project_ws/install/moveit_ros_planning/lib/moveit_ros_planning/moveit_publish_scene_from_text
[3.755s] -- Set runtime path of "/home/salem/graduation_project_ws/install/moveit_ros_planning/lib/moveit_ros_planning/moveit_publish_scene_from_text" to ""
[3.755s] -- Up-to-date: /home/salem/graduation_project_ws/install/moveit_ros_planning/include
[3.755s] -- Up-to-date: /home/salem/graduation_project_ws/install/moveit_ros_planning/include/moveit
[3.756s] -- Up-to-date: /home/salem/graduation_project_ws/install/moveit_ros_planning/include/moveit/trajectory_execution_manager
[3.756s] -- Up-to-date: /home/salem/graduation_project_ws/install/moveit_ros_planning/include/moveit/trajectory_execution_manager/trajectory_execution_manager.h
[3.756s] -- Up-to-date: /home/salem/graduation_project_ws/install/moveit_ros_planning/include/moveit_trajectory_execution_manager_export.h
[3.756s] -- Up-to-date: /home/salem/graduation_project_ws/install/moveit_ros_planning/include
[3.756s] -- Up-to-date: /home/salem/graduation_project_ws/install/moveit_ros_planning/include/moveit
[3.756s] -- Up-to-date: /home/salem/graduation_project_ws/install/moveit_ros_planning/include/moveit/plan_execution
[3.756s] -- Up-to-date: /home/salem/graduation_project_ws/install/moveit_ros_planning/include/moveit/plan_execution/plan_execution.h
[3.756s] -- Up-to-date: /home/salem/graduation_project_ws/install/moveit_ros_planning/include/moveit/plan_execution/plan_representation.h
[3.756s] -- Up-to-date: /home/salem/graduation_project_ws/install/moveit_ros_planning/include
[3.756s] -- Up-to-date: /home/salem/graduation_project_ws/install/moveit_ros_planning/include/moveit
[3.756s] -- Up-to-date: /home/salem/graduation_project_ws/install/moveit_ros_planning/include/moveit/moveit_cpp
[3.756s] -- Up-to-date: /home/salem/graduation_project_ws/install/moveit_ros_planning/include/moveit/moveit_cpp/planning_component.h
[3.756s] -- Up-to-date: /home/salem/graduation_project_ws/install/moveit_ros_planning/include/moveit/moveit_cpp/moveit_cpp.h
[3.756s] -- Installing: /home/salem/graduation_project_ws/install/moveit_ros_planning/lib/libmoveit_rdf_loader.so.2.5.9
[3.758s] -- Set runtime path of "/home/salem/graduation_project_ws/install/moveit_ros_planning/lib/libmoveit_rdf_loader.so.2.5.9" to ""
[3.758s] -- Up-to-date: /home/salem/graduation_project_ws/install/moveit_ros_planning/lib/libmoveit_rdf_loader.so
[3.758s] -- Installing: /home/salem/graduation_project_ws/install/moveit_ros_planning/lib/libmoveit_kinematics_plugin_loader.so.2.5.9
[3.759s] -- Set runtime path of "/home/salem/graduation_project_ws/install/moveit_ros_planning/lib/libmoveit_kinematics_plugin_loader.so.2.5.9" to ""
[3.759s] -- Up-to-date: /home/salem/graduation_project_ws/install/moveit_ros_planning/lib/libmoveit_kinematics_plugin_loader.so
[3.759s] -- Installing: /home/salem/graduation_project_ws/install/moveit_ros_planning/lib/libmoveit_robot_model_loader.so.2.5.9
[3.759s] -- Set runtime path of "/home/salem/graduation_project_ws/install/moveit_ros_planning/lib/libmoveit_robot_model_loader.so.2.5.9" to ""
[3.760s] -- Up-to-date: /home/salem/graduation_project_ws/install/moveit_ros_planning/lib/libmoveit_robot_model_loader.so
[3.760s] -- Installing: /home/salem/graduation_project_ws/install/moveit_ros_planning/lib/libmoveit_constraint_sampler_manager_loader.so.2.5.9
[3.761s] -- Set runtime path of "/home/salem/graduation_project_ws/install/moveit_ros_planning/lib/libmoveit_constraint_sampler_manager_loader.so.2.5.9" to ""
[3.761s] -- Up-to-date: /home/salem/graduation_project_ws/install/moveit_ros_planning/lib/libmoveit_constraint_sampler_manager_loader.so
[3.761s] -- Installing: /home/salem/graduation_project_ws/install/moveit_ros_planning/lib/libmoveit_planning_pipeline.so.2.5.9
[3.762s] -- Set runtime path of "/home/salem/graduation_project_ws/install/moveit_ros_planning/lib/libmoveit_planning_pipeline.so.2.5.9" to ""
[3.762s] -- Up-to-date: /home/salem/graduation_project_ws/install/moveit_ros_planning/lib/libmoveit_planning_pipeline.so
[3.763s] -- Installing: /home/salem/graduation_project_ws/install/moveit_ros_planning/lib/libmoveit_trajectory_execution_manager.so.2.5.9
[3.765s] -- Set runtime path of "/home/salem/graduation_project_ws/install/moveit_ros_planning/lib/libmoveit_trajectory_execution_manager.so.2.5.9" to ""
[3.765s] -- Up-to-date: /home/salem/graduation_project_ws/install/moveit_ros_planning/lib/libmoveit_trajectory_execution_manager.so
[3.765s] -- Installing: /home/salem/graduation_project_ws/install/moveit_ros_planning/lib/libmoveit_plan_execution.so.2.5.9
[3.765s] -- Set runtime path of "/home/salem/graduation_project_ws/install/moveit_ros_planning/lib/libmoveit_plan_execution.so.2.5.9" to ""
[3.765s] -- Up-to-date: /home/salem/graduation_project_ws/install/moveit_ros_planning/lib/libmoveit_plan_execution.so
[3.766s] -- Installing: /home/salem/graduation_project_ws/install/moveit_ros_planning/lib/libmoveit_planning_scene_monitor.so.2.5.9
[3.770s] -- Set runtime path of "/home/salem/graduation_project_ws/install/moveit_ros_planning/lib/libmoveit_planning_scene_monitor.so.2.5.9" to ""
[3.770s] -- Up-to-date: /home/salem/graduation_project_ws/install/moveit_ros_planning/lib/libmoveit_planning_scene_monitor.so
[3.770s] -- Installing: /home/salem/graduation_project_ws/install/moveit_ros_planning/lib/libmoveit_collision_plugin_loader.so.2.5.9
[3.771s] -- Set runtime path of "/home/salem/graduation_project_ws/install/moveit_ros_planning/lib/libmoveit_collision_plugin_loader.so.2.5.9" to ""
[3.771s] -- Up-to-date: /home/salem/graduation_project_ws/install/moveit_ros_planning/lib/libmoveit_collision_plugin_loader.so
[3.771s] -- Installing: /home/salem/graduation_project_ws/install/moveit_ros_planning/lib/libmoveit_default_planning_request_adapter_plugins.so.2.5.9
[3.772s] -- Set runtime path of "/home/salem/graduation_project_ws/install/moveit_ros_planning/lib/libmoveit_default_planning_request_adapter_plugins.so.2.5.9" to ""
[3.772s] -- Up-to-date: /home/salem/graduation_project_ws/install/moveit_ros_planning/lib/libmoveit_default_planning_request_adapter_plugins.so
[3.772s] -- Installing: /home/salem/graduation_project_ws/install/moveit_ros_planning/lib/libmoveit_cpp.so.2.5.9
[3.773s] -- Set runtime path of "/home/salem/graduation_project_ws/install/moveit_ros_planning/lib/libmoveit_cpp.so.2.5.9" to ""
[3.773s] -- Up-to-date: /home/salem/graduation_project_ws/install/moveit_ros_planning/lib/libmoveit_cpp.so
[3.773s] -- Up-to-date: /home/salem/graduation_project_ws/install/moveit_ros_planning/share/moveit_ros_planning/environment/library_path.sh
[3.773s] -- Installing: /home/salem/graduation_project_ws/install/moveit_ros_planning/share/moveit_ros_planning/environment/library_path.dsv
[3.773s] -- Up-to-date: /home/salem/graduation_project_ws/install/moveit_ros_planning/share/moveit_ros_planning/planning_request_adapters_plugin_description.xml
[3.774s] -- Up-to-date: /home/salem/graduation_project_ws/install/moveit_ros_planning/share/ament_index/resource_index/package_run_dependencies/moveit_ros_planning
[3.774s] -- Up-to-date: /home/salem/graduation_project_ws/install/moveit_ros_planning/share/ament_index/resource_index/parent_prefix_path/moveit_ros_planning
[3.774s] -- Up-to-date: /home/salem/graduation_project_ws/install/moveit_ros_planning/share/moveit_ros_planning/environment/ament_prefix_path.sh
[3.774s] -- Installing: /home/salem/graduation_project_ws/install/moveit_ros_planning/share/moveit_ros_planning/environment/ament_prefix_path.dsv
[3.774s] -- Up-to-date: /home/salem/graduation_project_ws/install/moveit_ros_planning/share/moveit_ros_planning/environment/path.sh
[3.774s] -- Installing: /home/salem/graduation_project_ws/install/moveit_ros_planning/share/moveit_ros_planning/environment/path.dsv
[3.774s] -- Up-to-date: /home/salem/graduation_project_ws/install/moveit_ros_planning/share/moveit_ros_planning/local_setup.bash
[3.774s] -- Up-to-date: /home/salem/graduation_project_ws/install/moveit_ros_planning/share/moveit_ros_planning/local_setup.sh
[3.774s] -- Up-to-date: /home/salem/graduation_project_ws/install/moveit_ros_planning/share/moveit_ros_planning/local_setup.zsh
[3.774s] -- Installing: /home/salem/graduation_project_ws/install/moveit_ros_planning/share/moveit_ros_planning/local_setup.dsv
[3.774s] -- Installing: /home/salem/graduation_project_ws/install/moveit_ros_planning/share/moveit_ros_planning/package.dsv
[3.775s] -- Up-to-date: /home/salem/graduation_project_ws/install/moveit_ros_planning/share/ament_index/resource_index/packages/moveit_ros_planning
[3.775s] -- Up-to-date: /home/salem/graduation_project_ws/install/moveit_ros_planning/share/ament_index/resource_index/moveit_core__pluginlib__plugin/moveit_ros_planning
[3.775s] -- Up-to-date: /home/salem/graduation_project_ws/install/moveit_ros_planning/share/moveit_ros_planning/cmake/export_moveit_ros_planningExport.cmake
[3.775s] -- Up-to-date: /home/salem/graduation_project_ws/install/moveit_ros_planning/share/moveit_ros_planning/cmake/export_moveit_ros_planningExport-release.cmake
[3.775s] -- Up-to-date: /home/salem/graduation_project_ws/install/moveit_ros_planning/share/moveit_ros_planning/cmake/ConfigExtras.cmake
[3.775s] -- Up-to-date: /home/salem/graduation_project_ws/install/moveit_ros_planning/share/moveit_ros_planning/cmake/ament_cmake_export_targets-extras.cmake
[3.775s] -- Up-to-date: /home/salem/graduation_project_ws/install/moveit_ros_planning/share/moveit_ros_planning/cmake/ament_cmake_export_dependencies-extras.cmake
[3.775s] -- Up-to-date: /home/salem/graduation_project_ws/install/moveit_ros_planning/share/moveit_ros_planning/cmake/moveit_ros_planningConfig.cmake
[3.775s] -- Up-to-date: /home/salem/graduation_project_ws/install/moveit_ros_planning/share/moveit_ros_planning/cmake/moveit_ros_planningConfig-version.cmake
[3.775s] -- Up-to-date: /home/salem/graduation_project_ws/install/moveit_ros_planning/share/moveit_ros_planning/package.xml
[3.777s] Invoked command in '/home/salem/graduation_project_ws/build/moveit_ros_planning' returned '0': AMENT_PREFIX_PATH=/home/salem/graduation_project_ws/install/moveit_ros_occupancy_map_monitor:/home/salem/graduation_project_ws/install/moveit_core:/home/salem/graduation_project_ws/install/moveit_resources_panda_moveit_config:/home/salem/graduation_project_ws/install/moveit_configs_utils:/home/salem/graduation_project_ws/install/srdfdom:/home/salem/graduation_project_ws/install/moveit_resources_pr2_description:/home/salem/graduation_project_ws/install/moveit_resources_panda_description:/home/salem/graduation_project_ws/install/moveit_common:/home/salem/graduation_project_ws/install/launch_param_builder:${AMENT_PREFIX_PATH} CMAKE_PREFIX_PATH=/home/salem/graduation_project_ws/install/moveit_ros_occupancy_map_monitor:/home/salem/graduation_project_ws/install/moveit_core:/home/salem/graduation_project_ws/install/moveit_resources_panda_moveit_config:/home/salem/graduation_project_ws/install/srdfdom:/home/salem/graduation_project_ws/install/moveit_resources_pr2_description:/home/salem/graduation_project_ws/install/moveit_resources_panda_description:/home/salem/graduation_project_ws/install/moveit_common:/home/salem/ros2_ws/install/labvolt5250a0_description:/home/salem/ws_moveit2/install/pilz_industrial_motion_planner_testutils:/home/salem/ws_moveit2/install/panda_moveit_config:/home/salem/ws_moveit2/install/moveit_runtime:/home/salem/ws_moveit2/install/moveit2_tutorials:/home/salem/ws_moveit2/install/moveit:/home/salem/ws_moveit2/install/moveit_planners:/home/salem/ws_moveit2/install/pilz_industrial_motion_planner:/home/salem/ws_moveit2/install/moveit_visual_tools:/home/salem/ws_moveit2/install/moveit_task_constructor_visualization:/home/salem/ws_moveit2/install/moveit_task_constructor_demo:/home/salem/ws_moveit2/install/moveit_task_constructor_capabilities:/home/salem/ws_moveit2/install/moveit_task_constructor_core:/home/salem/ws_moveit2/install/moveit_ros_control_interface:/home/salem/ws_moveit2/install/moveit_plugins:/home/salem/ws_moveit2/install/moveit_simple_controller_manager:/home/salem/ws_moveit2/install/moveit_setup_assistant:/home/salem/ws_moveit2/install/moveit_setup_srdf_plugins:/home/salem/ws_moveit2/install/moveit_setup_core_plugins:/home/salem/ws_moveit2/install/moveit_setup_controllers:/home/salem/ws_moveit2/install/moveit_setup_app_plugins:/home/salem/ws_moveit2/install/moveit_setup_framework:/home/salem/ws_moveit2/install/moveit_servo:/home/salem/ws_moveit2/install/moveit_ros:/home/salem/ws_moveit2/install/moveit_ros_visualization:/home/salem/ws_moveit2/install/moveit_hybrid_planning:/home/salem/ws_moveit2/install/moveit_ros_planning_interface:/home/salem/ws_moveit2/install/moveit_ros_benchmarks:/home/salem/ws_moveit2/install/moveit_ros_warehouse:/home/salem/ws_moveit2/install/moveit_ros_robot_interaction:/home/salem/ws_moveit2/install/moveit_ros_perception:/home/salem/ws_moveit2/install/moveit_resources_prbt_pg70_support:/home/salem/ws_moveit2/install/moveit_resources_prbt_moveit_config:/home/salem/ws_moveit2/install/moveit_ros_move_group:/home/salem/ws_moveit2/install/moveit_planners_ompl:/home/salem/ws_moveit2/install/moveit_ros_planning:/home/salem/ws_moveit2/install/moveit_ros_occupancy_map_monitor:/home/salem/ws_moveit2/install/moveit_resources_prbt_ikfast_manipulator_plugin:/home/salem/ws_moveit2/install/moveit_planners_chomp:/home/salem/ws_moveit2/install/moveit_kinematics:/home/salem/ws_moveit2/install/moveit_chomp_optimizer_adapter:/home/salem/ws_moveit2/install/chomp_motion_planner:/home/salem/ws_moveit2/install/moveit_core:/home/salem/ws_moveit2/install/srdfdom:/home/salem/ws_moveit2/install/rviz_marker_tools:/home/salem/ws_moveit2/install/rosparam_shortcuts:/home/salem/ws_moveit2/install/moveit_task_constructor_msgs:/home/salem/ws_moveit2/install/moveit_resources_prbt_support:/home/salem/ws_moveit2/install/moveit_resources:/home/salem/ws_moveit2/install/moveit_resources_pr2_description:/home/salem/ws_moveit2/install/moveit_resources_panda_moveit_config:/home/salem/ws_moveit2/install/moveit_resources_panda_description:/home/salem/ws_moveit2/install/moveit_resources_fanuc_moveit_config:/home/salem/ws_moveit2/install/moveit_resources_fanuc_description:/home/salem/ws_moveit2/install/moveit_common:/home/salem/microros_ws/install/micro_ros_setup:/home/salem/ros2_ws/install/my_robot_controller:/home/salem/ws_moveit2/install/moveit_configs_utils:/home/salem/ws_moveit2/install/launch_param_builder:/opt/ros/humble LD_LIBRARY_PATH=/home/salem/graduation_project_ws/install/moveit_ros_occupancy_map_monitor/lib:/home/salem/graduation_project_ws/install/moveit_core/lib:/home/salem/graduation_project_ws/install/srdfdom/lib:${LD_LIBRARY_PATH} PATH=/home/salem/graduation_project_ws/install/moveit_core/bin:${PATH} PYTHONPATH=/home/salem/graduation_project_ws/install/moveit_configs_utils/lib/python3.10/site-packages:/home/salem/graduation_project_ws/install/srdfdom/local/lib/python3.10/dist-packages:/home/salem/graduation_project_ws/install/launch_param_builder/lib/python3.10/site-packages:${PYTHONPATH} /usr/bin/cmake --install /home/salem/graduation_project_ws/build/moveit_ros_planning
