[0.280s] Invoking command in '/home/salem/graduation_project_ws/build/two_wheeled_robot': CMAKE_PREFIX_PATH=${CMAKE_PREFIX_PATH}:/home/salem/ros2_ws/install/my_robot_controller:/home/salem/ws_moveit2/install/moveit_configs_utils:/home/salem/ws_moveit2/install/launch_param_builder:/opt/ros/humble /usr/bin/cmake /home/salem/graduation_project_ws/src/two_wheeled_robot -DCMAKE_INSTALL_PREFIX=/home/salem/graduation_project_ws/install/two_wheeled_robot
[0.357s] -- The C compiler identification is GNU 11.4.0
[0.430s] -- The CXX compiler identification is GNU 11.4.0
[0.441s] -- Detecting C compiler ABI info
[0.552s] -- Detecting C compiler ABI info - done
[0.562s] -- Check for working C compiler: /usr/bin/cc - skipped
[0.562s] -- Detecting C compile features
[0.562s] -- Detecting C compile features - done
[0.567s] -- Detecting CXX compiler ABI info
[0.684s] -- Detecting CXX compiler ABI info - done
[0.689s] -- Check for working CXX compiler: /usr/bin/c++ - skipped
[0.689s] -- Detecting CXX compile features
[0.689s] -- Detecting CXX compile features - done
[0.698s] -- Found ament_cmake: 1.3.11 (/opt/ros/humble/share/ament_cmake/cmake)
[0.898s] -- Found Python3: /usr/bin/python3 (found version "3.10.12") found components: Interpreter 
[1.100s] -- Found ament_lint_auto: 0.12.12 (/opt/ros/humble/share/ament_lint_auto/cmake)
[1.225s] -- Added test 'flake8' to check Python code syntax and style conventions
[1.226s] -- Added test 'lint_cmake' to check CMake code style
[1.228s] -- Added test 'pep257' to check Python code against some of the docstring style conventions in PEP 257
[1.232s] -- Added test 'xmllint' to check XML markup files
[1.234s] -- Configuring done
[1.237s] -- Generating done
[1.239s] -- Build files have been written to: /home/salem/graduation_project_ws/build/two_wheeled_robot
[1.252s] Invoked command in '/home/salem/graduation_project_ws/build/two_wheeled_robot' returned '0': CMAKE_PREFIX_PATH=${CMAKE_PREFIX_PATH}:/home/salem/ros2_ws/install/my_robot_controller:/home/salem/ws_moveit2/install/moveit_configs_utils:/home/salem/ws_moveit2/install/launch_param_builder:/opt/ros/humble /usr/bin/cmake /home/salem/graduation_project_ws/src/two_wheeled_robot -DCMAKE_INSTALL_PREFIX=/home/salem/graduation_project_ws/install/two_wheeled_robot
[1.253s] Invoking command in '/home/salem/graduation_project_ws/build/two_wheeled_robot': CMAKE_PREFIX_PATH=${CMAKE_PREFIX_PATH}:/home/salem/ros2_ws/install/my_robot_controller:/home/salem/ws_moveit2/install/moveit_configs_utils:/home/salem/ws_moveit2/install/launch_param_builder:/opt/ros/humble /usr/bin/cmake --build /home/salem/graduation_project_ws/build/two_wheeled_robot -- -j16 -l16
[1.309s] Invoked command in '/home/salem/graduation_project_ws/build/two_wheeled_robot' returned '0': CMAKE_PREFIX_PATH=${CMAKE_PREFIX_PATH}:/home/salem/ros2_ws/install/my_robot_controller:/home/salem/ws_moveit2/install/moveit_configs_utils:/home/salem/ws_moveit2/install/launch_param_builder:/opt/ros/humble /usr/bin/cmake --build /home/salem/graduation_project_ws/build/two_wheeled_robot -- -j16 -l16
[1.311s] Invoking command in '/home/salem/graduation_project_ws/build/two_wheeled_robot': CMAKE_PREFIX_PATH=${CMAKE_PREFIX_PATH}:/home/salem/ros2_ws/install/my_robot_controller:/home/salem/ws_moveit2/install/moveit_configs_utils:/home/salem/ws_moveit2/install/launch_param_builder:/opt/ros/humble /usr/bin/cmake --install /home/salem/graduation_project_ws/build/two_wheeled_robot
[1.322s] -- Install configuration: ""
[1.322s] -- Installing: /home/salem/graduation_project_ws/install/two_wheeled_robot/share/two_wheeled_robot/config
[1.322s] -- Installing: /home/salem/graduation_project_ws/install/two_wheeled_robot/share/two_wheeled_robot/launch
[1.323s] -- Installing: /home/salem/graduation_project_ws/install/two_wheeled_robot/share/two_wheeled_robot/launch/two_wheeled_robot.launch.py
[1.323s] -- Installing: /home/salem/graduation_project_ws/install/two_wheeled_robot/share/two_wheeled_robot/maps
[1.323s] -- Installing: /home/salem/graduation_project_ws/install/two_wheeled_robot/share/two_wheeled_robot/meshes
[1.323s] -- Installing: /home/salem/graduation_project_ws/install/two_wheeled_robot/share/two_wheeled_robot/meshes/part_5.stl
[1.323s] -- Installing: /home/salem/graduation_project_ws/install/two_wheeled_robot/share/two_wheeled_robot/meshes/part_7.stl
[1.323s] -- Installing: /home/salem/graduation_project_ws/install/two_wheeled_robot/share/two_wheeled_robot/meshes/part_6.part
[1.323s] -- Installing: /home/salem/graduation_project_ws/install/two_wheeled_robot/share/two_wheeled_robot/meshes/part_2.part
[1.323s] -- Installing: /home/salem/graduation_project_ws/install/two_wheeled_robot/share/two_wheeled_robot/meshes/part_2.stl
[1.324s] -- Installing: /home/salem/graduation_project_ws/install/two_wheeled_robot/share/two_wheeled_robot/meshes/part_3.stl
[1.324s] -- Installing: /home/salem/graduation_project_ws/install/two_wheeled_robot/share/two_wheeled_robot/meshes/part_5.part
[1.324s] -- Installing: /home/salem/graduation_project_ws/install/two_wheeled_robot/share/two_wheeled_robot/meshes/part_3.part
[1.324s] -- Installing: /home/salem/graduation_project_ws/install/two_wheeled_robot/share/two_wheeled_robot/meshes/part_4.part
[1.324s] -- Installing: /home/salem/graduation_project_ws/install/two_wheeled_robot/share/two_wheeled_robot/meshes/part_4.stl
[1.324s] -- Installing: /home/salem/graduation_project_ws/install/two_wheeled_robot/share/two_wheeled_robot/meshes/part_7.part
[1.325s] -- Installing: /home/salem/graduation_project_ws/install/two_wheeled_robot/share/two_wheeled_robot/meshes/part_6.stl
[1.325s] -- Installing: /home/salem/graduation_project_ws/install/two_wheeled_robot/share/two_wheeled_robot/models
[1.325s] -- Installing: /home/salem/graduation_project_ws/install/two_wheeled_robot/share/two_wheeled_robot/params
[1.325s] -- Installing: /home/salem/graduation_project_ws/install/two_wheeled_robot/share/two_wheeled_robot/rviz
[1.325s] -- Installing: /home/salem/graduation_project_ws/install/two_wheeled_robot/share/two_wheeled_robot/rviz/rviz_basic_settings.rviz
[1.325s] -- Installing: /home/salem/graduation_project_ws/install/two_wheeled_robot/share/two_wheeled_robot/src
[1.325s] -- Installing: /home/salem/graduation_project_ws/install/two_wheeled_robot/share/two_wheeled_robot/urdf
[1.325s] -- Installing: /home/salem/graduation_project_ws/install/two_wheeled_robot/share/two_wheeled_robot/urdf/two_wheeled_robot.urdf
[1.325s] -- Installing: /home/salem/graduation_project_ws/install/two_wheeled_robot/share/two_wheeled_robot/worlds
[1.326s] -- Installing: /home/salem/graduation_project_ws/install/two_wheeled_robot/share/ament_index/resource_index/package_run_dependencies/two_wheeled_robot
[1.326s] -- Installing: /home/salem/graduation_project_ws/install/two_wheeled_robot/share/ament_index/resource_index/parent_prefix_path/two_wheeled_robot
[1.326s] -- Installing: /home/salem/graduation_project_ws/install/two_wheeled_robot/share/two_wheeled_robot/environment/ament_prefix_path.sh
[1.326s] -- Installing: /home/salem/graduation_project_ws/install/two_wheeled_robot/share/two_wheeled_robot/environment/ament_prefix_path.dsv
[1.326s] -- Installing: /home/salem/graduation_project_ws/install/two_wheeled_robot/share/two_wheeled_robot/environment/path.sh
[1.326s] -- Installing: /home/salem/graduation_project_ws/install/two_wheeled_robot/share/two_wheeled_robot/environment/path.dsv
[1.326s] -- Installing: /home/salem/graduation_project_ws/install/two_wheeled_robot/share/two_wheeled_robot/local_setup.bash
[1.326s] -- Installing: /home/salem/graduation_project_ws/install/two_wheeled_robot/share/two_wheeled_robot/local_setup.sh
[1.327s] -- Installing: /home/salem/graduation_project_ws/install/two_wheeled_robot/share/two_wheeled_robot/local_setup.zsh
[1.327s] -- Installing: /home/salem/graduation_project_ws/install/two_wheeled_robot/share/two_wheeled_robot/local_setup.dsv
[1.327s] -- Installing: /home/salem/graduation_project_ws/install/two_wheeled_robot/share/two_wheeled_robot/package.dsv
[1.327s] -- Installing: /home/salem/graduation_project_ws/install/two_wheeled_robot/share/ament_index/resource_index/packages/two_wheeled_robot
[1.327s] -- Installing: /home/salem/graduation_project_ws/install/two_wheeled_robot/share/two_wheeled_robot/cmake/two_wheeled_robotConfig.cmake
[1.327s] -- Installing: /home/salem/graduation_project_ws/install/two_wheeled_robot/share/two_wheeled_robot/cmake/two_wheeled_robotConfig-version.cmake
[1.327s] -- Installing: /home/salem/graduation_project_ws/install/two_wheeled_robot/share/two_wheeled_robot/package.xml
[1.332s] Invoked command in '/home/salem/graduation_project_ws/build/two_wheeled_robot' returned '0': CMAKE_PREFIX_PATH=${CMAKE_PREFIX_PATH}:/home/salem/ros2_ws/install/my_robot_controller:/home/salem/ws_moveit2/install/moveit_configs_utils:/home/salem/ws_moveit2/install/launch_param_builder:/opt/ros/humble /usr/bin/cmake --install /home/salem/graduation_project_ws/build/two_wheeled_robot
