[0.074s] Invoking command in '/home/salem/graduation_project_ws/build/moveit_resources_panda_description': CMAKE_PREFIX_PATH=${CMAKE_PREFIX_PATH}:/home/salem/ros2_ws/install/my_robot_controller:/home/salem/ws_moveit2/install/moveit_configs_utils:/home/salem/ws_moveit2/install/launch_param_builder:/opt/ros/humble /usr/bin/cmake /home/salem/graduation_project_ws/src/moveit_resources/panda_description -DCMAKE_INSTALL_PREFIX=/home/salem/graduation_project_ws/install/moveit_resources_panda_description
[0.335s] -- The C compiler identification is GNU 11.4.0
[0.335s] -- The CXX compiler identification is GNU 11.4.0
[0.335s] -- Detecting C compiler ABI info
[0.336s] -- Detecting C compiler ABI info - done
[0.336s] -- Check for working C compiler: /usr/bin/cc - skipped
[0.336s] -- Detecting C compile features
[0.336s] -- Detecting C compile features - done
[0.336s] -- Detecting CXX compiler ABI info
[0.408s] -- Detecting CXX compiler ABI info - done
[0.414s] -- Check for working CXX compiler: /usr/bin/c++ - skipped
[0.415s] -- Detecting CXX compile features
[0.415s] -- Detecting CXX compile features - done
[0.424s] -- Found ament_cmake: 1.3.11 (/opt/ros/humble/share/ament_cmake/cmake)
[0.623s] -- Found Python3: /usr/bin/python3 (found version "3.10.12") found components: Interpreter 
[0.883s] -- Configuring done
[0.886s] -- Generating done
[0.887s] -- Build files have been written to: /home/salem/graduation_project_ws/build/moveit_resources_panda_description
[0.893s] Invoked command in '/home/salem/graduation_project_ws/build/moveit_resources_panda_description' returned '0': CMAKE_PREFIX_PATH=${CMAKE_PREFIX_PATH}:/home/salem/ros2_ws/install/my_robot_controller:/home/salem/ws_moveit2/install/moveit_configs_utils:/home/salem/ws_moveit2/install/launch_param_builder:/opt/ros/humble /usr/bin/cmake /home/salem/graduation_project_ws/src/moveit_resources/panda_description -DCMAKE_INSTALL_PREFIX=/home/salem/graduation_project_ws/install/moveit_resources_panda_description
[0.895s] Invoking command in '/home/salem/graduation_project_ws/build/moveit_resources_panda_description': CMAKE_PREFIX_PATH=${CMAKE_PREFIX_PATH}:/home/salem/ros2_ws/install/my_robot_controller:/home/salem/ws_moveit2/install/moveit_configs_utils:/home/salem/ws_moveit2/install/launch_param_builder:/opt/ros/humble /usr/bin/cmake --build /home/salem/graduation_project_ws/build/moveit_resources_panda_description -- -j16 -l16
[0.967s] Invoked command in '/home/salem/graduation_project_ws/build/moveit_resources_panda_description' returned '0': CMAKE_PREFIX_PATH=${CMAKE_PREFIX_PATH}:/home/salem/ros2_ws/install/my_robot_controller:/home/salem/ws_moveit2/install/moveit_configs_utils:/home/salem/ws_moveit2/install/launch_param_builder:/opt/ros/humble /usr/bin/cmake --build /home/salem/graduation_project_ws/build/moveit_resources_panda_description -- -j16 -l16
[0.970s] Invoking command in '/home/salem/graduation_project_ws/build/moveit_resources_panda_description': CMAKE_PREFIX_PATH=${CMAKE_PREFIX_PATH}:/home/salem/ros2_ws/install/my_robot_controller:/home/salem/ws_moveit2/install/moveit_configs_utils:/home/salem/ws_moveit2/install/launch_param_builder:/opt/ros/humble /usr/bin/cmake --install /home/salem/graduation_project_ws/build/moveit_resources_panda_description
[0.986s] -- Install configuration: ""
[0.986s] -- Installing: /home/salem/graduation_project_ws/install/moveit_resources_panda_description/share/ament_index/resource_index/package_run_dependencies/moveit_resources_panda_description
[0.986s] -- Installing: /home/salem/graduation_project_ws/install/moveit_resources_panda_description/share/ament_index/resource_index/parent_prefix_path/moveit_resources_panda_description
[0.987s] -- Installing: /home/salem/graduation_project_ws/install/moveit_resources_panda_description/share/moveit_resources_panda_description/environment/ament_prefix_path.sh
[0.987s] -- Installing: /home/salem/graduation_project_ws/install/moveit_resources_panda_description/share/moveit_resources_panda_description/environment/ament_prefix_path.dsv
[0.987s] -- Installing: /home/salem/graduation_project_ws/install/moveit_resources_panda_description/share/moveit_resources_panda_description/environment/path.sh
[0.987s] -- Installing: /home/salem/graduation_project_ws/install/moveit_resources_panda_description/share/moveit_resources_panda_description/environment/path.dsv
[0.987s] -- Installing: /home/salem/graduation_project_ws/install/moveit_resources_panda_description/share/moveit_resources_panda_description/local_setup.bash
[0.987s] -- Installing: /home/salem/graduation_project_ws/install/moveit_resources_panda_description/share/moveit_resources_panda_description/local_setup.sh
[0.987s] -- Installing: /home/salem/graduation_project_ws/install/moveit_resources_panda_description/share/moveit_resources_panda_description/local_setup.zsh
[0.988s] -- Installing: /home/salem/graduation_project_ws/install/moveit_resources_panda_description/share/moveit_resources_panda_description/local_setup.dsv
[0.988s] -- Installing: /home/salem/graduation_project_ws/install/moveit_resources_panda_description/share/moveit_resources_panda_description/package.dsv
[0.988s] -- Installing: /home/salem/graduation_project_ws/install/moveit_resources_panda_description/share/ament_index/resource_index/packages/moveit_resources_panda_description
[0.988s] -- Installing: /home/salem/graduation_project_ws/install/moveit_resources_panda_description/share/moveit_resources_panda_description/cmake/moveit_resources_panda_descriptionConfig.cmake
[0.988s] -- Installing: /home/salem/graduation_project_ws/install/moveit_resources_panda_description/share/moveit_resources_panda_description/cmake/moveit_resources_panda_descriptionConfig-version.cmake
[0.988s] -- Installing: /home/salem/graduation_project_ws/install/moveit_resources_panda_description/share/moveit_resources_panda_description/package.xml
[0.989s] -- Installing: /home/salem/graduation_project_ws/install/moveit_resources_panda_description/share/moveit_resources_panda_description/meshes
[0.989s] -- Installing: /home/salem/graduation_project_ws/install/moveit_resources_panda_description/share/moveit_resources_panda_description/meshes/visual
[0.989s] -- Installing: /home/salem/graduation_project_ws/install/moveit_resources_panda_description/share/moveit_resources_panda_description/meshes/visual/link2.dae
[0.990s] -- Installing: /home/salem/graduation_project_ws/install/moveit_resources_panda_description/share/moveit_resources_panda_description/meshes/visual/link1.dae
[0.992s] -- Installing: /home/salem/graduation_project_ws/install/moveit_resources_panda_description/share/moveit_resources_panda_description/meshes/visual/link5.dae
[0.994s] -- Installing: /home/salem/graduation_project_ws/install/moveit_resources_panda_description/share/moveit_resources_panda_description/meshes/visual/hand.dae
[0.995s] -- Installing: /home/salem/graduation_project_ws/install/moveit_resources_panda_description/share/moveit_resources_panda_description/meshes/visual/link3.dae
[0.997s] -- Installing: /home/salem/graduation_project_ws/install/moveit_resources_panda_description/share/moveit_resources_panda_description/meshes/visual/link6.dae
[1.000s] -- Installing: /home/salem/graduation_project_ws/install/moveit_resources_panda_description/share/moveit_resources_panda_description/meshes/visual/link4.dae
[1.002s] -- Installing: /home/salem/graduation_project_ws/install/moveit_resources_panda_description/share/moveit_resources_panda_description/meshes/visual/link0.dae
[1.004s] -- Installing: /home/salem/graduation_project_ws/install/moveit_resources_panda_description/share/moveit_resources_panda_description/meshes/visual/link7.dae
[1.006s] -- Installing: /home/salem/graduation_project_ws/install/moveit_resources_panda_description/share/moveit_resources_panda_description/meshes/visual/finger.dae
[1.006s] -- Installing: /home/salem/graduation_project_ws/install/moveit_resources_panda_description/share/moveit_resources_panda_description/meshes/collision
[1.006s] -- Installing: /home/salem/graduation_project_ws/install/moveit_resources_panda_description/share/moveit_resources_panda_description/meshes/collision/link3.stl
[1.006s] -- Installing: /home/salem/graduation_project_ws/install/moveit_resources_panda_description/share/moveit_resources_panda_description/meshes/collision/link6.stl
[1.006s] -- Installing: /home/salem/graduation_project_ws/install/moveit_resources_panda_description/share/moveit_resources_panda_description/meshes/collision/link0.stl
[1.006s] -- Installing: /home/salem/graduation_project_ws/install/moveit_resources_panda_description/share/moveit_resources_panda_description/meshes/collision/link2.stl
[1.007s] -- Installing: /home/salem/graduation_project_ws/install/moveit_resources_panda_description/share/moveit_resources_panda_description/meshes/collision/finger.stl
[1.007s] -- Installing: /home/salem/graduation_project_ws/install/moveit_resources_panda_description/share/moveit_resources_panda_description/meshes/collision/link4.stl
[1.007s] -- Installing: /home/salem/graduation_project_ws/install/moveit_resources_panda_description/share/moveit_resources_panda_description/meshes/collision/hand.stl
[1.007s] -- Installing: /home/salem/graduation_project_ws/install/moveit_resources_panda_description/share/moveit_resources_panda_description/meshes/collision/link5.stl
[1.007s] -- Installing: /home/salem/graduation_project_ws/install/moveit_resources_panda_description/share/moveit_resources_panda_description/meshes/collision/link7.stl
[1.007s] -- Installing: /home/salem/graduation_project_ws/install/moveit_resources_panda_description/share/moveit_resources_panda_description/meshes/collision/link1.stl
[1.008s] -- Installing: /home/salem/graduation_project_ws/install/moveit_resources_panda_description/share/moveit_resources_panda_description/urdf
[1.008s] -- Installing: /home/salem/graduation_project_ws/install/moveit_resources_panda_description/share/moveit_resources_panda_description/urdf/panda.urdf
[1.014s] Invoked command in '/home/salem/graduation_project_ws/build/moveit_resources_panda_description' returned '0': CMAKE_PREFIX_PATH=${CMAKE_PREFIX_PATH}:/home/salem/ros2_ws/install/my_robot_controller:/home/salem/ws_moveit2/install/moveit_configs_utils:/home/salem/ws_moveit2/install/launch_param_builder:/opt/ros/humble /usr/bin/cmake --install /home/salem/graduation_project_ws/build/moveit_resources_panda_description
