[0.584s] Invoking command in '/home/salem/graduation_project_ws/src/moveit2/moveit_configs_utils': AMENT_PREFIX_PATH=/home/salem/graduation_project_ws/install/srdfdom:/home/salem/graduation_project_ws/install/launch_param_builder:${AMENT_PREFIX_PATH} CMAKE_PREFIX_PATH=/home/salem/graduation_project_ws/install/srdfdom:${CMAKE_PREFIX_PATH} LD_LIBRARY_PATH=/home/salem/graduation_project_ws/install/srdfdom/lib:${LD_LIBRARY_PATH} PYTHONPATH=/home/salem/graduation_project_ws/build/moveit_configs_utils/prefix_override:/usr/lib/python3/dist-packages/colcon_core/task/python/colcon_distutils_commands:/home/salem/graduation_project_ws/install/moveit_configs_utils/lib/python3.10/site-packages:/home/salem/graduation_project_ws/install/srdfdom/local/lib/python3.10/dist-packages:/home/salem/graduation_project_ws/install/launch_param_builder/lib/python3.10/site-packages:${PYTHONPATH} /usr/bin/python3 -W ignore:setup.py install is deprecated -W ignore:easy_install command is deprecated setup.py egg_info --egg-base ../../../build/moveit_configs_utils build --build-base /home/salem/graduation_project_ws/build/moveit_configs_utils/build install --record /home/salem/graduation_project_ws/build/moveit_configs_utils/install.log --single-version-externally-managed install_data
[0.798s] running egg_info
[0.798s] writing ../../../build/moveit_configs_utils/moveit_configs_utils.egg-info/PKG-INFO
[0.798s] writing dependency_links to ../../../build/moveit_configs_utils/moveit_configs_utils.egg-info/dependency_links.txt
[0.798s] writing entry points to ../../../build/moveit_configs_utils/moveit_configs_utils.egg-info/entry_points.txt
[0.799s] writing requirements to ../../../build/moveit_configs_utils/moveit_configs_utils.egg-info/requires.txt
[0.799s] writing top-level names to ../../../build/moveit_configs_utils/moveit_configs_utils.egg-info/top_level.txt
[0.800s] reading manifest file '../../../build/moveit_configs_utils/moveit_configs_utils.egg-info/SOURCES.txt'
[0.801s] writing manifest file '../../../build/moveit_configs_utils/moveit_configs_utils.egg-info/SOURCES.txt'
[0.801s] running build
[0.801s] running build_py
[0.802s] running install
[0.802s] running install_lib
[0.804s] running install_data
[0.804s] running install_egg_info
[0.806s] removing '/home/salem/graduation_project_ws/install/moveit_configs_utils/lib/python3.10/site-packages/moveit_configs_utils-2.5.9-py3.10.egg-info' (and everything under it)
[0.806s] Copying ../../../build/moveit_configs_utils/moveit_configs_utils.egg-info to /home/salem/graduation_project_ws/install/moveit_configs_utils/lib/python3.10/site-packages/moveit_configs_utils-2.5.9-py3.10.egg-info
[0.807s] running install_scripts
[0.823s] writing list of installed files to '/home/salem/graduation_project_ws/build/moveit_configs_utils/install.log'
[0.844s] Invoked command in '/home/salem/graduation_project_ws/src/moveit2/moveit_configs_utils' returned '0': AMENT_PREFIX_PATH=/home/salem/graduation_project_ws/install/srdfdom:/home/salem/graduation_project_ws/install/launch_param_builder:${AMENT_PREFIX_PATH} CMAKE_PREFIX_PATH=/home/salem/graduation_project_ws/install/srdfdom:${CMAKE_PREFIX_PATH} LD_LIBRARY_PATH=/home/salem/graduation_project_ws/install/srdfdom/lib:${LD_LIBRARY_PATH} PYTHONPATH=/home/salem/graduation_project_ws/build/moveit_configs_utils/prefix_override:/usr/lib/python3/dist-packages/colcon_core/task/python/colcon_distutils_commands:/home/salem/graduation_project_ws/install/moveit_configs_utils/lib/python3.10/site-packages:/home/salem/graduation_project_ws/install/srdfdom/local/lib/python3.10/dist-packages:/home/salem/graduation_project_ws/install/launch_param_builder/lib/python3.10/site-packages:${PYTHONPATH} /usr/bin/python3 -W ignore:setup.py install is deprecated -W ignore:easy_install command is deprecated setup.py egg_info --egg-base ../../../build/moveit_configs_utils build --build-base /home/salem/graduation_project_ws/build/moveit_configs_utils/build install --record /home/salem/graduation_project_ws/build/moveit_configs_utils/install.log --single-version-externally-managed install_data
