[0.283s] Invoking command in '/home/salem/graduation_project_ws/build/moveit_resources_fanuc_description': CMAKE_PREFIX_PATH=${CMAKE_PREFIX_PATH}:/home/salem/ros2_ws/install/my_robot_controller:/home/salem/ws_moveit2/install/moveit_configs_utils:/home/salem/ws_moveit2/install/launch_param_builder:/opt/ros/humble /usr/bin/cmake /home/salem/graduation_project_ws/src/moveit_resources/fanuc_description -DCMAKE_INSTALL_PREFIX=/home/salem/graduation_project_ws/install/moveit_resources_fanuc_description
[0.369s] -- The C compiler identification is GNU 11.4.0
[0.441s] -- The CXX compiler identification is GNU 11.4.0
[0.448s] -- Detecting C compiler ABI info
[0.541s] -- Detecting C compiler ABI info - done
[0.550s] -- Check for working C compiler: /usr/bin/cc - skipped
[0.550s] -- Detecting C compile features
[0.551s] -- Detecting C compile features - done
[0.554s] -- Detecting CXX compiler ABI info
[0.652s] -- Detecting CXX compiler ABI info - done
[0.659s] -- Check for working CXX compiler: /usr/bin/c++ - skipped
[0.659s] -- Detecting CXX compile features
[0.660s] -- Detecting CXX compile features - done
[0.670s] -- Found ament_cmake: 1.3.11 (/opt/ros/humble/share/ament_cmake/cmake)
[0.867s] -- Found Python3: /usr/bin/python3 (found version "3.10.12") found components: Interpreter 
[1.153s] -- Configuring done
[1.157s] -- Generating done
[1.159s] -- Build files have been written to: /home/salem/graduation_project_ws/build/moveit_resources_fanuc_description
[1.164s] Invoked command in '/home/salem/graduation_project_ws/build/moveit_resources_fanuc_description' returned '0': CMAKE_PREFIX_PATH=${CMAKE_PREFIX_PATH}:/home/salem/ros2_ws/install/my_robot_controller:/home/salem/ws_moveit2/install/moveit_configs_utils:/home/salem/ws_moveit2/install/launch_param_builder:/opt/ros/humble /usr/bin/cmake /home/salem/graduation_project_ws/src/moveit_resources/fanuc_description -DCMAKE_INSTALL_PREFIX=/home/salem/graduation_project_ws/install/moveit_resources_fanuc_description
[1.166s] Invoking command in '/home/salem/graduation_project_ws/build/moveit_resources_fanuc_description': CMAKE_PREFIX_PATH=${CMAKE_PREFIX_PATH}:/home/salem/ros2_ws/install/my_robot_controller:/home/salem/ws_moveit2/install/moveit_configs_utils:/home/salem/ws_moveit2/install/launch_param_builder:/opt/ros/humble /usr/bin/cmake --build /home/salem/graduation_project_ws/build/moveit_resources_fanuc_description -- -j16 -l16
[1.226s] Invoked command in '/home/salem/graduation_project_ws/build/moveit_resources_fanuc_description' returned '0': CMAKE_PREFIX_PATH=${CMAKE_PREFIX_PATH}:/home/salem/ros2_ws/install/my_robot_controller:/home/salem/ws_moveit2/install/moveit_configs_utils:/home/salem/ws_moveit2/install/launch_param_builder:/opt/ros/humble /usr/bin/cmake --build /home/salem/graduation_project_ws/build/moveit_resources_fanuc_description -- -j16 -l16
[1.228s] Invoking command in '/home/salem/graduation_project_ws/build/moveit_resources_fanuc_description': CMAKE_PREFIX_PATH=${CMAKE_PREFIX_PATH}:/home/salem/ros2_ws/install/my_robot_controller:/home/salem/ws_moveit2/install/moveit_configs_utils:/home/salem/ws_moveit2/install/launch_param_builder:/opt/ros/humble /usr/bin/cmake --install /home/salem/graduation_project_ws/build/moveit_resources_fanuc_description
[1.242s] -- Install configuration: ""
[1.242s] -- Installing: /home/salem/graduation_project_ws/install/moveit_resources_fanuc_description/share/ament_index/resource_index/package_run_dependencies/moveit_resources_fanuc_description
[1.243s] -- Installing: /home/salem/graduation_project_ws/install/moveit_resources_fanuc_description/share/ament_index/resource_index/parent_prefix_path/moveit_resources_fanuc_description
[1.243s] -- Installing: /home/salem/graduation_project_ws/install/moveit_resources_fanuc_description/share/moveit_resources_fanuc_description/environment/ament_prefix_path.sh
[1.243s] -- Installing: /home/salem/graduation_project_ws/install/moveit_resources_fanuc_description/share/moveit_resources_fanuc_description/environment/ament_prefix_path.dsv
[1.244s] -- Installing: /home/salem/graduation_project_ws/install/moveit_resources_fanuc_description/share/moveit_resources_fanuc_description/environment/path.sh
[1.244s] -- Installing: /home/salem/graduation_project_ws/install/moveit_resources_fanuc_description/share/moveit_resources_fanuc_description/environment/path.dsv
[1.244s] -- Installing: /home/salem/graduation_project_ws/install/moveit_resources_fanuc_description/share/moveit_resources_fanuc_description/local_setup.bash
[1.244s] -- Installing: /home/salem/graduation_project_ws/install/moveit_resources_fanuc_description/share/moveit_resources_fanuc_description/local_setup.sh
[1.244s] -- Installing: /home/salem/graduation_project_ws/install/moveit_resources_fanuc_description/share/moveit_resources_fanuc_description/local_setup.zsh
[1.244s] -- Installing: /home/salem/graduation_project_ws/install/moveit_resources_fanuc_description/share/moveit_resources_fanuc_description/local_setup.dsv
[1.244s] -- Installing: /home/salem/graduation_project_ws/install/moveit_resources_fanuc_description/share/moveit_resources_fanuc_description/package.dsv
[1.244s] -- Installing: /home/salem/graduation_project_ws/install/moveit_resources_fanuc_description/share/ament_index/resource_index/packages/moveit_resources_fanuc_description
[1.245s] -- Installing: /home/salem/graduation_project_ws/install/moveit_resources_fanuc_description/share/moveit_resources_fanuc_description/cmake/moveit_resources_fanuc_descriptionConfig.cmake
[1.245s] -- Installing: /home/salem/graduation_project_ws/install/moveit_resources_fanuc_description/share/moveit_resources_fanuc_description/cmake/moveit_resources_fanuc_descriptionConfig-version.cmake
[1.245s] -- Installing: /home/salem/graduation_project_ws/install/moveit_resources_fanuc_description/share/moveit_resources_fanuc_description/package.xml
[1.245s] -- Installing: /home/salem/graduation_project_ws/install/moveit_resources_fanuc_description/share/moveit_resources_fanuc_description/meshes
[1.245s] -- Installing: /home/salem/graduation_project_ws/install/moveit_resources_fanuc_description/share/moveit_resources_fanuc_description/meshes/visual
[1.245s] -- Installing: /home/salem/graduation_project_ws/install/moveit_resources_fanuc_description/share/moveit_resources_fanuc_description/meshes/visual/link_4.stl
[1.246s] -- Installing: /home/salem/graduation_project_ws/install/moveit_resources_fanuc_description/share/moveit_resources_fanuc_description/meshes/visual/link_6.stl
[1.246s] -- Installing: /home/salem/graduation_project_ws/install/moveit_resources_fanuc_description/share/moveit_resources_fanuc_description/meshes/visual/link_3.stl
[1.246s] -- Installing: /home/salem/graduation_project_ws/install/moveit_resources_fanuc_description/share/moveit_resources_fanuc_description/meshes/visual/base_link.stl
[1.246s] -- Installing: /home/salem/graduation_project_ws/install/moveit_resources_fanuc_description/share/moveit_resources_fanuc_description/meshes/visual/link_5.stl
[1.246s] -- Installing: /home/salem/graduation_project_ws/install/moveit_resources_fanuc_description/share/moveit_resources_fanuc_description/meshes/visual/link_1.stl
[1.246s] -- Installing: /home/salem/graduation_project_ws/install/moveit_resources_fanuc_description/share/moveit_resources_fanuc_description/meshes/visual/link_2.stl
[1.247s] -- Installing: /home/salem/graduation_project_ws/install/moveit_resources_fanuc_description/share/moveit_resources_fanuc_description/meshes/collision
[1.247s] -- Installing: /home/salem/graduation_project_ws/install/moveit_resources_fanuc_description/share/moveit_resources_fanuc_description/meshes/collision/link_4.stl
[1.247s] -- Installing: /home/salem/graduation_project_ws/install/moveit_resources_fanuc_description/share/moveit_resources_fanuc_description/meshes/collision/link_6.stl
[1.247s] -- Installing: /home/salem/graduation_project_ws/install/moveit_resources_fanuc_description/share/moveit_resources_fanuc_description/meshes/collision/link_3.stl
[1.247s] -- Installing: /home/salem/graduation_project_ws/install/moveit_resources_fanuc_description/share/moveit_resources_fanuc_description/meshes/collision/base_link.stl
[1.248s] -- Installing: /home/salem/graduation_project_ws/install/moveit_resources_fanuc_description/share/moveit_resources_fanuc_description/meshes/collision/link_5.stl
[1.248s] -- Installing: /home/salem/graduation_project_ws/install/moveit_resources_fanuc_description/share/moveit_resources_fanuc_description/meshes/collision/link_1.stl
[1.248s] -- Installing: /home/salem/graduation_project_ws/install/moveit_resources_fanuc_description/share/moveit_resources_fanuc_description/meshes/collision/link_2.stl
[1.248s] -- Installing: /home/salem/graduation_project_ws/install/moveit_resources_fanuc_description/share/moveit_resources_fanuc_description/urdf
[1.248s] -- Installing: /home/salem/graduation_project_ws/install/moveit_resources_fanuc_description/share/moveit_resources_fanuc_description/urdf/fanuc.urdf
[1.263s] Invoked command in '/home/salem/graduation_project_ws/build/moveit_resources_fanuc_description' returned '0': CMAKE_PREFIX_PATH=${CMAKE_PREFIX_PATH}:/home/salem/ros2_ws/install/my_robot_controller:/home/salem/ws_moveit2/install/moveit_configs_utils:/home/salem/ws_moveit2/install/launch_param_builder:/opt/ros/humble /usr/bin/cmake --install /home/salem/graduation_project_ws/build/moveit_resources_fanuc_description
