[1.425s] Invoking command in '/home/salem/graduation_project_ws/src/moveit2/moveit_configs_utils': AMENT_PREFIX_PATH=/home/salem/graduation_project_ws/install/srdfdom:/home/salem/graduation_project_ws/install/launch_param_builder:${AMENT_PREFIX_PATH} CMAKE_PREFIX_PATH=/home/salem/graduation_project_ws/install/srdfdom:${CMAKE_PREFIX_PATH} LD_LIBRARY_PATH=/home/salem/graduation_project_ws/install/srdfdom/lib:${LD_LIBRARY_PATH} PYTHONPATH=/home/salem/graduation_project_ws/build/moveit_configs_utils/prefix_override:/usr/lib/python3/dist-packages/colcon_core/task/python/colcon_distutils_commands:/home/salem/graduation_project_ws/install/moveit_configs_utils/lib/python3.10/site-packages:/home/salem/graduation_project_ws/install/srdfdom/local/lib/python3.10/dist-packages:/home/salem/graduation_project_ws/install/launch_param_builder/lib/python3.10/site-packages:${PYTHONPATH} /usr/bin/python3 -W ignore:setup.py install is deprecated -W ignore:easy_install command is deprecated setup.py egg_info --egg-base ../../../build/moveit_configs_utils build --build-base /home/salem/graduation_project_ws/build/moveit_configs_utils/build install --record /home/salem/graduation_project_ws/build/moveit_configs_utils/install.log --single-version-externally-managed install_data
[1.673s] running egg_info
[1.674s] creating ../../../build/moveit_configs_utils/moveit_configs_utils.egg-info
[1.674s] writing ../../../build/moveit_configs_utils/moveit_configs_utils.egg-info/PKG-INFO
[1.675s] writing dependency_links to ../../../build/moveit_configs_utils/moveit_configs_utils.egg-info/dependency_links.txt
[1.675s] writing entry points to ../../../build/moveit_configs_utils/moveit_configs_utils.egg-info/entry_points.txt
[1.675s] writing requirements to ../../../build/moveit_configs_utils/moveit_configs_utils.egg-info/requires.txt
[1.675s] writing top-level names to ../../../build/moveit_configs_utils/moveit_configs_utils.egg-info/top_level.txt
[1.675s] writing manifest file '../../../build/moveit_configs_utils/moveit_configs_utils.egg-info/SOURCES.txt'
[1.677s] reading manifest file '../../../build/moveit_configs_utils/moveit_configs_utils.egg-info/SOURCES.txt'
[1.678s] writing manifest file '../../../build/moveit_configs_utils/moveit_configs_utils.egg-info/SOURCES.txt'
[1.678s] running build
[1.679s] running build_py
[1.679s] creating /home/salem/graduation_project_ws/build/moveit_configs_utils/build
[1.679s] creating /home/salem/graduation_project_ws/build/moveit_configs_utils/build/lib
[1.679s] creating /home/salem/graduation_project_ws/build/moveit_configs_utils/build/lib/moveit_configs_utils
[1.679s] copying moveit_configs_utils/__init__.py -> /home/salem/graduation_project_ws/build/moveit_configs_utils/build/lib/moveit_configs_utils
[1.679s] copying moveit_configs_utils/launches.py -> /home/salem/graduation_project_ws/build/moveit_configs_utils/build/lib/moveit_configs_utils
[1.679s] copying moveit_configs_utils/launch_utils.py -> /home/salem/graduation_project_ws/build/moveit_configs_utils/build/lib/moveit_configs_utils
[1.679s] copying moveit_configs_utils/moveit_configs_builder.py -> /home/salem/graduation_project_ws/build/moveit_configs_utils/build/lib/moveit_configs_utils
[1.680s] creating /home/salem/graduation_project_ws/build/moveit_configs_utils/build/lib/moveit_configs_utils/substitutions
[1.680s] copying moveit_configs_utils/substitutions/xacro.py -> /home/salem/graduation_project_ws/build/moveit_configs_utils/build/lib/moveit_configs_utils/substitutions
[1.680s] copying moveit_configs_utils/substitutions/__init__.py -> /home/salem/graduation_project_ws/build/moveit_configs_utils/build/lib/moveit_configs_utils/substitutions
[1.680s] running install
[1.680s] running install_lib
[1.681s] creating /home/salem/graduation_project_ws/install/moveit_configs_utils/lib/python3.10/site-packages/moveit_configs_utils
[1.681s] copying /home/salem/graduation_project_ws/build/moveit_configs_utils/build/lib/moveit_configs_utils/__init__.py -> /home/salem/graduation_project_ws/install/moveit_configs_utils/lib/python3.10/site-packages/moveit_configs_utils
[1.682s] copying /home/salem/graduation_project_ws/build/moveit_configs_utils/build/lib/moveit_configs_utils/launches.py -> /home/salem/graduation_project_ws/install/moveit_configs_utils/lib/python3.10/site-packages/moveit_configs_utils
[1.682s] creating /home/salem/graduation_project_ws/install/moveit_configs_utils/lib/python3.10/site-packages/moveit_configs_utils/substitutions
[1.682s] copying /home/salem/graduation_project_ws/build/moveit_configs_utils/build/lib/moveit_configs_utils/substitutions/xacro.py -> /home/salem/graduation_project_ws/install/moveit_configs_utils/lib/python3.10/site-packages/moveit_configs_utils/substitutions
[1.682s] copying /home/salem/graduation_project_ws/build/moveit_configs_utils/build/lib/moveit_configs_utils/substitutions/__init__.py -> /home/salem/graduation_project_ws/install/moveit_configs_utils/lib/python3.10/site-packages/moveit_configs_utils/substitutions
[1.682s] copying /home/salem/graduation_project_ws/build/moveit_configs_utils/build/lib/moveit_configs_utils/launch_utils.py -> /home/salem/graduation_project_ws/install/moveit_configs_utils/lib/python3.10/site-packages/moveit_configs_utils
[1.682s] copying /home/salem/graduation_project_ws/build/moveit_configs_utils/build/lib/moveit_configs_utils/moveit_configs_builder.py -> /home/salem/graduation_project_ws/install/moveit_configs_utils/lib/python3.10/site-packages/moveit_configs_utils
[1.683s] byte-compiling /home/salem/graduation_project_ws/install/moveit_configs_utils/lib/python3.10/site-packages/moveit_configs_utils/__init__.py to __init__.cpython-310.pyc
[1.683s] byte-compiling /home/salem/graduation_project_ws/install/moveit_configs_utils/lib/python3.10/site-packages/moveit_configs_utils/launches.py to launches.cpython-310.pyc
[1.685s] byte-compiling /home/salem/graduation_project_ws/install/moveit_configs_utils/lib/python3.10/site-packages/moveit_configs_utils/substitutions/xacro.py to xacro.cpython-310.pyc
[1.685s] byte-compiling /home/salem/graduation_project_ws/install/moveit_configs_utils/lib/python3.10/site-packages/moveit_configs_utils/substitutions/__init__.py to __init__.cpython-310.pyc
[1.685s] byte-compiling /home/salem/graduation_project_ws/install/moveit_configs_utils/lib/python3.10/site-packages/moveit_configs_utils/launch_utils.py to launch_utils.cpython-310.pyc
[1.686s] byte-compiling /home/salem/graduation_project_ws/install/moveit_configs_utils/lib/python3.10/site-packages/moveit_configs_utils/moveit_configs_builder.py to moveit_configs_builder.cpython-310.pyc
[1.688s] running install_data
[1.688s] creating /home/salem/graduation_project_ws/install/moveit_configs_utils/share/ament_index
[1.688s] creating /home/salem/graduation_project_ws/install/moveit_configs_utils/share/ament_index/resource_index
[1.688s] creating /home/salem/graduation_project_ws/install/moveit_configs_utils/share/ament_index/resource_index/packages
[1.688s] copying resource/moveit_configs_utils -> /home/salem/graduation_project_ws/install/moveit_configs_utils/share/ament_index/resource_index/packages
[1.689s] copying package.xml -> /home/salem/graduation_project_ws/install/moveit_configs_utils/share/moveit_configs_utils
[1.689s] creating /home/salem/graduation_project_ws/install/moveit_configs_utils/share/moveit_configs_utils/default_configs
[1.689s] copying default_configs/ompl_defaults.yaml -> /home/salem/graduation_project_ws/install/moveit_configs_utils/share/moveit_configs_utils/default_configs
[1.689s] copying default_configs/chomp_planning.yaml -> /home/salem/graduation_project_ws/install/moveit_configs_utils/share/moveit_configs_utils/default_configs
[1.689s] copying default_configs/pilz_industrial_motion_planner_planning.yaml -> /home/salem/graduation_project_ws/install/moveit_configs_utils/share/moveit_configs_utils/default_configs
[1.689s] copying default_configs/ompl_planning.yaml -> /home/salem/graduation_project_ws/install/moveit_configs_utils/share/moveit_configs_utils/default_configs
[1.689s] running install_egg_info
[1.691s] Copying ../../../build/moveit_configs_utils/moveit_configs_utils.egg-info to /home/salem/graduation_project_ws/install/moveit_configs_utils/lib/python3.10/site-packages/moveit_configs_utils-2.5.9-py3.10.egg-info
[1.692s] running install_scripts
[1.712s] writing list of installed files to '/home/salem/graduation_project_ws/build/moveit_configs_utils/install.log'
[1.740s] Invoked command in '/home/salem/graduation_project_ws/src/moveit2/moveit_configs_utils' returned '0': AMENT_PREFIX_PATH=/home/salem/graduation_project_ws/install/srdfdom:/home/salem/graduation_project_ws/install/launch_param_builder:${AMENT_PREFIX_PATH} CMAKE_PREFIX_PATH=/home/salem/graduation_project_ws/install/srdfdom:${CMAKE_PREFIX_PATH} LD_LIBRARY_PATH=/home/salem/graduation_project_ws/install/srdfdom/lib:${LD_LIBRARY_PATH} PYTHONPATH=/home/salem/graduation_project_ws/build/moveit_configs_utils/prefix_override:/usr/lib/python3/dist-packages/colcon_core/task/python/colcon_distutils_commands:/home/salem/graduation_project_ws/install/moveit_configs_utils/lib/python3.10/site-packages:/home/salem/graduation_project_ws/install/srdfdom/local/lib/python3.10/dist-packages:/home/salem/graduation_project_ws/install/launch_param_builder/lib/python3.10/site-packages:${PYTHONPATH} /usr/bin/python3 -W ignore:setup.py install is deprecated -W ignore:easy_install command is deprecated setup.py egg_info --egg-base ../../../build/moveit_configs_utils build --build-base /home/salem/graduation_project_ws/build/moveit_configs_utils/build install --record /home/salem/graduation_project_ws/build/moveit_configs_utils/install.log --single-version-externally-managed install_data
