[0.198s] DEBUG:colcon:Command line arguments: ['/usr/bin/colcon', 'build', '--packages-select', 'micro_ros_agent']
[0.198s] DEBUG:colcon:Parsed command line arguments: Namespace(log_base=None, log_level=None, verb_name='build', build_base='build', install_base='install', merge_install=False, symlink_install=False, test_result_base=None, continue_on_error=False, executor='parallel', parallel_workers=16, event_handlers=None, ignore_user_meta=False, metas=['./colcon.meta'], base_paths=['.'], packages_ignore=None, packages_ignore_regex=None, paths=None, packages_up_to=None, packages_up_to_regex=None, packages_above=None, packages_above_and_dependencies=None, packages_above_depth=None, packages_select_by_dep=None, packages_skip_by_dep=None, packages_skip_up_to=None, packages_select_build_failed=False, packages_skip_build_finished=False, packages_select_test_failures=False, packages_skip_test_passed=False, packages_select=['micro_ros_agent'], packages_skip=None, packages_select_regex=None, packages_skip_regex=None, packages_start=None, packages_end=None, allow_overriding=[], cmake_args=None, cmake_target=None, cmake_target_skip_unavailable=False, cmake_clean_cache=False, cmake_clean_first=False, cmake_force_configure=False, ament_cmake_args=None, catkin_cmake_args=None, catkin_skip_building_tests=False, mixin_files=None, mixin=None, verb_parser=<colcon_mixin.mixin.mixin_argument.MixinArgumentDecorator object at 0x7179734786d0>, verb_extension=<colcon_core.verb.build.BuildVerb object at 0x717973453d00>, main=<bound method BuildVerb.main of <colcon_core.verb.build.BuildVerb object at 0x717973453d00>>, mixin_verb=('build',))
[0.590s] Level 1:colcon.colcon_core.package_discovery:discover_packages(colcon_meta) check parameters
[0.590s] Level 1:colcon.colcon_core.package_discovery:discover_packages(recursive) check parameters
[0.590s] Level 1:colcon.colcon_core.package_discovery:discover_packages(ignore) check parameters
[0.590s] Level 1:colcon.colcon_core.package_discovery:discover_packages(path) check parameters
[0.590s] Level 1:colcon.colcon_core.package_discovery:discover_packages(colcon_meta) discover
[0.591s] Level 1:colcon.colcon_core.package_discovery:discover_packages(recursive) discover
[0.591s] INFO:colcon.colcon_core.package_discovery:Crawling recursively for packages in '/home/salem/microros_ws'
[0.591s] Level 1:colcon.colcon_core.package_identification:_identify(.) by extensions ['ignore', 'ignore_ament_install']
[0.591s] Level 1:colcon.colcon_core.package_identification:_identify(.) by extension 'ignore'
[0.591s] Level 1:colcon.colcon_core.package_identification:_identify(.) by extension 'ignore_ament_install'
[0.591s] Level 1:colcon.colcon_core.package_identification:_identify(.) by extensions ['colcon_pkg']
[0.591s] Level 1:colcon.colcon_core.package_identification:_identify(.) by extension 'colcon_pkg'
[0.591s] Level 1:colcon.colcon_core.package_identification:_identify(.) by extensions ['colcon_meta']
[0.591s] Level 1:colcon.colcon_core.package_identification:_identify(.) by extension 'colcon_meta'
[0.591s] Level 1:colcon.colcon_core.package_identification:_identify(.) by extensions ['ros']
[0.591s] Level 1:colcon.colcon_core.package_identification:_identify(.) by extension 'ros'
[0.603s] Level 1:colcon.colcon_core.package_identification:_identify(.) by extensions ['cmake', 'python']
[0.603s] Level 1:colcon.colcon_core.package_identification:_identify(.) by extension 'cmake'
[0.603s] Level 1:colcon.colcon_core.package_identification:_identify(.) by extension 'python'
[0.603s] Level 1:colcon.colcon_core.package_identification:_identify(.) by extensions ['python_setup_py']
[0.603s] Level 1:colcon.colcon_core.package_identification:_identify(.) by extension 'python_setup_py'
[0.603s] Level 1:colcon.colcon_core.package_identification:_identify(build) by extensions ['ignore', 'ignore_ament_install']
[0.603s] Level 1:colcon.colcon_core.package_identification:_identify(build) by extension 'ignore'
[0.603s] Level 1:colcon.colcon_core.package_identification:_identify(build) ignored
[0.604s] Level 1:colcon.colcon_core.package_identification:_identify(install) by extensions ['ignore', 'ignore_ament_install']
[0.604s] Level 1:colcon.colcon_core.package_identification:_identify(install) by extension 'ignore'
[0.604s] Level 1:colcon.colcon_core.package_identification:_identify(install) ignored
[0.604s] Level 1:colcon.colcon_core.package_identification:_identify(log) by extensions ['ignore', 'ignore_ament_install']
[0.604s] Level 1:colcon.colcon_core.package_identification:_identify(log) by extension 'ignore'
[0.604s] Level 1:colcon.colcon_core.package_identification:_identify(log) ignored
[0.604s] Level 1:colcon.colcon_core.package_identification:_identify(src) by extensions ['ignore', 'ignore_ament_install']
[0.604s] Level 1:colcon.colcon_core.package_identification:_identify(src) by extension 'ignore'
[0.604s] Level 1:colcon.colcon_core.package_identification:_identify(src) by extension 'ignore_ament_install'
[0.604s] Level 1:colcon.colcon_core.package_identification:_identify(src) by extensions ['colcon_pkg']
[0.604s] Level 1:colcon.colcon_core.package_identification:_identify(src) by extension 'colcon_pkg'
[0.604s] Level 1:colcon.colcon_core.package_identification:_identify(src) by extensions ['colcon_meta']
[0.604s] Level 1:colcon.colcon_core.package_identification:_identify(src) by extension 'colcon_meta'
[0.604s] Level 1:colcon.colcon_core.package_identification:_identify(src) by extensions ['ros']
[0.604s] Level 1:colcon.colcon_core.package_identification:_identify(src) by extension 'ros'
[0.605s] Level 1:colcon.colcon_core.package_identification:_identify(src) by extensions ['cmake', 'python']
[0.605s] Level 1:colcon.colcon_core.package_identification:_identify(src) by extension 'cmake'
[0.605s] Level 1:colcon.colcon_core.package_identification:_identify(src) by extension 'python'
[0.605s] Level 1:colcon.colcon_core.package_identification:_identify(src) by extensions ['python_setup_py']
[0.605s] Level 1:colcon.colcon_core.package_identification:_identify(src) by extension 'python_setup_py'
[0.605s] Level 1:colcon.colcon_core.package_identification:_identify(src/micro_ros_setup) by extensions ['ignore', 'ignore_ament_install']
[0.605s] Level 1:colcon.colcon_core.package_identification:_identify(src/micro_ros_setup) by extension 'ignore'
[0.605s] Level 1:colcon.colcon_core.package_identification:_identify(src/micro_ros_setup) by extension 'ignore_ament_install'
[0.605s] Level 1:colcon.colcon_core.package_identification:_identify(src/micro_ros_setup) by extensions ['colcon_pkg']
[0.605s] Level 1:colcon.colcon_core.package_identification:_identify(src/micro_ros_setup) by extension 'colcon_pkg'
[0.605s] Level 1:colcon.colcon_core.package_identification:_identify(src/micro_ros_setup) by extensions ['colcon_meta']
[0.605s] Level 1:colcon.colcon_core.package_identification:_identify(src/micro_ros_setup) by extension 'colcon_meta'
[0.605s] Level 1:colcon.colcon_core.package_identification:_identify(src/micro_ros_setup) by extensions ['ros']
[0.605s] Level 1:colcon.colcon_core.package_identification:_identify(src/micro_ros_setup) by extension 'ros'
[0.609s] DEBUG:colcon.colcon_core.package_identification:Package 'src/micro_ros_setup' with type 'ros.ament_cmake' and name 'micro_ros_setup'
[0.609s] Level 1:colcon.colcon_core.package_identification:_identify(src/uros) by extensions ['ignore', 'ignore_ament_install']
[0.609s] Level 1:colcon.colcon_core.package_identification:_identify(src/uros) by extension 'ignore'
[0.609s] Level 1:colcon.colcon_core.package_identification:_identify(src/uros) by extension 'ignore_ament_install'
[0.609s] Level 1:colcon.colcon_core.package_identification:_identify(src/uros) by extensions ['colcon_pkg']
[0.609s] Level 1:colcon.colcon_core.package_identification:_identify(src/uros) by extension 'colcon_pkg'
[0.609s] Level 1:colcon.colcon_core.package_identification:_identify(src/uros) by extensions ['colcon_meta']
[0.609s] Level 1:colcon.colcon_core.package_identification:_identify(src/uros) by extension 'colcon_meta'
[0.609s] Level 1:colcon.colcon_core.package_identification:_identify(src/uros) by extensions ['ros']
[0.609s] Level 1:colcon.colcon_core.package_identification:_identify(src/uros) by extension 'ros'
[0.609s] Level 1:colcon.colcon_core.package_identification:_identify(src/uros) by extensions ['cmake', 'python']
[0.609s] Level 1:colcon.colcon_core.package_identification:_identify(src/uros) by extension 'cmake'
[0.609s] Level 1:colcon.colcon_core.package_identification:_identify(src/uros) by extension 'python'
[0.610s] Level 1:colcon.colcon_core.package_identification:_identify(src/uros) by extensions ['python_setup_py']
[0.610s] Level 1:colcon.colcon_core.package_identification:_identify(src/uros) by extension 'python_setup_py'
[0.610s] Level 1:colcon.colcon_core.package_identification:_identify(src/uros/micro-ROS-Agent) by extensions ['ignore', 'ignore_ament_install']
[0.610s] Level 1:colcon.colcon_core.package_identification:_identify(src/uros/micro-ROS-Agent) by extension 'ignore'
[0.610s] Level 1:colcon.colcon_core.package_identification:_identify(src/uros/micro-ROS-Agent) by extension 'ignore_ament_install'
[0.610s] Level 1:colcon.colcon_core.package_identification:_identify(src/uros/micro-ROS-Agent) by extensions ['colcon_pkg']
[0.610s] Level 1:colcon.colcon_core.package_identification:_identify(src/uros/micro-ROS-Agent) by extension 'colcon_pkg'
[0.610s] Level 1:colcon.colcon_core.package_identification:_identify(src/uros/micro-ROS-Agent) by extensions ['colcon_meta']
[0.610s] Level 1:colcon.colcon_core.package_identification:_identify(src/uros/micro-ROS-Agent) by extension 'colcon_meta'
[0.610s] Level 1:colcon.colcon_core.package_identification:_identify(src/uros/micro-ROS-Agent) by extensions ['ros']
[0.610s] Level 1:colcon.colcon_core.package_identification:_identify(src/uros/micro-ROS-Agent) by extension 'ros'
[0.610s] Level 1:colcon.colcon_core.package_identification:_identify(src/uros/micro-ROS-Agent) by extensions ['cmake', 'python']
[0.610s] Level 1:colcon.colcon_core.package_identification:_identify(src/uros/micro-ROS-Agent) by extension 'cmake'
[0.610s] Level 1:colcon.colcon_core.package_identification:_identify(src/uros/micro-ROS-Agent) by extension 'python'
[0.610s] Level 1:colcon.colcon_core.package_identification:_identify(src/uros/micro-ROS-Agent) by extensions ['python_setup_py']
[0.610s] Level 1:colcon.colcon_core.package_identification:_identify(src/uros/micro-ROS-Agent) by extension 'python_setup_py'
[0.610s] Level 1:colcon.colcon_core.package_identification:_identify(src/uros/micro-ROS-Agent/micro_ros_agent) by extensions ['ignore', 'ignore_ament_install']
[0.611s] Level 1:colcon.colcon_core.package_identification:_identify(src/uros/micro-ROS-Agent/micro_ros_agent) by extension 'ignore'
[0.611s] Level 1:colcon.colcon_core.package_identification:_identify(src/uros/micro-ROS-Agent/micro_ros_agent) by extension 'ignore_ament_install'
[0.611s] Level 1:colcon.colcon_core.package_identification:_identify(src/uros/micro-ROS-Agent/micro_ros_agent) by extensions ['colcon_pkg']
[0.611s] Level 1:colcon.colcon_core.package_identification:_identify(src/uros/micro-ROS-Agent/micro_ros_agent) by extension 'colcon_pkg'
[0.611s] Level 1:colcon.colcon_core.package_identification:_identify(src/uros/micro-ROS-Agent/micro_ros_agent) by extensions ['colcon_meta']
[0.611s] Level 1:colcon.colcon_core.package_identification:_identify(src/uros/micro-ROS-Agent/micro_ros_agent) by extension 'colcon_meta'
[0.611s] Level 1:colcon.colcon_core.package_identification:_identify(src/uros/micro-ROS-Agent/micro_ros_agent) by extensions ['ros']
[0.611s] Level 1:colcon.colcon_core.package_identification:_identify(src/uros/micro-ROS-Agent/micro_ros_agent) by extension 'ros'
[0.612s] DEBUG:colcon.colcon_core.package_identification:Package 'src/uros/micro-ROS-Agent/micro_ros_agent' with type 'ros.ament_cmake' and name 'micro_ros_agent'
[0.612s] Level 1:colcon.colcon_core.package_identification:_identify(src/uros/micro-ROS-Agent/snap) by extensions ['ignore', 'ignore_ament_install']
[0.612s] Level 1:colcon.colcon_core.package_identification:_identify(src/uros/micro-ROS-Agent/snap) by extension 'ignore'
[0.612s] Level 1:colcon.colcon_core.package_identification:_identify(src/uros/micro-ROS-Agent/snap) by extension 'ignore_ament_install'
[0.612s] Level 1:colcon.colcon_core.package_identification:_identify(src/uros/micro-ROS-Agent/snap) by extensions ['colcon_pkg']
[0.612s] Level 1:colcon.colcon_core.package_identification:_identify(src/uros/micro-ROS-Agent/snap) by extension 'colcon_pkg'
[0.612s] Level 1:colcon.colcon_core.package_identification:_identify(src/uros/micro-ROS-Agent/snap) by extensions ['colcon_meta']
[0.612s] Level 1:colcon.colcon_core.package_identification:_identify(src/uros/micro-ROS-Agent/snap) by extension 'colcon_meta'
[0.612s] Level 1:colcon.colcon_core.package_identification:_identify(src/uros/micro-ROS-Agent/snap) by extensions ['ros']
[0.612s] Level 1:colcon.colcon_core.package_identification:_identify(src/uros/micro-ROS-Agent/snap) by extension 'ros'
[0.612s] Level 1:colcon.colcon_core.package_identification:_identify(src/uros/micro-ROS-Agent/snap) by extensions ['cmake', 'python']
[0.612s] Level 1:colcon.colcon_core.package_identification:_identify(src/uros/micro-ROS-Agent/snap) by extension 'cmake'
[0.612s] Level 1:colcon.colcon_core.package_identification:_identify(src/uros/micro-ROS-Agent/snap) by extension 'python'
[0.612s] Level 1:colcon.colcon_core.package_identification:_identify(src/uros/micro-ROS-Agent/snap) by extensions ['python_setup_py']
[0.613s] Level 1:colcon.colcon_core.package_identification:_identify(src/uros/micro-ROS-Agent/snap) by extension 'python_setup_py'
[0.613s] Level 1:colcon.colcon_core.package_identification:_identify(src/uros/micro-ROS-Agent/snap/hooks) by extensions ['ignore', 'ignore_ament_install']
[0.613s] Level 1:colcon.colcon_core.package_identification:_identify(src/uros/micro-ROS-Agent/snap/hooks) by extension 'ignore'
[0.613s] Level 1:colcon.colcon_core.package_identification:_identify(src/uros/micro-ROS-Agent/snap/hooks) by extension 'ignore_ament_install'
[0.613s] Level 1:colcon.colcon_core.package_identification:_identify(src/uros/micro-ROS-Agent/snap/hooks) by extensions ['colcon_pkg']
[0.613s] Level 1:colcon.colcon_core.package_identification:_identify(src/uros/micro-ROS-Agent/snap/hooks) by extension 'colcon_pkg'
[0.613s] Level 1:colcon.colcon_core.package_identification:_identify(src/uros/micro-ROS-Agent/snap/hooks) by extensions ['colcon_meta']
[0.613s] Level 1:colcon.colcon_core.package_identification:_identify(src/uros/micro-ROS-Agent/snap/hooks) by extension 'colcon_meta'
[0.613s] Level 1:colcon.colcon_core.package_identification:_identify(src/uros/micro-ROS-Agent/snap/hooks) by extensions ['ros']
[0.613s] Level 1:colcon.colcon_core.package_identification:_identify(src/uros/micro-ROS-Agent/snap/hooks) by extension 'ros'
[0.613s] Level 1:colcon.colcon_core.package_identification:_identify(src/uros/micro-ROS-Agent/snap/hooks) by extensions ['cmake', 'python']
[0.613s] Level 1:colcon.colcon_core.package_identification:_identify(src/uros/micro-ROS-Agent/snap/hooks) by extension 'cmake'
[0.613s] Level 1:colcon.colcon_core.package_identification:_identify(src/uros/micro-ROS-Agent/snap/hooks) by extension 'python'
[0.613s] Level 1:colcon.colcon_core.package_identification:_identify(src/uros/micro-ROS-Agent/snap/hooks) by extensions ['python_setup_py']
[0.613s] Level 1:colcon.colcon_core.package_identification:_identify(src/uros/micro-ROS-Agent/snap/hooks) by extension 'python_setup_py'
[0.613s] Level 1:colcon.colcon_core.package_identification:_identify(src/uros/micro-ROS-Agent/snap/local) by extensions ['ignore', 'ignore_ament_install']
[0.613s] Level 1:colcon.colcon_core.package_identification:_identify(src/uros/micro-ROS-Agent/snap/local) by extension 'ignore'
[0.614s] Level 1:colcon.colcon_core.package_identification:_identify(src/uros/micro-ROS-Agent/snap/local) by extension 'ignore_ament_install'
[0.614s] Level 1:colcon.colcon_core.package_identification:_identify(src/uros/micro-ROS-Agent/snap/local) by extensions ['colcon_pkg']
[0.614s] Level 1:colcon.colcon_core.package_identification:_identify(src/uros/micro-ROS-Agent/snap/local) by extension 'colcon_pkg'
[0.614s] Level 1:colcon.colcon_core.package_identification:_identify(src/uros/micro-ROS-Agent/snap/local) by extensions ['colcon_meta']
[0.614s] Level 1:colcon.colcon_core.package_identification:_identify(src/uros/micro-ROS-Agent/snap/local) by extension 'colcon_meta'
[0.614s] Level 1:colcon.colcon_core.package_identification:_identify(src/uros/micro-ROS-Agent/snap/local) by extensions ['ros']
[0.614s] Level 1:colcon.colcon_core.package_identification:_identify(src/uros/micro-ROS-Agent/snap/local) by extension 'ros'
[0.614s] Level 1:colcon.colcon_core.package_identification:_identify(src/uros/micro-ROS-Agent/snap/local) by extensions ['cmake', 'python']
[0.614s] Level 1:colcon.colcon_core.package_identification:_identify(src/uros/micro-ROS-Agent/snap/local) by extension 'cmake'
[0.614s] Level 1:colcon.colcon_core.package_identification:_identify(src/uros/micro-ROS-Agent/snap/local) by extension 'python'
[0.614s] Level 1:colcon.colcon_core.package_identification:_identify(src/uros/micro-ROS-Agent/snap/local) by extensions ['python_setup_py']
[0.614s] Level 1:colcon.colcon_core.package_identification:_identify(src/uros/micro-ROS-Agent/snap/local) by extension 'python_setup_py'
[0.614s] Level 1:colcon.colcon_core.package_identification:_identify(src/uros/micro_ros_msgs) by extensions ['ignore', 'ignore_ament_install']
[0.614s] Level 1:colcon.colcon_core.package_identification:_identify(src/uros/micro_ros_msgs) by extension 'ignore'
[0.614s] Level 1:colcon.colcon_core.package_identification:_identify(src/uros/micro_ros_msgs) by extension 'ignore_ament_install'
[0.614s] Level 1:colcon.colcon_core.package_identification:_identify(src/uros/micro_ros_msgs) by extensions ['colcon_pkg']
[0.614s] Level 1:colcon.colcon_core.package_identification:_identify(src/uros/micro_ros_msgs) by extension 'colcon_pkg'
[0.614s] Level 1:colcon.colcon_core.package_identification:_identify(src/uros/micro_ros_msgs) by extensions ['colcon_meta']
[0.614s] Level 1:colcon.colcon_core.package_identification:_identify(src/uros/micro_ros_msgs) by extension 'colcon_meta'
[0.615s] Level 1:colcon.colcon_core.package_identification:_identify(src/uros/micro_ros_msgs) by extensions ['ros']
[0.615s] Level 1:colcon.colcon_core.package_identification:_identify(src/uros/micro_ros_msgs) by extension 'ros'
[0.627s] DEBUG:colcon.colcon_core.package_identification:Package 'src/uros/micro_ros_msgs' with type 'ros.ament_cmake' and name 'micro_ros_msgs'
[0.627s] Level 1:colcon.colcon_core.package_discovery:discover_packages(recursive) using defaults
[0.627s] Level 1:colcon.colcon_core.package_discovery:discover_packages(ignore) discover
[0.627s] Level 1:colcon.colcon_core.package_discovery:discover_packages(ignore) using defaults
[0.627s] Level 1:colcon.colcon_core.package_discovery:discover_packages(path) discover
[0.628s] Level 1:colcon.colcon_core.package_discovery:discover_packages(path) using defaults
[0.655s] INFO:colcon.colcon_core.package_selection:Skipping not selected package 'micro_ros_msgs' in 'src/uros/micro_ros_msgs'
[0.655s] INFO:colcon.colcon_core.package_selection:Skipping not selected package 'micro_ros_setup' in 'src/micro_ros_setup'
[0.655s] Level 1:colcon.colcon_core.package_discovery:discover_packages(prefix_path) check parameters
[0.655s] Level 1:colcon.colcon_core.package_discovery:discover_packages(prefix_path) discover
[0.660s] DEBUG:colcon.colcon_installed_package_information.package_discovery:Found 3 installed packages in /home/salem/microros_ws/install
[0.661s] DEBUG:colcon.colcon_installed_package_information.package_discovery:Found 2 installed packages in /home/salem/ros2_ws/install
[0.663s] DEBUG:colcon.colcon_installed_package_information.package_discovery:Found 56 installed packages in /home/salem/ws_moveit2/install
[0.665s] DEBUG:colcon.colcon_installed_package_information.package_discovery:Found 317 installed packages in /opt/ros/humble
[0.667s] Level 1:colcon.colcon_core.package_discovery:discover_packages(prefix_path) using defaults
[0.717s] Level 5:colcon.colcon_core.verb:set package 'micro_ros_agent' build argument 'cmake_args' from command line to 'None'
[0.717s] Level 5:colcon.colcon_core.verb:set package 'micro_ros_agent' build argument 'cmake_target' from command line to 'None'
[0.717s] Level 5:colcon.colcon_core.verb:set package 'micro_ros_agent' build argument 'cmake_target_skip_unavailable' from command line to 'False'
[0.717s] Level 5:colcon.colcon_core.verb:set package 'micro_ros_agent' build argument 'cmake_clean_cache' from command line to 'False'
[0.717s] Level 5:colcon.colcon_core.verb:set package 'micro_ros_agent' build argument 'cmake_clean_first' from command line to 'False'
[0.717s] Level 5:colcon.colcon_core.verb:set package 'micro_ros_agent' build argument 'cmake_force_configure' from command line to 'False'
[0.717s] Level 5:colcon.colcon_core.verb:set package 'micro_ros_agent' build argument 'ament_cmake_args' from command line to 'None'
[0.717s] Level 5:colcon.colcon_core.verb:set package 'micro_ros_agent' build argument 'catkin_cmake_args' from command line to 'None'
[0.717s] Level 5:colcon.colcon_core.verb:set package 'micro_ros_agent' build argument 'catkin_skip_building_tests' from command line to 'False'
[0.717s] DEBUG:colcon.colcon_core.verb:Building package 'micro_ros_agent' with the following arguments: {'ament_cmake_args': None, 'build_base': '/home/salem/microros_ws/build/micro_ros_agent', 'catkin_cmake_args': None, 'catkin_skip_building_tests': False, 'cmake_args': None, 'cmake_clean_cache': False, 'cmake_clean_first': False, 'cmake_force_configure': False, 'cmake_target': None, 'cmake_target_skip_unavailable': False, 'install_base': '/home/salem/microros_ws/install/micro_ros_agent', 'merge_install': False, 'path': '/home/salem/microros_ws/src/uros/micro-ROS-Agent/micro_ros_agent', 'symlink_install': False, 'test_result_base': None}
[0.717s] INFO:colcon.colcon_core.executor:Executing jobs using 'parallel' executor
[0.718s] DEBUG:colcon.colcon_parallel_executor.executor.parallel:run_until_complete
[0.719s] INFO:colcon.colcon_ros.task.ament_cmake.build:Building ROS package in '/home/salem/microros_ws/src/uros/micro-ROS-Agent/micro_ros_agent' with build type 'ament_cmake'
[0.719s] INFO:colcon.colcon_cmake.task.cmake.build:Building CMake package in '/home/salem/microros_ws/src/uros/micro-ROS-Agent/micro_ros_agent'
[0.722s] INFO:colcon.colcon_core.plugin_system:Skipping extension 'colcon_core.shell.bat': Not used on non-Windows systems
[0.722s] INFO:colcon.colcon_core.shell:Skip shell extension 'powershell' for command environment: Not usable outside of PowerShell
[0.722s] DEBUG:colcon.colcon_core.shell:Skip shell extension 'dsv' for command environment
[0.748s] DEBUG:colcon.colcon_core.event_handler.log_command:Invoking command in '/home/salem/microros_ws/build/micro_ros_agent': CMAKE_PREFIX_PATH=/home/salem/microros_ws/install/micro_ros_msgs:/home/salem/ros2_ws/install/labvolt5250a0_description:/home/salem/ws_moveit2/install/pilz_industrial_motion_planner_testutils:/home/salem/ws_moveit2/install/panda_moveit_config:/home/salem/ws_moveit2/install/moveit_runtime:/home/salem/ws_moveit2/install/moveit2_tutorials:/home/salem/ws_moveit2/install/moveit:/home/salem/ws_moveit2/install/moveit_planners:/home/salem/ws_moveit2/install/pilz_industrial_motion_planner:/home/salem/ws_moveit2/install/moveit_visual_tools:/home/salem/ws_moveit2/install/moveit_task_constructor_visualization:/home/salem/ws_moveit2/install/moveit_task_constructor_demo:/home/salem/ws_moveit2/install/moveit_task_constructor_capabilities:/home/salem/ws_moveit2/install/moveit_task_constructor_core:/home/salem/ws_moveit2/install/moveit_ros_control_interface:/home/salem/ws_moveit2/install/moveit_plugins:/home/salem/ws_moveit2/install/moveit_simple_controller_manager:/home/salem/ws_moveit2/install/moveit_setup_assistant:/home/salem/ws_moveit2/install/moveit_setup_srdf_plugins:/home/salem/ws_moveit2/install/moveit_setup_core_plugins:/home/salem/ws_moveit2/install/moveit_setup_controllers:/home/salem/ws_moveit2/install/moveit_setup_app_plugins:/home/salem/ws_moveit2/install/moveit_setup_framework:/home/salem/ws_moveit2/install/moveit_servo:/home/salem/ws_moveit2/install/moveit_ros:/home/salem/ws_moveit2/install/moveit_ros_visualization:/home/salem/ws_moveit2/install/moveit_hybrid_planning:/home/salem/ws_moveit2/install/moveit_ros_planning_interface:/home/salem/ws_moveit2/install/moveit_ros_benchmarks:/home/salem/ws_moveit2/install/moveit_ros_warehouse:/home/salem/ws_moveit2/install/moveit_ros_robot_interaction:/home/salem/ws_moveit2/install/moveit_ros_perception:/home/salem/ws_moveit2/install/moveit_resources_prbt_pg70_support:/home/salem/ws_moveit2/install/moveit_resources_prbt_moveit_config:/home/salem/ws_moveit2/install/moveit_ros_move_group:/home/salem/ws_moveit2/install/moveit_planners_ompl:/home/salem/ws_moveit2/install/moveit_ros_planning:/home/salem/ws_moveit2/install/moveit_ros_occupancy_map_monitor:/home/salem/ws_moveit2/install/moveit_resources_prbt_ikfast_manipulator_plugin:/home/salem/ws_moveit2/install/moveit_planners_chomp:/home/salem/ws_moveit2/install/moveit_kinematics:/home/salem/ws_moveit2/install/moveit_chomp_optimizer_adapter:/home/salem/ws_moveit2/install/chomp_motion_planner:/home/salem/ws_moveit2/install/moveit_core:/home/salem/ws_moveit2/install/srdfdom:/home/salem/ws_moveit2/install/rviz_marker_tools:/home/salem/ws_moveit2/install/rosparam_shortcuts:/home/salem/ws_moveit2/install/moveit_task_constructor_msgs:/home/salem/ws_moveit2/install/moveit_resources_prbt_support:/home/salem/ws_moveit2/install/moveit_resources:/home/salem/ws_moveit2/install/moveit_resources_pr2_description:/home/salem/ws_moveit2/install/moveit_resources_panda_moveit_config:/home/salem/ws_moveit2/install/moveit_resources_panda_description:/home/salem/ws_moveit2/install/moveit_resources_fanuc_moveit_config:/home/salem/ws_moveit2/install/moveit_resources_fanuc_description:/home/salem/ws_moveit2/install/moveit_common:/home/salem/microros_ws/install/micro_ros_setup:/home/salem/microros_ws/install/micro_ros_agent:/home/salem/ros2_ws/install/my_robot_controller:/home/salem/ws_moveit2/install/moveit_configs_utils:/home/salem/ws_moveit2/install/launch_param_builder:/opt/ros/humble LD_LIBRARY_PATH=/home/salem/microros_ws/install/micro_ros_msgs/lib:/home/salem/ws_moveit2/install/pilz_industrial_motion_planner_testutils/lib:/home/salem/ws_moveit2/install/pilz_industrial_motion_planner/lib:/home/salem/ws_moveit2/install/moveit_visual_tools/lib:/home/salem/ws_moveit2/install/moveit_task_constructor_visualization/lib:/home/salem/ws_moveit2/install/moveit_task_constructor_demo/lib:/home/salem/ws_moveit2/install/moveit_task_constructor_capabilities/lib:/home/salem/ws_moveit2/install/moveit_task_constructor_core/lib:/home/salem/ws_moveit2/install/moveit_ros_control_interface/lib:/home/salem/ws_moveit2/install/moveit_simple_controller_manager/lib:/home/salem/ws_moveit2/install/moveit_setup_assistant/lib:/home/salem/ws_moveit2/install/moveit_setup_srdf_plugins/lib:/home/salem/ws_moveit2/install/moveit_setup_core_plugins/lib:/home/salem/ws_moveit2/install/moveit_setup_controllers/lib:/home/salem/ws_moveit2/install/moveit_setup_app_plugins/lib:/home/salem/ws_moveit2/install/moveit_setup_framework/lib:/home/salem/ws_moveit2/install/moveit_servo/lib:/home/salem/ws_moveit2/install/moveit_ros_visualization/lib:/home/salem/ws_moveit2/install/moveit_hybrid_planning/lib:/home/salem/ws_moveit2/install/moveit_ros_planning_interface/lib:/home/salem/ws_moveit2/install/moveit_ros_benchmarks/lib:/home/salem/ws_moveit2/install/moveit_ros_warehouse/lib:/home/salem/ws_moveit2/install/moveit_ros_robot_interaction/lib:/home/salem/ws_moveit2/install/moveit_ros_perception/lib:/home/salem/ws_moveit2/install/moveit_ros_move_group/lib:/home/salem/ws_moveit2/install/moveit_planners_ompl/lib:/home/salem/ws_moveit2/install/moveit_ros_planning/lib:/home/salem/ws_moveit2/install/moveit_ros_occupancy_map_monitor/lib:/home/salem/ws_moveit2/install/moveit_resources_prbt_ikfast_manipulator_plugin/lib:/home/salem/ws_moveit2/install/moveit_planners_chomp/lib:/home/salem/ws_moveit2/install/moveit_kinematics/lib:/home/salem/ws_moveit2/install/moveit_chomp_optimizer_adapter/lib:/home/salem/ws_moveit2/install/chomp_motion_planner/lib:/home/salem/ws_moveit2/install/moveit_core/lib:/home/salem/ws_moveit2/install/srdfdom/lib:/home/salem/ws_moveit2/install/rviz_marker_tools/lib:/home/salem/ws_moveit2/install/rosparam_shortcuts/lib:/home/salem/ws_moveit2/install/moveit_task_constructor_msgs/lib:/home/salem/microros_ws/install/micro_ros_agent/lib:/opt/ros/humble/opt/rviz_ogre_vendor/lib:/opt/ros/humble/lib/x86_64-linux-gnu:/opt/ros/humble/lib /usr/bin/cmake /home/salem/microros_ws/src/uros/micro-ROS-Agent/micro_ros_agent -DCMAKE_INSTALL_PREFIX=/home/salem/microros_ws/install/micro_ros_agent
[1.315s] DEBUG:colcon.colcon_core.event_handler.log_command:Invoked command in '/home/salem/microros_ws/build/micro_ros_agent' returned '0': CMAKE_PREFIX_PATH=/home/salem/microros_ws/install/micro_ros_msgs:/home/salem/ros2_ws/install/labvolt5250a0_description:/home/salem/ws_moveit2/install/pilz_industrial_motion_planner_testutils:/home/salem/ws_moveit2/install/panda_moveit_config:/home/salem/ws_moveit2/install/moveit_runtime:/home/salem/ws_moveit2/install/moveit2_tutorials:/home/salem/ws_moveit2/install/moveit:/home/salem/ws_moveit2/install/moveit_planners:/home/salem/ws_moveit2/install/pilz_industrial_motion_planner:/home/salem/ws_moveit2/install/moveit_visual_tools:/home/salem/ws_moveit2/install/moveit_task_constructor_visualization:/home/salem/ws_moveit2/install/moveit_task_constructor_demo:/home/salem/ws_moveit2/install/moveit_task_constructor_capabilities:/home/salem/ws_moveit2/install/moveit_task_constructor_core:/home/salem/ws_moveit2/install/moveit_ros_control_interface:/home/salem/ws_moveit2/install/moveit_plugins:/home/salem/ws_moveit2/install/moveit_simple_controller_manager:/home/salem/ws_moveit2/install/moveit_setup_assistant:/home/salem/ws_moveit2/install/moveit_setup_srdf_plugins:/home/salem/ws_moveit2/install/moveit_setup_core_plugins:/home/salem/ws_moveit2/install/moveit_setup_controllers:/home/salem/ws_moveit2/install/moveit_setup_app_plugins:/home/salem/ws_moveit2/install/moveit_setup_framework:/home/salem/ws_moveit2/install/moveit_servo:/home/salem/ws_moveit2/install/moveit_ros:/home/salem/ws_moveit2/install/moveit_ros_visualization:/home/salem/ws_moveit2/install/moveit_hybrid_planning:/home/salem/ws_moveit2/install/moveit_ros_planning_interface:/home/salem/ws_moveit2/install/moveit_ros_benchmarks:/home/salem/ws_moveit2/install/moveit_ros_warehouse:/home/salem/ws_moveit2/install/moveit_ros_robot_interaction:/home/salem/ws_moveit2/install/moveit_ros_perception:/home/salem/ws_moveit2/install/moveit_resources_prbt_pg70_support:/home/salem/ws_moveit2/install/moveit_resources_prbt_moveit_config:/home/salem/ws_moveit2/install/moveit_ros_move_group:/home/salem/ws_moveit2/install/moveit_planners_ompl:/home/salem/ws_moveit2/install/moveit_ros_planning:/home/salem/ws_moveit2/install/moveit_ros_occupancy_map_monitor:/home/salem/ws_moveit2/install/moveit_resources_prbt_ikfast_manipulator_plugin:/home/salem/ws_moveit2/install/moveit_planners_chomp:/home/salem/ws_moveit2/install/moveit_kinematics:/home/salem/ws_moveit2/install/moveit_chomp_optimizer_adapter:/home/salem/ws_moveit2/install/chomp_motion_planner:/home/salem/ws_moveit2/install/moveit_core:/home/salem/ws_moveit2/install/srdfdom:/home/salem/ws_moveit2/install/rviz_marker_tools:/home/salem/ws_moveit2/install/rosparam_shortcuts:/home/salem/ws_moveit2/install/moveit_task_constructor_msgs:/home/salem/ws_moveit2/install/moveit_resources_prbt_support:/home/salem/ws_moveit2/install/moveit_resources:/home/salem/ws_moveit2/install/moveit_resources_pr2_description:/home/salem/ws_moveit2/install/moveit_resources_panda_moveit_config:/home/salem/ws_moveit2/install/moveit_resources_panda_description:/home/salem/ws_moveit2/install/moveit_resources_fanuc_moveit_config:/home/salem/ws_moveit2/install/moveit_resources_fanuc_description:/home/salem/ws_moveit2/install/moveit_common:/home/salem/microros_ws/install/micro_ros_setup:/home/salem/microros_ws/install/micro_ros_agent:/home/salem/ros2_ws/install/my_robot_controller:/home/salem/ws_moveit2/install/moveit_configs_utils:/home/salem/ws_moveit2/install/launch_param_builder:/opt/ros/humble LD_LIBRARY_PATH=/home/salem/microros_ws/install/micro_ros_msgs/lib:/home/salem/ws_moveit2/install/pilz_industrial_motion_planner_testutils/lib:/home/salem/ws_moveit2/install/pilz_industrial_motion_planner/lib:/home/salem/ws_moveit2/install/moveit_visual_tools/lib:/home/salem/ws_moveit2/install/moveit_task_constructor_visualization/lib:/home/salem/ws_moveit2/install/moveit_task_constructor_demo/lib:/home/salem/ws_moveit2/install/moveit_task_constructor_capabilities/lib:/home/salem/ws_moveit2/install/moveit_task_constructor_core/lib:/home/salem/ws_moveit2/install/moveit_ros_control_interface/lib:/home/salem/ws_moveit2/install/moveit_simple_controller_manager/lib:/home/salem/ws_moveit2/install/moveit_setup_assistant/lib:/home/salem/ws_moveit2/install/moveit_setup_srdf_plugins/lib:/home/salem/ws_moveit2/install/moveit_setup_core_plugins/lib:/home/salem/ws_moveit2/install/moveit_setup_controllers/lib:/home/salem/ws_moveit2/install/moveit_setup_app_plugins/lib:/home/salem/ws_moveit2/install/moveit_setup_framework/lib:/home/salem/ws_moveit2/install/moveit_servo/lib:/home/salem/ws_moveit2/install/moveit_ros_visualization/lib:/home/salem/ws_moveit2/install/moveit_hybrid_planning/lib:/home/salem/ws_moveit2/install/moveit_ros_planning_interface/lib:/home/salem/ws_moveit2/install/moveit_ros_benchmarks/lib:/home/salem/ws_moveit2/install/moveit_ros_warehouse/lib:/home/salem/ws_moveit2/install/moveit_ros_robot_interaction/lib:/home/salem/ws_moveit2/install/moveit_ros_perception/lib:/home/salem/ws_moveit2/install/moveit_ros_move_group/lib:/home/salem/ws_moveit2/install/moveit_planners_ompl/lib:/home/salem/ws_moveit2/install/moveit_ros_planning/lib:/home/salem/ws_moveit2/install/moveit_ros_occupancy_map_monitor/lib:/home/salem/ws_moveit2/install/moveit_resources_prbt_ikfast_manipulator_plugin/lib:/home/salem/ws_moveit2/install/moveit_planners_chomp/lib:/home/salem/ws_moveit2/install/moveit_kinematics/lib:/home/salem/ws_moveit2/install/moveit_chomp_optimizer_adapter/lib:/home/salem/ws_moveit2/install/chomp_motion_planner/lib:/home/salem/ws_moveit2/install/moveit_core/lib:/home/salem/ws_moveit2/install/srdfdom/lib:/home/salem/ws_moveit2/install/rviz_marker_tools/lib:/home/salem/ws_moveit2/install/rosparam_shortcuts/lib:/home/salem/ws_moveit2/install/moveit_task_constructor_msgs/lib:/home/salem/microros_ws/install/micro_ros_agent/lib:/opt/ros/humble/opt/rviz_ogre_vendor/lib:/opt/ros/humble/lib/x86_64-linux-gnu:/opt/ros/humble/lib /usr/bin/cmake /home/salem/microros_ws/src/uros/micro-ROS-Agent/micro_ros_agent -DCMAKE_INSTALL_PREFIX=/home/salem/microros_ws/install/micro_ros_agent
[1.318s] DEBUG:colcon.colcon_core.event_handler.log_command:Invoking command in '/home/salem/microros_ws/build/micro_ros_agent': CMAKE_PREFIX_PATH=/home/salem/microros_ws/install/micro_ros_msgs:/home/salem/ros2_ws/install/labvolt5250a0_description:/home/salem/ws_moveit2/install/pilz_industrial_motion_planner_testutils:/home/salem/ws_moveit2/install/panda_moveit_config:/home/salem/ws_moveit2/install/moveit_runtime:/home/salem/ws_moveit2/install/moveit2_tutorials:/home/salem/ws_moveit2/install/moveit:/home/salem/ws_moveit2/install/moveit_planners:/home/salem/ws_moveit2/install/pilz_industrial_motion_planner:/home/salem/ws_moveit2/install/moveit_visual_tools:/home/salem/ws_moveit2/install/moveit_task_constructor_visualization:/home/salem/ws_moveit2/install/moveit_task_constructor_demo:/home/salem/ws_moveit2/install/moveit_task_constructor_capabilities:/home/salem/ws_moveit2/install/moveit_task_constructor_core:/home/salem/ws_moveit2/install/moveit_ros_control_interface:/home/salem/ws_moveit2/install/moveit_plugins:/home/salem/ws_moveit2/install/moveit_simple_controller_manager:/home/salem/ws_moveit2/install/moveit_setup_assistant:/home/salem/ws_moveit2/install/moveit_setup_srdf_plugins:/home/salem/ws_moveit2/install/moveit_setup_core_plugins:/home/salem/ws_moveit2/install/moveit_setup_controllers:/home/salem/ws_moveit2/install/moveit_setup_app_plugins:/home/salem/ws_moveit2/install/moveit_setup_framework:/home/salem/ws_moveit2/install/moveit_servo:/home/salem/ws_moveit2/install/moveit_ros:/home/salem/ws_moveit2/install/moveit_ros_visualization:/home/salem/ws_moveit2/install/moveit_hybrid_planning:/home/salem/ws_moveit2/install/moveit_ros_planning_interface:/home/salem/ws_moveit2/install/moveit_ros_benchmarks:/home/salem/ws_moveit2/install/moveit_ros_warehouse:/home/salem/ws_moveit2/install/moveit_ros_robot_interaction:/home/salem/ws_moveit2/install/moveit_ros_perception:/home/salem/ws_moveit2/install/moveit_resources_prbt_pg70_support:/home/salem/ws_moveit2/install/moveit_resources_prbt_moveit_config:/home/salem/ws_moveit2/install/moveit_ros_move_group:/home/salem/ws_moveit2/install/moveit_planners_ompl:/home/salem/ws_moveit2/install/moveit_ros_planning:/home/salem/ws_moveit2/install/moveit_ros_occupancy_map_monitor:/home/salem/ws_moveit2/install/moveit_resources_prbt_ikfast_manipulator_plugin:/home/salem/ws_moveit2/install/moveit_planners_chomp:/home/salem/ws_moveit2/install/moveit_kinematics:/home/salem/ws_moveit2/install/moveit_chomp_optimizer_adapter:/home/salem/ws_moveit2/install/chomp_motion_planner:/home/salem/ws_moveit2/install/moveit_core:/home/salem/ws_moveit2/install/srdfdom:/home/salem/ws_moveit2/install/rviz_marker_tools:/home/salem/ws_moveit2/install/rosparam_shortcuts:/home/salem/ws_moveit2/install/moveit_task_constructor_msgs:/home/salem/ws_moveit2/install/moveit_resources_prbt_support:/home/salem/ws_moveit2/install/moveit_resources:/home/salem/ws_moveit2/install/moveit_resources_pr2_description:/home/salem/ws_moveit2/install/moveit_resources_panda_moveit_config:/home/salem/ws_moveit2/install/moveit_resources_panda_description:/home/salem/ws_moveit2/install/moveit_resources_fanuc_moveit_config:/home/salem/ws_moveit2/install/moveit_resources_fanuc_description:/home/salem/ws_moveit2/install/moveit_common:/home/salem/microros_ws/install/micro_ros_setup:/home/salem/microros_ws/install/micro_ros_agent:/home/salem/ros2_ws/install/my_robot_controller:/home/salem/ws_moveit2/install/moveit_configs_utils:/home/salem/ws_moveit2/install/launch_param_builder:/opt/ros/humble LD_LIBRARY_PATH=/home/salem/microros_ws/install/micro_ros_msgs/lib:/home/salem/ws_moveit2/install/pilz_industrial_motion_planner_testutils/lib:/home/salem/ws_moveit2/install/pilz_industrial_motion_planner/lib:/home/salem/ws_moveit2/install/moveit_visual_tools/lib:/home/salem/ws_moveit2/install/moveit_task_constructor_visualization/lib:/home/salem/ws_moveit2/install/moveit_task_constructor_demo/lib:/home/salem/ws_moveit2/install/moveit_task_constructor_capabilities/lib:/home/salem/ws_moveit2/install/moveit_task_constructor_core/lib:/home/salem/ws_moveit2/install/moveit_ros_control_interface/lib:/home/salem/ws_moveit2/install/moveit_simple_controller_manager/lib:/home/salem/ws_moveit2/install/moveit_setup_assistant/lib:/home/salem/ws_moveit2/install/moveit_setup_srdf_plugins/lib:/home/salem/ws_moveit2/install/moveit_setup_core_plugins/lib:/home/salem/ws_moveit2/install/moveit_setup_controllers/lib:/home/salem/ws_moveit2/install/moveit_setup_app_plugins/lib:/home/salem/ws_moveit2/install/moveit_setup_framework/lib:/home/salem/ws_moveit2/install/moveit_servo/lib:/home/salem/ws_moveit2/install/moveit_ros_visualization/lib:/home/salem/ws_moveit2/install/moveit_hybrid_planning/lib:/home/salem/ws_moveit2/install/moveit_ros_planning_interface/lib:/home/salem/ws_moveit2/install/moveit_ros_benchmarks/lib:/home/salem/ws_moveit2/install/moveit_ros_warehouse/lib:/home/salem/ws_moveit2/install/moveit_ros_robot_interaction/lib:/home/salem/ws_moveit2/install/moveit_ros_perception/lib:/home/salem/ws_moveit2/install/moveit_ros_move_group/lib:/home/salem/ws_moveit2/install/moveit_planners_ompl/lib:/home/salem/ws_moveit2/install/moveit_ros_planning/lib:/home/salem/ws_moveit2/install/moveit_ros_occupancy_map_monitor/lib:/home/salem/ws_moveit2/install/moveit_resources_prbt_ikfast_manipulator_plugin/lib:/home/salem/ws_moveit2/install/moveit_planners_chomp/lib:/home/salem/ws_moveit2/install/moveit_kinematics/lib:/home/salem/ws_moveit2/install/moveit_chomp_optimizer_adapter/lib:/home/salem/ws_moveit2/install/chomp_motion_planner/lib:/home/salem/ws_moveit2/install/moveit_core/lib:/home/salem/ws_moveit2/install/srdfdom/lib:/home/salem/ws_moveit2/install/rviz_marker_tools/lib:/home/salem/ws_moveit2/install/rosparam_shortcuts/lib:/home/salem/ws_moveit2/install/moveit_task_constructor_msgs/lib:/home/salem/microros_ws/install/micro_ros_agent/lib:/opt/ros/humble/opt/rviz_ogre_vendor/lib:/opt/ros/humble/lib/x86_64-linux-gnu:/opt/ros/humble/lib /usr/bin/cmake --build /home/salem/microros_ws/build/micro_ros_agent -- -j16 -l16
[1.552s] DEBUG:colcon.colcon_core.event_handler.log_command:Invoked command in '/home/salem/microros_ws/build/micro_ros_agent' returned '0': CMAKE_PREFIX_PATH=/home/salem/microros_ws/install/micro_ros_msgs:/home/salem/ros2_ws/install/labvolt5250a0_description:/home/salem/ws_moveit2/install/pilz_industrial_motion_planner_testutils:/home/salem/ws_moveit2/install/panda_moveit_config:/home/salem/ws_moveit2/install/moveit_runtime:/home/salem/ws_moveit2/install/moveit2_tutorials:/home/salem/ws_moveit2/install/moveit:/home/salem/ws_moveit2/install/moveit_planners:/home/salem/ws_moveit2/install/pilz_industrial_motion_planner:/home/salem/ws_moveit2/install/moveit_visual_tools:/home/salem/ws_moveit2/install/moveit_task_constructor_visualization:/home/salem/ws_moveit2/install/moveit_task_constructor_demo:/home/salem/ws_moveit2/install/moveit_task_constructor_capabilities:/home/salem/ws_moveit2/install/moveit_task_constructor_core:/home/salem/ws_moveit2/install/moveit_ros_control_interface:/home/salem/ws_moveit2/install/moveit_plugins:/home/salem/ws_moveit2/install/moveit_simple_controller_manager:/home/salem/ws_moveit2/install/moveit_setup_assistant:/home/salem/ws_moveit2/install/moveit_setup_srdf_plugins:/home/salem/ws_moveit2/install/moveit_setup_core_plugins:/home/salem/ws_moveit2/install/moveit_setup_controllers:/home/salem/ws_moveit2/install/moveit_setup_app_plugins:/home/salem/ws_moveit2/install/moveit_setup_framework:/home/salem/ws_moveit2/install/moveit_servo:/home/salem/ws_moveit2/install/moveit_ros:/home/salem/ws_moveit2/install/moveit_ros_visualization:/home/salem/ws_moveit2/install/moveit_hybrid_planning:/home/salem/ws_moveit2/install/moveit_ros_planning_interface:/home/salem/ws_moveit2/install/moveit_ros_benchmarks:/home/salem/ws_moveit2/install/moveit_ros_warehouse:/home/salem/ws_moveit2/install/moveit_ros_robot_interaction:/home/salem/ws_moveit2/install/moveit_ros_perception:/home/salem/ws_moveit2/install/moveit_resources_prbt_pg70_support:/home/salem/ws_moveit2/install/moveit_resources_prbt_moveit_config:/home/salem/ws_moveit2/install/moveit_ros_move_group:/home/salem/ws_moveit2/install/moveit_planners_ompl:/home/salem/ws_moveit2/install/moveit_ros_planning:/home/salem/ws_moveit2/install/moveit_ros_occupancy_map_monitor:/home/salem/ws_moveit2/install/moveit_resources_prbt_ikfast_manipulator_plugin:/home/salem/ws_moveit2/install/moveit_planners_chomp:/home/salem/ws_moveit2/install/moveit_kinematics:/home/salem/ws_moveit2/install/moveit_chomp_optimizer_adapter:/home/salem/ws_moveit2/install/chomp_motion_planner:/home/salem/ws_moveit2/install/moveit_core:/home/salem/ws_moveit2/install/srdfdom:/home/salem/ws_moveit2/install/rviz_marker_tools:/home/salem/ws_moveit2/install/rosparam_shortcuts:/home/salem/ws_moveit2/install/moveit_task_constructor_msgs:/home/salem/ws_moveit2/install/moveit_resources_prbt_support:/home/salem/ws_moveit2/install/moveit_resources:/home/salem/ws_moveit2/install/moveit_resources_pr2_description:/home/salem/ws_moveit2/install/moveit_resources_panda_moveit_config:/home/salem/ws_moveit2/install/moveit_resources_panda_description:/home/salem/ws_moveit2/install/moveit_resources_fanuc_moveit_config:/home/salem/ws_moveit2/install/moveit_resources_fanuc_description:/home/salem/ws_moveit2/install/moveit_common:/home/salem/microros_ws/install/micro_ros_setup:/home/salem/microros_ws/install/micro_ros_agent:/home/salem/ros2_ws/install/my_robot_controller:/home/salem/ws_moveit2/install/moveit_configs_utils:/home/salem/ws_moveit2/install/launch_param_builder:/opt/ros/humble LD_LIBRARY_PATH=/home/salem/microros_ws/install/micro_ros_msgs/lib:/home/salem/ws_moveit2/install/pilz_industrial_motion_planner_testutils/lib:/home/salem/ws_moveit2/install/pilz_industrial_motion_planner/lib:/home/salem/ws_moveit2/install/moveit_visual_tools/lib:/home/salem/ws_moveit2/install/moveit_task_constructor_visualization/lib:/home/salem/ws_moveit2/install/moveit_task_constructor_demo/lib:/home/salem/ws_moveit2/install/moveit_task_constructor_capabilities/lib:/home/salem/ws_moveit2/install/moveit_task_constructor_core/lib:/home/salem/ws_moveit2/install/moveit_ros_control_interface/lib:/home/salem/ws_moveit2/install/moveit_simple_controller_manager/lib:/home/salem/ws_moveit2/install/moveit_setup_assistant/lib:/home/salem/ws_moveit2/install/moveit_setup_srdf_plugins/lib:/home/salem/ws_moveit2/install/moveit_setup_core_plugins/lib:/home/salem/ws_moveit2/install/moveit_setup_controllers/lib:/home/salem/ws_moveit2/install/moveit_setup_app_plugins/lib:/home/salem/ws_moveit2/install/moveit_setup_framework/lib:/home/salem/ws_moveit2/install/moveit_servo/lib:/home/salem/ws_moveit2/install/moveit_ros_visualization/lib:/home/salem/ws_moveit2/install/moveit_hybrid_planning/lib:/home/salem/ws_moveit2/install/moveit_ros_planning_interface/lib:/home/salem/ws_moveit2/install/moveit_ros_benchmarks/lib:/home/salem/ws_moveit2/install/moveit_ros_warehouse/lib:/home/salem/ws_moveit2/install/moveit_ros_robot_interaction/lib:/home/salem/ws_moveit2/install/moveit_ros_perception/lib:/home/salem/ws_moveit2/install/moveit_ros_move_group/lib:/home/salem/ws_moveit2/install/moveit_planners_ompl/lib:/home/salem/ws_moveit2/install/moveit_ros_planning/lib:/home/salem/ws_moveit2/install/moveit_ros_occupancy_map_monitor/lib:/home/salem/ws_moveit2/install/moveit_resources_prbt_ikfast_manipulator_plugin/lib:/home/salem/ws_moveit2/install/moveit_planners_chomp/lib:/home/salem/ws_moveit2/install/moveit_kinematics/lib:/home/salem/ws_moveit2/install/moveit_chomp_optimizer_adapter/lib:/home/salem/ws_moveit2/install/chomp_motion_planner/lib:/home/salem/ws_moveit2/install/moveit_core/lib:/home/salem/ws_moveit2/install/srdfdom/lib:/home/salem/ws_moveit2/install/rviz_marker_tools/lib:/home/salem/ws_moveit2/install/rosparam_shortcuts/lib:/home/salem/ws_moveit2/install/moveit_task_constructor_msgs/lib:/home/salem/microros_ws/install/micro_ros_agent/lib:/opt/ros/humble/opt/rviz_ogre_vendor/lib:/opt/ros/humble/lib/x86_64-linux-gnu:/opt/ros/humble/lib /usr/bin/cmake --build /home/salem/microros_ws/build/micro_ros_agent -- -j16 -l16
[1.572s] DEBUG:colcon.colcon_core.event_handler.log_command:Invoking command in '/home/salem/microros_ws/build/micro_ros_agent': CMAKE_PREFIX_PATH=/home/salem/microros_ws/install/micro_ros_msgs:/home/salem/ros2_ws/install/labvolt5250a0_description:/home/salem/ws_moveit2/install/pilz_industrial_motion_planner_testutils:/home/salem/ws_moveit2/install/panda_moveit_config:/home/salem/ws_moveit2/install/moveit_runtime:/home/salem/ws_moveit2/install/moveit2_tutorials:/home/salem/ws_moveit2/install/moveit:/home/salem/ws_moveit2/install/moveit_planners:/home/salem/ws_moveit2/install/pilz_industrial_motion_planner:/home/salem/ws_moveit2/install/moveit_visual_tools:/home/salem/ws_moveit2/install/moveit_task_constructor_visualization:/home/salem/ws_moveit2/install/moveit_task_constructor_demo:/home/salem/ws_moveit2/install/moveit_task_constructor_capabilities:/home/salem/ws_moveit2/install/moveit_task_constructor_core:/home/salem/ws_moveit2/install/moveit_ros_control_interface:/home/salem/ws_moveit2/install/moveit_plugins:/home/salem/ws_moveit2/install/moveit_simple_controller_manager:/home/salem/ws_moveit2/install/moveit_setup_assistant:/home/salem/ws_moveit2/install/moveit_setup_srdf_plugins:/home/salem/ws_moveit2/install/moveit_setup_core_plugins:/home/salem/ws_moveit2/install/moveit_setup_controllers:/home/salem/ws_moveit2/install/moveit_setup_app_plugins:/home/salem/ws_moveit2/install/moveit_setup_framework:/home/salem/ws_moveit2/install/moveit_servo:/home/salem/ws_moveit2/install/moveit_ros:/home/salem/ws_moveit2/install/moveit_ros_visualization:/home/salem/ws_moveit2/install/moveit_hybrid_planning:/home/salem/ws_moveit2/install/moveit_ros_planning_interface:/home/salem/ws_moveit2/install/moveit_ros_benchmarks:/home/salem/ws_moveit2/install/moveit_ros_warehouse:/home/salem/ws_moveit2/install/moveit_ros_robot_interaction:/home/salem/ws_moveit2/install/moveit_ros_perception:/home/salem/ws_moveit2/install/moveit_resources_prbt_pg70_support:/home/salem/ws_moveit2/install/moveit_resources_prbt_moveit_config:/home/salem/ws_moveit2/install/moveit_ros_move_group:/home/salem/ws_moveit2/install/moveit_planners_ompl:/home/salem/ws_moveit2/install/moveit_ros_planning:/home/salem/ws_moveit2/install/moveit_ros_occupancy_map_monitor:/home/salem/ws_moveit2/install/moveit_resources_prbt_ikfast_manipulator_plugin:/home/salem/ws_moveit2/install/moveit_planners_chomp:/home/salem/ws_moveit2/install/moveit_kinematics:/home/salem/ws_moveit2/install/moveit_chomp_optimizer_adapter:/home/salem/ws_moveit2/install/chomp_motion_planner:/home/salem/ws_moveit2/install/moveit_core:/home/salem/ws_moveit2/install/srdfdom:/home/salem/ws_moveit2/install/rviz_marker_tools:/home/salem/ws_moveit2/install/rosparam_shortcuts:/home/salem/ws_moveit2/install/moveit_task_constructor_msgs:/home/salem/ws_moveit2/install/moveit_resources_prbt_support:/home/salem/ws_moveit2/install/moveit_resources:/home/salem/ws_moveit2/install/moveit_resources_pr2_description:/home/salem/ws_moveit2/install/moveit_resources_panda_moveit_config:/home/salem/ws_moveit2/install/moveit_resources_panda_description:/home/salem/ws_moveit2/install/moveit_resources_fanuc_moveit_config:/home/salem/ws_moveit2/install/moveit_resources_fanuc_description:/home/salem/ws_moveit2/install/moveit_common:/home/salem/microros_ws/install/micro_ros_setup:/home/salem/microros_ws/install/micro_ros_agent:/home/salem/ros2_ws/install/my_robot_controller:/home/salem/ws_moveit2/install/moveit_configs_utils:/home/salem/ws_moveit2/install/launch_param_builder:/opt/ros/humble LD_LIBRARY_PATH=/home/salem/microros_ws/install/micro_ros_msgs/lib:/home/salem/ws_moveit2/install/pilz_industrial_motion_planner_testutils/lib:/home/salem/ws_moveit2/install/pilz_industrial_motion_planner/lib:/home/salem/ws_moveit2/install/moveit_visual_tools/lib:/home/salem/ws_moveit2/install/moveit_task_constructor_visualization/lib:/home/salem/ws_moveit2/install/moveit_task_constructor_demo/lib:/home/salem/ws_moveit2/install/moveit_task_constructor_capabilities/lib:/home/salem/ws_moveit2/install/moveit_task_constructor_core/lib:/home/salem/ws_moveit2/install/moveit_ros_control_interface/lib:/home/salem/ws_moveit2/install/moveit_simple_controller_manager/lib:/home/salem/ws_moveit2/install/moveit_setup_assistant/lib:/home/salem/ws_moveit2/install/moveit_setup_srdf_plugins/lib:/home/salem/ws_moveit2/install/moveit_setup_core_plugins/lib:/home/salem/ws_moveit2/install/moveit_setup_controllers/lib:/home/salem/ws_moveit2/install/moveit_setup_app_plugins/lib:/home/salem/ws_moveit2/install/moveit_setup_framework/lib:/home/salem/ws_moveit2/install/moveit_servo/lib:/home/salem/ws_moveit2/install/moveit_ros_visualization/lib:/home/salem/ws_moveit2/install/moveit_hybrid_planning/lib:/home/salem/ws_moveit2/install/moveit_ros_planning_interface/lib:/home/salem/ws_moveit2/install/moveit_ros_benchmarks/lib:/home/salem/ws_moveit2/install/moveit_ros_warehouse/lib:/home/salem/ws_moveit2/install/moveit_ros_robot_interaction/lib:/home/salem/ws_moveit2/install/moveit_ros_perception/lib:/home/salem/ws_moveit2/install/moveit_ros_move_group/lib:/home/salem/ws_moveit2/install/moveit_planners_ompl/lib:/home/salem/ws_moveit2/install/moveit_ros_planning/lib:/home/salem/ws_moveit2/install/moveit_ros_occupancy_map_monitor/lib:/home/salem/ws_moveit2/install/moveit_resources_prbt_ikfast_manipulator_plugin/lib:/home/salem/ws_moveit2/install/moveit_planners_chomp/lib:/home/salem/ws_moveit2/install/moveit_kinematics/lib:/home/salem/ws_moveit2/install/moveit_chomp_optimizer_adapter/lib:/home/salem/ws_moveit2/install/chomp_motion_planner/lib:/home/salem/ws_moveit2/install/moveit_core/lib:/home/salem/ws_moveit2/install/srdfdom/lib:/home/salem/ws_moveit2/install/rviz_marker_tools/lib:/home/salem/ws_moveit2/install/rosparam_shortcuts/lib:/home/salem/ws_moveit2/install/moveit_task_constructor_msgs/lib:/home/salem/microros_ws/install/micro_ros_agent/lib:/opt/ros/humble/opt/rviz_ogre_vendor/lib:/opt/ros/humble/lib/x86_64-linux-gnu:/opt/ros/humble/lib /usr/bin/cmake --install /home/salem/microros_ws/build/micro_ros_agent
[1.590s] Level 1:colcon.colcon_core.environment:create_environment_scripts_only(micro_ros_agent)
[1.591s] DEBUG:colcon.colcon_core.event_handler.log_command:Invoked command in '/home/salem/microros_ws/build/micro_ros_agent' returned '0': CMAKE_PREFIX_PATH=/home/salem/microros_ws/install/micro_ros_msgs:/home/salem/ros2_ws/install/labvolt5250a0_description:/home/salem/ws_moveit2/install/pilz_industrial_motion_planner_testutils:/home/salem/ws_moveit2/install/panda_moveit_config:/home/salem/ws_moveit2/install/moveit_runtime:/home/salem/ws_moveit2/install/moveit2_tutorials:/home/salem/ws_moveit2/install/moveit:/home/salem/ws_moveit2/install/moveit_planners:/home/salem/ws_moveit2/install/pilz_industrial_motion_planner:/home/salem/ws_moveit2/install/moveit_visual_tools:/home/salem/ws_moveit2/install/moveit_task_constructor_visualization:/home/salem/ws_moveit2/install/moveit_task_constructor_demo:/home/salem/ws_moveit2/install/moveit_task_constructor_capabilities:/home/salem/ws_moveit2/install/moveit_task_constructor_core:/home/salem/ws_moveit2/install/moveit_ros_control_interface:/home/salem/ws_moveit2/install/moveit_plugins:/home/salem/ws_moveit2/install/moveit_simple_controller_manager:/home/salem/ws_moveit2/install/moveit_setup_assistant:/home/salem/ws_moveit2/install/moveit_setup_srdf_plugins:/home/salem/ws_moveit2/install/moveit_setup_core_plugins:/home/salem/ws_moveit2/install/moveit_setup_controllers:/home/salem/ws_moveit2/install/moveit_setup_app_plugins:/home/salem/ws_moveit2/install/moveit_setup_framework:/home/salem/ws_moveit2/install/moveit_servo:/home/salem/ws_moveit2/install/moveit_ros:/home/salem/ws_moveit2/install/moveit_ros_visualization:/home/salem/ws_moveit2/install/moveit_hybrid_planning:/home/salem/ws_moveit2/install/moveit_ros_planning_interface:/home/salem/ws_moveit2/install/moveit_ros_benchmarks:/home/salem/ws_moveit2/install/moveit_ros_warehouse:/home/salem/ws_moveit2/install/moveit_ros_robot_interaction:/home/salem/ws_moveit2/install/moveit_ros_perception:/home/salem/ws_moveit2/install/moveit_resources_prbt_pg70_support:/home/salem/ws_moveit2/install/moveit_resources_prbt_moveit_config:/home/salem/ws_moveit2/install/moveit_ros_move_group:/home/salem/ws_moveit2/install/moveit_planners_ompl:/home/salem/ws_moveit2/install/moveit_ros_planning:/home/salem/ws_moveit2/install/moveit_ros_occupancy_map_monitor:/home/salem/ws_moveit2/install/moveit_resources_prbt_ikfast_manipulator_plugin:/home/salem/ws_moveit2/install/moveit_planners_chomp:/home/salem/ws_moveit2/install/moveit_kinematics:/home/salem/ws_moveit2/install/moveit_chomp_optimizer_adapter:/home/salem/ws_moveit2/install/chomp_motion_planner:/home/salem/ws_moveit2/install/moveit_core:/home/salem/ws_moveit2/install/srdfdom:/home/salem/ws_moveit2/install/rviz_marker_tools:/home/salem/ws_moveit2/install/rosparam_shortcuts:/home/salem/ws_moveit2/install/moveit_task_constructor_msgs:/home/salem/ws_moveit2/install/moveit_resources_prbt_support:/home/salem/ws_moveit2/install/moveit_resources:/home/salem/ws_moveit2/install/moveit_resources_pr2_description:/home/salem/ws_moveit2/install/moveit_resources_panda_moveit_config:/home/salem/ws_moveit2/install/moveit_resources_panda_description:/home/salem/ws_moveit2/install/moveit_resources_fanuc_moveit_config:/home/salem/ws_moveit2/install/moveit_resources_fanuc_description:/home/salem/ws_moveit2/install/moveit_common:/home/salem/microros_ws/install/micro_ros_setup:/home/salem/microros_ws/install/micro_ros_agent:/home/salem/ros2_ws/install/my_robot_controller:/home/salem/ws_moveit2/install/moveit_configs_utils:/home/salem/ws_moveit2/install/launch_param_builder:/opt/ros/humble LD_LIBRARY_PATH=/home/salem/microros_ws/install/micro_ros_msgs/lib:/home/salem/ws_moveit2/install/pilz_industrial_motion_planner_testutils/lib:/home/salem/ws_moveit2/install/pilz_industrial_motion_planner/lib:/home/salem/ws_moveit2/install/moveit_visual_tools/lib:/home/salem/ws_moveit2/install/moveit_task_constructor_visualization/lib:/home/salem/ws_moveit2/install/moveit_task_constructor_demo/lib:/home/salem/ws_moveit2/install/moveit_task_constructor_capabilities/lib:/home/salem/ws_moveit2/install/moveit_task_constructor_core/lib:/home/salem/ws_moveit2/install/moveit_ros_control_interface/lib:/home/salem/ws_moveit2/install/moveit_simple_controller_manager/lib:/home/salem/ws_moveit2/install/moveit_setup_assistant/lib:/home/salem/ws_moveit2/install/moveit_setup_srdf_plugins/lib:/home/salem/ws_moveit2/install/moveit_setup_core_plugins/lib:/home/salem/ws_moveit2/install/moveit_setup_controllers/lib:/home/salem/ws_moveit2/install/moveit_setup_app_plugins/lib:/home/salem/ws_moveit2/install/moveit_setup_framework/lib:/home/salem/ws_moveit2/install/moveit_servo/lib:/home/salem/ws_moveit2/install/moveit_ros_visualization/lib:/home/salem/ws_moveit2/install/moveit_hybrid_planning/lib:/home/salem/ws_moveit2/install/moveit_ros_planning_interface/lib:/home/salem/ws_moveit2/install/moveit_ros_benchmarks/lib:/home/salem/ws_moveit2/install/moveit_ros_warehouse/lib:/home/salem/ws_moveit2/install/moveit_ros_robot_interaction/lib:/home/salem/ws_moveit2/install/moveit_ros_perception/lib:/home/salem/ws_moveit2/install/moveit_ros_move_group/lib:/home/salem/ws_moveit2/install/moveit_planners_ompl/lib:/home/salem/ws_moveit2/install/moveit_ros_planning/lib:/home/salem/ws_moveit2/install/moveit_ros_occupancy_map_monitor/lib:/home/salem/ws_moveit2/install/moveit_resources_prbt_ikfast_manipulator_plugin/lib:/home/salem/ws_moveit2/install/moveit_planners_chomp/lib:/home/salem/ws_moveit2/install/moveit_kinematics/lib:/home/salem/ws_moveit2/install/moveit_chomp_optimizer_adapter/lib:/home/salem/ws_moveit2/install/chomp_motion_planner/lib:/home/salem/ws_moveit2/install/moveit_core/lib:/home/salem/ws_moveit2/install/srdfdom/lib:/home/salem/ws_moveit2/install/rviz_marker_tools/lib:/home/salem/ws_moveit2/install/rosparam_shortcuts/lib:/home/salem/ws_moveit2/install/moveit_task_constructor_msgs/lib:/home/salem/microros_ws/install/micro_ros_agent/lib:/opt/ros/humble/opt/rviz_ogre_vendor/lib:/opt/ros/humble/lib/x86_64-linux-gnu:/opt/ros/humble/lib /usr/bin/cmake --install /home/salem/microros_ws/build/micro_ros_agent
[1.595s] Level 1:colcon.colcon_core.environment:checking '/home/salem/microros_ws/install/micro_ros_agent' for CMake module files
[1.595s] Level 1:colcon.colcon_core.environment:checking '/home/salem/microros_ws/install/micro_ros_agent' for CMake config files
[1.596s] Level 1:colcon.colcon_core.shell:create_environment_hook('micro_ros_agent', 'cmake_prefix_path')
[1.597s] INFO:colcon.colcon_core.shell:Creating environment hook '/home/salem/microros_ws/install/micro_ros_agent/share/micro_ros_agent/hook/cmake_prefix_path.ps1'
[1.597s] INFO:colcon.colcon_core.shell:Creating environment descriptor '/home/salem/microros_ws/install/micro_ros_agent/share/micro_ros_agent/hook/cmake_prefix_path.dsv'
[1.598s] INFO:colcon.colcon_core.shell:Creating environment hook '/home/salem/microros_ws/install/micro_ros_agent/share/micro_ros_agent/hook/cmake_prefix_path.sh'
[1.599s] Level 1:colcon.colcon_core.environment:checking '/home/salem/microros_ws/install/micro_ros_agent/lib'
[1.599s] Level 1:colcon.colcon_core.shell:create_environment_hook('micro_ros_agent', 'ld_library_path_lib')
[1.599s] INFO:colcon.colcon_core.shell:Creating environment hook '/home/salem/microros_ws/install/micro_ros_agent/share/micro_ros_agent/hook/ld_library_path_lib.ps1'
[1.599s] INFO:colcon.colcon_core.shell:Creating environment descriptor '/home/salem/microros_ws/install/micro_ros_agent/share/micro_ros_agent/hook/ld_library_path_lib.dsv'
[1.600s] INFO:colcon.colcon_core.shell:Creating environment hook '/home/salem/microros_ws/install/micro_ros_agent/share/micro_ros_agent/hook/ld_library_path_lib.sh'
[1.600s] Level 1:colcon.colcon_core.environment:checking '/home/salem/microros_ws/install/micro_ros_agent/bin'
[1.600s] Level 1:colcon.colcon_core.environment:checking '/home/salem/microros_ws/install/micro_ros_agent/lib/pkgconfig/micro_ros_agent.pc'
[1.601s] Level 1:colcon.colcon_core.environment:checking '/home/salem/microros_ws/install/micro_ros_agent/lib/python3.10/site-packages'
[1.601s] Level 1:colcon.colcon_core.environment:checking '/home/salem/microros_ws/install/micro_ros_agent/bin'
[1.601s] INFO:colcon.colcon_core.shell:Creating package script '/home/salem/microros_ws/install/micro_ros_agent/share/micro_ros_agent/package.ps1'
[1.602s] INFO:colcon.colcon_core.shell:Creating package descriptor '/home/salem/microros_ws/install/micro_ros_agent/share/micro_ros_agent/package.dsv'
[1.603s] INFO:colcon.colcon_core.shell:Creating package script '/home/salem/microros_ws/install/micro_ros_agent/share/micro_ros_agent/package.sh'
[1.603s] INFO:colcon.colcon_core.shell:Creating package script '/home/salem/microros_ws/install/micro_ros_agent/share/micro_ros_agent/package.bash'
[1.604s] INFO:colcon.colcon_core.shell:Creating package script '/home/salem/microros_ws/install/micro_ros_agent/share/micro_ros_agent/package.zsh'
[1.605s] Level 1:colcon.colcon_core.environment:create_file_with_runtime_dependencies(/home/salem/microros_ws/install/micro_ros_agent/share/colcon-core/packages/micro_ros_agent)
[1.605s] Level 1:colcon.colcon_core.environment:create_environment_scripts_only(micro_ros_agent)
[1.605s] Level 1:colcon.colcon_core.environment:checking '/home/salem/microros_ws/install/micro_ros_agent' for CMake module files
[1.606s] Level 1:colcon.colcon_core.environment:checking '/home/salem/microros_ws/install/micro_ros_agent' for CMake config files
[1.607s] Level 1:colcon.colcon_core.shell:create_environment_hook('micro_ros_agent', 'cmake_prefix_path')
[1.607s] INFO:colcon.colcon_core.shell:Creating environment hook '/home/salem/microros_ws/install/micro_ros_agent/share/micro_ros_agent/hook/cmake_prefix_path.ps1'
[1.607s] INFO:colcon.colcon_core.shell:Creating environment descriptor '/home/salem/microros_ws/install/micro_ros_agent/share/micro_ros_agent/hook/cmake_prefix_path.dsv'
[1.608s] INFO:colcon.colcon_core.shell:Creating environment hook '/home/salem/microros_ws/install/micro_ros_agent/share/micro_ros_agent/hook/cmake_prefix_path.sh'
[1.608s] Level 1:colcon.colcon_core.environment:checking '/home/salem/microros_ws/install/micro_ros_agent/lib'
[1.609s] Level 1:colcon.colcon_core.shell:create_environment_hook('micro_ros_agent', 'ld_library_path_lib')
[1.609s] INFO:colcon.colcon_core.shell:Creating environment hook '/home/salem/microros_ws/install/micro_ros_agent/share/micro_ros_agent/hook/ld_library_path_lib.ps1'
[1.609s] INFO:colcon.colcon_core.shell:Creating environment descriptor '/home/salem/microros_ws/install/micro_ros_agent/share/micro_ros_agent/hook/ld_library_path_lib.dsv'
[1.610s] INFO:colcon.colcon_core.shell:Creating environment hook '/home/salem/microros_ws/install/micro_ros_agent/share/micro_ros_agent/hook/ld_library_path_lib.sh'
[1.610s] Level 1:colcon.colcon_core.environment:checking '/home/salem/microros_ws/install/micro_ros_agent/bin'
[1.610s] Level 1:colcon.colcon_core.environment:checking '/home/salem/microros_ws/install/micro_ros_agent/lib/pkgconfig/micro_ros_agent.pc'
[1.610s] Level 1:colcon.colcon_core.environment:checking '/home/salem/microros_ws/install/micro_ros_agent/lib/python3.10/site-packages'
[1.611s] Level 1:colcon.colcon_core.environment:checking '/home/salem/microros_ws/install/micro_ros_agent/bin'
[1.611s] INFO:colcon.colcon_core.shell:Creating package script '/home/salem/microros_ws/install/micro_ros_agent/share/micro_ros_agent/package.ps1'
[1.611s] INFO:colcon.colcon_core.shell:Creating package descriptor '/home/salem/microros_ws/install/micro_ros_agent/share/micro_ros_agent/package.dsv'
[1.612s] INFO:colcon.colcon_core.shell:Creating package script '/home/salem/microros_ws/install/micro_ros_agent/share/micro_ros_agent/package.sh'
[1.612s] INFO:colcon.colcon_core.shell:Creating package script '/home/salem/microros_ws/install/micro_ros_agent/share/micro_ros_agent/package.bash'
[1.613s] INFO:colcon.colcon_core.shell:Creating package script '/home/salem/microros_ws/install/micro_ros_agent/share/micro_ros_agent/package.zsh'
[1.613s] Level 1:colcon.colcon_core.environment:create_file_with_runtime_dependencies(/home/salem/microros_ws/install/micro_ros_agent/share/colcon-core/packages/micro_ros_agent)
[1.614s] DEBUG:colcon.colcon_parallel_executor.executor.parallel:closing loop
[1.614s] DEBUG:colcon.colcon_parallel_executor.executor.parallel:loop closed
[1.614s] DEBUG:colcon.colcon_parallel_executor.executor.parallel:run_until_complete finished with '0'
[1.614s] DEBUG:colcon.colcon_core.event_reactor:joining thread
[1.621s] INFO:colcon.colcon_core.plugin_system:Skipping extension 'colcon_notification.desktop_notification.terminal_notifier': Not used on non-Darwin systems
[1.621s] INFO:colcon.colcon_core.plugin_system:Skipping extension 'colcon_notification.desktop_notification.win32': Not used on non-Windows systems
[1.621s] INFO:colcon.colcon_notification.desktop_notification:Sending desktop notification using 'notify2'
[1.636s] DEBUG:colcon.colcon_core.event_reactor:joined thread
[1.636s] INFO:colcon.colcon_core.shell:Creating prefix script '/home/salem/microros_ws/install/local_setup.ps1'
[1.637s] INFO:colcon.colcon_core.shell:Creating prefix util module '/home/salem/microros_ws/install/_local_setup_util_ps1.py'
[1.638s] INFO:colcon.colcon_core.shell:Creating prefix chain script '/home/salem/microros_ws/install/setup.ps1'
[1.643s] INFO:colcon.colcon_core.shell:Creating prefix script '/home/salem/microros_ws/install/local_setup.sh'
[1.643s] INFO:colcon.colcon_core.shell:Creating prefix util module '/home/salem/microros_ws/install/_local_setup_util_sh.py'
[1.644s] INFO:colcon.colcon_core.shell:Creating prefix chain script '/home/salem/microros_ws/install/setup.sh'
[1.649s] INFO:colcon.colcon_core.shell:Creating prefix script '/home/salem/microros_ws/install/local_setup.bash'
[1.649s] INFO:colcon.colcon_core.shell:Creating prefix chain script '/home/salem/microros_ws/install/setup.bash'
[1.653s] INFO:colcon.colcon_core.shell:Creating prefix script '/home/salem/microros_ws/install/local_setup.zsh'
[1.654s] INFO:colcon.colcon_core.shell:Creating prefix chain script '/home/salem/microros_ws/install/setup.zsh'
