[0.097s] Invoking command in '/home/salem/graduation_project_ws/build/moveit_task_constructor_core': AMENT_PREFIX_PATH=/home/salem/graduation_project_ws/install/moveit_planners:/home/salem/graduation_project_ws/install/pilz_industrial_motion_planner:/home/salem/graduation_project_ws/install/moveit_resources_prbt_pg70_support:/home/salem/graduation_project_ws/install/moveit_ros_planning_interface:/home/salem/graduation_project_ws/install/moveit_resources_prbt_moveit_config:/home/salem/graduation_project_ws/install/moveit_ros_move_group:/home/salem/graduation_project_ws/install/moveit_ros_warehouse:/home/salem/graduation_project_ws/install/moveit_planners_ompl:/home/salem/graduation_project_ws/install/moveit_kinematics:/home/salem/graduation_project_ws/install/moveit_ros_planning:/home/salem/graduation_project_ws/install/moveit_planners_chomp:/home/salem/graduation_project_ws/install/pilz_industrial_motion_planner_testutils:/home/salem/graduation_project_ws/install/moveit_simple_controller_manager:/home/salem/graduation_project_ws/install/moveit_ros_occupancy_map_monitor:/home/salem/graduation_project_ws/install/moveit_resources_prbt_ikfast_manipulator_plugin:/home/salem/graduation_project_ws/install/chomp_motion_planner:/home/salem/graduation_project_ws/install/moveit_core:/home/salem/graduation_project_ws/install/rviz_marker_tools:/home/salem/graduation_project_ws/install/moveit_resources_panda_moveit_config:/home/salem/graduation_project_ws/install/moveit_resources_fanuc_moveit_config:/home/salem/graduation_project_ws/install/moveit_configs_utils:/home/salem/graduation_project_ws/install/srdfdom:/home/salem/graduation_project_ws/install/moveit_task_constructor_msgs:/home/salem/graduation_project_ws/install/moveit_resources_prbt_support:/home/salem/graduation_project_ws/install/moveit_resources_pr2_description:/home/salem/graduation_project_ws/install/moveit_resources_panda_description:/home/salem/graduation_project_ws/install/moveit_resources_fanuc_description:/home/salem/graduation_project_ws/install/moveit_common:/home/salem/graduation_project_ws/install/launch_param_builder:${AMENT_PREFIX_PATH} CMAKE_PREFIX_PATH=/home/salem/graduation_project_ws/install/moveit_planners:/home/salem/graduation_project_ws/install/pilz_industrial_motion_planner:/home/salem/graduation_project_ws/install/moveit_resources_prbt_pg70_support:/home/salem/graduation_project_ws/install/moveit_ros_planning_interface:/home/salem/graduation_project_ws/install/moveit_resources_prbt_moveit_config:/home/salem/graduation_project_ws/install/moveit_ros_move_group:/home/salem/graduation_project_ws/install/moveit_ros_warehouse:/home/salem/graduation_project_ws/install/moveit_planners_ompl:/home/salem/graduation_project_ws/install/moveit_kinematics:/home/salem/graduation_project_ws/install/moveit_ros_planning:/home/salem/graduation_project_ws/install/moveit_planners_chomp:/home/salem/graduation_project_ws/install/pilz_industrial_motion_planner_testutils:/home/salem/graduation_project_ws/install/moveit_simple_controller_manager:/home/salem/graduation_project_ws/install/moveit_ros_occupancy_map_monitor:/home/salem/graduation_project_ws/install/moveit_resources_prbt_ikfast_manipulator_plugin:/home/salem/graduation_project_ws/install/chomp_motion_planner:/home/salem/graduation_project_ws/install/moveit_core:/home/salem/graduation_project_ws/install/rviz_marker_tools:/home/salem/graduation_project_ws/install/moveit_resources_panda_moveit_config:/home/salem/graduation_project_ws/install/moveit_resources_fanuc_moveit_config:/home/salem/graduation_project_ws/install/srdfdom:/home/salem/graduation_project_ws/install/moveit_task_constructor_msgs:/home/salem/graduation_project_ws/install/moveit_resources_prbt_support:/home/salem/graduation_project_ws/install/moveit_resources_pr2_description:/home/salem/graduation_project_ws/install/moveit_resources_panda_description:/home/salem/graduation_project_ws/install/moveit_resources_fanuc_description:/home/salem/graduation_project_ws/install/moveit_common:/home/salem/ros2_ws/install/labvolt5250a0_description:/home/salem/ws_moveit2/install/pilz_industrial_motion_planner_testutils:/home/salem/ws_moveit2/install/panda_moveit_config:/home/salem/ws_moveit2/install/moveit_runtime:/home/salem/ws_moveit2/install/moveit2_tutorials:/home/salem/ws_moveit2/install/moveit:/home/salem/ws_moveit2/install/moveit_planners:/home/salem/ws_moveit2/install/pilz_industrial_motion_planner:/home/salem/ws_moveit2/install/moveit_visual_tools:/home/salem/ws_moveit2/install/moveit_task_constructor_visualization:/home/salem/ws_moveit2/install/moveit_task_constructor_demo:/home/salem/ws_moveit2/install/moveit_task_constructor_capabilities:/home/salem/ws_moveit2/install/moveit_task_constructor_core:/home/salem/ws_moveit2/install/moveit_ros_control_interface:/home/salem/ws_moveit2/install/moveit_plugins:/home/salem/ws_moveit2/install/moveit_simple_controller_manager:/home/salem/ws_moveit2/install/moveit_setup_assistant:/home/salem/ws_moveit2/install/moveit_setup_srdf_plugins:/home/salem/ws_moveit2/install/moveit_setup_core_plugins:/home/salem/ws_moveit2/install/moveit_setup_controllers:/home/salem/ws_moveit2/install/moveit_setup_app_plugins:/home/salem/ws_moveit2/install/moveit_setup_framework:/home/salem/ws_moveit2/install/moveit_servo:/home/salem/ws_moveit2/install/moveit_ros:/home/salem/ws_moveit2/install/moveit_ros_visualization:/home/salem/ws_moveit2/install/moveit_hybrid_planning:/home/salem/ws_moveit2/install/moveit_ros_planning_interface:/home/salem/ws_moveit2/install/moveit_ros_benchmarks:/home/salem/ws_moveit2/install/moveit_ros_warehouse:/home/salem/ws_moveit2/install/moveit_ros_robot_interaction:/home/salem/ws_moveit2/install/moveit_ros_perception:/home/salem/ws_moveit2/install/moveit_resources_prbt_pg70_support:/home/salem/ws_moveit2/install/moveit_resources_prbt_moveit_config:/home/salem/ws_moveit2/install/moveit_ros_move_group:/home/salem/ws_moveit2/install/moveit_planners_ompl:/home/salem/ws_moveit2/install/moveit_ros_planning:/home/salem/ws_moveit2/install/moveit_ros_occupancy_map_monitor:/home/salem/ws_moveit2/install/moveit_resources_prbt_ikfast_manipulator_plugin:/home/salem/ws_moveit2/install/moveit_planners_chomp:/home/salem/ws_moveit2/install/moveit_kinematics:/home/salem/ws_moveit2/install/moveit_chomp_optimizer_adapter:/home/salem/ws_moveit2/install/chomp_motion_planner:/home/salem/ws_moveit2/install/moveit_core:/home/salem/ws_moveit2/install/srdfdom:/home/salem/ws_moveit2/install/rviz_marker_tools:/home/salem/ws_moveit2/install/rosparam_shortcuts:/home/salem/ws_moveit2/install/moveit_task_constructor_msgs:/home/salem/ws_moveit2/install/moveit_resources_prbt_support:/home/salem/ws_moveit2/install/moveit_resources:/home/salem/ws_moveit2/install/moveit_resources_pr2_description:/home/salem/ws_moveit2/install/moveit_resources_panda_moveit_config:/home/salem/ws_moveit2/install/moveit_resources_panda_description:/home/salem/ws_moveit2/install/moveit_resources_fanuc_moveit_config:/home/salem/ws_moveit2/install/moveit_resources_fanuc_description:/home/salem/ws_moveit2/install/moveit_common:/home/salem/microros_ws/install/micro_ros_setup:/home/salem/ros2_ws/install/my_robot_controller:/home/salem/ws_moveit2/install/moveit_configs_utils:/home/salem/ws_moveit2/install/launch_param_builder:/opt/ros/humble LD_LIBRARY_PATH=/home/salem/graduation_project_ws/install/pilz_industrial_motion_planner/lib:/home/salem/graduation_project_ws/install/moveit_ros_planning_interface/lib:/home/salem/graduation_project_ws/install/moveit_ros_move_group/lib:/home/salem/graduation_project_ws/install/moveit_ros_warehouse/lib:/home/salem/graduation_project_ws/install/moveit_planners_ompl/lib:/home/salem/graduation_project_ws/install/moveit_kinematics/lib:/home/salem/graduation_project_ws/install/moveit_ros_planning/lib:/home/salem/graduation_project_ws/install/moveit_planners_chomp/lib:/home/salem/graduation_project_ws/install/pilz_industrial_motion_planner_testutils/lib:/home/salem/graduation_project_ws/install/moveit_simple_controller_manager/lib:/home/salem/graduation_project_ws/install/moveit_ros_occupancy_map_monitor/lib:/home/salem/graduation_project_ws/install/moveit_resources_prbt_ikfast_manipulator_plugin/lib:/home/salem/graduation_project_ws/install/chomp_motion_planner/lib:/home/salem/graduation_project_ws/install/moveit_core/lib:/home/salem/graduation_project_ws/install/rviz_marker_tools/lib:/home/salem/graduation_project_ws/install/srdfdom/lib:/home/salem/graduation_project_ws/install/moveit_task_constructor_msgs/lib:${LD_LIBRARY_PATH} PATH=/home/salem/graduation_project_ws/install/moveit_core/bin:${PATH} PYTHONPATH=/home/salem/graduation_project_ws/install/moveit_configs_utils/lib/python3.10/site-packages:/home/salem/graduation_project_ws/install/srdfdom/local/lib/python3.10/dist-packages:/home/salem/graduation_project_ws/install/moveit_task_constructor_msgs/local/lib/python3.10/dist-packages:/home/salem/graduation_project_ws/install/launch_param_builder/lib/python3.10/site-packages:${PYTHONPATH} /usr/bin/cmake /home/salem/graduation_project_ws/src/moveit_task_constructor/core -DCMAKE_INSTALL_PREFIX=/home/salem/graduation_project_ws/install/moveit_task_constructor_core
[0.167s] -- The C compiler identification is GNU 11.4.0
[0.221s] -- The CXX compiler identification is GNU 11.4.0
[0.229s] -- Detecting C compiler ABI info
[0.320s] -- Detecting C compiler ABI info - done
[0.325s] -- Check for working C compiler: /usr/bin/cc - skipped
[0.326s] -- Detecting C compile features
[0.326s] -- Detecting C compile features - done
[0.328s] -- Detecting CXX compiler ABI info
[0.427s] -- Detecting CXX compiler ABI info - done
[0.433s] -- Check for working CXX compiler: /usr/bin/c++ - skipped
[0.433s] -- Detecting CXX compile features
[0.433s] -- Detecting CXX compile features - done
[0.444s] -- Found ament_cmake: 1.3.11 (/opt/ros/humble/share/ament_cmake/cmake)
[0.612s] -- Found Python3: /usr/bin/python3 (found version "3.10.12") found components: Interpreter 
[0.813s] -- Found Boost: /usr/lib/x86_64-linux-gnu/cmake/Boost-1.74.0/BoostConfig.cmake (found version "1.74.0")  
[0.832s] -- Found geometry_msgs: 4.8.0 (/opt/ros/humble/share/geometry_msgs/cmake)
[0.940s] -- Found rosidl_generator_c: 3.1.6 (/opt/ros/humble/share/rosidl_generator_c/cmake)
[0.960s] -- Found rosidl_adapter: 3.1.6 (/opt/ros/humble/share/rosidl_adapter/cmake)
[0.982s] -- Found rosidl_generator_cpp: 3.1.6 (/opt/ros/humble/share/rosidl_generator_cpp/cmake)
[1.059s] -- Using all available rosidl_typesupport_c: rosidl_typesupport_fastrtps_c;rosidl_typesupport_introspection_c
[1.101s] -- Using all available rosidl_typesupport_cpp: rosidl_typesupport_fastrtps_cpp;rosidl_typesupport_introspection_cpp
[1.149s] -- Found moveit_common: 2.5.9 (/home/salem/graduation_project_ws/install/moveit_common/share/moveit_common/cmake)
[1.210s] [0mmoveit_task_constructor_core: You did not request a specific build type: Choosing 'Release' for maximum performance[0m
[1.212s] -- Found moveit_core: 2.5.9 (/home/salem/graduation_project_ws/install/moveit_core/share/moveit_core/cmake)
[1.546s] -- Found Boost: /usr/lib/x86_64-linux-gnu/cmake/Boost-1.74.0/BoostConfig.cmake (found version "1.74.0") found components: chrono date_time filesystem iostreams program_options regex serialization system thread 
[1.669s] -- Found parameter_traits: 0.4.0 (/opt/ros/humble/share/parameter_traits/cmake)
[1.788s] -- Found rmw_implementation_cmake: 6.1.2 (/opt/ros/humble/share/rmw_implementation_cmake/cmake)
[1.800s] -- Found rmw_fastrtps_cpp: 6.2.7 (/opt/ros/humble/share/rmw_fastrtps_cpp/cmake)
[1.972s] -- Found OpenSSL: /usr/lib/x86_64-linux-gnu/libcrypto.so (found version "3.0.2")  
[2.006s] -- Found FastRTPS: /opt/ros/humble/include  
[2.064s] -- Using RMW implementation 'rmw_fastrtps_cpp' as default
[2.096s] -- Found Threads: TRUE  
[2.168s] -- Found Eigen3: TRUE (found version "3.4.0") 
[2.178s] -- Found rclcpp_lifecycle: 16.0.12 (/opt/ros/humble/share/rclcpp_lifecycle/cmake)
[2.220s] -- Found Boost: /usr/lib/x86_64-linux-gnu/cmake/Boost-1.74.0/BoostConfig.cmake (found version "1.74.0") found components: filesystem 
[2.396s] -- library: /usr/lib/x86_64-linux-gnu/libcurl.so
[2.494s] -- Ensuring Eigen3 include directory is part of orocos-kdl CMake target
[2.887s] -- Found moveit_ros_planning: 2.5.9 (/home/salem/graduation_project_ws/install/moveit_ros_planning/share/moveit_ros_planning/cmake)
[2.891s] -- Found Boost: /usr/lib/x86_64-linux-gnu/cmake/Boost-1.74.0/BoostConfig.cmake (found version "1.74.0") found components: system filesystem date_time program_options thread chrono 
[2.909s] -- Found moveit_ros_planning_interface: 2.5.9 (/home/salem/graduation_project_ws/install/moveit_ros_planning_interface/share/moveit_ros_planning_interface/cmake)
[2.913s] -- Found Boost: /usr/lib/x86_64-linux-gnu/cmake/Boost-1.74.0/BoostConfig.cmake (found version "1.74.0") found components: date_time filesystem program_options system thread 
[2.924s] -- Found Boost: /usr/lib/x86_64-linux-gnu/cmake/Boost-1.74.0/BoostConfig.cmake (found version "1.74.0") found components: thread system filesystem regex date_time program_options 
[2.948s] -- Found Boost: /usr/lib/x86_64-linux-gnu/cmake/Boost-1.74.0/BoostConfig.cmake (found version "1.74.0") found components: system filesystem date_time program_options thread 
[3.027s] -- Found moveit_task_constructor_msgs: 0.1.3 (/home/salem/graduation_project_ws/install/moveit_task_constructor_msgs/share/moveit_task_constructor_msgs/cmake)
[3.065s] -- Found py_binding_tools: 2.0.1 (/opt/ros/humble/share/py_binding_tools/cmake)
[3.070s] -- Found rviz_marker_tools: 0.1.3 (/home/salem/graduation_project_ws/install/rviz_marker_tools/share/rviz_marker_tools/cmake)
[3.370s] -- Found Python3: /usr/bin/python3 (found version "3.10.12") found components: Interpreter Development Development.Module Development.Embed 
[3.378s] -- pybind11 v2.13.0 dev1
[3.401s] -- Found PythonInterp: /usr/bin/python3 (found suitable version "3.10.12", minimum required is "3.6") 
[3.422s] -- Found PythonLibs: /usr/lib/x86_64-linux-gnu/libpython3.10.so
[3.424s] -- Performing Test HAS_FLTO
[3.608s] -- Performing Test HAS_FLTO - Success
[3.622s] -- Found ament_cmake_pytest: 1.3.11 (/opt/ros/humble/share/ament_cmake_pytest/cmake)
[3.632s] -- Found launch_testing_ament_cmake: 1.0.8 (/opt/ros/humble/share/launch_testing_ament_cmake/cmake)
[3.642s] -- Found python_cmake_module: 0.10.0 (/opt/ros/humble/share/python_cmake_module/cmake)
[3.817s] -- Found PythonLibs: /usr/lib/x86_64-linux-gnu/libpython3.10.so (found suitable version "3.10.12", minimum required is "3.5") 
[3.818s] -- Using PYTHON_EXECUTABLE: /usr/bin/python3
[3.818s] -- Using PYTHON_INCLUDE_DIRS: /usr/include/python3.10
[3.818s] -- Using PYTHON_LIBRARIES: /usr/lib/x86_64-linux-gnu/libpython3.10.so
[3.838s] -- Found PythonExtra: .so  
[4.314s] -- Found ament_cmake_gtest: 1.3.11 (/opt/ros/humble/share/ament_cmake_gtest/cmake)
[4.323s] -- Found ament_cmake_gmock: 1.3.11 (/opt/ros/humble/share/ament_cmake_gmock/cmake)
[4.323s] -- Found launch_testing_ament_cmake: 1.0.8 (/opt/ros/humble/share/launch_testing_ament_cmake/cmake)
[4.324s] -- Found python_cmake_module: 0.10.0 (/opt/ros/humble/share/python_cmake_module/cmake)
[4.345s] -- Using PYTHON_EXECUTABLE: /usr/bin/python3
[4.345s] -- Using PYTHON_INCLUDE_DIRS: /usr/include/python3.10
[4.345s] -- Using PYTHON_LIBRARIES: /usr/lib/x86_64-linux-gnu/libpython3.10.so
[4.355s] -- Found gmock sources under '/opt/ros/humble/src/gmock_vendor': C++ tests using 'Google Mock' will be built
[4.367s] -- Found gtest sources under '/opt/ros/humble/src/gtest_vendor': C++ tests using 'Google Test' will be built
[4.387s] -- Configuring done
[4.719s] -- Generating done
[4.788s] -- Build files have been written to: /home/salem/graduation_project_ws/build/moveit_task_constructor_core
[4.811s] Invoked command in '/home/salem/graduation_project_ws/build/moveit_task_constructor_core' returned '0': AMENT_PREFIX_PATH=/home/salem/graduation_project_ws/install/moveit_planners:/home/salem/graduation_project_ws/install/pilz_industrial_motion_planner:/home/salem/graduation_project_ws/install/moveit_resources_prbt_pg70_support:/home/salem/graduation_project_ws/install/moveit_ros_planning_interface:/home/salem/graduation_project_ws/install/moveit_resources_prbt_moveit_config:/home/salem/graduation_project_ws/install/moveit_ros_move_group:/home/salem/graduation_project_ws/install/moveit_ros_warehouse:/home/salem/graduation_project_ws/install/moveit_planners_ompl:/home/salem/graduation_project_ws/install/moveit_kinematics:/home/salem/graduation_project_ws/install/moveit_ros_planning:/home/salem/graduation_project_ws/install/moveit_planners_chomp:/home/salem/graduation_project_ws/install/pilz_industrial_motion_planner_testutils:/home/salem/graduation_project_ws/install/moveit_simple_controller_manager:/home/salem/graduation_project_ws/install/moveit_ros_occupancy_map_monitor:/home/salem/graduation_project_ws/install/moveit_resources_prbt_ikfast_manipulator_plugin:/home/salem/graduation_project_ws/install/chomp_motion_planner:/home/salem/graduation_project_ws/install/moveit_core:/home/salem/graduation_project_ws/install/rviz_marker_tools:/home/salem/graduation_project_ws/install/moveit_resources_panda_moveit_config:/home/salem/graduation_project_ws/install/moveit_resources_fanuc_moveit_config:/home/salem/graduation_project_ws/install/moveit_configs_utils:/home/salem/graduation_project_ws/install/srdfdom:/home/salem/graduation_project_ws/install/moveit_task_constructor_msgs:/home/salem/graduation_project_ws/install/moveit_resources_prbt_support:/home/salem/graduation_project_ws/install/moveit_resources_pr2_description:/home/salem/graduation_project_ws/install/moveit_resources_panda_description:/home/salem/graduation_project_ws/install/moveit_resources_fanuc_description:/home/salem/graduation_project_ws/install/moveit_common:/home/salem/graduation_project_ws/install/launch_param_builder:${AMENT_PREFIX_PATH} CMAKE_PREFIX_PATH=/home/salem/graduation_project_ws/install/moveit_planners:/home/salem/graduation_project_ws/install/pilz_industrial_motion_planner:/home/salem/graduation_project_ws/install/moveit_resources_prbt_pg70_support:/home/salem/graduation_project_ws/install/moveit_ros_planning_interface:/home/salem/graduation_project_ws/install/moveit_resources_prbt_moveit_config:/home/salem/graduation_project_ws/install/moveit_ros_move_group:/home/salem/graduation_project_ws/install/moveit_ros_warehouse:/home/salem/graduation_project_ws/install/moveit_planners_ompl:/home/salem/graduation_project_ws/install/moveit_kinematics:/home/salem/graduation_project_ws/install/moveit_ros_planning:/home/salem/graduation_project_ws/install/moveit_planners_chomp:/home/salem/graduation_project_ws/install/pilz_industrial_motion_planner_testutils:/home/salem/graduation_project_ws/install/moveit_simple_controller_manager:/home/salem/graduation_project_ws/install/moveit_ros_occupancy_map_monitor:/home/salem/graduation_project_ws/install/moveit_resources_prbt_ikfast_manipulator_plugin:/home/salem/graduation_project_ws/install/chomp_motion_planner:/home/salem/graduation_project_ws/install/moveit_core:/home/salem/graduation_project_ws/install/rviz_marker_tools:/home/salem/graduation_project_ws/install/moveit_resources_panda_moveit_config:/home/salem/graduation_project_ws/install/moveit_resources_fanuc_moveit_config:/home/salem/graduation_project_ws/install/srdfdom:/home/salem/graduation_project_ws/install/moveit_task_constructor_msgs:/home/salem/graduation_project_ws/install/moveit_resources_prbt_support:/home/salem/graduation_project_ws/install/moveit_resources_pr2_description:/home/salem/graduation_project_ws/install/moveit_resources_panda_description:/home/salem/graduation_project_ws/install/moveit_resources_fanuc_description:/home/salem/graduation_project_ws/install/moveit_common:/home/salem/ros2_ws/install/labvolt5250a0_description:/home/salem/ws_moveit2/install/pilz_industrial_motion_planner_testutils:/home/salem/ws_moveit2/install/panda_moveit_config:/home/salem/ws_moveit2/install/moveit_runtime:/home/salem/ws_moveit2/install/moveit2_tutorials:/home/salem/ws_moveit2/install/moveit:/home/salem/ws_moveit2/install/moveit_planners:/home/salem/ws_moveit2/install/pilz_industrial_motion_planner:/home/salem/ws_moveit2/install/moveit_visual_tools:/home/salem/ws_moveit2/install/moveit_task_constructor_visualization:/home/salem/ws_moveit2/install/moveit_task_constructor_demo:/home/salem/ws_moveit2/install/moveit_task_constructor_capabilities:/home/salem/ws_moveit2/install/moveit_task_constructor_core:/home/salem/ws_moveit2/install/moveit_ros_control_interface:/home/salem/ws_moveit2/install/moveit_plugins:/home/salem/ws_moveit2/install/moveit_simple_controller_manager:/home/salem/ws_moveit2/install/moveit_setup_assistant:/home/salem/ws_moveit2/install/moveit_setup_srdf_plugins:/home/salem/ws_moveit2/install/moveit_setup_core_plugins:/home/salem/ws_moveit2/install/moveit_setup_controllers:/home/salem/ws_moveit2/install/moveit_setup_app_plugins:/home/salem/ws_moveit2/install/moveit_setup_framework:/home/salem/ws_moveit2/install/moveit_servo:/home/salem/ws_moveit2/install/moveit_ros:/home/salem/ws_moveit2/install/moveit_ros_visualization:/home/salem/ws_moveit2/install/moveit_hybrid_planning:/home/salem/ws_moveit2/install/moveit_ros_planning_interface:/home/salem/ws_moveit2/install/moveit_ros_benchmarks:/home/salem/ws_moveit2/install/moveit_ros_warehouse:/home/salem/ws_moveit2/install/moveit_ros_robot_interaction:/home/salem/ws_moveit2/install/moveit_ros_perception:/home/salem/ws_moveit2/install/moveit_resources_prbt_pg70_support:/home/salem/ws_moveit2/install/moveit_resources_prbt_moveit_config:/home/salem/ws_moveit2/install/moveit_ros_move_group:/home/salem/ws_moveit2/install/moveit_planners_ompl:/home/salem/ws_moveit2/install/moveit_ros_planning:/home/salem/ws_moveit2/install/moveit_ros_occupancy_map_monitor:/home/salem/ws_moveit2/install/moveit_resources_prbt_ikfast_manipulator_plugin:/home/salem/ws_moveit2/install/moveit_planners_chomp:/home/salem/ws_moveit2/install/moveit_kinematics:/home/salem/ws_moveit2/install/moveit_chomp_optimizer_adapter:/home/salem/ws_moveit2/install/chomp_motion_planner:/home/salem/ws_moveit2/install/moveit_core:/home/salem/ws_moveit2/install/srdfdom:/home/salem/ws_moveit2/install/rviz_marker_tools:/home/salem/ws_moveit2/install/rosparam_shortcuts:/home/salem/ws_moveit2/install/moveit_task_constructor_msgs:/home/salem/ws_moveit2/install/moveit_resources_prbt_support:/home/salem/ws_moveit2/install/moveit_resources:/home/salem/ws_moveit2/install/moveit_resources_pr2_description:/home/salem/ws_moveit2/install/moveit_resources_panda_moveit_config:/home/salem/ws_moveit2/install/moveit_resources_panda_description:/home/salem/ws_moveit2/install/moveit_resources_fanuc_moveit_config:/home/salem/ws_moveit2/install/moveit_resources_fanuc_description:/home/salem/ws_moveit2/install/moveit_common:/home/salem/microros_ws/install/micro_ros_setup:/home/salem/ros2_ws/install/my_robot_controller:/home/salem/ws_moveit2/install/moveit_configs_utils:/home/salem/ws_moveit2/install/launch_param_builder:/opt/ros/humble LD_LIBRARY_PATH=/home/salem/graduation_project_ws/install/pilz_industrial_motion_planner/lib:/home/salem/graduation_project_ws/install/moveit_ros_planning_interface/lib:/home/salem/graduation_project_ws/install/moveit_ros_move_group/lib:/home/salem/graduation_project_ws/install/moveit_ros_warehouse/lib:/home/salem/graduation_project_ws/install/moveit_planners_ompl/lib:/home/salem/graduation_project_ws/install/moveit_kinematics/lib:/home/salem/graduation_project_ws/install/moveit_ros_planning/lib:/home/salem/graduation_project_ws/install/moveit_planners_chomp/lib:/home/salem/graduation_project_ws/install/pilz_industrial_motion_planner_testutils/lib:/home/salem/graduation_project_ws/install/moveit_simple_controller_manager/lib:/home/salem/graduation_project_ws/install/moveit_ros_occupancy_map_monitor/lib:/home/salem/graduation_project_ws/install/moveit_resources_prbt_ikfast_manipulator_plugin/lib:/home/salem/graduation_project_ws/install/chomp_motion_planner/lib:/home/salem/graduation_project_ws/install/moveit_core/lib:/home/salem/graduation_project_ws/install/rviz_marker_tools/lib:/home/salem/graduation_project_ws/install/srdfdom/lib:/home/salem/graduation_project_ws/install/moveit_task_constructor_msgs/lib:${LD_LIBRARY_PATH} PATH=/home/salem/graduation_project_ws/install/moveit_core/bin:${PATH} PYTHONPATH=/home/salem/graduation_project_ws/install/moveit_configs_utils/lib/python3.10/site-packages:/home/salem/graduation_project_ws/install/srdfdom/local/lib/python3.10/dist-packages:/home/salem/graduation_project_ws/install/moveit_task_constructor_msgs/local/lib/python3.10/dist-packages:/home/salem/graduation_project_ws/install/launch_param_builder/lib/python3.10/site-packages:${PYTHONPATH} /usr/bin/cmake /home/salem/graduation_project_ws/src/moveit_task_constructor/core -DCMAKE_INSTALL_PREFIX=/home/salem/graduation_project_ws/install/moveit_task_constructor_core
[4.813s] Invoking command in '/home/salem/graduation_project_ws/build/moveit_task_constructor_core': AMENT_PREFIX_PATH=/home/salem/graduation_project_ws/install/moveit_planners:/home/salem/graduation_project_ws/install/pilz_industrial_motion_planner:/home/salem/graduation_project_ws/install/moveit_resources_prbt_pg70_support:/home/salem/graduation_project_ws/install/moveit_ros_planning_interface:/home/salem/graduation_project_ws/install/moveit_resources_prbt_moveit_config:/home/salem/graduation_project_ws/install/moveit_ros_move_group:/home/salem/graduation_project_ws/install/moveit_ros_warehouse:/home/salem/graduation_project_ws/install/moveit_planners_ompl:/home/salem/graduation_project_ws/install/moveit_kinematics:/home/salem/graduation_project_ws/install/moveit_ros_planning:/home/salem/graduation_project_ws/install/moveit_planners_chomp:/home/salem/graduation_project_ws/install/pilz_industrial_motion_planner_testutils:/home/salem/graduation_project_ws/install/moveit_simple_controller_manager:/home/salem/graduation_project_ws/install/moveit_ros_occupancy_map_monitor:/home/salem/graduation_project_ws/install/moveit_resources_prbt_ikfast_manipulator_plugin:/home/salem/graduation_project_ws/install/chomp_motion_planner:/home/salem/graduation_project_ws/install/moveit_core:/home/salem/graduation_project_ws/install/rviz_marker_tools:/home/salem/graduation_project_ws/install/moveit_resources_panda_moveit_config:/home/salem/graduation_project_ws/install/moveit_resources_fanuc_moveit_config:/home/salem/graduation_project_ws/install/moveit_configs_utils:/home/salem/graduation_project_ws/install/srdfdom:/home/salem/graduation_project_ws/install/moveit_task_constructor_msgs:/home/salem/graduation_project_ws/install/moveit_resources_prbt_support:/home/salem/graduation_project_ws/install/moveit_resources_pr2_description:/home/salem/graduation_project_ws/install/moveit_resources_panda_description:/home/salem/graduation_project_ws/install/moveit_resources_fanuc_description:/home/salem/graduation_project_ws/install/moveit_common:/home/salem/graduation_project_ws/install/launch_param_builder:${AMENT_PREFIX_PATH} CMAKE_PREFIX_PATH=/home/salem/graduation_project_ws/install/moveit_planners:/home/salem/graduation_project_ws/install/pilz_industrial_motion_planner:/home/salem/graduation_project_ws/install/moveit_resources_prbt_pg70_support:/home/salem/graduation_project_ws/install/moveit_ros_planning_interface:/home/salem/graduation_project_ws/install/moveit_resources_prbt_moveit_config:/home/salem/graduation_project_ws/install/moveit_ros_move_group:/home/salem/graduation_project_ws/install/moveit_ros_warehouse:/home/salem/graduation_project_ws/install/moveit_planners_ompl:/home/salem/graduation_project_ws/install/moveit_kinematics:/home/salem/graduation_project_ws/install/moveit_ros_planning:/home/salem/graduation_project_ws/install/moveit_planners_chomp:/home/salem/graduation_project_ws/install/pilz_industrial_motion_planner_testutils:/home/salem/graduation_project_ws/install/moveit_simple_controller_manager:/home/salem/graduation_project_ws/install/moveit_ros_occupancy_map_monitor:/home/salem/graduation_project_ws/install/moveit_resources_prbt_ikfast_manipulator_plugin:/home/salem/graduation_project_ws/install/chomp_motion_planner:/home/salem/graduation_project_ws/install/moveit_core:/home/salem/graduation_project_ws/install/rviz_marker_tools:/home/salem/graduation_project_ws/install/moveit_resources_panda_moveit_config:/home/salem/graduation_project_ws/install/moveit_resources_fanuc_moveit_config:/home/salem/graduation_project_ws/install/srdfdom:/home/salem/graduation_project_ws/install/moveit_task_constructor_msgs:/home/salem/graduation_project_ws/install/moveit_resources_prbt_support:/home/salem/graduation_project_ws/install/moveit_resources_pr2_description:/home/salem/graduation_project_ws/install/moveit_resources_panda_description:/home/salem/graduation_project_ws/install/moveit_resources_fanuc_description:/home/salem/graduation_project_ws/install/moveit_common:/home/salem/ros2_ws/install/labvolt5250a0_description:/home/salem/ws_moveit2/install/pilz_industrial_motion_planner_testutils:/home/salem/ws_moveit2/install/panda_moveit_config:/home/salem/ws_moveit2/install/moveit_runtime:/home/salem/ws_moveit2/install/moveit2_tutorials:/home/salem/ws_moveit2/install/moveit:/home/salem/ws_moveit2/install/moveit_planners:/home/salem/ws_moveit2/install/pilz_industrial_motion_planner:/home/salem/ws_moveit2/install/moveit_visual_tools:/home/salem/ws_moveit2/install/moveit_task_constructor_visualization:/home/salem/ws_moveit2/install/moveit_task_constructor_demo:/home/salem/ws_moveit2/install/moveit_task_constructor_capabilities:/home/salem/ws_moveit2/install/moveit_task_constructor_core:/home/salem/ws_moveit2/install/moveit_ros_control_interface:/home/salem/ws_moveit2/install/moveit_plugins:/home/salem/ws_moveit2/install/moveit_simple_controller_manager:/home/salem/ws_moveit2/install/moveit_setup_assistant:/home/salem/ws_moveit2/install/moveit_setup_srdf_plugins:/home/salem/ws_moveit2/install/moveit_setup_core_plugins:/home/salem/ws_moveit2/install/moveit_setup_controllers:/home/salem/ws_moveit2/install/moveit_setup_app_plugins:/home/salem/ws_moveit2/install/moveit_setup_framework:/home/salem/ws_moveit2/install/moveit_servo:/home/salem/ws_moveit2/install/moveit_ros:/home/salem/ws_moveit2/install/moveit_ros_visualization:/home/salem/ws_moveit2/install/moveit_hybrid_planning:/home/salem/ws_moveit2/install/moveit_ros_planning_interface:/home/salem/ws_moveit2/install/moveit_ros_benchmarks:/home/salem/ws_moveit2/install/moveit_ros_warehouse:/home/salem/ws_moveit2/install/moveit_ros_robot_interaction:/home/salem/ws_moveit2/install/moveit_ros_perception:/home/salem/ws_moveit2/install/moveit_resources_prbt_pg70_support:/home/salem/ws_moveit2/install/moveit_resources_prbt_moveit_config:/home/salem/ws_moveit2/install/moveit_ros_move_group:/home/salem/ws_moveit2/install/moveit_planners_ompl:/home/salem/ws_moveit2/install/moveit_ros_planning:/home/salem/ws_moveit2/install/moveit_ros_occupancy_map_monitor:/home/salem/ws_moveit2/install/moveit_resources_prbt_ikfast_manipulator_plugin:/home/salem/ws_moveit2/install/moveit_planners_chomp:/home/salem/ws_moveit2/install/moveit_kinematics:/home/salem/ws_moveit2/install/moveit_chomp_optimizer_adapter:/home/salem/ws_moveit2/install/chomp_motion_planner:/home/salem/ws_moveit2/install/moveit_core:/home/salem/ws_moveit2/install/srdfdom:/home/salem/ws_moveit2/install/rviz_marker_tools:/home/salem/ws_moveit2/install/rosparam_shortcuts:/home/salem/ws_moveit2/install/moveit_task_constructor_msgs:/home/salem/ws_moveit2/install/moveit_resources_prbt_support:/home/salem/ws_moveit2/install/moveit_resources:/home/salem/ws_moveit2/install/moveit_resources_pr2_description:/home/salem/ws_moveit2/install/moveit_resources_panda_moveit_config:/home/salem/ws_moveit2/install/moveit_resources_panda_description:/home/salem/ws_moveit2/install/moveit_resources_fanuc_moveit_config:/home/salem/ws_moveit2/install/moveit_resources_fanuc_description:/home/salem/ws_moveit2/install/moveit_common:/home/salem/microros_ws/install/micro_ros_setup:/home/salem/ros2_ws/install/my_robot_controller:/home/salem/ws_moveit2/install/moveit_configs_utils:/home/salem/ws_moveit2/install/launch_param_builder:/opt/ros/humble LD_LIBRARY_PATH=/home/salem/graduation_project_ws/install/pilz_industrial_motion_planner/lib:/home/salem/graduation_project_ws/install/moveit_ros_planning_interface/lib:/home/salem/graduation_project_ws/install/moveit_ros_move_group/lib:/home/salem/graduation_project_ws/install/moveit_ros_warehouse/lib:/home/salem/graduation_project_ws/install/moveit_planners_ompl/lib:/home/salem/graduation_project_ws/install/moveit_kinematics/lib:/home/salem/graduation_project_ws/install/moveit_ros_planning/lib:/home/salem/graduation_project_ws/install/moveit_planners_chomp/lib:/home/salem/graduation_project_ws/install/pilz_industrial_motion_planner_testutils/lib:/home/salem/graduation_project_ws/install/moveit_simple_controller_manager/lib:/home/salem/graduation_project_ws/install/moveit_ros_occupancy_map_monitor/lib:/home/salem/graduation_project_ws/install/moveit_resources_prbt_ikfast_manipulator_plugin/lib:/home/salem/graduation_project_ws/install/chomp_motion_planner/lib:/home/salem/graduation_project_ws/install/moveit_core/lib:/home/salem/graduation_project_ws/install/rviz_marker_tools/lib:/home/salem/graduation_project_ws/install/srdfdom/lib:/home/salem/graduation_project_ws/install/moveit_task_constructor_msgs/lib:${LD_LIBRARY_PATH} PATH=/home/salem/graduation_project_ws/install/moveit_core/bin:${PATH} PYTHONPATH=/home/salem/graduation_project_ws/install/moveit_configs_utils/lib/python3.10/site-packages:/home/salem/graduation_project_ws/install/srdfdom/local/lib/python3.10/dist-packages:/home/salem/graduation_project_ws/install/moveit_task_constructor_msgs/local/lib/python3.10/dist-packages:/home/salem/graduation_project_ws/install/launch_param_builder/lib/python3.10/site-packages:${PYTHONPATH} /usr/bin/cmake --build /home/salem/graduation_project_ws/build/moveit_task_constructor_core -- -j16 -l16
[4.901s] [  5%] [32mBuilding CXX object gmock/CMakeFiles/gmock.dir/src/gmock-all.cc.o[0m
[4.901s] [  5%] [32mBuilding CXX object gtest/CMakeFiles/gtest_main.dir/src/gtest_main.cc.o[0m
[4.901s] [  5%] [32mBuilding CXX object gmock/CMakeFiles/gmock.dir/opt/ros/humble/src/gtest_vendor/src/gtest-all.cc.o[0m
[4.901s] [  5%] [32mBuilding CXX object src/CMakeFiles/moveit_task_constructor_core.dir/container.cpp.o[0m
[4.901s] [  5%] [32mBuilding CXX object gmock/CMakeFiles/gmock_main.dir/src/gmock_main.cc.o[0m
[4.901s] [  7%] [32mBuilding CXX object gtest/CMakeFiles/gtest.dir/src/gtest-all.cc.o[0m
[4.901s] [  8%] [32mBuilding CXX object src/CMakeFiles/moveit_task_constructor_core.dir/cost_terms.cpp.o[0m
[4.901s] [ 10%] [32mBuilding CXX object src/CMakeFiles/moveit_task_constructor_core.dir/properties.cpp.o[0m
[4.901s] [ 10%] [32mBuilding CXX object src/CMakeFiles/moveit_task_constructor_core.dir/introspection.cpp.o[0m
[4.901s] [ 11%] [32mBuilding CXX object src/CMakeFiles/moveit_task_constructor_core.dir/marker_tools.cpp.o[0m
[4.902s] [ 12%] [32mBuilding CXX object src/CMakeFiles/moveit_task_constructor_core.dir/merge.cpp.o[0m
[4.902s] [ 14%] [32mBuilding CXX object src/CMakeFiles/moveit_task_constructor_core.dir/stage.cpp.o[0m
[4.902s] [ 15%] [32mBuilding CXX object src/CMakeFiles/moveit_task_constructor_core.dir/storage.cpp.o[0m
[4.903s] [ 16%] [32mBuilding CXX object src/CMakeFiles/moveit_task_constructor_core.dir/task.cpp.o[0m
[4.905s] [ 17%] [32mBuilding CXX object src/CMakeFiles/moveit_task_constructor_core.dir/utils.cpp.o[0m
[4.990s] [ 17%] Built target ament_cmake_python_copy_moveit
[5.013s] [ 18%] [32mBuilding CXX object src/CMakeFiles/moveit_task_constructor_core.dir/solvers/planner_interface.cpp.o[0m
[6.102s] [ 20%] [32m[1mLinking CXX static library libgtest_main.a[0m
[6.238s] [ 20%] Built target gtest_main
[6.551s] [ 21%] [32m[1mLinking CXX static library libgmock_main.a[0m
[6.689s] [ 21%] Built target gmock_main
[6.712s] [ 22%] [32mBuilding CXX object src/CMakeFiles/moveit_task_constructor_core.dir/solvers/cartesian_path.cpp.o[0m
[6.776s] running egg_info
[6.777s] creating moveit.egg-info
[6.777s] writing moveit.egg-info/PKG-INFO
[6.778s] writing dependency_links to moveit.egg-info/dependency_links.txt
[6.778s] writing top-level names to moveit.egg-info/top_level.txt
[6.778s] writing manifest file 'moveit.egg-info/SOURCES.txt'
[6.784s] reading manifest file 'moveit.egg-info/SOURCES.txt'
[6.786s] writing manifest file 'moveit.egg-info/SOURCES.txt'
[6.849s] [ 22%] Built target ament_cmake_python_build_moveit_egg
[6.875s] [ 23%] [32mBuilding CXX object src/CMakeFiles/moveit_task_constructor_core.dir/solvers/joint_interpolation.cpp.o[0m
[8.149s] [ 24%] [32mBuilding CXX object src/CMakeFiles/moveit_task_constructor_core.dir/solvers/pipeline_planner.cpp.o[0m
[8.930s] [ 25%] [32mBuilding CXX object src/CMakeFiles/moveit_task_constructor_core.dir/solvers/multi_planner.cpp.o[0m
[14.748s] [ 27%] [32m[1mLinking CXX static library libgmock.a[0m
[14.904s] [ 27%] Built target gmock
[14.971s] [ 28%] [32m[1mLinking CXX static library libgtest.a[0m
[15.200s] [ 28%] Built target gtest
[25.354s] [ 29%] [32m[1mLinking CXX shared library libmoveit_task_constructor_core.so[0m
[25.724s] [ 29%] Built target moveit_task_constructor_core
[25.770s] [ 36%] [32mBuilding CXX object test/CMakeFiles/gtest_utils.dir/gtest_value_printers.cpp.o[0m
[25.770s] [ 36%] [32mBuilding CXX object src/stages/CMakeFiles/moveit_task_constructor_core_stages.dir/fix_collision_objects.cpp.o[0m
[25.770s] [ 36%] [32mBuilding CXX object src/stages/CMakeFiles/moveit_task_constructor_core_stages.dir/current_state.cpp.o[0m
[25.770s] [ 36%] [32mBuilding CXX object test/CMakeFiles/gtest_utils.dir/stage_mockups.cpp.o[0m
[25.771s] [ 36%] [32mBuilding CXX object src/stages/CMakeFiles/moveit_task_constructor_core_stages.dir/fixed_state.cpp.o[0m
[25.771s] [ 36%] [32mBuilding CXX object src/stages/CMakeFiles/moveit_task_constructor_core_stages.dir/modify_planning_scene.cpp.o[0m
[25.771s] [ 37%] [32mBuilding CXX object src/stages/CMakeFiles/moveit_task_constructor_core_stages.dir/fixed_cartesian_poses.cpp.o[0m
[25.771s] [ 38%] [32mBuilding CXX object test/CMakeFiles/gtest_utils.dir/models.cpp.o[0m
[25.771s] [ 40%] [32mBuilding CXX object src/stages/CMakeFiles/moveit_task_constructor_core_stages.dir/generate_pose.cpp.o[0m
[25.771s] [ 41%] [32mBuilding CXX object src/stages/CMakeFiles/moveit_task_constructor_core_stages.dir/generate_random_pose.cpp.o[0m
[25.771s] [ 42%] [32mBuilding CXX object src/stages/CMakeFiles/moveit_task_constructor_core_stages.dir/generate_grasp_pose.cpp.o[0m
[25.771s] [ 43%] [32mBuilding CXX object src/stages/CMakeFiles/moveit_task_constructor_core_stages.dir/generate_place_pose.cpp.o[0m
[25.771s] [ 44%] [32mBuilding CXX object src/stages/CMakeFiles/moveit_task_constructor_core_stages.dir/compute_ik.cpp.o[0m
[25.771s] [ 45%] [32mBuilding CXX object src/stages/CMakeFiles/moveit_task_constructor_core_stages.dir/predicate_filter.cpp.o[0m
[25.771s] [ 47%] [32mBuilding CXX object src/stages/CMakeFiles/moveit_task_constructor_core_stages.dir/connect.cpp.o[0m
[25.772s] [ 48%] [32mBuilding CXX object src/stages/CMakeFiles/moveit_task_constructor_core_stages.dir/passthrough.cpp.o[0m
[28.775s] [ 49%] [32mBuilding CXX object src/stages/CMakeFiles/moveit_task_constructor_core_stages.dir/move_to.cpp.o[0m
[32.465s] [ 50%] [32mBuilding CXX object src/stages/CMakeFiles/moveit_task_constructor_core_stages.dir/move_relative.cpp.o[0m
[33.816s] [ 51%] [32mBuilding CXX object src/stages/CMakeFiles/moveit_task_constructor_core_stages.dir/simple_grasp.cpp.o[0m
[37.338s] [ 52%] [32mBuilding CXX object src/stages/CMakeFiles/moveit_task_constructor_core_stages.dir/pick.cpp.o[0m
[39.646s] [ 54%] [32m[1mLinking CXX shared library libgtest_utils.so[0m
[39.907s] [ 54%] Built target gtest_utils
[51.122s] [ 55%] [32m[1mLinking CXX shared library libmoveit_task_constructor_core_stages.so[0m
[51.404s] [ 55%] Built target moveit_task_constructor_core_stages
[51.458s] [ 65%] [32mBuilding CXX object test/CMakeFiles/moveit_task_constructor_core-test-properties.dir/test_properties.cpp.o[0m
[51.458s] [ 65%] [32mBuilding CXX object test/CMakeFiles/moveit_task_constructor_core-test-cost-terms.dir/test_cost_terms.cpp.o[0m
[51.458s] [ 65%] [32mBuilding CXX object test/CMakeFiles/moveit_task_constructor_core-test-pruning.dir/test_pruning.cpp.o[0m
[51.458s] [ 65%] [32mBuilding CXX object python/bindings/CMakeFiles/pymoveit_mtc.dir/src/properties.cpp.o[0m
[51.458s] [ 65%] [32mBuilding CXX object src/stages/CMakeFiles/moveit_task_constructor_core_stage_plugins.dir/plugins.cpp.o[0m
[51.458s] [ 65%] [32mBuilding CXX object test/CMakeFiles/moveit_task_constructor_core-test-mockups.dir/test_mockups.cpp.o[0m
[51.458s] [ 67%] [32mBuilding CXX object test/CMakeFiles/moveit_task_constructor_core-test-fallback.dir/test_fallback.cpp.o[0m
[51.459s] [ 65%] [32mBuilding CXX object test/CMakeFiles/moveit_task_constructor_core-test-container.dir/test_container.cpp.o[0m
[51.459s] [ 65%] [32mBuilding CXX object test/CMakeFiles/moveit_task_constructor_core-test-serial.dir/test_serial.cpp.o[0m
[51.459s] [ 65%] [32mBuilding CXX object test/CMakeFiles/moveit_task_constructor_core-test-stage.dir/test_stage.cpp.o[0m
[51.459s] [ 69%] [32mBuilding CXX object test/CMakeFiles/moveit_task_constructor_core-test-move-to.dir/test_move_to.cpp.o[0m
[51.459s] [ 69%] [32mBuilding CXX object test/CMakeFiles/moveit_task_constructor_core-test-move-relative.dir/test_move_relative.cpp.o[0m
[51.459s] [ 71%] [32mBuilding CXX object test/CMakeFiles/pick_ur5.dir/pick_ur5.cpp.o[0m
[51.459s] [ 71%] [32mBuilding CXX object test/CMakeFiles/moveit_task_constructor_core-test-interface-state.dir/test_interface_state.cpp.o[0m
[51.459s] [ 72%] [32mBuilding CXX object test/CMakeFiles/pick_pr2.dir/pick_pr2.cpp.o[0m
[51.459s] [ 74%] [32mBuilding CXX object test/CMakeFiles/moveit_task_constructor_core-test-cost-queue.dir/test_cost_queue.cpp.o[0m
[54.531s] [ 75%] [32m[1mLinking CXX shared library libmoveit_task_constructor_core_stage_plugins.so[0m
[54.835s] [ 75%] Built target moveit_task_constructor_core_stage_plugins
[54.860s] [ 76%] [32mBuilding CXX object python/bindings/CMakeFiles/pymoveit_mtc.dir/src/solvers.cpp.o[0m
[55.153s] [ 77%] [32m[1mLinking CXX executable moveit_task_constructor_core-test-properties[0m
[55.710s] [ 77%] Built target moveit_task_constructor_core-test-properties
[55.736s] [ 78%] [32mBuilding CXX object python/bindings/CMakeFiles/pymoveit_mtc.dir/src/core.cpp.o[0m
[57.779s] [ 80%] [32m[1mLinking CXX executable moveit_task_constructor_core-test-cost-queue[0m
[58.358s] [ 80%] Built target moveit_task_constructor_core-test-cost-queue
[58.380s] [ 81%] [32mBuilding CXX object python/bindings/CMakeFiles/pymoveit_mtc.dir/src/stages.cpp.o[0m
[61.084s] [ 82%] [32mBuilding CXX object test/CMakeFiles/pick_pa10.dir/pick_pa10.cpp.o[0m
[65.389s] [ 83%] [32m[1mLinking CXX executable pick_pr2[0m
[65.896s] [ 84%] [32m[1mLinking CXX executable pick_ur5[0m
[66.007s] [ 84%] Built target pick_pr2
[66.039s] [ 85%] [32mBuilding CXX object python/bindings/CMakeFiles/pymoveit_mtc.dir/src/module.cpp.o[0m
[66.495s] [ 85%] Built target pick_ur5
[66.545s] [ 87%] [32m[1mLinking CXX executable moveit_task_constructor_core-test-interface-state[0m
[66.673s] [ 88%] [32m[1mLinking CXX executable moveit_task_constructor_core-test-pruning[0m
[66.754s] [ 89%] [32m[1mLinking CXX executable moveit_task_constructor_core-test-move-relative[0m
[66.835s] [ 90%] [32m[1mLinking CXX executable moveit_task_constructor_core-test-stage[0m
[67.087s] [ 91%] [32m[1mLinking CXX executable moveit_task_constructor_core-test-serial[0m
[67.240s] [ 91%] Built target moveit_task_constructor_core-test-interface-state
[67.338s] [ 91%] Built target moveit_task_constructor_core-test-pruning
[67.435s] [ 91%] Built target moveit_task_constructor_core-test-move-relative
[67.530s] [ 91%] Built target moveit_task_constructor_core-test-stage
[67.718s] [ 91%] Built target moveit_task_constructor_core-test-serial
[67.991s] [ 92%] [32m[1mLinking CXX executable moveit_task_constructor_core-test-mockups[0m
[68.293s] [ 94%] [32m[1mLinking CXX executable moveit_task_constructor_core-test-cost-terms[0m
[68.371s] [ 95%] [32m[1mLinking CXX executable moveit_task_constructor_core-test-move-to[0m
[68.588s] [ 95%] Built target moveit_task_constructor_core-test-mockups
[68.635s] [ 96%] [32m[1mLinking CXX executable moveit_task_constructor_core-test-fallback[0m
[68.718s] [ 96%] Built target moveit_task_constructor_core-test-cost-terms
[68.804s] [ 96%] Built target moveit_task_constructor_core-test-move-to
[69.019s] [ 97%] [32m[1mLinking CXX executable moveit_task_constructor_core-test-container[0m
[69.035s] [ 97%] Built target moveit_task_constructor_core-test-fallback
[69.401s] [ 97%] Built target moveit_task_constructor_core-test-container
[73.090s] [ 98%] [32m[1mLinking CXX executable pick_pa10[0m
[73.414s] [ 98%] Built target pick_pa10
[76.075s] [100%] [32m[1mLinking CXX shared module pymoveit_mtc.cpython-310-x86_64-linux-gnu.so[0m
[77.630s] lto-wrapper: warning: using serial compilation of 12 LTRANS jobs
[86.394s] [100%] Built target pymoveit_mtc
[86.411s] Invoked command in '/home/salem/graduation_project_ws/build/moveit_task_constructor_core' returned '0': AMENT_PREFIX_PATH=/home/salem/graduation_project_ws/install/moveit_planners:/home/salem/graduation_project_ws/install/pilz_industrial_motion_planner:/home/salem/graduation_project_ws/install/moveit_resources_prbt_pg70_support:/home/salem/graduation_project_ws/install/moveit_ros_planning_interface:/home/salem/graduation_project_ws/install/moveit_resources_prbt_moveit_config:/home/salem/graduation_project_ws/install/moveit_ros_move_group:/home/salem/graduation_project_ws/install/moveit_ros_warehouse:/home/salem/graduation_project_ws/install/moveit_planners_ompl:/home/salem/graduation_project_ws/install/moveit_kinematics:/home/salem/graduation_project_ws/install/moveit_ros_planning:/home/salem/graduation_project_ws/install/moveit_planners_chomp:/home/salem/graduation_project_ws/install/pilz_industrial_motion_planner_testutils:/home/salem/graduation_project_ws/install/moveit_simple_controller_manager:/home/salem/graduation_project_ws/install/moveit_ros_occupancy_map_monitor:/home/salem/graduation_project_ws/install/moveit_resources_prbt_ikfast_manipulator_plugin:/home/salem/graduation_project_ws/install/chomp_motion_planner:/home/salem/graduation_project_ws/install/moveit_core:/home/salem/graduation_project_ws/install/rviz_marker_tools:/home/salem/graduation_project_ws/install/moveit_resources_panda_moveit_config:/home/salem/graduation_project_ws/install/moveit_resources_fanuc_moveit_config:/home/salem/graduation_project_ws/install/moveit_configs_utils:/home/salem/graduation_project_ws/install/srdfdom:/home/salem/graduation_project_ws/install/moveit_task_constructor_msgs:/home/salem/graduation_project_ws/install/moveit_resources_prbt_support:/home/salem/graduation_project_ws/install/moveit_resources_pr2_description:/home/salem/graduation_project_ws/install/moveit_resources_panda_description:/home/salem/graduation_project_ws/install/moveit_resources_fanuc_description:/home/salem/graduation_project_ws/install/moveit_common:/home/salem/graduation_project_ws/install/launch_param_builder:${AMENT_PREFIX_PATH} CMAKE_PREFIX_PATH=/home/salem/graduation_project_ws/install/moveit_planners:/home/salem/graduation_project_ws/install/pilz_industrial_motion_planner:/home/salem/graduation_project_ws/install/moveit_resources_prbt_pg70_support:/home/salem/graduation_project_ws/install/moveit_ros_planning_interface:/home/salem/graduation_project_ws/install/moveit_resources_prbt_moveit_config:/home/salem/graduation_project_ws/install/moveit_ros_move_group:/home/salem/graduation_project_ws/install/moveit_ros_warehouse:/home/salem/graduation_project_ws/install/moveit_planners_ompl:/home/salem/graduation_project_ws/install/moveit_kinematics:/home/salem/graduation_project_ws/install/moveit_ros_planning:/home/salem/graduation_project_ws/install/moveit_planners_chomp:/home/salem/graduation_project_ws/install/pilz_industrial_motion_planner_testutils:/home/salem/graduation_project_ws/install/moveit_simple_controller_manager:/home/salem/graduation_project_ws/install/moveit_ros_occupancy_map_monitor:/home/salem/graduation_project_ws/install/moveit_resources_prbt_ikfast_manipulator_plugin:/home/salem/graduation_project_ws/install/chomp_motion_planner:/home/salem/graduation_project_ws/install/moveit_core:/home/salem/graduation_project_ws/install/rviz_marker_tools:/home/salem/graduation_project_ws/install/moveit_resources_panda_moveit_config:/home/salem/graduation_project_ws/install/moveit_resources_fanuc_moveit_config:/home/salem/graduation_project_ws/install/srdfdom:/home/salem/graduation_project_ws/install/moveit_task_constructor_msgs:/home/salem/graduation_project_ws/install/moveit_resources_prbt_support:/home/salem/graduation_project_ws/install/moveit_resources_pr2_description:/home/salem/graduation_project_ws/install/moveit_resources_panda_description:/home/salem/graduation_project_ws/install/moveit_resources_fanuc_description:/home/salem/graduation_project_ws/install/moveit_common:/home/salem/ros2_ws/install/labvolt5250a0_description:/home/salem/ws_moveit2/install/pilz_industrial_motion_planner_testutils:/home/salem/ws_moveit2/install/panda_moveit_config:/home/salem/ws_moveit2/install/moveit_runtime:/home/salem/ws_moveit2/install/moveit2_tutorials:/home/salem/ws_moveit2/install/moveit:/home/salem/ws_moveit2/install/moveit_planners:/home/salem/ws_moveit2/install/pilz_industrial_motion_planner:/home/salem/ws_moveit2/install/moveit_visual_tools:/home/salem/ws_moveit2/install/moveit_task_constructor_visualization:/home/salem/ws_moveit2/install/moveit_task_constructor_demo:/home/salem/ws_moveit2/install/moveit_task_constructor_capabilities:/home/salem/ws_moveit2/install/moveit_task_constructor_core:/home/salem/ws_moveit2/install/moveit_ros_control_interface:/home/salem/ws_moveit2/install/moveit_plugins:/home/salem/ws_moveit2/install/moveit_simple_controller_manager:/home/salem/ws_moveit2/install/moveit_setup_assistant:/home/salem/ws_moveit2/install/moveit_setup_srdf_plugins:/home/salem/ws_moveit2/install/moveit_setup_core_plugins:/home/salem/ws_moveit2/install/moveit_setup_controllers:/home/salem/ws_moveit2/install/moveit_setup_app_plugins:/home/salem/ws_moveit2/install/moveit_setup_framework:/home/salem/ws_moveit2/install/moveit_servo:/home/salem/ws_moveit2/install/moveit_ros:/home/salem/ws_moveit2/install/moveit_ros_visualization:/home/salem/ws_moveit2/install/moveit_hybrid_planning:/home/salem/ws_moveit2/install/moveit_ros_planning_interface:/home/salem/ws_moveit2/install/moveit_ros_benchmarks:/home/salem/ws_moveit2/install/moveit_ros_warehouse:/home/salem/ws_moveit2/install/moveit_ros_robot_interaction:/home/salem/ws_moveit2/install/moveit_ros_perception:/home/salem/ws_moveit2/install/moveit_resources_prbt_pg70_support:/home/salem/ws_moveit2/install/moveit_resources_prbt_moveit_config:/home/salem/ws_moveit2/install/moveit_ros_move_group:/home/salem/ws_moveit2/install/moveit_planners_ompl:/home/salem/ws_moveit2/install/moveit_ros_planning:/home/salem/ws_moveit2/install/moveit_ros_occupancy_map_monitor:/home/salem/ws_moveit2/install/moveit_resources_prbt_ikfast_manipulator_plugin:/home/salem/ws_moveit2/install/moveit_planners_chomp:/home/salem/ws_moveit2/install/moveit_kinematics:/home/salem/ws_moveit2/install/moveit_chomp_optimizer_adapter:/home/salem/ws_moveit2/install/chomp_motion_planner:/home/salem/ws_moveit2/install/moveit_core:/home/salem/ws_moveit2/install/srdfdom:/home/salem/ws_moveit2/install/rviz_marker_tools:/home/salem/ws_moveit2/install/rosparam_shortcuts:/home/salem/ws_moveit2/install/moveit_task_constructor_msgs:/home/salem/ws_moveit2/install/moveit_resources_prbt_support:/home/salem/ws_moveit2/install/moveit_resources:/home/salem/ws_moveit2/install/moveit_resources_pr2_description:/home/salem/ws_moveit2/install/moveit_resources_panda_moveit_config:/home/salem/ws_moveit2/install/moveit_resources_panda_description:/home/salem/ws_moveit2/install/moveit_resources_fanuc_moveit_config:/home/salem/ws_moveit2/install/moveit_resources_fanuc_description:/home/salem/ws_moveit2/install/moveit_common:/home/salem/microros_ws/install/micro_ros_setup:/home/salem/ros2_ws/install/my_robot_controller:/home/salem/ws_moveit2/install/moveit_configs_utils:/home/salem/ws_moveit2/install/launch_param_builder:/opt/ros/humble LD_LIBRARY_PATH=/home/salem/graduation_project_ws/install/pilz_industrial_motion_planner/lib:/home/salem/graduation_project_ws/install/moveit_ros_planning_interface/lib:/home/salem/graduation_project_ws/install/moveit_ros_move_group/lib:/home/salem/graduation_project_ws/install/moveit_ros_warehouse/lib:/home/salem/graduation_project_ws/install/moveit_planners_ompl/lib:/home/salem/graduation_project_ws/install/moveit_kinematics/lib:/home/salem/graduation_project_ws/install/moveit_ros_planning/lib:/home/salem/graduation_project_ws/install/moveit_planners_chomp/lib:/home/salem/graduation_project_ws/install/pilz_industrial_motion_planner_testutils/lib:/home/salem/graduation_project_ws/install/moveit_simple_controller_manager/lib:/home/salem/graduation_project_ws/install/moveit_ros_occupancy_map_monitor/lib:/home/salem/graduation_project_ws/install/moveit_resources_prbt_ikfast_manipulator_plugin/lib:/home/salem/graduation_project_ws/install/chomp_motion_planner/lib:/home/salem/graduation_project_ws/install/moveit_core/lib:/home/salem/graduation_project_ws/install/rviz_marker_tools/lib:/home/salem/graduation_project_ws/install/srdfdom/lib:/home/salem/graduation_project_ws/install/moveit_task_constructor_msgs/lib:${LD_LIBRARY_PATH} PATH=/home/salem/graduation_project_ws/install/moveit_core/bin:${PATH} PYTHONPATH=/home/salem/graduation_project_ws/install/moveit_configs_utils/lib/python3.10/site-packages:/home/salem/graduation_project_ws/install/srdfdom/local/lib/python3.10/dist-packages:/home/salem/graduation_project_ws/install/moveit_task_constructor_msgs/local/lib/python3.10/dist-packages:/home/salem/graduation_project_ws/install/launch_param_builder/lib/python3.10/site-packages:${PYTHONPATH} /usr/bin/cmake --build /home/salem/graduation_project_ws/build/moveit_task_constructor_core -- -j16 -l16
[86.413s] Invoking command in '/home/salem/graduation_project_ws/build/moveit_task_constructor_core': AMENT_PREFIX_PATH=/home/salem/graduation_project_ws/install/moveit_planners:/home/salem/graduation_project_ws/install/pilz_industrial_motion_planner:/home/salem/graduation_project_ws/install/moveit_resources_prbt_pg70_support:/home/salem/graduation_project_ws/install/moveit_ros_planning_interface:/home/salem/graduation_project_ws/install/moveit_resources_prbt_moveit_config:/home/salem/graduation_project_ws/install/moveit_ros_move_group:/home/salem/graduation_project_ws/install/moveit_ros_warehouse:/home/salem/graduation_project_ws/install/moveit_planners_ompl:/home/salem/graduation_project_ws/install/moveit_kinematics:/home/salem/graduation_project_ws/install/moveit_ros_planning:/home/salem/graduation_project_ws/install/moveit_planners_chomp:/home/salem/graduation_project_ws/install/pilz_industrial_motion_planner_testutils:/home/salem/graduation_project_ws/install/moveit_simple_controller_manager:/home/salem/graduation_project_ws/install/moveit_ros_occupancy_map_monitor:/home/salem/graduation_project_ws/install/moveit_resources_prbt_ikfast_manipulator_plugin:/home/salem/graduation_project_ws/install/chomp_motion_planner:/home/salem/graduation_project_ws/install/moveit_core:/home/salem/graduation_project_ws/install/rviz_marker_tools:/home/salem/graduation_project_ws/install/moveit_resources_panda_moveit_config:/home/salem/graduation_project_ws/install/moveit_resources_fanuc_moveit_config:/home/salem/graduation_project_ws/install/moveit_configs_utils:/home/salem/graduation_project_ws/install/srdfdom:/home/salem/graduation_project_ws/install/moveit_task_constructor_msgs:/home/salem/graduation_project_ws/install/moveit_resources_prbt_support:/home/salem/graduation_project_ws/install/moveit_resources_pr2_description:/home/salem/graduation_project_ws/install/moveit_resources_panda_description:/home/salem/graduation_project_ws/install/moveit_resources_fanuc_description:/home/salem/graduation_project_ws/install/moveit_common:/home/salem/graduation_project_ws/install/launch_param_builder:${AMENT_PREFIX_PATH} CMAKE_PREFIX_PATH=/home/salem/graduation_project_ws/install/moveit_planners:/home/salem/graduation_project_ws/install/pilz_industrial_motion_planner:/home/salem/graduation_project_ws/install/moveit_resources_prbt_pg70_support:/home/salem/graduation_project_ws/install/moveit_ros_planning_interface:/home/salem/graduation_project_ws/install/moveit_resources_prbt_moveit_config:/home/salem/graduation_project_ws/install/moveit_ros_move_group:/home/salem/graduation_project_ws/install/moveit_ros_warehouse:/home/salem/graduation_project_ws/install/moveit_planners_ompl:/home/salem/graduation_project_ws/install/moveit_kinematics:/home/salem/graduation_project_ws/install/moveit_ros_planning:/home/salem/graduation_project_ws/install/moveit_planners_chomp:/home/salem/graduation_project_ws/install/pilz_industrial_motion_planner_testutils:/home/salem/graduation_project_ws/install/moveit_simple_controller_manager:/home/salem/graduation_project_ws/install/moveit_ros_occupancy_map_monitor:/home/salem/graduation_project_ws/install/moveit_resources_prbt_ikfast_manipulator_plugin:/home/salem/graduation_project_ws/install/chomp_motion_planner:/home/salem/graduation_project_ws/install/moveit_core:/home/salem/graduation_project_ws/install/rviz_marker_tools:/home/salem/graduation_project_ws/install/moveit_resources_panda_moveit_config:/home/salem/graduation_project_ws/install/moveit_resources_fanuc_moveit_config:/home/salem/graduation_project_ws/install/srdfdom:/home/salem/graduation_project_ws/install/moveit_task_constructor_msgs:/home/salem/graduation_project_ws/install/moveit_resources_prbt_support:/home/salem/graduation_project_ws/install/moveit_resources_pr2_description:/home/salem/graduation_project_ws/install/moveit_resources_panda_description:/home/salem/graduation_project_ws/install/moveit_resources_fanuc_description:/home/salem/graduation_project_ws/install/moveit_common:/home/salem/ros2_ws/install/labvolt5250a0_description:/home/salem/ws_moveit2/install/pilz_industrial_motion_planner_testutils:/home/salem/ws_moveit2/install/panda_moveit_config:/home/salem/ws_moveit2/install/moveit_runtime:/home/salem/ws_moveit2/install/moveit2_tutorials:/home/salem/ws_moveit2/install/moveit:/home/salem/ws_moveit2/install/moveit_planners:/home/salem/ws_moveit2/install/pilz_industrial_motion_planner:/home/salem/ws_moveit2/install/moveit_visual_tools:/home/salem/ws_moveit2/install/moveit_task_constructor_visualization:/home/salem/ws_moveit2/install/moveit_task_constructor_demo:/home/salem/ws_moveit2/install/moveit_task_constructor_capabilities:/home/salem/ws_moveit2/install/moveit_task_constructor_core:/home/salem/ws_moveit2/install/moveit_ros_control_interface:/home/salem/ws_moveit2/install/moveit_plugins:/home/salem/ws_moveit2/install/moveit_simple_controller_manager:/home/salem/ws_moveit2/install/moveit_setup_assistant:/home/salem/ws_moveit2/install/moveit_setup_srdf_plugins:/home/salem/ws_moveit2/install/moveit_setup_core_plugins:/home/salem/ws_moveit2/install/moveit_setup_controllers:/home/salem/ws_moveit2/install/moveit_setup_app_plugins:/home/salem/ws_moveit2/install/moveit_setup_framework:/home/salem/ws_moveit2/install/moveit_servo:/home/salem/ws_moveit2/install/moveit_ros:/home/salem/ws_moveit2/install/moveit_ros_visualization:/home/salem/ws_moveit2/install/moveit_hybrid_planning:/home/salem/ws_moveit2/install/moveit_ros_planning_interface:/home/salem/ws_moveit2/install/moveit_ros_benchmarks:/home/salem/ws_moveit2/install/moveit_ros_warehouse:/home/salem/ws_moveit2/install/moveit_ros_robot_interaction:/home/salem/ws_moveit2/install/moveit_ros_perception:/home/salem/ws_moveit2/install/moveit_resources_prbt_pg70_support:/home/salem/ws_moveit2/install/moveit_resources_prbt_moveit_config:/home/salem/ws_moveit2/install/moveit_ros_move_group:/home/salem/ws_moveit2/install/moveit_planners_ompl:/home/salem/ws_moveit2/install/moveit_ros_planning:/home/salem/ws_moveit2/install/moveit_ros_occupancy_map_monitor:/home/salem/ws_moveit2/install/moveit_resources_prbt_ikfast_manipulator_plugin:/home/salem/ws_moveit2/install/moveit_planners_chomp:/home/salem/ws_moveit2/install/moveit_kinematics:/home/salem/ws_moveit2/install/moveit_chomp_optimizer_adapter:/home/salem/ws_moveit2/install/chomp_motion_planner:/home/salem/ws_moveit2/install/moveit_core:/home/salem/ws_moveit2/install/srdfdom:/home/salem/ws_moveit2/install/rviz_marker_tools:/home/salem/ws_moveit2/install/rosparam_shortcuts:/home/salem/ws_moveit2/install/moveit_task_constructor_msgs:/home/salem/ws_moveit2/install/moveit_resources_prbt_support:/home/salem/ws_moveit2/install/moveit_resources:/home/salem/ws_moveit2/install/moveit_resources_pr2_description:/home/salem/ws_moveit2/install/moveit_resources_panda_moveit_config:/home/salem/ws_moveit2/install/moveit_resources_panda_description:/home/salem/ws_moveit2/install/moveit_resources_fanuc_moveit_config:/home/salem/ws_moveit2/install/moveit_resources_fanuc_description:/home/salem/ws_moveit2/install/moveit_common:/home/salem/microros_ws/install/micro_ros_setup:/home/salem/ros2_ws/install/my_robot_controller:/home/salem/ws_moveit2/install/moveit_configs_utils:/home/salem/ws_moveit2/install/launch_param_builder:/opt/ros/humble LD_LIBRARY_PATH=/home/salem/graduation_project_ws/install/pilz_industrial_motion_planner/lib:/home/salem/graduation_project_ws/install/moveit_ros_planning_interface/lib:/home/salem/graduation_project_ws/install/moveit_ros_move_group/lib:/home/salem/graduation_project_ws/install/moveit_ros_warehouse/lib:/home/salem/graduation_project_ws/install/moveit_planners_ompl/lib:/home/salem/graduation_project_ws/install/moveit_kinematics/lib:/home/salem/graduation_project_ws/install/moveit_ros_planning/lib:/home/salem/graduation_project_ws/install/moveit_planners_chomp/lib:/home/salem/graduation_project_ws/install/pilz_industrial_motion_planner_testutils/lib:/home/salem/graduation_project_ws/install/moveit_simple_controller_manager/lib:/home/salem/graduation_project_ws/install/moveit_ros_occupancy_map_monitor/lib:/home/salem/graduation_project_ws/install/moveit_resources_prbt_ikfast_manipulator_plugin/lib:/home/salem/graduation_project_ws/install/chomp_motion_planner/lib:/home/salem/graduation_project_ws/install/moveit_core/lib:/home/salem/graduation_project_ws/install/rviz_marker_tools/lib:/home/salem/graduation_project_ws/install/srdfdom/lib:/home/salem/graduation_project_ws/install/moveit_task_constructor_msgs/lib:${LD_LIBRARY_PATH} PATH=/home/salem/graduation_project_ws/install/moveit_core/bin:${PATH} PYTHONPATH=/home/salem/graduation_project_ws/install/moveit_configs_utils/lib/python3.10/site-packages:/home/salem/graduation_project_ws/install/srdfdom/local/lib/python3.10/dist-packages:/home/salem/graduation_project_ws/install/moveit_task_constructor_msgs/local/lib/python3.10/dist-packages:/home/salem/graduation_project_ws/install/launch_param_builder/lib/python3.10/site-packages:${PYTHONPATH} /usr/bin/cmake --install /home/salem/graduation_project_ws/build/moveit_task_constructor_core
[86.424s] -- Install configuration: "Release"
[86.424s] -- Installing: /home/salem/graduation_project_ws/install/moveit_task_constructor_core/lib/libmoveit_task_constructor_core_stages.so
[86.426s] -- Set runtime path of "/home/salem/graduation_project_ws/install/moveit_task_constructor_core/lib/libmoveit_task_constructor_core_stages.so" to ""
[86.426s] -- Installing: /home/salem/graduation_project_ws/install/moveit_task_constructor_core/lib/libmoveit_task_constructor_core_stage_plugins.so
[86.426s] -- Set runtime path of "/home/salem/graduation_project_ws/install/moveit_task_constructor_core/lib/libmoveit_task_constructor_core_stage_plugins.so" to ""
[86.426s] -- Installing: /home/salem/graduation_project_ws/install/moveit_task_constructor_core/lib/libmoveit_task_constructor_core.so
[86.428s] -- Set runtime path of "/home/salem/graduation_project_ws/install/moveit_task_constructor_core/lib/libmoveit_task_constructor_core.so" to ""
[86.429s] -- Installing: /home/salem/graduation_project_ws/install/moveit_task_constructor_core/share/moveit_task_constructor_core/environment/pythonpath.sh
[86.429s] -- Installing: /home/salem/graduation_project_ws/install/moveit_task_constructor_core/share/moveit_task_constructor_core/environment/pythonpath.dsv
[86.429s] -- Installing: /home/salem/graduation_project_ws/install/moveit_task_constructor_core/local/lib/python3.10/dist-packages/moveit-0.1.3-py3.10.egg-info
[86.429s] -- Installing: /home/salem/graduation_project_ws/install/moveit_task_constructor_core/local/lib/python3.10/dist-packages/moveit-0.1.3-py3.10.egg-info/PKG-INFO
[86.429s] -- Installing: /home/salem/graduation_project_ws/install/moveit_task_constructor_core/local/lib/python3.10/dist-packages/moveit-0.1.3-py3.10.egg-info/top_level.txt
[86.429s] -- Installing: /home/salem/graduation_project_ws/install/moveit_task_constructor_core/local/lib/python3.10/dist-packages/moveit-0.1.3-py3.10.egg-info/dependency_links.txt
[86.429s] -- Installing: /home/salem/graduation_project_ws/install/moveit_task_constructor_core/local/lib/python3.10/dist-packages/moveit-0.1.3-py3.10.egg-info/SOURCES.txt
[86.429s] -- Installing: /home/salem/graduation_project_ws/install/moveit_task_constructor_core/local/lib/python3.10/dist-packages/moveit
[86.429s] -- Installing: /home/salem/graduation_project_ws/install/moveit_task_constructor_core/local/lib/python3.10/dist-packages/moveit/task_constructor
[86.430s] -- Installing: /home/salem/graduation_project_ws/install/moveit_task_constructor_core/local/lib/python3.10/dist-packages/moveit/task_constructor/stages.py
[86.430s] -- Installing: /home/salem/graduation_project_ws/install/moveit_task_constructor_core/local/lib/python3.10/dist-packages/moveit/task_constructor/__init__.py
[86.430s] -- Installing: /home/salem/graduation_project_ws/install/moveit_task_constructor_core/local/lib/python3.10/dist-packages/moveit/task_constructor/core.py
[86.430s] -- Installing: /home/salem/graduation_project_ws/install/moveit_task_constructor_core/local/lib/python3.10/dist-packages/moveit/__init__.py
[86.462s] Listing '/home/salem/graduation_project_ws/install/moveit_task_constructor_core/local/lib/python3.10/dist-packages/moveit'...
[86.462s] Compiling '/home/salem/graduation_project_ws/install/moveit_task_constructor_core/local/lib/python3.10/dist-packages/moveit/__init__.py'...
[86.462s] Listing '/home/salem/graduation_project_ws/install/moveit_task_constructor_core/local/lib/python3.10/dist-packages/moveit/task_constructor'...
[86.462s] Compiling '/home/salem/graduation_project_ws/install/moveit_task_constructor_core/local/lib/python3.10/dist-packages/moveit/task_constructor/__init__.py'...
[86.462s] Compiling '/home/salem/graduation_project_ws/install/moveit_task_constructor_core/local/lib/python3.10/dist-packages/moveit/task_constructor/core.py'...
[86.462s] Compiling '/home/salem/graduation_project_ws/install/moveit_task_constructor_core/local/lib/python3.10/dist-packages/moveit/task_constructor/stages.py'...
[86.465s] -- Installing: /home/salem/graduation_project_ws/install/moveit_task_constructor_core/include/moveit/python/pybind11
[86.465s] -- Installing: /home/salem/graduation_project_ws/install/moveit_task_constructor_core/include/moveit/python/pybind11/gil.h
[86.466s] -- Installing: /home/salem/graduation_project_ws/install/moveit_task_constructor_core/include/moveit/python/pybind11/functional.h
[86.466s] -- Installing: /home/salem/graduation_project_ws/install/moveit_task_constructor_core/include/moveit/python/pybind11/trampoline_self_life_support.h
[86.466s] -- Installing: /home/salem/graduation_project_ws/install/moveit_task_constructor_core/include/moveit/python/pybind11/options.h
[86.466s] -- Installing: /home/salem/graduation_project_ws/install/moveit_task_constructor_core/include/moveit/python/pybind11/operators.h
[86.466s] -- Installing: /home/salem/graduation_project_ws/install/moveit_task_constructor_core/include/moveit/python/pybind11/cast.h
[86.467s] -- Installing: /home/salem/graduation_project_ws/install/moveit_task_constructor_core/include/moveit/python/pybind11/complex.h
[86.467s] -- Installing: /home/salem/graduation_project_ws/install/moveit_task_constructor_core/include/moveit/python/pybind11/eigen.h
[86.467s] -- Installing: /home/salem/graduation_project_ws/install/moveit_task_constructor_core/include/moveit/python/pybind11/stl.h
[86.467s] -- Installing: /home/salem/graduation_project_ws/install/moveit_task_constructor_core/include/moveit/python/pybind11/detail
[86.467s] -- Installing: /home/salem/graduation_project_ws/install/moveit_task_constructor_core/include/moveit/python/pybind11/detail/type_caster_base.h
[86.467s] -- Installing: /home/salem/graduation_project_ws/install/moveit_task_constructor_core/include/moveit/python/pybind11/detail/smart_holder_poc.h
[86.467s] -- Installing: /home/salem/graduation_project_ws/install/moveit_task_constructor_core/include/moveit/python/pybind11/detail/class.h
[86.468s] -- Installing: /home/salem/graduation_project_ws/install/moveit_task_constructor_core/include/moveit/python/pybind11/detail/smart_holder_type_casters.h
[86.468s] -- Installing: /home/salem/graduation_project_ws/install/moveit_task_constructor_core/include/moveit/python/pybind11/detail/init.h
[86.468s] -- Installing: /home/salem/graduation_project_ws/install/moveit_task_constructor_core/include/moveit/python/pybind11/detail/internals.h
[86.468s] -- Installing: /home/salem/graduation_project_ws/install/moveit_task_constructor_core/include/moveit/python/pybind11/detail/dynamic_raw_ptr_cast_if_possible.h
[86.468s] -- Installing: /home/salem/graduation_project_ws/install/moveit_task_constructor_core/include/moveit/python/pybind11/detail/descr.h
[86.468s] -- Installing: /home/salem/graduation_project_ws/install/moveit_task_constructor_core/include/moveit/python/pybind11/detail/typeid.h
[86.468s] -- Installing: /home/salem/graduation_project_ws/install/moveit_task_constructor_core/include/moveit/python/pybind11/detail/common.h
[86.469s] -- Installing: /home/salem/graduation_project_ws/install/moveit_task_constructor_core/include/moveit/python/pybind11/detail/smart_holder_sfinae_hooks_only.h
[86.469s] -- Installing: /home/salem/graduation_project_ws/install/moveit_task_constructor_core/include/moveit/python/pybind11/detail/type_caster_odr_guard.h
[86.469s] -- Installing: /home/salem/graduation_project_ws/install/moveit_task_constructor_core/include/moveit/python/pybind11/pytypes.h
[86.469s] -- Installing: /home/salem/graduation_project_ws/install/moveit_task_constructor_core/include/moveit/python/pybind11/numpy.h
[86.469s] -- Installing: /home/salem/graduation_project_ws/install/moveit_task_constructor_core/include/moveit/python/pybind11/attr.h
[86.470s] -- Installing: /home/salem/graduation_project_ws/install/moveit_task_constructor_core/include/moveit/python/pybind11/embed.h
[86.470s] -- Installing: /home/salem/graduation_project_ws/install/moveit_task_constructor_core/include/moveit/python/pybind11/iostream.h
[86.470s] -- Installing: /home/salem/graduation_project_ws/install/moveit_task_constructor_core/include/moveit/python/pybind11/typing.h
[86.470s] -- Installing: /home/salem/graduation_project_ws/install/moveit_task_constructor_core/include/moveit/python/pybind11/chrono.h
[86.470s] -- Installing: /home/salem/graduation_project_ws/install/moveit_task_constructor_core/include/moveit/python/pybind11/stl
[86.471s] -- Installing: /home/salem/graduation_project_ws/install/moveit_task_constructor_core/include/moveit/python/pybind11/stl/filesystem.h
[86.471s] -- Installing: /home/salem/graduation_project_ws/install/moveit_task_constructor_core/include/moveit/python/pybind11/gil_safe_call_once.h
[86.471s] -- Installing: /home/salem/graduation_project_ws/install/moveit_task_constructor_core/include/moveit/python/pybind11/buffer_info.h
[86.471s] -- Installing: /home/salem/graduation_project_ws/install/moveit_task_constructor_core/include/moveit/python/pybind11/stl_bind.h
[86.472s] -- Installing: /home/salem/graduation_project_ws/install/moveit_task_constructor_core/include/moveit/python/pybind11/smart_holder.h
[86.472s] -- Installing: /home/salem/graduation_project_ws/install/moveit_task_constructor_core/include/moveit/python/pybind11/eval.h
[86.472s] -- Installing: /home/salem/graduation_project_ws/install/moveit_task_constructor_core/include/moveit/python/pybind11/eigen
[86.472s] -- Installing: /home/salem/graduation_project_ws/install/moveit_task_constructor_core/include/moveit/python/pybind11/eigen/matrix.h
[86.472s] -- Installing: /home/salem/graduation_project_ws/install/moveit_task_constructor_core/include/moveit/python/pybind11/eigen/tensor.h
[86.473s] -- Installing: /home/salem/graduation_project_ws/install/moveit_task_constructor_core/include/moveit/python/pybind11/eigen/common.h
[86.473s] -- Installing: /home/salem/graduation_project_ws/install/moveit_task_constructor_core/include/moveit/python/pybind11/type_caster_pyobject_ptr.h
[86.473s] -- Installing: /home/salem/graduation_project_ws/install/moveit_task_constructor_core/include/moveit/python/pybind11/common.h
[86.473s] -- Installing: /home/salem/graduation_project_ws/install/moveit_task_constructor_core/include/moveit/python/pybind11/pybind11.h
[86.473s] -- Installing: /home/salem/graduation_project_ws/install/moveit_task_constructor_core/share/moveit_task_constructor_core/cmake/pybind11Config.cmake
[86.474s] -- Installing: /home/salem/graduation_project_ws/install/moveit_task_constructor_core/share/moveit_task_constructor_core/cmake/pybind11ConfigVersion.cmake
[86.474s] -- Installing: /home/salem/graduation_project_ws/install/moveit_task_constructor_core/share/moveit_task_constructor_core/cmake/FindPythonLibsNew.cmake
[86.474s] -- Installing: /home/salem/graduation_project_ws/install/moveit_task_constructor_core/share/moveit_task_constructor_core/cmake/pybind11Common.cmake
[86.474s] -- Installing: /home/salem/graduation_project_ws/install/moveit_task_constructor_core/share/moveit_task_constructor_core/cmake/pybind11Tools.cmake
[86.474s] -- Installing: /home/salem/graduation_project_ws/install/moveit_task_constructor_core/share/moveit_task_constructor_core/cmake/pybind11NewTools.cmake
[86.474s] -- Installing: /home/salem/graduation_project_ws/install/moveit_task_constructor_core/share/moveit_task_constructor_core/cmake/pybind11Targets.cmake
[86.474s] -- Installing: /home/salem/graduation_project_ws/install/moveit_task_constructor_core/share/pkgconfig/pybind11.pc
[86.475s] -- Installing: /home/salem/graduation_project_ws/install/moveit_task_constructor_core/local/lib/python3.10/dist-packages/pymoveit_mtc.cpython-310-x86_64-linux-gnu.so
[86.476s] -- Set runtime path of "/home/salem/graduation_project_ws/install/moveit_task_constructor_core/local/lib/python3.10/dist-packages/pymoveit_mtc.cpython-310-x86_64-linux-gnu.so" to ""
[86.476s] -- Up-to-date: /home/salem/graduation_project_ws/install/moveit_task_constructor_core/include
[86.476s] -- Up-to-date: /home/salem/graduation_project_ws/install/moveit_task_constructor_core/include/moveit
[86.476s] -- Installing: /home/salem/graduation_project_ws/install/moveit_task_constructor_core/include/moveit/task_constructor
[86.476s] -- Installing: /home/salem/graduation_project_ws/install/moveit_task_constructor_core/include/moveit/task_constructor/properties.h
[86.476s] -- Installing: /home/salem/graduation_project_ws/install/moveit_task_constructor_core/include/moveit/task_constructor/utils.h
[86.477s] -- Installing: /home/salem/graduation_project_ws/install/moveit_task_constructor_core/include/moveit/task_constructor/container.h
[86.477s] -- Installing: /home/salem/graduation_project_ws/install/moveit_task_constructor_core/include/moveit/task_constructor/type_traits.h
[86.477s] -- Installing: /home/salem/graduation_project_ws/install/moveit_task_constructor_core/include/moveit/task_constructor/trajectory_execution_info.h
[86.477s] -- Installing: /home/salem/graduation_project_ws/install/moveit_task_constructor_core/include/moveit/task_constructor/task.h
[86.477s] -- Installing: /home/salem/graduation_project_ws/install/moveit_task_constructor_core/include/moveit/task_constructor/solvers
[86.477s] -- Installing: /home/salem/graduation_project_ws/install/moveit_task_constructor_core/include/moveit/task_constructor/solvers/planner_interface.h
[86.477s] -- Installing: /home/salem/graduation_project_ws/install/moveit_task_constructor_core/include/moveit/task_constructor/solvers/pipeline_planner.h
[86.477s] -- Installing: /home/salem/graduation_project_ws/install/moveit_task_constructor_core/include/moveit/task_constructor/solvers/cartesian_path.h
[86.477s] -- Installing: /home/salem/graduation_project_ws/install/moveit_task_constructor_core/include/moveit/task_constructor/solvers/multi_planner.h
[86.477s] -- Installing: /home/salem/graduation_project_ws/install/moveit_task_constructor_core/include/moveit/task_constructor/solvers/joint_interpolation.h
[86.478s] -- Installing: /home/salem/graduation_project_ws/install/moveit_task_constructor_core/include/moveit/task_constructor/cost_terms.h
[86.478s] -- Installing: /home/salem/graduation_project_ws/install/moveit_task_constructor_core/include/moveit/task_constructor/solvers.h
[86.478s] -- Installing: /home/salem/graduation_project_ws/install/moveit_task_constructor_core/include/moveit/task_constructor/cost_queue.h
[86.478s] -- Installing: /home/salem/graduation_project_ws/install/moveit_task_constructor_core/include/moveit/task_constructor/marker_tools.h
[86.478s] -- Installing: /home/salem/graduation_project_ws/install/moveit_task_constructor_core/include/moveit/task_constructor/stages
[86.478s] -- Installing: /home/salem/graduation_project_ws/install/moveit_task_constructor_core/include/moveit/task_constructor/stages/simple_grasp.h
[86.478s] -- Installing: /home/salem/graduation_project_ws/install/moveit_task_constructor_core/include/moveit/task_constructor/stages/passthrough.h
[86.478s] -- Installing: /home/salem/graduation_project_ws/install/moveit_task_constructor_core/include/moveit/task_constructor/stages/generate_pose.h
[86.479s] -- Installing: /home/salem/graduation_project_ws/install/moveit_task_constructor_core/include/moveit/task_constructor/stages/connect.h
[86.479s] -- Installing: /home/salem/graduation_project_ws/install/moveit_task_constructor_core/include/moveit/task_constructor/stages/compute_ik.h
[86.479s] -- Installing: /home/salem/graduation_project_ws/install/moveit_task_constructor_core/include/moveit/task_constructor/stages/move_to.h
[86.479s] -- Installing: /home/salem/graduation_project_ws/install/moveit_task_constructor_core/include/moveit/task_constructor/stages/fix_collision_objects.h
[86.479s] -- Installing: /home/salem/graduation_project_ws/install/moveit_task_constructor_core/include/moveit/task_constructor/stages/generate_random_pose.h
[86.479s] -- Installing: /home/salem/graduation_project_ws/install/moveit_task_constructor_core/include/moveit/task_constructor/stages/predicate_filter.h
[86.479s] -- Installing: /home/salem/graduation_project_ws/install/moveit_task_constructor_core/include/moveit/task_constructor/stages/pick.h
[86.479s] -- Installing: /home/salem/graduation_project_ws/install/moveit_task_constructor_core/include/moveit/task_constructor/stages/move_relative.h
[86.479s] -- Installing: /home/salem/graduation_project_ws/install/moveit_task_constructor_core/include/moveit/task_constructor/stages/current_state.h
[86.480s] -- Installing: /home/salem/graduation_project_ws/install/moveit_task_constructor_core/include/moveit/task_constructor/stages/noop.h
[86.480s] -- Installing: /home/salem/graduation_project_ws/install/moveit_task_constructor_core/include/moveit/task_constructor/stages/generate_grasp_pose.h
[86.480s] -- Installing: /home/salem/graduation_project_ws/install/moveit_task_constructor_core/include/moveit/task_constructor/stages/fixed_cartesian_poses.h
[86.480s] -- Installing: /home/salem/graduation_project_ws/install/moveit_task_constructor_core/include/moveit/task_constructor/stages/generate_place_pose.h
[86.480s] -- Installing: /home/salem/graduation_project_ws/install/moveit_task_constructor_core/include/moveit/task_constructor/stages/fixed_state.h
[86.480s] -- Installing: /home/salem/graduation_project_ws/install/moveit_task_constructor_core/include/moveit/task_constructor/stages/modify_planning_scene.h
[86.480s] -- Installing: /home/salem/graduation_project_ws/install/moveit_task_constructor_core/include/moveit/task_constructor/stage.h
[86.480s] -- Installing: /home/salem/graduation_project_ws/install/moveit_task_constructor_core/include/moveit/task_constructor/moveit_compat.h
[86.480s] -- Installing: /home/salem/graduation_project_ws/install/moveit_task_constructor_core/include/moveit/task_constructor/merge.h
[86.481s] -- Installing: /home/salem/graduation_project_ws/install/moveit_task_constructor_core/include/moveit/task_constructor/stages.h
[86.481s] -- Installing: /home/salem/graduation_project_ws/install/moveit_task_constructor_core/include/moveit/task_constructor/introspection.h
[86.481s] -- Installing: /home/salem/graduation_project_ws/install/moveit_task_constructor_core/include/moveit/task_constructor/storage.h
[86.481s] -- Up-to-date: /home/salem/graduation_project_ws/install/moveit_task_constructor_core/include/moveit/python
[86.481s] -- Installing: /home/salem/graduation_project_ws/install/moveit_task_constructor_core/include/moveit/python/task_constructor
[86.481s] -- Installing: /home/salem/graduation_project_ws/install/moveit_task_constructor_core/include/moveit/python/task_constructor/properties.h
[86.481s] -- Installing: /home/salem/graduation_project_ws/install/moveit_task_constructor_core/share/moveit_task_constructor_core/motion_planning_stages_plugin_description.xml
[86.481s] -- Installing: /home/salem/graduation_project_ws/install/moveit_task_constructor_core/share/moveit_task_constructor_core/environment/library_path.sh
[86.482s] -- Installing: /home/salem/graduation_project_ws/install/moveit_task_constructor_core/share/moveit_task_constructor_core/environment/library_path.dsv
[86.482s] -- Installing: /home/salem/graduation_project_ws/install/moveit_task_constructor_core/share/ament_index/resource_index/package_run_dependencies/moveit_task_constructor_core
[86.482s] -- Installing: /home/salem/graduation_project_ws/install/moveit_task_constructor_core/share/ament_index/resource_index/parent_prefix_path/moveit_task_constructor_core
[86.482s] -- Installing: /home/salem/graduation_project_ws/install/moveit_task_constructor_core/share/moveit_task_constructor_core/environment/ament_prefix_path.sh
[86.482s] -- Installing: /home/salem/graduation_project_ws/install/moveit_task_constructor_core/share/moveit_task_constructor_core/environment/ament_prefix_path.dsv
[86.482s] -- Installing: /home/salem/graduation_project_ws/install/moveit_task_constructor_core/share/moveit_task_constructor_core/environment/path.sh
[86.482s] -- Installing: /home/salem/graduation_project_ws/install/moveit_task_constructor_core/share/moveit_task_constructor_core/environment/path.dsv
[86.483s] -- Installing: /home/salem/graduation_project_ws/install/moveit_task_constructor_core/share/moveit_task_constructor_core/local_setup.bash
[86.483s] -- Installing: /home/salem/graduation_project_ws/install/moveit_task_constructor_core/share/moveit_task_constructor_core/local_setup.sh
[86.483s] -- Installing: /home/salem/graduation_project_ws/install/moveit_task_constructor_core/share/moveit_task_constructor_core/local_setup.zsh
[86.483s] -- Installing: /home/salem/graduation_project_ws/install/moveit_task_constructor_core/share/moveit_task_constructor_core/local_setup.dsv
[86.483s] -- Installing: /home/salem/graduation_project_ws/install/moveit_task_constructor_core/share/moveit_task_constructor_core/package.dsv
[86.483s] -- Installing: /home/salem/graduation_project_ws/install/moveit_task_constructor_core/share/ament_index/resource_index/packages/moveit_task_constructor_core
[86.483s] -- Installing: /home/salem/graduation_project_ws/install/moveit_task_constructor_core/share/ament_index/resource_index/moveit_task_constructor_core__pluginlib__plugin/moveit_task_constructor_core
[86.484s] -- Installing: /home/salem/graduation_project_ws/install/moveit_task_constructor_core/share/moveit_task_constructor_core/cmake/moveit_task_constructor_coreTargetsExport.cmake
[86.484s] -- Installing: /home/salem/graduation_project_ws/install/moveit_task_constructor_core/share/moveit_task_constructor_core/cmake/moveit_task_constructor_coreTargetsExport-release.cmake
[86.484s] -- Installing: /home/salem/graduation_project_ws/install/moveit_task_constructor_core/share/moveit_task_constructor_core/cmake/ament_cmake_export_targets-extras.cmake
[86.484s] -- Installing: /home/salem/graduation_project_ws/install/moveit_task_constructor_core/share/moveit_task_constructor_core/cmake/ament_cmake_export_dependencies-extras.cmake
[86.484s] -- Installing: /home/salem/graduation_project_ws/install/moveit_task_constructor_core/share/moveit_task_constructor_core/cmake/moveit_task_constructor_coreConfig.cmake
[86.484s] -- Installing: /home/salem/graduation_project_ws/install/moveit_task_constructor_core/share/moveit_task_constructor_core/cmake/moveit_task_constructor_coreConfig-version.cmake
[86.484s] -- Installing: /home/salem/graduation_project_ws/install/moveit_task_constructor_core/share/moveit_task_constructor_core/package.xml
[86.487s] Invoked command in '/home/salem/graduation_project_ws/build/moveit_task_constructor_core' returned '0': AMENT_PREFIX_PATH=/home/salem/graduation_project_ws/install/moveit_planners:/home/salem/graduation_project_ws/install/pilz_industrial_motion_planner:/home/salem/graduation_project_ws/install/moveit_resources_prbt_pg70_support:/home/salem/graduation_project_ws/install/moveit_ros_planning_interface:/home/salem/graduation_project_ws/install/moveit_resources_prbt_moveit_config:/home/salem/graduation_project_ws/install/moveit_ros_move_group:/home/salem/graduation_project_ws/install/moveit_ros_warehouse:/home/salem/graduation_project_ws/install/moveit_planners_ompl:/home/salem/graduation_project_ws/install/moveit_kinematics:/home/salem/graduation_project_ws/install/moveit_ros_planning:/home/salem/graduation_project_ws/install/moveit_planners_chomp:/home/salem/graduation_project_ws/install/pilz_industrial_motion_planner_testutils:/home/salem/graduation_project_ws/install/moveit_simple_controller_manager:/home/salem/graduation_project_ws/install/moveit_ros_occupancy_map_monitor:/home/salem/graduation_project_ws/install/moveit_resources_prbt_ikfast_manipulator_plugin:/home/salem/graduation_project_ws/install/chomp_motion_planner:/home/salem/graduation_project_ws/install/moveit_core:/home/salem/graduation_project_ws/install/rviz_marker_tools:/home/salem/graduation_project_ws/install/moveit_resources_panda_moveit_config:/home/salem/graduation_project_ws/install/moveit_resources_fanuc_moveit_config:/home/salem/graduation_project_ws/install/moveit_configs_utils:/home/salem/graduation_project_ws/install/srdfdom:/home/salem/graduation_project_ws/install/moveit_task_constructor_msgs:/home/salem/graduation_project_ws/install/moveit_resources_prbt_support:/home/salem/graduation_project_ws/install/moveit_resources_pr2_description:/home/salem/graduation_project_ws/install/moveit_resources_panda_description:/home/salem/graduation_project_ws/install/moveit_resources_fanuc_description:/home/salem/graduation_project_ws/install/moveit_common:/home/salem/graduation_project_ws/install/launch_param_builder:${AMENT_PREFIX_PATH} CMAKE_PREFIX_PATH=/home/salem/graduation_project_ws/install/moveit_planners:/home/salem/graduation_project_ws/install/pilz_industrial_motion_planner:/home/salem/graduation_project_ws/install/moveit_resources_prbt_pg70_support:/home/salem/graduation_project_ws/install/moveit_ros_planning_interface:/home/salem/graduation_project_ws/install/moveit_resources_prbt_moveit_config:/home/salem/graduation_project_ws/install/moveit_ros_move_group:/home/salem/graduation_project_ws/install/moveit_ros_warehouse:/home/salem/graduation_project_ws/install/moveit_planners_ompl:/home/salem/graduation_project_ws/install/moveit_kinematics:/home/salem/graduation_project_ws/install/moveit_ros_planning:/home/salem/graduation_project_ws/install/moveit_planners_chomp:/home/salem/graduation_project_ws/install/pilz_industrial_motion_planner_testutils:/home/salem/graduation_project_ws/install/moveit_simple_controller_manager:/home/salem/graduation_project_ws/install/moveit_ros_occupancy_map_monitor:/home/salem/graduation_project_ws/install/moveit_resources_prbt_ikfast_manipulator_plugin:/home/salem/graduation_project_ws/install/chomp_motion_planner:/home/salem/graduation_project_ws/install/moveit_core:/home/salem/graduation_project_ws/install/rviz_marker_tools:/home/salem/graduation_project_ws/install/moveit_resources_panda_moveit_config:/home/salem/graduation_project_ws/install/moveit_resources_fanuc_moveit_config:/home/salem/graduation_project_ws/install/srdfdom:/home/salem/graduation_project_ws/install/moveit_task_constructor_msgs:/home/salem/graduation_project_ws/install/moveit_resources_prbt_support:/home/salem/graduation_project_ws/install/moveit_resources_pr2_description:/home/salem/graduation_project_ws/install/moveit_resources_panda_description:/home/salem/graduation_project_ws/install/moveit_resources_fanuc_description:/home/salem/graduation_project_ws/install/moveit_common:/home/salem/ros2_ws/install/labvolt5250a0_description:/home/salem/ws_moveit2/install/pilz_industrial_motion_planner_testutils:/home/salem/ws_moveit2/install/panda_moveit_config:/home/salem/ws_moveit2/install/moveit_runtime:/home/salem/ws_moveit2/install/moveit2_tutorials:/home/salem/ws_moveit2/install/moveit:/home/salem/ws_moveit2/install/moveit_planners:/home/salem/ws_moveit2/install/pilz_industrial_motion_planner:/home/salem/ws_moveit2/install/moveit_visual_tools:/home/salem/ws_moveit2/install/moveit_task_constructor_visualization:/home/salem/ws_moveit2/install/moveit_task_constructor_demo:/home/salem/ws_moveit2/install/moveit_task_constructor_capabilities:/home/salem/ws_moveit2/install/moveit_task_constructor_core:/home/salem/ws_moveit2/install/moveit_ros_control_interface:/home/salem/ws_moveit2/install/moveit_plugins:/home/salem/ws_moveit2/install/moveit_simple_controller_manager:/home/salem/ws_moveit2/install/moveit_setup_assistant:/home/salem/ws_moveit2/install/moveit_setup_srdf_plugins:/home/salem/ws_moveit2/install/moveit_setup_core_plugins:/home/salem/ws_moveit2/install/moveit_setup_controllers:/home/salem/ws_moveit2/install/moveit_setup_app_plugins:/home/salem/ws_moveit2/install/moveit_setup_framework:/home/salem/ws_moveit2/install/moveit_servo:/home/salem/ws_moveit2/install/moveit_ros:/home/salem/ws_moveit2/install/moveit_ros_visualization:/home/salem/ws_moveit2/install/moveit_hybrid_planning:/home/salem/ws_moveit2/install/moveit_ros_planning_interface:/home/salem/ws_moveit2/install/moveit_ros_benchmarks:/home/salem/ws_moveit2/install/moveit_ros_warehouse:/home/salem/ws_moveit2/install/moveit_ros_robot_interaction:/home/salem/ws_moveit2/install/moveit_ros_perception:/home/salem/ws_moveit2/install/moveit_resources_prbt_pg70_support:/home/salem/ws_moveit2/install/moveit_resources_prbt_moveit_config:/home/salem/ws_moveit2/install/moveit_ros_move_group:/home/salem/ws_moveit2/install/moveit_planners_ompl:/home/salem/ws_moveit2/install/moveit_ros_planning:/home/salem/ws_moveit2/install/moveit_ros_occupancy_map_monitor:/home/salem/ws_moveit2/install/moveit_resources_prbt_ikfast_manipulator_plugin:/home/salem/ws_moveit2/install/moveit_planners_chomp:/home/salem/ws_moveit2/install/moveit_kinematics:/home/salem/ws_moveit2/install/moveit_chomp_optimizer_adapter:/home/salem/ws_moveit2/install/chomp_motion_planner:/home/salem/ws_moveit2/install/moveit_core:/home/salem/ws_moveit2/install/srdfdom:/home/salem/ws_moveit2/install/rviz_marker_tools:/home/salem/ws_moveit2/install/rosparam_shortcuts:/home/salem/ws_moveit2/install/moveit_task_constructor_msgs:/home/salem/ws_moveit2/install/moveit_resources_prbt_support:/home/salem/ws_moveit2/install/moveit_resources:/home/salem/ws_moveit2/install/moveit_resources_pr2_description:/home/salem/ws_moveit2/install/moveit_resources_panda_moveit_config:/home/salem/ws_moveit2/install/moveit_resources_panda_description:/home/salem/ws_moveit2/install/moveit_resources_fanuc_moveit_config:/home/salem/ws_moveit2/install/moveit_resources_fanuc_description:/home/salem/ws_moveit2/install/moveit_common:/home/salem/microros_ws/install/micro_ros_setup:/home/salem/ros2_ws/install/my_robot_controller:/home/salem/ws_moveit2/install/moveit_configs_utils:/home/salem/ws_moveit2/install/launch_param_builder:/opt/ros/humble LD_LIBRARY_PATH=/home/salem/graduation_project_ws/install/pilz_industrial_motion_planner/lib:/home/salem/graduation_project_ws/install/moveit_ros_planning_interface/lib:/home/salem/graduation_project_ws/install/moveit_ros_move_group/lib:/home/salem/graduation_project_ws/install/moveit_ros_warehouse/lib:/home/salem/graduation_project_ws/install/moveit_planners_ompl/lib:/home/salem/graduation_project_ws/install/moveit_kinematics/lib:/home/salem/graduation_project_ws/install/moveit_ros_planning/lib:/home/salem/graduation_project_ws/install/moveit_planners_chomp/lib:/home/salem/graduation_project_ws/install/pilz_industrial_motion_planner_testutils/lib:/home/salem/graduation_project_ws/install/moveit_simple_controller_manager/lib:/home/salem/graduation_project_ws/install/moveit_ros_occupancy_map_monitor/lib:/home/salem/graduation_project_ws/install/moveit_resources_prbt_ikfast_manipulator_plugin/lib:/home/salem/graduation_project_ws/install/chomp_motion_planner/lib:/home/salem/graduation_project_ws/install/moveit_core/lib:/home/salem/graduation_project_ws/install/rviz_marker_tools/lib:/home/salem/graduation_project_ws/install/srdfdom/lib:/home/salem/graduation_project_ws/install/moveit_task_constructor_msgs/lib:${LD_LIBRARY_PATH} PATH=/home/salem/graduation_project_ws/install/moveit_core/bin:${PATH} PYTHONPATH=/home/salem/graduation_project_ws/install/moveit_configs_utils/lib/python3.10/site-packages:/home/salem/graduation_project_ws/install/srdfdom/local/lib/python3.10/dist-packages:/home/salem/graduation_project_ws/install/moveit_task_constructor_msgs/local/lib/python3.10/dist-packages:/home/salem/graduation_project_ws/install/launch_param_builder/lib/python3.10/site-packages:${PYTHONPATH} /usr/bin/cmake --install /home/salem/graduation_project_ws/build/moveit_task_constructor_core
