[0.030s] Invoking command in '/home/salem/graduation_project_ws/build/moveit_ros_planning': AMENT_PREFIX_PATH=/home/salem/graduation_project_ws/install/moveit_ros_occupancy_map_monitor:/home/salem/graduation_project_ws/install/moveit_core:/home/salem/graduation_project_ws/install/moveit_resources_panda_moveit_config:/home/salem/graduation_project_ws/install/moveit_configs_utils:/home/salem/graduation_project_ws/install/srdfdom:/home/salem/graduation_project_ws/install/moveit_resources_pr2_description:/home/salem/graduation_project_ws/install/moveit_resources_panda_description:/home/salem/graduation_project_ws/install/moveit_common:/home/salem/graduation_project_ws/install/launch_param_builder:${AMENT_PREFIX_PATH} CMAKE_PREFIX_PATH=/home/salem/graduation_project_ws/install/moveit_ros_occupancy_map_monitor:/home/salem/graduation_project_ws/install/moveit_core:/home/salem/graduation_project_ws/install/moveit_resources_panda_moveit_config:/home/salem/graduation_project_ws/install/srdfdom:/home/salem/graduation_project_ws/install/moveit_resources_pr2_description:/home/salem/graduation_project_ws/install/moveit_resources_panda_description:/home/salem/graduation_project_ws/install/moveit_common:/home/salem/ros2_ws/install/labvolt5250a0_description:/home/salem/ws_moveit2/install/pilz_industrial_motion_planner_testutils:/home/salem/ws_moveit2/install/panda_moveit_config:/home/salem/ws_moveit2/install/moveit_runtime:/home/salem/ws_moveit2/install/moveit2_tutorials:/home/salem/ws_moveit2/install/moveit:/home/salem/ws_moveit2/install/moveit_planners:/home/salem/ws_moveit2/install/pilz_industrial_motion_planner:/home/salem/ws_moveit2/install/moveit_visual_tools:/home/salem/ws_moveit2/install/moveit_task_constructor_visualization:/home/salem/ws_moveit2/install/moveit_task_constructor_demo:/home/salem/ws_moveit2/install/moveit_task_constructor_capabilities:/home/salem/ws_moveit2/install/moveit_task_constructor_core:/home/salem/ws_moveit2/install/moveit_ros_control_interface:/home/salem/ws_moveit2/install/moveit_plugins:/home/salem/ws_moveit2/install/moveit_simple_controller_manager:/home/salem/ws_moveit2/install/moveit_setup_assistant:/home/salem/ws_moveit2/install/moveit_setup_srdf_plugins:/home/salem/ws_moveit2/install/moveit_setup_core_plugins:/home/salem/ws_moveit2/install/moveit_setup_controllers:/home/salem/ws_moveit2/install/moveit_setup_app_plugins:/home/salem/ws_moveit2/install/moveit_setup_framework:/home/salem/ws_moveit2/install/moveit_servo:/home/salem/ws_moveit2/install/moveit_ros:/home/salem/ws_moveit2/install/moveit_ros_visualization:/home/salem/ws_moveit2/install/moveit_hybrid_planning:/home/salem/ws_moveit2/install/moveit_ros_planning_interface:/home/salem/ws_moveit2/install/moveit_ros_benchmarks:/home/salem/ws_moveit2/install/moveit_ros_warehouse:/home/salem/ws_moveit2/install/moveit_ros_robot_interaction:/home/salem/ws_moveit2/install/moveit_ros_perception:/home/salem/ws_moveit2/install/moveit_resources_prbt_pg70_support:/home/salem/ws_moveit2/install/moveit_resources_prbt_moveit_config:/home/salem/ws_moveit2/install/moveit_ros_move_group:/home/salem/ws_moveit2/install/moveit_planners_ompl:/home/salem/ws_moveit2/install/moveit_ros_planning:/home/salem/ws_moveit2/install/moveit_ros_occupancy_map_monitor:/home/salem/ws_moveit2/install/moveit_resources_prbt_ikfast_manipulator_plugin:/home/salem/ws_moveit2/install/moveit_planners_chomp:/home/salem/ws_moveit2/install/moveit_kinematics:/home/salem/ws_moveit2/install/moveit_chomp_optimizer_adapter:/home/salem/ws_moveit2/install/chomp_motion_planner:/home/salem/ws_moveit2/install/moveit_core:/home/salem/ws_moveit2/install/srdfdom:/home/salem/ws_moveit2/install/rviz_marker_tools:/home/salem/ws_moveit2/install/rosparam_shortcuts:/home/salem/ws_moveit2/install/moveit_task_constructor_msgs:/home/salem/ws_moveit2/install/moveit_resources_prbt_support:/home/salem/ws_moveit2/install/moveit_resources:/home/salem/ws_moveit2/install/moveit_resources_pr2_description:/home/salem/ws_moveit2/install/moveit_resources_panda_moveit_config:/home/salem/ws_moveit2/install/moveit_resources_panda_description:/home/salem/ws_moveit2/install/moveit_resources_fanuc_moveit_config:/home/salem/ws_moveit2/install/moveit_resources_fanuc_description:/home/salem/ws_moveit2/install/moveit_common:/home/salem/microros_ws/install/micro_ros_setup:/home/salem/ros2_ws/install/my_robot_controller:/home/salem/ws_moveit2/install/moveit_configs_utils:/home/salem/ws_moveit2/install/launch_param_builder:/opt/ros/humble LD_LIBRARY_PATH=/home/salem/graduation_project_ws/install/moveit_ros_occupancy_map_monitor/lib:/home/salem/graduation_project_ws/install/moveit_core/lib:/home/salem/graduation_project_ws/install/srdfdom/lib:${LD_LIBRARY_PATH} PATH=/home/salem/graduation_project_ws/install/moveit_core/bin:${PATH} PYTHONPATH=/home/salem/graduation_project_ws/install/moveit_configs_utils/lib/python3.10/site-packages:/home/salem/graduation_project_ws/install/srdfdom/local/lib/python3.10/dist-packages:/home/salem/graduation_project_ws/install/launch_param_builder/lib/python3.10/site-packages:${PYTHONPATH} /usr/bin/cmake --build /home/salem/graduation_project_ws/build/moveit_ros_planning -- -j16 -l16
[0.096s] [35m[1mConsolidate compiler generated dependencies of target gmock_main[0m
[0.096s] [35m[1mConsolidate compiler generated dependencies of target gtest[0m
[0.096s] [35m[1mConsolidate compiler generated dependencies of target moveit_collision_plugin_loader[0m
[0.096s] [35m[1mConsolidate compiler generated dependencies of target moveit_planning_pipeline[0m
[0.097s] [35m[1mConsolidate compiler generated dependencies of target moveit_rdf_loader[0m
[0.097s] [35m[1mConsolidate compiler generated dependencies of target gmock[0m
[0.098s] [35m[1mConsolidate compiler generated dependencies of target gtest_main[0m
[0.098s] [35m[1mConsolidate compiler generated dependencies of target moveit_list_request_adapter_plugins[0m
[0.111s] [35m[1mConsolidate compiler generated dependencies of target moveit_default_planning_request_adapter_plugins[0m
[0.116s] [  2%] Built target gmock_main
[0.116s] [  5%] Built target gtest
[0.117s] [ 11%] Built target gmock
[0.117s] [ 13%] Built target gtest_main
[0.121s] [ 17%] Built target moveit_rdf_loader
[0.122s] [ 20%] Built target moveit_collision_plugin_loader
[0.127s] [ 26%] Built target moveit_list_request_adapter_plugins
[0.127s] [ 26%] Built target moveit_planning_pipeline
[0.139s] [35m[1mConsolidate compiler generated dependencies of target moveit_kinematics_plugin_loader[0m
[0.139s] [35m[1mConsolidate compiler generated dependencies of target moveit_constraint_sampler_manager_loader[0m
[0.165s] [ 29%] Built target moveit_kinematics_plugin_loader
[0.165s] [ 32%] Built target moveit_constraint_sampler_manager_loader
[0.170s] [ 48%] Built target moveit_default_planning_request_adapter_plugins
[0.182s] [35m[1mConsolidate compiler generated dependencies of target moveit_robot_model_loader[0m
[0.206s] [ 51%] Built target moveit_robot_model_loader
[0.224s] [35m[1mConsolidate compiler generated dependencies of target moveit_print_planning_model_info[0m
[0.230s] [35m[1mConsolidate compiler generated dependencies of target moveit_planning_scene_monitor[0m
[0.248s] [ 54%] Built target moveit_print_planning_model_info
[0.277s] [ 63%] Built target moveit_planning_scene_monitor
[0.295s] [35m[1mConsolidate compiler generated dependencies of target moveit_print_planning_scene_info[0m
[0.296s] [35m[1mConsolidate compiler generated dependencies of target planning_scene_monitor_test[0m
[0.296s] [35m[1mConsolidate compiler generated dependencies of target demo_scene[0m
[0.296s] [35m[1mConsolidate compiler generated dependencies of target moveit_evaluate_collision_checking_speed[0m
[0.297s] [35m[1mConsolidate compiler generated dependencies of target moveit_publish_scene_from_text[0m
[0.297s] [35m[1mConsolidate compiler generated dependencies of target trajectory_monitor_tests[0m
[0.297s] [35m[1mConsolidate compiler generated dependencies of target current_state_monitor_tests[0m
[0.298s] [35m[1mConsolidate compiler generated dependencies of target moveit_visualize_robot_collision_volume[0m
[0.298s] [35m[1mConsolidate compiler generated dependencies of target moveit_display_random_state[0m
[0.299s] [35m[1mConsolidate compiler generated dependencies of target moveit_trajectory_execution_manager[0m
[0.329s] [ 72%] Built target moveit_print_planning_scene_info
[0.329s] [ 72%] Built target moveit_trajectory_execution_manager
[0.329s] [ 72%] Built target moveit_publish_scene_from_text
[0.329s] [ 75%] Built target current_state_monitor_tests
[0.329s] [ 77%] Built target moveit_evaluate_collision_checking_speed
[0.330s] [ 80%] Built target trajectory_monitor_tests
[0.331s] [ 83%] Built target moveit_visualize_robot_collision_volume
[0.331s] [ 86%] Built target planning_scene_monitor_test
[0.332s] [ 89%] Built target demo_scene
[0.334s] [ 92%] Built target moveit_display_random_state
[0.347s] [35m[1mConsolidate compiler generated dependencies of target moveit_plan_execution[0m
[0.349s] [35m[1mConsolidate compiler generated dependencies of target moveit_cpp[0m
[0.380s] [ 95%] Built target moveit_plan_execution
[0.386s] [100%] Built target moveit_cpp
[0.401s] Invoked command in '/home/salem/graduation_project_ws/build/moveit_ros_planning' returned '0': AMENT_PREFIX_PATH=/home/salem/graduation_project_ws/install/moveit_ros_occupancy_map_monitor:/home/salem/graduation_project_ws/install/moveit_core:/home/salem/graduation_project_ws/install/moveit_resources_panda_moveit_config:/home/salem/graduation_project_ws/install/moveit_configs_utils:/home/salem/graduation_project_ws/install/srdfdom:/home/salem/graduation_project_ws/install/moveit_resources_pr2_description:/home/salem/graduation_project_ws/install/moveit_resources_panda_description:/home/salem/graduation_project_ws/install/moveit_common:/home/salem/graduation_project_ws/install/launch_param_builder:${AMENT_PREFIX_PATH} CMAKE_PREFIX_PATH=/home/salem/graduation_project_ws/install/moveit_ros_occupancy_map_monitor:/home/salem/graduation_project_ws/install/moveit_core:/home/salem/graduation_project_ws/install/moveit_resources_panda_moveit_config:/home/salem/graduation_project_ws/install/srdfdom:/home/salem/graduation_project_ws/install/moveit_resources_pr2_description:/home/salem/graduation_project_ws/install/moveit_resources_panda_description:/home/salem/graduation_project_ws/install/moveit_common:/home/salem/ros2_ws/install/labvolt5250a0_description:/home/salem/ws_moveit2/install/pilz_industrial_motion_planner_testutils:/home/salem/ws_moveit2/install/panda_moveit_config:/home/salem/ws_moveit2/install/moveit_runtime:/home/salem/ws_moveit2/install/moveit2_tutorials:/home/salem/ws_moveit2/install/moveit:/home/salem/ws_moveit2/install/moveit_planners:/home/salem/ws_moveit2/install/pilz_industrial_motion_planner:/home/salem/ws_moveit2/install/moveit_visual_tools:/home/salem/ws_moveit2/install/moveit_task_constructor_visualization:/home/salem/ws_moveit2/install/moveit_task_constructor_demo:/home/salem/ws_moveit2/install/moveit_task_constructor_capabilities:/home/salem/ws_moveit2/install/moveit_task_constructor_core:/home/salem/ws_moveit2/install/moveit_ros_control_interface:/home/salem/ws_moveit2/install/moveit_plugins:/home/salem/ws_moveit2/install/moveit_simple_controller_manager:/home/salem/ws_moveit2/install/moveit_setup_assistant:/home/salem/ws_moveit2/install/moveit_setup_srdf_plugins:/home/salem/ws_moveit2/install/moveit_setup_core_plugins:/home/salem/ws_moveit2/install/moveit_setup_controllers:/home/salem/ws_moveit2/install/moveit_setup_app_plugins:/home/salem/ws_moveit2/install/moveit_setup_framework:/home/salem/ws_moveit2/install/moveit_servo:/home/salem/ws_moveit2/install/moveit_ros:/home/salem/ws_moveit2/install/moveit_ros_visualization:/home/salem/ws_moveit2/install/moveit_hybrid_planning:/home/salem/ws_moveit2/install/moveit_ros_planning_interface:/home/salem/ws_moveit2/install/moveit_ros_benchmarks:/home/salem/ws_moveit2/install/moveit_ros_warehouse:/home/salem/ws_moveit2/install/moveit_ros_robot_interaction:/home/salem/ws_moveit2/install/moveit_ros_perception:/home/salem/ws_moveit2/install/moveit_resources_prbt_pg70_support:/home/salem/ws_moveit2/install/moveit_resources_prbt_moveit_config:/home/salem/ws_moveit2/install/moveit_ros_move_group:/home/salem/ws_moveit2/install/moveit_planners_ompl:/home/salem/ws_moveit2/install/moveit_ros_planning:/home/salem/ws_moveit2/install/moveit_ros_occupancy_map_monitor:/home/salem/ws_moveit2/install/moveit_resources_prbt_ikfast_manipulator_plugin:/home/salem/ws_moveit2/install/moveit_planners_chomp:/home/salem/ws_moveit2/install/moveit_kinematics:/home/salem/ws_moveit2/install/moveit_chomp_optimizer_adapter:/home/salem/ws_moveit2/install/chomp_motion_planner:/home/salem/ws_moveit2/install/moveit_core:/home/salem/ws_moveit2/install/srdfdom:/home/salem/ws_moveit2/install/rviz_marker_tools:/home/salem/ws_moveit2/install/rosparam_shortcuts:/home/salem/ws_moveit2/install/moveit_task_constructor_msgs:/home/salem/ws_moveit2/install/moveit_resources_prbt_support:/home/salem/ws_moveit2/install/moveit_resources:/home/salem/ws_moveit2/install/moveit_resources_pr2_description:/home/salem/ws_moveit2/install/moveit_resources_panda_moveit_config:/home/salem/ws_moveit2/install/moveit_resources_panda_description:/home/salem/ws_moveit2/install/moveit_resources_fanuc_moveit_config:/home/salem/ws_moveit2/install/moveit_resources_fanuc_description:/home/salem/ws_moveit2/install/moveit_common:/home/salem/microros_ws/install/micro_ros_setup:/home/salem/ros2_ws/install/my_robot_controller:/home/salem/ws_moveit2/install/moveit_configs_utils:/home/salem/ws_moveit2/install/launch_param_builder:/opt/ros/humble LD_LIBRARY_PATH=/home/salem/graduation_project_ws/install/moveit_ros_occupancy_map_monitor/lib:/home/salem/graduation_project_ws/install/moveit_core/lib:/home/salem/graduation_project_ws/install/srdfdom/lib:${LD_LIBRARY_PATH} PATH=/home/salem/graduation_project_ws/install/moveit_core/bin:${PATH} PYTHONPATH=/home/salem/graduation_project_ws/install/moveit_configs_utils/lib/python3.10/site-packages:/home/salem/graduation_project_ws/install/srdfdom/local/lib/python3.10/dist-packages:/home/salem/graduation_project_ws/install/launch_param_builder/lib/python3.10/site-packages:${PYTHONPATH} /usr/bin/cmake --build /home/salem/graduation_project_ws/build/moveit_ros_planning -- -j16 -l16
[0.403s] Invoking command in '/home/salem/graduation_project_ws/build/moveit_ros_planning': AMENT_PREFIX_PATH=/home/salem/graduation_project_ws/install/moveit_ros_occupancy_map_monitor:/home/salem/graduation_project_ws/install/moveit_core:/home/salem/graduation_project_ws/install/moveit_resources_panda_moveit_config:/home/salem/graduation_project_ws/install/moveit_configs_utils:/home/salem/graduation_project_ws/install/srdfdom:/home/salem/graduation_project_ws/install/moveit_resources_pr2_description:/home/salem/graduation_project_ws/install/moveit_resources_panda_description:/home/salem/graduation_project_ws/install/moveit_common:/home/salem/graduation_project_ws/install/launch_param_builder:${AMENT_PREFIX_PATH} CMAKE_PREFIX_PATH=/home/salem/graduation_project_ws/install/moveit_ros_occupancy_map_monitor:/home/salem/graduation_project_ws/install/moveit_core:/home/salem/graduation_project_ws/install/moveit_resources_panda_moveit_config:/home/salem/graduation_project_ws/install/srdfdom:/home/salem/graduation_project_ws/install/moveit_resources_pr2_description:/home/salem/graduation_project_ws/install/moveit_resources_panda_description:/home/salem/graduation_project_ws/install/moveit_common:/home/salem/ros2_ws/install/labvolt5250a0_description:/home/salem/ws_moveit2/install/pilz_industrial_motion_planner_testutils:/home/salem/ws_moveit2/install/panda_moveit_config:/home/salem/ws_moveit2/install/moveit_runtime:/home/salem/ws_moveit2/install/moveit2_tutorials:/home/salem/ws_moveit2/install/moveit:/home/salem/ws_moveit2/install/moveit_planners:/home/salem/ws_moveit2/install/pilz_industrial_motion_planner:/home/salem/ws_moveit2/install/moveit_visual_tools:/home/salem/ws_moveit2/install/moveit_task_constructor_visualization:/home/salem/ws_moveit2/install/moveit_task_constructor_demo:/home/salem/ws_moveit2/install/moveit_task_constructor_capabilities:/home/salem/ws_moveit2/install/moveit_task_constructor_core:/home/salem/ws_moveit2/install/moveit_ros_control_interface:/home/salem/ws_moveit2/install/moveit_plugins:/home/salem/ws_moveit2/install/moveit_simple_controller_manager:/home/salem/ws_moveit2/install/moveit_setup_assistant:/home/salem/ws_moveit2/install/moveit_setup_srdf_plugins:/home/salem/ws_moveit2/install/moveit_setup_core_plugins:/home/salem/ws_moveit2/install/moveit_setup_controllers:/home/salem/ws_moveit2/install/moveit_setup_app_plugins:/home/salem/ws_moveit2/install/moveit_setup_framework:/home/salem/ws_moveit2/install/moveit_servo:/home/salem/ws_moveit2/install/moveit_ros:/home/salem/ws_moveit2/install/moveit_ros_visualization:/home/salem/ws_moveit2/install/moveit_hybrid_planning:/home/salem/ws_moveit2/install/moveit_ros_planning_interface:/home/salem/ws_moveit2/install/moveit_ros_benchmarks:/home/salem/ws_moveit2/install/moveit_ros_warehouse:/home/salem/ws_moveit2/install/moveit_ros_robot_interaction:/home/salem/ws_moveit2/install/moveit_ros_perception:/home/salem/ws_moveit2/install/moveit_resources_prbt_pg70_support:/home/salem/ws_moveit2/install/moveit_resources_prbt_moveit_config:/home/salem/ws_moveit2/install/moveit_ros_move_group:/home/salem/ws_moveit2/install/moveit_planners_ompl:/home/salem/ws_moveit2/install/moveit_ros_planning:/home/salem/ws_moveit2/install/moveit_ros_occupancy_map_monitor:/home/salem/ws_moveit2/install/moveit_resources_prbt_ikfast_manipulator_plugin:/home/salem/ws_moveit2/install/moveit_planners_chomp:/home/salem/ws_moveit2/install/moveit_kinematics:/home/salem/ws_moveit2/install/moveit_chomp_optimizer_adapter:/home/salem/ws_moveit2/install/chomp_motion_planner:/home/salem/ws_moveit2/install/moveit_core:/home/salem/ws_moveit2/install/srdfdom:/home/salem/ws_moveit2/install/rviz_marker_tools:/home/salem/ws_moveit2/install/rosparam_shortcuts:/home/salem/ws_moveit2/install/moveit_task_constructor_msgs:/home/salem/ws_moveit2/install/moveit_resources_prbt_support:/home/salem/ws_moveit2/install/moveit_resources:/home/salem/ws_moveit2/install/moveit_resources_pr2_description:/home/salem/ws_moveit2/install/moveit_resources_panda_moveit_config:/home/salem/ws_moveit2/install/moveit_resources_panda_description:/home/salem/ws_moveit2/install/moveit_resources_fanuc_moveit_config:/home/salem/ws_moveit2/install/moveit_resources_fanuc_description:/home/salem/ws_moveit2/install/moveit_common:/home/salem/microros_ws/install/micro_ros_setup:/home/salem/ros2_ws/install/my_robot_controller:/home/salem/ws_moveit2/install/moveit_configs_utils:/home/salem/ws_moveit2/install/launch_param_builder:/opt/ros/humble LD_LIBRARY_PATH=/home/salem/graduation_project_ws/install/moveit_ros_occupancy_map_monitor/lib:/home/salem/graduation_project_ws/install/moveit_core/lib:/home/salem/graduation_project_ws/install/srdfdom/lib:${LD_LIBRARY_PATH} PATH=/home/salem/graduation_project_ws/install/moveit_core/bin:${PATH} PYTHONPATH=/home/salem/graduation_project_ws/install/moveit_configs_utils/lib/python3.10/site-packages:/home/salem/graduation_project_ws/install/srdfdom/local/lib/python3.10/dist-packages:/home/salem/graduation_project_ws/install/launch_param_builder/lib/python3.10/site-packages:${PYTHONPATH} /usr/bin/cmake --install /home/salem/graduation_project_ws/build/moveit_ros_planning
[0.413s] -- Install configuration: "Release"
[0.414s] -- Up-to-date: /home/salem/graduation_project_ws/install/moveit_ros_planning/include
[0.414s] -- Up-to-date: /home/salem/graduation_project_ws/install/moveit_ros_planning/include/moveit
[0.414s] -- Up-to-date: /home/salem/graduation_project_ws/install/moveit_ros_planning/include/moveit/rdf_loader
[0.414s] -- Up-to-date: /home/salem/graduation_project_ws/install/moveit_ros_planning/include/moveit/rdf_loader/rdf_loader.h
[0.414s] -- Up-to-date: /home/salem/graduation_project_ws/install/moveit_ros_planning/include/moveit/rdf_loader/synchronized_string_parameter.h
[0.415s] -- Up-to-date: /home/salem/graduation_project_ws/install/moveit_ros_planning/share/moveit_ros_planning/rdf_loader/test/data
[0.415s] -- Up-to-date: /home/salem/graduation_project_ws/install/moveit_ros_planning/share/moveit_ros_planning/rdf_loader/test/data/kermit.srdf
[0.415s] -- Up-to-date: /home/salem/graduation_project_ws/install/moveit_ros_planning/share/moveit_ros_planning/rdf_loader/test/data/gonzo.urdf
[0.415s] -- Up-to-date: /home/salem/graduation_project_ws/install/moveit_ros_planning/share/moveit_ros_planning/rdf_loader/test/data/kermit.urdf
[0.415s] -- Up-to-date: /home/salem/graduation_project_ws/install/moveit_ros_planning/share/moveit_ros_planning/rdf_loader/test/data/gonzo.srdf
[0.415s] -- Up-to-date: /home/salem/graduation_project_ws/install/moveit_ros_planning/share/moveit_ros_planning/rdf_loader/test/data/robin.srdf.xacro
[0.415s] -- Up-to-date: /home/salem/graduation_project_ws/install/moveit_ros_planning/share/moveit_ros_planning/rdf_loader/test/launch
[0.415s] -- Up-to-date: /home/salem/graduation_project_ws/install/moveit_ros_planning/share/moveit_ros_planning/rdf_loader/test/launch/test_rdf_integration.test.py
[0.415s] -- Up-to-date: /home/salem/graduation_project_ws/install/moveit_ros_planning/include
[0.415s] -- Up-to-date: /home/salem/graduation_project_ws/install/moveit_ros_planning/include/moveit
[0.416s] -- Up-to-date: /home/salem/graduation_project_ws/install/moveit_ros_planning/include/moveit/collision_plugin_loader
[0.416s] -- Up-to-date: /home/salem/graduation_project_ws/install/moveit_ros_planning/include/moveit/collision_plugin_loader/collision_plugin_loader.h
[0.416s] -- Up-to-date: /home/salem/graduation_project_ws/install/moveit_ros_planning/include
[0.416s] -- Up-to-date: /home/salem/graduation_project_ws/install/moveit_ros_planning/include/moveit
[0.416s] -- Up-to-date: /home/salem/graduation_project_ws/install/moveit_ros_planning/include/moveit/kinematics_plugin_loader
[0.416s] -- Up-to-date: /home/salem/graduation_project_ws/install/moveit_ros_planning/include/moveit/kinematics_plugin_loader/kinematics_plugin_loader.h
[0.416s] -- Up-to-date: /home/salem/graduation_project_ws/install/moveit_ros_planning/include
[0.416s] -- Up-to-date: /home/salem/graduation_project_ws/install/moveit_ros_planning/include/moveit
[0.416s] -- Up-to-date: /home/salem/graduation_project_ws/install/moveit_ros_planning/include/moveit/robot_model_loader
[0.416s] -- Up-to-date: /home/salem/graduation_project_ws/install/moveit_ros_planning/include/moveit/robot_model_loader/robot_model_loader.h
[0.417s] -- Up-to-date: /home/salem/graduation_project_ws/install/moveit_ros_planning/include
[0.417s] -- Up-to-date: /home/salem/graduation_project_ws/install/moveit_ros_planning/include/moveit
[0.417s] -- Up-to-date: /home/salem/graduation_project_ws/install/moveit_ros_planning/include/moveit/constraint_sampler_manager_loader
[0.417s] -- Up-to-date: /home/salem/graduation_project_ws/install/moveit_ros_planning/include/moveit/constraint_sampler_manager_loader/constraint_sampler_manager_loader.h
[0.417s] -- Up-to-date: /home/salem/graduation_project_ws/install/moveit_ros_planning/include
[0.417s] -- Up-to-date: /home/salem/graduation_project_ws/install/moveit_ros_planning/include/moveit
[0.417s] -- Up-to-date: /home/salem/graduation_project_ws/install/moveit_ros_planning/include/moveit/planning_pipeline
[0.417s] -- Up-to-date: /home/salem/graduation_project_ws/install/moveit_ros_planning/include/moveit/planning_pipeline/planning_pipeline.h
[0.417s] -- Up-to-date: /home/salem/graduation_project_ws/install/moveit_ros_planning/include/moveit_planning_pipeline_export.h
[0.418s] -- Up-to-date: /home/salem/graduation_project_ws/install/moveit_ros_planning/lib/moveit_ros_planning/moveit_list_request_adapter_plugins
[0.419s] -- Up-to-date: /home/salem/graduation_project_ws/install/moveit_ros_planning/lib/moveit_ros_planning/demo_scene
[0.420s] -- Up-to-date: /home/salem/graduation_project_ws/install/moveit_ros_planning/include
[0.420s] -- Up-to-date: /home/salem/graduation_project_ws/install/moveit_ros_planning/include/moveit
[0.420s] -- Up-to-date: /home/salem/graduation_project_ws/install/moveit_ros_planning/include/moveit/planning_scene_monitor
[0.420s] -- Up-to-date: /home/salem/graduation_project_ws/install/moveit_ros_planning/include/moveit/planning_scene_monitor/current_state_monitor.h
[0.420s] -- Up-to-date: /home/salem/graduation_project_ws/install/moveit_ros_planning/include/moveit/planning_scene_monitor/planning_scene_monitor.h
[0.420s] -- Up-to-date: /home/salem/graduation_project_ws/install/moveit_ros_planning/include/moveit/planning_scene_monitor/trajectory_monitor.h
[0.420s] -- Up-to-date: /home/salem/graduation_project_ws/install/moveit_ros_planning/include/moveit/planning_scene_monitor/current_state_monitor_middleware_handle.hpp
[0.420s] -- Up-to-date: /home/salem/graduation_project_ws/install/moveit_ros_planning/include/moveit/planning_scene_monitor/trajectory_monitor_middleware_handle.hpp
[0.420s] -- Up-to-date: /home/salem/graduation_project_ws/install/moveit_ros_planning/include/moveit_planning_scene_monitor_export.h
[0.421s] -- Up-to-date: /home/salem/graduation_project_ws/install/moveit_ros_planning/lib/moveit_ros_planning/moveit_print_planning_model_info
[0.422s] -- Up-to-date: /home/salem/graduation_project_ws/install/moveit_ros_planning/lib/moveit_ros_planning/moveit_print_planning_scene_info
[0.423s] -- Up-to-date: /home/salem/graduation_project_ws/install/moveit_ros_planning/lib/moveit_ros_planning/moveit_display_random_state
[0.423s] -- Up-to-date: /home/salem/graduation_project_ws/install/moveit_ros_planning/lib/moveit_ros_planning/moveit_visualize_robot_collision_volume
[0.424s] -- Up-to-date: /home/salem/graduation_project_ws/install/moveit_ros_planning/lib/moveit_ros_planning/moveit_evaluate_collision_checking_speed
[0.425s] -- Up-to-date: /home/salem/graduation_project_ws/install/moveit_ros_planning/lib/moveit_ros_planning/moveit_publish_scene_from_text
[0.425s] -- Up-to-date: /home/salem/graduation_project_ws/install/moveit_ros_planning/include
[0.425s] -- Up-to-date: /home/salem/graduation_project_ws/install/moveit_ros_planning/include/moveit
[0.425s] -- Up-to-date: /home/salem/graduation_project_ws/install/moveit_ros_planning/include/moveit/trajectory_execution_manager
[0.426s] -- Up-to-date: /home/salem/graduation_project_ws/install/moveit_ros_planning/include/moveit/trajectory_execution_manager/trajectory_execution_manager.h
[0.426s] -- Up-to-date: /home/salem/graduation_project_ws/install/moveit_ros_planning/include/moveit_trajectory_execution_manager_export.h
[0.426s] -- Up-to-date: /home/salem/graduation_project_ws/install/moveit_ros_planning/include
[0.426s] -- Up-to-date: /home/salem/graduation_project_ws/install/moveit_ros_planning/include/moveit
[0.426s] -- Up-to-date: /home/salem/graduation_project_ws/install/moveit_ros_planning/include/moveit/plan_execution
[0.426s] -- Up-to-date: /home/salem/graduation_project_ws/install/moveit_ros_planning/include/moveit/plan_execution/plan_execution.h
[0.426s] -- Up-to-date: /home/salem/graduation_project_ws/install/moveit_ros_planning/include/moveit/plan_execution/plan_representation.h
[0.426s] -- Up-to-date: /home/salem/graduation_project_ws/install/moveit_ros_planning/include
[0.426s] -- Up-to-date: /home/salem/graduation_project_ws/install/moveit_ros_planning/include/moveit
[0.426s] -- Up-to-date: /home/salem/graduation_project_ws/install/moveit_ros_planning/include/moveit/moveit_cpp
[0.426s] -- Up-to-date: /home/salem/graduation_project_ws/install/moveit_ros_planning/include/moveit/moveit_cpp/planning_component.h
[0.427s] -- Up-to-date: /home/salem/graduation_project_ws/install/moveit_ros_planning/include/moveit/moveit_cpp/moveit_cpp.h
[0.427s] -- Up-to-date: /home/salem/graduation_project_ws/install/moveit_ros_planning/lib/libmoveit_rdf_loader.so.2.5.9
[0.427s] -- Up-to-date: /home/salem/graduation_project_ws/install/moveit_ros_planning/lib/libmoveit_rdf_loader.so
[0.428s] -- Up-to-date: /home/salem/graduation_project_ws/install/moveit_ros_planning/lib/libmoveit_kinematics_plugin_loader.so.2.5.9
[0.428s] -- Up-to-date: /home/salem/graduation_project_ws/install/moveit_ros_planning/lib/libmoveit_kinematics_plugin_loader.so
[0.428s] -- Up-to-date: /home/salem/graduation_project_ws/install/moveit_ros_planning/lib/libmoveit_robot_model_loader.so.2.5.9
[0.428s] -- Up-to-date: /home/salem/graduation_project_ws/install/moveit_ros_planning/lib/libmoveit_robot_model_loader.so
[0.429s] -- Up-to-date: /home/salem/graduation_project_ws/install/moveit_ros_planning/lib/libmoveit_constraint_sampler_manager_loader.so.2.5.9
[0.429s] -- Up-to-date: /home/salem/graduation_project_ws/install/moveit_ros_planning/lib/libmoveit_constraint_sampler_manager_loader.so
[0.430s] -- Up-to-date: /home/salem/graduation_project_ws/install/moveit_ros_planning/lib/libmoveit_planning_pipeline.so.2.5.9
[0.430s] -- Up-to-date: /home/salem/graduation_project_ws/install/moveit_ros_planning/lib/libmoveit_planning_pipeline.so
[0.431s] -- Up-to-date: /home/salem/graduation_project_ws/install/moveit_ros_planning/lib/libmoveit_trajectory_execution_manager.so.2.5.9
[0.431s] -- Up-to-date: /home/salem/graduation_project_ws/install/moveit_ros_planning/lib/libmoveit_trajectory_execution_manager.so
[0.431s] -- Up-to-date: /home/salem/graduation_project_ws/install/moveit_ros_planning/lib/libmoveit_plan_execution.so.2.5.9
[0.431s] -- Up-to-date: /home/salem/graduation_project_ws/install/moveit_ros_planning/lib/libmoveit_plan_execution.so
[0.432s] -- Up-to-date: /home/salem/graduation_project_ws/install/moveit_ros_planning/lib/libmoveit_planning_scene_monitor.so.2.5.9
[0.432s] -- Up-to-date: /home/salem/graduation_project_ws/install/moveit_ros_planning/lib/libmoveit_planning_scene_monitor.so
[0.432s] -- Up-to-date: /home/salem/graduation_project_ws/install/moveit_ros_planning/lib/libmoveit_collision_plugin_loader.so.2.5.9
[0.433s] -- Up-to-date: /home/salem/graduation_project_ws/install/moveit_ros_planning/lib/libmoveit_collision_plugin_loader.so
[0.433s] -- Up-to-date: /home/salem/graduation_project_ws/install/moveit_ros_planning/lib/libmoveit_default_planning_request_adapter_plugins.so.2.5.9
[0.433s] -- Up-to-date: /home/salem/graduation_project_ws/install/moveit_ros_planning/lib/libmoveit_default_planning_request_adapter_plugins.so
[0.434s] -- Up-to-date: /home/salem/graduation_project_ws/install/moveit_ros_planning/lib/libmoveit_cpp.so.2.5.9
[0.434s] -- Up-to-date: /home/salem/graduation_project_ws/install/moveit_ros_planning/lib/libmoveit_cpp.so
[0.434s] -- Up-to-date: /home/salem/graduation_project_ws/install/moveit_ros_planning/share/moveit_ros_planning/environment/library_path.sh
[0.434s] -- Up-to-date: /home/salem/graduation_project_ws/install/moveit_ros_planning/share/moveit_ros_planning/environment/library_path.dsv
[0.435s] -- Up-to-date: /home/salem/graduation_project_ws/install/moveit_ros_planning/share/moveit_ros_planning/planning_request_adapters_plugin_description.xml
[0.435s] -- Up-to-date: /home/salem/graduation_project_ws/install/moveit_ros_planning/share/ament_index/resource_index/package_run_dependencies/moveit_ros_planning
[0.435s] -- Up-to-date: /home/salem/graduation_project_ws/install/moveit_ros_planning/share/ament_index/resource_index/parent_prefix_path/moveit_ros_planning
[0.435s] -- Up-to-date: /home/salem/graduation_project_ws/install/moveit_ros_planning/share/moveit_ros_planning/environment/ament_prefix_path.sh
[0.435s] -- Up-to-date: /home/salem/graduation_project_ws/install/moveit_ros_planning/share/moveit_ros_planning/environment/ament_prefix_path.dsv
[0.435s] -- Up-to-date: /home/salem/graduation_project_ws/install/moveit_ros_planning/share/moveit_ros_planning/environment/path.sh
[0.435s] -- Up-to-date: /home/salem/graduation_project_ws/install/moveit_ros_planning/share/moveit_ros_planning/environment/path.dsv
[0.435s] -- Up-to-date: /home/salem/graduation_project_ws/install/moveit_ros_planning/share/moveit_ros_planning/local_setup.bash
[0.436s] -- Up-to-date: /home/salem/graduation_project_ws/install/moveit_ros_planning/share/moveit_ros_planning/local_setup.sh
[0.436s] -- Up-to-date: /home/salem/graduation_project_ws/install/moveit_ros_planning/share/moveit_ros_planning/local_setup.zsh
[0.436s] -- Up-to-date: /home/salem/graduation_project_ws/install/moveit_ros_planning/share/moveit_ros_planning/local_setup.dsv
[0.436s] -- Installing: /home/salem/graduation_project_ws/install/moveit_ros_planning/share/moveit_ros_planning/package.dsv
[0.436s] -- Up-to-date: /home/salem/graduation_project_ws/install/moveit_ros_planning/share/ament_index/resource_index/packages/moveit_ros_planning
[0.436s] -- Up-to-date: /home/salem/graduation_project_ws/install/moveit_ros_planning/share/ament_index/resource_index/moveit_core__pluginlib__plugin/moveit_ros_planning
[0.437s] -- Up-to-date: /home/salem/graduation_project_ws/install/moveit_ros_planning/share/moveit_ros_planning/cmake/export_moveit_ros_planningExport.cmake
[0.437s] -- Up-to-date: /home/salem/graduation_project_ws/install/moveit_ros_planning/share/moveit_ros_planning/cmake/export_moveit_ros_planningExport-release.cmake
[0.437s] -- Up-to-date: /home/salem/graduation_project_ws/install/moveit_ros_planning/share/moveit_ros_planning/cmake/ConfigExtras.cmake
[0.437s] -- Up-to-date: /home/salem/graduation_project_ws/install/moveit_ros_planning/share/moveit_ros_planning/cmake/ament_cmake_export_targets-extras.cmake
[0.438s] -- Up-to-date: /home/salem/graduation_project_ws/install/moveit_ros_planning/share/moveit_ros_planning/cmake/ament_cmake_export_dependencies-extras.cmake
[0.438s] -- Up-to-date: /home/salem/graduation_project_ws/install/moveit_ros_planning/share/moveit_ros_planning/cmake/moveit_ros_planningConfig.cmake
[0.438s] -- Up-to-date: /home/salem/graduation_project_ws/install/moveit_ros_planning/share/moveit_ros_planning/cmake/moveit_ros_planningConfig-version.cmake
[0.438s] -- Up-to-date: /home/salem/graduation_project_ws/install/moveit_ros_planning/share/moveit_ros_planning/package.xml
[0.440s] Invoked command in '/home/salem/graduation_project_ws/build/moveit_ros_planning' returned '0': AMENT_PREFIX_PATH=/home/salem/graduation_project_ws/install/moveit_ros_occupancy_map_monitor:/home/salem/graduation_project_ws/install/moveit_core:/home/salem/graduation_project_ws/install/moveit_resources_panda_moveit_config:/home/salem/graduation_project_ws/install/moveit_configs_utils:/home/salem/graduation_project_ws/install/srdfdom:/home/salem/graduation_project_ws/install/moveit_resources_pr2_description:/home/salem/graduation_project_ws/install/moveit_resources_panda_description:/home/salem/graduation_project_ws/install/moveit_common:/home/salem/graduation_project_ws/install/launch_param_builder:${AMENT_PREFIX_PATH} CMAKE_PREFIX_PATH=/home/salem/graduation_project_ws/install/moveit_ros_occupancy_map_monitor:/home/salem/graduation_project_ws/install/moveit_core:/home/salem/graduation_project_ws/install/moveit_resources_panda_moveit_config:/home/salem/graduation_project_ws/install/srdfdom:/home/salem/graduation_project_ws/install/moveit_resources_pr2_description:/home/salem/graduation_project_ws/install/moveit_resources_panda_description:/home/salem/graduation_project_ws/install/moveit_common:/home/salem/ros2_ws/install/labvolt5250a0_description:/home/salem/ws_moveit2/install/pilz_industrial_motion_planner_testutils:/home/salem/ws_moveit2/install/panda_moveit_config:/home/salem/ws_moveit2/install/moveit_runtime:/home/salem/ws_moveit2/install/moveit2_tutorials:/home/salem/ws_moveit2/install/moveit:/home/salem/ws_moveit2/install/moveit_planners:/home/salem/ws_moveit2/install/pilz_industrial_motion_planner:/home/salem/ws_moveit2/install/moveit_visual_tools:/home/salem/ws_moveit2/install/moveit_task_constructor_visualization:/home/salem/ws_moveit2/install/moveit_task_constructor_demo:/home/salem/ws_moveit2/install/moveit_task_constructor_capabilities:/home/salem/ws_moveit2/install/moveit_task_constructor_core:/home/salem/ws_moveit2/install/moveit_ros_control_interface:/home/salem/ws_moveit2/install/moveit_plugins:/home/salem/ws_moveit2/install/moveit_simple_controller_manager:/home/salem/ws_moveit2/install/moveit_setup_assistant:/home/salem/ws_moveit2/install/moveit_setup_srdf_plugins:/home/salem/ws_moveit2/install/moveit_setup_core_plugins:/home/salem/ws_moveit2/install/moveit_setup_controllers:/home/salem/ws_moveit2/install/moveit_setup_app_plugins:/home/salem/ws_moveit2/install/moveit_setup_framework:/home/salem/ws_moveit2/install/moveit_servo:/home/salem/ws_moveit2/install/moveit_ros:/home/salem/ws_moveit2/install/moveit_ros_visualization:/home/salem/ws_moveit2/install/moveit_hybrid_planning:/home/salem/ws_moveit2/install/moveit_ros_planning_interface:/home/salem/ws_moveit2/install/moveit_ros_benchmarks:/home/salem/ws_moveit2/install/moveit_ros_warehouse:/home/salem/ws_moveit2/install/moveit_ros_robot_interaction:/home/salem/ws_moveit2/install/moveit_ros_perception:/home/salem/ws_moveit2/install/moveit_resources_prbt_pg70_support:/home/salem/ws_moveit2/install/moveit_resources_prbt_moveit_config:/home/salem/ws_moveit2/install/moveit_ros_move_group:/home/salem/ws_moveit2/install/moveit_planners_ompl:/home/salem/ws_moveit2/install/moveit_ros_planning:/home/salem/ws_moveit2/install/moveit_ros_occupancy_map_monitor:/home/salem/ws_moveit2/install/moveit_resources_prbt_ikfast_manipulator_plugin:/home/salem/ws_moveit2/install/moveit_planners_chomp:/home/salem/ws_moveit2/install/moveit_kinematics:/home/salem/ws_moveit2/install/moveit_chomp_optimizer_adapter:/home/salem/ws_moveit2/install/chomp_motion_planner:/home/salem/ws_moveit2/install/moveit_core:/home/salem/ws_moveit2/install/srdfdom:/home/salem/ws_moveit2/install/rviz_marker_tools:/home/salem/ws_moveit2/install/rosparam_shortcuts:/home/salem/ws_moveit2/install/moveit_task_constructor_msgs:/home/salem/ws_moveit2/install/moveit_resources_prbt_support:/home/salem/ws_moveit2/install/moveit_resources:/home/salem/ws_moveit2/install/moveit_resources_pr2_description:/home/salem/ws_moveit2/install/moveit_resources_panda_moveit_config:/home/salem/ws_moveit2/install/moveit_resources_panda_description:/home/salem/ws_moveit2/install/moveit_resources_fanuc_moveit_config:/home/salem/ws_moveit2/install/moveit_resources_fanuc_description:/home/salem/ws_moveit2/install/moveit_common:/home/salem/microros_ws/install/micro_ros_setup:/home/salem/ros2_ws/install/my_robot_controller:/home/salem/ws_moveit2/install/moveit_configs_utils:/home/salem/ws_moveit2/install/launch_param_builder:/opt/ros/humble LD_LIBRARY_PATH=/home/salem/graduation_project_ws/install/moveit_ros_occupancy_map_monitor/lib:/home/salem/graduation_project_ws/install/moveit_core/lib:/home/salem/graduation_project_ws/install/srdfdom/lib:${LD_LIBRARY_PATH} PATH=/home/salem/graduation_project_ws/install/moveit_core/bin:${PATH} PYTHONPATH=/home/salem/graduation_project_ws/install/moveit_configs_utils/lib/python3.10/site-packages:/home/salem/graduation_project_ws/install/srdfdom/local/lib/python3.10/dist-packages:/home/salem/graduation_project_ws/install/launch_param_builder/lib/python3.10/site-packages:${PYTHONPATH} /usr/bin/cmake --install /home/salem/graduation_project_ws/build/moveit_ros_planning
