[0.012s] Invoking command in '/home/salem/graduation_project_ws/build/two_wheeled_robot': CMAKE_PREFIX_PATH=${CMAKE_PREFIX_PATH}:/home/salem/ros2_ws/install/my_robot_controller:/home/salem/ws_moveit2/install/moveit_configs_utils:/home/salem/ws_moveit2/install/launch_param_builder:/opt/ros/humble /usr/bin/cmake /home/salem/graduation_project_ws/src/two_wheeled_robot -DCMAKE_BUILD_TYPE=Release -DCMAKE_INSTALL_PREFIX=/home/salem/graduation_project_ws/install/two_wheeled_robot
[0.027s] -- Found ament_cmake: 1.3.11 (/opt/ros/humble/share/ament_cmake/cmake)
[0.132s] -- Found ament_lint_auto: 0.12.12 (/opt/ros/humble/share/ament_lint_auto/cmake)
[0.189s] -- Added test 'flake8' to check Python code syntax and style conventions
[0.190s] -- Added test 'lint_cmake' to check CMake code style
[0.190s] -- Added test 'pep257' to check Python code against some of the docstring style conventions in PEP 257
[0.193s] -- Added test 'xmllint' to check XML markup files
[0.193s] -- Configuring done
[0.197s] -- Generating done
[0.198s] -- Build files have been written to: /home/salem/graduation_project_ws/build/two_wheeled_robot
[0.201s] Invoked command in '/home/salem/graduation_project_ws/build/two_wheeled_robot' returned '0': CMAKE_PREFIX_PATH=${CMAKE_PREFIX_PATH}:/home/salem/ros2_ws/install/my_robot_controller:/home/salem/ws_moveit2/install/moveit_configs_utils:/home/salem/ws_moveit2/install/launch_param_builder:/opt/ros/humble /usr/bin/cmake /home/salem/graduation_project_ws/src/two_wheeled_robot -DCMAKE_BUILD_TYPE=Release -DCMAKE_INSTALL_PREFIX=/home/salem/graduation_project_ws/install/two_wheeled_robot
[0.202s] Invoking command in '/home/salem/graduation_project_ws/build/two_wheeled_robot': CMAKE_PREFIX_PATH=${CMAKE_PREFIX_PATH}:/home/salem/ros2_ws/install/my_robot_controller:/home/salem/ws_moveit2/install/moveit_configs_utils:/home/salem/ws_moveit2/install/launch_param_builder:/opt/ros/humble /usr/bin/cmake --build /home/salem/graduation_project_ws/build/two_wheeled_robot -- -j16 -l16
[0.251s] Invoked command in '/home/salem/graduation_project_ws/build/two_wheeled_robot' returned '0': CMAKE_PREFIX_PATH=${CMAKE_PREFIX_PATH}:/home/salem/ros2_ws/install/my_robot_controller:/home/salem/ws_moveit2/install/moveit_configs_utils:/home/salem/ws_moveit2/install/launch_param_builder:/opt/ros/humble /usr/bin/cmake --build /home/salem/graduation_project_ws/build/two_wheeled_robot -- -j16 -l16
[0.253s] Invoking command in '/home/salem/graduation_project_ws/build/two_wheeled_robot': CMAKE_PREFIX_PATH=${CMAKE_PREFIX_PATH}:/home/salem/ros2_ws/install/my_robot_controller:/home/salem/ws_moveit2/install/moveit_configs_utils:/home/salem/ws_moveit2/install/launch_param_builder:/opt/ros/humble /usr/bin/cmake --install /home/salem/graduation_project_ws/build/two_wheeled_robot
[0.262s] -- Install configuration: "Release"
[0.262s] -- Up-to-date: /home/salem/graduation_project_ws/install/two_wheeled_robot/share/two_wheeled_robot/config
[0.262s] -- Up-to-date: /home/salem/graduation_project_ws/install/two_wheeled_robot/share/two_wheeled_robot/launch
[0.262s] -- Up-to-date: /home/salem/graduation_project_ws/install/two_wheeled_robot/share/two_wheeled_robot/launch/two_wheeled_robot.launch.py
[0.262s] -- Up-to-date: /home/salem/graduation_project_ws/install/two_wheeled_robot/share/two_wheeled_robot/maps
[0.262s] -- Up-to-date: /home/salem/graduation_project_ws/install/two_wheeled_robot/share/two_wheeled_robot/meshes
[0.262s] -- Up-to-date: /home/salem/graduation_project_ws/install/two_wheeled_robot/share/two_wheeled_robot/meshes/part_5.stl
[0.262s] -- Up-to-date: /home/salem/graduation_project_ws/install/two_wheeled_robot/share/two_wheeled_robot/meshes/part_7.stl
[0.263s] -- Up-to-date: /home/salem/graduation_project_ws/install/two_wheeled_robot/share/two_wheeled_robot/meshes/part_6.part
[0.263s] -- Up-to-date: /home/salem/graduation_project_ws/install/two_wheeled_robot/share/two_wheeled_robot/meshes/part_2.part
[0.263s] -- Up-to-date: /home/salem/graduation_project_ws/install/two_wheeled_robot/share/two_wheeled_robot/meshes/part_2.stl
[0.263s] -- Up-to-date: /home/salem/graduation_project_ws/install/two_wheeled_robot/share/two_wheeled_robot/meshes/part_3.stl
[0.263s] -- Up-to-date: /home/salem/graduation_project_ws/install/two_wheeled_robot/share/two_wheeled_robot/meshes/part_5.part
[0.263s] -- Up-to-date: /home/salem/graduation_project_ws/install/two_wheeled_robot/share/two_wheeled_robot/meshes/part_3.part
[0.263s] -- Up-to-date: /home/salem/graduation_project_ws/install/two_wheeled_robot/share/two_wheeled_robot/meshes/part_4.part
[0.263s] -- Up-to-date: /home/salem/graduation_project_ws/install/two_wheeled_robot/share/two_wheeled_robot/meshes/part_4.stl
[0.263s] -- Up-to-date: /home/salem/graduation_project_ws/install/two_wheeled_robot/share/two_wheeled_robot/meshes/part_7.part
[0.263s] -- Up-to-date: /home/salem/graduation_project_ws/install/two_wheeled_robot/share/two_wheeled_robot/meshes/part_6.stl
[0.263s] -- Up-to-date: /home/salem/graduation_project_ws/install/two_wheeled_robot/share/two_wheeled_robot/models
[0.263s] -- Up-to-date: /home/salem/graduation_project_ws/install/two_wheeled_robot/share/two_wheeled_robot/params
[0.263s] -- Up-to-date: /home/salem/graduation_project_ws/install/two_wheeled_robot/share/two_wheeled_robot/rviz
[0.263s] -- Up-to-date: /home/salem/graduation_project_ws/install/two_wheeled_robot/share/two_wheeled_robot/rviz/rviz_basic_settings.rviz
[0.263s] -- Up-to-date: /home/salem/graduation_project_ws/install/two_wheeled_robot/share/two_wheeled_robot/src
[0.263s] -- Up-to-date: /home/salem/graduation_project_ws/install/two_wheeled_robot/share/two_wheeled_robot/urdf
[0.263s] -- Up-to-date: /home/salem/graduation_project_ws/install/two_wheeled_robot/share/two_wheeled_robot/urdf/two_wheeled_robot.urdf
[0.263s] -- Up-to-date: /home/salem/graduation_project_ws/install/two_wheeled_robot/share/two_wheeled_robot/worlds
[0.263s] -- Up-to-date: /home/salem/graduation_project_ws/install/two_wheeled_robot/share/ament_index/resource_index/package_run_dependencies/two_wheeled_robot
[0.264s] -- Up-to-date: /home/salem/graduation_project_ws/install/two_wheeled_robot/share/ament_index/resource_index/parent_prefix_path/two_wheeled_robot
[0.264s] -- Up-to-date: /home/salem/graduation_project_ws/install/two_wheeled_robot/share/two_wheeled_robot/environment/ament_prefix_path.sh
[0.264s] -- Installing: /home/salem/graduation_project_ws/install/two_wheeled_robot/share/two_wheeled_robot/environment/ament_prefix_path.dsv
[0.264s] -- Up-to-date: /home/salem/graduation_project_ws/install/two_wheeled_robot/share/two_wheeled_robot/environment/path.sh
[0.264s] -- Installing: /home/salem/graduation_project_ws/install/two_wheeled_robot/share/two_wheeled_robot/environment/path.dsv
[0.264s] -- Up-to-date: /home/salem/graduation_project_ws/install/two_wheeled_robot/share/two_wheeled_robot/local_setup.bash
[0.264s] -- Up-to-date: /home/salem/graduation_project_ws/install/two_wheeled_robot/share/two_wheeled_robot/local_setup.sh
[0.264s] -- Up-to-date: /home/salem/graduation_project_ws/install/two_wheeled_robot/share/two_wheeled_robot/local_setup.zsh
[0.264s] -- Installing: /home/salem/graduation_project_ws/install/two_wheeled_robot/share/two_wheeled_robot/local_setup.dsv
[0.264s] -- Installing: /home/salem/graduation_project_ws/install/two_wheeled_robot/share/two_wheeled_robot/package.dsv
[0.264s] -- Up-to-date: /home/salem/graduation_project_ws/install/two_wheeled_robot/share/ament_index/resource_index/packages/two_wheeled_robot
[0.264s] -- Up-to-date: /home/salem/graduation_project_ws/install/two_wheeled_robot/share/two_wheeled_robot/cmake/two_wheeled_robotConfig.cmake
[0.264s] -- Up-to-date: /home/salem/graduation_project_ws/install/two_wheeled_robot/share/two_wheeled_robot/cmake/two_wheeled_robotConfig-version.cmake
[0.264s] -- Up-to-date: /home/salem/graduation_project_ws/install/two_wheeled_robot/share/two_wheeled_robot/package.xml
[0.266s] Invoked command in '/home/salem/graduation_project_ws/build/two_wheeled_robot' returned '0': CMAKE_PREFIX_PATH=${CMAKE_PREFIX_PATH}:/home/salem/ros2_ws/install/my_robot_controller:/home/salem/ws_moveit2/install/moveit_configs_utils:/home/salem/ws_moveit2/install/launch_param_builder:/opt/ros/humble /usr/bin/cmake --install /home/salem/graduation_project_ws/build/two_wheeled_robot
