[0.613s] Invoking command in '/home/salem/graduation_project_ws/src/launch_param_builder': PYTHONPATH=/home/salem/graduation_project_ws/build/launch_param_builder/prefix_override:/usr/lib/python3/dist-packages/colcon_core/task/python/colcon_distutils_commands:/home/salem/graduation_project_ws/install/launch_param_builder/lib/python3.10/site-packages:${PYTHONPATH} /usr/bin/python3 -W ignore:setup.py install is deprecated -W ignore:easy_install command is deprecated setup.py egg_info --egg-base ../../build/launch_param_builder build --build-base /home/salem/graduation_project_ws/build/launch_param_builder/build install --record /home/salem/graduation_project_ws/build/launch_param_builder/install.log --single-version-externally-managed install_data
[0.804s] running egg_info
[0.852s] writing ../../build/launch_param_builder/launch_param_builder.egg-info/PKG-INFO
[0.852s] writing dependency_links to ../../build/launch_param_builder/launch_param_builder.egg-info/dependency_links.txt
[0.852s] writing entry points to ../../build/launch_param_builder/launch_param_builder.egg-info/entry_points.txt
[0.853s] writing requirements to ../../build/launch_param_builder/launch_param_builder.egg-info/requires.txt
[0.853s] writing top-level names to ../../build/launch_param_builder/launch_param_builder.egg-info/top_level.txt
[0.855s] reading manifest file '../../build/launch_param_builder/launch_param_builder.egg-info/SOURCES.txt'
[0.856s] adding license file 'LICENSE'
[0.856s] writing manifest file '../../build/launch_param_builder/launch_param_builder.egg-info/SOURCES.txt'
[0.857s] running build
[0.857s] running build_py
[0.857s] running install
[0.858s] running install_lib
[0.859s] running install_data
[0.860s] running install_egg_info
[0.862s] removing '/home/salem/graduation_project_ws/install/launch_param_builder/lib/python3.10/site-packages/launch_param_builder-0.1.1-py3.10.egg-info' (and everything under it)
[0.863s] Copying ../../build/launch_param_builder/launch_param_builder.egg-info to /home/salem/graduation_project_ws/install/launch_param_builder/lib/python3.10/site-packages/launch_param_builder-0.1.1-py3.10.egg-info
[0.864s] running install_scripts
[0.879s] writing list of installed files to '/home/salem/graduation_project_ws/build/launch_param_builder/install.log'
[0.895s] Invoked command in '/home/salem/graduation_project_ws/src/launch_param_builder' returned '0': PYTHONPATH=/home/salem/graduation_project_ws/build/launch_param_builder/prefix_override:/usr/lib/python3/dist-packages/colcon_core/task/python/colcon_distutils_commands:/home/salem/graduation_project_ws/install/launch_param_builder/lib/python3.10/site-packages:${PYTHONPATH} /usr/bin/python3 -W ignore:setup.py install is deprecated -W ignore:easy_install command is deprecated setup.py egg_info --egg-base ../../build/launch_param_builder build --build-base /home/salem/graduation_project_ws/build/launch_param_builder/build install --record /home/salem/graduation_project_ws/build/launch_param_builder/install.log --single-version-externally-managed install_data
