[0.174s] DEBUG:colcon:Command line arguments: ['/usr/bin/colcon', 'build', '--cmake-args', '-DCMAKE_VERBOSE_MAKEFILE=ON', '-DTRANSPORTS_SETTINGS_INI=settings.ini', '--no-warn-unused-cli']
[0.174s] DEBUG:colcon:Parsed command line arguments: Namespace(log_base=None, log_level=None, verb_name='build', build_base='build', install_base='install', merge_install=False, symlink_install=False, test_result_base=None, continue_on_error=False, executor='parallel', parallel_workers=16, event_handlers=None, ignore_user_meta=False, metas=['./colcon.meta'], base_paths=['.'], packages_ignore=None, packages_ignore_regex=None, paths=None, packages_up_to=None, packages_up_to_regex=None, packages_above=None, packages_above_and_dependencies=None, packages_above_depth=None, packages_select_by_dep=None, packages_skip_by_dep=None, packages_skip_up_to=None, packages_select_build_failed=False, packages_skip_build_finished=False, packages_select_test_failures=False, packages_skip_test_passed=False, packages_select=None, packages_skip=None, packages_select_regex=None, packages_skip_regex=None, packages_start=None, packages_end=None, allow_overriding=[], cmake_args=['-DCMAKE_VERBOSE_MAKEFILE=ON', '-DTRANSPORTS_SETTINGS_INI=settings.ini', '--no-warn-unused-cli'], cmake_target=None, cmake_target_skip_unavailable=False, cmake_clean_cache=False, cmake_clean_first=False, cmake_force_configure=False, ament_cmake_args=None, catkin_cmake_args=None, catkin_skip_building_tests=False, mixin_files=None, mixin=None, verb_parser=<colcon_mixin.mixin.mixin_argument.MixinArgumentDecorator object at 0x755b1dc8c790>, verb_extension=<colcon_core.verb.build.BuildVerb object at 0x755b1dc67cd0>, main=<bound method BuildVerb.main of <colcon_core.verb.build.BuildVerb object at 0x755b1dc67cd0>>, mixin_verb=('build',))
[0.405s] Level 1:colcon.colcon_core.package_discovery:discover_packages(colcon_meta) check parameters
[0.406s] Level 1:colcon.colcon_core.package_discovery:discover_packages(recursive) check parameters
[0.406s] Level 1:colcon.colcon_core.package_discovery:discover_packages(ignore) check parameters
[0.406s] Level 1:colcon.colcon_core.package_discovery:discover_packages(path) check parameters
[0.406s] Level 1:colcon.colcon_core.package_discovery:discover_packages(colcon_meta) discover
[0.406s] Level 1:colcon.colcon_core.package_discovery:discover_packages(recursive) discover
[0.406s] INFO:colcon.colcon_core.package_discovery:Crawling recursively for packages in '/home/salem/microros_ws'
[0.406s] Level 1:colcon.colcon_core.package_identification:_identify(.) by extensions ['ignore', 'ignore_ament_install']
[0.406s] Level 1:colcon.colcon_core.package_identification:_identify(.) by extension 'ignore'
[0.406s] Level 1:colcon.colcon_core.package_identification:_identify(.) by extension 'ignore_ament_install'
[0.406s] Level 1:colcon.colcon_core.package_identification:_identify(.) by extensions ['colcon_pkg']
[0.406s] Level 1:colcon.colcon_core.package_identification:_identify(.) by extension 'colcon_pkg'
[0.407s] Level 1:colcon.colcon_core.package_identification:_identify(.) by extensions ['colcon_meta']
[0.407s] Level 1:colcon.colcon_core.package_identification:_identify(.) by extension 'colcon_meta'
[0.407s] Level 1:colcon.colcon_core.package_identification:_identify(.) by extensions ['ros']
[0.407s] Level 1:colcon.colcon_core.package_identification:_identify(.) by extension 'ros'
[0.419s] Level 1:colcon.colcon_core.package_identification:_identify(.) by extensions ['cmake', 'python']
[0.419s] Level 1:colcon.colcon_core.package_identification:_identify(.) by extension 'cmake'
[0.419s] Level 1:colcon.colcon_core.package_identification:_identify(.) by extension 'python'
[0.419s] Level 1:colcon.colcon_core.package_identification:_identify(.) by extensions ['python_setup_py']
[0.419s] Level 1:colcon.colcon_core.package_identification:_identify(.) by extension 'python_setup_py'
[0.419s] Level 1:colcon.colcon_core.package_identification:_identify(build) by extensions ['ignore', 'ignore_ament_install']
[0.419s] Level 1:colcon.colcon_core.package_identification:_identify(build) by extension 'ignore'
[0.420s] Level 1:colcon.colcon_core.package_identification:_identify(build) ignored
[0.420s] Level 1:colcon.colcon_core.package_identification:_identify(install) by extensions ['ignore', 'ignore_ament_install']
[0.420s] Level 1:colcon.colcon_core.package_identification:_identify(install) by extension 'ignore'
[0.420s] Level 1:colcon.colcon_core.package_identification:_identify(install) ignored
[0.420s] Level 1:colcon.colcon_core.package_identification:_identify(log) by extensions ['ignore', 'ignore_ament_install']
[0.420s] Level 1:colcon.colcon_core.package_identification:_identify(log) by extension 'ignore'
[0.420s] Level 1:colcon.colcon_core.package_identification:_identify(log) ignored
[0.420s] Level 1:colcon.colcon_core.package_identification:_identify(src) by extensions ['ignore', 'ignore_ament_install']
[0.420s] Level 1:colcon.colcon_core.package_identification:_identify(src) by extension 'ignore'
[0.420s] Level 1:colcon.colcon_core.package_identification:_identify(src) by extension 'ignore_ament_install'
[0.420s] Level 1:colcon.colcon_core.package_identification:_identify(src) by extensions ['colcon_pkg']
[0.420s] Level 1:colcon.colcon_core.package_identification:_identify(src) by extension 'colcon_pkg'
[0.420s] Level 1:colcon.colcon_core.package_identification:_identify(src) by extensions ['colcon_meta']
[0.420s] Level 1:colcon.colcon_core.package_identification:_identify(src) by extension 'colcon_meta'
[0.421s] Level 1:colcon.colcon_core.package_identification:_identify(src) by extensions ['ros']
[0.421s] Level 1:colcon.colcon_core.package_identification:_identify(src) by extension 'ros'
[0.421s] Level 1:colcon.colcon_core.package_identification:_identify(src) by extensions ['cmake', 'python']
[0.421s] Level 1:colcon.colcon_core.package_identification:_identify(src) by extension 'cmake'
[0.421s] Level 1:colcon.colcon_core.package_identification:_identify(src) by extension 'python'
[0.421s] Level 1:colcon.colcon_core.package_identification:_identify(src) by extensions ['python_setup_py']
[0.421s] Level 1:colcon.colcon_core.package_identification:_identify(src) by extension 'python_setup_py'
[0.421s] Level 1:colcon.colcon_core.package_identification:_identify(src/micro_ros_setup) by extensions ['ignore', 'ignore_ament_install']
[0.421s] Level 1:colcon.colcon_core.package_identification:_identify(src/micro_ros_setup) by extension 'ignore'
[0.421s] Level 1:colcon.colcon_core.package_identification:_identify(src/micro_ros_setup) by extension 'ignore_ament_install'
[0.421s] Level 1:colcon.colcon_core.package_identification:_identify(src/micro_ros_setup) by extensions ['colcon_pkg']
[0.421s] Level 1:colcon.colcon_core.package_identification:_identify(src/micro_ros_setup) by extension 'colcon_pkg'
[0.421s] Level 1:colcon.colcon_core.package_identification:_identify(src/micro_ros_setup) by extensions ['colcon_meta']
[0.422s] Level 1:colcon.colcon_core.package_identification:_identify(src/micro_ros_setup) by extension 'colcon_meta'
[0.422s] Level 1:colcon.colcon_core.package_identification:_identify(src/micro_ros_setup) by extensions ['ros']
[0.422s] Level 1:colcon.colcon_core.package_identification:_identify(src/micro_ros_setup) by extension 'ros'
[0.426s] DEBUG:colcon.colcon_core.package_identification:Package 'src/micro_ros_setup' with type 'ros.ament_cmake' and name 'micro_ros_setup'
[0.426s] Level 1:colcon.colcon_core.package_identification:_identify(src/uros) by extensions ['ignore', 'ignore_ament_install']
[0.426s] Level 1:colcon.colcon_core.package_identification:_identify(src/uros) by extension 'ignore'
[0.427s] Level 1:colcon.colcon_core.package_identification:_identify(src/uros) by extension 'ignore_ament_install'
[0.427s] Level 1:colcon.colcon_core.package_identification:_identify(src/uros) by extensions ['colcon_pkg']
[0.427s] Level 1:colcon.colcon_core.package_identification:_identify(src/uros) by extension 'colcon_pkg'
[0.427s] Level 1:colcon.colcon_core.package_identification:_identify(src/uros) by extensions ['colcon_meta']
[0.427s] Level 1:colcon.colcon_core.package_identification:_identify(src/uros) by extension 'colcon_meta'
[0.427s] Level 1:colcon.colcon_core.package_identification:_identify(src/uros) by extensions ['ros']
[0.427s] Level 1:colcon.colcon_core.package_identification:_identify(src/uros) by extension 'ros'
[0.427s] Level 1:colcon.colcon_core.package_identification:_identify(src/uros) by extensions ['cmake', 'python']
[0.427s] Level 1:colcon.colcon_core.package_identification:_identify(src/uros) by extension 'cmake'
[0.427s] Level 1:colcon.colcon_core.package_identification:_identify(src/uros) by extension 'python'
[0.427s] Level 1:colcon.colcon_core.package_identification:_identify(src/uros) by extensions ['python_setup_py']
[0.427s] Level 1:colcon.colcon_core.package_identification:_identify(src/uros) by extension 'python_setup_py'
[0.427s] Level 1:colcon.colcon_core.package_identification:_identify(src/uros/micro-ROS-Agent) by extensions ['ignore', 'ignore_ament_install']
[0.428s] Level 1:colcon.colcon_core.package_identification:_identify(src/uros/micro-ROS-Agent) by extension 'ignore'
[0.428s] Level 1:colcon.colcon_core.package_identification:_identify(src/uros/micro-ROS-Agent) by extension 'ignore_ament_install'
[0.428s] Level 1:colcon.colcon_core.package_identification:_identify(src/uros/micro-ROS-Agent) by extensions ['colcon_pkg']
[0.428s] Level 1:colcon.colcon_core.package_identification:_identify(src/uros/micro-ROS-Agent) by extension 'colcon_pkg'
[0.428s] Level 1:colcon.colcon_core.package_identification:_identify(src/uros/micro-ROS-Agent) by extensions ['colcon_meta']
[0.428s] Level 1:colcon.colcon_core.package_identification:_identify(src/uros/micro-ROS-Agent) by extension 'colcon_meta'
[0.428s] Level 1:colcon.colcon_core.package_identification:_identify(src/uros/micro-ROS-Agent) by extensions ['ros']
[0.428s] Level 1:colcon.colcon_core.package_identification:_identify(src/uros/micro-ROS-Agent) by extension 'ros'
[0.428s] Level 1:colcon.colcon_core.package_identification:_identify(src/uros/micro-ROS-Agent) by extensions ['cmake', 'python']
[0.428s] Level 1:colcon.colcon_core.package_identification:_identify(src/uros/micro-ROS-Agent) by extension 'cmake'
[0.428s] Level 1:colcon.colcon_core.package_identification:_identify(src/uros/micro-ROS-Agent) by extension 'python'
[0.428s] Level 1:colcon.colcon_core.package_identification:_identify(src/uros/micro-ROS-Agent) by extensions ['python_setup_py']
[0.428s] Level 1:colcon.colcon_core.package_identification:_identify(src/uros/micro-ROS-Agent) by extension 'python_setup_py'
[0.429s] Level 1:colcon.colcon_core.package_identification:_identify(src/uros/micro-ROS-Agent/micro_ros_agent) by extensions ['ignore', 'ignore_ament_install']
[0.429s] Level 1:colcon.colcon_core.package_identification:_identify(src/uros/micro-ROS-Agent/micro_ros_agent) by extension 'ignore'
[0.429s] Level 1:colcon.colcon_core.package_identification:_identify(src/uros/micro-ROS-Agent/micro_ros_agent) by extension 'ignore_ament_install'
[0.429s] Level 1:colcon.colcon_core.package_identification:_identify(src/uros/micro-ROS-Agent/micro_ros_agent) by extensions ['colcon_pkg']
[0.429s] Level 1:colcon.colcon_core.package_identification:_identify(src/uros/micro-ROS-Agent/micro_ros_agent) by extension 'colcon_pkg'
[0.429s] Level 1:colcon.colcon_core.package_identification:_identify(src/uros/micro-ROS-Agent/micro_ros_agent) by extensions ['colcon_meta']
[0.429s] Level 1:colcon.colcon_core.package_identification:_identify(src/uros/micro-ROS-Agent/micro_ros_agent) by extension 'colcon_meta'
[0.429s] Level 1:colcon.colcon_core.package_identification:_identify(src/uros/micro-ROS-Agent/micro_ros_agent) by extensions ['ros']
[0.429s] Level 1:colcon.colcon_core.package_identification:_identify(src/uros/micro-ROS-Agent/micro_ros_agent) by extension 'ros'
[0.430s] DEBUG:colcon.colcon_core.package_identification:Package 'src/uros/micro-ROS-Agent/micro_ros_agent' with type 'ros.ament_cmake' and name 'micro_ros_agent'
[0.431s] Level 1:colcon.colcon_core.package_identification:_identify(src/uros/micro-ROS-Agent/snap) by extensions ['ignore', 'ignore_ament_install']
[0.431s] Level 1:colcon.colcon_core.package_identification:_identify(src/uros/micro-ROS-Agent/snap) by extension 'ignore'
[0.431s] Level 1:colcon.colcon_core.package_identification:_identify(src/uros/micro-ROS-Agent/snap) by extension 'ignore_ament_install'
[0.431s] Level 1:colcon.colcon_core.package_identification:_identify(src/uros/micro-ROS-Agent/snap) by extensions ['colcon_pkg']
[0.431s] Level 1:colcon.colcon_core.package_identification:_identify(src/uros/micro-ROS-Agent/snap) by extension 'colcon_pkg'
[0.431s] Level 1:colcon.colcon_core.package_identification:_identify(src/uros/micro-ROS-Agent/snap) by extensions ['colcon_meta']
[0.431s] Level 1:colcon.colcon_core.package_identification:_identify(src/uros/micro-ROS-Agent/snap) by extension 'colcon_meta'
[0.431s] Level 1:colcon.colcon_core.package_identification:_identify(src/uros/micro-ROS-Agent/snap) by extensions ['ros']
[0.431s] Level 1:colcon.colcon_core.package_identification:_identify(src/uros/micro-ROS-Agent/snap) by extension 'ros'
[0.431s] Level 1:colcon.colcon_core.package_identification:_identify(src/uros/micro-ROS-Agent/snap) by extensions ['cmake', 'python']
[0.431s] Level 1:colcon.colcon_core.package_identification:_identify(src/uros/micro-ROS-Agent/snap) by extension 'cmake'
[0.431s] Level 1:colcon.colcon_core.package_identification:_identify(src/uros/micro-ROS-Agent/snap) by extension 'python'
[0.432s] Level 1:colcon.colcon_core.package_identification:_identify(src/uros/micro-ROS-Agent/snap) by extensions ['python_setup_py']
[0.432s] Level 1:colcon.colcon_core.package_identification:_identify(src/uros/micro-ROS-Agent/snap) by extension 'python_setup_py'
[0.432s] Level 1:colcon.colcon_core.package_identification:_identify(src/uros/micro-ROS-Agent/snap/hooks) by extensions ['ignore', 'ignore_ament_install']
[0.432s] Level 1:colcon.colcon_core.package_identification:_identify(src/uros/micro-ROS-Agent/snap/hooks) by extension 'ignore'
[0.432s] Level 1:colcon.colcon_core.package_identification:_identify(src/uros/micro-ROS-Agent/snap/hooks) by extension 'ignore_ament_install'
[0.432s] Level 1:colcon.colcon_core.package_identification:_identify(src/uros/micro-ROS-Agent/snap/hooks) by extensions ['colcon_pkg']
[0.432s] Level 1:colcon.colcon_core.package_identification:_identify(src/uros/micro-ROS-Agent/snap/hooks) by extension 'colcon_pkg'
[0.432s] Level 1:colcon.colcon_core.package_identification:_identify(src/uros/micro-ROS-Agent/snap/hooks) by extensions ['colcon_meta']
[0.432s] Level 1:colcon.colcon_core.package_identification:_identify(src/uros/micro-ROS-Agent/snap/hooks) by extension 'colcon_meta'
[0.432s] Level 1:colcon.colcon_core.package_identification:_identify(src/uros/micro-ROS-Agent/snap/hooks) by extensions ['ros']
[0.432s] Level 1:colcon.colcon_core.package_identification:_identify(src/uros/micro-ROS-Agent/snap/hooks) by extension 'ros'
[0.432s] Level 1:colcon.colcon_core.package_identification:_identify(src/uros/micro-ROS-Agent/snap/hooks) by extensions ['cmake', 'python']
[0.432s] Level 1:colcon.colcon_core.package_identification:_identify(src/uros/micro-ROS-Agent/snap/hooks) by extension 'cmake'
[0.432s] Level 1:colcon.colcon_core.package_identification:_identify(src/uros/micro-ROS-Agent/snap/hooks) by extension 'python'
[0.432s] Level 1:colcon.colcon_core.package_identification:_identify(src/uros/micro-ROS-Agent/snap/hooks) by extensions ['python_setup_py']
[0.433s] Level 1:colcon.colcon_core.package_identification:_identify(src/uros/micro-ROS-Agent/snap/hooks) by extension 'python_setup_py'
[0.433s] Level 1:colcon.colcon_core.package_identification:_identify(src/uros/micro-ROS-Agent/snap/local) by extensions ['ignore', 'ignore_ament_install']
[0.433s] Level 1:colcon.colcon_core.package_identification:_identify(src/uros/micro-ROS-Agent/snap/local) by extension 'ignore'
[0.433s] Level 1:colcon.colcon_core.package_identification:_identify(src/uros/micro-ROS-Agent/snap/local) by extension 'ignore_ament_install'
[0.433s] Level 1:colcon.colcon_core.package_identification:_identify(src/uros/micro-ROS-Agent/snap/local) by extensions ['colcon_pkg']
[0.433s] Level 1:colcon.colcon_core.package_identification:_identify(src/uros/micro-ROS-Agent/snap/local) by extension 'colcon_pkg'
[0.433s] Level 1:colcon.colcon_core.package_identification:_identify(src/uros/micro-ROS-Agent/snap/local) by extensions ['colcon_meta']
[0.433s] Level 1:colcon.colcon_core.package_identification:_identify(src/uros/micro-ROS-Agent/snap/local) by extension 'colcon_meta'
[0.433s] Level 1:colcon.colcon_core.package_identification:_identify(src/uros/micro-ROS-Agent/snap/local) by extensions ['ros']
[0.433s] Level 1:colcon.colcon_core.package_identification:_identify(src/uros/micro-ROS-Agent/snap/local) by extension 'ros'
[0.433s] Level 1:colcon.colcon_core.package_identification:_identify(src/uros/micro-ROS-Agent/snap/local) by extensions ['cmake', 'python']
[0.434s] Level 1:colcon.colcon_core.package_identification:_identify(src/uros/micro-ROS-Agent/snap/local) by extension 'cmake'
[0.434s] Level 1:colcon.colcon_core.package_identification:_identify(src/uros/micro-ROS-Agent/snap/local) by extension 'python'
[0.434s] Level 1:colcon.colcon_core.package_identification:_identify(src/uros/micro-ROS-Agent/snap/local) by extensions ['python_setup_py']
[0.434s] Level 1:colcon.colcon_core.package_identification:_identify(src/uros/micro-ROS-Agent/snap/local) by extension 'python_setup_py'
[0.434s] Level 1:colcon.colcon_core.package_identification:_identify(src/uros/micro_ros_msgs) by extensions ['ignore', 'ignore_ament_install']
[0.434s] Level 1:colcon.colcon_core.package_identification:_identify(src/uros/micro_ros_msgs) by extension 'ignore'
[0.434s] Level 1:colcon.colcon_core.package_identification:_identify(src/uros/micro_ros_msgs) by extension 'ignore_ament_install'
[0.434s] Level 1:colcon.colcon_core.package_identification:_identify(src/uros/micro_ros_msgs) by extensions ['colcon_pkg']
[0.434s] Level 1:colcon.colcon_core.package_identification:_identify(src/uros/micro_ros_msgs) by extension 'colcon_pkg'
[0.434s] Level 1:colcon.colcon_core.package_identification:_identify(src/uros/micro_ros_msgs) by extensions ['colcon_meta']
[0.434s] Level 1:colcon.colcon_core.package_identification:_identify(src/uros/micro_ros_msgs) by extension 'colcon_meta'
[0.434s] Level 1:colcon.colcon_core.package_identification:_identify(src/uros/micro_ros_msgs) by extensions ['ros']
[0.434s] Level 1:colcon.colcon_core.package_identification:_identify(src/uros/micro_ros_msgs) by extension 'ros'
[0.448s] DEBUG:colcon.colcon_core.package_identification:Package 'src/uros/micro_ros_msgs' with type 'ros.ament_cmake' and name 'micro_ros_msgs'
[0.448s] Level 1:colcon.colcon_core.package_discovery:discover_packages(recursive) using defaults
[0.448s] Level 1:colcon.colcon_core.package_discovery:discover_packages(ignore) discover
[0.448s] Level 1:colcon.colcon_core.package_discovery:discover_packages(ignore) using defaults
[0.448s] Level 1:colcon.colcon_core.package_discovery:discover_packages(path) discover
[0.448s] Level 1:colcon.colcon_core.package_discovery:discover_packages(path) using defaults
[0.473s] Level 1:colcon.colcon_core.package_discovery:discover_packages(prefix_path) check parameters
[0.473s] Level 1:colcon.colcon_core.package_discovery:discover_packages(prefix_path) discover
[0.478s] WARNING:colcon.colcon_ros.prefix_path.ament:The path '/home/salem/microros_ws/install/micro_ros_setup' in the environment variable AMENT_PREFIX_PATH doesn't exist
[0.478s] WARNING:colcon.colcon_ros.prefix_path.ament:The path '/home/salem/microros_ws/install/micro_ros_agent' in the environment variable AMENT_PREFIX_PATH doesn't exist
[0.478s] WARNING:colcon.colcon_ros.prefix_path.ament:The path '/home/salem/microros_ws/install/micro_ros_msgs' in the environment variable AMENT_PREFIX_PATH doesn't exist
[0.479s] WARNING:colcon.colcon_ros.prefix_path.catkin:The path '/home/salem/microros_ws/install/micro_ros_setup' in the environment variable CMAKE_PREFIX_PATH doesn't exist
[0.479s] WARNING:colcon.colcon_ros.prefix_path.catkin:The path '/home/salem/microros_ws/install/micro_ros_agent' in the environment variable CMAKE_PREFIX_PATH doesn't exist
[0.479s] WARNING:colcon.colcon_ros.prefix_path.catkin:The path '/home/salem/microros_ws/install/micro_ros_msgs' in the environment variable CMAKE_PREFIX_PATH doesn't exist
[0.480s] DEBUG:colcon.colcon_installed_package_information.package_discovery:Found 0 installed packages in /home/salem/microros_ws/install
[0.480s] DEBUG:colcon.colcon_installed_package_information.package_discovery:Found 2 installed packages in /home/salem/ros2_ws/install
[0.482s] DEBUG:colcon.colcon_installed_package_information.package_discovery:Found 56 installed packages in /home/salem/ws_moveit2/install
[0.485s] DEBUG:colcon.colcon_installed_package_information.package_discovery:Found 317 installed packages in /opt/ros/humble
[0.486s] Level 1:colcon.colcon_core.package_discovery:discover_packages(prefix_path) using defaults
[0.565s] Level 5:colcon.colcon_core.verb:set package 'micro_ros_msgs' build argument 'cmake_args' from command line to '['-DCMAKE_VERBOSE_MAKEFILE=ON', '-DTRANSPORTS_SETTINGS_INI=settings.ini', '--no-warn-unused-cli']'
[0.565s] Level 5:colcon.colcon_core.verb:set package 'micro_ros_msgs' build argument 'cmake_target' from command line to 'None'
[0.565s] Level 5:colcon.colcon_core.verb:set package 'micro_ros_msgs' build argument 'cmake_target_skip_unavailable' from command line to 'False'
[0.565s] Level 5:colcon.colcon_core.verb:set package 'micro_ros_msgs' build argument 'cmake_clean_cache' from command line to 'False'
[0.565s] Level 5:colcon.colcon_core.verb:set package 'micro_ros_msgs' build argument 'cmake_clean_first' from command line to 'False'
[0.565s] Level 5:colcon.colcon_core.verb:set package 'micro_ros_msgs' build argument 'cmake_force_configure' from command line to 'False'
[0.565s] Level 5:colcon.colcon_core.verb:set package 'micro_ros_msgs' build argument 'ament_cmake_args' from command line to 'None'
[0.565s] Level 5:colcon.colcon_core.verb:set package 'micro_ros_msgs' build argument 'catkin_cmake_args' from command line to 'None'
[0.565s] Level 5:colcon.colcon_core.verb:set package 'micro_ros_msgs' build argument 'catkin_skip_building_tests' from command line to 'False'
[0.565s] DEBUG:colcon.colcon_core.verb:Building package 'micro_ros_msgs' with the following arguments: {'ament_cmake_args': None, 'build_base': '/home/salem/microros_ws/build/micro_ros_msgs', 'catkin_cmake_args': None, 'catkin_skip_building_tests': False, 'cmake_args': ['-DCMAKE_VERBOSE_MAKEFILE=ON', '-DTRANSPORTS_SETTINGS_INI=settings.ini', '--no-warn-unused-cli'], 'cmake_clean_cache': False, 'cmake_clean_first': False, 'cmake_force_configure': False, 'cmake_target': None, 'cmake_target_skip_unavailable': False, 'install_base': '/home/salem/microros_ws/install/micro_ros_msgs', 'merge_install': False, 'path': '/home/salem/microros_ws/src/uros/micro_ros_msgs', 'symlink_install': False, 'test_result_base': None}
[0.566s] Level 5:colcon.colcon_core.verb:set package 'micro_ros_setup' build argument 'cmake_args' from command line to '['-DCMAKE_VERBOSE_MAKEFILE=ON', '-DTRANSPORTS_SETTINGS_INI=settings.ini', '--no-warn-unused-cli']'
[0.566s] Level 5:colcon.colcon_core.verb:set package 'micro_ros_setup' build argument 'cmake_target' from command line to 'None'
[0.566s] Level 5:colcon.colcon_core.verb:set package 'micro_ros_setup' build argument 'cmake_target_skip_unavailable' from command line to 'False'
[0.566s] Level 5:colcon.colcon_core.verb:set package 'micro_ros_setup' build argument 'cmake_clean_cache' from command line to 'False'
[0.566s] Level 5:colcon.colcon_core.verb:set package 'micro_ros_setup' build argument 'cmake_clean_first' from command line to 'False'
[0.566s] Level 5:colcon.colcon_core.verb:set package 'micro_ros_setup' build argument 'cmake_force_configure' from command line to 'False'
[0.566s] Level 5:colcon.colcon_core.verb:set package 'micro_ros_setup' build argument 'ament_cmake_args' from command line to 'None'
[0.566s] Level 5:colcon.colcon_core.verb:set package 'micro_ros_setup' build argument 'catkin_cmake_args' from command line to 'None'
[0.566s] Level 5:colcon.colcon_core.verb:set package 'micro_ros_setup' build argument 'catkin_skip_building_tests' from command line to 'False'
[0.566s] DEBUG:colcon.colcon_core.verb:Building package 'micro_ros_setup' with the following arguments: {'ament_cmake_args': None, 'build_base': '/home/salem/microros_ws/build/micro_ros_setup', 'catkin_cmake_args': None, 'catkin_skip_building_tests': False, 'cmake_args': ['-DCMAKE_VERBOSE_MAKEFILE=ON', '-DTRANSPORTS_SETTINGS_INI=settings.ini', '--no-warn-unused-cli'], 'cmake_clean_cache': False, 'cmake_clean_first': False, 'cmake_force_configure': False, 'cmake_target': None, 'cmake_target_skip_unavailable': False, 'install_base': '/home/salem/microros_ws/install/micro_ros_setup', 'merge_install': False, 'path': '/home/salem/microros_ws/src/micro_ros_setup', 'symlink_install': False, 'test_result_base': None}
[0.566s] Level 5:colcon.colcon_core.verb:set package 'micro_ros_agent' build argument 'cmake_args' from command line to '['-DCMAKE_VERBOSE_MAKEFILE=ON', '-DTRANSPORTS_SETTINGS_INI=settings.ini', '--no-warn-unused-cli']'
[0.567s] Level 5:colcon.colcon_core.verb:set package 'micro_ros_agent' build argument 'cmake_target' from command line to 'None'
[0.567s] Level 5:colcon.colcon_core.verb:set package 'micro_ros_agent' build argument 'cmake_target_skip_unavailable' from command line to 'False'
[0.567s] Level 5:colcon.colcon_core.verb:set package 'micro_ros_agent' build argument 'cmake_clean_cache' from command line to 'False'
[0.567s] Level 5:colcon.colcon_core.verb:set package 'micro_ros_agent' build argument 'cmake_clean_first' from command line to 'False'
[0.567s] Level 5:colcon.colcon_core.verb:set package 'micro_ros_agent' build argument 'cmake_force_configure' from command line to 'False'
[0.567s] Level 5:colcon.colcon_core.verb:set package 'micro_ros_agent' build argument 'ament_cmake_args' from command line to 'None'
[0.567s] Level 5:colcon.colcon_core.verb:set package 'micro_ros_agent' build argument 'catkin_cmake_args' from command line to 'None'
[0.567s] Level 5:colcon.colcon_core.verb:set package 'micro_ros_agent' build argument 'catkin_skip_building_tests' from command line to 'False'
[0.567s] DEBUG:colcon.colcon_core.verb:Building package 'micro_ros_agent' with the following arguments: {'ament_cmake_args': None, 'build_base': '/home/salem/microros_ws/build/micro_ros_agent', 'catkin_cmake_args': None, 'catkin_skip_building_tests': False, 'cmake_args': ['-DCMAKE_VERBOSE_MAKEFILE=ON', '-DTRANSPORTS_SETTINGS_INI=settings.ini', '--no-warn-unused-cli'], 'cmake_clean_cache': False, 'cmake_clean_first': False, 'cmake_force_configure': False, 'cmake_target': None, 'cmake_target_skip_unavailable': False, 'install_base': '/home/salem/microros_ws/install/micro_ros_agent', 'merge_install': False, 'path': '/home/salem/microros_ws/src/uros/micro-ROS-Agent/micro_ros_agent', 'symlink_install': False, 'test_result_base': None}
[0.567s] INFO:colcon.colcon_core.executor:Executing jobs using 'parallel' executor
[0.568s] DEBUG:colcon.colcon_parallel_executor.executor.parallel:run_until_complete
[0.568s] INFO:colcon.colcon_ros.task.ament_cmake.build:Building ROS package in '/home/salem/microros_ws/src/uros/micro_ros_msgs' with build type 'ament_cmake'
[0.569s] INFO:colcon.colcon_cmake.task.cmake.build:Building CMake package in '/home/salem/microros_ws/src/uros/micro_ros_msgs'
[0.573s] INFO:colcon.colcon_core.plugin_system:Skipping extension 'colcon_core.shell.bat': Not used on non-Windows systems
[0.573s] INFO:colcon.colcon_core.shell:Skip shell extension 'powershell' for command environment: Not usable outside of PowerShell
[0.573s] DEBUG:colcon.colcon_core.shell:Skip shell extension 'dsv' for command environment
[0.582s] INFO:colcon.colcon_ros.task.ament_cmake.build:Building ROS package in '/home/salem/microros_ws/src/micro_ros_setup' with build type 'ament_cmake'
[0.582s] INFO:colcon.colcon_cmake.task.cmake.build:Building CMake package in '/home/salem/microros_ws/src/micro_ros_setup'
[0.583s] INFO:colcon.colcon_core.shell:Skip shell extension 'powershell' for command environment: Not usable outside of PowerShell
[0.583s] DEBUG:colcon.colcon_core.shell:Skip shell extension 'dsv' for command environment
[0.596s] DEBUG:colcon.colcon_core.event_handler.log_command:Invoking command in '/home/salem/microros_ws/build/micro_ros_msgs': CMAKE_PREFIX_PATH=${CMAKE_PREFIX_PATH}:/home/salem/ros2_ws/install/my_robot_controller:/home/salem/ws_moveit2/install/moveit_configs_utils:/home/salem/ws_moveit2/install/launch_param_builder:/opt/ros/humble /usr/bin/cmake /home/salem/microros_ws/src/uros/micro_ros_msgs -DCMAKE_VERBOSE_MAKEFILE=ON -DTRANSPORTS_SETTINGS_INI=settings.ini --no-warn-unused-cli -DCMAKE_INSTALL_PREFIX=/home/salem/microros_ws/install/micro_ros_msgs
[0.603s] DEBUG:colcon.colcon_core.event_handler.log_command:Invoking command in '/home/salem/microros_ws/build/micro_ros_setup': CMAKE_PREFIX_PATH=${CMAKE_PREFIX_PATH}:/home/salem/ros2_ws/install/my_robot_controller:/home/salem/ws_moveit2/install/moveit_configs_utils:/home/salem/ws_moveit2/install/launch_param_builder:/opt/ros/humble /usr/bin/cmake /home/salem/microros_ws/src/micro_ros_setup -DCMAKE_VERBOSE_MAKEFILE=ON -DTRANSPORTS_SETTINGS_INI=settings.ini --no-warn-unused-cli -DCMAKE_INSTALL_PREFIX=/home/salem/microros_ws/install/micro_ros_setup
[1.967s] DEBUG:colcon.colcon_core.event_handler.log_command:Invoked command in '/home/salem/microros_ws/build/micro_ros_setup' returned '0': CMAKE_PREFIX_PATH=${CMAKE_PREFIX_PATH}:/home/salem/ros2_ws/install/my_robot_controller:/home/salem/ws_moveit2/install/moveit_configs_utils:/home/salem/ws_moveit2/install/launch_param_builder:/opt/ros/humble /usr/bin/cmake /home/salem/microros_ws/src/micro_ros_setup -DCMAKE_VERBOSE_MAKEFILE=ON -DTRANSPORTS_SETTINGS_INI=settings.ini --no-warn-unused-cli -DCMAKE_INSTALL_PREFIX=/home/salem/microros_ws/install/micro_ros_setup
[1.969s] DEBUG:colcon.colcon_core.event_handler.log_command:Invoking command in '/home/salem/microros_ws/build/micro_ros_setup': CMAKE_PREFIX_PATH=${CMAKE_PREFIX_PATH}:/home/salem/ros2_ws/install/my_robot_controller:/home/salem/ws_moveit2/install/moveit_configs_utils:/home/salem/ws_moveit2/install/launch_param_builder:/opt/ros/humble /usr/bin/cmake --build /home/salem/microros_ws/build/micro_ros_setup -- -j16 -l16
[2.064s] DEBUG:colcon.colcon_core.event_handler.log_command:Invoked command in '/home/salem/microros_ws/build/micro_ros_setup' returned '0': CMAKE_PREFIX_PATH=${CMAKE_PREFIX_PATH}:/home/salem/ros2_ws/install/my_robot_controller:/home/salem/ws_moveit2/install/moveit_configs_utils:/home/salem/ws_moveit2/install/launch_param_builder:/opt/ros/humble /usr/bin/cmake --build /home/salem/microros_ws/build/micro_ros_setup -- -j16 -l16
[2.083s] DEBUG:colcon.colcon_core.event_handler.log_command:Invoking command in '/home/salem/microros_ws/build/micro_ros_setup': CMAKE_PREFIX_PATH=${CMAKE_PREFIX_PATH}:/home/salem/ros2_ws/install/my_robot_controller:/home/salem/ws_moveit2/install/moveit_configs_utils:/home/salem/ws_moveit2/install/launch_param_builder:/opt/ros/humble /usr/bin/cmake --install /home/salem/microros_ws/build/micro_ros_setup
[2.142s] Level 1:colcon.colcon_core.environment:create_environment_scripts_only(micro_ros_setup)
[2.143s] DEBUG:colcon.colcon_core.event_handler.log_command:Invoked command in '/home/salem/microros_ws/build/micro_ros_setup' returned '0': CMAKE_PREFIX_PATH=${CMAKE_PREFIX_PATH}:/home/salem/ros2_ws/install/my_robot_controller:/home/salem/ws_moveit2/install/moveit_configs_utils:/home/salem/ws_moveit2/install/launch_param_builder:/opt/ros/humble /usr/bin/cmake --install /home/salem/microros_ws/build/micro_ros_setup
[2.148s] Level 1:colcon.colcon_core.environment:checking '/home/salem/microros_ws/install/micro_ros_setup' for CMake module files
[2.148s] Level 1:colcon.colcon_core.environment:checking '/home/salem/microros_ws/install/micro_ros_setup' for CMake config files
[2.149s] Level 1:colcon.colcon_core.shell:create_environment_hook('micro_ros_setup', 'cmake_prefix_path')
[2.150s] INFO:colcon.colcon_core.shell:Creating environment hook '/home/salem/microros_ws/install/micro_ros_setup/share/micro_ros_setup/hook/cmake_prefix_path.ps1'
[2.150s] INFO:colcon.colcon_core.shell:Creating environment descriptor '/home/salem/microros_ws/install/micro_ros_setup/share/micro_ros_setup/hook/cmake_prefix_path.dsv'
[2.151s] INFO:colcon.colcon_core.shell:Creating environment hook '/home/salem/microros_ws/install/micro_ros_setup/share/micro_ros_setup/hook/cmake_prefix_path.sh'
[2.152s] Level 1:colcon.colcon_core.environment:checking '/home/salem/microros_ws/install/micro_ros_setup/lib'
[2.152s] Level 1:colcon.colcon_core.environment:checking '/home/salem/microros_ws/install/micro_ros_setup/bin'
[2.152s] Level 1:colcon.colcon_core.environment:checking '/home/salem/microros_ws/install/micro_ros_setup/lib/pkgconfig/micro_ros_setup.pc'
[2.153s] Level 1:colcon.colcon_core.environment:checking '/home/salem/microros_ws/install/micro_ros_setup/lib/python3.10/site-packages'
[2.153s] Level 1:colcon.colcon_core.environment:checking '/home/salem/microros_ws/install/micro_ros_setup/bin'
[2.153s] INFO:colcon.colcon_core.shell:Creating package script '/home/salem/microros_ws/install/micro_ros_setup/share/micro_ros_setup/package.ps1'
[2.154s] INFO:colcon.colcon_core.shell:Creating package descriptor '/home/salem/microros_ws/install/micro_ros_setup/share/micro_ros_setup/package.dsv'
[2.155s] INFO:colcon.colcon_core.shell:Creating package script '/home/salem/microros_ws/install/micro_ros_setup/share/micro_ros_setup/package.sh'
[2.156s] INFO:colcon.colcon_core.shell:Creating package script '/home/salem/microros_ws/install/micro_ros_setup/share/micro_ros_setup/package.bash'
[2.157s] INFO:colcon.colcon_core.shell:Creating package script '/home/salem/microros_ws/install/micro_ros_setup/share/micro_ros_setup/package.zsh'
[2.158s] Level 1:colcon.colcon_core.environment:create_file_with_runtime_dependencies(/home/salem/microros_ws/install/micro_ros_setup/share/colcon-core/packages/micro_ros_setup)
[2.158s] Level 1:colcon.colcon_core.environment:create_environment_scripts_only(micro_ros_setup)
[2.159s] Level 1:colcon.colcon_core.environment:checking '/home/salem/microros_ws/install/micro_ros_setup' for CMake module files
[2.159s] Level 1:colcon.colcon_core.environment:checking '/home/salem/microros_ws/install/micro_ros_setup' for CMake config files
[2.160s] Level 1:colcon.colcon_core.shell:create_environment_hook('micro_ros_setup', 'cmake_prefix_path')
[2.160s] INFO:colcon.colcon_core.shell:Creating environment hook '/home/salem/microros_ws/install/micro_ros_setup/share/micro_ros_setup/hook/cmake_prefix_path.ps1'
[2.161s] INFO:colcon.colcon_core.shell:Creating environment descriptor '/home/salem/microros_ws/install/micro_ros_setup/share/micro_ros_setup/hook/cmake_prefix_path.dsv'
[2.161s] INFO:colcon.colcon_core.shell:Creating environment hook '/home/salem/microros_ws/install/micro_ros_setup/share/micro_ros_setup/hook/cmake_prefix_path.sh'
[2.162s] Level 1:colcon.colcon_core.environment:checking '/home/salem/microros_ws/install/micro_ros_setup/lib'
[2.162s] Level 1:colcon.colcon_core.environment:checking '/home/salem/microros_ws/install/micro_ros_setup/bin'
[2.162s] Level 1:colcon.colcon_core.environment:checking '/home/salem/microros_ws/install/micro_ros_setup/lib/pkgconfig/micro_ros_setup.pc'
[2.162s] Level 1:colcon.colcon_core.environment:checking '/home/salem/microros_ws/install/micro_ros_setup/lib/python3.10/site-packages'
[2.162s] Level 1:colcon.colcon_core.environment:checking '/home/salem/microros_ws/install/micro_ros_setup/bin'
[2.163s] INFO:colcon.colcon_core.shell:Creating package script '/home/salem/microros_ws/install/micro_ros_setup/share/micro_ros_setup/package.ps1'
[2.163s] INFO:colcon.colcon_core.shell:Creating package descriptor '/home/salem/microros_ws/install/micro_ros_setup/share/micro_ros_setup/package.dsv'
[2.164s] INFO:colcon.colcon_core.shell:Creating package script '/home/salem/microros_ws/install/micro_ros_setup/share/micro_ros_setup/package.sh'
[2.164s] INFO:colcon.colcon_core.shell:Creating package script '/home/salem/microros_ws/install/micro_ros_setup/share/micro_ros_setup/package.bash'
[2.165s] INFO:colcon.colcon_core.shell:Creating package script '/home/salem/microros_ws/install/micro_ros_setup/share/micro_ros_setup/package.zsh'
[2.165s] Level 1:colcon.colcon_core.environment:create_file_with_runtime_dependencies(/home/salem/microros_ws/install/micro_ros_setup/share/colcon-core/packages/micro_ros_setup)
[3.285s] DEBUG:colcon.colcon_core.event_handler.log_command:Invoked command in '/home/salem/microros_ws/build/micro_ros_msgs' returned '0': CMAKE_PREFIX_PATH=${CMAKE_PREFIX_PATH}:/home/salem/ros2_ws/install/my_robot_controller:/home/salem/ws_moveit2/install/moveit_configs_utils:/home/salem/ws_moveit2/install/launch_param_builder:/opt/ros/humble /usr/bin/cmake /home/salem/microros_ws/src/uros/micro_ros_msgs -DCMAKE_VERBOSE_MAKEFILE=ON -DTRANSPORTS_SETTINGS_INI=settings.ini --no-warn-unused-cli -DCMAKE_INSTALL_PREFIX=/home/salem/microros_ws/install/micro_ros_msgs
[3.288s] DEBUG:colcon.colcon_core.event_handler.log_command:Invoking command in '/home/salem/microros_ws/build/micro_ros_msgs': CMAKE_PREFIX_PATH=${CMAKE_PREFIX_PATH}:/home/salem/ros2_ws/install/my_robot_controller:/home/salem/ws_moveit2/install/moveit_configs_utils:/home/salem/ws_moveit2/install/launch_param_builder:/opt/ros/humble /usr/bin/cmake --build /home/salem/microros_ws/build/micro_ros_msgs -- -j16 -l16
[6.448s] DEBUG:colcon.colcon_core.event_handler.log_command:Invoked command in '/home/salem/microros_ws/build/micro_ros_msgs' returned '0': CMAKE_PREFIX_PATH=${CMAKE_PREFIX_PATH}:/home/salem/ros2_ws/install/my_robot_controller:/home/salem/ws_moveit2/install/moveit_configs_utils:/home/salem/ws_moveit2/install/launch_param_builder:/opt/ros/humble /usr/bin/cmake --build /home/salem/microros_ws/build/micro_ros_msgs -- -j16 -l16
[6.450s] DEBUG:colcon.colcon_core.event_handler.log_command:Invoking command in '/home/salem/microros_ws/build/micro_ros_msgs': CMAKE_PREFIX_PATH=${CMAKE_PREFIX_PATH}:/home/salem/ros2_ws/install/my_robot_controller:/home/salem/ws_moveit2/install/moveit_configs_utils:/home/salem/ws_moveit2/install/launch_param_builder:/opt/ros/humble /usr/bin/cmake --install /home/salem/microros_ws/build/micro_ros_msgs
[6.553s] Level 1:colcon.colcon_core.environment:create_environment_scripts_only(micro_ros_msgs)
[6.554s] Level 1:colcon.colcon_core.environment:checking '/home/salem/microros_ws/install/micro_ros_msgs' for CMake module files
[6.554s] DEBUG:colcon.colcon_core.event_handler.log_command:Invoked command in '/home/salem/microros_ws/build/micro_ros_msgs' returned '0': CMAKE_PREFIX_PATH=${CMAKE_PREFIX_PATH}:/home/salem/ros2_ws/install/my_robot_controller:/home/salem/ws_moveit2/install/moveit_configs_utils:/home/salem/ws_moveit2/install/launch_param_builder:/opt/ros/humble /usr/bin/cmake --install /home/salem/microros_ws/build/micro_ros_msgs
[6.555s] Level 1:colcon.colcon_core.environment:checking '/home/salem/microros_ws/install/micro_ros_msgs' for CMake config files
[6.556s] Level 1:colcon.colcon_core.shell:create_environment_hook('micro_ros_msgs', 'cmake_prefix_path')
[6.556s] INFO:colcon.colcon_core.shell:Creating environment hook '/home/salem/microros_ws/install/micro_ros_msgs/share/micro_ros_msgs/hook/cmake_prefix_path.ps1'
[6.557s] INFO:colcon.colcon_core.shell:Creating environment descriptor '/home/salem/microros_ws/install/micro_ros_msgs/share/micro_ros_msgs/hook/cmake_prefix_path.dsv'
[6.557s] INFO:colcon.colcon_core.shell:Creating environment hook '/home/salem/microros_ws/install/micro_ros_msgs/share/micro_ros_msgs/hook/cmake_prefix_path.sh'
[6.557s] Level 1:colcon.colcon_core.environment:checking '/home/salem/microros_ws/install/micro_ros_msgs/lib'
[6.558s] Level 1:colcon.colcon_core.shell:create_environment_hook('micro_ros_msgs', 'ld_library_path_lib')
[6.558s] INFO:colcon.colcon_core.shell:Creating environment hook '/home/salem/microros_ws/install/micro_ros_msgs/share/micro_ros_msgs/hook/ld_library_path_lib.ps1'
[6.558s] INFO:colcon.colcon_core.shell:Creating environment descriptor '/home/salem/microros_ws/install/micro_ros_msgs/share/micro_ros_msgs/hook/ld_library_path_lib.dsv'
[6.558s] INFO:colcon.colcon_core.shell:Creating environment hook '/home/salem/microros_ws/install/micro_ros_msgs/share/micro_ros_msgs/hook/ld_library_path_lib.sh'
[6.559s] Level 1:colcon.colcon_core.environment:checking '/home/salem/microros_ws/install/micro_ros_msgs/bin'
[6.559s] Level 1:colcon.colcon_core.environment:checking '/home/salem/microros_ws/install/micro_ros_msgs/lib/pkgconfig/micro_ros_msgs.pc'
[6.559s] Level 1:colcon.colcon_core.environment:checking '/home/salem/microros_ws/install/micro_ros_msgs/lib/python3.10/site-packages'
[6.559s] Level 1:colcon.colcon_core.environment:checking '/home/salem/microros_ws/install/micro_ros_msgs/bin'
[6.560s] INFO:colcon.colcon_core.shell:Creating package script '/home/salem/microros_ws/install/micro_ros_msgs/share/micro_ros_msgs/package.ps1'
[6.560s] INFO:colcon.colcon_core.shell:Creating package descriptor '/home/salem/microros_ws/install/micro_ros_msgs/share/micro_ros_msgs/package.dsv'
[6.561s] INFO:colcon.colcon_core.shell:Creating package script '/home/salem/microros_ws/install/micro_ros_msgs/share/micro_ros_msgs/package.sh'
[6.561s] INFO:colcon.colcon_core.shell:Creating package script '/home/salem/microros_ws/install/micro_ros_msgs/share/micro_ros_msgs/package.bash'
[6.561s] INFO:colcon.colcon_core.shell:Creating package script '/home/salem/microros_ws/install/micro_ros_msgs/share/micro_ros_msgs/package.zsh'
[6.562s] Level 1:colcon.colcon_core.environment:create_file_with_runtime_dependencies(/home/salem/microros_ws/install/micro_ros_msgs/share/colcon-core/packages/micro_ros_msgs)
[6.562s] Level 1:colcon.colcon_core.environment:create_environment_scripts_only(micro_ros_msgs)
[6.563s] Level 1:colcon.colcon_core.environment:checking '/home/salem/microros_ws/install/micro_ros_msgs' for CMake module files
[6.563s] Level 1:colcon.colcon_core.environment:checking '/home/salem/microros_ws/install/micro_ros_msgs' for CMake config files
[6.564s] Level 1:colcon.colcon_core.shell:create_environment_hook('micro_ros_msgs', 'cmake_prefix_path')
[6.564s] INFO:colcon.colcon_core.shell:Creating environment hook '/home/salem/microros_ws/install/micro_ros_msgs/share/micro_ros_msgs/hook/cmake_prefix_path.ps1'
[6.565s] INFO:colcon.colcon_core.shell:Creating environment descriptor '/home/salem/microros_ws/install/micro_ros_msgs/share/micro_ros_msgs/hook/cmake_prefix_path.dsv'
[6.565s] INFO:colcon.colcon_core.shell:Creating environment hook '/home/salem/microros_ws/install/micro_ros_msgs/share/micro_ros_msgs/hook/cmake_prefix_path.sh'
[6.566s] Level 1:colcon.colcon_core.environment:checking '/home/salem/microros_ws/install/micro_ros_msgs/lib'
[6.566s] Level 1:colcon.colcon_core.shell:create_environment_hook('micro_ros_msgs', 'ld_library_path_lib')
[6.566s] INFO:colcon.colcon_core.shell:Creating environment hook '/home/salem/microros_ws/install/micro_ros_msgs/share/micro_ros_msgs/hook/ld_library_path_lib.ps1'
[6.566s] INFO:colcon.colcon_core.shell:Creating environment descriptor '/home/salem/microros_ws/install/micro_ros_msgs/share/micro_ros_msgs/hook/ld_library_path_lib.dsv'
[6.567s] INFO:colcon.colcon_core.shell:Creating environment hook '/home/salem/microros_ws/install/micro_ros_msgs/share/micro_ros_msgs/hook/ld_library_path_lib.sh'
[6.567s] Level 1:colcon.colcon_core.environment:checking '/home/salem/microros_ws/install/micro_ros_msgs/bin'
[6.567s] Level 1:colcon.colcon_core.environment:checking '/home/salem/microros_ws/install/micro_ros_msgs/lib/pkgconfig/micro_ros_msgs.pc'
[6.568s] Level 1:colcon.colcon_core.environment:checking '/home/salem/microros_ws/install/micro_ros_msgs/lib/python3.10/site-packages'
[6.568s] Level 1:colcon.colcon_core.environment:checking '/home/salem/microros_ws/install/micro_ros_msgs/bin'
[6.568s] INFO:colcon.colcon_core.shell:Creating package script '/home/salem/microros_ws/install/micro_ros_msgs/share/micro_ros_msgs/package.ps1'
[6.569s] INFO:colcon.colcon_core.shell:Creating package descriptor '/home/salem/microros_ws/install/micro_ros_msgs/share/micro_ros_msgs/package.dsv'
[6.569s] INFO:colcon.colcon_core.shell:Creating package script '/home/salem/microros_ws/install/micro_ros_msgs/share/micro_ros_msgs/package.sh'
[6.570s] INFO:colcon.colcon_core.shell:Creating package script '/home/salem/microros_ws/install/micro_ros_msgs/share/micro_ros_msgs/package.bash'
[6.570s] INFO:colcon.colcon_core.shell:Creating package script '/home/salem/microros_ws/install/micro_ros_msgs/share/micro_ros_msgs/package.zsh'
[6.571s] Level 1:colcon.colcon_core.environment:create_file_with_runtime_dependencies(/home/salem/microros_ws/install/micro_ros_msgs/share/colcon-core/packages/micro_ros_msgs)
[6.571s] INFO:colcon.colcon_ros.task.ament_cmake.build:Building ROS package in '/home/salem/microros_ws/src/uros/micro-ROS-Agent/micro_ros_agent' with build type 'ament_cmake'
[6.571s] INFO:colcon.colcon_cmake.task.cmake.build:Building CMake package in '/home/salem/microros_ws/src/uros/micro-ROS-Agent/micro_ros_agent'
[6.572s] INFO:colcon.colcon_core.shell:Skip shell extension 'powershell' for command environment: Not usable outside of PowerShell
[6.572s] DEBUG:colcon.colcon_core.shell:Skip shell extension 'dsv' for command environment
[6.597s] DEBUG:colcon.colcon_core.event_handler.log_command:Invoking command in '/home/salem/microros_ws/build/micro_ros_agent': CMAKE_PREFIX_PATH=/home/salem/microros_ws/install/micro_ros_msgs:/home/salem/ros2_ws/install/labvolt5250a0_description:/home/salem/ws_moveit2/install/pilz_industrial_motion_planner_testutils:/home/salem/ws_moveit2/install/panda_moveit_config:/home/salem/ws_moveit2/install/moveit_runtime:/home/salem/ws_moveit2/install/moveit2_tutorials:/home/salem/ws_moveit2/install/moveit:/home/salem/ws_moveit2/install/moveit_planners:/home/salem/ws_moveit2/install/pilz_industrial_motion_planner:/home/salem/ws_moveit2/install/moveit_visual_tools:/home/salem/ws_moveit2/install/moveit_task_constructor_visualization:/home/salem/ws_moveit2/install/moveit_task_constructor_demo:/home/salem/ws_moveit2/install/moveit_task_constructor_capabilities:/home/salem/ws_moveit2/install/moveit_task_constructor_core:/home/salem/ws_moveit2/install/moveit_ros_control_interface:/home/salem/ws_moveit2/install/moveit_plugins:/home/salem/ws_moveit2/install/moveit_simple_controller_manager:/home/salem/ws_moveit2/install/moveit_setup_assistant:/home/salem/ws_moveit2/install/moveit_setup_srdf_plugins:/home/salem/ws_moveit2/install/moveit_setup_core_plugins:/home/salem/ws_moveit2/install/moveit_setup_controllers:/home/salem/ws_moveit2/install/moveit_setup_app_plugins:/home/salem/ws_moveit2/install/moveit_setup_framework:/home/salem/ws_moveit2/install/moveit_servo:/home/salem/ws_moveit2/install/moveit_ros:/home/salem/ws_moveit2/install/moveit_ros_visualization:/home/salem/ws_moveit2/install/moveit_hybrid_planning:/home/salem/ws_moveit2/install/moveit_ros_planning_interface:/home/salem/ws_moveit2/install/moveit_ros_benchmarks:/home/salem/ws_moveit2/install/moveit_ros_warehouse:/home/salem/ws_moveit2/install/moveit_ros_robot_interaction:/home/salem/ws_moveit2/install/moveit_ros_perception:/home/salem/ws_moveit2/install/moveit_resources_prbt_pg70_support:/home/salem/ws_moveit2/install/moveit_resources_prbt_moveit_config:/home/salem/ws_moveit2/install/moveit_ros_move_group:/home/salem/ws_moveit2/install/moveit_planners_ompl:/home/salem/ws_moveit2/install/moveit_ros_planning:/home/salem/ws_moveit2/install/moveit_ros_occupancy_map_monitor:/home/salem/ws_moveit2/install/moveit_resources_prbt_ikfast_manipulator_plugin:/home/salem/ws_moveit2/install/moveit_planners_chomp:/home/salem/ws_moveit2/install/moveit_kinematics:/home/salem/ws_moveit2/install/moveit_chomp_optimizer_adapter:/home/salem/ws_moveit2/install/chomp_motion_planner:/home/salem/ws_moveit2/install/moveit_core:/home/salem/ws_moveit2/install/srdfdom:/home/salem/ws_moveit2/install/rviz_marker_tools:/home/salem/ws_moveit2/install/rosparam_shortcuts:/home/salem/ws_moveit2/install/moveit_task_constructor_msgs:/home/salem/ws_moveit2/install/moveit_resources_prbt_support:/home/salem/ws_moveit2/install/moveit_resources:/home/salem/ws_moveit2/install/moveit_resources_pr2_description:/home/salem/ws_moveit2/install/moveit_resources_panda_moveit_config:/home/salem/ws_moveit2/install/moveit_resources_panda_description:/home/salem/ws_moveit2/install/moveit_resources_fanuc_moveit_config:/home/salem/ws_moveit2/install/moveit_resources_fanuc_description:/home/salem/ws_moveit2/install/moveit_common:/home/salem/microros_ws/install/micro_ros_setup:/home/salem/microros_ws/install/micro_ros_agent:/home/salem/ros2_ws/install/my_robot_controller:/home/salem/ws_moveit2/install/moveit_configs_utils:/home/salem/ws_moveit2/install/launch_param_builder:/opt/ros/humble LD_LIBRARY_PATH=/home/salem/microros_ws/install/micro_ros_msgs/lib:/home/salem/ws_moveit2/install/pilz_industrial_motion_planner_testutils/lib:/home/salem/ws_moveit2/install/pilz_industrial_motion_planner/lib:/home/salem/ws_moveit2/install/moveit_visual_tools/lib:/home/salem/ws_moveit2/install/moveit_task_constructor_visualization/lib:/home/salem/ws_moveit2/install/moveit_task_constructor_demo/lib:/home/salem/ws_moveit2/install/moveit_task_constructor_capabilities/lib:/home/salem/ws_moveit2/install/moveit_task_constructor_core/lib:/home/salem/ws_moveit2/install/moveit_ros_control_interface/lib:/home/salem/ws_moveit2/install/moveit_simple_controller_manager/lib:/home/salem/ws_moveit2/install/moveit_setup_assistant/lib:/home/salem/ws_moveit2/install/moveit_setup_srdf_plugins/lib:/home/salem/ws_moveit2/install/moveit_setup_core_plugins/lib:/home/salem/ws_moveit2/install/moveit_setup_controllers/lib:/home/salem/ws_moveit2/install/moveit_setup_app_plugins/lib:/home/salem/ws_moveit2/install/moveit_setup_framework/lib:/home/salem/ws_moveit2/install/moveit_servo/lib:/home/salem/ws_moveit2/install/moveit_ros_visualization/lib:/home/salem/ws_moveit2/install/moveit_hybrid_planning/lib:/home/salem/ws_moveit2/install/moveit_ros_planning_interface/lib:/home/salem/ws_moveit2/install/moveit_ros_benchmarks/lib:/home/salem/ws_moveit2/install/moveit_ros_warehouse/lib:/home/salem/ws_moveit2/install/moveit_ros_robot_interaction/lib:/home/salem/ws_moveit2/install/moveit_ros_perception/lib:/home/salem/ws_moveit2/install/moveit_ros_move_group/lib:/home/salem/ws_moveit2/install/moveit_planners_ompl/lib:/home/salem/ws_moveit2/install/moveit_ros_planning/lib:/home/salem/ws_moveit2/install/moveit_ros_occupancy_map_monitor/lib:/home/salem/ws_moveit2/install/moveit_resources_prbt_ikfast_manipulator_plugin/lib:/home/salem/ws_moveit2/install/moveit_planners_chomp/lib:/home/salem/ws_moveit2/install/moveit_kinematics/lib:/home/salem/ws_moveit2/install/moveit_chomp_optimizer_adapter/lib:/home/salem/ws_moveit2/install/chomp_motion_planner/lib:/home/salem/ws_moveit2/install/moveit_core/lib:/home/salem/ws_moveit2/install/srdfdom/lib:/home/salem/ws_moveit2/install/rviz_marker_tools/lib:/home/salem/ws_moveit2/install/rosparam_shortcuts/lib:/home/salem/ws_moveit2/install/moveit_task_constructor_msgs/lib:/home/salem/microros_ws/install/micro_ros_agent/lib:/opt/ros/humble/opt/rviz_ogre_vendor/lib:/opt/ros/humble/lib/x86_64-linux-gnu:/opt/ros/humble/lib /usr/bin/cmake /home/salem/microros_ws/src/uros/micro-ROS-Agent/micro_ros_agent -DCMAKE_VERBOSE_MAKEFILE=ON -DTRANSPORTS_SETTINGS_INI=settings.ini --no-warn-unused-cli -DCMAKE_INSTALL_PREFIX=/home/salem/microros_ws/install/micro_ros_agent
[7.122s] DEBUG:colcon.colcon_core.event_handler.log_command:Invoked command in '/home/salem/microros_ws/build/micro_ros_agent' returned '0': CMAKE_PREFIX_PATH=/home/salem/microros_ws/install/micro_ros_msgs:/home/salem/ros2_ws/install/labvolt5250a0_description:/home/salem/ws_moveit2/install/pilz_industrial_motion_planner_testutils:/home/salem/ws_moveit2/install/panda_moveit_config:/home/salem/ws_moveit2/install/moveit_runtime:/home/salem/ws_moveit2/install/moveit2_tutorials:/home/salem/ws_moveit2/install/moveit:/home/salem/ws_moveit2/install/moveit_planners:/home/salem/ws_moveit2/install/pilz_industrial_motion_planner:/home/salem/ws_moveit2/install/moveit_visual_tools:/home/salem/ws_moveit2/install/moveit_task_constructor_visualization:/home/salem/ws_moveit2/install/moveit_task_constructor_demo:/home/salem/ws_moveit2/install/moveit_task_constructor_capabilities:/home/salem/ws_moveit2/install/moveit_task_constructor_core:/home/salem/ws_moveit2/install/moveit_ros_control_interface:/home/salem/ws_moveit2/install/moveit_plugins:/home/salem/ws_moveit2/install/moveit_simple_controller_manager:/home/salem/ws_moveit2/install/moveit_setup_assistant:/home/salem/ws_moveit2/install/moveit_setup_srdf_plugins:/home/salem/ws_moveit2/install/moveit_setup_core_plugins:/home/salem/ws_moveit2/install/moveit_setup_controllers:/home/salem/ws_moveit2/install/moveit_setup_app_plugins:/home/salem/ws_moveit2/install/moveit_setup_framework:/home/salem/ws_moveit2/install/moveit_servo:/home/salem/ws_moveit2/install/moveit_ros:/home/salem/ws_moveit2/install/moveit_ros_visualization:/home/salem/ws_moveit2/install/moveit_hybrid_planning:/home/salem/ws_moveit2/install/moveit_ros_planning_interface:/home/salem/ws_moveit2/install/moveit_ros_benchmarks:/home/salem/ws_moveit2/install/moveit_ros_warehouse:/home/salem/ws_moveit2/install/moveit_ros_robot_interaction:/home/salem/ws_moveit2/install/moveit_ros_perception:/home/salem/ws_moveit2/install/moveit_resources_prbt_pg70_support:/home/salem/ws_moveit2/install/moveit_resources_prbt_moveit_config:/home/salem/ws_moveit2/install/moveit_ros_move_group:/home/salem/ws_moveit2/install/moveit_planners_ompl:/home/salem/ws_moveit2/install/moveit_ros_planning:/home/salem/ws_moveit2/install/moveit_ros_occupancy_map_monitor:/home/salem/ws_moveit2/install/moveit_resources_prbt_ikfast_manipulator_plugin:/home/salem/ws_moveit2/install/moveit_planners_chomp:/home/salem/ws_moveit2/install/moveit_kinematics:/home/salem/ws_moveit2/install/moveit_chomp_optimizer_adapter:/home/salem/ws_moveit2/install/chomp_motion_planner:/home/salem/ws_moveit2/install/moveit_core:/home/salem/ws_moveit2/install/srdfdom:/home/salem/ws_moveit2/install/rviz_marker_tools:/home/salem/ws_moveit2/install/rosparam_shortcuts:/home/salem/ws_moveit2/install/moveit_task_constructor_msgs:/home/salem/ws_moveit2/install/moveit_resources_prbt_support:/home/salem/ws_moveit2/install/moveit_resources:/home/salem/ws_moveit2/install/moveit_resources_pr2_description:/home/salem/ws_moveit2/install/moveit_resources_panda_moveit_config:/home/salem/ws_moveit2/install/moveit_resources_panda_description:/home/salem/ws_moveit2/install/moveit_resources_fanuc_moveit_config:/home/salem/ws_moveit2/install/moveit_resources_fanuc_description:/home/salem/ws_moveit2/install/moveit_common:/home/salem/microros_ws/install/micro_ros_setup:/home/salem/microros_ws/install/micro_ros_agent:/home/salem/ros2_ws/install/my_robot_controller:/home/salem/ws_moveit2/install/moveit_configs_utils:/home/salem/ws_moveit2/install/launch_param_builder:/opt/ros/humble LD_LIBRARY_PATH=/home/salem/microros_ws/install/micro_ros_msgs/lib:/home/salem/ws_moveit2/install/pilz_industrial_motion_planner_testutils/lib:/home/salem/ws_moveit2/install/pilz_industrial_motion_planner/lib:/home/salem/ws_moveit2/install/moveit_visual_tools/lib:/home/salem/ws_moveit2/install/moveit_task_constructor_visualization/lib:/home/salem/ws_moveit2/install/moveit_task_constructor_demo/lib:/home/salem/ws_moveit2/install/moveit_task_constructor_capabilities/lib:/home/salem/ws_moveit2/install/moveit_task_constructor_core/lib:/home/salem/ws_moveit2/install/moveit_ros_control_interface/lib:/home/salem/ws_moveit2/install/moveit_simple_controller_manager/lib:/home/salem/ws_moveit2/install/moveit_setup_assistant/lib:/home/salem/ws_moveit2/install/moveit_setup_srdf_plugins/lib:/home/salem/ws_moveit2/install/moveit_setup_core_plugins/lib:/home/salem/ws_moveit2/install/moveit_setup_controllers/lib:/home/salem/ws_moveit2/install/moveit_setup_app_plugins/lib:/home/salem/ws_moveit2/install/moveit_setup_framework/lib:/home/salem/ws_moveit2/install/moveit_servo/lib:/home/salem/ws_moveit2/install/moveit_ros_visualization/lib:/home/salem/ws_moveit2/install/moveit_hybrid_planning/lib:/home/salem/ws_moveit2/install/moveit_ros_planning_interface/lib:/home/salem/ws_moveit2/install/moveit_ros_benchmarks/lib:/home/salem/ws_moveit2/install/moveit_ros_warehouse/lib:/home/salem/ws_moveit2/install/moveit_ros_robot_interaction/lib:/home/salem/ws_moveit2/install/moveit_ros_perception/lib:/home/salem/ws_moveit2/install/moveit_ros_move_group/lib:/home/salem/ws_moveit2/install/moveit_planners_ompl/lib:/home/salem/ws_moveit2/install/moveit_ros_planning/lib:/home/salem/ws_moveit2/install/moveit_ros_occupancy_map_monitor/lib:/home/salem/ws_moveit2/install/moveit_resources_prbt_ikfast_manipulator_plugin/lib:/home/salem/ws_moveit2/install/moveit_planners_chomp/lib:/home/salem/ws_moveit2/install/moveit_kinematics/lib:/home/salem/ws_moveit2/install/moveit_chomp_optimizer_adapter/lib:/home/salem/ws_moveit2/install/chomp_motion_planner/lib:/home/salem/ws_moveit2/install/moveit_core/lib:/home/salem/ws_moveit2/install/srdfdom/lib:/home/salem/ws_moveit2/install/rviz_marker_tools/lib:/home/salem/ws_moveit2/install/rosparam_shortcuts/lib:/home/salem/ws_moveit2/install/moveit_task_constructor_msgs/lib:/home/salem/microros_ws/install/micro_ros_agent/lib:/opt/ros/humble/opt/rviz_ogre_vendor/lib:/opt/ros/humble/lib/x86_64-linux-gnu:/opt/ros/humble/lib /usr/bin/cmake /home/salem/microros_ws/src/uros/micro-ROS-Agent/micro_ros_agent -DCMAKE_VERBOSE_MAKEFILE=ON -DTRANSPORTS_SETTINGS_INI=settings.ini --no-warn-unused-cli -DCMAKE_INSTALL_PREFIX=/home/salem/microros_ws/install/micro_ros_agent
[7.124s] DEBUG:colcon.colcon_core.event_handler.log_command:Invoking command in '/home/salem/microros_ws/build/micro_ros_agent': CMAKE_PREFIX_PATH=/home/salem/microros_ws/install/micro_ros_msgs:/home/salem/ros2_ws/install/labvolt5250a0_description:/home/salem/ws_moveit2/install/pilz_industrial_motion_planner_testutils:/home/salem/ws_moveit2/install/panda_moveit_config:/home/salem/ws_moveit2/install/moveit_runtime:/home/salem/ws_moveit2/install/moveit2_tutorials:/home/salem/ws_moveit2/install/moveit:/home/salem/ws_moveit2/install/moveit_planners:/home/salem/ws_moveit2/install/pilz_industrial_motion_planner:/home/salem/ws_moveit2/install/moveit_visual_tools:/home/salem/ws_moveit2/install/moveit_task_constructor_visualization:/home/salem/ws_moveit2/install/moveit_task_constructor_demo:/home/salem/ws_moveit2/install/moveit_task_constructor_capabilities:/home/salem/ws_moveit2/install/moveit_task_constructor_core:/home/salem/ws_moveit2/install/moveit_ros_control_interface:/home/salem/ws_moveit2/install/moveit_plugins:/home/salem/ws_moveit2/install/moveit_simple_controller_manager:/home/salem/ws_moveit2/install/moveit_setup_assistant:/home/salem/ws_moveit2/install/moveit_setup_srdf_plugins:/home/salem/ws_moveit2/install/moveit_setup_core_plugins:/home/salem/ws_moveit2/install/moveit_setup_controllers:/home/salem/ws_moveit2/install/moveit_setup_app_plugins:/home/salem/ws_moveit2/install/moveit_setup_framework:/home/salem/ws_moveit2/install/moveit_servo:/home/salem/ws_moveit2/install/moveit_ros:/home/salem/ws_moveit2/install/moveit_ros_visualization:/home/salem/ws_moveit2/install/moveit_hybrid_planning:/home/salem/ws_moveit2/install/moveit_ros_planning_interface:/home/salem/ws_moveit2/install/moveit_ros_benchmarks:/home/salem/ws_moveit2/install/moveit_ros_warehouse:/home/salem/ws_moveit2/install/moveit_ros_robot_interaction:/home/salem/ws_moveit2/install/moveit_ros_perception:/home/salem/ws_moveit2/install/moveit_resources_prbt_pg70_support:/home/salem/ws_moveit2/install/moveit_resources_prbt_moveit_config:/home/salem/ws_moveit2/install/moveit_ros_move_group:/home/salem/ws_moveit2/install/moveit_planners_ompl:/home/salem/ws_moveit2/install/moveit_ros_planning:/home/salem/ws_moveit2/install/moveit_ros_occupancy_map_monitor:/home/salem/ws_moveit2/install/moveit_resources_prbt_ikfast_manipulator_plugin:/home/salem/ws_moveit2/install/moveit_planners_chomp:/home/salem/ws_moveit2/install/moveit_kinematics:/home/salem/ws_moveit2/install/moveit_chomp_optimizer_adapter:/home/salem/ws_moveit2/install/chomp_motion_planner:/home/salem/ws_moveit2/install/moveit_core:/home/salem/ws_moveit2/install/srdfdom:/home/salem/ws_moveit2/install/rviz_marker_tools:/home/salem/ws_moveit2/install/rosparam_shortcuts:/home/salem/ws_moveit2/install/moveit_task_constructor_msgs:/home/salem/ws_moveit2/install/moveit_resources_prbt_support:/home/salem/ws_moveit2/install/moveit_resources:/home/salem/ws_moveit2/install/moveit_resources_pr2_description:/home/salem/ws_moveit2/install/moveit_resources_panda_moveit_config:/home/salem/ws_moveit2/install/moveit_resources_panda_description:/home/salem/ws_moveit2/install/moveit_resources_fanuc_moveit_config:/home/salem/ws_moveit2/install/moveit_resources_fanuc_description:/home/salem/ws_moveit2/install/moveit_common:/home/salem/microros_ws/install/micro_ros_setup:/home/salem/microros_ws/install/micro_ros_agent:/home/salem/ros2_ws/install/my_robot_controller:/home/salem/ws_moveit2/install/moveit_configs_utils:/home/salem/ws_moveit2/install/launch_param_builder:/opt/ros/humble LD_LIBRARY_PATH=/home/salem/microros_ws/install/micro_ros_msgs/lib:/home/salem/ws_moveit2/install/pilz_industrial_motion_planner_testutils/lib:/home/salem/ws_moveit2/install/pilz_industrial_motion_planner/lib:/home/salem/ws_moveit2/install/moveit_visual_tools/lib:/home/salem/ws_moveit2/install/moveit_task_constructor_visualization/lib:/home/salem/ws_moveit2/install/moveit_task_constructor_demo/lib:/home/salem/ws_moveit2/install/moveit_task_constructor_capabilities/lib:/home/salem/ws_moveit2/install/moveit_task_constructor_core/lib:/home/salem/ws_moveit2/install/moveit_ros_control_interface/lib:/home/salem/ws_moveit2/install/moveit_simple_controller_manager/lib:/home/salem/ws_moveit2/install/moveit_setup_assistant/lib:/home/salem/ws_moveit2/install/moveit_setup_srdf_plugins/lib:/home/salem/ws_moveit2/install/moveit_setup_core_plugins/lib:/home/salem/ws_moveit2/install/moveit_setup_controllers/lib:/home/salem/ws_moveit2/install/moveit_setup_app_plugins/lib:/home/salem/ws_moveit2/install/moveit_setup_framework/lib:/home/salem/ws_moveit2/install/moveit_servo/lib:/home/salem/ws_moveit2/install/moveit_ros_visualization/lib:/home/salem/ws_moveit2/install/moveit_hybrid_planning/lib:/home/salem/ws_moveit2/install/moveit_ros_planning_interface/lib:/home/salem/ws_moveit2/install/moveit_ros_benchmarks/lib:/home/salem/ws_moveit2/install/moveit_ros_warehouse/lib:/home/salem/ws_moveit2/install/moveit_ros_robot_interaction/lib:/home/salem/ws_moveit2/install/moveit_ros_perception/lib:/home/salem/ws_moveit2/install/moveit_ros_move_group/lib:/home/salem/ws_moveit2/install/moveit_planners_ompl/lib:/home/salem/ws_moveit2/install/moveit_ros_planning/lib:/home/salem/ws_moveit2/install/moveit_ros_occupancy_map_monitor/lib:/home/salem/ws_moveit2/install/moveit_resources_prbt_ikfast_manipulator_plugin/lib:/home/salem/ws_moveit2/install/moveit_planners_chomp/lib:/home/salem/ws_moveit2/install/moveit_kinematics/lib:/home/salem/ws_moveit2/install/moveit_chomp_optimizer_adapter/lib:/home/salem/ws_moveit2/install/chomp_motion_planner/lib:/home/salem/ws_moveit2/install/moveit_core/lib:/home/salem/ws_moveit2/install/srdfdom/lib:/home/salem/ws_moveit2/install/rviz_marker_tools/lib:/home/salem/ws_moveit2/install/rosparam_shortcuts/lib:/home/salem/ws_moveit2/install/moveit_task_constructor_msgs/lib:/home/salem/microros_ws/install/micro_ros_agent/lib:/opt/ros/humble/opt/rviz_ogre_vendor/lib:/opt/ros/humble/lib/x86_64-linux-gnu:/opt/ros/humble/lib /usr/bin/cmake --build /home/salem/microros_ws/build/micro_ros_agent -- -j16 -l16
[65.049s] DEBUG:colcon.colcon_core.event_handler.log_command:Invoked command in '/home/salem/microros_ws/build/micro_ros_agent' returned '0': CMAKE_PREFIX_PATH=/home/salem/microros_ws/install/micro_ros_msgs:/home/salem/ros2_ws/install/labvolt5250a0_description:/home/salem/ws_moveit2/install/pilz_industrial_motion_planner_testutils:/home/salem/ws_moveit2/install/panda_moveit_config:/home/salem/ws_moveit2/install/moveit_runtime:/home/salem/ws_moveit2/install/moveit2_tutorials:/home/salem/ws_moveit2/install/moveit:/home/salem/ws_moveit2/install/moveit_planners:/home/salem/ws_moveit2/install/pilz_industrial_motion_planner:/home/salem/ws_moveit2/install/moveit_visual_tools:/home/salem/ws_moveit2/install/moveit_task_constructor_visualization:/home/salem/ws_moveit2/install/moveit_task_constructor_demo:/home/salem/ws_moveit2/install/moveit_task_constructor_capabilities:/home/salem/ws_moveit2/install/moveit_task_constructor_core:/home/salem/ws_moveit2/install/moveit_ros_control_interface:/home/salem/ws_moveit2/install/moveit_plugins:/home/salem/ws_moveit2/install/moveit_simple_controller_manager:/home/salem/ws_moveit2/install/moveit_setup_assistant:/home/salem/ws_moveit2/install/moveit_setup_srdf_plugins:/home/salem/ws_moveit2/install/moveit_setup_core_plugins:/home/salem/ws_moveit2/install/moveit_setup_controllers:/home/salem/ws_moveit2/install/moveit_setup_app_plugins:/home/salem/ws_moveit2/install/moveit_setup_framework:/home/salem/ws_moveit2/install/moveit_servo:/home/salem/ws_moveit2/install/moveit_ros:/home/salem/ws_moveit2/install/moveit_ros_visualization:/home/salem/ws_moveit2/install/moveit_hybrid_planning:/home/salem/ws_moveit2/install/moveit_ros_planning_interface:/home/salem/ws_moveit2/install/moveit_ros_benchmarks:/home/salem/ws_moveit2/install/moveit_ros_warehouse:/home/salem/ws_moveit2/install/moveit_ros_robot_interaction:/home/salem/ws_moveit2/install/moveit_ros_perception:/home/salem/ws_moveit2/install/moveit_resources_prbt_pg70_support:/home/salem/ws_moveit2/install/moveit_resources_prbt_moveit_config:/home/salem/ws_moveit2/install/moveit_ros_move_group:/home/salem/ws_moveit2/install/moveit_planners_ompl:/home/salem/ws_moveit2/install/moveit_ros_planning:/home/salem/ws_moveit2/install/moveit_ros_occupancy_map_monitor:/home/salem/ws_moveit2/install/moveit_resources_prbt_ikfast_manipulator_plugin:/home/salem/ws_moveit2/install/moveit_planners_chomp:/home/salem/ws_moveit2/install/moveit_kinematics:/home/salem/ws_moveit2/install/moveit_chomp_optimizer_adapter:/home/salem/ws_moveit2/install/chomp_motion_planner:/home/salem/ws_moveit2/install/moveit_core:/home/salem/ws_moveit2/install/srdfdom:/home/salem/ws_moveit2/install/rviz_marker_tools:/home/salem/ws_moveit2/install/rosparam_shortcuts:/home/salem/ws_moveit2/install/moveit_task_constructor_msgs:/home/salem/ws_moveit2/install/moveit_resources_prbt_support:/home/salem/ws_moveit2/install/moveit_resources:/home/salem/ws_moveit2/install/moveit_resources_pr2_description:/home/salem/ws_moveit2/install/moveit_resources_panda_moveit_config:/home/salem/ws_moveit2/install/moveit_resources_panda_description:/home/salem/ws_moveit2/install/moveit_resources_fanuc_moveit_config:/home/salem/ws_moveit2/install/moveit_resources_fanuc_description:/home/salem/ws_moveit2/install/moveit_common:/home/salem/microros_ws/install/micro_ros_setup:/home/salem/microros_ws/install/micro_ros_agent:/home/salem/ros2_ws/install/my_robot_controller:/home/salem/ws_moveit2/install/moveit_configs_utils:/home/salem/ws_moveit2/install/launch_param_builder:/opt/ros/humble LD_LIBRARY_PATH=/home/salem/microros_ws/install/micro_ros_msgs/lib:/home/salem/ws_moveit2/install/pilz_industrial_motion_planner_testutils/lib:/home/salem/ws_moveit2/install/pilz_industrial_motion_planner/lib:/home/salem/ws_moveit2/install/moveit_visual_tools/lib:/home/salem/ws_moveit2/install/moveit_task_constructor_visualization/lib:/home/salem/ws_moveit2/install/moveit_task_constructor_demo/lib:/home/salem/ws_moveit2/install/moveit_task_constructor_capabilities/lib:/home/salem/ws_moveit2/install/moveit_task_constructor_core/lib:/home/salem/ws_moveit2/install/moveit_ros_control_interface/lib:/home/salem/ws_moveit2/install/moveit_simple_controller_manager/lib:/home/salem/ws_moveit2/install/moveit_setup_assistant/lib:/home/salem/ws_moveit2/install/moveit_setup_srdf_plugins/lib:/home/salem/ws_moveit2/install/moveit_setup_core_plugins/lib:/home/salem/ws_moveit2/install/moveit_setup_controllers/lib:/home/salem/ws_moveit2/install/moveit_setup_app_plugins/lib:/home/salem/ws_moveit2/install/moveit_setup_framework/lib:/home/salem/ws_moveit2/install/moveit_servo/lib:/home/salem/ws_moveit2/install/moveit_ros_visualization/lib:/home/salem/ws_moveit2/install/moveit_hybrid_planning/lib:/home/salem/ws_moveit2/install/moveit_ros_planning_interface/lib:/home/salem/ws_moveit2/install/moveit_ros_benchmarks/lib:/home/salem/ws_moveit2/install/moveit_ros_warehouse/lib:/home/salem/ws_moveit2/install/moveit_ros_robot_interaction/lib:/home/salem/ws_moveit2/install/moveit_ros_perception/lib:/home/salem/ws_moveit2/install/moveit_ros_move_group/lib:/home/salem/ws_moveit2/install/moveit_planners_ompl/lib:/home/salem/ws_moveit2/install/moveit_ros_planning/lib:/home/salem/ws_moveit2/install/moveit_ros_occupancy_map_monitor/lib:/home/salem/ws_moveit2/install/moveit_resources_prbt_ikfast_manipulator_plugin/lib:/home/salem/ws_moveit2/install/moveit_planners_chomp/lib:/home/salem/ws_moveit2/install/moveit_kinematics/lib:/home/salem/ws_moveit2/install/moveit_chomp_optimizer_adapter/lib:/home/salem/ws_moveit2/install/chomp_motion_planner/lib:/home/salem/ws_moveit2/install/moveit_core/lib:/home/salem/ws_moveit2/install/srdfdom/lib:/home/salem/ws_moveit2/install/rviz_marker_tools/lib:/home/salem/ws_moveit2/install/rosparam_shortcuts/lib:/home/salem/ws_moveit2/install/moveit_task_constructor_msgs/lib:/home/salem/microros_ws/install/micro_ros_agent/lib:/opt/ros/humble/opt/rviz_ogre_vendor/lib:/opt/ros/humble/lib/x86_64-linux-gnu:/opt/ros/humble/lib /usr/bin/cmake --build /home/salem/microros_ws/build/micro_ros_agent -- -j16 -l16
[65.092s] DEBUG:colcon.colcon_core.event_handler.log_command:Invoking command in '/home/salem/microros_ws/build/micro_ros_agent': CMAKE_PREFIX_PATH=/home/salem/microros_ws/install/micro_ros_msgs:/home/salem/ros2_ws/install/labvolt5250a0_description:/home/salem/ws_moveit2/install/pilz_industrial_motion_planner_testutils:/home/salem/ws_moveit2/install/panda_moveit_config:/home/salem/ws_moveit2/install/moveit_runtime:/home/salem/ws_moveit2/install/moveit2_tutorials:/home/salem/ws_moveit2/install/moveit:/home/salem/ws_moveit2/install/moveit_planners:/home/salem/ws_moveit2/install/pilz_industrial_motion_planner:/home/salem/ws_moveit2/install/moveit_visual_tools:/home/salem/ws_moveit2/install/moveit_task_constructor_visualization:/home/salem/ws_moveit2/install/moveit_task_constructor_demo:/home/salem/ws_moveit2/install/moveit_task_constructor_capabilities:/home/salem/ws_moveit2/install/moveit_task_constructor_core:/home/salem/ws_moveit2/install/moveit_ros_control_interface:/home/salem/ws_moveit2/install/moveit_plugins:/home/salem/ws_moveit2/install/moveit_simple_controller_manager:/home/salem/ws_moveit2/install/moveit_setup_assistant:/home/salem/ws_moveit2/install/moveit_setup_srdf_plugins:/home/salem/ws_moveit2/install/moveit_setup_core_plugins:/home/salem/ws_moveit2/install/moveit_setup_controllers:/home/salem/ws_moveit2/install/moveit_setup_app_plugins:/home/salem/ws_moveit2/install/moveit_setup_framework:/home/salem/ws_moveit2/install/moveit_servo:/home/salem/ws_moveit2/install/moveit_ros:/home/salem/ws_moveit2/install/moveit_ros_visualization:/home/salem/ws_moveit2/install/moveit_hybrid_planning:/home/salem/ws_moveit2/install/moveit_ros_planning_interface:/home/salem/ws_moveit2/install/moveit_ros_benchmarks:/home/salem/ws_moveit2/install/moveit_ros_warehouse:/home/salem/ws_moveit2/install/moveit_ros_robot_interaction:/home/salem/ws_moveit2/install/moveit_ros_perception:/home/salem/ws_moveit2/install/moveit_resources_prbt_pg70_support:/home/salem/ws_moveit2/install/moveit_resources_prbt_moveit_config:/home/salem/ws_moveit2/install/moveit_ros_move_group:/home/salem/ws_moveit2/install/moveit_planners_ompl:/home/salem/ws_moveit2/install/moveit_ros_planning:/home/salem/ws_moveit2/install/moveit_ros_occupancy_map_monitor:/home/salem/ws_moveit2/install/moveit_resources_prbt_ikfast_manipulator_plugin:/home/salem/ws_moveit2/install/moveit_planners_chomp:/home/salem/ws_moveit2/install/moveit_kinematics:/home/salem/ws_moveit2/install/moveit_chomp_optimizer_adapter:/home/salem/ws_moveit2/install/chomp_motion_planner:/home/salem/ws_moveit2/install/moveit_core:/home/salem/ws_moveit2/install/srdfdom:/home/salem/ws_moveit2/install/rviz_marker_tools:/home/salem/ws_moveit2/install/rosparam_shortcuts:/home/salem/ws_moveit2/install/moveit_task_constructor_msgs:/home/salem/ws_moveit2/install/moveit_resources_prbt_support:/home/salem/ws_moveit2/install/moveit_resources:/home/salem/ws_moveit2/install/moveit_resources_pr2_description:/home/salem/ws_moveit2/install/moveit_resources_panda_moveit_config:/home/salem/ws_moveit2/install/moveit_resources_panda_description:/home/salem/ws_moveit2/install/moveit_resources_fanuc_moveit_config:/home/salem/ws_moveit2/install/moveit_resources_fanuc_description:/home/salem/ws_moveit2/install/moveit_common:/home/salem/microros_ws/install/micro_ros_setup:/home/salem/microros_ws/install/micro_ros_agent:/home/salem/ros2_ws/install/my_robot_controller:/home/salem/ws_moveit2/install/moveit_configs_utils:/home/salem/ws_moveit2/install/launch_param_builder:/opt/ros/humble LD_LIBRARY_PATH=/home/salem/microros_ws/install/micro_ros_msgs/lib:/home/salem/ws_moveit2/install/pilz_industrial_motion_planner_testutils/lib:/home/salem/ws_moveit2/install/pilz_industrial_motion_planner/lib:/home/salem/ws_moveit2/install/moveit_visual_tools/lib:/home/salem/ws_moveit2/install/moveit_task_constructor_visualization/lib:/home/salem/ws_moveit2/install/moveit_task_constructor_demo/lib:/home/salem/ws_moveit2/install/moveit_task_constructor_capabilities/lib:/home/salem/ws_moveit2/install/moveit_task_constructor_core/lib:/home/salem/ws_moveit2/install/moveit_ros_control_interface/lib:/home/salem/ws_moveit2/install/moveit_simple_controller_manager/lib:/home/salem/ws_moveit2/install/moveit_setup_assistant/lib:/home/salem/ws_moveit2/install/moveit_setup_srdf_plugins/lib:/home/salem/ws_moveit2/install/moveit_setup_core_plugins/lib:/home/salem/ws_moveit2/install/moveit_setup_controllers/lib:/home/salem/ws_moveit2/install/moveit_setup_app_plugins/lib:/home/salem/ws_moveit2/install/moveit_setup_framework/lib:/home/salem/ws_moveit2/install/moveit_servo/lib:/home/salem/ws_moveit2/install/moveit_ros_visualization/lib:/home/salem/ws_moveit2/install/moveit_hybrid_planning/lib:/home/salem/ws_moveit2/install/moveit_ros_planning_interface/lib:/home/salem/ws_moveit2/install/moveit_ros_benchmarks/lib:/home/salem/ws_moveit2/install/moveit_ros_warehouse/lib:/home/salem/ws_moveit2/install/moveit_ros_robot_interaction/lib:/home/salem/ws_moveit2/install/moveit_ros_perception/lib:/home/salem/ws_moveit2/install/moveit_ros_move_group/lib:/home/salem/ws_moveit2/install/moveit_planners_ompl/lib:/home/salem/ws_moveit2/install/moveit_ros_planning/lib:/home/salem/ws_moveit2/install/moveit_ros_occupancy_map_monitor/lib:/home/salem/ws_moveit2/install/moveit_resources_prbt_ikfast_manipulator_plugin/lib:/home/salem/ws_moveit2/install/moveit_planners_chomp/lib:/home/salem/ws_moveit2/install/moveit_kinematics/lib:/home/salem/ws_moveit2/install/moveit_chomp_optimizer_adapter/lib:/home/salem/ws_moveit2/install/chomp_motion_planner/lib:/home/salem/ws_moveit2/install/moveit_core/lib:/home/salem/ws_moveit2/install/srdfdom/lib:/home/salem/ws_moveit2/install/rviz_marker_tools/lib:/home/salem/ws_moveit2/install/rosparam_shortcuts/lib:/home/salem/ws_moveit2/install/moveit_task_constructor_msgs/lib:/home/salem/microros_ws/install/micro_ros_agent/lib:/opt/ros/humble/opt/rviz_ogre_vendor/lib:/opt/ros/humble/lib/x86_64-linux-gnu:/opt/ros/humble/lib /usr/bin/cmake --install /home/salem/microros_ws/build/micro_ros_agent
[65.094s] Level 1:colcon.colcon_core.environment:create_environment_scripts_only(micro_ros_agent)
[65.094s] DEBUG:colcon.colcon_core.event_handler.log_command:Invoked command in '/home/salem/microros_ws/build/micro_ros_agent' returned '0': CMAKE_PREFIX_PATH=/home/salem/microros_ws/install/micro_ros_msgs:/home/salem/ros2_ws/install/labvolt5250a0_description:/home/salem/ws_moveit2/install/pilz_industrial_motion_planner_testutils:/home/salem/ws_moveit2/install/panda_moveit_config:/home/salem/ws_moveit2/install/moveit_runtime:/home/salem/ws_moveit2/install/moveit2_tutorials:/home/salem/ws_moveit2/install/moveit:/home/salem/ws_moveit2/install/moveit_planners:/home/salem/ws_moveit2/install/pilz_industrial_motion_planner:/home/salem/ws_moveit2/install/moveit_visual_tools:/home/salem/ws_moveit2/install/moveit_task_constructor_visualization:/home/salem/ws_moveit2/install/moveit_task_constructor_demo:/home/salem/ws_moveit2/install/moveit_task_constructor_capabilities:/home/salem/ws_moveit2/install/moveit_task_constructor_core:/home/salem/ws_moveit2/install/moveit_ros_control_interface:/home/salem/ws_moveit2/install/moveit_plugins:/home/salem/ws_moveit2/install/moveit_simple_controller_manager:/home/salem/ws_moveit2/install/moveit_setup_assistant:/home/salem/ws_moveit2/install/moveit_setup_srdf_plugins:/home/salem/ws_moveit2/install/moveit_setup_core_plugins:/home/salem/ws_moveit2/install/moveit_setup_controllers:/home/salem/ws_moveit2/install/moveit_setup_app_plugins:/home/salem/ws_moveit2/install/moveit_setup_framework:/home/salem/ws_moveit2/install/moveit_servo:/home/salem/ws_moveit2/install/moveit_ros:/home/salem/ws_moveit2/install/moveit_ros_visualization:/home/salem/ws_moveit2/install/moveit_hybrid_planning:/home/salem/ws_moveit2/install/moveit_ros_planning_interface:/home/salem/ws_moveit2/install/moveit_ros_benchmarks:/home/salem/ws_moveit2/install/moveit_ros_warehouse:/home/salem/ws_moveit2/install/moveit_ros_robot_interaction:/home/salem/ws_moveit2/install/moveit_ros_perception:/home/salem/ws_moveit2/install/moveit_resources_prbt_pg70_support:/home/salem/ws_moveit2/install/moveit_resources_prbt_moveit_config:/home/salem/ws_moveit2/install/moveit_ros_move_group:/home/salem/ws_moveit2/install/moveit_planners_ompl:/home/salem/ws_moveit2/install/moveit_ros_planning:/home/salem/ws_moveit2/install/moveit_ros_occupancy_map_monitor:/home/salem/ws_moveit2/install/moveit_resources_prbt_ikfast_manipulator_plugin:/home/salem/ws_moveit2/install/moveit_planners_chomp:/home/salem/ws_moveit2/install/moveit_kinematics:/home/salem/ws_moveit2/install/moveit_chomp_optimizer_adapter:/home/salem/ws_moveit2/install/chomp_motion_planner:/home/salem/ws_moveit2/install/moveit_core:/home/salem/ws_moveit2/install/srdfdom:/home/salem/ws_moveit2/install/rviz_marker_tools:/home/salem/ws_moveit2/install/rosparam_shortcuts:/home/salem/ws_moveit2/install/moveit_task_constructor_msgs:/home/salem/ws_moveit2/install/moveit_resources_prbt_support:/home/salem/ws_moveit2/install/moveit_resources:/home/salem/ws_moveit2/install/moveit_resources_pr2_description:/home/salem/ws_moveit2/install/moveit_resources_panda_moveit_config:/home/salem/ws_moveit2/install/moveit_resources_panda_description:/home/salem/ws_moveit2/install/moveit_resources_fanuc_moveit_config:/home/salem/ws_moveit2/install/moveit_resources_fanuc_description:/home/salem/ws_moveit2/install/moveit_common:/home/salem/microros_ws/install/micro_ros_setup:/home/salem/microros_ws/install/micro_ros_agent:/home/salem/ros2_ws/install/my_robot_controller:/home/salem/ws_moveit2/install/moveit_configs_utils:/home/salem/ws_moveit2/install/launch_param_builder:/opt/ros/humble LD_LIBRARY_PATH=/home/salem/microros_ws/install/micro_ros_msgs/lib:/home/salem/ws_moveit2/install/pilz_industrial_motion_planner_testutils/lib:/home/salem/ws_moveit2/install/pilz_industrial_motion_planner/lib:/home/salem/ws_moveit2/install/moveit_visual_tools/lib:/home/salem/ws_moveit2/install/moveit_task_constructor_visualization/lib:/home/salem/ws_moveit2/install/moveit_task_constructor_demo/lib:/home/salem/ws_moveit2/install/moveit_task_constructor_capabilities/lib:/home/salem/ws_moveit2/install/moveit_task_constructor_core/lib:/home/salem/ws_moveit2/install/moveit_ros_control_interface/lib:/home/salem/ws_moveit2/install/moveit_simple_controller_manager/lib:/home/salem/ws_moveit2/install/moveit_setup_assistant/lib:/home/salem/ws_moveit2/install/moveit_setup_srdf_plugins/lib:/home/salem/ws_moveit2/install/moveit_setup_core_plugins/lib:/home/salem/ws_moveit2/install/moveit_setup_controllers/lib:/home/salem/ws_moveit2/install/moveit_setup_app_plugins/lib:/home/salem/ws_moveit2/install/moveit_setup_framework/lib:/home/salem/ws_moveit2/install/moveit_servo/lib:/home/salem/ws_moveit2/install/moveit_ros_visualization/lib:/home/salem/ws_moveit2/install/moveit_hybrid_planning/lib:/home/salem/ws_moveit2/install/moveit_ros_planning_interface/lib:/home/salem/ws_moveit2/install/moveit_ros_benchmarks/lib:/home/salem/ws_moveit2/install/moveit_ros_warehouse/lib:/home/salem/ws_moveit2/install/moveit_ros_robot_interaction/lib:/home/salem/ws_moveit2/install/moveit_ros_perception/lib:/home/salem/ws_moveit2/install/moveit_ros_move_group/lib:/home/salem/ws_moveit2/install/moveit_planners_ompl/lib:/home/salem/ws_moveit2/install/moveit_ros_planning/lib:/home/salem/ws_moveit2/install/moveit_ros_occupancy_map_monitor/lib:/home/salem/ws_moveit2/install/moveit_resources_prbt_ikfast_manipulator_plugin/lib:/home/salem/ws_moveit2/install/moveit_planners_chomp/lib:/home/salem/ws_moveit2/install/moveit_kinematics/lib:/home/salem/ws_moveit2/install/moveit_chomp_optimizer_adapter/lib:/home/salem/ws_moveit2/install/chomp_motion_planner/lib:/home/salem/ws_moveit2/install/moveit_core/lib:/home/salem/ws_moveit2/install/srdfdom/lib:/home/salem/ws_moveit2/install/rviz_marker_tools/lib:/home/salem/ws_moveit2/install/rosparam_shortcuts/lib:/home/salem/ws_moveit2/install/moveit_task_constructor_msgs/lib:/home/salem/microros_ws/install/micro_ros_agent/lib:/opt/ros/humble/opt/rviz_ogre_vendor/lib:/opt/ros/humble/lib/x86_64-linux-gnu:/opt/ros/humble/lib /usr/bin/cmake --install /home/salem/microros_ws/build/micro_ros_agent
[65.095s] Level 1:colcon.colcon_core.environment:checking '/home/salem/microros_ws/install/micro_ros_agent' for CMake module files
[65.096s] Level 1:colcon.colcon_core.environment:checking '/home/salem/microros_ws/install/micro_ros_agent' for CMake config files
[65.097s] Level 1:colcon.colcon_core.shell:create_environment_hook('micro_ros_agent', 'cmake_prefix_path')
[65.097s] INFO:colcon.colcon_core.shell:Creating environment hook '/home/salem/microros_ws/install/micro_ros_agent/share/micro_ros_agent/hook/cmake_prefix_path.ps1'
[65.097s] INFO:colcon.colcon_core.shell:Creating environment descriptor '/home/salem/microros_ws/install/micro_ros_agent/share/micro_ros_agent/hook/cmake_prefix_path.dsv'
[65.098s] INFO:colcon.colcon_core.shell:Creating environment hook '/home/salem/microros_ws/install/micro_ros_agent/share/micro_ros_agent/hook/cmake_prefix_path.sh'
[65.098s] Level 1:colcon.colcon_core.environment:checking '/home/salem/microros_ws/install/micro_ros_agent/lib'
[65.098s] Level 1:colcon.colcon_core.shell:create_environment_hook('micro_ros_agent', 'ld_library_path_lib')
[65.099s] INFO:colcon.colcon_core.shell:Creating environment hook '/home/salem/microros_ws/install/micro_ros_agent/share/micro_ros_agent/hook/ld_library_path_lib.ps1'
[65.099s] INFO:colcon.colcon_core.shell:Creating environment descriptor '/home/salem/microros_ws/install/micro_ros_agent/share/micro_ros_agent/hook/ld_library_path_lib.dsv'
[65.099s] INFO:colcon.colcon_core.shell:Creating environment hook '/home/salem/microros_ws/install/micro_ros_agent/share/micro_ros_agent/hook/ld_library_path_lib.sh'
[65.100s] Level 1:colcon.colcon_core.environment:checking '/home/salem/microros_ws/install/micro_ros_agent/bin'
[65.100s] Level 1:colcon.colcon_core.environment:checking '/home/salem/microros_ws/install/micro_ros_agent/lib/pkgconfig/micro_ros_agent.pc'
[65.100s] Level 1:colcon.colcon_core.environment:checking '/home/salem/microros_ws/install/micro_ros_agent/lib/python3.10/site-packages'
[65.100s] Level 1:colcon.colcon_core.environment:checking '/home/salem/microros_ws/install/micro_ros_agent/bin'
[65.100s] INFO:colcon.colcon_core.shell:Creating package script '/home/salem/microros_ws/install/micro_ros_agent/share/micro_ros_agent/package.ps1'
[65.101s] INFO:colcon.colcon_core.shell:Creating package descriptor '/home/salem/microros_ws/install/micro_ros_agent/share/micro_ros_agent/package.dsv'
[65.101s] INFO:colcon.colcon_core.shell:Creating package script '/home/salem/microros_ws/install/micro_ros_agent/share/micro_ros_agent/package.sh'
[65.102s] INFO:colcon.colcon_core.shell:Creating package script '/home/salem/microros_ws/install/micro_ros_agent/share/micro_ros_agent/package.bash'
[65.102s] INFO:colcon.colcon_core.shell:Creating package script '/home/salem/microros_ws/install/micro_ros_agent/share/micro_ros_agent/package.zsh'
[65.103s] Level 1:colcon.colcon_core.environment:create_file_with_runtime_dependencies(/home/salem/microros_ws/install/micro_ros_agent/share/colcon-core/packages/micro_ros_agent)
[65.103s] Level 1:colcon.colcon_core.environment:create_environment_scripts_only(micro_ros_agent)
[65.103s] Level 1:colcon.colcon_core.environment:checking '/home/salem/microros_ws/install/micro_ros_agent' for CMake module files
[65.104s] Level 1:colcon.colcon_core.environment:checking '/home/salem/microros_ws/install/micro_ros_agent' for CMake config files
[65.105s] Level 1:colcon.colcon_core.shell:create_environment_hook('micro_ros_agent', 'cmake_prefix_path')
[65.105s] INFO:colcon.colcon_core.shell:Creating environment hook '/home/salem/microros_ws/install/micro_ros_agent/share/micro_ros_agent/hook/cmake_prefix_path.ps1'
[65.105s] INFO:colcon.colcon_core.shell:Creating environment descriptor '/home/salem/microros_ws/install/micro_ros_agent/share/micro_ros_agent/hook/cmake_prefix_path.dsv'
[65.106s] INFO:colcon.colcon_core.shell:Creating environment hook '/home/salem/microros_ws/install/micro_ros_agent/share/micro_ros_agent/hook/cmake_prefix_path.sh'
[65.106s] Level 1:colcon.colcon_core.environment:checking '/home/salem/microros_ws/install/micro_ros_agent/lib'
[65.107s] Level 1:colcon.colcon_core.shell:create_environment_hook('micro_ros_agent', 'ld_library_path_lib')
[65.107s] INFO:colcon.colcon_core.shell:Creating environment hook '/home/salem/microros_ws/install/micro_ros_agent/share/micro_ros_agent/hook/ld_library_path_lib.ps1'
[65.107s] INFO:colcon.colcon_core.shell:Creating environment descriptor '/home/salem/microros_ws/install/micro_ros_agent/share/micro_ros_agent/hook/ld_library_path_lib.dsv'
[65.108s] INFO:colcon.colcon_core.shell:Creating environment hook '/home/salem/microros_ws/install/micro_ros_agent/share/micro_ros_agent/hook/ld_library_path_lib.sh'
[65.108s] Level 1:colcon.colcon_core.environment:checking '/home/salem/microros_ws/install/micro_ros_agent/bin'
[65.108s] Level 1:colcon.colcon_core.environment:checking '/home/salem/microros_ws/install/micro_ros_agent/lib/pkgconfig/micro_ros_agent.pc'
[65.108s] Level 1:colcon.colcon_core.environment:checking '/home/salem/microros_ws/install/micro_ros_agent/lib/python3.10/site-packages'
[65.108s] Level 1:colcon.colcon_core.environment:checking '/home/salem/microros_ws/install/micro_ros_agent/bin'
[65.109s] INFO:colcon.colcon_core.shell:Creating package script '/home/salem/microros_ws/install/micro_ros_agent/share/micro_ros_agent/package.ps1'
[65.109s] INFO:colcon.colcon_core.shell:Creating package descriptor '/home/salem/microros_ws/install/micro_ros_agent/share/micro_ros_agent/package.dsv'
[65.110s] INFO:colcon.colcon_core.shell:Creating package script '/home/salem/microros_ws/install/micro_ros_agent/share/micro_ros_agent/package.sh'
[65.110s] INFO:colcon.colcon_core.shell:Creating package script '/home/salem/microros_ws/install/micro_ros_agent/share/micro_ros_agent/package.bash'
[65.111s] INFO:colcon.colcon_core.shell:Creating package script '/home/salem/microros_ws/install/micro_ros_agent/share/micro_ros_agent/package.zsh'
[65.111s] Level 1:colcon.colcon_core.environment:create_file_with_runtime_dependencies(/home/salem/microros_ws/install/micro_ros_agent/share/colcon-core/packages/micro_ros_agent)
[65.111s] DEBUG:colcon.colcon_parallel_executor.executor.parallel:closing loop
[65.112s] DEBUG:colcon.colcon_parallel_executor.executor.parallel:loop closed
[65.112s] DEBUG:colcon.colcon_parallel_executor.executor.parallel:run_until_complete finished with '0'
[65.112s] DEBUG:colcon.colcon_core.event_reactor:joining thread
[65.124s] INFO:colcon.colcon_core.plugin_system:Skipping extension 'colcon_notification.desktop_notification.terminal_notifier': Not used on non-Darwin systems
[65.124s] INFO:colcon.colcon_core.plugin_system:Skipping extension 'colcon_notification.desktop_notification.win32': Not used on non-Windows systems
[65.124s] INFO:colcon.colcon_notification.desktop_notification:Sending desktop notification using 'notify2'
[65.207s] DEBUG:colcon.colcon_core.event_reactor:joined thread
[65.207s] INFO:colcon.colcon_core.shell:Creating prefix script '/home/salem/microros_ws/install/local_setup.ps1'
[65.209s] INFO:colcon.colcon_core.shell:Creating prefix util module '/home/salem/microros_ws/install/_local_setup_util_ps1.py'
[65.211s] INFO:colcon.colcon_core.shell:Creating prefix chain script '/home/salem/microros_ws/install/setup.ps1'
[65.215s] INFO:colcon.colcon_core.shell:Creating prefix script '/home/salem/microros_ws/install/local_setup.sh'
[65.216s] INFO:colcon.colcon_core.shell:Creating prefix util module '/home/salem/microros_ws/install/_local_setup_util_sh.py'
[65.217s] INFO:colcon.colcon_core.shell:Creating prefix chain script '/home/salem/microros_ws/install/setup.sh'
[65.221s] INFO:colcon.colcon_core.shell:Creating prefix script '/home/salem/microros_ws/install/local_setup.bash'
[65.221s] INFO:colcon.colcon_core.shell:Creating prefix chain script '/home/salem/microros_ws/install/setup.bash'
[65.226s] INFO:colcon.colcon_core.shell:Creating prefix script '/home/salem/microros_ws/install/local_setup.zsh'
[65.228s] INFO:colcon.colcon_core.shell:Creating prefix chain script '/home/salem/microros_ws/install/setup.zsh'
