[0.000000] (-) TimerEvent: {}
[0.000202] (-) JobUnselected: {'identifier': 'chomp_motion_planner'}
[0.000251] (-) JobUnselected: {'identifier': 'labvolt5250a0_description'}
[0.000273] (-) JobUnselected: {'identifier': 'labvolt_config'}
[0.000293] (-) JobUnselected: {'identifier': 'launch_param_builder'}
[0.000311] (-) JobUnselected: {'identifier': 'micro_ros_agent'}
[0.000332] (-) JobUnselected: {'identifier': 'micro_ros_msgs'}
[0.000349] (-) JobUnselected: {'identifier': 'micro_ros_setup'}
[0.000366] (-) JobUnselected: {'identifier': 'moveit'}
[0.000434] (-) JobUnselected: {'identifier': 'moveit2_tutorials'}
[0.000529] (-) JobUnselected: {'identifier': 'moveit_chomp_optimizer_adapter'}
[0.000549] (-) JobUnselected: {'identifier': 'moveit_common'}
[0.000566] (-) JobUnselected: {'identifier': 'moveit_configs_utils'}
[0.000582] (-) JobUnselected: {'identifier': 'moveit_core'}
[0.000596] (-) JobUnselected: {'identifier': 'moveit_hybrid_planning'}
[0.000611] (-) JobUnselected: {'identifier': 'moveit_kinematics'}
[0.000626] (-) JobUnselected: {'identifier': 'moveit_planners'}
[0.000639] (-) JobUnselected: {'identifier': 'moveit_planners_chomp'}
[0.000652] (-) JobUnselected: {'identifier': 'moveit_planners_ompl'}
[0.000665] (-) JobUnselected: {'identifier': 'moveit_plugins'}
[0.000679] (-) JobUnselected: {'identifier': 'moveit_resources'}
[0.000694] (-) JobUnselected: {'identifier': 'moveit_resources_fanuc_description'}
[0.000711] (-) JobUnselected: {'identifier': 'moveit_resources_fanuc_moveit_config'}
[0.000725] (-) JobUnselected: {'identifier': 'moveit_resources_panda_description'}
[0.000738] (-) JobUnselected: {'identifier': 'moveit_resources_panda_moveit_config'}
[0.000753] (-) JobUnselected: {'identifier': 'moveit_resources_pr2_description'}
[0.000768] (-) JobUnselected: {'identifier': 'moveit_resources_prbt_ikfast_manipulator_plugin'}
[0.000783] (-) JobUnselected: {'identifier': 'moveit_resources_prbt_moveit_config'}
[0.000795] (-) JobUnselected: {'identifier': 'moveit_resources_prbt_pg70_support'}
[0.000809] (-) JobUnselected: {'identifier': 'moveit_resources_prbt_support'}
[0.000822] (-) JobUnselected: {'identifier': 'moveit_ros'}
[0.000835] (-) JobUnselected: {'identifier': 'moveit_ros_benchmarks'}
[0.000848] (-) JobUnselected: {'identifier': 'moveit_ros_control_interface'}
[0.000861] (-) JobUnselected: {'identifier': 'moveit_ros_move_group'}
[0.000875] (-) JobUnselected: {'identifier': 'moveit_ros_occupancy_map_monitor'}
[0.000887] (-) JobUnselected: {'identifier': 'moveit_ros_perception'}
[0.000901] (-) JobUnselected: {'identifier': 'moveit_ros_planning'}
[0.000914] (-) JobUnselected: {'identifier': 'moveit_ros_planning_interface'}
[0.000927] (-) JobUnselected: {'identifier': 'moveit_ros_robot_interaction'}
[0.000940] (-) JobUnselected: {'identifier': 'moveit_ros_visualization'}
[0.000953] (-) JobUnselected: {'identifier': 'moveit_ros_warehouse'}
[0.000966] (-) JobUnselected: {'identifier': 'moveit_runtime'}
[0.000979] (-) JobUnselected: {'identifier': 'moveit_servo'}
[0.000992] (-) JobUnselected: {'identifier': 'moveit_setup_app_plugins'}
[0.001006] (-) JobUnselected: {'identifier': 'moveit_setup_assistant'}
[0.001019] (-) JobUnselected: {'identifier': 'moveit_setup_controllers'}
[0.001033] (-) JobUnselected: {'identifier': 'moveit_setup_core_plugins'}
[0.001050] (-) JobUnselected: {'identifier': 'moveit_setup_framework'}
[0.001066] (-) JobUnselected: {'identifier': 'moveit_setup_srdf_plugins'}
[0.001084] (-) JobUnselected: {'identifier': 'moveit_simple_controller_manager'}
[0.001101] (-) JobUnselected: {'identifier': 'moveit_task_constructor_capabilities'}
[0.001118] (-) JobUnselected: {'identifier': 'moveit_task_constructor_core'}
[0.001135] (-) JobUnselected: {'identifier': 'moveit_task_constructor_demo'}
[0.001152] (-) JobUnselected: {'identifier': 'moveit_task_constructor_msgs'}
[0.001169] (-) JobUnselected: {'identifier': 'moveit_task_constructor_visualization'}
[0.001186] (-) JobUnselected: {'identifier': 'moveit_visual_tools'}
[0.001203] (-) JobUnselected: {'identifier': 'panda_moveit_config'}
[0.001220] (-) JobUnselected: {'identifier': 'pilz_industrial_motion_planner'}
[0.001337] (-) JobUnselected: {'identifier': 'pilz_industrial_motion_planner_testutils'}
[0.001358] (-) JobUnselected: {'identifier': 'rosparam_shortcuts'}
[0.001382] (-) JobUnselected: {'identifier': 'rviz_marker_tools'}
[0.001405] (-) JobUnselected: {'identifier': 'srdfdom'}
[0.001422] (-) JobUnselected: {'identifier': 'two_wheeled_robot'}
[0.001442] (lab_moveit_config) JobQueued: {'identifier': 'lab_moveit_config', 'dependencies': OrderedDict([('labvolt5250a0_description', '/home/salem/graduation_project/graduation_project_ws/install/labvolt5250a0_description'), ('launch_param_builder', '/home/salem/graduation_project/graduation_project_ws/install/launch_param_builder'), ('moveit_common', '/home/salem/graduation_project/graduation_project_ws/install/moveit_common'), ('moveit_resources_fanuc_description', '/home/salem/graduation_project/graduation_project_ws/install/moveit_resources_fanuc_description'), ('moveit_resources_panda_description', '/home/salem/graduation_project/graduation_project_ws/install/moveit_resources_panda_description'), ('moveit_resources_pr2_description', '/home/salem/graduation_project/graduation_project_ws/install/moveit_resources_pr2_description'), ('moveit_resources_prbt_support', '/home/salem/graduation_project/graduation_project_ws/install/moveit_resources_prbt_support'), ('srdfdom', '/home/salem/graduation_project/graduation_project_ws/install/srdfdom'), ('moveit_configs_utils', '/home/salem/graduation_project/graduation_project_ws/install/moveit_configs_utils'), ('moveit_resources_fanuc_moveit_config', '/home/salem/graduation_project/graduation_project_ws/install/moveit_resources_fanuc_moveit_config'), ('moveit_resources_panda_moveit_config', '/home/salem/graduation_project/graduation_project_ws/install/moveit_resources_panda_moveit_config'), ('moveit_core', '/home/salem/graduation_project/graduation_project_ws/install/moveit_core'), ('chomp_motion_planner', '/home/salem/graduation_project/graduation_project_ws/install/chomp_motion_planner'), ('moveit_resources_prbt_ikfast_manipulator_plugin', '/home/salem/graduation_project/graduation_project_ws/install/moveit_resources_prbt_ikfast_manipulator_plugin'), ('moveit_ros_occupancy_map_monitor', '/home/salem/graduation_project/graduation_project_ws/install/moveit_ros_occupancy_map_monitor'), ('moveit_simple_controller_manager', '/home/salem/graduation_project/graduation_project_ws/install/moveit_simple_controller_manager'), ('pilz_industrial_motion_planner_testutils', '/home/salem/graduation_project/graduation_project_ws/install/pilz_industrial_motion_planner_testutils'), ('moveit_planners_chomp', '/home/salem/graduation_project/graduation_project_ws/install/moveit_planners_chomp'), ('moveit_ros_planning', '/home/salem/graduation_project/graduation_project_ws/install/moveit_ros_planning'), ('moveit_kinematics', '/home/salem/graduation_project/graduation_project_ws/install/moveit_kinematics'), ('moveit_planners_ompl', '/home/salem/graduation_project/graduation_project_ws/install/moveit_planners_ompl'), ('moveit_ros_robot_interaction', '/home/salem/graduation_project/graduation_project_ws/install/moveit_ros_robot_interaction'), ('moveit_ros_warehouse', '/home/salem/graduation_project/graduation_project_ws/install/moveit_ros_warehouse'), ('moveit_ros_move_group', '/home/salem/graduation_project/graduation_project_ws/install/moveit_ros_move_group'), ('moveit_resources_prbt_moveit_config', '/home/salem/graduation_project/graduation_project_ws/install/moveit_resources_prbt_moveit_config'), ('moveit_ros_planning_interface', '/home/salem/graduation_project/graduation_project_ws/install/moveit_ros_planning_interface'), ('moveit_resources_prbt_pg70_support', '/home/salem/graduation_project/graduation_project_ws/install/moveit_resources_prbt_pg70_support'), ('moveit_ros_visualization', '/home/salem/graduation_project/graduation_project_ws/install/moveit_ros_visualization'), ('moveit_setup_framework', '/home/salem/graduation_project/graduation_project_ws/install/moveit_setup_framework'), ('pilz_industrial_motion_planner', '/home/salem/graduation_project/graduation_project_ws/install/pilz_industrial_motion_planner'), ('moveit_planners', '/home/salem/graduation_project/graduation_project_ws/install/moveit_planners'), ('moveit_setup_app_plugins', '/home/salem/graduation_project/graduation_project_ws/install/moveit_setup_app_plugins'), ('moveit_setup_controllers', '/home/salem/graduation_project/graduation_project_ws/install/moveit_setup_controllers'), ('moveit_setup_core_plugins', '/home/salem/graduation_project/graduation_project_ws/install/moveit_setup_core_plugins'), ('moveit_setup_srdf_plugins', '/home/salem/graduation_project/graduation_project_ws/install/moveit_setup_srdf_plugins'), ('moveit_setup_assistant', '/home/salem/graduation_project/graduation_project_ws/install/moveit_setup_assistant')])}
[0.001512] (lab_moveit_config) JobStarted: {'identifier': 'lab_moveit_config'}
[0.041263] (lab_moveit_config) JobEnded: {'identifier': 'lab_moveit_config', 'rc': 1}
[0.051605] (-) EventReactorShutdown: {}
