[0.012s] Invoking command in '/home/salem/graduation_project_ws/build/srdfdom': CMAKE_PREFIX_PATH=${CMAKE_PREFIX_PATH}:/home/salem/ros2_ws/install/my_robot_controller:/home/salem/ws_moveit2/install/moveit_configs_utils:/home/salem/ws_moveit2/install/launch_param_builder:/opt/ros/humble /usr/bin/cmake /home/salem/graduation_project_ws/src/srdfdom -DCMAKE_BUILD_TYPE=Release -DCMAKE_INSTALL_PREFIX=/home/salem/graduation_project_ws/install/srdfdom
[0.029s] -- Found ament_cmake: 1.3.11 (/opt/ros/humble/share/ament_cmake/cmake)
[0.134s] -- Found urdf: 2.6.1 (/opt/ros/humble/share/urdf/cmake)
[0.167s] -- Found TinyXML2 via Config file: TinyXML2_DIR-NOTFOUND
[0.221s] -- Found ament_cmake_gtest: 1.3.11 (/opt/ros/humble/share/ament_cmake_gtest/cmake)
[0.221s] -- Found ament_cmake_pytest: 1.3.11 (/opt/ros/humble/share/ament_cmake_pytest/cmake)
[0.517s] -- Found gtest sources under '/opt/ros/humble/src/gtest_vendor': C++ tests using 'Google Test' will be built
[0.524s] -- Found ament_lint_auto: 0.12.12 (/opt/ros/humble/share/ament_lint_auto/cmake)
[0.546s] -- Configuring done
[0.561s] -- Generating done
[0.566s] -- Build files have been written to: /home/salem/graduation_project_ws/build/srdfdom
[0.570s] Invoked command in '/home/salem/graduation_project_ws/build/srdfdom' returned '0': CMAKE_PREFIX_PATH=${CMAKE_PREFIX_PATH}:/home/salem/ros2_ws/install/my_robot_controller:/home/salem/ws_moveit2/install/moveit_configs_utils:/home/salem/ws_moveit2/install/launch_param_builder:/opt/ros/humble /usr/bin/cmake /home/salem/graduation_project_ws/src/srdfdom -DCMAKE_BUILD_TYPE=Release -DCMAKE_INSTALL_PREFIX=/home/salem/graduation_project_ws/install/srdfdom
[0.571s] Invoking command in '/home/salem/graduation_project_ws/build/srdfdom': CMAKE_PREFIX_PATH=${CMAKE_PREFIX_PATH}:/home/salem/ros2_ws/install/my_robot_controller:/home/salem/ws_moveit2/install/moveit_configs_utils:/home/salem/ws_moveit2/install/launch_param_builder:/opt/ros/humble /usr/bin/cmake --build /home/salem/graduation_project_ws/build/srdfdom -- -j16 -l16
[0.622s] [35m[1mConsolidate compiler generated dependencies of target gtest_main[0m
[0.623s] [35m[1mConsolidate compiler generated dependencies of target gtest[0m
[0.623s] [35m[1mConsolidate compiler generated dependencies of target srdfdom[0m
[0.639s] [  9%] [32mBuilding CXX object gtest/CMakeFiles/gtest_main.dir/src/gtest_main.cc.o[0m
[0.639s] [ 18%] [32mBuilding CXX object gtest/CMakeFiles/gtest.dir/src/gtest-all.cc.o[0m
[0.642s] [ 36%] [32mBuilding CXX object CMakeFiles/srdfdom.dir/src/model.cpp.o[0m
[0.642s] [ 36%] [32mBuilding CXX object CMakeFiles/srdfdom.dir/src/srdf_writer.cpp.o[0m
[0.648s] [ 36%] Built target ament_cmake_python_copy_srdfdom
[0.866s] running egg_info
[0.867s] writing srdfdom.egg-info/PKG-INFO
[0.867s] writing dependency_links to srdfdom.egg-info/dependency_links.txt
[0.867s] writing top-level names to srdfdom.egg-info/top_level.txt
[0.869s] reading manifest file 'srdfdom.egg-info/SOURCES.txt'
[0.941s] writing manifest file 'srdfdom.egg-info/SOURCES.txt'
[0.970s] [ 36%] Built target ament_cmake_python_build_srdfdom_egg
[1.402s] [ 45%] [32m[1mLinking CXX static library libgtest_main.a[0m
[1.479s] [ 45%] Built target gtest_main
[3.178s] [ 54%] [32m[1mLinking CXX shared library libsrdfdom.so[0m
[3.275s] [ 54%] Built target srdfdom
[5.979s] [ 63%] [32m[1mLinking CXX static library libgtest.a[0m
[6.112s] [ 63%] Built target gtest
[6.128s] [35m[1mConsolidate compiler generated dependencies of target test_cpp_nl_NL.UTF-8[0m
[6.129s] [35m[1mConsolidate compiler generated dependencies of target test_cpp_C[0m
[6.147s] [ 72%] [32mBuilding CXX object CMakeFiles/test_cpp_nl_NL.UTF-8.dir/test/test_parser.cpp.o[0m
[6.147s] [ 81%] [32mBuilding CXX object CMakeFiles/test_cpp_C.dir/test/test_parser.cpp.o[0m
[8.073s] [100%] [32m[1mLinking CXX executable test_cpp_C[0m
[8.073s] [100%] [32m[1mLinking CXX executable test_cpp_nl_NL.UTF-8[0m
[8.162s] [100%] Built target test_cpp_C
[8.162s] [100%] Built target test_cpp_nl_NL.UTF-8
[8.175s] Invoked command in '/home/salem/graduation_project_ws/build/srdfdom' returned '0': CMAKE_PREFIX_PATH=${CMAKE_PREFIX_PATH}:/home/salem/ros2_ws/install/my_robot_controller:/home/salem/ws_moveit2/install/moveit_configs_utils:/home/salem/ws_moveit2/install/launch_param_builder:/opt/ros/humble /usr/bin/cmake --build /home/salem/graduation_project_ws/build/srdfdom -- -j16 -l16
[8.176s] Invoking command in '/home/salem/graduation_project_ws/build/srdfdom': CMAKE_PREFIX_PATH=${CMAKE_PREFIX_PATH}:/home/salem/ros2_ws/install/my_robot_controller:/home/salem/ws_moveit2/install/moveit_configs_utils:/home/salem/ws_moveit2/install/launch_param_builder:/opt/ros/humble /usr/bin/cmake --install /home/salem/graduation_project_ws/build/srdfdom
[8.186s] -- Install configuration: "Release"
[8.186s] -- Installing: /home/salem/graduation_project_ws/install/srdfdom/lib/libsrdfdom.so.2.0.7
[8.187s] -- Set runtime path of "/home/salem/graduation_project_ws/install/srdfdom/lib/libsrdfdom.so.2.0.7" to ""
[8.187s] -- Up-to-date: /home/salem/graduation_project_ws/install/srdfdom/lib/libsrdfdom.so
[8.187s] -- Up-to-date: /home/salem/graduation_project_ws/install/srdfdom/include/srdfdom
[8.187s] -- Up-to-date: /home/salem/graduation_project_ws/install/srdfdom/include/srdfdom/srdfdom
[8.187s] -- Up-to-date: /home/salem/graduation_project_ws/install/srdfdom/include/srdfdom/srdfdom/model.h
[8.187s] -- Up-to-date: /home/salem/graduation_project_ws/install/srdfdom/include/srdfdom/srdfdom/srdf_writer.h
[8.187s] -- Up-to-date: /home/salem/graduation_project_ws/install/srdfdom/include/srdfdom/srdfdom/visibility_control.h
[8.187s] -- Up-to-date: /home/salem/graduation_project_ws/install/srdfdom/lib/srdfdom/display_srdf
[8.187s] -- Up-to-date: /home/salem/graduation_project_ws/install/srdfdom/share/srdfdom/environment/pythonpath.sh
[8.187s] -- Installing: /home/salem/graduation_project_ws/install/srdfdom/share/srdfdom/environment/pythonpath.dsv
[8.188s] -- Up-to-date: /home/salem/graduation_project_ws/install/srdfdom/local/lib/python3.10/dist-packages/srdfdom-2.0.7-py3.10.egg-info
[8.188s] -- Installing: /home/salem/graduation_project_ws/install/srdfdom/local/lib/python3.10/dist-packages/srdfdom-2.0.7-py3.10.egg-info/PKG-INFO
[8.188s] -- Installing: /home/salem/graduation_project_ws/install/srdfdom/local/lib/python3.10/dist-packages/srdfdom-2.0.7-py3.10.egg-info/top_level.txt
[8.188s] -- Installing: /home/salem/graduation_project_ws/install/srdfdom/local/lib/python3.10/dist-packages/srdfdom-2.0.7-py3.10.egg-info/dependency_links.txt
[8.188s] -- Installing: /home/salem/graduation_project_ws/install/srdfdom/local/lib/python3.10/dist-packages/srdfdom-2.0.7-py3.10.egg-info/SOURCES.txt
[8.188s] -- Up-to-date: /home/salem/graduation_project_ws/install/srdfdom/local/lib/python3.10/dist-packages/srdfdom
[8.188s] -- Up-to-date: /home/salem/graduation_project_ws/install/srdfdom/local/lib/python3.10/dist-packages/srdfdom/__init__.py
[8.188s] -- Up-to-date: /home/salem/graduation_project_ws/install/srdfdom/local/lib/python3.10/dist-packages/srdfdom/srdf.py
[8.216s] Listing '/home/salem/graduation_project_ws/install/srdfdom/local/lib/python3.10/dist-packages/srdfdom'...
[8.219s] -- Up-to-date: /home/salem/graduation_project_ws/install/srdfdom/share/srdfdom/environment/library_path.sh
[8.219s] -- Installing: /home/salem/graduation_project_ws/install/srdfdom/share/srdfdom/environment/library_path.dsv
[8.219s] -- Up-to-date: /home/salem/graduation_project_ws/install/srdfdom/share/ament_index/resource_index/package_run_dependencies/srdfdom
[8.220s] -- Up-to-date: /home/salem/graduation_project_ws/install/srdfdom/share/ament_index/resource_index/parent_prefix_path/srdfdom
[8.220s] -- Up-to-date: /home/salem/graduation_project_ws/install/srdfdom/share/srdfdom/environment/ament_prefix_path.sh
[8.220s] -- Installing: /home/salem/graduation_project_ws/install/srdfdom/share/srdfdom/environment/ament_prefix_path.dsv
[8.220s] -- Up-to-date: /home/salem/graduation_project_ws/install/srdfdom/share/srdfdom/environment/path.sh
[8.220s] -- Installing: /home/salem/graduation_project_ws/install/srdfdom/share/srdfdom/environment/path.dsv
[8.220s] -- Up-to-date: /home/salem/graduation_project_ws/install/srdfdom/share/srdfdom/local_setup.bash
[8.220s] -- Up-to-date: /home/salem/graduation_project_ws/install/srdfdom/share/srdfdom/local_setup.sh
[8.220s] -- Up-to-date: /home/salem/graduation_project_ws/install/srdfdom/share/srdfdom/local_setup.zsh
[8.220s] -- Installing: /home/salem/graduation_project_ws/install/srdfdom/share/srdfdom/local_setup.dsv
[8.220s] -- Installing: /home/salem/graduation_project_ws/install/srdfdom/share/srdfdom/package.dsv
[8.220s] -- Up-to-date: /home/salem/graduation_project_ws/install/srdfdom/share/ament_index/resource_index/packages/srdfdom
[8.220s] -- Up-to-date: /home/salem/graduation_project_ws/install/srdfdom/share/srdfdom/cmake/srdfdomTargetsExport.cmake
[8.221s] -- Installing: /home/salem/graduation_project_ws/install/srdfdom/share/srdfdom/cmake/srdfdomTargetsExport-release.cmake
[8.221s] -- Up-to-date: /home/salem/graduation_project_ws/install/srdfdom/share/srdfdom/cmake/ament_cmake_export_targets-extras.cmake
[8.221s] -- Up-to-date: /home/salem/graduation_project_ws/install/srdfdom/share/srdfdom/cmake/ament_cmake_export_dependencies-extras.cmake
[8.221s] -- Up-to-date: /home/salem/graduation_project_ws/install/srdfdom/share/srdfdom/cmake/srdfdomConfig.cmake
[8.221s] -- Up-to-date: /home/salem/graduation_project_ws/install/srdfdom/share/srdfdom/cmake/srdfdomConfig-version.cmake
[8.221s] -- Up-to-date: /home/salem/graduation_project_ws/install/srdfdom/share/srdfdom/package.xml
[8.223s] Invoked command in '/home/salem/graduation_project_ws/build/srdfdom' returned '0': CMAKE_PREFIX_PATH=${CMAKE_PREFIX_PATH}:/home/salem/ros2_ws/install/my_robot_controller:/home/salem/ws_moveit2/install/moveit_configs_utils:/home/salem/ws_moveit2/install/launch_param_builder:/opt/ros/humble /usr/bin/cmake --install /home/salem/graduation_project_ws/build/srdfdom
