Not searching for unused variables given on the command line.
-- The C compiler identification is GNU 11.4.0
-- The CXX compiler identification is GNU 11.4.0
-- Detecting C compiler ABI info
-- Detecting C compiler ABI info - done
-- Check for working C compiler: /usr/bin/cc - skipped
-- Detecting C compile features
-- Detecting C compile features - done
-- Detecting CXX compiler ABI info
-- Detecting CXX compiler ABI info - done
-- Check for working CXX compiler: /usr/bin/c++ - skipped
-- Detecting CXX compile features
-- Detecting CXX compile features - done
-- Found ament_cmake: 1.3.11 (/opt/ros/humble/share/ament_cmake/cmake)
-- Found Python3: /usr/bin/python3 (found version "3.10.12") found components: Interpreter 
-- Found rosidl_default_generators: 1.2.0 (/opt/ros/humble/share/rosidl_default_generators/cmake)
-- Using all available rosidl_typesupport_c: rosidl_typesupport_fastrtps_c;rosidl_typesupport_introspection_c
-- Found rosidl_adapter: 3.1.6 (/opt/ros/humble/share/rosidl_adapter/cmake)
-- Using all available rosidl_typesupport_cpp: rosidl_typesupport_fastrtps_cpp;rosidl_typesupport_introspection_cpp
-- Found ament_lint_auto: 0.12.12 (/opt/ros/humble/share/ament_lint_auto/cmake)
-- Found ament_cmake_ros: 0.10.0 (/opt/ros/humble/share/ament_cmake_ros/cmake)
-- Using all available rosidl_typesupport_c: rosidl_typesupport_fastrtps_c;rosidl_typesupport_introspection_c
-- Using all available rosidl_typesupport_cpp: rosidl_typesupport_fastrtps_cpp;rosidl_typesupport_introspection_cpp
-- Found PythonInterp: /usr/bin/python3 (found suitable version "3.10.12", minimum required is "3.6") 
-- Found python_cmake_module: 0.10.0 (/opt/ros/humble/share/python_cmake_module/cmake)
-- Found PythonLibs: /usr/lib/x86_64-linux-gnu/libpython3.10.so (found suitable version "3.10.12", minimum required is "3.5") 
-- Using PYTHON_EXECUTABLE: /usr/bin/python3
-- Using PYTHON_INCLUDE_DIRS: /usr/include/python3.10
-- Using PYTHON_LIBRARIES: /usr/lib/x86_64-linux-gnu/libpython3.10.so
-- Found PythonExtra: .so  
-- Added test 'copyright' to check source files copyright and LICENSE
-- Added test 'lint_cmake' to check CMake code style
-- Added test 'xmllint' to check XML markup files
-- Configuring done
-- Generating done
-- Build files have been written to: /home/salem/microros_ws/build/micro_ros_msgs
/usr/bin/cmake -S/home/salem/microros_ws/src/uros/micro_ros_msgs -B/home/salem/microros_ws/build/micro_ros_msgs --check-build-system CMakeFiles/Makefile.cmake 0
/usr/bin/cmake -E cmake_progress_start /home/salem/microros_ws/build/micro_ros_msgs/CMakeFiles /home/salem/microros_ws/build/micro_ros_msgs//CMakeFiles/progress.marks
/usr/bin/gmake  -f CMakeFiles/Makefile2 all
gmake[1]: Entering directory '/home/salem/microros_ws/build/micro_ros_msgs'
/usr/bin/gmake  -f CMakeFiles/micro_ros_msgs__cpp.dir/build.make CMakeFiles/micro_ros_msgs__cpp.dir/depend
/usr/bin/gmake  -f CMakeFiles/micro_ros_msgs__rosidl_generator_c.dir/build.make CMakeFiles/micro_ros_msgs__rosidl_generator_c.dir/depend
/usr/bin/gmake  -f CMakeFiles/ament_cmake_python_copy_micro_ros_msgs.dir/build.make CMakeFiles/ament_cmake_python_copy_micro_ros_msgs.dir/depend
gmake[2]: Entering directory '/home/salem/microros_ws/build/micro_ros_msgs'
cd /home/salem/microros_ws/build/micro_ros_msgs && /usr/bin/cmake -E cmake_depends "Unix Makefiles" /home/salem/microros_ws/src/uros/micro_ros_msgs /home/salem/microros_ws/src/uros/micro_ros_msgs /home/salem/microros_ws/build/micro_ros_msgs /home/salem/microros_ws/build/micro_ros_msgs /home/salem/microros_ws/build/micro_ros_msgs/CMakeFiles/micro_ros_msgs__cpp.dir/DependInfo.cmake --color=
gmake[2]: Entering directory '/home/salem/microros_ws/build/micro_ros_msgs'
gmake[2]: Entering directory '/home/salem/microros_ws/build/micro_ros_msgs'
cd /home/salem/microros_ws/build/micro_ros_msgs && /usr/bin/cmake -E cmake_depends "Unix Makefiles" /home/salem/microros_ws/src/uros/micro_ros_msgs /home/salem/microros_ws/src/uros/micro_ros_msgs /home/salem/microros_ws/build/micro_ros_msgs /home/salem/microros_ws/build/micro_ros_msgs /home/salem/microros_ws/build/micro_ros_msgs/CMakeFiles/ament_cmake_python_copy_micro_ros_msgs.dir/DependInfo.cmake --color=
[  2%] [34m[1mGenerating C code for ROS interfaces[0m
/usr/bin/python3 /opt/ros/humble/share/rosidl_generator_c/cmake/../../../lib/rosidl_generator_c/rosidl_generator_c --generator-arguments-file /home/salem/microros_ws/build/micro_ros_msgs/rosidl_generator_c__arguments.json
gmake[2]: Leaving directory '/home/salem/microros_ws/build/micro_ros_msgs'
gmake[2]: Leaving directory '/home/salem/microros_ws/build/micro_ros_msgs'
/usr/bin/gmake  -f CMakeFiles/ament_cmake_python_copy_micro_ros_msgs.dir/build.make CMakeFiles/ament_cmake_python_copy_micro_ros_msgs.dir/build
/usr/bin/gmake  -f CMakeFiles/micro_ros_msgs__cpp.dir/build.make CMakeFiles/micro_ros_msgs__cpp.dir/build
gmake[2]: Entering directory '/home/salem/microros_ws/build/micro_ros_msgs'
/usr/bin/cmake -E copy_directory /home/salem/microros_ws/build/micro_ros_msgs/rosidl_generator_py/micro_ros_msgs /home/salem/microros_ws/build/micro_ros_msgs/ament_cmake_python/micro_ros_msgs/micro_ros_msgs
gmake[2]: Entering directory '/home/salem/microros_ws/build/micro_ros_msgs'
gmake[2]: Leaving directory '/home/salem/microros_ws/build/micro_ros_msgs'
[  4%] [34m[1mGenerating C++ code for ROS interfaces[0m
/usr/bin/python3 /opt/ros/humble/share/rosidl_generator_cpp/cmake/../../../lib/rosidl_generator_cpp/rosidl_generator_cpp --generator-arguments-file /home/salem/microros_ws/build/micro_ros_msgs/rosidl_generator_cpp__arguments.json
[  4%] Built target ament_cmake_python_copy_micro_ros_msgs
/usr/bin/gmake  -f CMakeFiles/ament_cmake_python_build_micro_ros_msgs_egg.dir/build.make CMakeFiles/ament_cmake_python_build_micro_ros_msgs_egg.dir/depend
gmake[2]: Entering directory '/home/salem/microros_ws/build/micro_ros_msgs'
cd /home/salem/microros_ws/build/micro_ros_msgs && /usr/bin/cmake -E cmake_depends "Unix Makefiles" /home/salem/microros_ws/src/uros/micro_ros_msgs /home/salem/microros_ws/src/uros/micro_ros_msgs /home/salem/microros_ws/build/micro_ros_msgs /home/salem/microros_ws/build/micro_ros_msgs /home/salem/microros_ws/build/micro_ros_msgs/CMakeFiles/ament_cmake_python_build_micro_ros_msgs_egg.dir/DependInfo.cmake --color=
gmake[2]: Leaving directory '/home/salem/microros_ws/build/micro_ros_msgs'
/usr/bin/gmake  -f CMakeFiles/ament_cmake_python_build_micro_ros_msgs_egg.dir/build.make CMakeFiles/ament_cmake_python_build_micro_ros_msgs_egg.dir/build
gmake[2]: Entering directory '/home/salem/microros_ws/build/micro_ros_msgs'
cd /home/salem/microros_ws/build/micro_ros_msgs/ament_cmake_python/micro_ros_msgs && /usr/bin/python3 setup.py egg_info
running egg_info
creating micro_ros_msgs.egg-info
writing micro_ros_msgs.egg-info/PKG-INFO
writing dependency_links to micro_ros_msgs.egg-info/dependency_links.txt
writing top-level names to micro_ros_msgs.egg-info/top_level.txt
writing manifest file 'micro_ros_msgs.egg-info/SOURCES.txt'
reading manifest file 'micro_ros_msgs.egg-info/SOURCES.txt'
writing manifest file 'micro_ros_msgs.egg-info/SOURCES.txt'
gmake[2]: Leaving directory '/home/salem/microros_ws/build/micro_ros_msgs'
[  4%] Built target ament_cmake_python_build_micro_ros_msgs_egg
gmake[2]: Leaving directory '/home/salem/microros_ws/build/micro_ros_msgs'
cd /home/salem/microros_ws/build/micro_ros_msgs && /usr/bin/cmake -E cmake_depends "Unix Makefiles" /home/salem/microros_ws/src/uros/micro_ros_msgs /home/salem/microros_ws/src/uros/micro_ros_msgs /home/salem/microros_ws/build/micro_ros_msgs /home/salem/microros_ws/build/micro_ros_msgs /home/salem/microros_ws/build/micro_ros_msgs/CMakeFiles/micro_ros_msgs__rosidl_generator_c.dir/DependInfo.cmake --color=
[  4%] Built target micro_ros_msgs__cpp
/usr/bin/gmake  -f CMakeFiles/micro_ros_msgs__rosidl_typesupport_introspection_cpp.dir/build.make CMakeFiles/micro_ros_msgs__rosidl_typesupport_introspection_cpp.dir/depend
gmake[2]: Leaving directory '/home/salem/microros_ws/build/micro_ros_msgs'
/usr/bin/gmake  -f CMakeFiles/micro_ros_msgs__rosidl_typesupport_cpp.dir/build.make CMakeFiles/micro_ros_msgs__rosidl_typesupport_cpp.dir/depend
/usr/bin/gmake  -f CMakeFiles/micro_ros_msgs__rosidl_generator_c.dir/build.make CMakeFiles/micro_ros_msgs__rosidl_generator_c.dir/build
/usr/bin/gmake  -f CMakeFiles/micro_ros_msgs__rosidl_typesupport_fastrtps_cpp.dir/build.make CMakeFiles/micro_ros_msgs__rosidl_typesupport_fastrtps_cpp.dir/depend
gmake[2]: Entering directory '/home/salem/microros_ws/build/micro_ros_msgs'
gmake[2]: Entering directory '/home/salem/microros_ws/build/micro_ros_msgs'
gmake[2]: Entering directory '/home/salem/microros_ws/build/micro_ros_msgs'
gmake[2]: Entering directory '/home/salem/microros_ws/build/micro_ros_msgs'
[ 10%] [34m[1mGenerating C++ introspection for ROS interfaces[0m
[ 10%] [32mBuilding C object CMakeFiles/micro_ros_msgs__rosidl_generator_c.dir/rosidl_generator_c/micro_ros_msgs/msg/detail/entity__functions.c.o[0m
[ 12%] [32mBuilding C object CMakeFiles/micro_ros_msgs__rosidl_generator_c.dir/rosidl_generator_c/micro_ros_msgs/msg/detail/graph__functions.c.o[0m
[ 14%] [34m[1mGenerating C++ type support for eProsima Fast-RTPS[0m
[ 14%] [32mBuilding C object CMakeFiles/micro_ros_msgs__rosidl_generator_c.dir/rosidl_generator_c/micro_ros_msgs/msg/detail/node__functions.c.o[0m
[ 17%] [34m[1mGenerating C++ type support dispatch for ROS interfaces[0m
/usr/bin/cc -DRCUTILS_ENABLE_FAULT_INJECTION -DROSIDL_GENERATOR_C_BUILDING_DLL_micro_ros_msgs -DROS_PACKAGE_NAME=\"micro_ros_msgs\" -I/home/salem/microros_ws/build/micro_ros_msgs/rosidl_generator_c -isystem /opt/ros/humble/include/rosidl_runtime_c -isystem /opt/ros/humble/include/rcutils -isystem /opt/ros/humble/include/rosidl_typesupport_interface -fPIC -Wall -std=gnu11 -MD -MT CMakeFiles/micro_ros_msgs__rosidl_generator_c.dir/rosidl_generator_c/micro_ros_msgs/msg/detail/entity__functions.c.o -MF CMakeFiles/micro_ros_msgs__rosidl_generator_c.dir/rosidl_generator_c/micro_ros_msgs/msg/detail/entity__functions.c.o.d -o CMakeFiles/micro_ros_msgs__rosidl_generator_c.dir/rosidl_generator_c/micro_ros_msgs/msg/detail/entity__functions.c.o -c /home/salem/microros_ws/build/micro_ros_msgs/rosidl_generator_c/micro_ros_msgs/msg/detail/entity__functions.c
/usr/bin/python3 /opt/ros/humble/lib/rosidl_typesupport_fastrtps_cpp/rosidl_typesupport_fastrtps_cpp --generator-arguments-file /home/salem/microros_ws/build/micro_ros_msgs/rosidl_typesupport_fastrtps_cpp__arguments.json
/usr/bin/python3 /opt/ros/humble/lib/rosidl_typesupport_introspection_cpp/rosidl_typesupport_introspection_cpp --generator-arguments-file /home/salem/microros_ws/build/micro_ros_msgs/rosidl_typesupport_introspection_cpp__arguments.json
/usr/bin/cc -DRCUTILS_ENABLE_FAULT_INJECTION -DROSIDL_GENERATOR_C_BUILDING_DLL_micro_ros_msgs -DROS_PACKAGE_NAME=\"micro_ros_msgs\" -I/home/salem/microros_ws/build/micro_ros_msgs/rosidl_generator_c -isystem /opt/ros/humble/include/rosidl_runtime_c -isystem /opt/ros/humble/include/rcutils -isystem /opt/ros/humble/include/rosidl_typesupport_interface -fPIC -Wall -std=gnu11 -MD -MT CMakeFiles/micro_ros_msgs__rosidl_generator_c.dir/rosidl_generator_c/micro_ros_msgs/msg/detail/graph__functions.c.o -MF CMakeFiles/micro_ros_msgs__rosidl_generator_c.dir/rosidl_generator_c/micro_ros_msgs/msg/detail/graph__functions.c.o.d -o CMakeFiles/micro_ros_msgs__rosidl_generator_c.dir/rosidl_generator_c/micro_ros_msgs/msg/detail/graph__functions.c.o -c /home/salem/microros_ws/build/micro_ros_msgs/rosidl_generator_c/micro_ros_msgs/msg/detail/graph__functions.c
/usr/bin/cc -DRCUTILS_ENABLE_FAULT_INJECTION -DROSIDL_GENERATOR_C_BUILDING_DLL_micro_ros_msgs -DROS_PACKAGE_NAME=\"micro_ros_msgs\" -I/home/salem/microros_ws/build/micro_ros_msgs/rosidl_generator_c -isystem /opt/ros/humble/include/rosidl_runtime_c -isystem /opt/ros/humble/include/rcutils -isystem /opt/ros/humble/include/rosidl_typesupport_interface -fPIC -Wall -std=gnu11 -MD -MT CMakeFiles/micro_ros_msgs__rosidl_generator_c.dir/rosidl_generator_c/micro_ros_msgs/msg/detail/node__functions.c.o -MF CMakeFiles/micro_ros_msgs__rosidl_generator_c.dir/rosidl_generator_c/micro_ros_msgs/msg/detail/node__functions.c.o.d -o CMakeFiles/micro_ros_msgs__rosidl_generator_c.dir/rosidl_generator_c/micro_ros_msgs/msg/detail/node__functions.c.o -c /home/salem/microros_ws/build/micro_ros_msgs/rosidl_generator_c/micro_ros_msgs/msg/detail/node__functions.c
/usr/bin/python3 /opt/ros/humble/lib/rosidl_typesupport_cpp/rosidl_typesupport_cpp --generator-arguments-file /home/salem/microros_ws/build/micro_ros_msgs/rosidl_typesupport_cpp__arguments.json --typesupports rosidl_typesupport_fastrtps_cpp rosidl_typesupport_introspection_cpp
[ 19%] [32m[1mLinking C shared library libmicro_ros_msgs__rosidl_generator_c.so[0m
/usr/bin/cmake -E cmake_link_script CMakeFiles/micro_ros_msgs__rosidl_generator_c.dir/link.txt --verbose=1
/usr/bin/cc -fPIC -shared -Wl,-soname,libmicro_ros_msgs__rosidl_generator_c.so -o libmicro_ros_msgs__rosidl_generator_c.so CMakeFiles/micro_ros_msgs__rosidl_generator_c.dir/rosidl_generator_c/micro_ros_msgs/msg/detail/graph__functions.c.o CMakeFiles/micro_ros_msgs__rosidl_generator_c.dir/rosidl_generator_c/micro_ros_msgs/msg/detail/node__functions.c.o CMakeFiles/micro_ros_msgs__rosidl_generator_c.dir/rosidl_generator_c/micro_ros_msgs/msg/detail/entity__functions.c.o  -Wl,-rpath,/opt/ros/humble/lib: /opt/ros/humble/lib/librosidl_runtime_c.so /opt/ros/humble/lib/librcutils.so -ldl 
gmake[2]: Leaving directory '/home/salem/microros_ws/build/micro_ros_msgs'
[ 19%] Built target micro_ros_msgs__rosidl_generator_c
/usr/bin/gmake  -f CMakeFiles/micro_ros_msgs__rosidl_typesupport_fastrtps_c.dir/build.make CMakeFiles/micro_ros_msgs__rosidl_typesupport_fastrtps_c.dir/depend
/usr/bin/gmake  -f CMakeFiles/micro_ros_msgs__rosidl_typesupport_introspection_c.dir/build.make CMakeFiles/micro_ros_msgs__rosidl_typesupport_introspection_c.dir/depend
/usr/bin/gmake  -f CMakeFiles/micro_ros_msgs__rosidl_typesupport_c.dir/build.make CMakeFiles/micro_ros_msgs__rosidl_typesupport_c.dir/depend
gmake[2]: Entering directory '/home/salem/microros_ws/build/micro_ros_msgs'
gmake[2]: Entering directory '/home/salem/microros_ws/build/micro_ros_msgs'
gmake[2]: Entering directory '/home/salem/microros_ws/build/micro_ros_msgs'
[ 25%] [34m[1mGenerating C type support dispatch for ROS interfaces[0m
[ 25%] [34m[1mGenerating C type support for eProsima Fast-RTPS[0m
[ 25%] [34m[1mGenerating C introspection for ROS interfaces[0m
/usr/bin/python3 /opt/ros/humble/lib/rosidl_typesupport_introspection_c/rosidl_typesupport_introspection_c --generator-arguments-file /home/salem/microros_ws/build/micro_ros_msgs/rosidl_typesupport_introspection_c__arguments.json
/usr/bin/python3 /opt/ros/humble/lib/rosidl_typesupport_fastrtps_c/rosidl_typesupport_fastrtps_c --generator-arguments-file /home/salem/microros_ws/build/micro_ros_msgs/rosidl_typesupport_fastrtps_c__arguments.json
/usr/bin/python3 /opt/ros/humble/lib/rosidl_typesupport_c/rosidl_typesupport_c --generator-arguments-file /home/salem/microros_ws/build/micro_ros_msgs/rosidl_typesupport_c__arguments.json --typesupports rosidl_typesupport_fastrtps_c rosidl_typesupport_introspection_c
cd /home/salem/microros_ws/build/micro_ros_msgs && /usr/bin/cmake -E cmake_depends "Unix Makefiles" /home/salem/microros_ws/src/uros/micro_ros_msgs /home/salem/microros_ws/src/uros/micro_ros_msgs /home/salem/microros_ws/build/micro_ros_msgs /home/salem/microros_ws/build/micro_ros_msgs /home/salem/microros_ws/build/micro_ros_msgs/CMakeFiles/micro_ros_msgs__rosidl_typesupport_cpp.dir/DependInfo.cmake --color=
gmake[2]: Leaving directory '/home/salem/microros_ws/build/micro_ros_msgs'
/usr/bin/gmake  -f CMakeFiles/micro_ros_msgs__rosidl_typesupport_cpp.dir/build.make CMakeFiles/micro_ros_msgs__rosidl_typesupport_cpp.dir/build
gmake[2]: Entering directory '/home/salem/microros_ws/build/micro_ros_msgs'
[ 27%] [32mBuilding CXX object CMakeFiles/micro_ros_msgs__rosidl_typesupport_cpp.dir/rosidl_typesupport_cpp/micro_ros_msgs/msg/graph__type_support.cpp.o[0m
cd /home/salem/microros_ws/build/micro_ros_msgs && /usr/bin/cmake -E cmake_depends "Unix Makefiles" /home/salem/microros_ws/src/uros/micro_ros_msgs /home/salem/microros_ws/src/uros/micro_ros_msgs /home/salem/microros_ws/build/micro_ros_msgs /home/salem/microros_ws/build/micro_ros_msgs /home/salem/microros_ws/build/micro_ros_msgs/CMakeFiles/micro_ros_msgs__rosidl_typesupport_introspection_cpp.dir/DependInfo.cmake --color=
/usr/bin/c++ -DRCUTILS_ENABLE_FAULT_INJECTION -DROSIDL_TYPESUPPORT_CPP_BUILDING_DLL -DROS_PACKAGE_NAME=\"micro_ros_msgs\" -I/home/salem/microros_ws/build/micro_ros_msgs/rosidl_generator_cpp -isystem /opt/ros/humble/include/rosidl_runtime_cpp -isystem /opt/ros/humble/include/rosidl_runtime_c -isystem /opt/ros/humble/include/rcutils -isystem /opt/ros/humble/include/rosidl_typesupport_interface -isystem /opt/ros/humble/include/rosidl_typesupport_cpp -isystem /opt/ros/humble/include/rosidl_typesupport_c -fPIC -Wall -Wextra -Wpedantic -std=gnu++14 -MD -MT CMakeFiles/micro_ros_msgs__rosidl_typesupport_cpp.dir/rosidl_typesupport_cpp/micro_ros_msgs/msg/graph__type_support.cpp.o -MF CMakeFiles/micro_ros_msgs__rosidl_typesupport_cpp.dir/rosidl_typesupport_cpp/micro_ros_msgs/msg/graph__type_support.cpp.o.d -o CMakeFiles/micro_ros_msgs__rosidl_typesupport_cpp.dir/rosidl_typesupport_cpp/micro_ros_msgs/msg/graph__type_support.cpp.o -c /home/salem/microros_ws/build/micro_ros_msgs/rosidl_typesupport_cpp/micro_ros_msgs/msg/graph__type_support.cpp
[ 29%] [32mBuilding CXX object CMakeFiles/micro_ros_msgs__rosidl_typesupport_cpp.dir/rosidl_typesupport_cpp/micro_ros_msgs/msg/node__type_support.cpp.o[0m
[ 31%] [32mBuilding CXX object CMakeFiles/micro_ros_msgs__rosidl_typesupport_cpp.dir/rosidl_typesupport_cpp/micro_ros_msgs/msg/entity__type_support.cpp.o[0m
/usr/bin/c++ -DRCUTILS_ENABLE_FAULT_INJECTION -DROSIDL_TYPESUPPORT_CPP_BUILDING_DLL -DROS_PACKAGE_NAME=\"micro_ros_msgs\" -I/home/salem/microros_ws/build/micro_ros_msgs/rosidl_generator_cpp -isystem /opt/ros/humble/include/rosidl_runtime_cpp -isystem /opt/ros/humble/include/rosidl_runtime_c -isystem /opt/ros/humble/include/rcutils -isystem /opt/ros/humble/include/rosidl_typesupport_interface -isystem /opt/ros/humble/include/rosidl_typesupport_cpp -isystem /opt/ros/humble/include/rosidl_typesupport_c -fPIC -Wall -Wextra -Wpedantic -std=gnu++14 -MD -MT CMakeFiles/micro_ros_msgs__rosidl_typesupport_cpp.dir/rosidl_typesupport_cpp/micro_ros_msgs/msg/node__type_support.cpp.o -MF CMakeFiles/micro_ros_msgs__rosidl_typesupport_cpp.dir/rosidl_typesupport_cpp/micro_ros_msgs/msg/node__type_support.cpp.o.d -o CMakeFiles/micro_ros_msgs__rosidl_typesupport_cpp.dir/rosidl_typesupport_cpp/micro_ros_msgs/msg/node__type_support.cpp.o -c /home/salem/microros_ws/build/micro_ros_msgs/rosidl_typesupport_cpp/micro_ros_msgs/msg/node__type_support.cpp
/usr/bin/c++ -DRCUTILS_ENABLE_FAULT_INJECTION -DROSIDL_TYPESUPPORT_CPP_BUILDING_DLL -DROS_PACKAGE_NAME=\"micro_ros_msgs\" -I/home/salem/microros_ws/build/micro_ros_msgs/rosidl_generator_cpp -isystem /opt/ros/humble/include/rosidl_runtime_cpp -isystem /opt/ros/humble/include/rosidl_runtime_c -isystem /opt/ros/humble/include/rcutils -isystem /opt/ros/humble/include/rosidl_typesupport_interface -isystem /opt/ros/humble/include/rosidl_typesupport_cpp -isystem /opt/ros/humble/include/rosidl_typesupport_c -fPIC -Wall -Wextra -Wpedantic -std=gnu++14 -MD -MT CMakeFiles/micro_ros_msgs__rosidl_typesupport_cpp.dir/rosidl_typesupport_cpp/micro_ros_msgs/msg/entity__type_support.cpp.o -MF CMakeFiles/micro_ros_msgs__rosidl_typesupport_cpp.dir/rosidl_typesupport_cpp/micro_ros_msgs/msg/entity__type_support.cpp.o.d -o CMakeFiles/micro_ros_msgs__rosidl_typesupport_cpp.dir/rosidl_typesupport_cpp/micro_ros_msgs/msg/entity__type_support.cpp.o -c /home/salem/microros_ws/build/micro_ros_msgs/rosidl_typesupport_cpp/micro_ros_msgs/msg/entity__type_support.cpp
gmake[2]: Leaving directory '/home/salem/microros_ws/build/micro_ros_msgs'
/usr/bin/gmake  -f CMakeFiles/micro_ros_msgs__rosidl_typesupport_introspection_cpp.dir/build.make CMakeFiles/micro_ros_msgs__rosidl_typesupport_introspection_cpp.dir/build
cd /home/salem/microros_ws/build/micro_ros_msgs && /usr/bin/cmake -E cmake_depends "Unix Makefiles" /home/salem/microros_ws/src/uros/micro_ros_msgs /home/salem/microros_ws/src/uros/micro_ros_msgs /home/salem/microros_ws/build/micro_ros_msgs /home/salem/microros_ws/build/micro_ros_msgs /home/salem/microros_ws/build/micro_ros_msgs/CMakeFiles/micro_ros_msgs__rosidl_typesupport_fastrtps_cpp.dir/DependInfo.cmake --color=
gmake[2]: Entering directory '/home/salem/microros_ws/build/micro_ros_msgs'
[ 34%] [32mBuilding CXX object CMakeFiles/micro_ros_msgs__rosidl_typesupport_introspection_cpp.dir/rosidl_typesupport_introspection_cpp/micro_ros_msgs/msg/detail/graph__type_support.cpp.o[0m
[ 36%] [32mBuilding CXX object CMakeFiles/micro_ros_msgs__rosidl_typesupport_introspection_cpp.dir/rosidl_typesupport_introspection_cpp/micro_ros_msgs/msg/detail/node__type_support.cpp.o[0m
[ 38%] [32mBuilding CXX object CMakeFiles/micro_ros_msgs__rosidl_typesupport_introspection_cpp.dir/rosidl_typesupport_introspection_cpp/micro_ros_msgs/msg/detail/entity__type_support.cpp.o[0m
gmake[2]: Leaving directory '/home/salem/microros_ws/build/micro_ros_msgs'
/usr/bin/c++ -DRCUTILS_ENABLE_FAULT_INJECTION -DROSIDL_TYPESUPPORT_INTROSPECTION_CPP_BUILDING_DLL -DROS_PACKAGE_NAME=\"micro_ros_msgs\" -I/home/salem/microros_ws/build/micro_ros_msgs/rosidl_typesupport_introspection_cpp -I/home/salem/microros_ws/build/micro_ros_msgs/rosidl_generator_cpp -isystem /opt/ros/humble/include/rosidl_runtime_cpp -isystem /opt/ros/humble/include/rosidl_runtime_c -isystem /opt/ros/humble/include/rcutils -isystem /opt/ros/humble/include/rosidl_typesupport_interface -isystem /opt/ros/humble/include/rosidl_typesupport_introspection_cpp -isystem /opt/ros/humble/include/rosidl_typesupport_introspection_c -fPIC -Wall -Wextra -Wpedantic -MD -MT CMakeFiles/micro_ros_msgs__rosidl_typesupport_introspection_cpp.dir/rosidl_typesupport_introspection_cpp/micro_ros_msgs/msg/detail/graph__type_support.cpp.o -MF CMakeFiles/micro_ros_msgs__rosidl_typesupport_introspection_cpp.dir/rosidl_typesupport_introspection_cpp/micro_ros_msgs/msg/detail/graph__type_support.cpp.o.d -o CMakeFiles/micro_ros_msgs__rosidl_typesupport_introspection_cpp.dir/rosidl_typesupport_introspection_cpp/micro_ros_msgs/msg/detail/graph__type_support.cpp.o -c /home/salem/microros_ws/build/micro_ros_msgs/rosidl_typesupport_introspection_cpp/micro_ros_msgs/msg/detail/graph__type_support.cpp
/usr/bin/gmake  -f CMakeFiles/micro_ros_msgs__rosidl_typesupport_fastrtps_cpp.dir/build.make CMakeFiles/micro_ros_msgs__rosidl_typesupport_fastrtps_cpp.dir/build
/usr/bin/c++ -DRCUTILS_ENABLE_FAULT_INJECTION -DROSIDL_TYPESUPPORT_INTROSPECTION_CPP_BUILDING_DLL -DROS_PACKAGE_NAME=\"micro_ros_msgs\" -I/home/salem/microros_ws/build/micro_ros_msgs/rosidl_typesupport_introspection_cpp -I/home/salem/microros_ws/build/micro_ros_msgs/rosidl_generator_cpp -isystem /opt/ros/humble/include/rosidl_runtime_cpp -isystem /opt/ros/humble/include/rosidl_runtime_c -isystem /opt/ros/humble/include/rcutils -isystem /opt/ros/humble/include/rosidl_typesupport_interface -isystem /opt/ros/humble/include/rosidl_typesupport_introspection_cpp -isystem /opt/ros/humble/include/rosidl_typesupport_introspection_c -fPIC -Wall -Wextra -Wpedantic -MD -MT CMakeFiles/micro_ros_msgs__rosidl_typesupport_introspection_cpp.dir/rosidl_typesupport_introspection_cpp/micro_ros_msgs/msg/detail/node__type_support.cpp.o -MF CMakeFiles/micro_ros_msgs__rosidl_typesupport_introspection_cpp.dir/rosidl_typesupport_introspection_cpp/micro_ros_msgs/msg/detail/node__type_support.cpp.o.d -o CMakeFiles/micro_ros_msgs__rosidl_typesupport_introspection_cpp.dir/rosidl_typesupport_introspection_cpp/micro_ros_msgs/msg/detail/node__type_support.cpp.o -c /home/salem/microros_ws/build/micro_ros_msgs/rosidl_typesupport_introspection_cpp/micro_ros_msgs/msg/detail/node__type_support.cpp
/usr/bin/c++ -DRCUTILS_ENABLE_FAULT_INJECTION -DROSIDL_TYPESUPPORT_INTROSPECTION_CPP_BUILDING_DLL -DROS_PACKAGE_NAME=\"micro_ros_msgs\" -I/home/salem/microros_ws/build/micro_ros_msgs/rosidl_typesupport_introspection_cpp -I/home/salem/microros_ws/build/micro_ros_msgs/rosidl_generator_cpp -isystem /opt/ros/humble/include/rosidl_runtime_cpp -isystem /opt/ros/humble/include/rosidl_runtime_c -isystem /opt/ros/humble/include/rcutils -isystem /opt/ros/humble/include/rosidl_typesupport_interface -isystem /opt/ros/humble/include/rosidl_typesupport_introspection_cpp -isystem /opt/ros/humble/include/rosidl_typesupport_introspection_c -fPIC -Wall -Wextra -Wpedantic -MD -MT CMakeFiles/micro_ros_msgs__rosidl_typesupport_introspection_cpp.dir/rosidl_typesupport_introspection_cpp/micro_ros_msgs/msg/detail/entity__type_support.cpp.o -MF CMakeFiles/micro_ros_msgs__rosidl_typesupport_introspection_cpp.dir/rosidl_typesupport_introspection_cpp/micro_ros_msgs/msg/detail/entity__type_support.cpp.o.d -o CMakeFiles/micro_ros_msgs__rosidl_typesupport_introspection_cpp.dir/rosidl_typesupport_introspection_cpp/micro_ros_msgs/msg/detail/entity__type_support.cpp.o -c /home/salem/microros_ws/build/micro_ros_msgs/rosidl_typesupport_introspection_cpp/micro_ros_msgs/msg/detail/entity__type_support.cpp
gmake[2]: Entering directory '/home/salem/microros_ws/build/micro_ros_msgs'
[ 42%] [32mBuilding CXX object CMakeFiles/micro_ros_msgs__rosidl_typesupport_fastrtps_cpp.dir/rosidl_typesupport_fastrtps_cpp/micro_ros_msgs/msg/detail/dds_fastrtps/node__type_support.cpp.o[0m
[ 42%] [32mBuilding CXX object CMakeFiles/micro_ros_msgs__rosidl_typesupport_fastrtps_cpp.dir/rosidl_typesupport_fastrtps_cpp/micro_ros_msgs/msg/detail/dds_fastrtps/graph__type_support.cpp.o[0m
[ 44%] [32mBuilding CXX object CMakeFiles/micro_ros_msgs__rosidl_typesupport_fastrtps_cpp.dir/rosidl_typesupport_fastrtps_cpp/micro_ros_msgs/msg/detail/dds_fastrtps/entity__type_support.cpp.o[0m
/usr/bin/c++ -DRCUTILS_ENABLE_FAULT_INJECTION -DROSIDL_TYPESUPPORT_FASTRTPS_CPP_BUILDING_DLL_micro_ros_msgs -DROS_PACKAGE_NAME=\"micro_ros_msgs\" -I/home/salem/microros_ws/build/micro_ros_msgs/rosidl_typesupport_fastrtps_cpp -I/home/salem/microros_ws/build/micro_ros_msgs/rosidl_generator_cpp -isystem /opt/ros/humble/include/fastcdr -isystem /opt/ros/humble/include/rmw -isystem /opt/ros/humble/include/rcutils -isystem /opt/ros/humble/include/rosidl_runtime_c -isystem /opt/ros/humble/include/rosidl_typesupport_interface -isystem /opt/ros/humble/include/rosidl_runtime_cpp -isystem /opt/ros/humble/include/rosidl_typesupport_fastrtps_cpp -fPIC -Wall -Wextra -Wpedantic -Wredundant-decls -std=gnu++14 -MD -MT CMakeFiles/micro_ros_msgs__rosidl_typesupport_fastrtps_cpp.dir/rosidl_typesupport_fastrtps_cpp/micro_ros_msgs/msg/detail/dds_fastrtps/graph__type_support.cpp.o -MF CMakeFiles/micro_ros_msgs__rosidl_typesupport_fastrtps_cpp.dir/rosidl_typesupport_fastrtps_cpp/micro_ros_msgs/msg/detail/dds_fastrtps/graph__type_support.cpp.o.d -o CMakeFiles/micro_ros_msgs__rosidl_typesupport_fastrtps_cpp.dir/rosidl_typesupport_fastrtps_cpp/micro_ros_msgs/msg/detail/dds_fastrtps/graph__type_support.cpp.o -c /home/salem/microros_ws/build/micro_ros_msgs/rosidl_typesupport_fastrtps_cpp/micro_ros_msgs/msg/detail/dds_fastrtps/graph__type_support.cpp
/usr/bin/c++ -DRCUTILS_ENABLE_FAULT_INJECTION -DROSIDL_TYPESUPPORT_FASTRTPS_CPP_BUILDING_DLL_micro_ros_msgs -DROS_PACKAGE_NAME=\"micro_ros_msgs\" -I/home/salem/microros_ws/build/micro_ros_msgs/rosidl_typesupport_fastrtps_cpp -I/home/salem/microros_ws/build/micro_ros_msgs/rosidl_generator_cpp -isystem /opt/ros/humble/include/fastcdr -isystem /opt/ros/humble/include/rmw -isystem /opt/ros/humble/include/rcutils -isystem /opt/ros/humble/include/rosidl_runtime_c -isystem /opt/ros/humble/include/rosidl_typesupport_interface -isystem /opt/ros/humble/include/rosidl_runtime_cpp -isystem /opt/ros/humble/include/rosidl_typesupport_fastrtps_cpp -fPIC -Wall -Wextra -Wpedantic -Wredundant-decls -std=gnu++14 -MD -MT CMakeFiles/micro_ros_msgs__rosidl_typesupport_fastrtps_cpp.dir/rosidl_typesupport_fastrtps_cpp/micro_ros_msgs/msg/detail/dds_fastrtps/node__type_support.cpp.o -MF CMakeFiles/micro_ros_msgs__rosidl_typesupport_fastrtps_cpp.dir/rosidl_typesupport_fastrtps_cpp/micro_ros_msgs/msg/detail/dds_fastrtps/node__type_support.cpp.o.d -o CMakeFiles/micro_ros_msgs__rosidl_typesupport_fastrtps_cpp.dir/rosidl_typesupport_fastrtps_cpp/micro_ros_msgs/msg/detail/dds_fastrtps/node__type_support.cpp.o -c /home/salem/microros_ws/build/micro_ros_msgs/rosidl_typesupport_fastrtps_cpp/micro_ros_msgs/msg/detail/dds_fastrtps/node__type_support.cpp
/usr/bin/c++ -DRCUTILS_ENABLE_FAULT_INJECTION -DROSIDL_TYPESUPPORT_FASTRTPS_CPP_BUILDING_DLL_micro_ros_msgs -DROS_PACKAGE_NAME=\"micro_ros_msgs\" -I/home/salem/microros_ws/build/micro_ros_msgs/rosidl_typesupport_fastrtps_cpp -I/home/salem/microros_ws/build/micro_ros_msgs/rosidl_generator_cpp -isystem /opt/ros/humble/include/fastcdr -isystem /opt/ros/humble/include/rmw -isystem /opt/ros/humble/include/rcutils -isystem /opt/ros/humble/include/rosidl_runtime_c -isystem /opt/ros/humble/include/rosidl_typesupport_interface -isystem /opt/ros/humble/include/rosidl_runtime_cpp -isystem /opt/ros/humble/include/rosidl_typesupport_fastrtps_cpp -fPIC -Wall -Wextra -Wpedantic -Wredundant-decls -std=gnu++14 -MD -MT CMakeFiles/micro_ros_msgs__rosidl_typesupport_fastrtps_cpp.dir/rosidl_typesupport_fastrtps_cpp/micro_ros_msgs/msg/detail/dds_fastrtps/entity__type_support.cpp.o -MF CMakeFiles/micro_ros_msgs__rosidl_typesupport_fastrtps_cpp.dir/rosidl_typesupport_fastrtps_cpp/micro_ros_msgs/msg/detail/dds_fastrtps/entity__type_support.cpp.o.d -o CMakeFiles/micro_ros_msgs__rosidl_typesupport_fastrtps_cpp.dir/rosidl_typesupport_fastrtps_cpp/micro_ros_msgs/msg/detail/dds_fastrtps/entity__type_support.cpp.o -c /home/salem/microros_ws/build/micro_ros_msgs/rosidl_typesupport_fastrtps_cpp/micro_ros_msgs/msg/detail/dds_fastrtps/entity__type_support.cpp
cd /home/salem/microros_ws/build/micro_ros_msgs && /usr/bin/cmake -E cmake_depends "Unix Makefiles" /home/salem/microros_ws/src/uros/micro_ros_msgs /home/salem/microros_ws/src/uros/micro_ros_msgs /home/salem/microros_ws/build/micro_ros_msgs /home/salem/microros_ws/build/micro_ros_msgs /home/salem/microros_ws/build/micro_ros_msgs/CMakeFiles/micro_ros_msgs__rosidl_typesupport_c.dir/DependInfo.cmake --color=
cd /home/salem/microros_ws/build/micro_ros_msgs && /usr/bin/cmake -E cmake_depends "Unix Makefiles" /home/salem/microros_ws/src/uros/micro_ros_msgs /home/salem/microros_ws/src/uros/micro_ros_msgs /home/salem/microros_ws/build/micro_ros_msgs /home/salem/microros_ws/build/micro_ros_msgs /home/salem/microros_ws/build/micro_ros_msgs/CMakeFiles/micro_ros_msgs__rosidl_typesupport_fastrtps_c.dir/DependInfo.cmake --color=
gmake[2]: Leaving directory '/home/salem/microros_ws/build/micro_ros_msgs'
/usr/bin/gmake  -f CMakeFiles/micro_ros_msgs__rosidl_typesupport_c.dir/build.make CMakeFiles/micro_ros_msgs__rosidl_typesupport_c.dir/build
gmake[2]: Entering directory '/home/salem/microros_ws/build/micro_ros_msgs'
gmake[2]: Leaving directory '/home/salem/microros_ws/build/micro_ros_msgs'
/usr/bin/gmake  -f CMakeFiles/micro_ros_msgs__rosidl_typesupport_fastrtps_c.dir/build.make CMakeFiles/micro_ros_msgs__rosidl_typesupport_fastrtps_c.dir/build
gmake[2]: Entering directory '/home/salem/microros_ws/build/micro_ros_msgs'
[ 46%] [32mBuilding CXX object CMakeFiles/micro_ros_msgs__rosidl_typesupport_c.dir/rosidl_typesupport_c/micro_ros_msgs/msg/graph__type_support.cpp.o[0m
[ 48%] [32mBuilding CXX object CMakeFiles/micro_ros_msgs__rosidl_typesupport_c.dir/rosidl_typesupport_c/micro_ros_msgs/msg/node__type_support.cpp.o[0m
[ 51%] [32mBuilding CXX object CMakeFiles/micro_ros_msgs__rosidl_typesupport_c.dir/rosidl_typesupport_c/micro_ros_msgs/msg/entity__type_support.cpp.o[0m
/usr/bin/c++ -DRCUTILS_ENABLE_FAULT_INJECTION -DROSIDL_GENERATOR_C_BUILDING_DLL_micro_ros_msgs -DROS_PACKAGE_NAME=\"micro_ros_msgs\" -I/home/salem/microros_ws/build/micro_ros_msgs/rosidl_generator_c -isystem /opt/ros/humble/include/rosidl_runtime_c -isystem /opt/ros/humble/include/rcutils -isystem /opt/ros/humble/include/rosidl_typesupport_interface -isystem /opt/ros/humble/include/rosidl_typesupport_c -fPIC -Wall -std=gnu++14 -MD -MT CMakeFiles/micro_ros_msgs__rosidl_typesupport_c.dir/rosidl_typesupport_c/micro_ros_msgs/msg/graph__type_support.cpp.o -MF CMakeFiles/micro_ros_msgs__rosidl_typesupport_c.dir/rosidl_typesupport_c/micro_ros_msgs/msg/graph__type_support.cpp.o.d -o CMakeFiles/micro_ros_msgs__rosidl_typesupport_c.dir/rosidl_typesupport_c/micro_ros_msgs/msg/graph__type_support.cpp.o -c /home/salem/microros_ws/build/micro_ros_msgs/rosidl_typesupport_c/micro_ros_msgs/msg/graph__type_support.cpp
/usr/bin/c++ -DRCUTILS_ENABLE_FAULT_INJECTION -DROSIDL_GENERATOR_C_BUILDING_DLL_micro_ros_msgs -DROS_PACKAGE_NAME=\"micro_ros_msgs\" -I/home/salem/microros_ws/build/micro_ros_msgs/rosidl_generator_c -isystem /opt/ros/humble/include/rosidl_runtime_c -isystem /opt/ros/humble/include/rcutils -isystem /opt/ros/humble/include/rosidl_typesupport_interface -isystem /opt/ros/humble/include/rosidl_typesupport_c -fPIC -Wall -std=gnu++14 -MD -MT CMakeFiles/micro_ros_msgs__rosidl_typesupport_c.dir/rosidl_typesupport_c/micro_ros_msgs/msg/node__type_support.cpp.o -MF CMakeFiles/micro_ros_msgs__rosidl_typesupport_c.dir/rosidl_typesupport_c/micro_ros_msgs/msg/node__type_support.cpp.o.d -o CMakeFiles/micro_ros_msgs__rosidl_typesupport_c.dir/rosidl_typesupport_c/micro_ros_msgs/msg/node__type_support.cpp.o -c /home/salem/microros_ws/build/micro_ros_msgs/rosidl_typesupport_c/micro_ros_msgs/msg/node__type_support.cpp
/usr/bin/c++ -DRCUTILS_ENABLE_FAULT_INJECTION -DROSIDL_GENERATOR_C_BUILDING_DLL_micro_ros_msgs -DROS_PACKAGE_NAME=\"micro_ros_msgs\" -I/home/salem/microros_ws/build/micro_ros_msgs/rosidl_generator_c -isystem /opt/ros/humble/include/rosidl_runtime_c -isystem /opt/ros/humble/include/rcutils -isystem /opt/ros/humble/include/rosidl_typesupport_interface -isystem /opt/ros/humble/include/rosidl_typesupport_c -fPIC -Wall -std=gnu++14 -MD -MT CMakeFiles/micro_ros_msgs__rosidl_typesupport_c.dir/rosidl_typesupport_c/micro_ros_msgs/msg/entity__type_support.cpp.o -MF CMakeFiles/micro_ros_msgs__rosidl_typesupport_c.dir/rosidl_typesupport_c/micro_ros_msgs/msg/entity__type_support.cpp.o.d -o CMakeFiles/micro_ros_msgs__rosidl_typesupport_c.dir/rosidl_typesupport_c/micro_ros_msgs/msg/entity__type_support.cpp.o -c /home/salem/microros_ws/build/micro_ros_msgs/rosidl_typesupport_c/micro_ros_msgs/msg/entity__type_support.cpp
[ 53%] [32mBuilding CXX object CMakeFiles/micro_ros_msgs__rosidl_typesupport_fastrtps_c.dir/rosidl_typesupport_fastrtps_c/micro_ros_msgs/msg/detail/graph__type_support_c.cpp.o[0m
/usr/bin/c++ -DRCUTILS_ENABLE_FAULT_INJECTION -DROSIDL_TYPESUPPORT_FASTRTPS_C_BUILDING_DLL_micro_ros_msgs -DROS_PACKAGE_NAME=\"micro_ros_msgs\" -I/home/salem/microros_ws/build/micro_ros_msgs/rosidl_typesupport_fastrtps_c -I/home/salem/microros_ws/build/micro_ros_msgs/rosidl_generator_c -isystem /opt/ros/humble/include/fastcdr -isystem /opt/ros/humble/include/rosidl_runtime_c -isystem /opt/ros/humble/include/rcutils -isystem /opt/ros/humble/include/rosidl_typesupport_interface -isystem /opt/ros/humble/include/rosidl_runtime_cpp -isystem /opt/ros/humble/include/rosidl_typesupport_fastrtps_cpp -isystem /opt/ros/humble/include/rmw -isystem /opt/ros/humble/include/rosidl_typesupport_fastrtps_c -fPIC -Wall -Wextra -Wpedantic -std=gnu++14 -MD -MT CMakeFiles/micro_ros_msgs__rosidl_typesupport_fastrtps_c.dir/rosidl_typesupport_fastrtps_c/micro_ros_msgs/msg/detail/graph__type_support_c.cpp.o -MF CMakeFiles/micro_ros_msgs__rosidl_typesupport_fastrtps_c.dir/rosidl_typesupport_fastrtps_c/micro_ros_msgs/msg/detail/graph__type_support_c.cpp.o.d -o CMakeFiles/micro_ros_msgs__rosidl_typesupport_fastrtps_c.dir/rosidl_typesupport_fastrtps_c/micro_ros_msgs/msg/detail/graph__type_support_c.cpp.o -c /home/salem/microros_ws/build/micro_ros_msgs/rosidl_typesupport_fastrtps_c/micro_ros_msgs/msg/detail/graph__type_support_c.cpp
cd /home/salem/microros_ws/build/micro_ros_msgs && /usr/bin/cmake -E cmake_depends "Unix Makefiles" /home/salem/microros_ws/src/uros/micro_ros_msgs /home/salem/microros_ws/src/uros/micro_ros_msgs /home/salem/microros_ws/build/micro_ros_msgs /home/salem/microros_ws/build/micro_ros_msgs /home/salem/microros_ws/build/micro_ros_msgs/CMakeFiles/micro_ros_msgs__rosidl_typesupport_introspection_c.dir/DependInfo.cmake --color=
[ 55%] [32mBuilding CXX object CMakeFiles/micro_ros_msgs__rosidl_typesupport_fastrtps_c.dir/rosidl_typesupport_fastrtps_c/micro_ros_msgs/msg/detail/node__type_support_c.cpp.o[0m
/usr/bin/c++ -DRCUTILS_ENABLE_FAULT_INJECTION -DROSIDL_TYPESUPPORT_FASTRTPS_C_BUILDING_DLL_micro_ros_msgs -DROS_PACKAGE_NAME=\"micro_ros_msgs\" -I/home/salem/microros_ws/build/micro_ros_msgs/rosidl_typesupport_fastrtps_c -I/home/salem/microros_ws/build/micro_ros_msgs/rosidl_generator_c -isystem /opt/ros/humble/include/fastcdr -isystem /opt/ros/humble/include/rosidl_runtime_c -isystem /opt/ros/humble/include/rcutils -isystem /opt/ros/humble/include/rosidl_typesupport_interface -isystem /opt/ros/humble/include/rosidl_runtime_cpp -isystem /opt/ros/humble/include/rosidl_typesupport_fastrtps_cpp -isystem /opt/ros/humble/include/rmw -isystem /opt/ros/humble/include/rosidl_typesupport_fastrtps_c -fPIC -Wall -Wextra -Wpedantic -std=gnu++14 -MD -MT CMakeFiles/micro_ros_msgs__rosidl_typesupport_fastrtps_c.dir/rosidl_typesupport_fastrtps_c/micro_ros_msgs/msg/detail/node__type_support_c.cpp.o -MF CMakeFiles/micro_ros_msgs__rosidl_typesupport_fastrtps_c.dir/rosidl_typesupport_fastrtps_c/micro_ros_msgs/msg/detail/node__type_support_c.cpp.o.d -o CMakeFiles/micro_ros_msgs__rosidl_typesupport_fastrtps_c.dir/rosidl_typesupport_fastrtps_c/micro_ros_msgs/msg/detail/node__type_support_c.cpp.o -c /home/salem/microros_ws/build/micro_ros_msgs/rosidl_typesupport_fastrtps_c/micro_ros_msgs/msg/detail/node__type_support_c.cpp
gmake[2]: Leaving directory '/home/salem/microros_ws/build/micro_ros_msgs'
/usr/bin/gmake  -f CMakeFiles/micro_ros_msgs__rosidl_typesupport_introspection_c.dir/build.make CMakeFiles/micro_ros_msgs__rosidl_typesupport_introspection_c.dir/build
[ 57%] [32mBuilding CXX object CMakeFiles/micro_ros_msgs__rosidl_typesupport_fastrtps_c.dir/rosidl_typesupport_fastrtps_c/micro_ros_msgs/msg/detail/entity__type_support_c.cpp.o[0m
/usr/bin/c++ -DRCUTILS_ENABLE_FAULT_INJECTION -DROSIDL_TYPESUPPORT_FASTRTPS_C_BUILDING_DLL_micro_ros_msgs -DROS_PACKAGE_NAME=\"micro_ros_msgs\" -I/home/salem/microros_ws/build/micro_ros_msgs/rosidl_typesupport_fastrtps_c -I/home/salem/microros_ws/build/micro_ros_msgs/rosidl_generator_c -isystem /opt/ros/humble/include/fastcdr -isystem /opt/ros/humble/include/rosidl_runtime_c -isystem /opt/ros/humble/include/rcutils -isystem /opt/ros/humble/include/rosidl_typesupport_interface -isystem /opt/ros/humble/include/rosidl_runtime_cpp -isystem /opt/ros/humble/include/rosidl_typesupport_fastrtps_cpp -isystem /opt/ros/humble/include/rmw -isystem /opt/ros/humble/include/rosidl_typesupport_fastrtps_c -fPIC -Wall -Wextra -Wpedantic -std=gnu++14 -MD -MT CMakeFiles/micro_ros_msgs__rosidl_typesupport_fastrtps_c.dir/rosidl_typesupport_fastrtps_c/micro_ros_msgs/msg/detail/entity__type_support_c.cpp.o -MF CMakeFiles/micro_ros_msgs__rosidl_typesupport_fastrtps_c.dir/rosidl_typesupport_fastrtps_c/micro_ros_msgs/msg/detail/entity__type_support_c.cpp.o.d -o CMakeFiles/micro_ros_msgs__rosidl_typesupport_fastrtps_c.dir/rosidl_typesupport_fastrtps_c/micro_ros_msgs/msg/detail/entity__type_support_c.cpp.o -c /home/salem/microros_ws/build/micro_ros_msgs/rosidl_typesupport_fastrtps_c/micro_ros_msgs/msg/detail/entity__type_support_c.cpp
gmake[2]: Entering directory '/home/salem/microros_ws/build/micro_ros_msgs'
[ 59%] [32m[1mLinking CXX shared library libmicro_ros_msgs__rosidl_typesupport_c.so[0m
/usr/bin/cmake -E cmake_link_script CMakeFiles/micro_ros_msgs__rosidl_typesupport_c.dir/link.txt --verbose=1
[ 63%] [32mBuilding C object CMakeFiles/micro_ros_msgs__rosidl_typesupport_introspection_c.dir/rosidl_typesupport_introspection_c/micro_ros_msgs/msg/detail/node__type_support.c.o[0m
[ 63%] [32mBuilding C object CMakeFiles/micro_ros_msgs__rosidl_typesupport_introspection_c.dir/rosidl_typesupport_introspection_c/micro_ros_msgs/msg/detail/graph__type_support.c.o[0m
/usr/bin/cc -DRCUTILS_ENABLE_FAULT_INJECTION -DROSIDL_TYPESUPPORT_INTROSPECTION_C_BUILDING_DLL_micro_ros_msgs -DROS_PACKAGE_NAME=\"micro_ros_msgs\" -I/home/salem/microros_ws/build/micro_ros_msgs/rosidl_typesupport_introspection_c -I/home/salem/microros_ws/build/micro_ros_msgs/rosidl_generator_c -isystem /opt/ros/humble/include/rosidl_runtime_c -isystem /opt/ros/humble/include/rcutils -isystem /opt/ros/humble/include/rosidl_typesupport_interface -isystem /opt/ros/humble/include/rosidl_typesupport_introspection_c -fPIC -Wall -std=gnu11 -MD -MT CMakeFiles/micro_ros_msgs__rosidl_typesupport_introspection_c.dir/rosidl_typesupport_introspection_c/micro_ros_msgs/msg/detail/graph__type_support.c.o -MF CMakeFiles/micro_ros_msgs__rosidl_typesupport_introspection_c.dir/rosidl_typesupport_introspection_c/micro_ros_msgs/msg/detail/graph__type_support.c.o.d -o CMakeFiles/micro_ros_msgs__rosidl_typesupport_introspection_c.dir/rosidl_typesupport_introspection_c/micro_ros_msgs/msg/detail/graph__type_support.c.o -c /home/salem/microros_ws/build/micro_ros_msgs/rosidl_typesupport_introspection_c/micro_ros_msgs/msg/detail/graph__type_support.c
/usr/bin/cc -DRCUTILS_ENABLE_FAULT_INJECTION -DROSIDL_TYPESUPPORT_INTROSPECTION_C_BUILDING_DLL_micro_ros_msgs -DROS_PACKAGE_NAME=\"micro_ros_msgs\" -I/home/salem/microros_ws/build/micro_ros_msgs/rosidl_typesupport_introspection_c -I/home/salem/microros_ws/build/micro_ros_msgs/rosidl_generator_c -isystem /opt/ros/humble/include/rosidl_runtime_c -isystem /opt/ros/humble/include/rcutils -isystem /opt/ros/humble/include/rosidl_typesupport_interface -isystem /opt/ros/humble/include/rosidl_typesupport_introspection_c -fPIC -Wall -std=gnu11 -MD -MT CMakeFiles/micro_ros_msgs__rosidl_typesupport_introspection_c.dir/rosidl_typesupport_introspection_c/micro_ros_msgs/msg/detail/node__type_support.c.o -MF CMakeFiles/micro_ros_msgs__rosidl_typesupport_introspection_c.dir/rosidl_typesupport_introspection_c/micro_ros_msgs/msg/detail/node__type_support.c.o.d -o CMakeFiles/micro_ros_msgs__rosidl_typesupport_introspection_c.dir/rosidl_typesupport_introspection_c/micro_ros_msgs/msg/detail/node__type_support.c.o -c /home/salem/microros_ws/build/micro_ros_msgs/rosidl_typesupport_introspection_c/micro_ros_msgs/msg/detail/node__type_support.c
[ 65%] [32mBuilding C object CMakeFiles/micro_ros_msgs__rosidl_typesupport_introspection_c.dir/rosidl_typesupport_introspection_c/micro_ros_msgs/msg/detail/entity__type_support.c.o[0m
/usr/bin/c++ -fPIC -shared -Wl,-soname,libmicro_ros_msgs__rosidl_typesupport_c.so -o libmicro_ros_msgs__rosidl_typesupport_c.so CMakeFiles/micro_ros_msgs__rosidl_typesupport_c.dir/rosidl_typesupport_c/micro_ros_msgs/msg/graph__type_support.cpp.o CMakeFiles/micro_ros_msgs__rosidl_typesupport_c.dir/rosidl_typesupport_c/micro_ros_msgs/msg/node__type_support.cpp.o CMakeFiles/micro_ros_msgs__rosidl_typesupport_c.dir/rosidl_typesupport_c/micro_ros_msgs/msg/entity__type_support.cpp.o  -Wl,-rpath,/home/salem/microros_ws/build/micro_ros_msgs:/opt/ros/humble/lib: libmicro_ros_msgs__rosidl_generator_c.so /opt/ros/humble/lib/librosidl_typesupport_c.so /opt/ros/humble/lib/librosidl_runtime_c.so /opt/ros/humble/lib/librcutils.so -ldl -Wl,-rpath-link,/opt/ros/humble/lib 
/usr/bin/cc -DRCUTILS_ENABLE_FAULT_INJECTION -DROSIDL_TYPESUPPORT_INTROSPECTION_C_BUILDING_DLL_micro_ros_msgs -DROS_PACKAGE_NAME=\"micro_ros_msgs\" -I/home/salem/microros_ws/build/micro_ros_msgs/rosidl_typesupport_introspection_c -I/home/salem/microros_ws/build/micro_ros_msgs/rosidl_generator_c -isystem /opt/ros/humble/include/rosidl_runtime_c -isystem /opt/ros/humble/include/rcutils -isystem /opt/ros/humble/include/rosidl_typesupport_interface -isystem /opt/ros/humble/include/rosidl_typesupport_introspection_c -fPIC -Wall -std=gnu11 -MD -MT CMakeFiles/micro_ros_msgs__rosidl_typesupport_introspection_c.dir/rosidl_typesupport_introspection_c/micro_ros_msgs/msg/detail/entity__type_support.c.o -MF CMakeFiles/micro_ros_msgs__rosidl_typesupport_introspection_c.dir/rosidl_typesupport_introspection_c/micro_ros_msgs/msg/detail/entity__type_support.c.o.d -o CMakeFiles/micro_ros_msgs__rosidl_typesupport_introspection_c.dir/rosidl_typesupport_introspection_c/micro_ros_msgs/msg/detail/entity__type_support.c.o -c /home/salem/microros_ws/build/micro_ros_msgs/rosidl_typesupport_introspection_c/micro_ros_msgs/msg/detail/entity__type_support.c
gmake[2]: Leaving directory '/home/salem/microros_ws/build/micro_ros_msgs'
[ 65%] Built target micro_ros_msgs__rosidl_typesupport_c
[ 68%] [32m[1mLinking C shared library libmicro_ros_msgs__rosidl_typesupport_introspection_c.so[0m
/usr/bin/cmake -E cmake_link_script CMakeFiles/micro_ros_msgs__rosidl_typesupport_introspection_c.dir/link.txt --verbose=1
[ 70%] [32m[1mLinking CXX shared library libmicro_ros_msgs__rosidl_typesupport_cpp.so[0m
/usr/bin/cmake -E cmake_link_script CMakeFiles/micro_ros_msgs__rosidl_typesupport_cpp.dir/link.txt --verbose=1
/usr/bin/cc -fPIC -shared -Wl,-soname,libmicro_ros_msgs__rosidl_typesupport_introspection_c.so -o libmicro_ros_msgs__rosidl_typesupport_introspection_c.so CMakeFiles/micro_ros_msgs__rosidl_typesupport_introspection_c.dir/rosidl_typesupport_introspection_c/micro_ros_msgs/msg/detail/graph__type_support.c.o CMakeFiles/micro_ros_msgs__rosidl_typesupport_introspection_c.dir/rosidl_typesupport_introspection_c/micro_ros_msgs/msg/detail/node__type_support.c.o CMakeFiles/micro_ros_msgs__rosidl_typesupport_introspection_c.dir/rosidl_typesupport_introspection_c/micro_ros_msgs/msg/detail/entity__type_support.c.o  -Wl,-rpath,/home/salem/microros_ws/build/micro_ros_msgs:/opt/ros/humble/lib: libmicro_ros_msgs__rosidl_generator_c.so /opt/ros/humble/lib/librosidl_typesupport_introspection_c.so /opt/ros/humble/lib/librosidl_runtime_c.so /opt/ros/humble/lib/librcutils.so -ldl 
/usr/bin/c++ -fPIC -shared -Wl,-soname,libmicro_ros_msgs__rosidl_typesupport_cpp.so -o libmicro_ros_msgs__rosidl_typesupport_cpp.so CMakeFiles/micro_ros_msgs__rosidl_typesupport_cpp.dir/rosidl_typesupport_cpp/micro_ros_msgs/msg/graph__type_support.cpp.o CMakeFiles/micro_ros_msgs__rosidl_typesupport_cpp.dir/rosidl_typesupport_cpp/micro_ros_msgs/msg/node__type_support.cpp.o CMakeFiles/micro_ros_msgs__rosidl_typesupport_cpp.dir/rosidl_typesupport_cpp/micro_ros_msgs/msg/entity__type_support.cpp.o  -Wl,-rpath,/opt/ros/humble/lib: /opt/ros/humble/lib/librosidl_typesupport_cpp.so /opt/ros/humble/lib/librosidl_typesupport_c.so /opt/ros/humble/lib/librosidl_runtime_c.so /opt/ros/humble/lib/librcutils.so -ldl -Wl,-rpath-link,/opt/ros/humble/lib 
gmake[2]: Leaving directory '/home/salem/microros_ws/build/micro_ros_msgs'
gmake[2]: Leaving directory '/home/salem/microros_ws/build/micro_ros_msgs'
[ 70%] Built target micro_ros_msgs__rosidl_typesupport_introspection_c
[ 70%] Built target micro_ros_msgs__rosidl_typesupport_cpp
[ 72%] [32m[1mLinking CXX shared library libmicro_ros_msgs__rosidl_typesupport_fastrtps_cpp.so[0m
/usr/bin/cmake -E cmake_link_script CMakeFiles/micro_ros_msgs__rosidl_typesupport_fastrtps_cpp.dir/link.txt --verbose=1
/usr/bin/c++ -fPIC -shared -Wl,-soname,libmicro_ros_msgs__rosidl_typesupport_fastrtps_cpp.so -o libmicro_ros_msgs__rosidl_typesupport_fastrtps_cpp.so CMakeFiles/micro_ros_msgs__rosidl_typesupport_fastrtps_cpp.dir/rosidl_typesupport_fastrtps_cpp/micro_ros_msgs/msg/detail/dds_fastrtps/graph__type_support.cpp.o CMakeFiles/micro_ros_msgs__rosidl_typesupport_fastrtps_cpp.dir/rosidl_typesupport_fastrtps_cpp/micro_ros_msgs/msg/detail/dds_fastrtps/node__type_support.cpp.o CMakeFiles/micro_ros_msgs__rosidl_typesupport_fastrtps_cpp.dir/rosidl_typesupport_fastrtps_cpp/micro_ros_msgs/msg/detail/dds_fastrtps/entity__type_support.cpp.o  -Wl,-rpath,/opt/ros/humble/lib: /opt/ros/humble/lib/librosidl_typesupport_fastrtps_cpp.so /opt/ros/humble/lib/libfastcdr.so.1.0.24 /opt/ros/humble/lib/librmw.so /opt/ros/humble/lib/librosidl_runtime_c.so /opt/ros/humble/lib/librcutils.so -ldl 
[ 74%] [32m[1mLinking CXX shared library libmicro_ros_msgs__rosidl_typesupport_introspection_cpp.so[0m
/usr/bin/cmake -E cmake_link_script CMakeFiles/micro_ros_msgs__rosidl_typesupport_introspection_cpp.dir/link.txt --verbose=1
/usr/bin/c++ -fPIC -shared -Wl,-soname,libmicro_ros_msgs__rosidl_typesupport_introspection_cpp.so -o libmicro_ros_msgs__rosidl_typesupport_introspection_cpp.so CMakeFiles/micro_ros_msgs__rosidl_typesupport_introspection_cpp.dir/rosidl_typesupport_introspection_cpp/micro_ros_msgs/msg/detail/graph__type_support.cpp.o CMakeFiles/micro_ros_msgs__rosidl_typesupport_introspection_cpp.dir/rosidl_typesupport_introspection_cpp/micro_ros_msgs/msg/detail/node__type_support.cpp.o CMakeFiles/micro_ros_msgs__rosidl_typesupport_introspection_cpp.dir/rosidl_typesupport_introspection_cpp/micro_ros_msgs/msg/detail/entity__type_support.cpp.o  -Wl,-rpath,/opt/ros/humble/lib: /opt/ros/humble/lib/librosidl_typesupport_introspection_cpp.so /opt/ros/humble/lib/librosidl_runtime_c.so /opt/ros/humble/lib/librcutils.so -ldl /opt/ros/humble/lib/librosidl_typesupport_introspection_c.so 
gmake[2]: Leaving directory '/home/salem/microros_ws/build/micro_ros_msgs'
[ 74%] Built target micro_ros_msgs__rosidl_typesupport_fastrtps_cpp
[ 76%] [32m[1mLinking CXX shared library libmicro_ros_msgs__rosidl_typesupport_fastrtps_c.so[0m
/usr/bin/cmake -E cmake_link_script CMakeFiles/micro_ros_msgs__rosidl_typesupport_fastrtps_c.dir/link.txt --verbose=1
/usr/bin/c++ -fPIC -shared -Wl,-soname,libmicro_ros_msgs__rosidl_typesupport_fastrtps_c.so -o libmicro_ros_msgs__rosidl_typesupport_fastrtps_c.so CMakeFiles/micro_ros_msgs__rosidl_typesupport_fastrtps_c.dir/rosidl_typesupport_fastrtps_c/micro_ros_msgs/msg/detail/graph__type_support_c.cpp.o CMakeFiles/micro_ros_msgs__rosidl_typesupport_fastrtps_c.dir/rosidl_typesupport_fastrtps_c/micro_ros_msgs/msg/detail/node__type_support_c.cpp.o CMakeFiles/micro_ros_msgs__rosidl_typesupport_fastrtps_c.dir/rosidl_typesupport_fastrtps_c/micro_ros_msgs/msg/detail/entity__type_support_c.cpp.o  -Wl,-rpath,/opt/ros/humble/lib:/home/salem/microros_ws/build/micro_ros_msgs: /opt/ros/humble/lib/librosidl_typesupport_fastrtps_cpp.so /opt/ros/humble/lib/librosidl_typesupport_fastrtps_c.so libmicro_ros_msgs__rosidl_generator_c.so /opt/ros/humble/lib/libfastcdr.so.1.0.24 /opt/ros/humble/lib/librmw.so /opt/ros/humble/lib/librosidl_runtime_c.so /opt/ros/humble/lib/librcutils.so -ldl 
gmake[2]: Leaving directory '/home/salem/microros_ws/build/micro_ros_msgs'
[ 76%] Built target micro_ros_msgs__rosidl_typesupport_introspection_cpp
gmake[2]: Leaving directory '/home/salem/microros_ws/build/micro_ros_msgs'
[ 76%] Built target micro_ros_msgs__rosidl_typesupport_fastrtps_c
/usr/bin/gmake  -f CMakeFiles/micro_ros_msgs.dir/build.make CMakeFiles/micro_ros_msgs.dir/depend
gmake[2]: Entering directory '/home/salem/microros_ws/build/micro_ros_msgs'
cd /home/salem/microros_ws/build/micro_ros_msgs && /usr/bin/cmake -E cmake_depends "Unix Makefiles" /home/salem/microros_ws/src/uros/micro_ros_msgs /home/salem/microros_ws/src/uros/micro_ros_msgs /home/salem/microros_ws/build/micro_ros_msgs /home/salem/microros_ws/build/micro_ros_msgs /home/salem/microros_ws/build/micro_ros_msgs/CMakeFiles/micro_ros_msgs.dir/DependInfo.cmake --color=
gmake[2]: Leaving directory '/home/salem/microros_ws/build/micro_ros_msgs'
/usr/bin/gmake  -f CMakeFiles/micro_ros_msgs.dir/build.make CMakeFiles/micro_ros_msgs.dir/build
gmake[2]: Entering directory '/home/salem/microros_ws/build/micro_ros_msgs'
gmake[2]: Nothing to be done for 'CMakeFiles/micro_ros_msgs.dir/build'.
gmake[2]: Leaving directory '/home/salem/microros_ws/build/micro_ros_msgs'
[ 76%] Built target micro_ros_msgs
/usr/bin/gmake  -f micro_ros_msgs__py/CMakeFiles/micro_ros_msgs__py.dir/build.make micro_ros_msgs__py/CMakeFiles/micro_ros_msgs__py.dir/depend
gmake[2]: Entering directory '/home/salem/microros_ws/build/micro_ros_msgs'
cd /home/salem/microros_ws/build/micro_ros_msgs && /usr/bin/cmake -E cmake_depends "Unix Makefiles" /home/salem/microros_ws/src/uros/micro_ros_msgs /home/salem/microros_ws/build/micro_ros_msgs/micro_ros_msgs__py /home/salem/microros_ws/build/micro_ros_msgs /home/salem/microros_ws/build/micro_ros_msgs/micro_ros_msgs__py /home/salem/microros_ws/build/micro_ros_msgs/micro_ros_msgs__py/CMakeFiles/micro_ros_msgs__py.dir/DependInfo.cmake --color=
gmake[2]: Leaving directory '/home/salem/microros_ws/build/micro_ros_msgs'
/usr/bin/gmake  -f micro_ros_msgs__py/CMakeFiles/micro_ros_msgs__py.dir/build.make micro_ros_msgs__py/CMakeFiles/micro_ros_msgs__py.dir/build
gmake[2]: Entering directory '/home/salem/microros_ws/build/micro_ros_msgs'
[ 78%] [34m[1mGenerating Python code for ROS interfaces[0m
cd /home/salem/microros_ws/build/micro_ros_msgs/micro_ros_msgs__py && /usr/bin/python3 /opt/ros/humble/share/rosidl_generator_py/cmake/../../../lib/rosidl_generator_py/rosidl_generator_py --generator-arguments-file /home/salem/microros_ws/build/micro_ros_msgs/rosidl_generator_py__arguments.json --typesupport-impls "rosidl_typesupport_fastrtps_c;rosidl_typesupport_introspection_c;rosidl_typesupport_c"
gmake[2]: Leaving directory '/home/salem/microros_ws/build/micro_ros_msgs'
[ 78%] Built target micro_ros_msgs__py
/usr/bin/gmake  -f CMakeFiles/micro_ros_msgs__rosidl_generator_py.dir/build.make CMakeFiles/micro_ros_msgs__rosidl_generator_py.dir/depend
gmake[2]: Entering directory '/home/salem/microros_ws/build/micro_ros_msgs'
cd /home/salem/microros_ws/build/micro_ros_msgs && /usr/bin/cmake -E cmake_depends "Unix Makefiles" /home/salem/microros_ws/src/uros/micro_ros_msgs /home/salem/microros_ws/src/uros/micro_ros_msgs /home/salem/microros_ws/build/micro_ros_msgs /home/salem/microros_ws/build/micro_ros_msgs /home/salem/microros_ws/build/micro_ros_msgs/CMakeFiles/micro_ros_msgs__rosidl_generator_py.dir/DependInfo.cmake --color=
gmake[2]: Leaving directory '/home/salem/microros_ws/build/micro_ros_msgs'
/usr/bin/gmake  -f CMakeFiles/micro_ros_msgs__rosidl_generator_py.dir/build.make CMakeFiles/micro_ros_msgs__rosidl_generator_py.dir/build
gmake[2]: Entering directory '/home/salem/microros_ws/build/micro_ros_msgs'
[ 82%] [32mBuilding C object CMakeFiles/micro_ros_msgs__rosidl_generator_py.dir/rosidl_generator_py/micro_ros_msgs/msg/_entity_s.c.o[0m
[ 82%] [32mBuilding C object CMakeFiles/micro_ros_msgs__rosidl_generator_py.dir/rosidl_generator_py/micro_ros_msgs/msg/_node_s.c.o[0m
[ 85%] [32mBuilding C object CMakeFiles/micro_ros_msgs__rosidl_generator_py.dir/rosidl_generator_py/micro_ros_msgs/msg/_graph_s.c.o[0m
/usr/bin/cc -DRCUTILS_ENABLE_FAULT_INJECTION -DROS_PACKAGE_NAME=\"micro_ros_msgs\" -Dmicro_ros_msgs__rosidl_generator_py_EXPORTS -I/home/salem/microros_ws/build/micro_ros_msgs/rosidl_generator_c -I/home/salem/microros_ws/build/micro_ros_msgs/rosidl_generator_py -I/usr/include/python3.10 -isystem /opt/ros/humble/include/rosidl_runtime_c -isystem /opt/ros/humble/include/rcutils -isystem /opt/ros/humble/include/rosidl_typesupport_interface -fPIC -Wall -Wextra -std=gnu99 -MD -MT CMakeFiles/micro_ros_msgs__rosidl_generator_py.dir/rosidl_generator_py/micro_ros_msgs/msg/_entity_s.c.o -MF CMakeFiles/micro_ros_msgs__rosidl_generator_py.dir/rosidl_generator_py/micro_ros_msgs/msg/_entity_s.c.o.d -o CMakeFiles/micro_ros_msgs__rosidl_generator_py.dir/rosidl_generator_py/micro_ros_msgs/msg/_entity_s.c.o -c /home/salem/microros_ws/build/micro_ros_msgs/rosidl_generator_py/micro_ros_msgs/msg/_entity_s.c
/usr/bin/cc -DRCUTILS_ENABLE_FAULT_INJECTION -DROS_PACKAGE_NAME=\"micro_ros_msgs\" -Dmicro_ros_msgs__rosidl_generator_py_EXPORTS -I/home/salem/microros_ws/build/micro_ros_msgs/rosidl_generator_c -I/home/salem/microros_ws/build/micro_ros_msgs/rosidl_generator_py -I/usr/include/python3.10 -isystem /opt/ros/humble/include/rosidl_runtime_c -isystem /opt/ros/humble/include/rcutils -isystem /opt/ros/humble/include/rosidl_typesupport_interface -fPIC -Wall -Wextra -std=gnu99 -MD -MT CMakeFiles/micro_ros_msgs__rosidl_generator_py.dir/rosidl_generator_py/micro_ros_msgs/msg/_node_s.c.o -MF CMakeFiles/micro_ros_msgs__rosidl_generator_py.dir/rosidl_generator_py/micro_ros_msgs/msg/_node_s.c.o.d -o CMakeFiles/micro_ros_msgs__rosidl_generator_py.dir/rosidl_generator_py/micro_ros_msgs/msg/_node_s.c.o -c /home/salem/microros_ws/build/micro_ros_msgs/rosidl_generator_py/micro_ros_msgs/msg/_node_s.c
/usr/bin/cc -DRCUTILS_ENABLE_FAULT_INJECTION -DROS_PACKAGE_NAME=\"micro_ros_msgs\" -Dmicro_ros_msgs__rosidl_generator_py_EXPORTS -I/home/salem/microros_ws/build/micro_ros_msgs/rosidl_generator_c -I/home/salem/microros_ws/build/micro_ros_msgs/rosidl_generator_py -I/usr/include/python3.10 -isystem /opt/ros/humble/include/rosidl_runtime_c -isystem /opt/ros/humble/include/rcutils -isystem /opt/ros/humble/include/rosidl_typesupport_interface -fPIC -Wall -Wextra -std=gnu99 -MD -MT CMakeFiles/micro_ros_msgs__rosidl_generator_py.dir/rosidl_generator_py/micro_ros_msgs/msg/_graph_s.c.o -MF CMakeFiles/micro_ros_msgs__rosidl_generator_py.dir/rosidl_generator_py/micro_ros_msgs/msg/_graph_s.c.o.d -o CMakeFiles/micro_ros_msgs__rosidl_generator_py.dir/rosidl_generator_py/micro_ros_msgs/msg/_graph_s.c.o -c /home/salem/microros_ws/build/micro_ros_msgs/rosidl_generator_py/micro_ros_msgs/msg/_graph_s.c
[ 87%] [32m[1mLinking C shared library rosidl_generator_py/micro_ros_msgs/libmicro_ros_msgs__rosidl_generator_py.so[0m
/usr/bin/cmake -E cmake_link_script CMakeFiles/micro_ros_msgs__rosidl_generator_py.dir/link.txt --verbose=1
/usr/bin/cc -fPIC -shared -Wl,-soname,libmicro_ros_msgs__rosidl_generator_py.so -o rosidl_generator_py/micro_ros_msgs/libmicro_ros_msgs__rosidl_generator_py.so CMakeFiles/micro_ros_msgs__rosidl_generator_py.dir/rosidl_generator_py/micro_ros_msgs/msg/_graph_s.c.o CMakeFiles/micro_ros_msgs__rosidl_generator_py.dir/rosidl_generator_py/micro_ros_msgs/msg/_node_s.c.o CMakeFiles/micro_ros_msgs__rosidl_generator_py.dir/rosidl_generator_py/micro_ros_msgs/msg/_entity_s.c.o  -Wl,-rpath,/home/salem/microros_ws/build/micro_ros_msgs:/opt/ros/humble/lib: /usr/lib/x86_64-linux-gnu/libpython3.10.so libmicro_ros_msgs__rosidl_typesupport_c.so libmicro_ros_msgs__rosidl_generator_c.so /opt/ros/humble/lib/librosidl_runtime_c.so /opt/ros/humble/lib/librcutils.so -ldl -Wl,-rpath-link,/opt/ros/humble/lib 
gmake[2]: Leaving directory '/home/salem/microros_ws/build/micro_ros_msgs'
[ 87%] Built target micro_ros_msgs__rosidl_generator_py
/usr/bin/gmake  -f CMakeFiles/micro_ros_msgs__rosidl_typesupport_fastrtps_c__pyext.dir/build.make CMakeFiles/micro_ros_msgs__rosidl_typesupport_fastrtps_c__pyext.dir/depend
/usr/bin/gmake  -f CMakeFiles/micro_ros_msgs__rosidl_typesupport_introspection_c__pyext.dir/build.make CMakeFiles/micro_ros_msgs__rosidl_typesupport_introspection_c__pyext.dir/depend
/usr/bin/gmake  -f CMakeFiles/micro_ros_msgs__rosidl_typesupport_c__pyext.dir/build.make CMakeFiles/micro_ros_msgs__rosidl_typesupport_c__pyext.dir/depend
gmake[2]: Entering directory '/home/salem/microros_ws/build/micro_ros_msgs'
cd /home/salem/microros_ws/build/micro_ros_msgs && /usr/bin/cmake -E cmake_depends "Unix Makefiles" /home/salem/microros_ws/src/uros/micro_ros_msgs /home/salem/microros_ws/src/uros/micro_ros_msgs /home/salem/microros_ws/build/micro_ros_msgs /home/salem/microros_ws/build/micro_ros_msgs /home/salem/microros_ws/build/micro_ros_msgs/CMakeFiles/micro_ros_msgs__rosidl_typesupport_fastrtps_c__pyext.dir/DependInfo.cmake --color=
gmake[2]: Entering directory '/home/salem/microros_ws/build/micro_ros_msgs'
cd /home/salem/microros_ws/build/micro_ros_msgs && /usr/bin/cmake -E cmake_depends "Unix Makefiles" /home/salem/microros_ws/src/uros/micro_ros_msgs /home/salem/microros_ws/src/uros/micro_ros_msgs /home/salem/microros_ws/build/micro_ros_msgs /home/salem/microros_ws/build/micro_ros_msgs /home/salem/microros_ws/build/micro_ros_msgs/CMakeFiles/micro_ros_msgs__rosidl_typesupport_introspection_c__pyext.dir/DependInfo.cmake --color=
gmake[2]: Entering directory '/home/salem/microros_ws/build/micro_ros_msgs'
cd /home/salem/microros_ws/build/micro_ros_msgs && /usr/bin/cmake -E cmake_depends "Unix Makefiles" /home/salem/microros_ws/src/uros/micro_ros_msgs /home/salem/microros_ws/src/uros/micro_ros_msgs /home/salem/microros_ws/build/micro_ros_msgs /home/salem/microros_ws/build/micro_ros_msgs /home/salem/microros_ws/build/micro_ros_msgs/CMakeFiles/micro_ros_msgs__rosidl_typesupport_c__pyext.dir/DependInfo.cmake --color=
gmake[2]: Leaving directory '/home/salem/microros_ws/build/micro_ros_msgs'
gmake[2]: Leaving directory '/home/salem/microros_ws/build/micro_ros_msgs'
gmake[2]: Leaving directory '/home/salem/microros_ws/build/micro_ros_msgs'
/usr/bin/gmake  -f CMakeFiles/micro_ros_msgs__rosidl_typesupport_fastrtps_c__pyext.dir/build.make CMakeFiles/micro_ros_msgs__rosidl_typesupport_fastrtps_c__pyext.dir/build
/usr/bin/gmake  -f CMakeFiles/micro_ros_msgs__rosidl_typesupport_introspection_c__pyext.dir/build.make CMakeFiles/micro_ros_msgs__rosidl_typesupport_introspection_c__pyext.dir/build
/usr/bin/gmake  -f CMakeFiles/micro_ros_msgs__rosidl_typesupport_c__pyext.dir/build.make CMakeFiles/micro_ros_msgs__rosidl_typesupport_c__pyext.dir/build
gmake[2]: Entering directory '/home/salem/microros_ws/build/micro_ros_msgs'
gmake[2]: Entering directory '/home/salem/microros_ws/build/micro_ros_msgs'
gmake[2]: Entering directory '/home/salem/microros_ws/build/micro_ros_msgs'
[ 93%] [32mBuilding C object CMakeFiles/micro_ros_msgs__rosidl_typesupport_fastrtps_c__pyext.dir/rosidl_generator_py/micro_ros_msgs/_micro_ros_msgs_s.ep.rosidl_typesupport_fastrtps_c.c.o[0m
[ 93%] [32mBuilding C object CMakeFiles/micro_ros_msgs__rosidl_typesupport_introspection_c__pyext.dir/rosidl_generator_py/micro_ros_msgs/_micro_ros_msgs_s.ep.rosidl_typesupport_introspection_c.c.o[0m
[ 93%] [32mBuilding C object CMakeFiles/micro_ros_msgs__rosidl_typesupport_c__pyext.dir/rosidl_generator_py/micro_ros_msgs/_micro_ros_msgs_s.ep.rosidl_typesupport_c.c.o[0m
/usr/bin/cc -DRCUTILS_ENABLE_FAULT_INJECTION -DROS_PACKAGE_NAME=\"micro_ros_msgs\" -Dmicro_ros_msgs__rosidl_typesupport_fastrtps_c__pyext_EXPORTS -I/home/salem/microros_ws/build/micro_ros_msgs/rosidl_generator_c -I/home/salem/microros_ws/build/micro_ros_msgs/rosidl_generator_py -I/usr/include/python3.10 -I/home/salem/microros_ws/build/micro_ros_msgs/rosidl_typesupport_fastrtps_c -isystem /opt/ros/humble/include/rosidl_runtime_c -isystem /opt/ros/humble/include/rosidl_typesupport_c -isystem /opt/ros/humble/include/rosidl_typesupport_interface -isystem /opt/ros/humble/include/rmw -isystem /opt/ros/humble/include/rcutils -isystem /opt/ros/humble/include/fastcdr -isystem /opt/ros/humble/include/rosidl_runtime_cpp -isystem /opt/ros/humble/include/rosidl_typesupport_fastrtps_cpp -isystem /opt/ros/humble/include/rosidl_typesupport_fastrtps_c -fPIC -Wall -Wextra -std=gnu99 -MD -MT CMakeFiles/micro_ros_msgs__rosidl_typesupport_fastrtps_c__pyext.dir/rosidl_generator_py/micro_ros_msgs/_micro_ros_msgs_s.ep.rosidl_typesup/usr/bin/cc -DRCUTILS_ENABLE_FAULT_INJECTION -DROS_PACKAGE_NAME=\"micro_ros_msgs\" -Dmicro_ros_msgs__rosidl_typesupport_introspection_c__pyext_EXPORTS -I/home/salem/microros_ws/build/micro_ros_msgs/rosidl_generator_c -I/home/salem/microros_ws/build/micro_ros_msgs/rosidl_generator_py -I/usr/include/python3.10 -I/opt/ros/humble/include/rmw -I/home/salem/microros_ws/build/micro_ros_msgs/rosidl_typesupport_introspection_c -isystem /opt/ros/humble/include/rosidl_runtime_c -isystem /opt/ros/humble/include/rosidl_typesupport_c -isystem /opt/ros/humble/include/rosidl_typesupport_interface -isystem /opt/ros/humble/include/rcutils -isystem /opt/ros/humble/include/rosidl_typesupport_introspection_c -fPIC -Wall -Wextra -std=gnu99 -MD -MT CMakeFiles/micro_ros_msgs__rosidl_typesupport_introspection_c__pyext.dir/rosidl_generator_py/micro_ros_msgs/_micro_ros_msgs_s.ep.rosidl_typesupport_introspection_c.c.o -MF CMakeFiles/micro_ros_msgs__rosidl_typesupport_introspection_c__pyext.dir/rosidl_generator_py/micro_ros_msgs/_micro_rport_fastrtps_c.c.o -MF CMakeFiles/micro_ros_msgs__rosidl_typesupport_fastrtps_c__pyext.dir/rosidl_generator_py/micro_ros_msgs/_micro_ros_msgs_s.ep.rosidl_typesupport_fastrtps_c.c.o.d -o CMakeFiles/micro_ros_msgs__rosidl_typesupport_fastrtps_c__pyext.dir/rosidl_generator_py/micro_ros_msgs/_micro_ros_msgs_s.ep.rosidl_typesupport_fastrtps_c.c.o -c /home/salem/microros_ws/build/micro_ros_msgs/rosidl_generator_py/micro_ros_msgs/_micro_ros_msgs_s.ep.rosidl_typesupport_fastrtps_c.c
/usr/bin/cc -DRCUTILS_ENABLE_FAULT_INJECTION -DROS_PACKAGE_NAME=\"micro_ros_msgs\" -Dmicro_ros_msgs__rosidl_typesupport_c__pyext_EXPORTS -I/home/salem/microros_ws/build/micro_ros_msgs/rosidl_generator_c -I/home/salem/microros_ws/build/micro_ros_msgs/rosidl_generator_py -I/usr/include/python3.10 -I/opt/ros/humble/include/rmw -isystem /opt/ros/humble/include/rosidl_runtime_c -isystem /opt/ros/humble/include/rosidl_typesupport_c -isystem /opt/ros/humble/include/rosidl_typesupport_interface -isystem /opt/ros/humble/include/rcutils -fPIC -Wall -Wextra -std=gnu99 -MD -MT CMakeFiles/micro_ros_msgs__rosidl_typesupport_c__pyext.dir/rosidl_generator_py/micro_ros_msgs/_micro_ros_msgs_s.ep.rosidl_typesupport_c.c.o -MF CMakeFiles/micro_ros_msgs__rosidl_typesupport_c__pyext.dir/rosidl_generator_py/micro_ros_msgs/_micro_ros_msgs_s.ep.rosidl_typesupport_c.c.o.d -o CMakeFiles/micro_ros_msgs__rosidl_typesupport_c__pyext.dir/rosidl_generator_py/micro_ros_msgs/_micro_ros_msgs_s.ep.rosidl_typesupport_c.c.o -c /home/salem/microrosos_msgs_s.ep.rosidl_typesupport_introspection_c.c.o.d -o CMakeFiles/micro_ros_msgs__rosidl_typesupport_introspection_c__pyext.dir/rosidl_generator_py/micro_ros_msgs/_micro_ros_msgs_s.ep.rosidl_typesupport_introspection_c.c.o -c /home/salem/microros_ws/build/micro_ros_msgs/rosidl_generator_py/micro_ros_msgs/_micro_ros_msgs_s.ep.rosidl_typesupport_introspection_c.c
_ws/build/micro_ros_msgs/rosidl_generator_py/micro_ros_msgs/_micro_ros_msgs_s.ep.rosidl_typesupport_c.c
[100%] [32m[1mLinking C shared library rosidl_generator_py/micro_ros_msgs/micro_ros_msgs_s__rosidl_typesupport_introspection_c.cpython-310-x86_64-linux-gnu.so[0m
[100%] [32m[1mLinking C shared library rosidl_generator_py/micro_ros_msgs/micro_ros_msgs_s__rosidl_typesupport_fastrtps_c.cpython-310-x86_64-linux-gnu.so[0m
[100%] [32m[1mLinking C shared library rosidl_generator_py/micro_ros_msgs/micro_ros_msgs_s__rosidl_typesupport_c.cpython-310-x86_64-linux-gnu.so[0m
/usr/bin/cmake -E cmake_link_script CMakeFiles/micro_ros_msgs__rosidl_typesupport_c__pyext.dir/link.txt --verbose=1
/usr/bin/cmake -E cmake_link_script CMakeFiles/micro_ros_msgs__rosidl_typesupport_introspection_c__pyext.dir/link.txt --verbose=1
/usr/bin/cmake -E cmake_link_script CMakeFiles/micro_ros_msgs__rosidl_typesupport_fastrtps_c__pyext.dir/link.txt --verbose=1
/usr/bin/cc -fPIC -shared -Wl,-soname,micro_ros_msgs_s__rosidl_typesupport_fastrtps_c.cpython-310-x86_64-linux-gnu.so -o rosidl_generator_py/micro_ros_msgs/micro_ros_msgs_s__rosidl_typesupport_fastrtps_c.cpython-310-x86_64-linux-gnu.so CMakeFiles/micro_ros_msgs__rosidl_typesupport_fastrtps_c__pyext.dir/rosidl_generator_py/micro_ros_msgs/_micro_ros_msgs_s.ep.rosidl_typesupport_fastrtps_c.c.o  -Wl,-rpath,/home/salem/microros_ws/build/micro_ros_msgs/rosidl_generator_py/micro_ros_msgs:/home/salem/microros_ws/build/micro_ros_msgs:/opt/ros/humble/lib: rosidl_generator_py/micro_ros_msgs/libmicro_ros_msgs__rosidl_generator_py.so /usr/lib/x86_64-linux-gnu/libpython3.10.so libmicro_ros_msgs__rosidl_typesupport_fastrtps_c.so libmicro_ros_msgs__rosidl_typesupport_c.so /opt/ros/humble/lib/librosidl_typesupport_c.so /opt/ros/humble/lib/librmw.so libmicro_ros_msgs__rosidl_generator_c.so /opt/ros/humble/lib/librosidl_typesupport_fastrtps_cpp.so /opt/ros/humble/lib/libfastcdr.so.1.0.24 /opt/ros/humble/lib/librmw.so /opt/ros/h/usr/bin/cc -fPIC -shared -Wl,-soname,micro_ros_msgs_s__rosidl_typesupport_introspection_c.cpython-310-x86_64-linux-gnu.so -o rosidl_generator_py/micro_ros_msgs/micro_ros_msgs_s__rosidl_typesupport_introspection_c.cpython-310-x86_64-linux-gnu.so CMakeFiles/micro_ros_msgs__rosidl_typesupport_introspection_c__pyext.dir/rosidl_generator_py/micro_ros_msgs/_micro_ros_msgs_s.ep.rosidl_typesupport_introspection_c.c.o  -Wl,-rpath,/home/salem/microros_ws/build/micro_ros_msgs/rosidl_generator_py/micro_ros_msgs:/home/salem/microros_ws/build/micro_ros_msgs:/opt/ros/humble/lib: rosidl_generator_py/micro_ros_msgs/libmicro_ros_msgs__rosidl_generator_py.so /usr/lib/x86_64-linux-gnu/libpython3.10.so libmicro_ros_msgs__rosidl_typesupport_introspection_c.so libmicro_ros_msgs__rosidl_typesupport_c.so /opt/ros/humble/lib/librosidl_typesupport_c.so /opt/ros/humble/lib/librmw.so libmicro_ros_msgs__rosidl_generator_c.so /opt/ros/humble/lib/librosidl_runtime_c.so /opt/ros/humble/lib/librcutils.so -ldl /opt/ros/humble/lib/librosidl_ty/usr/bin/cc -fPIC -shared -Wl,-soname,micro_ros_msgs_s__rosidl_typesupport_c.cpython-310-x86_64-linux-gnu.so -o rosidl_generator_py/micro_ros_msgs/micro_ros_msgs_s__rosidl_typesupport_c.cpython-310-x86_64-linux-gnu.so CMakeFiles/micro_ros_msgs__rosidl_typesupport_c__pyext.dir/rosidl_generator_py/micro_ros_msgs/_micro_ros_msgs_s.ep.rosidl_typesupport_c.c.o  -Wl,-rpath,/home/salem/microros_ws/build/micro_ros_msgs/rosidl_generator_py/micro_ros_msgs:/home/salem/microros_ws/build/micro_ros_msgs:/opt/ros/humble/lib: rosidl_generator_py/micro_ros_msgs/libmicro_ros_msgs__rosidl_generator_py.so /usr/lib/x86_64-linux-gnu/libpython3.10.so libmicro_ros_msgs__rosidl_typesupport_c.so /opt/ros/humble/lib/librosidl_typesupport_c.so /opt/ros/humble/lib/librmw.so libmicro_ros_msgs__rosidl_generator_c.so /opt/ros/humble/lib/librosidl_runtime_c.so /opt/ros/humble/lib/librcutils.so -ldl -Wl,-rpath-link,/opt/ros/humble/lib 
umble/lib/librosidl_typesupport_fastrtps_c.so /opt/ros/humble/lib/librosidl_runtime_c.so /opt/ros/humble/lib/librcutils.so -ldl -Wl,-rpath-link,/opt/ros/humble/lib 
pesupport_introspection_c.so -Wl,-rpath-link,/opt/ros/humble/lib 
gmake[2]: Leaving directory '/home/salem/microros_ws/build/micro_ros_msgs'
gmake[2]: Leaving directory '/home/salem/microros_ws/build/micro_ros_msgs'
gmake[2]: Leaving directory '/home/salem/microros_ws/build/micro_ros_msgs'
[100%] Built target micro_ros_msgs__rosidl_typesupport_c__pyext
[100%] Built target micro_ros_msgs__rosidl_typesupport_fastrtps_c__pyext
[100%] Built target micro_ros_msgs__rosidl_typesupport_introspection_c__pyext
gmake[1]: Leaving directory '/home/salem/microros_ws/build/micro_ros_msgs'
/usr/bin/cmake -E cmake_progress_start /home/salem/microros_ws/build/micro_ros_msgs/CMakeFiles 0
-- Install configuration: ""
-- Installing: /home/salem/microros_ws/install/micro_ros_msgs/share/ament_index/resource_index/rosidl_interfaces/micro_ros_msgs
-- Installing: /home/salem/microros_ws/install/micro_ros_msgs/include/micro_ros_msgs/micro_ros_msgs
-- Installing: /home/salem/microros_ws/install/micro_ros_msgs/include/micro_ros_msgs/micro_ros_msgs/msg
-- Installing: /home/salem/microros_ws/install/micro_ros_msgs/include/micro_ros_msgs/micro_ros_msgs/msg/graph.h
-- Installing: /home/salem/microros_ws/install/micro_ros_msgs/include/micro_ros_msgs/micro_ros_msgs/msg/entity.h
-- Installing: /home/salem/microros_ws/install/micro_ros_msgs/include/micro_ros_msgs/micro_ros_msgs/msg/detail
-- Installing: /home/salem/microros_ws/install/micro_ros_msgs/include/micro_ros_msgs/micro_ros_msgs/msg/detail/graph__functions.h
-- Installing: /home/salem/microros_ws/install/micro_ros_msgs/include/micro_ros_msgs/micro_ros_msgs/msg/detail/graph__struct.h
-- Installing: /home/salem/microros_ws/install/micro_ros_msgs/include/micro_ros_msgs/micro_ros_msgs/msg/detail/node__type_support.h
-- Installing: /home/salem/microros_ws/install/micro_ros_msgs/include/micro_ros_msgs/micro_ros_msgs/msg/detail/node__struct.h
-- Installing: /home/salem/microros_ws/install/micro_ros_msgs/include/micro_ros_msgs/micro_ros_msgs/msg/detail/node__functions.h
-- Installing: /home/salem/microros_ws/install/micro_ros_msgs/include/micro_ros_msgs/micro_ros_msgs/msg/detail/entity__struct.h
-- Installing: /home/salem/microros_ws/install/micro_ros_msgs/include/micro_ros_msgs/micro_ros_msgs/msg/detail/graph__functions.c
-- Installing: /home/salem/microros_ws/install/micro_ros_msgs/include/micro_ros_msgs/micro_ros_msgs/msg/detail/node__functions.c
-- Installing: /home/salem/microros_ws/install/micro_ros_msgs/include/micro_ros_msgs/micro_ros_msgs/msg/detail/entity__type_support.h
-- Installing: /home/salem/microros_ws/install/micro_ros_msgs/include/micro_ros_msgs/micro_ros_msgs/msg/detail/entity__functions.c
-- Installing: /home/salem/microros_ws/install/micro_ros_msgs/include/micro_ros_msgs/micro_ros_msgs/msg/detail/entity__functions.h
-- Installing: /home/salem/microros_ws/install/micro_ros_msgs/include/micro_ros_msgs/micro_ros_msgs/msg/detail/graph__type_support.h
-- Installing: /home/salem/microros_ws/install/micro_ros_msgs/include/micro_ros_msgs/micro_ros_msgs/msg/rosidl_generator_c__visibility_control.h
-- Installing: /home/salem/microros_ws/install/micro_ros_msgs/include/micro_ros_msgs/micro_ros_msgs/msg/node.h
-- Installing: /home/salem/microros_ws/install/micro_ros_msgs/share/micro_ros_msgs/environment/library_path.sh
-- Installing: /home/salem/microros_ws/install/micro_ros_msgs/share/micro_ros_msgs/environment/library_path.dsv
-- Installing: /home/salem/microros_ws/install/micro_ros_msgs/lib/libmicro_ros_msgs__rosidl_generator_c.so
-- Set runtime path of "/home/salem/microros_ws/install/micro_ros_msgs/lib/libmicro_ros_msgs__rosidl_generator_c.so" to ""
-- Up-to-date: /home/salem/microros_ws/install/micro_ros_msgs/include/micro_ros_msgs/micro_ros_msgs
-- Up-to-date: /home/salem/microros_ws/install/micro_ros_msgs/include/micro_ros_msgs/micro_ros_msgs/msg
-- Up-to-date: /home/salem/microros_ws/install/micro_ros_msgs/include/micro_ros_msgs/micro_ros_msgs/msg/detail
-- Installing: /home/salem/microros_ws/install/micro_ros_msgs/include/micro_ros_msgs/micro_ros_msgs/msg/detail/graph__rosidl_typesupport_fastrtps_c.h
-- Installing: /home/salem/microros_ws/install/micro_ros_msgs/include/micro_ros_msgs/micro_ros_msgs/msg/detail/entity__rosidl_typesupport_fastrtps_c.h
-- Installing: /home/salem/microros_ws/install/micro_ros_msgs/include/micro_ros_msgs/micro_ros_msgs/msg/detail/node__rosidl_typesupport_fastrtps_c.h
-- Installing: /home/salem/microros_ws/install/micro_ros_msgs/include/micro_ros_msgs/micro_ros_msgs/msg/rosidl_typesupport_fastrtps_c__visibility_control.h
-- Installing: /home/salem/microros_ws/install/micro_ros_msgs/lib/libmicro_ros_msgs__rosidl_typesupport_fastrtps_c.so
-- Set runtime path of "/home/salem/microros_ws/install/micro_ros_msgs/lib/libmicro_ros_msgs__rosidl_typesupport_fastrtps_c.so" to ""
-- Up-to-date: /home/salem/microros_ws/install/micro_ros_msgs/include/micro_ros_msgs/micro_ros_msgs
-- Up-to-date: /home/salem/microros_ws/install/micro_ros_msgs/include/micro_ros_msgs/micro_ros_msgs/msg
-- Installing: /home/salem/microros_ws/install/micro_ros_msgs/include/micro_ros_msgs/micro_ros_msgs/msg/rosidl_typesupport_introspection_c__visibility_control.h
-- Up-to-date: /home/salem/microros_ws/install/micro_ros_msgs/include/micro_ros_msgs/micro_ros_msgs/msg/detail
-- Installing: /home/salem/microros_ws/install/micro_ros_msgs/include/micro_ros_msgs/micro_ros_msgs/msg/detail/node__rosidl_typesupport_introspection_c.h
-- Installing: /home/salem/microros_ws/install/micro_ros_msgs/include/micro_ros_msgs/micro_ros_msgs/msg/detail/entity__rosidl_typesupport_introspection_c.h
-- Installing: /home/salem/microros_ws/install/micro_ros_msgs/include/micro_ros_msgs/micro_ros_msgs/msg/detail/graph__rosidl_typesupport_introspection_c.h
-- Installing: /home/salem/microros_ws/install/micro_ros_msgs/include/micro_ros_msgs/micro_ros_msgs/msg/detail/entity__type_support.c
-- Installing: /home/salem/microros_ws/install/micro_ros_msgs/include/micro_ros_msgs/micro_ros_msgs/msg/detail/node__type_support.c
-- Installing: /home/salem/microros_ws/install/micro_ros_msgs/include/micro_ros_msgs/micro_ros_msgs/msg/detail/graph__type_support.c
-- Installing: /home/salem/microros_ws/install/micro_ros_msgs/lib/libmicro_ros_msgs__rosidl_typesupport_introspection_c.so
-- Set runtime path of "/home/salem/microros_ws/install/micro_ros_msgs/lib/libmicro_ros_msgs__rosidl_typesupport_introspection_c.so" to ""
-- Installing: /home/salem/microros_ws/install/micro_ros_msgs/lib/libmicro_ros_msgs__rosidl_typesupport_c.so
-- Set runtime path of "/home/salem/microros_ws/install/micro_ros_msgs/lib/libmicro_ros_msgs__rosidl_typesupport_c.so" to ""
-- Up-to-date: /home/salem/microros_ws/install/micro_ros_msgs/include/micro_ros_msgs/micro_ros_msgs
-- Up-to-date: /home/salem/microros_ws/install/micro_ros_msgs/include/micro_ros_msgs/micro_ros_msgs/msg
-- Installing: /home/salem/microros_ws/install/micro_ros_msgs/include/micro_ros_msgs/micro_ros_msgs/msg/node.hpp
-- Up-to-date: /home/salem/microros_ws/install/micro_ros_msgs/include/micro_ros_msgs/micro_ros_msgs/msg/detail
-- Installing: /home/salem/microros_ws/install/micro_ros_msgs/include/micro_ros_msgs/micro_ros_msgs/msg/detail/graph__struct.hpp
-- Installing: /home/salem/microros_ws/install/micro_ros_msgs/include/micro_ros_msgs/micro_ros_msgs/msg/detail/node__type_support.hpp
-- Installing: /home/salem/microros_ws/install/micro_ros_msgs/include/micro_ros_msgs/micro_ros_msgs/msg/detail/entity__struct.hpp
-- Installing: /home/salem/microros_ws/install/micro_ros_msgs/include/micro_ros_msgs/micro_ros_msgs/msg/detail/node__traits.hpp
-- Installing: /home/salem/microros_ws/install/micro_ros_msgs/include/micro_ros_msgs/micro_ros_msgs/msg/detail/entity__type_support.hpp
-- Installing: /home/salem/microros_ws/install/micro_ros_msgs/include/micro_ros_msgs/micro_ros_msgs/msg/detail/graph__type_support.hpp
-- Installing: /home/salem/microros_ws/install/micro_ros_msgs/include/micro_ros_msgs/micro_ros_msgs/msg/detail/entity__traits.hpp
-- Installing: /home/salem/microros_ws/install/micro_ros_msgs/include/micro_ros_msgs/micro_ros_msgs/msg/detail/graph__builder.hpp
-- Installing: /home/salem/microros_ws/install/micro_ros_msgs/include/micro_ros_msgs/micro_ros_msgs/msg/detail/node__builder.hpp
-- Installing: /home/salem/microros_ws/install/micro_ros_msgs/include/micro_ros_msgs/micro_ros_msgs/msg/detail/node__struct.hpp
-- Installing: /home/salem/microros_ws/install/micro_ros_msgs/include/micro_ros_msgs/micro_ros_msgs/msg/detail/entity__builder.hpp
-- Installing: /home/salem/microros_ws/install/micro_ros_msgs/include/micro_ros_msgs/micro_ros_msgs/msg/detail/graph__traits.hpp
-- Installing: /home/salem/microros_ws/install/micro_ros_msgs/include/micro_ros_msgs/micro_ros_msgs/msg/graph.hpp
-- Installing: /home/salem/microros_ws/install/micro_ros_msgs/include/micro_ros_msgs/micro_ros_msgs/msg/entity.hpp
-- Installing: /home/salem/microros_ws/install/micro_ros_msgs/include/micro_ros_msgs/micro_ros_msgs/msg/rosidl_generator_cpp__visibility_control.hpp
-- Up-to-date: /home/salem/microros_ws/install/micro_ros_msgs/include/micro_ros_msgs/micro_ros_msgs
-- Up-to-date: /home/salem/microros_ws/install/micro_ros_msgs/include/micro_ros_msgs/micro_ros_msgs/msg
-- Installing: /home/salem/microros_ws/install/micro_ros_msgs/include/micro_ros_msgs/micro_ros_msgs/msg/rosidl_typesupport_fastrtps_cpp__visibility_control.h
-- Up-to-date: /home/salem/microros_ws/install/micro_ros_msgs/include/micro_ros_msgs/micro_ros_msgs/msg/detail
-- Installing: /home/salem/microros_ws/install/micro_ros_msgs/include/micro_ros_msgs/micro_ros_msgs/msg/detail/graph__rosidl_typesupport_fastrtps_cpp.hpp
-- Installing: /home/salem/microros_ws/install/micro_ros_msgs/include/micro_ros_msgs/micro_ros_msgs/msg/detail/entity__rosidl_typesupport_fastrtps_cpp.hpp
-- Installing: /home/salem/microros_ws/install/micro_ros_msgs/include/micro_ros_msgs/micro_ros_msgs/msg/detail/node__rosidl_typesupport_fastrtps_cpp.hpp
-- Installing: /home/salem/microros_ws/install/micro_ros_msgs/include/micro_ros_msgs/micro_ros_msgs/msg/detail/dds_fastrtps
-- Installing: /home/salem/microros_ws/install/micro_ros_msgs/lib/libmicro_ros_msgs__rosidl_typesupport_fastrtps_cpp.so
-- Set runtime path of "/home/salem/microros_ws/install/micro_ros_msgs/lib/libmicro_ros_msgs__rosidl_typesupport_fastrtps_cpp.so" to ""
-- Up-to-date: /home/salem/microros_ws/install/micro_ros_msgs/include/micro_ros_msgs/micro_ros_msgs
-- Up-to-date: /home/salem/microros_ws/install/micro_ros_msgs/include/micro_ros_msgs/micro_ros_msgs/msg
-- Up-to-date: /home/salem/microros_ws/install/micro_ros_msgs/include/micro_ros_msgs/micro_ros_msgs/msg/detail
-- Installing: /home/salem/microros_ws/install/micro_ros_msgs/include/micro_ros_msgs/micro_ros_msgs/msg/detail/node__rosidl_typesupport_introspection_cpp.hpp
-- Installing: /home/salem/microros_ws/install/micro_ros_msgs/include/micro_ros_msgs/micro_ros_msgs/msg/detail/node__type_support.cpp
-- Installing: /home/salem/microros_ws/install/micro_ros_msgs/include/micro_ros_msgs/micro_ros_msgs/msg/detail/graph__type_support.cpp
-- Installing: /home/salem/microros_ws/install/micro_ros_msgs/include/micro_ros_msgs/micro_ros_msgs/msg/detail/graph__rosidl_typesupport_introspection_cpp.hpp
-- Installing: /home/salem/microros_ws/install/micro_ros_msgs/include/micro_ros_msgs/micro_ros_msgs/msg/detail/entity__rosidl_typesupport_introspection_cpp.hpp
-- Installing: /home/salem/microros_ws/install/micro_ros_msgs/include/micro_ros_msgs/micro_ros_msgs/msg/detail/entity__type_support.cpp
-- Installing: /home/salem/microros_ws/install/micro_ros_msgs/lib/libmicro_ros_msgs__rosidl_typesupport_introspection_cpp.so
-- Set runtime path of "/home/salem/microros_ws/install/micro_ros_msgs/lib/libmicro_ros_msgs__rosidl_typesupport_introspection_cpp.so" to ""
-- Installing: /home/salem/microros_ws/install/micro_ros_msgs/lib/libmicro_ros_msgs__rosidl_typesupport_cpp.so
-- Set runtime path of "/home/salem/microros_ws/install/micro_ros_msgs/lib/libmicro_ros_msgs__rosidl_typesupport_cpp.so" to ""
-- Installing: /home/salem/microros_ws/install/micro_ros_msgs/share/micro_ros_msgs/environment/pythonpath.sh
-- Installing: /home/salem/microros_ws/install/micro_ros_msgs/share/micro_ros_msgs/environment/pythonpath.dsv
-- Installing: /home/salem/microros_ws/install/micro_ros_msgs/local/lib/python3.10/dist-packages/micro_ros_msgs-3.0.1-py3.10.egg-info
-- Installing: /home/salem/microros_ws/install/micro_ros_msgs/local/lib/python3.10/dist-packages/micro_ros_msgs-3.0.1-py3.10.egg-info/PKG-INFO
-- Installing: /home/salem/microros_ws/install/micro_ros_msgs/local/lib/python3.10/dist-packages/micro_ros_msgs-3.0.1-py3.10.egg-info/top_level.txt
-- Installing: /home/salem/microros_ws/install/micro_ros_msgs/local/lib/python3.10/dist-packages/micro_ros_msgs-3.0.1-py3.10.egg-info/dependency_links.txt
-- Installing: /home/salem/microros_ws/install/micro_ros_msgs/local/lib/python3.10/dist-packages/micro_ros_msgs-3.0.1-py3.10.egg-info/SOURCES.txt
-- Installing: /home/salem/microros_ws/install/micro_ros_msgs/local/lib/python3.10/dist-packages/micro_ros_msgs
-- Installing: /home/salem/microros_ws/install/micro_ros_msgs/local/lib/python3.10/dist-packages/micro_ros_msgs/micro_ros_msgs_s__rosidl_typesupport_c.cpython-310-x86_64-linux-gnu.so
-- Installing: /home/salem/microros_ws/install/micro_ros_msgs/local/lib/python3.10/dist-packages/micro_ros_msgs/__init__.py
-- Installing: /home/salem/microros_ws/install/micro_ros_msgs/local/lib/python3.10/dist-packages/micro_ros_msgs/_micro_ros_msgs_s.ep.rosidl_typesupport_c.c
-- Installing: /home/salem/microros_ws/install/micro_ros_msgs/local/lib/python3.10/dist-packages/micro_ros_msgs/micro_ros_msgs_s__rosidl_typesupport_introspection_c.cpython-310-x86_64-linux-gnu.so
-- Installing: /home/salem/microros_ws/install/micro_ros_msgs/local/lib/python3.10/dist-packages/micro_ros_msgs/_micro_ros_msgs_s.ep.rosidl_typesupport_introspection_c.c
-- Installing: /home/salem/microros_ws/install/micro_ros_msgs/local/lib/python3.10/dist-packages/micro_ros_msgs/micro_ros_msgs_s__rosidl_typesupport_fastrtps_c.cpython-310-x86_64-linux-gnu.so
-- Installing: /home/salem/microros_ws/install/micro_ros_msgs/local/lib/python3.10/dist-packages/micro_ros_msgs/libmicro_ros_msgs__rosidl_generator_py.so
-- Installing: /home/salem/microros_ws/install/micro_ros_msgs/local/lib/python3.10/dist-packages/micro_ros_msgs/_micro_ros_msgs_s.ep.rosidl_typesupport_fastrtps_c.c
-- Installing: /home/salem/microros_ws/install/micro_ros_msgs/local/lib/python3.10/dist-packages/micro_ros_msgs/msg
-- Installing: /home/salem/microros_ws/install/micro_ros_msgs/local/lib/python3.10/dist-packages/micro_ros_msgs/msg/_node_s.c
-- Installing: /home/salem/microros_ws/install/micro_ros_msgs/local/lib/python3.10/dist-packages/micro_ros_msgs/msg/_graph.py
-- Installing: /home/salem/microros_ws/install/micro_ros_msgs/local/lib/python3.10/dist-packages/micro_ros_msgs/msg/_graph_s.c
-- Installing: /home/salem/microros_ws/install/micro_ros_msgs/local/lib/python3.10/dist-packages/micro_ros_msgs/msg/_entity_s.c
-- Installing: /home/salem/microros_ws/install/micro_ros_msgs/local/lib/python3.10/dist-packages/micro_ros_msgs/msg/__init__.py
-- Installing: /home/salem/microros_ws/install/micro_ros_msgs/local/lib/python3.10/dist-packages/micro_ros_msgs/msg/_entity.py
-- Installing: /home/salem/microros_ws/install/micro_ros_msgs/local/lib/python3.10/dist-packages/micro_ros_msgs/msg/_node.py
Listing '/home/salem/microros_ws/install/micro_ros_msgs/local/lib/python3.10/dist-packages/micro_ros_msgs'...
Compiling '/home/salem/microros_ws/install/micro_ros_msgs/local/lib/python3.10/dist-packages/micro_ros_msgs/__init__.py'...
Listing '/home/salem/microros_ws/install/micro_ros_msgs/local/lib/python3.10/dist-packages/micro_ros_msgs/msg'...
Compiling '/home/salem/microros_ws/install/micro_ros_msgs/local/lib/python3.10/dist-packages/micro_ros_msgs/msg/__init__.py'...
Compiling '/home/salem/microros_ws/install/micro_ros_msgs/local/lib/python3.10/dist-packages/micro_ros_msgs/msg/_entity.py'...
Compiling '/home/salem/microros_ws/install/micro_ros_msgs/local/lib/python3.10/dist-packages/micro_ros_msgs/msg/_graph.py'...
Compiling '/home/salem/microros_ws/install/micro_ros_msgs/local/lib/python3.10/dist-packages/micro_ros_msgs/msg/_node.py'...
-- Installing: /home/salem/microros_ws/install/micro_ros_msgs/local/lib/python3.10/dist-packages/micro_ros_msgs/micro_ros_msgs_s__rosidl_typesupport_fastrtps_c.cpython-310-x86_64-linux-gnu.so
-- Set runtime path of "/home/salem/microros_ws/install/micro_ros_msgs/local/lib/python3.10/dist-packages/micro_ros_msgs/micro_ros_msgs_s__rosidl_typesupport_fastrtps_c.cpython-310-x86_64-linux-gnu.so" to ""
-- Installing: /home/salem/microros_ws/install/micro_ros_msgs/local/lib/python3.10/dist-packages/micro_ros_msgs/micro_ros_msgs_s__rosidl_typesupport_introspection_c.cpython-310-x86_64-linux-gnu.so
-- Set runtime path of "/home/salem/microros_ws/install/micro_ros_msgs/local/lib/python3.10/dist-packages/micro_ros_msgs/micro_ros_msgs_s__rosidl_typesupport_introspection_c.cpython-310-x86_64-linux-gnu.so" to ""
-- Installing: /home/salem/microros_ws/install/micro_ros_msgs/local/lib/python3.10/dist-packages/micro_ros_msgs/micro_ros_msgs_s__rosidl_typesupport_c.cpython-310-x86_64-linux-gnu.so
-- Set runtime path of "/home/salem/microros_ws/install/micro_ros_msgs/local/lib/python3.10/dist-packages/micro_ros_msgs/micro_ros_msgs_s__rosidl_typesupport_c.cpython-310-x86_64-linux-gnu.so" to ""
-- Installing: /home/salem/microros_ws/install/micro_ros_msgs/lib/libmicro_ros_msgs__rosidl_generator_py.so
-- Set runtime path of "/home/salem/microros_ws/install/micro_ros_msgs/lib/libmicro_ros_msgs__rosidl_generator_py.so" to ""
-- Installing: /home/salem/microros_ws/install/micro_ros_msgs/share/micro_ros_msgs/msg/Graph.idl
-- Installing: /home/salem/microros_ws/install/micro_ros_msgs/share/micro_ros_msgs/msg/Node.idl
-- Installing: /home/salem/microros_ws/install/micro_ros_msgs/share/micro_ros_msgs/msg/Entity.idl
-- Installing: /home/salem/microros_ws/install/micro_ros_msgs/share/micro_ros_msgs/msg/Graph.msg
-- Installing: /home/salem/microros_ws/install/micro_ros_msgs/share/micro_ros_msgs/msg/Node.msg
-- Installing: /home/salem/microros_ws/install/micro_ros_msgs/share/micro_ros_msgs/msg/Entity.msg
-- Installing: /home/salem/microros_ws/install/micro_ros_msgs/share/ament_index/resource_index/package_run_dependencies/micro_ros_msgs
-- Installing: /home/salem/microros_ws/install/micro_ros_msgs/share/ament_index/resource_index/parent_prefix_path/micro_ros_msgs
-- Installing: /home/salem/microros_ws/install/micro_ros_msgs/share/micro_ros_msgs/environment/ament_prefix_path.sh
-- Installing: /home/salem/microros_ws/install/micro_ros_msgs/share/micro_ros_msgs/environment/ament_prefix_path.dsv
-- Installing: /home/salem/microros_ws/install/micro_ros_msgs/share/micro_ros_msgs/environment/path.sh
-- Installing: /home/salem/microros_ws/install/micro_ros_msgs/share/micro_ros_msgs/environment/path.dsv
-- Installing: /home/salem/microros_ws/install/micro_ros_msgs/share/micro_ros_msgs/local_setup.bash
-- Installing: /home/salem/microros_ws/install/micro_ros_msgs/share/micro_ros_msgs/local_setup.sh
-- Installing: /home/salem/microros_ws/install/micro_ros_msgs/share/micro_ros_msgs/local_setup.zsh
-- Installing: /home/salem/microros_ws/install/micro_ros_msgs/share/micro_ros_msgs/local_setup.dsv
-- Installing: /home/salem/microros_ws/install/micro_ros_msgs/share/micro_ros_msgs/package.dsv
-- Installing: /home/salem/microros_ws/install/micro_ros_msgs/share/ament_index/resource_index/packages/micro_ros_msgs
-- Installing: /home/salem/microros_ws/install/micro_ros_msgs/share/micro_ros_msgs/cmake/export_micro_ros_msgs__rosidl_generator_cExport.cmake
-- Installing: /home/salem/microros_ws/install/micro_ros_msgs/share/micro_ros_msgs/cmake/export_micro_ros_msgs__rosidl_generator_cExport-noconfig.cmake
-- Installing: /home/salem/microros_ws/install/micro_ros_msgs/share/micro_ros_msgs/cmake/export_micro_ros_msgs__rosidl_typesupport_fastrtps_cExport.cmake
-- Installing: /home/salem/microros_ws/install/micro_ros_msgs/share/micro_ros_msgs/cmake/export_micro_ros_msgs__rosidl_typesupport_fastrtps_cExport-noconfig.cmake
-- Installing: /home/salem/microros_ws/install/micro_ros_msgs/share/micro_ros_msgs/cmake/micro_ros_msgs__rosidl_typesupport_introspection_cExport.cmake
-- Installing: /home/salem/microros_ws/install/micro_ros_msgs/share/micro_ros_msgs/cmake/micro_ros_msgs__rosidl_typesupport_introspection_cExport-noconfig.cmake
-- Installing: /home/salem/microros_ws/install/micro_ros_msgs/share/micro_ros_msgs/cmake/micro_ros_msgs__rosidl_typesupport_cExport.cmake
-- Installing: /home/salem/microros_ws/install/micro_ros_msgs/share/micro_ros_msgs/cmake/micro_ros_msgs__rosidl_typesupport_cExport-noconfig.cmake
-- Installing: /home/salem/microros_ws/install/micro_ros_msgs/share/micro_ros_msgs/cmake/export_micro_ros_msgs__rosidl_generator_cppExport.cmake
-- Installing: /home/salem/microros_ws/install/micro_ros_msgs/share/micro_ros_msgs/cmake/export_micro_ros_msgs__rosidl_typesupport_fastrtps_cppExport.cmake
-- Installing: /home/salem/microros_ws/install/micro_ros_msgs/share/micro_ros_msgs/cmake/export_micro_ros_msgs__rosidl_typesupport_fastrtps_cppExport-noconfig.cmake
-- Installing: /home/salem/microros_ws/install/micro_ros_msgs/share/micro_ros_msgs/cmake/micro_ros_msgs__rosidl_typesupport_introspection_cppExport.cmake
-- Installing: /home/salem/microros_ws/install/micro_ros_msgs/share/micro_ros_msgs/cmake/micro_ros_msgs__rosidl_typesupport_introspection_cppExport-noconfig.cmake
-- Installing: /home/salem/microros_ws/install/micro_ros_msgs/share/micro_ros_msgs/cmake/micro_ros_msgs__rosidl_typesupport_cppExport.cmake
-- Installing: /home/salem/microros_ws/install/micro_ros_msgs/share/micro_ros_msgs/cmake/micro_ros_msgs__rosidl_typesupport_cppExport-noconfig.cmake
-- Installing: /home/salem/microros_ws/install/micro_ros_msgs/share/micro_ros_msgs/cmake/export_micro_ros_msgs__rosidl_generator_pyExport.cmake
-- Installing: /home/salem/microros_ws/install/micro_ros_msgs/share/micro_ros_msgs/cmake/export_micro_ros_msgs__rosidl_generator_pyExport-noconfig.cmake
-- Installing: /home/salem/microros_ws/install/micro_ros_msgs/share/micro_ros_msgs/cmake/rosidl_cmake-extras.cmake
-- Installing: /home/salem/microros_ws/install/micro_ros_msgs/share/micro_ros_msgs/cmake/ament_cmake_export_include_directories-extras.cmake
-- Installing: /home/salem/microros_ws/install/micro_ros_msgs/share/micro_ros_msgs/cmake/ament_cmake_export_libraries-extras.cmake
-- Installing: /home/salem/microros_ws/install/micro_ros_msgs/share/micro_ros_msgs/cmake/ament_cmake_export_targets-extras.cmake
-- Installing: /home/salem/microros_ws/install/micro_ros_msgs/share/micro_ros_msgs/cmake/rosidl_cmake_export_typesupport_targets-extras.cmake
-- Installing: /home/salem/microros_ws/install/micro_ros_msgs/share/micro_ros_msgs/cmake/ament_cmake_export_dependencies-extras.cmake
-- Installing: /home/salem/microros_ws/install/micro_ros_msgs/share/micro_ros_msgs/cmake/rosidl_cmake_export_typesupport_libraries-extras.cmake
-- Installing: /home/salem/microros_ws/install/micro_ros_msgs/share/micro_ros_msgs/cmake/micro_ros_msgsConfig.cmake
-- Installing: /home/salem/microros_ws/install/micro_ros_msgs/share/micro_ros_msgs/cmake/micro_ros_msgsConfig-version.cmake
-- Installing: /home/salem/microros_ws/install/micro_ros_msgs/share/micro_ros_msgs/package.xml
