[0.063s] Invoking command in '/home/salem/graduation_project_ws/build/srdfdom': CMAKE_PREFIX_PATH=${CMAKE_PREFIX_PATH}:/home/salem/ros2_ws/install/my_robot_controller:/home/salem/ws_moveit2/install/moveit_configs_utils:/home/salem/ws_moveit2/install/launch_param_builder:/opt/ros/humble /usr/bin/cmake --build /home/salem/graduation_project_ws/build/srdfdom -- -j16 -l16
[0.301s] [35m[1mConsolidate compiler generated dependencies of target gtest_main[0m
[0.301s] [35m[1mConsolidate compiler generated dependencies of target gtest[0m
[0.302s] [35m[1mConsolidate compiler generated dependencies of target srdfdom[0m
[0.302s] [  0%] Built target ament_cmake_python_copy_srdfdom
[0.302s] [ 18%] Built target gtest_main
[0.302s] [ 36%] Built target gtest
[0.302s] [ 63%] Built target srdfdom
[0.302s] [35m[1mConsolidate compiler generated dependencies of target test_cpp_nl_NL.UTF-8[0m
[0.302s] [35m[1mConsolidate compiler generated dependencies of target test_cpp_C[0m
[0.302s] [100%] Built target test_cpp_C
[0.302s] [100%] Built target test_cpp_nl_NL.UTF-8
[0.388s] running egg_info
[0.388s] writing srdfdom.egg-info/PKG-INFO
[0.388s] writing dependency_links to srdfdom.egg-info/dependency_links.txt
[0.388s] writing top-level names to srdfdom.egg-info/top_level.txt
[0.390s] reading manifest file 'srdfdom.egg-info/SOURCES.txt'
[0.392s] writing manifest file 'srdfdom.egg-info/SOURCES.txt'
[0.431s] [100%] Built target ament_cmake_python_build_srdfdom_egg
[0.487s] Invoked command in '/home/salem/graduation_project_ws/build/srdfdom' returned '0': CMAKE_PREFIX_PATH=${CMAKE_PREFIX_PATH}:/home/salem/ros2_ws/install/my_robot_controller:/home/salem/ws_moveit2/install/moveit_configs_utils:/home/salem/ws_moveit2/install/launch_param_builder:/opt/ros/humble /usr/bin/cmake --build /home/salem/graduation_project_ws/build/srdfdom -- -j16 -l16
[0.487s] Invoking command in '/home/salem/graduation_project_ws/build/srdfdom': CMAKE_PREFIX_PATH=${CMAKE_PREFIX_PATH}:/home/salem/ros2_ws/install/my_robot_controller:/home/salem/ws_moveit2/install/moveit_configs_utils:/home/salem/ws_moveit2/install/launch_param_builder:/opt/ros/humble /usr/bin/cmake --install /home/salem/graduation_project_ws/build/srdfdom
[0.521s] -- Install configuration: ""
[0.521s] -- Up-to-date: /home/salem/graduation_project_ws/install/srdfdom/lib/libsrdfdom.so.2.0.7
[0.521s] -- Up-to-date: /home/salem/graduation_project_ws/install/srdfdom/lib/libsrdfdom.so
[0.521s] -- Up-to-date: /home/salem/graduation_project_ws/install/srdfdom/include/srdfdom
[0.521s] -- Up-to-date: /home/salem/graduation_project_ws/install/srdfdom/include/srdfdom/srdfdom
[0.521s] -- Up-to-date: /home/salem/graduation_project_ws/install/srdfdom/include/srdfdom/srdfdom/model.h
[0.521s] -- Up-to-date: /home/salem/graduation_project_ws/install/srdfdom/include/srdfdom/srdfdom/srdf_writer.h
[0.521s] -- Up-to-date: /home/salem/graduation_project_ws/install/srdfdom/include/srdfdom/srdfdom/visibility_control.h
[0.521s] -- Up-to-date: /home/salem/graduation_project_ws/install/srdfdom/lib/srdfdom/display_srdf
[0.521s] -- Up-to-date: /home/salem/graduation_project_ws/install/srdfdom/share/srdfdom/environment/pythonpath.sh
[0.521s] -- Up-to-date: /home/salem/graduation_project_ws/install/srdfdom/share/srdfdom/environment/pythonpath.dsv
[0.521s] -- Up-to-date: /home/salem/graduation_project_ws/install/srdfdom/local/lib/python3.10/dist-packages/srdfdom-2.0.7-py3.10.egg-info
[0.522s] -- Installing: /home/salem/graduation_project_ws/install/srdfdom/local/lib/python3.10/dist-packages/srdfdom-2.0.7-py3.10.egg-info/PKG-INFO
[0.522s] -- Installing: /home/salem/graduation_project_ws/install/srdfdom/local/lib/python3.10/dist-packages/srdfdom-2.0.7-py3.10.egg-info/top_level.txt
[0.522s] -- Installing: /home/salem/graduation_project_ws/install/srdfdom/local/lib/python3.10/dist-packages/srdfdom-2.0.7-py3.10.egg-info/dependency_links.txt
[0.522s] -- Installing: /home/salem/graduation_project_ws/install/srdfdom/local/lib/python3.10/dist-packages/srdfdom-2.0.7-py3.10.egg-info/SOURCES.txt
[0.522s] -- Up-to-date: /home/salem/graduation_project_ws/install/srdfdom/local/lib/python3.10/dist-packages/srdfdom
[0.522s] -- Up-to-date: /home/salem/graduation_project_ws/install/srdfdom/local/lib/python3.10/dist-packages/srdfdom/__init__.py
[0.522s] -- Up-to-date: /home/salem/graduation_project_ws/install/srdfdom/local/lib/python3.10/dist-packages/srdfdom/srdf.py
[0.528s] Listing '/home/salem/graduation_project_ws/install/srdfdom/local/lib/python3.10/dist-packages/srdfdom'...
[0.534s] -- Up-to-date: /home/salem/graduation_project_ws/install/srdfdom/share/srdfdom/environment/library_path.sh
[0.534s] -- Up-to-date: /home/salem/graduation_project_ws/install/srdfdom/share/srdfdom/environment/library_path.dsv
[0.534s] -- Up-to-date: /home/salem/graduation_project_ws/install/srdfdom/share/ament_index/resource_index/package_run_dependencies/srdfdom
[0.534s] -- Up-to-date: /home/salem/graduation_project_ws/install/srdfdom/share/ament_index/resource_index/parent_prefix_path/srdfdom
[0.534s] -- Up-to-date: /home/salem/graduation_project_ws/install/srdfdom/share/srdfdom/environment/ament_prefix_path.sh
[0.534s] -- Up-to-date: /home/salem/graduation_project_ws/install/srdfdom/share/srdfdom/environment/ament_prefix_path.dsv
[0.534s] -- Up-to-date: /home/salem/graduation_project_ws/install/srdfdom/share/srdfdom/environment/path.sh
[0.534s] -- Up-to-date: /home/salem/graduation_project_ws/install/srdfdom/share/srdfdom/environment/path.dsv
[0.535s] -- Up-to-date: /home/salem/graduation_project_ws/install/srdfdom/share/srdfdom/local_setup.bash
[0.535s] -- Up-to-date: /home/salem/graduation_project_ws/install/srdfdom/share/srdfdom/local_setup.sh
[0.535s] -- Up-to-date: /home/salem/graduation_project_ws/install/srdfdom/share/srdfdom/local_setup.zsh
[0.535s] -- Up-to-date: /home/salem/graduation_project_ws/install/srdfdom/share/srdfdom/local_setup.dsv
[0.535s] -- Installing: /home/salem/graduation_project_ws/install/srdfdom/share/srdfdom/package.dsv
[0.535s] -- Up-to-date: /home/salem/graduation_project_ws/install/srdfdom/share/ament_index/resource_index/packages/srdfdom
[0.536s] -- Up-to-date: /home/salem/graduation_project_ws/install/srdfdom/share/srdfdom/cmake/srdfdomTargetsExport.cmake
[0.536s] -- Up-to-date: /home/salem/graduation_project_ws/install/srdfdom/share/srdfdom/cmake/srdfdomTargetsExport-noconfig.cmake
[0.536s] -- Up-to-date: /home/salem/graduation_project_ws/install/srdfdom/share/srdfdom/cmake/ament_cmake_export_targets-extras.cmake
[0.536s] -- Up-to-date: /home/salem/graduation_project_ws/install/srdfdom/share/srdfdom/cmake/ament_cmake_export_dependencies-extras.cmake
[0.536s] -- Up-to-date: /home/salem/graduation_project_ws/install/srdfdom/share/srdfdom/cmake/srdfdomConfig.cmake
[0.536s] -- Up-to-date: /home/salem/graduation_project_ws/install/srdfdom/share/srdfdom/cmake/srdfdomConfig-version.cmake
[0.536s] -- Up-to-date: /home/salem/graduation_project_ws/install/srdfdom/share/srdfdom/package.xml
[0.554s] Invoked command in '/home/salem/graduation_project_ws/build/srdfdom' returned '0': CMAKE_PREFIX_PATH=${CMAKE_PREFIX_PATH}:/home/salem/ros2_ws/install/my_robot_controller:/home/salem/ws_moveit2/install/moveit_configs_utils:/home/salem/ws_moveit2/install/launch_param_builder:/opt/ros/humble /usr/bin/cmake --install /home/salem/graduation_project_ws/build/srdfdom
