[0.000000] (-) TimerEvent: {}
[0.000776] (-) JobUnselected: {'identifier': 'chomp_motion_planner'}
[0.000816] (-) JobUnselected: {'identifier': 'labvolt5250a0_description'}
[0.000837] (-) JobUnselected: {'identifier': 'labvolt_config'}
[0.000853] (-) JobUnselected: {'identifier': 'launch_param_builder'}
[0.000870] (-) JobUnselected: {'identifier': 'micro_ros_agent'}
[0.000896] (-) JobUnselected: {'identifier': 'micro_ros_msgs'}
[0.000912] (-) JobUnselected: {'identifier': 'micro_ros_setup'}
[0.000927] (-) JobUnselected: {'identifier': 'moveit'}
[0.000942] (-) JobUnselected: {'identifier': 'moveit2_tutorials'}
[0.000958] (-) JobUnselected: {'identifier': 'moveit_chomp_optimizer_adapter'}
[0.000973] (-) JobUnselected: {'identifier': 'moveit_common'}
[0.000988] (-) JobUnselected: {'identifier': 'moveit_configs_utils'}
[0.001003] (-) JobUnselected: {'identifier': 'moveit_core'}
[0.001018] (-) JobUnselected: {'identifier': 'moveit_hybrid_planning'}
[0.001033] (-) JobUnselected: {'identifier': 'moveit_kinematics'}
[0.001048] (-) JobUnselected: {'identifier': 'moveit_planners'}
[0.001063] (-) JobUnselected: {'identifier': 'moveit_planners_chomp'}
[0.001080] (-) JobUnselected: {'identifier': 'moveit_planners_ompl'}
[0.001095] (-) JobUnselected: {'identifier': 'moveit_plugins'}
[0.001111] (-) JobUnselected: {'identifier': 'moveit_resources'}
[0.001126] (-) JobUnselected: {'identifier': 'moveit_resources_fanuc_description'}
[0.001142] (-) JobUnselected: {'identifier': 'moveit_resources_fanuc_moveit_config'}
[0.001161] (-) JobUnselected: {'identifier': 'moveit_resources_panda_description'}
[0.001178] (-) JobUnselected: {'identifier': 'moveit_resources_panda_moveit_config'}
[0.001195] (-) JobUnselected: {'identifier': 'moveit_resources_pr2_description'}
[0.001209] (-) JobUnselected: {'identifier': 'moveit_resources_prbt_ikfast_manipulator_plugin'}
[0.001223] (-) JobUnselected: {'identifier': 'moveit_resources_prbt_moveit_config'}
[0.001236] (-) JobUnselected: {'identifier': 'moveit_resources_prbt_pg70_support'}
[0.001250] (-) JobUnselected: {'identifier': 'moveit_resources_prbt_support'}
[0.001263] (-) JobUnselected: {'identifier': 'moveit_ros'}
[0.001277] (-) JobUnselected: {'identifier': 'moveit_ros_benchmarks'}
[0.001291] (-) JobUnselected: {'identifier': 'moveit_ros_control_interface'}
[0.001304] (-) JobUnselected: {'identifier': 'moveit_ros_move_group'}
[0.001317] (-) JobUnselected: {'identifier': 'moveit_ros_occupancy_map_monitor'}
[0.001331] (-) JobUnselected: {'identifier': 'moveit_ros_perception'}
[0.001344] (-) JobUnselected: {'identifier': 'moveit_ros_planning'}
[0.001357] (-) JobUnselected: {'identifier': 'moveit_ros_planning_interface'}
[0.001370] (-) JobUnselected: {'identifier': 'moveit_ros_robot_interaction'}
[0.001383] (-) JobUnselected: {'identifier': 'moveit_ros_visualization'}
[0.001397] (-) JobUnselected: {'identifier': 'moveit_ros_warehouse'}
[0.001418] (-) JobUnselected: {'identifier': 'moveit_runtime'}
[0.001434] (-) JobUnselected: {'identifier': 'moveit_servo'}
[0.001448] (-) JobUnselected: {'identifier': 'moveit_setup_app_plugins'}
[0.001461] (-) JobUnselected: {'identifier': 'moveit_setup_assistant'}
[0.001474] (-) JobUnselected: {'identifier': 'moveit_setup_controllers'}
[0.001488] (-) JobUnselected: {'identifier': 'moveit_setup_core_plugins'}
[0.001500] (-) JobUnselected: {'identifier': 'moveit_setup_framework'}
[0.001514] (-) JobUnselected: {'identifier': 'moveit_setup_srdf_plugins'}
[0.001527] (-) JobUnselected: {'identifier': 'moveit_simple_controller_manager'}
[0.001540] (-) JobUnselected: {'identifier': 'moveit_task_constructor_capabilities'}
[0.001554] (-) JobUnselected: {'identifier': 'moveit_task_constructor_core'}
[0.001567] (-) JobUnselected: {'identifier': 'moveit_task_constructor_demo'}
[0.001581] (-) JobUnselected: {'identifier': 'moveit_task_constructor_msgs'}
[0.001594] (-) JobUnselected: {'identifier': 'moveit_task_constructor_visualization'}
[0.001607] (-) JobUnselected: {'identifier': 'moveit_visual_tools'}
[0.001620] (-) JobUnselected: {'identifier': 'panda_moveit_config'}
[0.001634] (-) JobUnselected: {'identifier': 'pilz_industrial_motion_planner'}
[0.001722] (-) JobUnselected: {'identifier': 'pilz_industrial_motion_planner_testutils'}
[0.001739] (-) JobUnselected: {'identifier': 'rosparam_shortcuts'}
[0.001753] (-) JobUnselected: {'identifier': 'rviz_marker_tools'}
[0.001768] (-) JobUnselected: {'identifier': 'srdfdom'}
[0.001781] (-) JobUnselected: {'identifier': 'two_wheeled_robot'}
[0.001797] (lab_moveit_config) JobQueued: {'identifier': 'lab_moveit_config', 'dependencies': OrderedDict([('labvolt5250a0_description', '/home/salem/graduation_project/graduation_project_ws/install/labvolt5250a0_description'), ('launch_param_builder', '/home/salem/graduation_project/graduation_project_ws/install/launch_param_builder'), ('moveit_common', '/home/salem/graduation_project/graduation_project_ws/install/moveit_common'), ('moveit_resources_fanuc_description', '/home/salem/graduation_project/graduation_project_ws/install/moveit_resources_fanuc_description'), ('moveit_resources_panda_description', '/home/salem/graduation_project/graduation_project_ws/install/moveit_resources_panda_description'), ('moveit_resources_pr2_description', '/home/salem/graduation_project/graduation_project_ws/install/moveit_resources_pr2_description'), ('moveit_resources_prbt_support', '/home/salem/graduation_project/graduation_project_ws/install/moveit_resources_prbt_support'), ('srdfdom', '/home/salem/graduation_project/graduation_project_ws/install/srdfdom'), ('moveit_configs_utils', '/home/salem/graduation_project/graduation_project_ws/install/moveit_configs_utils'), ('moveit_resources_fanuc_moveit_config', '/home/salem/graduation_project/graduation_project_ws/install/moveit_resources_fanuc_moveit_config'), ('moveit_resources_panda_moveit_config', '/home/salem/graduation_project/graduation_project_ws/install/moveit_resources_panda_moveit_config'), ('moveit_core', '/home/salem/graduation_project/graduation_project_ws/install/moveit_core'), ('chomp_motion_planner', '/home/salem/graduation_project/graduation_project_ws/install/chomp_motion_planner'), ('moveit_resources_prbt_ikfast_manipulator_plugin', '/home/salem/graduation_project/graduation_project_ws/install/moveit_resources_prbt_ikfast_manipulator_plugin'), ('moveit_ros_occupancy_map_monitor', '/home/salem/graduation_project/graduation_project_ws/install/moveit_ros_occupancy_map_monitor'), ('moveit_simple_controller_manager', '/home/salem/graduation_project/graduation_project_ws/install/moveit_simple_controller_manager'), ('pilz_industrial_motion_planner_testutils', '/home/salem/graduation_project/graduation_project_ws/install/pilz_industrial_motion_planner_testutils'), ('moveit_planners_chomp', '/home/salem/graduation_project/graduation_project_ws/install/moveit_planners_chomp'), ('moveit_ros_planning', '/home/salem/graduation_project/graduation_project_ws/install/moveit_ros_planning'), ('moveit_kinematics', '/home/salem/graduation_project/graduation_project_ws/install/moveit_kinematics'), ('moveit_planners_ompl', '/home/salem/graduation_project/graduation_project_ws/install/moveit_planners_ompl'), ('moveit_ros_robot_interaction', '/home/salem/graduation_project/graduation_project_ws/install/moveit_ros_robot_interaction'), ('moveit_ros_warehouse', '/home/salem/graduation_project/graduation_project_ws/install/moveit_ros_warehouse'), ('moveit_ros_move_group', '/home/salem/graduation_project/graduation_project_ws/install/moveit_ros_move_group'), ('moveit_resources_prbt_moveit_config', '/home/salem/graduation_project/graduation_project_ws/install/moveit_resources_prbt_moveit_config'), ('moveit_ros_planning_interface', '/home/salem/graduation_project/graduation_project_ws/install/moveit_ros_planning_interface'), ('moveit_resources_prbt_pg70_support', '/home/salem/graduation_project/graduation_project_ws/install/moveit_resources_prbt_pg70_support'), ('moveit_ros_visualization', '/home/salem/graduation_project/graduation_project_ws/install/moveit_ros_visualization'), ('moveit_setup_framework', '/home/salem/graduation_project/graduation_project_ws/install/moveit_setup_framework'), ('pilz_industrial_motion_planner', '/home/salem/graduation_project/graduation_project_ws/install/pilz_industrial_motion_planner'), ('moveit_planners', '/home/salem/graduation_project/graduation_project_ws/install/moveit_planners'), ('moveit_setup_app_plugins', '/home/salem/graduation_project/graduation_project_ws/install/moveit_setup_app_plugins'), ('moveit_setup_controllers', '/home/salem/graduation_project/graduation_project_ws/install/moveit_setup_controllers'), ('moveit_setup_core_plugins', '/home/salem/graduation_project/graduation_project_ws/install/moveit_setup_core_plugins'), ('moveit_setup_srdf_plugins', '/home/salem/graduation_project/graduation_project_ws/install/moveit_setup_srdf_plugins'), ('moveit_setup_assistant', '/home/salem/graduation_project/graduation_project_ws/install/moveit_setup_assistant')])}
[0.001850] (lab_moveit_config) JobStarted: {'identifier': 'lab_moveit_config'}
[0.071698] (lab_moveit_config) JobEnded: {'identifier': 'lab_moveit_config', 'rc': 1}
[0.082206] (-) EventReactorShutdown: {}
