[0.564s] Invoking command in '/home/salem/graduation_project_ws/src/moveit2/moveit_configs_utils': AMENT_PREFIX_PATH=/home/salem/graduation_project_ws/install/srdfdom:/home/salem/graduation_project_ws/install/launch_param_builder:${AMENT_PREFIX_PATH} CMAKE_PREFIX_PATH=/home/salem/graduation_project_ws/install/srdfdom:${CMAKE_PREFIX_PATH} LD_LIBRARY_PATH=/home/salem/graduation_project_ws/install/srdfdom/lib:${LD_LIBRARY_PATH} PYTHONPATH=/home/salem/graduation_project_ws/build/moveit_configs_utils/prefix_override:/usr/lib/python3/dist-packages/colcon_core/task/python/colcon_distutils_commands:/home/salem/graduation_project_ws/install/moveit_configs_utils/lib/python3.10/site-packages:/home/salem/graduation_project_ws/install/srdfdom/local/lib/python3.10/dist-packages:/home/salem/graduation_project_ws/install/launch_param_builder/lib/python3.10/site-packages:${PYTHONPATH} /usr/bin/python3 -W ignore:setup.py install is deprecated -W ignore:easy_install command is deprecated setup.py egg_info --egg-base ../../../build/moveit_configs_utils build --build-base /home/salem/graduation_project_ws/build/moveit_configs_utils/build install --record /home/salem/graduation_project_ws/build/moveit_configs_utils/install.log --single-version-externally-managed install_data
[0.756s] running egg_info
[0.756s] writing ../../../build/moveit_configs_utils/moveit_configs_utils.egg-info/PKG-INFO
[0.804s] writing dependency_links to ../../../build/moveit_configs_utils/moveit_configs_utils.egg-info/dependency_links.txt
[0.804s] writing entry points to ../../../build/moveit_configs_utils/moveit_configs_utils.egg-info/entry_points.txt
[0.804s] writing requirements to ../../../build/moveit_configs_utils/moveit_configs_utils.egg-info/requires.txt
[0.804s] writing top-level names to ../../../build/moveit_configs_utils/moveit_configs_utils.egg-info/top_level.txt
[0.807s] reading manifest file '../../../build/moveit_configs_utils/moveit_configs_utils.egg-info/SOURCES.txt'
[0.809s] writing manifest file '../../../build/moveit_configs_utils/moveit_configs_utils.egg-info/SOURCES.txt'
[0.809s] running build
[0.809s] running build_py
[0.810s] running install
[0.810s] running install_lib
[0.812s] running install_data
[0.813s] running install_egg_info
[0.815s] removing '/home/salem/graduation_project_ws/install/moveit_configs_utils/lib/python3.10/site-packages/moveit_configs_utils-2.5.9-py3.10.egg-info' (and everything under it)
[0.815s] Copying ../../../build/moveit_configs_utils/moveit_configs_utils.egg-info to /home/salem/graduation_project_ws/install/moveit_configs_utils/lib/python3.10/site-packages/moveit_configs_utils-2.5.9-py3.10.egg-info
[0.816s] running install_scripts
[0.832s] writing list of installed files to '/home/salem/graduation_project_ws/build/moveit_configs_utils/install.log'
[0.849s] Invoked command in '/home/salem/graduation_project_ws/src/moveit2/moveit_configs_utils' returned '0': AMENT_PREFIX_PATH=/home/salem/graduation_project_ws/install/srdfdom:/home/salem/graduation_project_ws/install/launch_param_builder:${AMENT_PREFIX_PATH} CMAKE_PREFIX_PATH=/home/salem/graduation_project_ws/install/srdfdom:${CMAKE_PREFIX_PATH} LD_LIBRARY_PATH=/home/salem/graduation_project_ws/install/srdfdom/lib:${LD_LIBRARY_PATH} PYTHONPATH=/home/salem/graduation_project_ws/build/moveit_configs_utils/prefix_override:/usr/lib/python3/dist-packages/colcon_core/task/python/colcon_distutils_commands:/home/salem/graduation_project_ws/install/moveit_configs_utils/lib/python3.10/site-packages:/home/salem/graduation_project_ws/install/srdfdom/local/lib/python3.10/dist-packages:/home/salem/graduation_project_ws/install/launch_param_builder/lib/python3.10/site-packages:${PYTHONPATH} /usr/bin/python3 -W ignore:setup.py install is deprecated -W ignore:easy_install command is deprecated setup.py egg_info --egg-base ../../../build/moveit_configs_utils build --build-base /home/salem/graduation_project_ws/build/moveit_configs_utils/build install --record /home/salem/graduation_project_ws/build/moveit_configs_utils/install.log --single-version-externally-managed install_data
