[0.074s] Invoking command in '/home/salem/graduation_project_ws/build/pilz_industrial_motion_planner': AMENT_PREFIX_PATH=/home/salem/graduation_project_ws/install/moveit_resources_prbt_pg70_support:/home/salem/graduation_project_ws/install/moveit_ros_planning_interface:/home/salem/graduation_project_ws/install/moveit_resources_prbt_moveit_config:/home/salem/graduation_project_ws/install/moveit_ros_move_group:/home/salem/graduation_project_ws/install/moveit_ros_warehouse:/home/salem/graduation_project_ws/install/moveit_planners_ompl:/home/salem/graduation_project_ws/install/moveit_kinematics:/home/salem/graduation_project_ws/install/moveit_ros_planning:/home/salem/graduation_project_ws/install/pilz_industrial_motion_planner_testutils:/home/salem/graduation_project_ws/install/moveit_simple_controller_manager:/home/salem/graduation_project_ws/install/moveit_ros_occupancy_map_monitor:/home/salem/graduation_project_ws/install/moveit_resources_prbt_ikfast_manipulator_plugin:/home/salem/graduation_project_ws/install/moveit_core:/home/salem/graduation_project_ws/install/moveit_resources_panda_moveit_config:/home/salem/graduation_project_ws/install/moveit_resources_fanuc_moveit_config:/home/salem/graduation_project_ws/install/moveit_configs_utils:/home/salem/graduation_project_ws/install/srdfdom:/home/salem/graduation_project_ws/install/moveit_resources_prbt_support:/home/salem/graduation_project_ws/install/moveit_resources_pr2_description:/home/salem/graduation_project_ws/install/moveit_resources_panda_description:/home/salem/graduation_project_ws/install/moveit_resources_fanuc_description:/home/salem/graduation_project_ws/install/moveit_common:/home/salem/graduation_project_ws/install/launch_param_builder:${AMENT_PREFIX_PATH} CMAKE_PREFIX_PATH=/home/salem/graduation_project_ws/install/moveit_resources_prbt_pg70_support:/home/salem/graduation_project_ws/install/moveit_ros_planning_interface:/home/salem/graduation_project_ws/install/moveit_resources_prbt_moveit_config:/home/salem/graduation_project_ws/install/moveit_ros_move_group:/home/salem/graduation_project_ws/install/moveit_ros_warehouse:/home/salem/graduation_project_ws/install/moveit_planners_ompl:/home/salem/graduation_project_ws/install/moveit_kinematics:/home/salem/graduation_project_ws/install/moveit_ros_planning:/home/salem/graduation_project_ws/install/pilz_industrial_motion_planner_testutils:/home/salem/graduation_project_ws/install/moveit_simple_controller_manager:/home/salem/graduation_project_ws/install/moveit_ros_occupancy_map_monitor:/home/salem/graduation_project_ws/install/moveit_resources_prbt_ikfast_manipulator_plugin:/home/salem/graduation_project_ws/install/moveit_core:/home/salem/graduation_project_ws/install/moveit_resources_panda_moveit_config:/home/salem/graduation_project_ws/install/moveit_resources_fanuc_moveit_config:/home/salem/graduation_project_ws/install/srdfdom:/home/salem/graduation_project_ws/install/moveit_resources_prbt_support:/home/salem/graduation_project_ws/install/moveit_resources_pr2_description:/home/salem/graduation_project_ws/install/moveit_resources_panda_description:/home/salem/graduation_project_ws/install/moveit_resources_fanuc_description:/home/salem/graduation_project_ws/install/moveit_common:/home/salem/ros2_ws/install/labvolt5250a0_description:/home/salem/ws_moveit2/install/pilz_industrial_motion_planner_testutils:/home/salem/ws_moveit2/install/panda_moveit_config:/home/salem/ws_moveit2/install/moveit_runtime:/home/salem/ws_moveit2/install/moveit2_tutorials:/home/salem/ws_moveit2/install/moveit:/home/salem/ws_moveit2/install/moveit_planners:/home/salem/ws_moveit2/install/pilz_industrial_motion_planner:/home/salem/ws_moveit2/install/moveit_visual_tools:/home/salem/ws_moveit2/install/moveit_task_constructor_visualization:/home/salem/ws_moveit2/install/moveit_task_constructor_demo:/home/salem/ws_moveit2/install/moveit_task_constructor_capabilities:/home/salem/ws_moveit2/install/moveit_task_constructor_core:/home/salem/ws_moveit2/install/moveit_ros_control_interface:/home/salem/ws_moveit2/install/moveit_plugins:/home/salem/ws_moveit2/install/moveit_simple_controller_manager:/home/salem/ws_moveit2/install/moveit_setup_assistant:/home/salem/ws_moveit2/install/moveit_setup_srdf_plugins:/home/salem/ws_moveit2/install/moveit_setup_core_plugins:/home/salem/ws_moveit2/install/moveit_setup_controllers:/home/salem/ws_moveit2/install/moveit_setup_app_plugins:/home/salem/ws_moveit2/install/moveit_setup_framework:/home/salem/ws_moveit2/install/moveit_servo:/home/salem/ws_moveit2/install/moveit_ros:/home/salem/ws_moveit2/install/moveit_ros_visualization:/home/salem/ws_moveit2/install/moveit_hybrid_planning:/home/salem/ws_moveit2/install/moveit_ros_planning_interface:/home/salem/ws_moveit2/install/moveit_ros_benchmarks:/home/salem/ws_moveit2/install/moveit_ros_warehouse:/home/salem/ws_moveit2/install/moveit_ros_robot_interaction:/home/salem/ws_moveit2/install/moveit_ros_perception:/home/salem/ws_moveit2/install/moveit_resources_prbt_pg70_support:/home/salem/ws_moveit2/install/moveit_resources_prbt_moveit_config:/home/salem/ws_moveit2/install/moveit_ros_move_group:/home/salem/ws_moveit2/install/moveit_planners_ompl:/home/salem/ws_moveit2/install/moveit_ros_planning:/home/salem/ws_moveit2/install/moveit_ros_occupancy_map_monitor:/home/salem/ws_moveit2/install/moveit_resources_prbt_ikfast_manipulator_plugin:/home/salem/ws_moveit2/install/moveit_planners_chomp:/home/salem/ws_moveit2/install/moveit_kinematics:/home/salem/ws_moveit2/install/moveit_chomp_optimizer_adapter:/home/salem/ws_moveit2/install/chomp_motion_planner:/home/salem/ws_moveit2/install/moveit_core:/home/salem/ws_moveit2/install/srdfdom:/home/salem/ws_moveit2/install/rviz_marker_tools:/home/salem/ws_moveit2/install/rosparam_shortcuts:/home/salem/ws_moveit2/install/moveit_task_constructor_msgs:/home/salem/ws_moveit2/install/moveit_resources_prbt_support:/home/salem/ws_moveit2/install/moveit_resources:/home/salem/ws_moveit2/install/moveit_resources_pr2_description:/home/salem/ws_moveit2/install/moveit_resources_panda_moveit_config:/home/salem/ws_moveit2/install/moveit_resources_panda_description:/home/salem/ws_moveit2/install/moveit_resources_fanuc_moveit_config:/home/salem/ws_moveit2/install/moveit_resources_fanuc_description:/home/salem/ws_moveit2/install/moveit_common:/home/salem/microros_ws/install/micro_ros_setup:/home/salem/ros2_ws/install/my_robot_controller:/home/salem/ws_moveit2/install/moveit_configs_utils:/home/salem/ws_moveit2/install/launch_param_builder:/opt/ros/humble LD_LIBRARY_PATH=/home/salem/graduation_project_ws/install/moveit_ros_planning_interface/lib:/home/salem/graduation_project_ws/install/moveit_ros_move_group/lib:/home/salem/graduation_project_ws/install/moveit_ros_warehouse/lib:/home/salem/graduation_project_ws/install/moveit_planners_ompl/lib:/home/salem/graduation_project_ws/install/moveit_kinematics/lib:/home/salem/graduation_project_ws/install/moveit_ros_planning/lib:/home/salem/graduation_project_ws/install/pilz_industrial_motion_planner_testutils/lib:/home/salem/graduation_project_ws/install/moveit_simple_controller_manager/lib:/home/salem/graduation_project_ws/install/moveit_ros_occupancy_map_monitor/lib:/home/salem/graduation_project_ws/install/moveit_resources_prbt_ikfast_manipulator_plugin/lib:/home/salem/graduation_project_ws/install/moveit_core/lib:/home/salem/graduation_project_ws/install/srdfdom/lib:${LD_LIBRARY_PATH} PATH=/home/salem/graduation_project_ws/install/moveit_core/bin:${PATH} PYTHONPATH=/home/salem/graduation_project_ws/install/moveit_configs_utils/lib/python3.10/site-packages:/home/salem/graduation_project_ws/install/srdfdom/local/lib/python3.10/dist-packages:/home/salem/graduation_project_ws/install/launch_param_builder/lib/python3.10/site-packages:${PYTHONPATH} /usr/bin/cmake /home/salem/graduation_project_ws/src/moveit2/moveit_planners/pilz_industrial_motion_planner -DCMAKE_INSTALL_PREFIX=/home/salem/graduation_project_ws/install/pilz_industrial_motion_planner
[0.141s] -- The C compiler identification is GNU 11.4.0
[0.195s] -- The CXX compiler identification is GNU 11.4.0
[0.202s] -- Detecting C compiler ABI info
[0.289s] -- Detecting C compiler ABI info - done
[0.295s] -- Check for working C compiler: /usr/bin/cc - skipped
[0.295s] -- Detecting C compile features
[0.295s] -- Detecting C compile features - done
[0.297s] -- Detecting CXX compiler ABI info
[0.392s] -- Detecting CXX compiler ABI info - done
[0.398s] -- Check for working CXX compiler: /usr/bin/c++ - skipped
[0.398s] -- Detecting CXX compile features
[0.398s] -- Detecting CXX compile features - done
[0.402s] -- Found moveit_common: 2.5.9 (/home/salem/graduation_project_ws/install/moveit_common/share/moveit_common/cmake)
[0.411s] -- Found ament_cmake: 1.3.11 (/opt/ros/humble/share/ament_cmake/cmake)
[0.566s] -- Found Python3: /usr/bin/python3 (found version "3.10.12") found components: Interpreter 
[0.847s] [0mpilz_industrial_motion_planner: You did not request a specific build type: Choosing 'Release' for maximum performance[0m
[0.855s] -- Found eigen3_cmake_module: 0.1.1 (/opt/ros/humble/share/eigen3_cmake_module/cmake)
[0.868s] -- Found Eigen3: TRUE (found version "3.4.0") 
[0.877s] -- Found geometry_msgs: 4.8.0 (/opt/ros/humble/share/geometry_msgs/cmake)
[0.979s] -- Found rosidl_generator_c: 3.1.6 (/opt/ros/humble/share/rosidl_generator_c/cmake)
[0.998s] -- Found rosidl_adapter: 3.1.6 (/opt/ros/humble/share/rosidl_adapter/cmake)
[1.019s] -- Found rosidl_generator_cpp: 3.1.6 (/opt/ros/humble/share/rosidl_generator_cpp/cmake)
[1.094s] -- Using all available rosidl_typesupport_c: rosidl_typesupport_fastrtps_c;rosidl_typesupport_introspection_c
[1.133s] -- Using all available rosidl_typesupport_cpp: rosidl_typesupport_fastrtps_cpp;rosidl_typesupport_introspection_cpp
[1.179s] -- Found moveit_core: 2.5.9 (/home/salem/graduation_project_ws/install/moveit_core/share/moveit_core/cmake)
[1.518s] -- Found Boost: /usr/lib/x86_64-linux-gnu/cmake/Boost-1.74.0/BoostConfig.cmake (found version "1.74.0") found components: chrono date_time filesystem iostreams program_options regex serialization system thread 
[1.621s] -- Found parameter_traits: 0.4.0 (/opt/ros/humble/share/parameter_traits/cmake)
[1.731s] -- Found rmw_implementation_cmake: 6.1.2 (/opt/ros/humble/share/rmw_implementation_cmake/cmake)
[1.743s] -- Found rmw_fastrtps_cpp: 6.2.7 (/opt/ros/humble/share/rmw_fastrtps_cpp/cmake)
[1.905s] -- Found OpenSSL: /usr/lib/x86_64-linux-gnu/libcrypto.so (found version "3.0.2")  
[1.938s] -- Found FastRTPS: /opt/ros/humble/include  
[1.995s] -- Using RMW implementation 'rmw_fastrtps_cpp' as default
[2.025s] -- Found Threads: TRUE  
[2.105s] -- Found rclcpp_lifecycle: 16.0.12 (/opt/ros/humble/share/rclcpp_lifecycle/cmake)
[2.144s] -- Found Boost: /usr/lib/x86_64-linux-gnu/cmake/Boost-1.74.0/BoostConfig.cmake (found version "1.74.0") found components: filesystem 
[2.311s] -- library: /usr/lib/x86_64-linux-gnu/libcurl.so
[2.407s] -- Ensuring Eigen3 include directory is part of orocos-kdl CMake target
[2.782s] -- Found moveit_ros_move_group: 2.5.9 (/home/salem/graduation_project_ws/install/moveit_ros_move_group/share/moveit_ros_move_group/cmake)
[2.786s] -- Found Boost: /usr/lib/x86_64-linux-gnu/cmake/Boost-1.74.0/BoostConfig.cmake (found version "1.74.0") found components: system filesystem date_time program_options thread 
[2.819s] -- Found Boost: /usr/lib/x86_64-linux-gnu/cmake/Boost-1.74.0/BoostConfig.cmake (found version "1.74.0") found components: system filesystem date_time program_options thread chrono 
[2.830s] -- Found moveit_ros_planning_interface: 2.5.9 (/home/salem/graduation_project_ws/install/moveit_ros_planning_interface/share/moveit_ros_planning_interface/cmake)
[2.834s] -- Found Boost: /usr/lib/x86_64-linux-gnu/cmake/Boost-1.74.0/BoostConfig.cmake (found version "1.74.0") found components: date_time filesystem program_options system thread 
[2.845s] -- Found Boost: /usr/lib/x86_64-linux-gnu/cmake/Boost-1.74.0/BoostConfig.cmake (found version "1.74.0") found components: thread system filesystem regex date_time program_options 
[2.926s] -- Found tf2_eigen_kdl: 0.25.12 (/opt/ros/humble/share/tf2_eigen_kdl/cmake)
[2.936s] -- Found Boost: /usr/lib/x86_64-linux-gnu/cmake/Boost-1.74.0/BoostConfig.cmake (found version "1.74.0")  
[3.290s] -- Found ament_cmake_gtest: 1.3.11 (/opt/ros/humble/share/ament_cmake_gtest/cmake)
[3.299s] -- Found ament_cmake_gmock: 1.3.11 (/opt/ros/humble/share/ament_cmake_gmock/cmake)
[3.308s] -- Found ros_testing: 0.4.0 (/opt/ros/humble/share/ros_testing/cmake)
[3.316s] -- Found launch_testing_ament_cmake: 1.0.8 (/opt/ros/humble/share/launch_testing_ament_cmake/cmake)
[3.325s] -- Found python_cmake_module: 0.10.0 (/opt/ros/humble/share/python_cmake_module/cmake)
[3.346s] -- Found PythonInterp: /usr/bin/python3 (found suitable version "3.10.12", minimum required is "3.6") 
[3.354s] -- Found PythonLibs: /usr/lib/x86_64-linux-gnu/libpython3.10.so (found suitable version "3.10.12", minimum required is "3.5") 
[3.354s] -- Using PYTHON_EXECUTABLE: /usr/bin/python3
[3.354s] -- Using PYTHON_INCLUDE_DIRS: /usr/include/python3.10
[3.354s] -- Using PYTHON_LIBRARIES: /usr/lib/x86_64-linux-gnu/libpython3.10.so
[3.375s] -- Found PythonExtra: .so  
[3.379s] -- Found moveit_resources_prbt_support: 2.5.9 (/home/salem/graduation_project_ws/install/moveit_resources_prbt_support/share/moveit_resources_prbt_support/cmake)
[3.380s] -- Found moveit_resources_prbt_moveit_config: 2.5.9 (/home/salem/graduation_project_ws/install/moveit_resources_prbt_moveit_config/share/moveit_resources_prbt_moveit_config/cmake)
[3.383s] -- Found Boost: /usr/lib/x86_64-linux-gnu/cmake/Boost-1.74.0/BoostConfig.cmake (found version "1.74.0") found components: thread 
[3.385s] -- Found pilz_industrial_motion_planner_testutils: 2.5.9 (/home/salem/graduation_project_ws/install/pilz_industrial_motion_planner_testutils/share/pilz_industrial_motion_planner_testutils/cmake)
[3.433s] -- Found gtest sources under '/opt/ros/humble/src/gtest_vendor': C++ tests using 'Google Test' will be built
[3.481s] -- Found gmock sources under '/opt/ros/humble/src/gmock_vendor': C++ tests using 'Google Mock' will be built
[3.492s] -- Found ament_lint_auto: 0.12.12 (/opt/ros/humble/share/ament_lint_auto/cmake)
[3.592s] -- Found launch_testing_ament_cmake: 1.0.8 (/opt/ros/humble/share/launch_testing_ament_cmake/cmake)
[3.593s] -- Found python_cmake_module: 0.10.0 (/opt/ros/humble/share/python_cmake_module/cmake)
[3.614s] -- Using PYTHON_EXECUTABLE: /usr/bin/python3
[3.614s] -- Using PYTHON_INCLUDE_DIRS: /usr/include/python3.10
[3.614s] -- Using PYTHON_LIBRARIES: /usr/lib/x86_64-linux-gnu/libpython3.10.so
[3.628s] -- Added test 'cppcheck' to perform static code analysis on C / C++ code
[3.629s] -- Configured cppcheck include dirs: /home/salem/graduation_project_ws/src/moveit2/moveit_planners/pilz_industrial_motion_planner/include
[3.629s] -- Configured cppcheck exclude dirs and/or files: 
[3.631s] -- Added test 'pep257' to check Python code against some of the docstring style conventions in PEP 257
[3.633s] -- Added test 'xmllint' to check XML markup files
[3.637s] -- Configuring done
[4.021s] -- Generating done
[4.113s] -- Build files have been written to: /home/salem/graduation_project_ws/build/pilz_industrial_motion_planner
[4.135s] Invoked command in '/home/salem/graduation_project_ws/build/pilz_industrial_motion_planner' returned '0': AMENT_PREFIX_PATH=/home/salem/graduation_project_ws/install/moveit_resources_prbt_pg70_support:/home/salem/graduation_project_ws/install/moveit_ros_planning_interface:/home/salem/graduation_project_ws/install/moveit_resources_prbt_moveit_config:/home/salem/graduation_project_ws/install/moveit_ros_move_group:/home/salem/graduation_project_ws/install/moveit_ros_warehouse:/home/salem/graduation_project_ws/install/moveit_planners_ompl:/home/salem/graduation_project_ws/install/moveit_kinematics:/home/salem/graduation_project_ws/install/moveit_ros_planning:/home/salem/graduation_project_ws/install/pilz_industrial_motion_planner_testutils:/home/salem/graduation_project_ws/install/moveit_simple_controller_manager:/home/salem/graduation_project_ws/install/moveit_ros_occupancy_map_monitor:/home/salem/graduation_project_ws/install/moveit_resources_prbt_ikfast_manipulator_plugin:/home/salem/graduation_project_ws/install/moveit_core:/home/salem/graduation_project_ws/install/moveit_resources_panda_moveit_config:/home/salem/graduation_project_ws/install/moveit_resources_fanuc_moveit_config:/home/salem/graduation_project_ws/install/moveit_configs_utils:/home/salem/graduation_project_ws/install/srdfdom:/home/salem/graduation_project_ws/install/moveit_resources_prbt_support:/home/salem/graduation_project_ws/install/moveit_resources_pr2_description:/home/salem/graduation_project_ws/install/moveit_resources_panda_description:/home/salem/graduation_project_ws/install/moveit_resources_fanuc_description:/home/salem/graduation_project_ws/install/moveit_common:/home/salem/graduation_project_ws/install/launch_param_builder:${AMENT_PREFIX_PATH} CMAKE_PREFIX_PATH=/home/salem/graduation_project_ws/install/moveit_resources_prbt_pg70_support:/home/salem/graduation_project_ws/install/moveit_ros_planning_interface:/home/salem/graduation_project_ws/install/moveit_resources_prbt_moveit_config:/home/salem/graduation_project_ws/install/moveit_ros_move_group:/home/salem/graduation_project_ws/install/moveit_ros_warehouse:/home/salem/graduation_project_ws/install/moveit_planners_ompl:/home/salem/graduation_project_ws/install/moveit_kinematics:/home/salem/graduation_project_ws/install/moveit_ros_planning:/home/salem/graduation_project_ws/install/pilz_industrial_motion_planner_testutils:/home/salem/graduation_project_ws/install/moveit_simple_controller_manager:/home/salem/graduation_project_ws/install/moveit_ros_occupancy_map_monitor:/home/salem/graduation_project_ws/install/moveit_resources_prbt_ikfast_manipulator_plugin:/home/salem/graduation_project_ws/install/moveit_core:/home/salem/graduation_project_ws/install/moveit_resources_panda_moveit_config:/home/salem/graduation_project_ws/install/moveit_resources_fanuc_moveit_config:/home/salem/graduation_project_ws/install/srdfdom:/home/salem/graduation_project_ws/install/moveit_resources_prbt_support:/home/salem/graduation_project_ws/install/moveit_resources_pr2_description:/home/salem/graduation_project_ws/install/moveit_resources_panda_description:/home/salem/graduation_project_ws/install/moveit_resources_fanuc_description:/home/salem/graduation_project_ws/install/moveit_common:/home/salem/ros2_ws/install/labvolt5250a0_description:/home/salem/ws_moveit2/install/pilz_industrial_motion_planner_testutils:/home/salem/ws_moveit2/install/panda_moveit_config:/home/salem/ws_moveit2/install/moveit_runtime:/home/salem/ws_moveit2/install/moveit2_tutorials:/home/salem/ws_moveit2/install/moveit:/home/salem/ws_moveit2/install/moveit_planners:/home/salem/ws_moveit2/install/pilz_industrial_motion_planner:/home/salem/ws_moveit2/install/moveit_visual_tools:/home/salem/ws_moveit2/install/moveit_task_constructor_visualization:/home/salem/ws_moveit2/install/moveit_task_constructor_demo:/home/salem/ws_moveit2/install/moveit_task_constructor_capabilities:/home/salem/ws_moveit2/install/moveit_task_constructor_core:/home/salem/ws_moveit2/install/moveit_ros_control_interface:/home/salem/ws_moveit2/install/moveit_plugins:/home/salem/ws_moveit2/install/moveit_simple_controller_manager:/home/salem/ws_moveit2/install/moveit_setup_assistant:/home/salem/ws_moveit2/install/moveit_setup_srdf_plugins:/home/salem/ws_moveit2/install/moveit_setup_core_plugins:/home/salem/ws_moveit2/install/moveit_setup_controllers:/home/salem/ws_moveit2/install/moveit_setup_app_plugins:/home/salem/ws_moveit2/install/moveit_setup_framework:/home/salem/ws_moveit2/install/moveit_servo:/home/salem/ws_moveit2/install/moveit_ros:/home/salem/ws_moveit2/install/moveit_ros_visualization:/home/salem/ws_moveit2/install/moveit_hybrid_planning:/home/salem/ws_moveit2/install/moveit_ros_planning_interface:/home/salem/ws_moveit2/install/moveit_ros_benchmarks:/home/salem/ws_moveit2/install/moveit_ros_warehouse:/home/salem/ws_moveit2/install/moveit_ros_robot_interaction:/home/salem/ws_moveit2/install/moveit_ros_perception:/home/salem/ws_moveit2/install/moveit_resources_prbt_pg70_support:/home/salem/ws_moveit2/install/moveit_resources_prbt_moveit_config:/home/salem/ws_moveit2/install/moveit_ros_move_group:/home/salem/ws_moveit2/install/moveit_planners_ompl:/home/salem/ws_moveit2/install/moveit_ros_planning:/home/salem/ws_moveit2/install/moveit_ros_occupancy_map_monitor:/home/salem/ws_moveit2/install/moveit_resources_prbt_ikfast_manipulator_plugin:/home/salem/ws_moveit2/install/moveit_planners_chomp:/home/salem/ws_moveit2/install/moveit_kinematics:/home/salem/ws_moveit2/install/moveit_chomp_optimizer_adapter:/home/salem/ws_moveit2/install/chomp_motion_planner:/home/salem/ws_moveit2/install/moveit_core:/home/salem/ws_moveit2/install/srdfdom:/home/salem/ws_moveit2/install/rviz_marker_tools:/home/salem/ws_moveit2/install/rosparam_shortcuts:/home/salem/ws_moveit2/install/moveit_task_constructor_msgs:/home/salem/ws_moveit2/install/moveit_resources_prbt_support:/home/salem/ws_moveit2/install/moveit_resources:/home/salem/ws_moveit2/install/moveit_resources_pr2_description:/home/salem/ws_moveit2/install/moveit_resources_panda_moveit_config:/home/salem/ws_moveit2/install/moveit_resources_panda_description:/home/salem/ws_moveit2/install/moveit_resources_fanuc_moveit_config:/home/salem/ws_moveit2/install/moveit_resources_fanuc_description:/home/salem/ws_moveit2/install/moveit_common:/home/salem/microros_ws/install/micro_ros_setup:/home/salem/ros2_ws/install/my_robot_controller:/home/salem/ws_moveit2/install/moveit_configs_utils:/home/salem/ws_moveit2/install/launch_param_builder:/opt/ros/humble LD_LIBRARY_PATH=/home/salem/graduation_project_ws/install/moveit_ros_planning_interface/lib:/home/salem/graduation_project_ws/install/moveit_ros_move_group/lib:/home/salem/graduation_project_ws/install/moveit_ros_warehouse/lib:/home/salem/graduation_project_ws/install/moveit_planners_ompl/lib:/home/salem/graduation_project_ws/install/moveit_kinematics/lib:/home/salem/graduation_project_ws/install/moveit_ros_planning/lib:/home/salem/graduation_project_ws/install/pilz_industrial_motion_planner_testutils/lib:/home/salem/graduation_project_ws/install/moveit_simple_controller_manager/lib:/home/salem/graduation_project_ws/install/moveit_ros_occupancy_map_monitor/lib:/home/salem/graduation_project_ws/install/moveit_resources_prbt_ikfast_manipulator_plugin/lib:/home/salem/graduation_project_ws/install/moveit_core/lib:/home/salem/graduation_project_ws/install/srdfdom/lib:${LD_LIBRARY_PATH} PATH=/home/salem/graduation_project_ws/install/moveit_core/bin:${PATH} PYTHONPATH=/home/salem/graduation_project_ws/install/moveit_configs_utils/lib/python3.10/site-packages:/home/salem/graduation_project_ws/install/srdfdom/local/lib/python3.10/dist-packages:/home/salem/graduation_project_ws/install/launch_param_builder/lib/python3.10/site-packages:${PYTHONPATH} /usr/bin/cmake /home/salem/graduation_project_ws/src/moveit2/moveit_planners/pilz_industrial_motion_planner -DCMAKE_INSTALL_PREFIX=/home/salem/graduation_project_ws/install/pilz_industrial_motion_planner
[4.137s] Invoking command in '/home/salem/graduation_project_ws/build/pilz_industrial_motion_planner': AMENT_PREFIX_PATH=/home/salem/graduation_project_ws/install/moveit_resources_prbt_pg70_support:/home/salem/graduation_project_ws/install/moveit_ros_planning_interface:/home/salem/graduation_project_ws/install/moveit_resources_prbt_moveit_config:/home/salem/graduation_project_ws/install/moveit_ros_move_group:/home/salem/graduation_project_ws/install/moveit_ros_warehouse:/home/salem/graduation_project_ws/install/moveit_planners_ompl:/home/salem/graduation_project_ws/install/moveit_kinematics:/home/salem/graduation_project_ws/install/moveit_ros_planning:/home/salem/graduation_project_ws/install/pilz_industrial_motion_planner_testutils:/home/salem/graduation_project_ws/install/moveit_simple_controller_manager:/home/salem/graduation_project_ws/install/moveit_ros_occupancy_map_monitor:/home/salem/graduation_project_ws/install/moveit_resources_prbt_ikfast_manipulator_plugin:/home/salem/graduation_project_ws/install/moveit_core:/home/salem/graduation_project_ws/install/moveit_resources_panda_moveit_config:/home/salem/graduation_project_ws/install/moveit_resources_fanuc_moveit_config:/home/salem/graduation_project_ws/install/moveit_configs_utils:/home/salem/graduation_project_ws/install/srdfdom:/home/salem/graduation_project_ws/install/moveit_resources_prbt_support:/home/salem/graduation_project_ws/install/moveit_resources_pr2_description:/home/salem/graduation_project_ws/install/moveit_resources_panda_description:/home/salem/graduation_project_ws/install/moveit_resources_fanuc_description:/home/salem/graduation_project_ws/install/moveit_common:/home/salem/graduation_project_ws/install/launch_param_builder:${AMENT_PREFIX_PATH} CMAKE_PREFIX_PATH=/home/salem/graduation_project_ws/install/moveit_resources_prbt_pg70_support:/home/salem/graduation_project_ws/install/moveit_ros_planning_interface:/home/salem/graduation_project_ws/install/moveit_resources_prbt_moveit_config:/home/salem/graduation_project_ws/install/moveit_ros_move_group:/home/salem/graduation_project_ws/install/moveit_ros_warehouse:/home/salem/graduation_project_ws/install/moveit_planners_ompl:/home/salem/graduation_project_ws/install/moveit_kinematics:/home/salem/graduation_project_ws/install/moveit_ros_planning:/home/salem/graduation_project_ws/install/pilz_industrial_motion_planner_testutils:/home/salem/graduation_project_ws/install/moveit_simple_controller_manager:/home/salem/graduation_project_ws/install/moveit_ros_occupancy_map_monitor:/home/salem/graduation_project_ws/install/moveit_resources_prbt_ikfast_manipulator_plugin:/home/salem/graduation_project_ws/install/moveit_core:/home/salem/graduation_project_ws/install/moveit_resources_panda_moveit_config:/home/salem/graduation_project_ws/install/moveit_resources_fanuc_moveit_config:/home/salem/graduation_project_ws/install/srdfdom:/home/salem/graduation_project_ws/install/moveit_resources_prbt_support:/home/salem/graduation_project_ws/install/moveit_resources_pr2_description:/home/salem/graduation_project_ws/install/moveit_resources_panda_description:/home/salem/graduation_project_ws/install/moveit_resources_fanuc_description:/home/salem/graduation_project_ws/install/moveit_common:/home/salem/ros2_ws/install/labvolt5250a0_description:/home/salem/ws_moveit2/install/pilz_industrial_motion_planner_testutils:/home/salem/ws_moveit2/install/panda_moveit_config:/home/salem/ws_moveit2/install/moveit_runtime:/home/salem/ws_moveit2/install/moveit2_tutorials:/home/salem/ws_moveit2/install/moveit:/home/salem/ws_moveit2/install/moveit_planners:/home/salem/ws_moveit2/install/pilz_industrial_motion_planner:/home/salem/ws_moveit2/install/moveit_visual_tools:/home/salem/ws_moveit2/install/moveit_task_constructor_visualization:/home/salem/ws_moveit2/install/moveit_task_constructor_demo:/home/salem/ws_moveit2/install/moveit_task_constructor_capabilities:/home/salem/ws_moveit2/install/moveit_task_constructor_core:/home/salem/ws_moveit2/install/moveit_ros_control_interface:/home/salem/ws_moveit2/install/moveit_plugins:/home/salem/ws_moveit2/install/moveit_simple_controller_manager:/home/salem/ws_moveit2/install/moveit_setup_assistant:/home/salem/ws_moveit2/install/moveit_setup_srdf_plugins:/home/salem/ws_moveit2/install/moveit_setup_core_plugins:/home/salem/ws_moveit2/install/moveit_setup_controllers:/home/salem/ws_moveit2/install/moveit_setup_app_plugins:/home/salem/ws_moveit2/install/moveit_setup_framework:/home/salem/ws_moveit2/install/moveit_servo:/home/salem/ws_moveit2/install/moveit_ros:/home/salem/ws_moveit2/install/moveit_ros_visualization:/home/salem/ws_moveit2/install/moveit_hybrid_planning:/home/salem/ws_moveit2/install/moveit_ros_planning_interface:/home/salem/ws_moveit2/install/moveit_ros_benchmarks:/home/salem/ws_moveit2/install/moveit_ros_warehouse:/home/salem/ws_moveit2/install/moveit_ros_robot_interaction:/home/salem/ws_moveit2/install/moveit_ros_perception:/home/salem/ws_moveit2/install/moveit_resources_prbt_pg70_support:/home/salem/ws_moveit2/install/moveit_resources_prbt_moveit_config:/home/salem/ws_moveit2/install/moveit_ros_move_group:/home/salem/ws_moveit2/install/moveit_planners_ompl:/home/salem/ws_moveit2/install/moveit_ros_planning:/home/salem/ws_moveit2/install/moveit_ros_occupancy_map_monitor:/home/salem/ws_moveit2/install/moveit_resources_prbt_ikfast_manipulator_plugin:/home/salem/ws_moveit2/install/moveit_planners_chomp:/home/salem/ws_moveit2/install/moveit_kinematics:/home/salem/ws_moveit2/install/moveit_chomp_optimizer_adapter:/home/salem/ws_moveit2/install/chomp_motion_planner:/home/salem/ws_moveit2/install/moveit_core:/home/salem/ws_moveit2/install/srdfdom:/home/salem/ws_moveit2/install/rviz_marker_tools:/home/salem/ws_moveit2/install/rosparam_shortcuts:/home/salem/ws_moveit2/install/moveit_task_constructor_msgs:/home/salem/ws_moveit2/install/moveit_resources_prbt_support:/home/salem/ws_moveit2/install/moveit_resources:/home/salem/ws_moveit2/install/moveit_resources_pr2_description:/home/salem/ws_moveit2/install/moveit_resources_panda_moveit_config:/home/salem/ws_moveit2/install/moveit_resources_panda_description:/home/salem/ws_moveit2/install/moveit_resources_fanuc_moveit_config:/home/salem/ws_moveit2/install/moveit_resources_fanuc_description:/home/salem/ws_moveit2/install/moveit_common:/home/salem/microros_ws/install/micro_ros_setup:/home/salem/ros2_ws/install/my_robot_controller:/home/salem/ws_moveit2/install/moveit_configs_utils:/home/salem/ws_moveit2/install/launch_param_builder:/opt/ros/humble LD_LIBRARY_PATH=/home/salem/graduation_project_ws/install/moveit_ros_planning_interface/lib:/home/salem/graduation_project_ws/install/moveit_ros_move_group/lib:/home/salem/graduation_project_ws/install/moveit_ros_warehouse/lib:/home/salem/graduation_project_ws/install/moveit_planners_ompl/lib:/home/salem/graduation_project_ws/install/moveit_kinematics/lib:/home/salem/graduation_project_ws/install/moveit_ros_planning/lib:/home/salem/graduation_project_ws/install/pilz_industrial_motion_planner_testutils/lib:/home/salem/graduation_project_ws/install/moveit_simple_controller_manager/lib:/home/salem/graduation_project_ws/install/moveit_ros_occupancy_map_monitor/lib:/home/salem/graduation_project_ws/install/moveit_resources_prbt_ikfast_manipulator_plugin/lib:/home/salem/graduation_project_ws/install/moveit_core/lib:/home/salem/graduation_project_ws/install/srdfdom/lib:${LD_LIBRARY_PATH} PATH=/home/salem/graduation_project_ws/install/moveit_core/bin:${PATH} PYTHONPATH=/home/salem/graduation_project_ws/install/moveit_configs_utils/lib/python3.10/site-packages:/home/salem/graduation_project_ws/install/srdfdom/local/lib/python3.10/dist-packages:/home/salem/graduation_project_ws/install/launch_param_builder/lib/python3.10/site-packages:${PYTHONPATH} /usr/bin/cmake --build /home/salem/graduation_project_ws/build/pilz_industrial_motion_planner -- -j16 -l16
[4.222s] [  3%] [32mBuilding CXX object CMakeFiles/joint_limits_common.dir/src/joint_limits_aggregator.cpp.o[0m
[4.223s] [  3%] [32mBuilding CXX object gmock/CMakeFiles/gmock_main.dir/src/gmock_main.cc.o[0m
[4.223s] [  3%] [32mBuilding CXX object CMakeFiles/joint_limits_common.dir/src/joint_limits_container.cpp.o[0m
[4.223s] [  4%] [32mBuilding CXX object gtest/CMakeFiles/gtest_main.dir/src/gtest_main.cc.o[0m
[4.223s] [  6%] [32mBuilding CXX object CMakeFiles/planning_context_loader_base.dir/src/planning_context_loader.cpp.o[0m
[4.223s] [  7%] [32mBuilding CXX object gtest/CMakeFiles/gtest.dir/src/gtest-all.cc.o[0m
[4.224s] [  9%] [32mBuilding CXX object CMakeFiles/trajectory_generation_common.dir/src/trajectory_functions.cpp.o[0m
[4.224s] [  9%] [32mBuilding CXX object CMakeFiles/trajectory_generation_common.dir/src/trajectory_generator.cpp.o[0m
[4.224s] [ 12%] [32mBuilding CXX object CMakeFiles/joint_limits_common.dir/src/joint_limits_validator.cpp.o[0m
[4.224s] [ 14%] [32mBuilding CXX object CMakeFiles/trajectory_generation_common.dir/src/trajectory_blender_transition_window.cpp.o[0m
[4.224s] [ 14%] [32mBuilding CXX object CMakeFiles/joint_limits_common.dir/src/limits_container.cpp.o[0m
[4.224s] [ 14%] [32mBuilding CXX object gmock/CMakeFiles/gmock.dir/src/gmock-all.cc.o[0m
[4.224s] [ 15%] [32mBuilding CXX object gmock/CMakeFiles/gmock.dir/opt/ros/humble/src/gtest_vendor/src/gtest-all.cc.o[0m
[4.224s] [ 16%] [32mBuilding CXX object CMakeFiles/joint_limits_common.dir/src/cartesian_limits_aggregator.cpp.o[0m
[4.224s] [ 18%] [32mBuilding CXX object CMakeFiles/joint_limits_common.dir/src/cartesian_limit.cpp.o[0m
[5.540s] [ 19%] [32m[1mLinking CXX static library libgtest_main.a[0m
[5.718s] [ 19%] Built target gtest_main
[5.802s] [ 20%] [32m[1mLinking CXX static library libgmock_main.a[0m
[5.936s] [ 20%] Built target gmock_main
[10.517s] [ 21%] [32m[1mLinking CXX static library libgtest.a[0m
[10.636s] [ 21%] Built target gtest
[10.926s] [ 22%] [32m[1mLinking CXX shared library libplanning_context_loader_base.so[0m
[10.989s] [ 24%] [32m[1mLinking CXX static library libgmock.a[0m
[11.086s] [ 24%] Built target gmock
[12.840s] [ 25%] [32m[1mLinking CXX shared library libjoint_limits_common.so[0m
[13.850s] [ 25%] Built target joint_limits_common
[13.887s] [ 28%] [32mBuilding CXX object test/unit_tests/CMakeFiles/unittest_joint_limits_validator.dir/src/unittest_joint_limits_validator.cpp.o[0m
[13.887s] [ 28%] [32mBuilding CXX object test/unit_tests/CMakeFiles/unittest_joint_limit.dir/src/unittest_joint_limit.cpp.o[0m
[13.887s] [ 28%] [32mBuilding CXX object test/unit_tests/CMakeFiles/unittest_joint_limits_aggregator.dir/src/unittest_joint_limits_aggregator.cpp.o[0m
[13.887s] [ 31%] [32mBuilding CXX object test/unit_tests/CMakeFiles/unittest_joint_limits_container.dir/src/unittest_joint_limits_container.cpp.o[0m
[13.888s] [ 31%] [32mBuilding CXX object test/unit_tests/CMakeFiles/unittest_cartesian_limits_aggregator.dir/src/unittest_cartesian_limits_aggregator.cpp.o[0m
[14.220s] [ 32%] [32m[1mLinking CXX shared library libtrajectory_generation_common.so[0m
[14.448s] [ 32%] Built target trajectory_generation_common
[14.484s] [ 34%] [32mBuilding CXX object CMakeFiles/command_list_manager.dir/src/command_list_manager.cpp.o[0m
[14.485s] [ 34%] [32mBuilding CXX object test/CMakeFiles/pilz_industrial_motion_planner_test_utils.dir/test_utils.cpp.o[0m
[14.491s] [ 36%] [32mBuilding CXX object CMakeFiles/command_list_manager.dir/src/plan_components_builder.cpp.o[0m
[15.302s] [ 37%] [32m[1mLinking CXX executable unittest_joint_limits_container[0m
[15.598s] [ 37%] Built target unittest_joint_limits_container
[15.839s] [ 38%] [32m[1mLinking CXX executable unittest_joint_limits_validator[0m
[16.064s] [ 38%] Built target unittest_joint_limits_validator
[17.411s] [ 39%] [32m[1mLinking CXX executable unittest_cartesian_limits_aggregator[0m
[17.678s] [ 39%] Built target unittest_cartesian_limits_aggregator
[17.986s] [ 40%] [32m[1mLinking CXX executable unittest_joint_limit[0m
[18.256s] [ 40%] Built target unittest_joint_limit
[20.359s] [ 40%] Built target planning_context_loader_base
[20.398s] [ 42%] [32mBuilding CXX object CMakeFiles/planning_context_loader_circ.dir/src/path_circle_generator.cpp.o[0m
[20.398s] [ 46%] [32mBuilding CXX object CMakeFiles/planning_context_loader_ptp.dir/src/planning_context_loader_ptp.cpp.o[0m
[20.399s] [ 46%] [32mBuilding CXX object CMakeFiles/planning_context_loader_circ.dir/src/planning_context_loader_circ.cpp.o[0m
[20.399s] [ 46%] [32mBuilding CXX object CMakeFiles/pilz_industrial_motion_planner.dir/src/pilz_industrial_motion_planner.cpp.o[0m
[20.399s] [ 46%] [32mBuilding CXX object CMakeFiles/planning_context_loader_lin.dir/src/planning_context_loader_lin.cpp.o[0m
[20.399s] [ 49%] [32mBuilding CXX object CMakeFiles/planning_context_loader_lin.dir/src/velocity_profile_atrap.cpp.o[0m
[20.399s] [ 49%] [32mBuilding CXX object CMakeFiles/planning_context_loader_ptp.dir/src/velocity_profile_atrap.cpp.o[0m
[20.399s] [ 50%] [32mBuilding CXX object CMakeFiles/planning_context_loader_lin.dir/src/trajectory_generator_lin.cpp.o[0m
[20.400s] [ 51%] [32mBuilding CXX object CMakeFiles/planning_context_loader_ptp.dir/src/trajectory_generator_ptp.cpp.o[0m
[20.400s] [ 53%] [32mBuilding CXX object CMakeFiles/planning_context_loader_circ.dir/src/trajectory_generator_circ.cpp.o[0m
[21.053s] [ 54%] [32m[1mLinking CXX executable unittest_joint_limits_aggregator[0m
[21.492s] [ 54%] Built target unittest_joint_limits_aggregator
[24.087s] [ 55%] [32m[1mLinking CXX shared library libcommand_list_manager.so[0m
[24.417s] [ 55%] Built target command_list_manager
[24.468s] [ 56%] [32mBuilding CXX object CMakeFiles/sequence_capability.dir/src/move_group_sequence_service.cpp.o[0m
[24.470s] [ 57%] [32mBuilding CXX object CMakeFiles/sequence_capability.dir/src/move_group_sequence_action.cpp.o[0m
[28.142s] [ 59%] [32m[1mLinking CXX static library libpilz_industrial_motion_planner_test_utils.a[0m
[28.262s] [ 59%] Built target pilz_industrial_motion_planner_test_utils
[28.301s] [ 60%] [32mBuilding CXX object test/unit_tests/CMakeFiles/unittest_trajectory_functions.dir/src/unittest_trajectory_functions.cpp.o[0m
[30.090s] [ 61%] [32m[1mLinking CXX shared library libplanning_context_loader_ptp.so[0m
[30.334s] [ 62%] [32m[1mLinking CXX shared library libplanning_context_loader_circ.so[0m
[30.335s] [ 62%] Built target planning_context_loader_ptp
[30.374s] [ 63%] [32mBuilding CXX object test/unit_tests/CMakeFiles/unittest_trajectory_generator_ptp.dir/src/unittest_trajectory_generator_ptp.cpp.o[0m
[30.575s] [ 65%] [32m[1mLinking CXX shared library libplanning_context_loader_lin.so[0m
[30.576s] [ 65%] Built target planning_context_loader_circ
[30.613s] [ 66%] [32mBuilding CXX object test/unit_tests/CMakeFiles/unittest_trajectory_generator_circ.dir/src/unittest_trajectory_generator_circ.cpp.o[0m
[30.808s] [ 66%] Built target planning_context_loader_lin
[30.848s] [ 68%] [32mBuilding CXX object test/unit_tests/CMakeFiles/unittest_trajectory_generator_common.dir/src/unittest_trajectory_generator_common.cpp.o[0m
[30.848s] [ 68%] [32mBuilding CXX object test/unit_tests/CMakeFiles/unittest_trajectory_generator_lin.dir/src/unittest_trajectory_generator_lin.cpp.o[0m
[30.855s] [ 69%] [32mBuilding CXX object test/unit_tests/CMakeFiles/unittest_trajectory_blender_transition_window.dir/src/unittest_trajectory_blender_transition_window.cpp.o[0m
[30.860s] [ 71%] [32mBuilding CXX object test/unit_tests/CMakeFiles/unittest_trajectory_blender_transition_window.dir/__/__/src/trajectory_blender_transition_window.cpp.o[0m
[33.216s] [ 72%] [32m[1mLinking CXX shared library libpilz_industrial_motion_planner.so[0m
[33.578s] [ 72%] Built target pilz_industrial_motion_planner
[33.634s] [ 79%] [32mBuilding CXX object test/unit_tests/CMakeFiles/unittest_velocity_profile_atrap.dir/src/unittest_velocity_profile_atrap.cpp.o[0m
[33.634s] [ 79%] [32mBuilding CXX object test/unit_tests/CMakeFiles/unittest_get_solver_tip_frame.dir/src/unittest_get_solver_tip_frame.cpp.o[0m
[33.634s] [ 79%] [32mBuilding CXX object test/unit_tests/CMakeFiles/unittest_planning_context_loaders.dir/src/unittest_planning_context_loaders.cpp.o[0m
[33.634s] [ 79%] [32mBuilding CXX object test/unit_tests/CMakeFiles/unittest_pilz_industrial_motion_planner.dir/src/unittest_pilz_industrial_motion_planner.cpp.o[0m
[33.634s] [ 79%] [32mBuilding CXX object test/unit_tests/CMakeFiles/unittest_pilz_industrial_motion_planner_direct.dir/src/unittest_pilz_industrial_motion_planner_direct.cpp.o[0m
[33.634s] [ 80%] [32mBuilding CXX object test/unit_tests/CMakeFiles/unittest_planning_context.dir/src/unittest_planning_context.cpp.o[0m
[33.635s] [ 79%] [32mBuilding CXX object test/unit_tests/CMakeFiles/unittest_trajectory_generator.dir/src/unittest_trajectory_generator.cpp.o[0m
[39.226s] [ 81%] [32mBuilding CXX object test/unit_tests/CMakeFiles/unittest_velocity_profile_atrap.dir/__/__/src/velocity_profile_atrap.cpp.o[0m
[39.598s] [ 83%] [32mBuilding CXX object test/unit_tests/CMakeFiles/unittest_trajectory_generator.dir/__/__/src/trajectory_generator.cpp.o[0m
[40.257s] [ 84%] [32m[1mLinking CXX executable unittest_velocity_profile_atrap[0m
[42.830s] [ 85%] [32m[1mLinking CXX shared library libsequence_capability.so[0m
[43.280s] [ 85%] Built target sequence_capability
[44.303s] [ 85%] Built target unittest_velocity_profile_atrap
[44.508s] [ 86%] [32m[1mLinking CXX executable unittest_get_solver_tip_frame[0m
[45.333s] [ 87%] [32m[1mLinking CXX executable unittest_trajectory_functions[0m
[45.928s] [ 87%] Built target unittest_trajectory_functions
[48.630s] [ 89%] [32m[1mLinking CXX executable unittest_trajectory_generator_lin[0m
[48.675s] [ 89%] Built target unittest_get_solver_tip_frame
[49.189s] [ 89%] Built target unittest_trajectory_generator_lin
[49.992s] [ 90%] [32m[1mLinking CXX executable unittest_trajectory_generator_ptp[0m
[50.298s] [ 91%] [32m[1mLinking CXX executable unittest_pilz_industrial_motion_planner_direct[0m
[50.374s] [ 92%] [32m[1mLinking CXX executable unittest_trajectory_blender_transition_window[0m
[50.382s] [ 92%] Built target unittest_trajectory_generator_ptp
[50.653s] [ 92%] Built target unittest_pilz_industrial_motion_planner_direct
[50.712s] [ 93%] [32m[1mLinking CXX executable unittest_trajectory_generator_circ[0m
[50.754s] [ 93%] Built target unittest_trajectory_blender_transition_window
[51.074s] [ 93%] Built target unittest_trajectory_generator_circ
[52.159s] [ 95%] [32m[1mLinking CXX executable unittest_trajectory_generator_common[0m
[52.285s] [ 96%] [32m[1mLinking CXX executable unittest_trajectory_generator[0m
[52.550s] [ 96%] Built target unittest_trajectory_generator_common
[52.620s] [ 96%] Built target unittest_trajectory_generator
[52.750s] [ 97%] [32m[1mLinking CXX executable unittest_planning_context[0m
[52.912s] [ 98%] [32m[1mLinking CXX executable unittest_planning_context_loaders[0m
[53.095s] [ 98%] Built target unittest_planning_context
[53.229s] [ 98%] Built target unittest_planning_context_loaders
[53.540s] [100%] [32m[1mLinking CXX executable unittest_pilz_industrial_motion_planner[0m
[53.813s] [100%] Built target unittest_pilz_industrial_motion_planner
[53.866s] Invoked command in '/home/salem/graduation_project_ws/build/pilz_industrial_motion_planner' returned '0': AMENT_PREFIX_PATH=/home/salem/graduation_project_ws/install/moveit_resources_prbt_pg70_support:/home/salem/graduation_project_ws/install/moveit_ros_planning_interface:/home/salem/graduation_project_ws/install/moveit_resources_prbt_moveit_config:/home/salem/graduation_project_ws/install/moveit_ros_move_group:/home/salem/graduation_project_ws/install/moveit_ros_warehouse:/home/salem/graduation_project_ws/install/moveit_planners_ompl:/home/salem/graduation_project_ws/install/moveit_kinematics:/home/salem/graduation_project_ws/install/moveit_ros_planning:/home/salem/graduation_project_ws/install/pilz_industrial_motion_planner_testutils:/home/salem/graduation_project_ws/install/moveit_simple_controller_manager:/home/salem/graduation_project_ws/install/moveit_ros_occupancy_map_monitor:/home/salem/graduation_project_ws/install/moveit_resources_prbt_ikfast_manipulator_plugin:/home/salem/graduation_project_ws/install/moveit_core:/home/salem/graduation_project_ws/install/moveit_resources_panda_moveit_config:/home/salem/graduation_project_ws/install/moveit_resources_fanuc_moveit_config:/home/salem/graduation_project_ws/install/moveit_configs_utils:/home/salem/graduation_project_ws/install/srdfdom:/home/salem/graduation_project_ws/install/moveit_resources_prbt_support:/home/salem/graduation_project_ws/install/moveit_resources_pr2_description:/home/salem/graduation_project_ws/install/moveit_resources_panda_description:/home/salem/graduation_project_ws/install/moveit_resources_fanuc_description:/home/salem/graduation_project_ws/install/moveit_common:/home/salem/graduation_project_ws/install/launch_param_builder:${AMENT_PREFIX_PATH} CMAKE_PREFIX_PATH=/home/salem/graduation_project_ws/install/moveit_resources_prbt_pg70_support:/home/salem/graduation_project_ws/install/moveit_ros_planning_interface:/home/salem/graduation_project_ws/install/moveit_resources_prbt_moveit_config:/home/salem/graduation_project_ws/install/moveit_ros_move_group:/home/salem/graduation_project_ws/install/moveit_ros_warehouse:/home/salem/graduation_project_ws/install/moveit_planners_ompl:/home/salem/graduation_project_ws/install/moveit_kinematics:/home/salem/graduation_project_ws/install/moveit_ros_planning:/home/salem/graduation_project_ws/install/pilz_industrial_motion_planner_testutils:/home/salem/graduation_project_ws/install/moveit_simple_controller_manager:/home/salem/graduation_project_ws/install/moveit_ros_occupancy_map_monitor:/home/salem/graduation_project_ws/install/moveit_resources_prbt_ikfast_manipulator_plugin:/home/salem/graduation_project_ws/install/moveit_core:/home/salem/graduation_project_ws/install/moveit_resources_panda_moveit_config:/home/salem/graduation_project_ws/install/moveit_resources_fanuc_moveit_config:/home/salem/graduation_project_ws/install/srdfdom:/home/salem/graduation_project_ws/install/moveit_resources_prbt_support:/home/salem/graduation_project_ws/install/moveit_resources_pr2_description:/home/salem/graduation_project_ws/install/moveit_resources_panda_description:/home/salem/graduation_project_ws/install/moveit_resources_fanuc_description:/home/salem/graduation_project_ws/install/moveit_common:/home/salem/ros2_ws/install/labvolt5250a0_description:/home/salem/ws_moveit2/install/pilz_industrial_motion_planner_testutils:/home/salem/ws_moveit2/install/panda_moveit_config:/home/salem/ws_moveit2/install/moveit_runtime:/home/salem/ws_moveit2/install/moveit2_tutorials:/home/salem/ws_moveit2/install/moveit:/home/salem/ws_moveit2/install/moveit_planners:/home/salem/ws_moveit2/install/pilz_industrial_motion_planner:/home/salem/ws_moveit2/install/moveit_visual_tools:/home/salem/ws_moveit2/install/moveit_task_constructor_visualization:/home/salem/ws_moveit2/install/moveit_task_constructor_demo:/home/salem/ws_moveit2/install/moveit_task_constructor_capabilities:/home/salem/ws_moveit2/install/moveit_task_constructor_core:/home/salem/ws_moveit2/install/moveit_ros_control_interface:/home/salem/ws_moveit2/install/moveit_plugins:/home/salem/ws_moveit2/install/moveit_simple_controller_manager:/home/salem/ws_moveit2/install/moveit_setup_assistant:/home/salem/ws_moveit2/install/moveit_setup_srdf_plugins:/home/salem/ws_moveit2/install/moveit_setup_core_plugins:/home/salem/ws_moveit2/install/moveit_setup_controllers:/home/salem/ws_moveit2/install/moveit_setup_app_plugins:/home/salem/ws_moveit2/install/moveit_setup_framework:/home/salem/ws_moveit2/install/moveit_servo:/home/salem/ws_moveit2/install/moveit_ros:/home/salem/ws_moveit2/install/moveit_ros_visualization:/home/salem/ws_moveit2/install/moveit_hybrid_planning:/home/salem/ws_moveit2/install/moveit_ros_planning_interface:/home/salem/ws_moveit2/install/moveit_ros_benchmarks:/home/salem/ws_moveit2/install/moveit_ros_warehouse:/home/salem/ws_moveit2/install/moveit_ros_robot_interaction:/home/salem/ws_moveit2/install/moveit_ros_perception:/home/salem/ws_moveit2/install/moveit_resources_prbt_pg70_support:/home/salem/ws_moveit2/install/moveit_resources_prbt_moveit_config:/home/salem/ws_moveit2/install/moveit_ros_move_group:/home/salem/ws_moveit2/install/moveit_planners_ompl:/home/salem/ws_moveit2/install/moveit_ros_planning:/home/salem/ws_moveit2/install/moveit_ros_occupancy_map_monitor:/home/salem/ws_moveit2/install/moveit_resources_prbt_ikfast_manipulator_plugin:/home/salem/ws_moveit2/install/moveit_planners_chomp:/home/salem/ws_moveit2/install/moveit_kinematics:/home/salem/ws_moveit2/install/moveit_chomp_optimizer_adapter:/home/salem/ws_moveit2/install/chomp_motion_planner:/home/salem/ws_moveit2/install/moveit_core:/home/salem/ws_moveit2/install/srdfdom:/home/salem/ws_moveit2/install/rviz_marker_tools:/home/salem/ws_moveit2/install/rosparam_shortcuts:/home/salem/ws_moveit2/install/moveit_task_constructor_msgs:/home/salem/ws_moveit2/install/moveit_resources_prbt_support:/home/salem/ws_moveit2/install/moveit_resources:/home/salem/ws_moveit2/install/moveit_resources_pr2_description:/home/salem/ws_moveit2/install/moveit_resources_panda_moveit_config:/home/salem/ws_moveit2/install/moveit_resources_panda_description:/home/salem/ws_moveit2/install/moveit_resources_fanuc_moveit_config:/home/salem/ws_moveit2/install/moveit_resources_fanuc_description:/home/salem/ws_moveit2/install/moveit_common:/home/salem/microros_ws/install/micro_ros_setup:/home/salem/ros2_ws/install/my_robot_controller:/home/salem/ws_moveit2/install/moveit_configs_utils:/home/salem/ws_moveit2/install/launch_param_builder:/opt/ros/humble LD_LIBRARY_PATH=/home/salem/graduation_project_ws/install/moveit_ros_planning_interface/lib:/home/salem/graduation_project_ws/install/moveit_ros_move_group/lib:/home/salem/graduation_project_ws/install/moveit_ros_warehouse/lib:/home/salem/graduation_project_ws/install/moveit_planners_ompl/lib:/home/salem/graduation_project_ws/install/moveit_kinematics/lib:/home/salem/graduation_project_ws/install/moveit_ros_planning/lib:/home/salem/graduation_project_ws/install/pilz_industrial_motion_planner_testutils/lib:/home/salem/graduation_project_ws/install/moveit_simple_controller_manager/lib:/home/salem/graduation_project_ws/install/moveit_ros_occupancy_map_monitor/lib:/home/salem/graduation_project_ws/install/moveit_resources_prbt_ikfast_manipulator_plugin/lib:/home/salem/graduation_project_ws/install/moveit_core/lib:/home/salem/graduation_project_ws/install/srdfdom/lib:${LD_LIBRARY_PATH} PATH=/home/salem/graduation_project_ws/install/moveit_core/bin:${PATH} PYTHONPATH=/home/salem/graduation_project_ws/install/moveit_configs_utils/lib/python3.10/site-packages:/home/salem/graduation_project_ws/install/srdfdom/local/lib/python3.10/dist-packages:/home/salem/graduation_project_ws/install/launch_param_builder/lib/python3.10/site-packages:${PYTHONPATH} /usr/bin/cmake --build /home/salem/graduation_project_ws/build/pilz_industrial_motion_planner -- -j16 -l16
[53.869s] Invoking command in '/home/salem/graduation_project_ws/build/pilz_industrial_motion_planner': AMENT_PREFIX_PATH=/home/salem/graduation_project_ws/install/moveit_resources_prbt_pg70_support:/home/salem/graduation_project_ws/install/moveit_ros_planning_interface:/home/salem/graduation_project_ws/install/moveit_resources_prbt_moveit_config:/home/salem/graduation_project_ws/install/moveit_ros_move_group:/home/salem/graduation_project_ws/install/moveit_ros_warehouse:/home/salem/graduation_project_ws/install/moveit_planners_ompl:/home/salem/graduation_project_ws/install/moveit_kinematics:/home/salem/graduation_project_ws/install/moveit_ros_planning:/home/salem/graduation_project_ws/install/pilz_industrial_motion_planner_testutils:/home/salem/graduation_project_ws/install/moveit_simple_controller_manager:/home/salem/graduation_project_ws/install/moveit_ros_occupancy_map_monitor:/home/salem/graduation_project_ws/install/moveit_resources_prbt_ikfast_manipulator_plugin:/home/salem/graduation_project_ws/install/moveit_core:/home/salem/graduation_project_ws/install/moveit_resources_panda_moveit_config:/home/salem/graduation_project_ws/install/moveit_resources_fanuc_moveit_config:/home/salem/graduation_project_ws/install/moveit_configs_utils:/home/salem/graduation_project_ws/install/srdfdom:/home/salem/graduation_project_ws/install/moveit_resources_prbt_support:/home/salem/graduation_project_ws/install/moveit_resources_pr2_description:/home/salem/graduation_project_ws/install/moveit_resources_panda_description:/home/salem/graduation_project_ws/install/moveit_resources_fanuc_description:/home/salem/graduation_project_ws/install/moveit_common:/home/salem/graduation_project_ws/install/launch_param_builder:${AMENT_PREFIX_PATH} CMAKE_PREFIX_PATH=/home/salem/graduation_project_ws/install/moveit_resources_prbt_pg70_support:/home/salem/graduation_project_ws/install/moveit_ros_planning_interface:/home/salem/graduation_project_ws/install/moveit_resources_prbt_moveit_config:/home/salem/graduation_project_ws/install/moveit_ros_move_group:/home/salem/graduation_project_ws/install/moveit_ros_warehouse:/home/salem/graduation_project_ws/install/moveit_planners_ompl:/home/salem/graduation_project_ws/install/moveit_kinematics:/home/salem/graduation_project_ws/install/moveit_ros_planning:/home/salem/graduation_project_ws/install/pilz_industrial_motion_planner_testutils:/home/salem/graduation_project_ws/install/moveit_simple_controller_manager:/home/salem/graduation_project_ws/install/moveit_ros_occupancy_map_monitor:/home/salem/graduation_project_ws/install/moveit_resources_prbt_ikfast_manipulator_plugin:/home/salem/graduation_project_ws/install/moveit_core:/home/salem/graduation_project_ws/install/moveit_resources_panda_moveit_config:/home/salem/graduation_project_ws/install/moveit_resources_fanuc_moveit_config:/home/salem/graduation_project_ws/install/srdfdom:/home/salem/graduation_project_ws/install/moveit_resources_prbt_support:/home/salem/graduation_project_ws/install/moveit_resources_pr2_description:/home/salem/graduation_project_ws/install/moveit_resources_panda_description:/home/salem/graduation_project_ws/install/moveit_resources_fanuc_description:/home/salem/graduation_project_ws/install/moveit_common:/home/salem/ros2_ws/install/labvolt5250a0_description:/home/salem/ws_moveit2/install/pilz_industrial_motion_planner_testutils:/home/salem/ws_moveit2/install/panda_moveit_config:/home/salem/ws_moveit2/install/moveit_runtime:/home/salem/ws_moveit2/install/moveit2_tutorials:/home/salem/ws_moveit2/install/moveit:/home/salem/ws_moveit2/install/moveit_planners:/home/salem/ws_moveit2/install/pilz_industrial_motion_planner:/home/salem/ws_moveit2/install/moveit_visual_tools:/home/salem/ws_moveit2/install/moveit_task_constructor_visualization:/home/salem/ws_moveit2/install/moveit_task_constructor_demo:/home/salem/ws_moveit2/install/moveit_task_constructor_capabilities:/home/salem/ws_moveit2/install/moveit_task_constructor_core:/home/salem/ws_moveit2/install/moveit_ros_control_interface:/home/salem/ws_moveit2/install/moveit_plugins:/home/salem/ws_moveit2/install/moveit_simple_controller_manager:/home/salem/ws_moveit2/install/moveit_setup_assistant:/home/salem/ws_moveit2/install/moveit_setup_srdf_plugins:/home/salem/ws_moveit2/install/moveit_setup_core_plugins:/home/salem/ws_moveit2/install/moveit_setup_controllers:/home/salem/ws_moveit2/install/moveit_setup_app_plugins:/home/salem/ws_moveit2/install/moveit_setup_framework:/home/salem/ws_moveit2/install/moveit_servo:/home/salem/ws_moveit2/install/moveit_ros:/home/salem/ws_moveit2/install/moveit_ros_visualization:/home/salem/ws_moveit2/install/moveit_hybrid_planning:/home/salem/ws_moveit2/install/moveit_ros_planning_interface:/home/salem/ws_moveit2/install/moveit_ros_benchmarks:/home/salem/ws_moveit2/install/moveit_ros_warehouse:/home/salem/ws_moveit2/install/moveit_ros_robot_interaction:/home/salem/ws_moveit2/install/moveit_ros_perception:/home/salem/ws_moveit2/install/moveit_resources_prbt_pg70_support:/home/salem/ws_moveit2/install/moveit_resources_prbt_moveit_config:/home/salem/ws_moveit2/install/moveit_ros_move_group:/home/salem/ws_moveit2/install/moveit_planners_ompl:/home/salem/ws_moveit2/install/moveit_ros_planning:/home/salem/ws_moveit2/install/moveit_ros_occupancy_map_monitor:/home/salem/ws_moveit2/install/moveit_resources_prbt_ikfast_manipulator_plugin:/home/salem/ws_moveit2/install/moveit_planners_chomp:/home/salem/ws_moveit2/install/moveit_kinematics:/home/salem/ws_moveit2/install/moveit_chomp_optimizer_adapter:/home/salem/ws_moveit2/install/chomp_motion_planner:/home/salem/ws_moveit2/install/moveit_core:/home/salem/ws_moveit2/install/srdfdom:/home/salem/ws_moveit2/install/rviz_marker_tools:/home/salem/ws_moveit2/install/rosparam_shortcuts:/home/salem/ws_moveit2/install/moveit_task_constructor_msgs:/home/salem/ws_moveit2/install/moveit_resources_prbt_support:/home/salem/ws_moveit2/install/moveit_resources:/home/salem/ws_moveit2/install/moveit_resources_pr2_description:/home/salem/ws_moveit2/install/moveit_resources_panda_moveit_config:/home/salem/ws_moveit2/install/moveit_resources_panda_description:/home/salem/ws_moveit2/install/moveit_resources_fanuc_moveit_config:/home/salem/ws_moveit2/install/moveit_resources_fanuc_description:/home/salem/ws_moveit2/install/moveit_common:/home/salem/microros_ws/install/micro_ros_setup:/home/salem/ros2_ws/install/my_robot_controller:/home/salem/ws_moveit2/install/moveit_configs_utils:/home/salem/ws_moveit2/install/launch_param_builder:/opt/ros/humble LD_LIBRARY_PATH=/home/salem/graduation_project_ws/install/moveit_ros_planning_interface/lib:/home/salem/graduation_project_ws/install/moveit_ros_move_group/lib:/home/salem/graduation_project_ws/install/moveit_ros_warehouse/lib:/home/salem/graduation_project_ws/install/moveit_planners_ompl/lib:/home/salem/graduation_project_ws/install/moveit_kinematics/lib:/home/salem/graduation_project_ws/install/moveit_ros_planning/lib:/home/salem/graduation_project_ws/install/pilz_industrial_motion_planner_testutils/lib:/home/salem/graduation_project_ws/install/moveit_simple_controller_manager/lib:/home/salem/graduation_project_ws/install/moveit_ros_occupancy_map_monitor/lib:/home/salem/graduation_project_ws/install/moveit_resources_prbt_ikfast_manipulator_plugin/lib:/home/salem/graduation_project_ws/install/moveit_core/lib:/home/salem/graduation_project_ws/install/srdfdom/lib:${LD_LIBRARY_PATH} PATH=/home/salem/graduation_project_ws/install/moveit_core/bin:${PATH} PYTHONPATH=/home/salem/graduation_project_ws/install/moveit_configs_utils/lib/python3.10/site-packages:/home/salem/graduation_project_ws/install/srdfdom/local/lib/python3.10/dist-packages:/home/salem/graduation_project_ws/install/launch_param_builder/lib/python3.10/site-packages:${PYTHONPATH} /usr/bin/cmake --install /home/salem/graduation_project_ws/build/pilz_industrial_motion_planner
[53.883s] -- Install configuration: "Release"
[53.883s] -- Installing: /home/salem/graduation_project_ws/install/pilz_industrial_motion_planner/share/pilz_industrial_motion_planner/plugins/pilz_industrial_motion_planner_plugin_description.xml
[53.883s] -- Installing: /home/salem/graduation_project_ws/install/pilz_industrial_motion_planner/share/pilz_industrial_motion_planner/plugins/sequence_capability_plugin_description.xml
[53.883s] -- Installing: /home/salem/graduation_project_ws/install/pilz_industrial_motion_planner/share/pilz_industrial_motion_planner/plugins/planning_context_plugin_description.xml
[53.884s] -- Installing: /home/salem/graduation_project_ws/install/pilz_industrial_motion_planner/lib/libpilz_industrial_motion_planner.so
[53.884s] -- Set runtime path of "/home/salem/graduation_project_ws/install/pilz_industrial_motion_planner/lib/libpilz_industrial_motion_planner.so" to ""
[53.884s] -- Installing: /home/salem/graduation_project_ws/install/pilz_industrial_motion_planner/lib/libjoint_limits_common.so
[53.885s] -- Set runtime path of "/home/salem/graduation_project_ws/install/pilz_industrial_motion_planner/lib/libjoint_limits_common.so" to ""
[53.885s] -- Installing: /home/salem/graduation_project_ws/install/pilz_industrial_motion_planner/lib/libplanning_context_loader_base.so
[53.885s] -- Set runtime path of "/home/salem/graduation_project_ws/install/pilz_industrial_motion_planner/lib/libplanning_context_loader_base.so" to ""
[53.885s] -- Installing: /home/salem/graduation_project_ws/install/pilz_industrial_motion_planner/lib/libplanning_context_loader_ptp.so
[53.886s] -- Set runtime path of "/home/salem/graduation_project_ws/install/pilz_industrial_motion_planner/lib/libplanning_context_loader_ptp.so" to ""
[53.886s] -- Installing: /home/salem/graduation_project_ws/install/pilz_industrial_motion_planner/lib/libplanning_context_loader_lin.so
[53.886s] -- Set runtime path of "/home/salem/graduation_project_ws/install/pilz_industrial_motion_planner/lib/libplanning_context_loader_lin.so" to ""
[53.886s] -- Installing: /home/salem/graduation_project_ws/install/pilz_industrial_motion_planner/lib/libplanning_context_loader_circ.so
[53.887s] -- Set runtime path of "/home/salem/graduation_project_ws/install/pilz_industrial_motion_planner/lib/libplanning_context_loader_circ.so" to ""
[53.887s] -- Installing: /home/salem/graduation_project_ws/install/pilz_industrial_motion_planner/lib/libcommand_list_manager.so
[53.887s] -- Set runtime path of "/home/salem/graduation_project_ws/install/pilz_industrial_motion_planner/lib/libcommand_list_manager.so" to ""
[53.887s] -- Installing: /home/salem/graduation_project_ws/install/pilz_industrial_motion_planner/lib/libsequence_capability.so
[53.888s] -- Set runtime path of "/home/salem/graduation_project_ws/install/pilz_industrial_motion_planner/lib/libsequence_capability.so" to ""
[53.888s] -- Installing: /home/salem/graduation_project_ws/install/pilz_industrial_motion_planner/lib/libtrajectory_generation_common.so
[53.888s] -- Set runtime path of "/home/salem/graduation_project_ws/install/pilz_industrial_motion_planner/lib/libtrajectory_generation_common.so" to ""
[53.888s] -- Installing: /home/salem/graduation_project_ws/install/pilz_industrial_motion_planner/include
[53.889s] -- Installing: /home/salem/graduation_project_ws/install/pilz_industrial_motion_planner/include/joint_limits_copy
[53.889s] -- Installing: /home/salem/graduation_project_ws/install/pilz_industrial_motion_planner/include/joint_limits_copy/joint_limits_rosparam.hpp
[53.889s] -- Installing: /home/salem/graduation_project_ws/install/pilz_industrial_motion_planner/include/joint_limits_copy/joint_limits.hpp
[53.889s] -- Installing: /home/salem/graduation_project_ws/install/pilz_industrial_motion_planner/include/pilz_industrial_motion_planner
[53.889s] -- Installing: /home/salem/graduation_project_ws/install/pilz_industrial_motion_planner/include/pilz_industrial_motion_planner/trajectory_generator.h
[53.889s] -- Installing: /home/salem/graduation_project_ws/install/pilz_industrial_motion_planner/include/pilz_industrial_motion_planner/planning_context_loader_lin.h
[53.889s] -- Installing: /home/salem/graduation_project_ws/install/pilz_industrial_motion_planner/include/pilz_industrial_motion_planner/cartesian_trajectory.h
[53.889s] -- Installing: /home/salem/graduation_project_ws/install/pilz_industrial_motion_planner/include/pilz_industrial_motion_planner/planning_context_ptp.h
[53.889s] -- Installing: /home/salem/graduation_project_ws/install/pilz_industrial_motion_planner/include/pilz_industrial_motion_planner/cartesian_limits_aggregator.h
[53.889s] -- Installing: /home/salem/graduation_project_ws/install/pilz_industrial_motion_planner/include/pilz_industrial_motion_planner/planning_context_loader_ptp.h
[53.889s] -- Installing: /home/salem/graduation_project_ws/install/pilz_industrial_motion_planner/include/pilz_industrial_motion_planner/pilz_industrial_motion_planner.h
[53.890s] -- Installing: /home/salem/graduation_project_ws/install/pilz_industrial_motion_planner/include/pilz_industrial_motion_planner/cartesian_limit.h
[53.890s] -- Installing: /home/salem/graduation_project_ws/install/pilz_industrial_motion_planner/include/pilz_industrial_motion_planner/trajectory_blend_request.h
[53.890s] -- Installing: /home/salem/graduation_project_ws/install/pilz_industrial_motion_planner/include/pilz_industrial_motion_planner/cartesian_trajectory_point.h
[53.890s] -- Installing: /home/salem/graduation_project_ws/install/pilz_industrial_motion_planner/include/pilz_industrial_motion_planner/limits_container.h
[53.890s] -- Installing: /home/salem/graduation_project_ws/install/pilz_industrial_motion_planner/include/pilz_industrial_motion_planner/joint_limits_extension.h
[53.890s] -- Installing: /home/salem/graduation_project_ws/install/pilz_industrial_motion_planner/include/pilz_industrial_motion_planner/trajectory_generation_exceptions.h
[53.890s] -- Installing: /home/salem/graduation_project_ws/install/pilz_industrial_motion_planner/include/pilz_industrial_motion_planner/command_list_manager.h
[53.890s] -- Installing: /home/salem/graduation_project_ws/install/pilz_industrial_motion_planner/include/pilz_industrial_motion_planner/tip_frame_getter.h
[53.890s] -- Installing: /home/salem/graduation_project_ws/install/pilz_industrial_motion_planner/include/pilz_industrial_motion_planner/planning_context_lin.h
[53.891s] -- Installing: /home/salem/graduation_project_ws/install/pilz_industrial_motion_planner/include/pilz_industrial_motion_planner/joint_limits_interface_extension.h
[53.891s] -- Installing: /home/salem/graduation_project_ws/install/pilz_industrial_motion_planner/include/pilz_industrial_motion_planner/trajectory_blender.h
[53.891s] -- Installing: /home/salem/graduation_project_ws/install/pilz_industrial_motion_planner/include/pilz_industrial_motion_planner/trajectory_generator_ptp.h
[53.891s] -- Installing: /home/salem/graduation_project_ws/install/pilz_industrial_motion_planner/include/pilz_industrial_motion_planner/plan_components_builder.h
[53.891s] -- Installing: /home/salem/graduation_project_ws/install/pilz_industrial_motion_planner/include/pilz_industrial_motion_planner/planning_context_base.h
[53.891s] -- Installing: /home/salem/graduation_project_ws/install/pilz_industrial_motion_planner/include/pilz_industrial_motion_planner/trajectory_functions.h
[53.891s] -- Installing: /home/salem/graduation_project_ws/install/pilz_industrial_motion_planner/include/pilz_industrial_motion_planner/planning_context_loader_circ.h
[53.891s] -- Installing: /home/salem/graduation_project_ws/install/pilz_industrial_motion_planner/include/pilz_industrial_motion_planner/trajectory_generator_circ.h
[53.891s] -- Installing: /home/salem/graduation_project_ws/install/pilz_industrial_motion_planner/include/pilz_industrial_motion_planner/capability_names.h
[53.891s] -- Installing: /home/salem/graduation_project_ws/install/pilz_industrial_motion_planner/include/pilz_industrial_motion_planner/planning_exceptions.h
[53.892s] -- Installing: /home/salem/graduation_project_ws/install/pilz_industrial_motion_planner/include/pilz_industrial_motion_planner/trajectory_blend_response.h
[53.892s] -- Installing: /home/salem/graduation_project_ws/install/pilz_industrial_motion_planner/include/pilz_industrial_motion_planner/joint_limits_validator.h
[53.892s] -- Installing: /home/salem/graduation_project_ws/install/pilz_industrial_motion_planner/include/pilz_industrial_motion_planner/move_group_sequence_service.h
[53.892s] -- Installing: /home/salem/graduation_project_ws/install/pilz_industrial_motion_planner/include/pilz_industrial_motion_planner/joint_limits_aggregator.h
[53.892s] -- Installing: /home/salem/graduation_project_ws/install/pilz_industrial_motion_planner/include/pilz_industrial_motion_planner/planning_context_loader.h
[53.892s] -- Installing: /home/salem/graduation_project_ws/install/pilz_industrial_motion_planner/include/pilz_industrial_motion_planner/trajectory_blender_transition_window.h
[53.892s] -- Installing: /home/salem/graduation_project_ws/install/pilz_industrial_motion_planner/include/pilz_industrial_motion_planner/velocity_profile_atrap.h
[53.892s] -- Installing: /home/salem/graduation_project_ws/install/pilz_industrial_motion_planner/include/pilz_industrial_motion_planner/joint_limits_container.h
[53.892s] -- Installing: /home/salem/graduation_project_ws/install/pilz_industrial_motion_planner/include/pilz_industrial_motion_planner/move_group_sequence_action.h
[53.893s] -- Installing: /home/salem/graduation_project_ws/install/pilz_industrial_motion_planner/include/pilz_industrial_motion_planner/path_circle_generator.h
[53.893s] -- Installing: /home/salem/graduation_project_ws/install/pilz_industrial_motion_planner/include/pilz_industrial_motion_planner/planning_context_circ.h
[53.893s] -- Installing: /home/salem/graduation_project_ws/install/pilz_industrial_motion_planner/include/pilz_industrial_motion_planner/trajectory_generator_lin.h
[53.893s] -- Installing: /home/salem/graduation_project_ws/install/pilz_industrial_motion_planner/share/pilz_industrial_motion_planner/environment/library_path.sh
[53.893s] -- Installing: /home/salem/graduation_project_ws/install/pilz_industrial_motion_planner/share/pilz_industrial_motion_planner/environment/library_path.dsv
[53.894s] -- Installing: /home/salem/graduation_project_ws/install/pilz_industrial_motion_planner/lib/pilz_industrial_motion_planner/unittest_pilz_industrial_motion_planner_direct
[53.895s] -- Set runtime path of "/home/salem/graduation_project_ws/install/pilz_industrial_motion_planner/lib/pilz_industrial_motion_planner/unittest_pilz_industrial_motion_planner_direct" to ""
[53.895s] -- Installing: /home/salem/graduation_project_ws/install/pilz_industrial_motion_planner/lib/pilz_industrial_motion_planner/unittest_velocity_profile_atrap
[53.896s] -- Set runtime path of "/home/salem/graduation_project_ws/install/pilz_industrial_motion_planner/lib/pilz_industrial_motion_planner/unittest_velocity_profile_atrap" to ""
[53.896s] -- Installing: /home/salem/graduation_project_ws/install/pilz_industrial_motion_planner/lib/pilz_industrial_motion_planner/unittest_trajectory_generator
[53.897s] -- Set runtime path of "/home/salem/graduation_project_ws/install/pilz_industrial_motion_planner/lib/pilz_industrial_motion_planner/unittest_trajectory_generator" to ""
[53.897s] -- Installing: /home/salem/graduation_project_ws/install/pilz_industrial_motion_planner/lib/pilz_industrial_motion_planner/unittest_trajectory_functions
[53.898s] -- Set runtime path of "/home/salem/graduation_project_ws/install/pilz_industrial_motion_planner/lib/pilz_industrial_motion_planner/unittest_trajectory_functions" to ""
[53.898s] -- Installing: /home/salem/graduation_project_ws/install/pilz_industrial_motion_planner/lib/pilz_industrial_motion_planner/unittest_trajectory_blender_transition_window
[53.900s] -- Set runtime path of "/home/salem/graduation_project_ws/install/pilz_industrial_motion_planner/lib/pilz_industrial_motion_planner/unittest_trajectory_blender_transition_window" to ""
[53.900s] -- Installing: /home/salem/graduation_project_ws/install/pilz_industrial_motion_planner/lib/pilz_industrial_motion_planner/unittest_trajectory_generator_common
[53.901s] -- Set runtime path of "/home/salem/graduation_project_ws/install/pilz_industrial_motion_planner/lib/pilz_industrial_motion_planner/unittest_trajectory_generator_common" to ""
[53.902s] -- Installing: /home/salem/graduation_project_ws/install/pilz_industrial_motion_planner/lib/pilz_industrial_motion_planner/unittest_trajectory_generator_circ
[53.903s] -- Set runtime path of "/home/salem/graduation_project_ws/install/pilz_industrial_motion_planner/lib/pilz_industrial_motion_planner/unittest_trajectory_generator_circ" to ""
[53.903s] -- Installing: /home/salem/graduation_project_ws/install/pilz_industrial_motion_planner/lib/pilz_industrial_motion_planner/unittest_trajectory_generator_lin
[53.904s] -- Set runtime path of "/home/salem/graduation_project_ws/install/pilz_industrial_motion_planner/lib/pilz_industrial_motion_planner/unittest_trajectory_generator_lin" to ""
[53.904s] -- Installing: /home/salem/graduation_project_ws/install/pilz_industrial_motion_planner/lib/pilz_industrial_motion_planner/unittest_trajectory_generator_ptp
[53.905s] -- Set runtime path of "/home/salem/graduation_project_ws/install/pilz_industrial_motion_planner/lib/pilz_industrial_motion_planner/unittest_trajectory_generator_ptp" to ""
[53.905s] -- Installing: /home/salem/graduation_project_ws/install/pilz_industrial_motion_planner/lib/pilz_industrial_motion_planner/unittest_pilz_industrial_motion_planner
[53.906s] -- Set runtime path of "/home/salem/graduation_project_ws/install/pilz_industrial_motion_planner/lib/pilz_industrial_motion_planner/unittest_pilz_industrial_motion_planner" to ""
[53.907s] -- Installing: /home/salem/graduation_project_ws/install/pilz_industrial_motion_planner/lib/pilz_industrial_motion_planner/unittest_joint_limit
[53.907s] -- Set runtime path of "/home/salem/graduation_project_ws/install/pilz_industrial_motion_planner/lib/pilz_industrial_motion_planner/unittest_joint_limit" to ""
[53.907s] -- Installing: /home/salem/graduation_project_ws/install/pilz_industrial_motion_planner/lib/pilz_industrial_motion_planner/unittest_joint_limits_aggregator
[53.908s] -- Set runtime path of "/home/salem/graduation_project_ws/install/pilz_industrial_motion_planner/lib/pilz_industrial_motion_planner/unittest_joint_limits_aggregator" to ""
[53.908s] -- Installing: /home/salem/graduation_project_ws/install/pilz_industrial_motion_planner/lib/pilz_industrial_motion_planner/unittest_joint_limits_container
[53.909s] -- Set runtime path of "/home/salem/graduation_project_ws/install/pilz_industrial_motion_planner/lib/pilz_industrial_motion_planner/unittest_joint_limits_container" to ""
[53.909s] -- Installing: /home/salem/graduation_project_ws/install/pilz_industrial_motion_planner/lib/pilz_industrial_motion_planner/unittest_joint_limits_validator
[53.910s] -- Set runtime path of "/home/salem/graduation_project_ws/install/pilz_industrial_motion_planner/lib/pilz_industrial_motion_planner/unittest_joint_limits_validator" to ""
[53.910s] -- Installing: /home/salem/graduation_project_ws/install/pilz_industrial_motion_planner/lib/pilz_industrial_motion_planner/unittest_cartesian_limits_aggregator
[53.911s] -- Set runtime path of "/home/salem/graduation_project_ws/install/pilz_industrial_motion_planner/lib/pilz_industrial_motion_planner/unittest_cartesian_limits_aggregator" to ""
[53.911s] -- Installing: /home/salem/graduation_project_ws/install/pilz_industrial_motion_planner/lib/pilz_industrial_motion_planner/unittest_planning_context_loaders
[53.912s] -- Set runtime path of "/home/salem/graduation_project_ws/install/pilz_industrial_motion_planner/lib/pilz_industrial_motion_planner/unittest_planning_context_loaders" to ""
[53.912s] -- Installing: /home/salem/graduation_project_ws/install/pilz_industrial_motion_planner/lib/pilz_industrial_motion_planner/unittest_planning_context
[53.913s] -- Set runtime path of "/home/salem/graduation_project_ws/install/pilz_industrial_motion_planner/lib/pilz_industrial_motion_planner/unittest_planning_context" to ""
[53.914s] -- Installing: /home/salem/graduation_project_ws/install/pilz_industrial_motion_planner/lib/pilz_industrial_motion_planner/unittest_get_solver_tip_frame
[53.915s] -- Set runtime path of "/home/salem/graduation_project_ws/install/pilz_industrial_motion_planner/lib/pilz_industrial_motion_planner/unittest_get_solver_tip_frame" to ""
[53.915s] -- Installing: /home/salem/graduation_project_ws/install/pilz_industrial_motion_planner/share/pilz_industrial_motion_planner/config
[53.915s] -- Installing: /home/salem/graduation_project_ws/install/pilz_industrial_motion_planner/share/pilz_industrial_motion_planner/config/unittest_trajectory_generator_circ.yaml
[53.915s] -- Installing: /home/salem/graduation_project_ws/install/pilz_industrial_motion_planner/share/pilz_industrial_motion_planner/config/unittest_joint_limit_config.yaml
[53.915s] -- Installing: /home/salem/graduation_project_ws/install/pilz_industrial_motion_planner/share/pilz_industrial_motion_planner/config/unittest_trajectory_generator_lin.yaml
[53.915s] -- Installing: /home/salem/graduation_project_ws/install/pilz_industrial_motion_planner/share/pilz_industrial_motion_planner/config/unittest_joint_limits_aggregator.yaml
[53.915s] -- Installing: /home/salem/graduation_project_ws/install/pilz_industrial_motion_planner/share/pilz_industrial_motion_planner/config/unittest_trajectory_blender_transition_window.yaml
[53.916s] -- Installing: /home/salem/graduation_project_ws/install/pilz_industrial_motion_planner/share/pilz_industrial_motion_planner/config/unittest_trajectory_functions.yaml
[53.916s] -- Installing: /home/salem/graduation_project_ws/install/pilz_industrial_motion_planner/share/pilz_industrial_motion_planner/config/unittest_trajectory_generator_ptp.yaml
[53.916s] -- Installing: /home/salem/graduation_project_ws/install/pilz_industrial_motion_planner/share/pilz_industrial_motion_planner/config/unittest_trajectory_generator_common.yaml
[53.916s] -- Installing: /home/salem/graduation_project_ws/install/pilz_industrial_motion_planner/share/pilz_industrial_motion_planner/config/unittest_cartesian_limits_aggregator.yaml
[53.916s] -- Installing: /home/salem/graduation_project_ws/install/pilz_industrial_motion_planner/share/pilz_industrial_motion_planner/launch
[53.917s] -- Installing: /home/salem/graduation_project_ws/install/pilz_industrial_motion_planner/share/pilz_industrial_motion_planner/launch/unittest_trajectory_generator_lin.test.py
[53.917s] -- Installing: /home/salem/graduation_project_ws/install/pilz_industrial_motion_planner/share/pilz_industrial_motion_planner/launch/unittest_planning_context.test.py
[53.917s] -- Installing: /home/salem/graduation_project_ws/install/pilz_industrial_motion_planner/share/pilz_industrial_motion_planner/launch/unittest_trajectory_generator_common.test.py
[53.917s] -- Installing: /home/salem/graduation_project_ws/install/pilz_industrial_motion_planner/share/pilz_industrial_motion_planner/launch/unittest_joint_limit.test.py
[53.917s] -- Installing: /home/salem/graduation_project_ws/install/pilz_industrial_motion_planner/share/pilz_industrial_motion_planner/launch/unittest_trajectory_blender_transition_window.test.py
[53.918s] -- Installing: /home/salem/graduation_project_ws/install/pilz_industrial_motion_planner/share/pilz_industrial_motion_planner/launch/unittest_trajectory_generator_circ.test.py
[53.918s] -- Installing: /home/salem/graduation_project_ws/install/pilz_industrial_motion_planner/share/pilz_industrial_motion_planner/launch/unittest_trajectory_functions.test.py
[53.918s] -- Installing: /home/salem/graduation_project_ws/install/pilz_industrial_motion_planner/share/pilz_industrial_motion_planner/launch/unittest_joint_limits_aggregator.test.py
[53.918s] -- Installing: /home/salem/graduation_project_ws/install/pilz_industrial_motion_planner/share/pilz_industrial_motion_planner/launch/unittest_trajectory_generator_ptp.test.py
[53.918s] -- Installing: /home/salem/graduation_project_ws/install/pilz_industrial_motion_planner/share/pilz_industrial_motion_planner/launch/unittest_pilz_industrial_motion_planner.test.py
[53.919s] -- Installing: /home/salem/graduation_project_ws/install/pilz_industrial_motion_planner/share/pilz_industrial_motion_planner/launch/unittest_cartesian_limits_aggregator.test.py
[53.919s] -- Installing: /home/salem/graduation_project_ws/install/pilz_industrial_motion_planner/share/pilz_industrial_motion_planner/launch/common_parameters.py
[53.919s] -- Installing: /home/salem/graduation_project_ws/install/pilz_industrial_motion_planner/share/pilz_industrial_motion_planner/launch/unittest_planning_context_loaders.test.py
[53.919s] -- Installing: /home/salem/graduation_project_ws/install/pilz_industrial_motion_planner/share/pilz_industrial_motion_planner/test_data
[53.919s] -- Installing: /home/salem/graduation_project_ws/install/pilz_industrial_motion_planner/share/pilz_industrial_motion_planner/test_data/testpoints.py
[53.920s] -- Installing: /home/salem/graduation_project_ws/install/pilz_industrial_motion_planner/share/pilz_industrial_motion_planner/test_data/frankaemika_panda
[53.920s] -- Installing: /home/salem/graduation_project_ws/install/pilz_industrial_motion_planner/share/pilz_industrial_motion_planner/test_data/frankaemika_panda/testdata_sequence.xml
[53.920s] -- Installing: /home/salem/graduation_project_ws/install/pilz_industrial_motion_planner/share/pilz_industrial_motion_planner/test_data/prbt
[53.920s] -- Installing: /home/salem/graduation_project_ws/install/pilz_industrial_motion_planner/share/pilz_industrial_motion_planner/test_data/prbt/testdata_sequence.xml
[53.920s] -- Installing: /home/salem/graduation_project_ws/install/pilz_industrial_motion_planner/share/pilz_industrial_motion_planner/test_data/prbt/testdata_with_gripper.xml
[53.920s] -- Installing: /home/salem/graduation_project_ws/install/pilz_industrial_motion_planner/share/pilz_industrial_motion_planner/test_data/prbt/testdata_deprecated.xml
[53.921s] -- Installing: /home/salem/graduation_project_ws/install/pilz_industrial_motion_planner/share/pilz_industrial_motion_planner/test_data/concept_testdata.png
[53.921s] -- Installing: /home/salem/graduation_project_ws/install/pilz_industrial_motion_planner/share/pilz_industrial_motion_planner/test_data/concept_testdata.odp
[53.921s] -- Installing: /home/salem/graduation_project_ws/install/pilz_industrial_motion_planner/share/ament_index/resource_index/package_run_dependencies/pilz_industrial_motion_planner
[53.922s] -- Installing: /home/salem/graduation_project_ws/install/pilz_industrial_motion_planner/share/ament_index/resource_index/parent_prefix_path/pilz_industrial_motion_planner
[53.922s] -- Installing: /home/salem/graduation_project_ws/install/pilz_industrial_motion_planner/share/pilz_industrial_motion_planner/environment/ament_prefix_path.sh
[53.922s] -- Installing: /home/salem/graduation_project_ws/install/pilz_industrial_motion_planner/share/pilz_industrial_motion_planner/environment/ament_prefix_path.dsv
[53.922s] -- Installing: /home/salem/graduation_project_ws/install/pilz_industrial_motion_planner/share/pilz_industrial_motion_planner/environment/path.sh
[53.922s] -- Installing: /home/salem/graduation_project_ws/install/pilz_industrial_motion_planner/share/pilz_industrial_motion_planner/environment/path.dsv
[53.922s] -- Installing: /home/salem/graduation_project_ws/install/pilz_industrial_motion_planner/share/pilz_industrial_motion_planner/local_setup.bash
[53.922s] -- Installing: /home/salem/graduation_project_ws/install/pilz_industrial_motion_planner/share/pilz_industrial_motion_planner/local_setup.sh
[53.922s] -- Installing: /home/salem/graduation_project_ws/install/pilz_industrial_motion_planner/share/pilz_industrial_motion_planner/local_setup.zsh
[53.923s] -- Installing: /home/salem/graduation_project_ws/install/pilz_industrial_motion_planner/share/pilz_industrial_motion_planner/local_setup.dsv
[53.923s] -- Installing: /home/salem/graduation_project_ws/install/pilz_industrial_motion_planner/share/pilz_industrial_motion_planner/package.dsv
[53.923s] -- Installing: /home/salem/graduation_project_ws/install/pilz_industrial_motion_planner/share/ament_index/resource_index/packages/pilz_industrial_motion_planner
[53.923s] -- Installing: /home/salem/graduation_project_ws/install/pilz_industrial_motion_planner/share/ament_index/resource_index/moveit_core__pluginlib__plugin/pilz_industrial_motion_planner
[53.923s] -- Installing: /home/salem/graduation_project_ws/install/pilz_industrial_motion_planner/share/ament_index/resource_index/moveit_ros_move_group__pluginlib__plugin/pilz_industrial_motion_planner
[53.923s] -- Installing: /home/salem/graduation_project_ws/install/pilz_industrial_motion_planner/share/ament_index/resource_index/pilz_industrial_motion_planner__pluginlib__plugin/pilz_industrial_motion_planner
[53.924s] -- Installing: /home/salem/graduation_project_ws/install/pilz_industrial_motion_planner/share/pilz_industrial_motion_planner/cmake/pilz_industrial_motion_plannerTargetsExport.cmake
[53.924s] -- Installing: /home/salem/graduation_project_ws/install/pilz_industrial_motion_planner/share/pilz_industrial_motion_planner/cmake/pilz_industrial_motion_plannerTargetsExport-release.cmake
[53.924s] -- Installing: /home/salem/graduation_project_ws/install/pilz_industrial_motion_planner/share/pilz_industrial_motion_planner/cmake/ament_cmake_export_include_directories-extras.cmake
[53.924s] -- Installing: /home/salem/graduation_project_ws/install/pilz_industrial_motion_planner/share/pilz_industrial_motion_planner/cmake/ament_cmake_export_targets-extras.cmake
[53.924s] -- Installing: /home/salem/graduation_project_ws/install/pilz_industrial_motion_planner/share/pilz_industrial_motion_planner/cmake/ament_cmake_export_dependencies-extras.cmake
[53.924s] -- Installing: /home/salem/graduation_project_ws/install/pilz_industrial_motion_planner/share/pilz_industrial_motion_planner/cmake/pilz_industrial_motion_plannerConfig.cmake
[53.925s] -- Installing: /home/salem/graduation_project_ws/install/pilz_industrial_motion_planner/share/pilz_industrial_motion_planner/cmake/pilz_industrial_motion_plannerConfig-version.cmake
[53.925s] -- Installing: /home/salem/graduation_project_ws/install/pilz_industrial_motion_planner/share/pilz_industrial_motion_planner/package.xml
[53.927s] Invoked command in '/home/salem/graduation_project_ws/build/pilz_industrial_motion_planner' returned '0': AMENT_PREFIX_PATH=/home/salem/graduation_project_ws/install/moveit_resources_prbt_pg70_support:/home/salem/graduation_project_ws/install/moveit_ros_planning_interface:/home/salem/graduation_project_ws/install/moveit_resources_prbt_moveit_config:/home/salem/graduation_project_ws/install/moveit_ros_move_group:/home/salem/graduation_project_ws/install/moveit_ros_warehouse:/home/salem/graduation_project_ws/install/moveit_planners_ompl:/home/salem/graduation_project_ws/install/moveit_kinematics:/home/salem/graduation_project_ws/install/moveit_ros_planning:/home/salem/graduation_project_ws/install/pilz_industrial_motion_planner_testutils:/home/salem/graduation_project_ws/install/moveit_simple_controller_manager:/home/salem/graduation_project_ws/install/moveit_ros_occupancy_map_monitor:/home/salem/graduation_project_ws/install/moveit_resources_prbt_ikfast_manipulator_plugin:/home/salem/graduation_project_ws/install/moveit_core:/home/salem/graduation_project_ws/install/moveit_resources_panda_moveit_config:/home/salem/graduation_project_ws/install/moveit_resources_fanuc_moveit_config:/home/salem/graduation_project_ws/install/moveit_configs_utils:/home/salem/graduation_project_ws/install/srdfdom:/home/salem/graduation_project_ws/install/moveit_resources_prbt_support:/home/salem/graduation_project_ws/install/moveit_resources_pr2_description:/home/salem/graduation_project_ws/install/moveit_resources_panda_description:/home/salem/graduation_project_ws/install/moveit_resources_fanuc_description:/home/salem/graduation_project_ws/install/moveit_common:/home/salem/graduation_project_ws/install/launch_param_builder:${AMENT_PREFIX_PATH} CMAKE_PREFIX_PATH=/home/salem/graduation_project_ws/install/moveit_resources_prbt_pg70_support:/home/salem/graduation_project_ws/install/moveit_ros_planning_interface:/home/salem/graduation_project_ws/install/moveit_resources_prbt_moveit_config:/home/salem/graduation_project_ws/install/moveit_ros_move_group:/home/salem/graduation_project_ws/install/moveit_ros_warehouse:/home/salem/graduation_project_ws/install/moveit_planners_ompl:/home/salem/graduation_project_ws/install/moveit_kinematics:/home/salem/graduation_project_ws/install/moveit_ros_planning:/home/salem/graduation_project_ws/install/pilz_industrial_motion_planner_testutils:/home/salem/graduation_project_ws/install/moveit_simple_controller_manager:/home/salem/graduation_project_ws/install/moveit_ros_occupancy_map_monitor:/home/salem/graduation_project_ws/install/moveit_resources_prbt_ikfast_manipulator_plugin:/home/salem/graduation_project_ws/install/moveit_core:/home/salem/graduation_project_ws/install/moveit_resources_panda_moveit_config:/home/salem/graduation_project_ws/install/moveit_resources_fanuc_moveit_config:/home/salem/graduation_project_ws/install/srdfdom:/home/salem/graduation_project_ws/install/moveit_resources_prbt_support:/home/salem/graduation_project_ws/install/moveit_resources_pr2_description:/home/salem/graduation_project_ws/install/moveit_resources_panda_description:/home/salem/graduation_project_ws/install/moveit_resources_fanuc_description:/home/salem/graduation_project_ws/install/moveit_common:/home/salem/ros2_ws/install/labvolt5250a0_description:/home/salem/ws_moveit2/install/pilz_industrial_motion_planner_testutils:/home/salem/ws_moveit2/install/panda_moveit_config:/home/salem/ws_moveit2/install/moveit_runtime:/home/salem/ws_moveit2/install/moveit2_tutorials:/home/salem/ws_moveit2/install/moveit:/home/salem/ws_moveit2/install/moveit_planners:/home/salem/ws_moveit2/install/pilz_industrial_motion_planner:/home/salem/ws_moveit2/install/moveit_visual_tools:/home/salem/ws_moveit2/install/moveit_task_constructor_visualization:/home/salem/ws_moveit2/install/moveit_task_constructor_demo:/home/salem/ws_moveit2/install/moveit_task_constructor_capabilities:/home/salem/ws_moveit2/install/moveit_task_constructor_core:/home/salem/ws_moveit2/install/moveit_ros_control_interface:/home/salem/ws_moveit2/install/moveit_plugins:/home/salem/ws_moveit2/install/moveit_simple_controller_manager:/home/salem/ws_moveit2/install/moveit_setup_assistant:/home/salem/ws_moveit2/install/moveit_setup_srdf_plugins:/home/salem/ws_moveit2/install/moveit_setup_core_plugins:/home/salem/ws_moveit2/install/moveit_setup_controllers:/home/salem/ws_moveit2/install/moveit_setup_app_plugins:/home/salem/ws_moveit2/install/moveit_setup_framework:/home/salem/ws_moveit2/install/moveit_servo:/home/salem/ws_moveit2/install/moveit_ros:/home/salem/ws_moveit2/install/moveit_ros_visualization:/home/salem/ws_moveit2/install/moveit_hybrid_planning:/home/salem/ws_moveit2/install/moveit_ros_planning_interface:/home/salem/ws_moveit2/install/moveit_ros_benchmarks:/home/salem/ws_moveit2/install/moveit_ros_warehouse:/home/salem/ws_moveit2/install/moveit_ros_robot_interaction:/home/salem/ws_moveit2/install/moveit_ros_perception:/home/salem/ws_moveit2/install/moveit_resources_prbt_pg70_support:/home/salem/ws_moveit2/install/moveit_resources_prbt_moveit_config:/home/salem/ws_moveit2/install/moveit_ros_move_group:/home/salem/ws_moveit2/install/moveit_planners_ompl:/home/salem/ws_moveit2/install/moveit_ros_planning:/home/salem/ws_moveit2/install/moveit_ros_occupancy_map_monitor:/home/salem/ws_moveit2/install/moveit_resources_prbt_ikfast_manipulator_plugin:/home/salem/ws_moveit2/install/moveit_planners_chomp:/home/salem/ws_moveit2/install/moveit_kinematics:/home/salem/ws_moveit2/install/moveit_chomp_optimizer_adapter:/home/salem/ws_moveit2/install/chomp_motion_planner:/home/salem/ws_moveit2/install/moveit_core:/home/salem/ws_moveit2/install/srdfdom:/home/salem/ws_moveit2/install/rviz_marker_tools:/home/salem/ws_moveit2/install/rosparam_shortcuts:/home/salem/ws_moveit2/install/moveit_task_constructor_msgs:/home/salem/ws_moveit2/install/moveit_resources_prbt_support:/home/salem/ws_moveit2/install/moveit_resources:/home/salem/ws_moveit2/install/moveit_resources_pr2_description:/home/salem/ws_moveit2/install/moveit_resources_panda_moveit_config:/home/salem/ws_moveit2/install/moveit_resources_panda_description:/home/salem/ws_moveit2/install/moveit_resources_fanuc_moveit_config:/home/salem/ws_moveit2/install/moveit_resources_fanuc_description:/home/salem/ws_moveit2/install/moveit_common:/home/salem/microros_ws/install/micro_ros_setup:/home/salem/ros2_ws/install/my_robot_controller:/home/salem/ws_moveit2/install/moveit_configs_utils:/home/salem/ws_moveit2/install/launch_param_builder:/opt/ros/humble LD_LIBRARY_PATH=/home/salem/graduation_project_ws/install/moveit_ros_planning_interface/lib:/home/salem/graduation_project_ws/install/moveit_ros_move_group/lib:/home/salem/graduation_project_ws/install/moveit_ros_warehouse/lib:/home/salem/graduation_project_ws/install/moveit_planners_ompl/lib:/home/salem/graduation_project_ws/install/moveit_kinematics/lib:/home/salem/graduation_project_ws/install/moveit_ros_planning/lib:/home/salem/graduation_project_ws/install/pilz_industrial_motion_planner_testutils/lib:/home/salem/graduation_project_ws/install/moveit_simple_controller_manager/lib:/home/salem/graduation_project_ws/install/moveit_ros_occupancy_map_monitor/lib:/home/salem/graduation_project_ws/install/moveit_resources_prbt_ikfast_manipulator_plugin/lib:/home/salem/graduation_project_ws/install/moveit_core/lib:/home/salem/graduation_project_ws/install/srdfdom/lib:${LD_LIBRARY_PATH} PATH=/home/salem/graduation_project_ws/install/moveit_core/bin:${PATH} PYTHONPATH=/home/salem/graduation_project_ws/install/moveit_configs_utils/lib/python3.10/site-packages:/home/salem/graduation_project_ws/install/srdfdom/local/lib/python3.10/dist-packages:/home/salem/graduation_project_ws/install/launch_param_builder/lib/python3.10/site-packages:${PYTHONPATH} /usr/bin/cmake --install /home/salem/graduation_project_ws/build/pilz_industrial_motion_planner
