[0.000000] (-) TimerEvent: {}
[0.000475] (-) JobUnselected: {'identifier': 'chomp_motion_planner'}
[0.000525] (-) JobUnselected: {'identifier': 'lab_moveit_config'}
[0.000547] (-) JobUnselected: {'identifier': 'labvolt5250a0_description'}
[0.001032] (-) JobUnselected: {'identifier': 'labvolt_config'}
[0.001060] (-) JobUnselected: {'identifier': 'launch_param_builder'}
[0.001078] (-) JobUnselected: {'identifier': 'micro_ros_agent'}
[0.001094] (-) JobUnselected: {'identifier': 'micro_ros_msgs'}
[0.001108] (-) JobUnselected: {'identifier': 'micro_ros_setup'}
[0.001122] (-) JobUnselected: {'identifier': 'moveit'}
[0.001136] (-) JobUnselected: {'identifier': 'moveit2_tutorials'}
[0.001150] (-) JobUnselected: {'identifier': 'moveit_chomp_optimizer_adapter'}
[0.001164] (-) JobUnselected: {'identifier': 'moveit_common'}
[0.001179] (-) JobUnselected: {'identifier': 'moveit_configs_utils'}
[0.001193] (-) JobUnselected: {'identifier': 'moveit_core'}
[0.001207] (-) JobUnselected: {'identifier': 'moveit_hybrid_planning'}
[0.001221] (-) JobUnselected: {'identifier': 'moveit_kinematics'}
[0.001235] (-) JobUnselected: {'identifier': 'moveit_planners'}
[0.001249] (-) JobUnselected: {'identifier': 'moveit_planners_chomp'}
[0.001262] (-) JobUnselected: {'identifier': 'moveit_planners_ompl'}
[0.001276] (-) JobUnselected: {'identifier': 'moveit_plugins'}
[0.001290] (-) JobUnselected: {'identifier': 'moveit_resources'}
[0.001303] (-) JobUnselected: {'identifier': 'moveit_resources_fanuc_description'}
[0.001316] (-) JobUnselected: {'identifier': 'moveit_resources_fanuc_moveit_config'}
[0.001330] (-) JobUnselected: {'identifier': 'moveit_resources_panda_description'}
[0.001343] (-) JobUnselected: {'identifier': 'moveit_resources_panda_moveit_config'}
[0.001357] (-) JobUnselected: {'identifier': 'moveit_resources_pr2_description'}
[0.001370] (-) JobUnselected: {'identifier': 'moveit_resources_prbt_ikfast_manipulator_plugin'}
[0.001383] (-) JobUnselected: {'identifier': 'moveit_resources_prbt_moveit_config'}
[0.001396] (-) JobUnselected: {'identifier': 'moveit_resources_prbt_pg70_support'}
[0.001410] (-) JobUnselected: {'identifier': 'moveit_resources_prbt_support'}
[0.001423] (-) JobUnselected: {'identifier': 'moveit_ros'}
[0.001436] (-) JobUnselected: {'identifier': 'moveit_ros_benchmarks'}
[0.001450] (-) JobUnselected: {'identifier': 'moveit_ros_control_interface'}
[0.001463] (-) JobUnselected: {'identifier': 'moveit_ros_move_group'}
[0.001476] (-) JobUnselected: {'identifier': 'moveit_ros_occupancy_map_monitor'}
[0.001490] (-) JobUnselected: {'identifier': 'moveit_ros_perception'}
[0.001503] (-) JobUnselected: {'identifier': 'moveit_ros_planning'}
[0.001517] (-) JobUnselected: {'identifier': 'moveit_ros_planning_interface'}
[0.001530] (-) JobUnselected: {'identifier': 'moveit_ros_robot_interaction'}
[0.001543] (-) JobUnselected: {'identifier': 'moveit_ros_visualization'}
[0.001556] (-) JobUnselected: {'identifier': 'moveit_ros_warehouse'}
[0.001569] (-) JobUnselected: {'identifier': 'moveit_runtime'}
[0.001582] (-) JobUnselected: {'identifier': 'moveit_servo'}
[0.001596] (-) JobUnselected: {'identifier': 'moveit_setup_app_plugins'}
[0.001609] (-) JobUnselected: {'identifier': 'moveit_setup_assistant'}
[0.001622] (-) JobUnselected: {'identifier': 'moveit_setup_controllers'}
[0.001635] (-) JobUnselected: {'identifier': 'moveit_setup_core_plugins'}
[0.001648] (-) JobUnselected: {'identifier': 'moveit_setup_framework'}
[0.001661] (-) JobUnselected: {'identifier': 'moveit_setup_srdf_plugins'}
[0.001674] (-) JobUnselected: {'identifier': 'moveit_simple_controller_manager'}
[0.001688] (-) JobUnselected: {'identifier': 'moveit_task_constructor_capabilities'}
[0.001701] (-) JobUnselected: {'identifier': 'moveit_task_constructor_core'}
[0.001714] (-) JobUnselected: {'identifier': 'moveit_task_constructor_demo'}
[0.001727] (-) JobUnselected: {'identifier': 'moveit_task_constructor_msgs'}
[0.001740] (-) JobUnselected: {'identifier': 'moveit_task_constructor_visualization'}
[0.001754] (-) JobUnselected: {'identifier': 'moveit_visual_tools'}
[0.001767] (-) JobUnselected: {'identifier': 'pilz_industrial_motion_planner'}
[0.001855] (-) JobUnselected: {'identifier': 'pilz_industrial_motion_planner_testutils'}
[0.001871] (-) JobUnselected: {'identifier': 'rosparam_shortcuts'}
[0.001885] (-) JobUnselected: {'identifier': 'rviz_marker_tools'}
[0.001898] (-) JobUnselected: {'identifier': 'srdfdom'}
[0.001912] (-) JobUnselected: {'identifier': 'two_wheeled_robot'}
[0.001934] (panda_moveit_config) JobQueued: {'identifier': 'panda_moveit_config', 'dependencies': OrderedDict([('launch_param_builder', '/home/salem/graduation_project/graduation_project_ws/install/launch_param_builder'), ('moveit_common', '/home/salem/graduation_project/graduation_project_ws/install/moveit_common'), ('moveit_resources_fanuc_description', '/home/salem/graduation_project/graduation_project_ws/install/moveit_resources_fanuc_description'), ('moveit_resources_panda_description', '/home/salem/graduation_project/graduation_project_ws/install/moveit_resources_panda_description'), ('moveit_resources_pr2_description', '/home/salem/graduation_project/graduation_project_ws/install/moveit_resources_pr2_description'), ('moveit_resources_prbt_support', '/home/salem/graduation_project/graduation_project_ws/install/moveit_resources_prbt_support'), ('srdfdom', '/home/salem/graduation_project/graduation_project_ws/install/srdfdom'), ('two_wheeled_robot', '/home/salem/graduation_project/graduation_project_ws/install/two_wheeled_robot'), ('moveit_configs_utils', '/home/salem/graduation_project/graduation_project_ws/install/moveit_configs_utils'), ('moveit_resources_fanuc_moveit_config', '/home/salem/graduation_project/graduation_project_ws/install/moveit_resources_fanuc_moveit_config'), ('moveit_resources_panda_moveit_config', '/home/salem/graduation_project/graduation_project_ws/install/moveit_resources_panda_moveit_config'), ('moveit_core', '/home/salem/graduation_project/graduation_project_ws/install/moveit_core'), ('chomp_motion_planner', '/home/salem/graduation_project/graduation_project_ws/install/chomp_motion_planner'), ('moveit_resources_prbt_ikfast_manipulator_plugin', '/home/salem/graduation_project/graduation_project_ws/install/moveit_resources_prbt_ikfast_manipulator_plugin'), ('moveit_ros_occupancy_map_monitor', '/home/salem/graduation_project/graduation_project_ws/install/moveit_ros_occupancy_map_monitor'), ('moveit_simple_controller_manager', '/home/salem/graduation_project/graduation_project_ws/install/moveit_simple_controller_manager'), ('pilz_industrial_motion_planner_testutils', '/home/salem/graduation_project/graduation_project_ws/install/pilz_industrial_motion_planner_testutils'), ('moveit_planners_chomp', '/home/salem/graduation_project/graduation_project_ws/install/moveit_planners_chomp'), ('moveit_ros_planning', '/home/salem/graduation_project/graduation_project_ws/install/moveit_ros_planning'), ('moveit_kinematics', '/home/salem/graduation_project/graduation_project_ws/install/moveit_kinematics'), ('moveit_planners_ompl', '/home/salem/graduation_project/graduation_project_ws/install/moveit_planners_ompl'), ('moveit_ros_robot_interaction', '/home/salem/graduation_project/graduation_project_ws/install/moveit_ros_robot_interaction'), ('moveit_ros_warehouse', '/home/salem/graduation_project/graduation_project_ws/install/moveit_ros_warehouse'), ('moveit_ros_move_group', '/home/salem/graduation_project/graduation_project_ws/install/moveit_ros_move_group'), ('moveit_resources_prbt_moveit_config', '/home/salem/graduation_project/graduation_project_ws/install/moveit_resources_prbt_moveit_config'), ('moveit_ros_planning_interface', '/home/salem/graduation_project/graduation_project_ws/install/moveit_ros_planning_interface'), ('moveit_resources_prbt_pg70_support', '/home/salem/graduation_project/graduation_project_ws/install/moveit_resources_prbt_pg70_support'), ('moveit_ros_visualization', '/home/salem/graduation_project/graduation_project_ws/install/moveit_ros_visualization'), ('moveit_setup_framework', '/home/salem/graduation_project/graduation_project_ws/install/moveit_setup_framework'), ('pilz_industrial_motion_planner', '/home/salem/graduation_project/graduation_project_ws/install/pilz_industrial_motion_planner'), ('moveit_planners', '/home/salem/graduation_project/graduation_project_ws/install/moveit_planners'), ('moveit_setup_app_plugins', '/home/salem/graduation_project/graduation_project_ws/install/moveit_setup_app_plugins'), ('moveit_setup_controllers', '/home/salem/graduation_project/graduation_project_ws/install/moveit_setup_controllers'), ('moveit_setup_core_plugins', '/home/salem/graduation_project/graduation_project_ws/install/moveit_setup_core_plugins'), ('moveit_setup_srdf_plugins', '/home/salem/graduation_project/graduation_project_ws/install/moveit_setup_srdf_plugins'), ('moveit_setup_assistant', '/home/salem/graduation_project/graduation_project_ws/install/moveit_setup_assistant')])}
[0.002018] (panda_moveit_config) JobStarted: {'identifier': 'panda_moveit_config'}
[0.058196] (panda_moveit_config) JobEnded: {'identifier': 'panda_moveit_config', 'rc': 1}
[0.068502] (-) EventReactorShutdown: {}
