[0.012s] Invoking command in '/home/salem/graduation_project_ws/build/moveit_common': CMAKE_PREFIX_PATH=${CMAKE_PREFIX_PATH}:/home/salem/ros2_ws/install/my_robot_controller:/home/salem/ws_moveit2/install/moveit_configs_utils:/home/salem/ws_moveit2/install/launch_param_builder:/opt/ros/humble /usr/bin/cmake --build /home/salem/graduation_project_ws/build/moveit_common -- -j16 -l16
[0.064s] Invoked command in '/home/salem/graduation_project_ws/build/moveit_common' returned '0': CMAKE_PREFIX_PATH=${CMAKE_PREFIX_PATH}:/home/salem/ros2_ws/install/my_robot_controller:/home/salem/ws_moveit2/install/moveit_configs_utils:/home/salem/ws_moveit2/install/launch_param_builder:/opt/ros/humble /usr/bin/cmake --build /home/salem/graduation_project_ws/build/moveit_common -- -j16 -l16
[0.066s] Invoking command in '/home/salem/graduation_project_ws/build/moveit_common': CMAKE_PREFIX_PATH=${CMAKE_PREFIX_PATH}:/home/salem/ros2_ws/install/my_robot_controller:/home/salem/ws_moveit2/install/moveit_configs_utils:/home/salem/ws_moveit2/install/launch_param_builder:/opt/ros/humble /usr/bin/cmake --install /home/salem/graduation_project_ws/build/moveit_common
[0.076s] -- Install configuration: ""
[0.076s] -- Up-to-date: /home/salem/graduation_project_ws/install/moveit_common/share/ament_index/resource_index/package_run_dependencies/moveit_common
[0.076s] -- Up-to-date: /home/salem/graduation_project_ws/install/moveit_common/share/ament_index/resource_index/parent_prefix_path/moveit_common
[0.076s] -- Up-to-date: /home/salem/graduation_project_ws/install/moveit_common/share/moveit_common/environment/ament_prefix_path.sh
[0.077s] -- Up-to-date: /home/salem/graduation_project_ws/install/moveit_common/share/moveit_common/environment/ament_prefix_path.dsv
[0.077s] -- Up-to-date: /home/salem/graduation_project_ws/install/moveit_common/share/moveit_common/environment/path.sh
[0.077s] -- Up-to-date: /home/salem/graduation_project_ws/install/moveit_common/share/moveit_common/environment/path.dsv
[0.077s] -- Up-to-date: /home/salem/graduation_project_ws/install/moveit_common/share/moveit_common/local_setup.bash
[0.077s] -- Up-to-date: /home/salem/graduation_project_ws/install/moveit_common/share/moveit_common/local_setup.sh
[0.077s] -- Up-to-date: /home/salem/graduation_project_ws/install/moveit_common/share/moveit_common/local_setup.zsh
[0.077s] -- Up-to-date: /home/salem/graduation_project_ws/install/moveit_common/share/moveit_common/local_setup.dsv
[0.077s] -- Installing: /home/salem/graduation_project_ws/install/moveit_common/share/moveit_common/package.dsv
[0.077s] -- Up-to-date: /home/salem/graduation_project_ws/install/moveit_common/share/ament_index/resource_index/packages/moveit_common
[0.077s] -- Up-to-date: /home/salem/graduation_project_ws/install/moveit_common/share/moveit_common/cmake/moveit_common-extras.cmake
[0.077s] -- Up-to-date: /home/salem/graduation_project_ws/install/moveit_common/share/moveit_common/cmake/moveit_commonConfig.cmake
[0.078s] -- Up-to-date: /home/salem/graduation_project_ws/install/moveit_common/share/moveit_common/cmake/moveit_commonConfig-version.cmake
[0.078s] -- Up-to-date: /home/salem/graduation_project_ws/install/moveit_common/share/moveit_common/package.xml
[0.078s] -- Up-to-date: /home/salem/graduation_project_ws/install/moveit_common/share/moveit_common/cmake
[0.078s] -- Up-to-date: /home/salem/graduation_project_ws/install/moveit_common/share/moveit_common/cmake/moveit_package.cmake
[0.080s] Invoked command in '/home/salem/graduation_project_ws/build/moveit_common' returned '0': CMAKE_PREFIX_PATH=${CMAKE_PREFIX_PATH}:/home/salem/ros2_ws/install/my_robot_controller:/home/salem/ws_moveit2/install/moveit_configs_utils:/home/salem/ws_moveit2/install/launch_param_builder:/opt/ros/humble /usr/bin/cmake --install /home/salem/graduation_project_ws/build/moveit_common
