[0.044s] Invoking command in '/home/salem/graduation_project_ws/build/moveit_kinematics': AMENT_PREFIX_PATH=/home/salem/graduation_project_ws/install/moveit_ros_planning:/home/salem/graduation_project_ws/install/moveit_ros_occupancy_map_monitor:/home/salem/graduation_project_ws/install/moveit_core:/home/salem/graduation_project_ws/install/moveit_resources_panda_moveit_config:/home/salem/graduation_project_ws/install/moveit_resources_fanuc_moveit_config:/home/salem/graduation_project_ws/install/moveit_configs_utils:/home/salem/graduation_project_ws/install/srdfdom:/home/salem/graduation_project_ws/install/moveit_resources_pr2_description:/home/salem/graduation_project_ws/install/moveit_resources_panda_description:/home/salem/graduation_project_ws/install/moveit_resources_fanuc_description:/home/salem/graduation_project_ws/install/moveit_common:/home/salem/graduation_project_ws/install/launch_param_builder:${AMENT_PREFIX_PATH} CMAKE_PREFIX_PATH=/home/salem/graduation_project_ws/install/moveit_ros_planning:/home/salem/graduation_project_ws/install/moveit_ros_occupancy_map_monitor:/home/salem/graduation_project_ws/install/moveit_core:/home/salem/graduation_project_ws/install/moveit_resources_panda_moveit_config:/home/salem/graduation_project_ws/install/moveit_resources_fanuc_moveit_config:/home/salem/graduation_project_ws/install/srdfdom:/home/salem/graduation_project_ws/install/moveit_resources_pr2_description:/home/salem/graduation_project_ws/install/moveit_resources_panda_description:/home/salem/graduation_project_ws/install/moveit_resources_fanuc_description:/home/salem/graduation_project_ws/install/moveit_common:/home/salem/ros2_ws/install/labvolt5250a0_description:/home/salem/ws_moveit2/install/pilz_industrial_motion_planner_testutils:/home/salem/ws_moveit2/install/panda_moveit_config:/home/salem/ws_moveit2/install/moveit_runtime:/home/salem/ws_moveit2/install/moveit2_tutorials:/home/salem/ws_moveit2/install/moveit:/home/salem/ws_moveit2/install/moveit_planners:/home/salem/ws_moveit2/install/pilz_industrial_motion_planner:/home/salem/ws_moveit2/install/moveit_visual_tools:/home/salem/ws_moveit2/install/moveit_task_constructor_visualization:/home/salem/ws_moveit2/install/moveit_task_constructor_demo:/home/salem/ws_moveit2/install/moveit_task_constructor_capabilities:/home/salem/ws_moveit2/install/moveit_task_constructor_core:/home/salem/ws_moveit2/install/moveit_ros_control_interface:/home/salem/ws_moveit2/install/moveit_plugins:/home/salem/ws_moveit2/install/moveit_simple_controller_manager:/home/salem/ws_moveit2/install/moveit_setup_assistant:/home/salem/ws_moveit2/install/moveit_setup_srdf_plugins:/home/salem/ws_moveit2/install/moveit_setup_core_plugins:/home/salem/ws_moveit2/install/moveit_setup_controllers:/home/salem/ws_moveit2/install/moveit_setup_app_plugins:/home/salem/ws_moveit2/install/moveit_setup_framework:/home/salem/ws_moveit2/install/moveit_servo:/home/salem/ws_moveit2/install/moveit_ros:/home/salem/ws_moveit2/install/moveit_ros_visualization:/home/salem/ws_moveit2/install/moveit_hybrid_planning:/home/salem/ws_moveit2/install/moveit_ros_planning_interface:/home/salem/ws_moveit2/install/moveit_ros_benchmarks:/home/salem/ws_moveit2/install/moveit_ros_warehouse:/home/salem/ws_moveit2/install/moveit_ros_robot_interaction:/home/salem/ws_moveit2/install/moveit_ros_perception:/home/salem/ws_moveit2/install/moveit_resources_prbt_pg70_support:/home/salem/ws_moveit2/install/moveit_resources_prbt_moveit_config:/home/salem/ws_moveit2/install/moveit_ros_move_group:/home/salem/ws_moveit2/install/moveit_planners_ompl:/home/salem/ws_moveit2/install/moveit_ros_planning:/home/salem/ws_moveit2/install/moveit_ros_occupancy_map_monitor:/home/salem/ws_moveit2/install/moveit_resources_prbt_ikfast_manipulator_plugin:/home/salem/ws_moveit2/install/moveit_planners_chomp:/home/salem/ws_moveit2/install/moveit_kinematics:/home/salem/ws_moveit2/install/moveit_chomp_optimizer_adapter:/home/salem/ws_moveit2/install/chomp_motion_planner:/home/salem/ws_moveit2/install/moveit_core:/home/salem/ws_moveit2/install/srdfdom:/home/salem/ws_moveit2/install/rviz_marker_tools:/home/salem/ws_moveit2/install/rosparam_shortcuts:/home/salem/ws_moveit2/install/moveit_task_constructor_msgs:/home/salem/ws_moveit2/install/moveit_resources_prbt_support:/home/salem/ws_moveit2/install/moveit_resources:/home/salem/ws_moveit2/install/moveit_resources_pr2_description:/home/salem/ws_moveit2/install/moveit_resources_panda_moveit_config:/home/salem/ws_moveit2/install/moveit_resources_panda_description:/home/salem/ws_moveit2/install/moveit_resources_fanuc_moveit_config:/home/salem/ws_moveit2/install/moveit_resources_fanuc_description:/home/salem/ws_moveit2/install/moveit_common:/home/salem/microros_ws/install/micro_ros_setup:/home/salem/ros2_ws/install/my_robot_controller:/home/salem/ws_moveit2/install/moveit_configs_utils:/home/salem/ws_moveit2/install/launch_param_builder:/opt/ros/humble LD_LIBRARY_PATH=/home/salem/graduation_project_ws/install/moveit_ros_planning/lib:/home/salem/graduation_project_ws/install/moveit_ros_occupancy_map_monitor/lib:/home/salem/graduation_project_ws/install/moveit_core/lib:/home/salem/graduation_project_ws/install/srdfdom/lib:${LD_LIBRARY_PATH} PATH=/home/salem/graduation_project_ws/install/moveit_core/bin:${PATH} PYTHONPATH=/home/salem/graduation_project_ws/install/moveit_configs_utils/lib/python3.10/site-packages:/home/salem/graduation_project_ws/install/srdfdom/local/lib/python3.10/dist-packages:/home/salem/graduation_project_ws/install/launch_param_builder/lib/python3.10/site-packages:${PYTHONPATH} /usr/bin/cmake /home/salem/graduation_project_ws/src/moveit2/moveit_kinematics -DCMAKE_INSTALL_PREFIX=/home/salem/graduation_project_ws/install/moveit_kinematics
[0.108s] -- The C compiler identification is GNU 11.4.0
[0.164s] -- The CXX compiler identification is GNU 11.4.0
[0.171s] -- Detecting C compiler ABI info
[0.255s] -- Detecting C compiler ABI info - done
[0.261s] -- Check for working C compiler: /usr/bin/cc - skipped
[0.261s] -- Detecting C compile features
[0.261s] -- Detecting C compile features - done
[0.264s] -- Detecting CXX compiler ABI info
[0.358s] -- Detecting CXX compiler ABI info - done
[0.364s] -- Check for working CXX compiler: /usr/bin/c++ - skipped
[0.365s] -- Detecting CXX compile features
[0.365s] -- Detecting CXX compile features - done
[0.367s] -- Found moveit_common: 2.5.9 (/home/salem/graduation_project_ws/install/moveit_common/share/moveit_common/cmake)
[0.375s] -- Found ament_cmake: 1.3.11 (/opt/ros/humble/share/ament_cmake/cmake)
[0.543s] -- Found Python3: /usr/bin/python3 (found version "3.10.12") found components: Interpreter 
[0.780s] [0mmoveit_kinematics: You did not request a specific build type: Choosing 'Release' for maximum performance[0m
[0.812s] -- Found tf2_kdl: 0.25.12 (/opt/ros/humble/share/tf2_kdl/cmake)
[0.905s] -- Found rosidl_generator_c: 3.1.6 (/opt/ros/humble/share/rosidl_generator_c/cmake)
[0.923s] -- Found rosidl_adapter: 3.1.6 (/opt/ros/humble/share/rosidl_adapter/cmake)
[0.944s] -- Found rosidl_generator_cpp: 3.1.6 (/opt/ros/humble/share/rosidl_generator_cpp/cmake)
[0.970s] -- Using all available rosidl_typesupport_c: rosidl_typesupport_fastrtps_c;rosidl_typesupport_introspection_c
[1.006s] -- Using all available rosidl_typesupport_cpp: rosidl_typesupport_fastrtps_cpp;rosidl_typesupport_introspection_cpp
[1.089s] -- Found eigen3_cmake_module: 0.1.1 (/opt/ros/humble/share/eigen3_cmake_module/cmake)
[1.090s] -- Found Eigen3: TRUE (found version "3.4.0") 
[1.090s] -- Ensuring Eigen3 include directory is part of orocos-kdl CMake target
[1.269s] -- Found rmw_implementation_cmake: 6.1.2 (/opt/ros/humble/share/rmw_implementation_cmake/cmake)
[1.280s] -- Found rmw_fastrtps_cpp: 6.2.7 (/opt/ros/humble/share/rmw_fastrtps_cpp/cmake)
[1.442s] -- Found OpenSSL: /usr/lib/x86_64-linux-gnu/libcrypto.so (found version "3.0.2")  
[1.479s] -- Found FastRTPS: /opt/ros/humble/include  
[1.538s] -- Using RMW implementation 'rmw_fastrtps_cpp' as default
[1.566s] -- Looking for pthread.h
[1.681s] -- Looking for pthread.h - found
[1.681s] -- Performing Test CMAKE_HAVE_LIBC_PTHREAD
[1.794s] -- Performing Test CMAKE_HAVE_LIBC_PTHREAD - Success
[1.795s] -- Found Threads: TRUE  
[1.949s] -- Found kdl_parser: 2.6.4 (/opt/ros/humble/share/kdl_parser/cmake)
[1.966s] -- Found random_numbers: 2.0.1 (/opt/ros/humble/share/random_numbers/cmake)
[1.995s] -- Found pluginlib: 5.1.0 (/opt/ros/humble/share/pluginlib/cmake)
[2.025s] -- Found moveit_core: 2.5.9 (/home/salem/graduation_project_ws/install/moveit_core/share/moveit_core/cmake)
[2.116s] -- Found Boost: /usr/lib/x86_64-linux-gnu/cmake/Boost-1.74.0/BoostConfig.cmake (found version "1.74.0") found components: chrono date_time filesystem iostreams program_options regex serialization system thread 
[2.203s] -- Found parameter_traits: 0.4.0 (/opt/ros/humble/share/parameter_traits/cmake)
[2.241s] -- Found rclcpp_lifecycle: 16.0.12 (/opt/ros/humble/share/rclcpp_lifecycle/cmake)
[2.282s] -- Found Boost: /usr/lib/x86_64-linux-gnu/cmake/Boost-1.74.0/BoostConfig.cmake (found version "1.74.0") found components: filesystem 
[2.423s] -- library: /usr/lib/x86_64-linux-gnu/libcurl.so
[2.658s] -- Found moveit_ros_planning: 2.5.9 (/home/salem/graduation_project_ws/install/moveit_ros_planning/share/moveit_ros_planning/cmake)
[2.662s] -- Found Boost: /usr/lib/x86_64-linux-gnu/cmake/Boost-1.74.0/BoostConfig.cmake (found version "1.74.0") found components: system filesystem date_time program_options thread chrono 
[2.684s] -- Found Boost: /usr/lib/x86_64-linux-gnu/cmake/Boost-1.74.0/BoostConfig.cmake (found version "1.74.0") found components: program_options system 
[2.813s] -- Found ament_cmake_gtest: 1.3.11 (/opt/ros/humble/share/ament_cmake_gtest/cmake)
[2.823s] -- Found ros_testing: 0.4.0 (/opt/ros/humble/share/ros_testing/cmake)
[2.832s] -- Found launch_testing_ament_cmake: 1.0.8 (/opt/ros/humble/share/launch_testing_ament_cmake/cmake)
[2.840s] -- Found python_cmake_module: 0.10.0 (/opt/ros/humble/share/python_cmake_module/cmake)
[2.864s] -- Found PythonInterp: /usr/bin/python3 (found suitable version "3.10.12", minimum required is "3.6") 
[2.873s] -- Found PythonLibs: /usr/lib/x86_64-linux-gnu/libpython3.10.so (found suitable version "3.10.12", minimum required is "3.5") 
[2.874s] -- Using PYTHON_EXECUTABLE: /usr/bin/python3
[2.874s] -- Using PYTHON_INCLUDE_DIRS: /usr/include/python3.10
[2.874s] -- Using PYTHON_LIBRARIES: /usr/lib/x86_64-linux-gnu/libpython3.10.so
[2.896s] -- Found PythonExtra: .so  
[2.899s] -- Found moveit_resources_fanuc_description: 2.0.7 (/home/salem/graduation_project_ws/install/moveit_resources_fanuc_description/share/moveit_resources_fanuc_description/cmake)
[2.901s] -- Found moveit_resources_fanuc_moveit_config: 2.0.7 (/home/salem/graduation_project_ws/install/moveit_resources_fanuc_moveit_config/share/moveit_resources_fanuc_moveit_config/cmake)
[2.904s] -- Found moveit_resources_panda_description: 2.0.7 (/home/salem/graduation_project_ws/install/moveit_resources_panda_description/share/moveit_resources_panda_description/cmake)
[2.905s] -- Found moveit_resources_panda_moveit_config: 2.0.7 (/home/salem/graduation_project_ws/install/moveit_resources_panda_moveit_config/share/moveit_resources_panda_moveit_config/cmake)
[2.915s] -- Found gtest sources under '/opt/ros/humble/src/gtest_vendor': C++ tests using 'Google Test' will be built
[2.949s] -- Found ament_lint_auto: 0.12.12 (/opt/ros/humble/share/ament_lint_auto/cmake)
[2.977s] -- Found launch_testing_ament_cmake: 1.0.8 (/opt/ros/humble/share/launch_testing_ament_cmake/cmake)
[2.977s] -- Found python_cmake_module: 0.10.0 (/opt/ros/humble/share/python_cmake_module/cmake)
[3.001s] -- Using PYTHON_EXECUTABLE: /usr/bin/python3
[3.001s] -- Using PYTHON_INCLUDE_DIRS: /usr/include/python3.10
[3.001s] -- Using PYTHON_LIBRARIES: /usr/lib/x86_64-linux-gnu/libpython3.10.so
[3.048s] -- Added test 'cppcheck' to perform static code analysis on C / C++ code
[3.048s] -- Configured cppcheck include dirs: /home/salem/graduation_project_ws/src/moveit2/moveit_kinematics/kdl_kinematics_plugin/include;/home/salem/graduation_project_ws/src/moveit2/moveit_kinematics/lma_kinematics_plugin/include;/home/salem/graduation_project_ws/src/moveit2/moveit_kinematics/srv_kinematics_plugin/include;/home/salem/graduation_project_ws/src/moveit2/moveit_kinematics/cached_ik_kinematics_plugin/include
[3.048s] -- Configured cppcheck exclude dirs and/or files: 
[3.051s] -- Added test 'lint_cmake' to check CMake code style
[3.054s] -- Configuring done
[3.155s] -- Generating done
[3.181s] -- Build files have been written to: /home/salem/graduation_project_ws/build/moveit_kinematics
[3.205s] Invoked command in '/home/salem/graduation_project_ws/build/moveit_kinematics' returned '0': AMENT_PREFIX_PATH=/home/salem/graduation_project_ws/install/moveit_ros_planning:/home/salem/graduation_project_ws/install/moveit_ros_occupancy_map_monitor:/home/salem/graduation_project_ws/install/moveit_core:/home/salem/graduation_project_ws/install/moveit_resources_panda_moveit_config:/home/salem/graduation_project_ws/install/moveit_resources_fanuc_moveit_config:/home/salem/graduation_project_ws/install/moveit_configs_utils:/home/salem/graduation_project_ws/install/srdfdom:/home/salem/graduation_project_ws/install/moveit_resources_pr2_description:/home/salem/graduation_project_ws/install/moveit_resources_panda_description:/home/salem/graduation_project_ws/install/moveit_resources_fanuc_description:/home/salem/graduation_project_ws/install/moveit_common:/home/salem/graduation_project_ws/install/launch_param_builder:${AMENT_PREFIX_PATH} CMAKE_PREFIX_PATH=/home/salem/graduation_project_ws/install/moveit_ros_planning:/home/salem/graduation_project_ws/install/moveit_ros_occupancy_map_monitor:/home/salem/graduation_project_ws/install/moveit_core:/home/salem/graduation_project_ws/install/moveit_resources_panda_moveit_config:/home/salem/graduation_project_ws/install/moveit_resources_fanuc_moveit_config:/home/salem/graduation_project_ws/install/srdfdom:/home/salem/graduation_project_ws/install/moveit_resources_pr2_description:/home/salem/graduation_project_ws/install/moveit_resources_panda_description:/home/salem/graduation_project_ws/install/moveit_resources_fanuc_description:/home/salem/graduation_project_ws/install/moveit_common:/home/salem/ros2_ws/install/labvolt5250a0_description:/home/salem/ws_moveit2/install/pilz_industrial_motion_planner_testutils:/home/salem/ws_moveit2/install/panda_moveit_config:/home/salem/ws_moveit2/install/moveit_runtime:/home/salem/ws_moveit2/install/moveit2_tutorials:/home/salem/ws_moveit2/install/moveit:/home/salem/ws_moveit2/install/moveit_planners:/home/salem/ws_moveit2/install/pilz_industrial_motion_planner:/home/salem/ws_moveit2/install/moveit_visual_tools:/home/salem/ws_moveit2/install/moveit_task_constructor_visualization:/home/salem/ws_moveit2/install/moveit_task_constructor_demo:/home/salem/ws_moveit2/install/moveit_task_constructor_capabilities:/home/salem/ws_moveit2/install/moveit_task_constructor_core:/home/salem/ws_moveit2/install/moveit_ros_control_interface:/home/salem/ws_moveit2/install/moveit_plugins:/home/salem/ws_moveit2/install/moveit_simple_controller_manager:/home/salem/ws_moveit2/install/moveit_setup_assistant:/home/salem/ws_moveit2/install/moveit_setup_srdf_plugins:/home/salem/ws_moveit2/install/moveit_setup_core_plugins:/home/salem/ws_moveit2/install/moveit_setup_controllers:/home/salem/ws_moveit2/install/moveit_setup_app_plugins:/home/salem/ws_moveit2/install/moveit_setup_framework:/home/salem/ws_moveit2/install/moveit_servo:/home/salem/ws_moveit2/install/moveit_ros:/home/salem/ws_moveit2/install/moveit_ros_visualization:/home/salem/ws_moveit2/install/moveit_hybrid_planning:/home/salem/ws_moveit2/install/moveit_ros_planning_interface:/home/salem/ws_moveit2/install/moveit_ros_benchmarks:/home/salem/ws_moveit2/install/moveit_ros_warehouse:/home/salem/ws_moveit2/install/moveit_ros_robot_interaction:/home/salem/ws_moveit2/install/moveit_ros_perception:/home/salem/ws_moveit2/install/moveit_resources_prbt_pg70_support:/home/salem/ws_moveit2/install/moveit_resources_prbt_moveit_config:/home/salem/ws_moveit2/install/moveit_ros_move_group:/home/salem/ws_moveit2/install/moveit_planners_ompl:/home/salem/ws_moveit2/install/moveit_ros_planning:/home/salem/ws_moveit2/install/moveit_ros_occupancy_map_monitor:/home/salem/ws_moveit2/install/moveit_resources_prbt_ikfast_manipulator_plugin:/home/salem/ws_moveit2/install/moveit_planners_chomp:/home/salem/ws_moveit2/install/moveit_kinematics:/home/salem/ws_moveit2/install/moveit_chomp_optimizer_adapter:/home/salem/ws_moveit2/install/chomp_motion_planner:/home/salem/ws_moveit2/install/moveit_core:/home/salem/ws_moveit2/install/srdfdom:/home/salem/ws_moveit2/install/rviz_marker_tools:/home/salem/ws_moveit2/install/rosparam_shortcuts:/home/salem/ws_moveit2/install/moveit_task_constructor_msgs:/home/salem/ws_moveit2/install/moveit_resources_prbt_support:/home/salem/ws_moveit2/install/moveit_resources:/home/salem/ws_moveit2/install/moveit_resources_pr2_description:/home/salem/ws_moveit2/install/moveit_resources_panda_moveit_config:/home/salem/ws_moveit2/install/moveit_resources_panda_description:/home/salem/ws_moveit2/install/moveit_resources_fanuc_moveit_config:/home/salem/ws_moveit2/install/moveit_resources_fanuc_description:/home/salem/ws_moveit2/install/moveit_common:/home/salem/microros_ws/install/micro_ros_setup:/home/salem/ros2_ws/install/my_robot_controller:/home/salem/ws_moveit2/install/moveit_configs_utils:/home/salem/ws_moveit2/install/launch_param_builder:/opt/ros/humble LD_LIBRARY_PATH=/home/salem/graduation_project_ws/install/moveit_ros_planning/lib:/home/salem/graduation_project_ws/install/moveit_ros_occupancy_map_monitor/lib:/home/salem/graduation_project_ws/install/moveit_core/lib:/home/salem/graduation_project_ws/install/srdfdom/lib:${LD_LIBRARY_PATH} PATH=/home/salem/graduation_project_ws/install/moveit_core/bin:${PATH} PYTHONPATH=/home/salem/graduation_project_ws/install/moveit_configs_utils/lib/python3.10/site-packages:/home/salem/graduation_project_ws/install/srdfdom/local/lib/python3.10/dist-packages:/home/salem/graduation_project_ws/install/launch_param_builder/lib/python3.10/site-packages:${PYTHONPATH} /usr/bin/cmake /home/salem/graduation_project_ws/src/moveit2/moveit_kinematics -DCMAKE_INSTALL_PREFIX=/home/salem/graduation_project_ws/install/moveit_kinematics
[3.207s] Invoking command in '/home/salem/graduation_project_ws/build/moveit_kinematics': AMENT_PREFIX_PATH=/home/salem/graduation_project_ws/install/moveit_ros_planning:/home/salem/graduation_project_ws/install/moveit_ros_occupancy_map_monitor:/home/salem/graduation_project_ws/install/moveit_core:/home/salem/graduation_project_ws/install/moveit_resources_panda_moveit_config:/home/salem/graduation_project_ws/install/moveit_resources_fanuc_moveit_config:/home/salem/graduation_project_ws/install/moveit_configs_utils:/home/salem/graduation_project_ws/install/srdfdom:/home/salem/graduation_project_ws/install/moveit_resources_pr2_description:/home/salem/graduation_project_ws/install/moveit_resources_panda_description:/home/salem/graduation_project_ws/install/moveit_resources_fanuc_description:/home/salem/graduation_project_ws/install/moveit_common:/home/salem/graduation_project_ws/install/launch_param_builder:${AMENT_PREFIX_PATH} CMAKE_PREFIX_PATH=/home/salem/graduation_project_ws/install/moveit_ros_planning:/home/salem/graduation_project_ws/install/moveit_ros_occupancy_map_monitor:/home/salem/graduation_project_ws/install/moveit_core:/home/salem/graduation_project_ws/install/moveit_resources_panda_moveit_config:/home/salem/graduation_project_ws/install/moveit_resources_fanuc_moveit_config:/home/salem/graduation_project_ws/install/srdfdom:/home/salem/graduation_project_ws/install/moveit_resources_pr2_description:/home/salem/graduation_project_ws/install/moveit_resources_panda_description:/home/salem/graduation_project_ws/install/moveit_resources_fanuc_description:/home/salem/graduation_project_ws/install/moveit_common:/home/salem/ros2_ws/install/labvolt5250a0_description:/home/salem/ws_moveit2/install/pilz_industrial_motion_planner_testutils:/home/salem/ws_moveit2/install/panda_moveit_config:/home/salem/ws_moveit2/install/moveit_runtime:/home/salem/ws_moveit2/install/moveit2_tutorials:/home/salem/ws_moveit2/install/moveit:/home/salem/ws_moveit2/install/moveit_planners:/home/salem/ws_moveit2/install/pilz_industrial_motion_planner:/home/salem/ws_moveit2/install/moveit_visual_tools:/home/salem/ws_moveit2/install/moveit_task_constructor_visualization:/home/salem/ws_moveit2/install/moveit_task_constructor_demo:/home/salem/ws_moveit2/install/moveit_task_constructor_capabilities:/home/salem/ws_moveit2/install/moveit_task_constructor_core:/home/salem/ws_moveit2/install/moveit_ros_control_interface:/home/salem/ws_moveit2/install/moveit_plugins:/home/salem/ws_moveit2/install/moveit_simple_controller_manager:/home/salem/ws_moveit2/install/moveit_setup_assistant:/home/salem/ws_moveit2/install/moveit_setup_srdf_plugins:/home/salem/ws_moveit2/install/moveit_setup_core_plugins:/home/salem/ws_moveit2/install/moveit_setup_controllers:/home/salem/ws_moveit2/install/moveit_setup_app_plugins:/home/salem/ws_moveit2/install/moveit_setup_framework:/home/salem/ws_moveit2/install/moveit_servo:/home/salem/ws_moveit2/install/moveit_ros:/home/salem/ws_moveit2/install/moveit_ros_visualization:/home/salem/ws_moveit2/install/moveit_hybrid_planning:/home/salem/ws_moveit2/install/moveit_ros_planning_interface:/home/salem/ws_moveit2/install/moveit_ros_benchmarks:/home/salem/ws_moveit2/install/moveit_ros_warehouse:/home/salem/ws_moveit2/install/moveit_ros_robot_interaction:/home/salem/ws_moveit2/install/moveit_ros_perception:/home/salem/ws_moveit2/install/moveit_resources_prbt_pg70_support:/home/salem/ws_moveit2/install/moveit_resources_prbt_moveit_config:/home/salem/ws_moveit2/install/moveit_ros_move_group:/home/salem/ws_moveit2/install/moveit_planners_ompl:/home/salem/ws_moveit2/install/moveit_ros_planning:/home/salem/ws_moveit2/install/moveit_ros_occupancy_map_monitor:/home/salem/ws_moveit2/install/moveit_resources_prbt_ikfast_manipulator_plugin:/home/salem/ws_moveit2/install/moveit_planners_chomp:/home/salem/ws_moveit2/install/moveit_kinematics:/home/salem/ws_moveit2/install/moveit_chomp_optimizer_adapter:/home/salem/ws_moveit2/install/chomp_motion_planner:/home/salem/ws_moveit2/install/moveit_core:/home/salem/ws_moveit2/install/srdfdom:/home/salem/ws_moveit2/install/rviz_marker_tools:/home/salem/ws_moveit2/install/rosparam_shortcuts:/home/salem/ws_moveit2/install/moveit_task_constructor_msgs:/home/salem/ws_moveit2/install/moveit_resources_prbt_support:/home/salem/ws_moveit2/install/moveit_resources:/home/salem/ws_moveit2/install/moveit_resources_pr2_description:/home/salem/ws_moveit2/install/moveit_resources_panda_moveit_config:/home/salem/ws_moveit2/install/moveit_resources_panda_description:/home/salem/ws_moveit2/install/moveit_resources_fanuc_moveit_config:/home/salem/ws_moveit2/install/moveit_resources_fanuc_description:/home/salem/ws_moveit2/install/moveit_common:/home/salem/microros_ws/install/micro_ros_setup:/home/salem/ros2_ws/install/my_robot_controller:/home/salem/ws_moveit2/install/moveit_configs_utils:/home/salem/ws_moveit2/install/launch_param_builder:/opt/ros/humble LD_LIBRARY_PATH=/home/salem/graduation_project_ws/install/moveit_ros_planning/lib:/home/salem/graduation_project_ws/install/moveit_ros_occupancy_map_monitor/lib:/home/salem/graduation_project_ws/install/moveit_core/lib:/home/salem/graduation_project_ws/install/srdfdom/lib:${LD_LIBRARY_PATH} PATH=/home/salem/graduation_project_ws/install/moveit_core/bin:${PATH} PYTHONPATH=/home/salem/graduation_project_ws/install/moveit_configs_utils/lib/python3.10/site-packages:/home/salem/graduation_project_ws/install/srdfdom/local/lib/python3.10/dist-packages:/home/salem/graduation_project_ws/install/launch_param_builder/lib/python3.10/site-packages:${PYTHONPATH} /usr/bin/cmake --build /home/salem/graduation_project_ws/build/moveit_kinematics -- -j16 -l16
[3.290s] [  5%] [32mBuilding CXX object test/CMakeFiles/benchmark_ik.dir/benchmark_ik.cpp.o[0m
[3.290s] [ 15%] [32mBuilding CXX object kdl_kinematics_plugin/CMakeFiles/moveit_kdl_kinematics_plugin.dir/src/chainiksolver_vel_mimic_svd.cpp.o[0m
[3.291s] [ 15%] [32mBuilding CXX object gtest/CMakeFiles/gtest_main.dir/src/gtest_main.cc.o[0m
[3.291s] [ 26%] [32mBuilding CXX object kdl_kinematics_plugin/CMakeFiles/moveit_kdl_kinematics_plugin.dir/src/kdl_kinematics_plugin.cpp.o[0m
[3.291s] [ 26%] [32mBuilding CXX object cached_ik_kinematics_plugin/CMakeFiles/moveit_cached_ik_kinematics_base.dir/src/ik_cache.cpp.o[0m
[3.291s] [ 31%] [32mBuilding CXX object srv_kinematics_plugin/CMakeFiles/moveit_srv_kinematics_plugin.dir/src/srv_kinematics_plugin.cpp.o[0m
[3.291s] [ 36%] [32mBuilding CXX object gtest/CMakeFiles/gtest.dir/src/gtest-all.cc.o[0m
[3.293s] [ 42%] [32mBuilding CXX object lma_kinematics_plugin/CMakeFiles/moveit_lma_kinematics_plugin.dir/src/lma_kinematics_plugin.cpp.o[0m
[6.459s] [ 47%] [32m[1mLinking CXX static library libgtest_main.a[0m
[6.831s] [ 47%] Built target gtest_main
