[0.012s] Invoking command in '/home/salem/graduation_project_ws/build/moveit_common': CMAKE_PREFIX_PATH=${CMAKE_PREFIX_PATH}:/home/salem/ros2_ws/install/my_robot_controller:/home/salem/ws_moveit2/install/moveit_configs_utils:/home/salem/ws_moveit2/install/launch_param_builder:/opt/ros/humble /usr/bin/cmake /home/salem/graduation_project_ws/src/moveit2/moveit_common -DCMAKE_BUILD_TYPE=Release -DCMAKE_INSTALL_PREFIX=/home/salem/graduation_project_ws/install/moveit_common
[0.023s] -- Found ament_cmake: 1.3.11 (/opt/ros/humble/share/ament_cmake/cmake)
[0.128s] -- Found ament_lint_auto: 0.12.12 (/opt/ros/humble/share/ament_lint_auto/cmake)
[0.184s] -- Added test 'copyright' to check source files copyright and LICENSE
[0.185s] -- Added test 'lint_cmake' to check CMake code style
[0.186s] -- Added test 'xmllint' to check XML markup files
[0.187s] -- Configuring done
[0.190s] -- Generating done
[0.192s] -- Build files have been written to: /home/salem/graduation_project_ws/build/moveit_common
[0.195s] Invoked command in '/home/salem/graduation_project_ws/build/moveit_common' returned '0': CMAKE_PREFIX_PATH=${CMAKE_PREFIX_PATH}:/home/salem/ros2_ws/install/my_robot_controller:/home/salem/ws_moveit2/install/moveit_configs_utils:/home/salem/ws_moveit2/install/launch_param_builder:/opt/ros/humble /usr/bin/cmake /home/salem/graduation_project_ws/src/moveit2/moveit_common -DCMAKE_BUILD_TYPE=Release -DCMAKE_INSTALL_PREFIX=/home/salem/graduation_project_ws/install/moveit_common
[0.196s] Invoking command in '/home/salem/graduation_project_ws/build/moveit_common': CMAKE_PREFIX_PATH=${CMAKE_PREFIX_PATH}:/home/salem/ros2_ws/install/my_robot_controller:/home/salem/ws_moveit2/install/moveit_configs_utils:/home/salem/ws_moveit2/install/launch_param_builder:/opt/ros/humble /usr/bin/cmake --build /home/salem/graduation_project_ws/build/moveit_common -- -j16 -l16
[0.246s] Invoked command in '/home/salem/graduation_project_ws/build/moveit_common' returned '0': CMAKE_PREFIX_PATH=${CMAKE_PREFIX_PATH}:/home/salem/ros2_ws/install/my_robot_controller:/home/salem/ws_moveit2/install/moveit_configs_utils:/home/salem/ws_moveit2/install/launch_param_builder:/opt/ros/humble /usr/bin/cmake --build /home/salem/graduation_project_ws/build/moveit_common -- -j16 -l16
[0.247s] Invoking command in '/home/salem/graduation_project_ws/build/moveit_common': CMAKE_PREFIX_PATH=${CMAKE_PREFIX_PATH}:/home/salem/ros2_ws/install/my_robot_controller:/home/salem/ws_moveit2/install/moveit_configs_utils:/home/salem/ws_moveit2/install/launch_param_builder:/opt/ros/humble /usr/bin/cmake --install /home/salem/graduation_project_ws/build/moveit_common
[0.257s] -- Install configuration: "Release"
[0.257s] -- Up-to-date: /home/salem/graduation_project_ws/install/moveit_common/share/ament_index/resource_index/package_run_dependencies/moveit_common
[0.257s] -- Up-to-date: /home/salem/graduation_project_ws/install/moveit_common/share/ament_index/resource_index/parent_prefix_path/moveit_common
[0.257s] -- Up-to-date: /home/salem/graduation_project_ws/install/moveit_common/share/moveit_common/environment/ament_prefix_path.sh
[0.258s] -- Installing: /home/salem/graduation_project_ws/install/moveit_common/share/moveit_common/environment/ament_prefix_path.dsv
[0.258s] -- Up-to-date: /home/salem/graduation_project_ws/install/moveit_common/share/moveit_common/environment/path.sh
[0.258s] -- Installing: /home/salem/graduation_project_ws/install/moveit_common/share/moveit_common/environment/path.dsv
[0.258s] -- Up-to-date: /home/salem/graduation_project_ws/install/moveit_common/share/moveit_common/local_setup.bash
[0.258s] -- Up-to-date: /home/salem/graduation_project_ws/install/moveit_common/share/moveit_common/local_setup.sh
[0.258s] -- Up-to-date: /home/salem/graduation_project_ws/install/moveit_common/share/moveit_common/local_setup.zsh
[0.258s] -- Installing: /home/salem/graduation_project_ws/install/moveit_common/share/moveit_common/local_setup.dsv
[0.258s] -- Installing: /home/salem/graduation_project_ws/install/moveit_common/share/moveit_common/package.dsv
[0.258s] -- Up-to-date: /home/salem/graduation_project_ws/install/moveit_common/share/ament_index/resource_index/packages/moveit_common
[0.258s] -- Up-to-date: /home/salem/graduation_project_ws/install/moveit_common/share/moveit_common/cmake/moveit_common-extras.cmake
[0.259s] -- Up-to-date: /home/salem/graduation_project_ws/install/moveit_common/share/moveit_common/cmake/moveit_commonConfig.cmake
[0.259s] -- Up-to-date: /home/salem/graduation_project_ws/install/moveit_common/share/moveit_common/cmake/moveit_commonConfig-version.cmake
[0.259s] -- Up-to-date: /home/salem/graduation_project_ws/install/moveit_common/share/moveit_common/package.xml
[0.259s] -- Up-to-date: /home/salem/graduation_project_ws/install/moveit_common/share/moveit_common/cmake
[0.259s] -- Up-to-date: /home/salem/graduation_project_ws/install/moveit_common/share/moveit_common/cmake/moveit_package.cmake
[0.260s] Invoked command in '/home/salem/graduation_project_ws/build/moveit_common' returned '0': CMAKE_PREFIX_PATH=${CMAKE_PREFIX_PATH}:/home/salem/ros2_ws/install/my_robot_controller:/home/salem/ws_moveit2/install/moveit_configs_utils:/home/salem/ws_moveit2/install/launch_param_builder:/opt/ros/humble /usr/bin/cmake --install /home/salem/graduation_project_ws/build/moveit_common
