[0.060s] Invoking command in '/home/salem/graduation_project_ws/build/srdfdom': CMAKE_PREFIX_PATH=${CMAKE_PREFIX_PATH}:/home/salem/ros2_ws/install/my_robot_controller:/home/salem/ws_moveit2/install/moveit_configs_utils:/home/salem/ws_moveit2/install/launch_param_builder:/opt/ros/humble /usr/bin/cmake /home/salem/graduation_project_ws/src/srdfdom -DCMAKE_INSTALL_PREFIX=/home/salem/graduation_project_ws/install/srdfdom
[0.318s] -- The CXX compiler identification is GNU 11.4.0
[0.318s] -- Detecting CXX compiler ABI info
[0.318s] -- Detecting CXX compiler ABI info - done
[0.318s] -- Check for working CXX compiler: /usr/bin/c++ - skipped
[0.318s] -- Detecting CXX compile features
[0.318s] -- Detecting CXX compile features - done
[0.318s] -- Found Boost: /usr/lib/x86_64-linux-gnu/cmake/Boost-1.74.0/BoostConfig.cmake (found version "1.74.0")  
[0.319s] -- Found ament_cmake: 1.3.11 (/opt/ros/humble/share/ament_cmake/cmake)
[0.494s] -- Found Python3: /usr/bin/python3 (found version "3.10.12") found components: Interpreter 
[0.692s] -- Found urdf: 2.6.1 (/opt/ros/humble/share/urdf/cmake)
[0.797s] -- Found TinyXML2 via Config file: TinyXML2_DIR-NOTFOUND
[0.928s] -- Found ament_cmake_gtest: 1.3.11 (/opt/ros/humble/share/ament_cmake_gtest/cmake)
[0.937s] -- Found ament_cmake_pytest: 1.3.11 (/opt/ros/humble/share/ament_cmake_pytest/cmake)
[1.277s] -- Found gtest sources under '/opt/ros/humble/src/gtest_vendor': C++ tests using 'Google Test' will be built
[1.322s] -- The C compiler identification is GNU 11.4.0
[1.329s] -- Detecting C compiler ABI info
[1.419s] -- Detecting C compiler ABI info - done
[1.424s] -- Check for working C compiler: /usr/bin/cc - skipped
[1.425s] -- Detecting C compile features
[1.425s] -- Detecting C compile features - done
[1.427s] -- Looking for C++ include pthread.h
[1.532s] -- Looking for C++ include pthread.h - found
[1.532s] -- Performing Test CMAKE_HAVE_LIBC_PTHREAD
[1.632s] -- Performing Test CMAKE_HAVE_LIBC_PTHREAD - Success
[1.633s] -- Found Threads: TRUE  
[1.642s] -- Found ament_lint_auto: 0.12.12 (/opt/ros/humble/share/ament_lint_auto/cmake)
[1.663s] -- Configuring done
[1.675s] -- Generating done
[1.679s] -- Build files have been written to: /home/salem/graduation_project_ws/build/srdfdom
[1.685s] Invoked command in '/home/salem/graduation_project_ws/build/srdfdom' returned '0': CMAKE_PREFIX_PATH=${CMAKE_PREFIX_PATH}:/home/salem/ros2_ws/install/my_robot_controller:/home/salem/ws_moveit2/install/moveit_configs_utils:/home/salem/ws_moveit2/install/launch_param_builder:/opt/ros/humble /usr/bin/cmake /home/salem/graduation_project_ws/src/srdfdom -DCMAKE_INSTALL_PREFIX=/home/salem/graduation_project_ws/install/srdfdom
[1.687s] Invoking command in '/home/salem/graduation_project_ws/build/srdfdom': CMAKE_PREFIX_PATH=${CMAKE_PREFIX_PATH}:/home/salem/ros2_ws/install/my_robot_controller:/home/salem/ws_moveit2/install/moveit_configs_utils:/home/salem/ws_moveit2/install/launch_param_builder:/opt/ros/humble /usr/bin/cmake --build /home/salem/graduation_project_ws/build/srdfdom -- -j16 -l16
[1.757s] [ 18%] [32mBuilding CXX object gtest/CMakeFiles/gtest_main.dir/src/gtest_main.cc.o[0m
[1.757s] [ 18%] [32mBuilding CXX object gtest/CMakeFiles/gtest.dir/src/gtest-all.cc.o[0m
[1.763s] [ 27%] [32mBuilding CXX object CMakeFiles/srdfdom.dir/src/srdf_writer.cpp.o[0m
[1.763s] [ 36%] [32mBuilding CXX object CMakeFiles/srdfdom.dir/src/model.cpp.o[0m
[1.773s] [ 36%] Built target ament_cmake_python_copy_srdfdom
[2.013s] running egg_info
[2.013s] creating srdfdom.egg-info
[2.013s] writing srdfdom.egg-info/PKG-INFO
[2.013s] writing dependency_links to srdfdom.egg-info/dependency_links.txt
[2.014s] writing top-level names to srdfdom.egg-info/top_level.txt
[2.014s] writing manifest file 'srdfdom.egg-info/SOURCES.txt'
[2.016s] reading manifest file 'srdfdom.egg-info/SOURCES.txt'
[2.017s] writing manifest file 'srdfdom.egg-info/SOURCES.txt'
[2.056s] [ 36%] Built target ament_cmake_python_build_srdfdom_egg
[2.568s] [ 45%] [32m[1mLinking CXX static library libgtest_main.a[0m
[2.655s] [ 45%] Built target gtest_main
[3.545s] [ 54%] [32m[1mLinking CXX shared library libsrdfdom.so[0m
[3.701s] [ 54%] Built target srdfdom
[4.418s] [ 63%] [32m[1mLinking CXX static library libgtest.a[0m
[4.545s] [ 63%] Built target gtest
[4.602s] [ 72%] [32mBuilding CXX object CMakeFiles/test_cpp_C.dir/test/test_parser.cpp.o[0m
[4.602s] [ 81%] [32mBuilding CXX object CMakeFiles/test_cpp_nl_NL.UTF-8.dir/test/test_parser.cpp.o[0m
[6.320s] [ 90%] [32m[1mLinking CXX executable test_cpp_C[0m
[6.616s] [100%] [32m[1mLinking CXX executable test_cpp_nl_NL.UTF-8[0m
[6.643s] [100%] Built target test_cpp_C
[6.933s] [100%] Built target test_cpp_nl_NL.UTF-8
[6.996s] Invoked command in '/home/salem/graduation_project_ws/build/srdfdom' returned '0': CMAKE_PREFIX_PATH=${CMAKE_PREFIX_PATH}:/home/salem/ros2_ws/install/my_robot_controller:/home/salem/ws_moveit2/install/moveit_configs_utils:/home/salem/ws_moveit2/install/launch_param_builder:/opt/ros/humble /usr/bin/cmake --build /home/salem/graduation_project_ws/build/srdfdom -- -j16 -l16
[7.002s] Invoking command in '/home/salem/graduation_project_ws/build/srdfdom': CMAKE_PREFIX_PATH=${CMAKE_PREFIX_PATH}:/home/salem/ros2_ws/install/my_robot_controller:/home/salem/ws_moveit2/install/moveit_configs_utils:/home/salem/ws_moveit2/install/launch_param_builder:/opt/ros/humble /usr/bin/cmake --install /home/salem/graduation_project_ws/build/srdfdom
[7.041s] -- Install configuration: ""
[7.042s] -- Installing: /home/salem/graduation_project_ws/install/srdfdom/lib/libsrdfdom.so.2.0.7
[7.046s] -- Set runtime path of "/home/salem/graduation_project_ws/install/srdfdom/lib/libsrdfdom.so.2.0.7" to ""
[7.046s] -- Installing: /home/salem/graduation_project_ws/install/srdfdom/lib/libsrdfdom.so
[7.046s] -- Installing: /home/salem/graduation_project_ws/install/srdfdom/include/srdfdom
[7.046s] -- Installing: /home/salem/graduation_project_ws/install/srdfdom/include/srdfdom/srdfdom
[7.046s] -- Installing: /home/salem/graduation_project_ws/install/srdfdom/include/srdfdom/srdfdom/model.h
[7.046s] -- Installing: /home/salem/graduation_project_ws/install/srdfdom/include/srdfdom/srdfdom/srdf_writer.h
[7.050s] -- Installing: /home/salem/graduation_project_ws/install/srdfdom/include/srdfdom/srdfdom/visibility_control.h
[7.050s] -- Installing: /home/salem/graduation_project_ws/install/srdfdom/lib/srdfdom/display_srdf
[7.050s] -- Installing: /home/salem/graduation_project_ws/install/srdfdom/share/srdfdom/environment/pythonpath.sh
[7.051s] -- Installing: /home/salem/graduation_project_ws/install/srdfdom/share/srdfdom/environment/pythonpath.dsv
[7.051s] -- Installing: /home/salem/graduation_project_ws/install/srdfdom/local/lib/python3.10/dist-packages/srdfdom-2.0.7-py3.10.egg-info
[7.051s] -- Installing: /home/salem/graduation_project_ws/install/srdfdom/local/lib/python3.10/dist-packages/srdfdom-2.0.7-py3.10.egg-info/PKG-INFO
[7.051s] -- Installing: /home/salem/graduation_project_ws/install/srdfdom/local/lib/python3.10/dist-packages/srdfdom-2.0.7-py3.10.egg-info/top_level.txt
[7.051s] -- Installing: /home/salem/graduation_project_ws/install/srdfdom/local/lib/python3.10/dist-packages/srdfdom-2.0.7-py3.10.egg-info/dependency_links.txt
[7.052s] -- Installing: /home/salem/graduation_project_ws/install/srdfdom/local/lib/python3.10/dist-packages/srdfdom-2.0.7-py3.10.egg-info/SOURCES.txt
[7.053s] -- Installing: /home/salem/graduation_project_ws/install/srdfdom/local/lib/python3.10/dist-packages/srdfdom
[7.053s] -- Installing: /home/salem/graduation_project_ws/install/srdfdom/local/lib/python3.10/dist-packages/srdfdom/__init__.py
[7.054s] -- Installing: /home/salem/graduation_project_ws/install/srdfdom/local/lib/python3.10/dist-packages/srdfdom/srdf.py
[7.155s] Listing '/home/salem/graduation_project_ws/install/srdfdom/local/lib/python3.10/dist-packages/srdfdom'...
[7.155s] Compiling '/home/salem/graduation_project_ws/install/srdfdom/local/lib/python3.10/dist-packages/srdfdom/__init__.py'...
[7.155s] Compiling '/home/salem/graduation_project_ws/install/srdfdom/local/lib/python3.10/dist-packages/srdfdom/srdf.py'...
[7.168s] -- Installing: /home/salem/graduation_project_ws/install/srdfdom/share/srdfdom/environment/library_path.sh
[7.169s] -- Installing: /home/salem/graduation_project_ws/install/srdfdom/share/srdfdom/environment/library_path.dsv
[7.169s] -- Installing: /home/salem/graduation_project_ws/install/srdfdom/share/ament_index/resource_index/package_run_dependencies/srdfdom
[7.169s] -- Installing: /home/salem/graduation_project_ws/install/srdfdom/share/ament_index/resource_index/parent_prefix_path/srdfdom
[7.169s] -- Installing: /home/salem/graduation_project_ws/install/srdfdom/share/srdfdom/environment/ament_prefix_path.sh
[7.169s] -- Installing: /home/salem/graduation_project_ws/install/srdfdom/share/srdfdom/environment/ament_prefix_path.dsv
[7.171s] -- Installing: /home/salem/graduation_project_ws/install/srdfdom/share/srdfdom/environment/path.sh
[7.171s] -- Installing: /home/salem/graduation_project_ws/install/srdfdom/share/srdfdom/environment/path.dsv
[7.171s] -- Installing: /home/salem/graduation_project_ws/install/srdfdom/share/srdfdom/local_setup.bash
[7.171s] -- Installing: /home/salem/graduation_project_ws/install/srdfdom/share/srdfdom/local_setup.sh
[7.172s] -- Installing: /home/salem/graduation_project_ws/install/srdfdom/share/srdfdom/local_setup.zsh
[7.172s] -- Installing: /home/salem/graduation_project_ws/install/srdfdom/share/srdfdom/local_setup.dsv
[7.172s] -- Installing: /home/salem/graduation_project_ws/install/srdfdom/share/srdfdom/package.dsv
[7.172s] -- Installing: /home/salem/graduation_project_ws/install/srdfdom/share/ament_index/resource_index/packages/srdfdom
[7.175s] -- Installing: /home/salem/graduation_project_ws/install/srdfdom/share/srdfdom/cmake/srdfdomTargetsExport.cmake
[7.175s] -- Installing: /home/salem/graduation_project_ws/install/srdfdom/share/srdfdom/cmake/srdfdomTargetsExport-noconfig.cmake
[7.176s] -- Installing: /home/salem/graduation_project_ws/install/srdfdom/share/srdfdom/cmake/ament_cmake_export_targets-extras.cmake
[7.176s] -- Installing: /home/salem/graduation_project_ws/install/srdfdom/share/srdfdom/cmake/ament_cmake_export_dependencies-extras.cmake
[7.176s] -- Installing: /home/salem/graduation_project_ws/install/srdfdom/share/srdfdom/cmake/srdfdomConfig.cmake
[7.177s] -- Installing: /home/salem/graduation_project_ws/install/srdfdom/share/srdfdom/cmake/srdfdomConfig-version.cmake
[7.177s] -- Installing: /home/salem/graduation_project_ws/install/srdfdom/share/srdfdom/package.xml
[7.193s] Invoked command in '/home/salem/graduation_project_ws/build/srdfdom' returned '0': CMAKE_PREFIX_PATH=${CMAKE_PREFIX_PATH}:/home/salem/ros2_ws/install/my_robot_controller:/home/salem/ws_moveit2/install/moveit_configs_utils:/home/salem/ws_moveit2/install/launch_param_builder:/opt/ros/humble /usr/bin/cmake --install /home/salem/graduation_project_ws/build/srdfdom
