[0.066s] Invoking command in '/home/salem/graduation_project_ws/build/moveit_core': AMENT_PREFIX_PATH=/home/salem/graduation_project_ws/install/moveit_resources_panda_moveit_config:/home/salem/graduation_project_ws/install/srdfdom:/home/salem/graduation_project_ws/install/moveit_resources_pr2_description:/home/salem/graduation_project_ws/install/moveit_resources_panda_description:/home/salem/graduation_project_ws/install/moveit_common:${AMENT_PREFIX_PATH} CMAKE_PREFIX_PATH=/home/salem/graduation_project_ws/install/moveit_resources_panda_moveit_config:/home/salem/graduation_project_ws/install/srdfdom:/home/salem/graduation_project_ws/install/moveit_resources_pr2_description:/home/salem/graduation_project_ws/install/moveit_resources_panda_description:/home/salem/graduation_project_ws/install/moveit_common:/home/salem/ros2_ws/install/labvolt5250a0_description:/home/salem/ws_moveit2/install/pilz_industrial_motion_planner_testutils:/home/salem/ws_moveit2/install/panda_moveit_config:/home/salem/ws_moveit2/install/moveit_runtime:/home/salem/ws_moveit2/install/moveit2_tutorials:/home/salem/ws_moveit2/install/moveit:/home/salem/ws_moveit2/install/moveit_planners:/home/salem/ws_moveit2/install/pilz_industrial_motion_planner:/home/salem/ws_moveit2/install/moveit_visual_tools:/home/salem/ws_moveit2/install/moveit_task_constructor_visualization:/home/salem/ws_moveit2/install/moveit_task_constructor_demo:/home/salem/ws_moveit2/install/moveit_task_constructor_capabilities:/home/salem/ws_moveit2/install/moveit_task_constructor_core:/home/salem/ws_moveit2/install/moveit_ros_control_interface:/home/salem/ws_moveit2/install/moveit_plugins:/home/salem/ws_moveit2/install/moveit_simple_controller_manager:/home/salem/ws_moveit2/install/moveit_setup_assistant:/home/salem/ws_moveit2/install/moveit_setup_srdf_plugins:/home/salem/ws_moveit2/install/moveit_setup_core_plugins:/home/salem/ws_moveit2/install/moveit_setup_controllers:/home/salem/ws_moveit2/install/moveit_setup_app_plugins:/home/salem/ws_moveit2/install/moveit_setup_framework:/home/salem/ws_moveit2/install/moveit_servo:/home/salem/ws_moveit2/install/moveit_ros:/home/salem/ws_moveit2/install/moveit_ros_visualization:/home/salem/ws_moveit2/install/moveit_hybrid_planning:/home/salem/ws_moveit2/install/moveit_ros_planning_interface:/home/salem/ws_moveit2/install/moveit_ros_benchmarks:/home/salem/ws_moveit2/install/moveit_ros_warehouse:/home/salem/ws_moveit2/install/moveit_ros_robot_interaction:/home/salem/ws_moveit2/install/moveit_ros_perception:/home/salem/ws_moveit2/install/moveit_resources_prbt_pg70_support:/home/salem/ws_moveit2/install/moveit_resources_prbt_moveit_config:/home/salem/ws_moveit2/install/moveit_ros_move_group:/home/salem/ws_moveit2/install/moveit_planners_ompl:/home/salem/ws_moveit2/install/moveit_ros_planning:/home/salem/ws_moveit2/install/moveit_ros_occupancy_map_monitor:/home/salem/ws_moveit2/install/moveit_resources_prbt_ikfast_manipulator_plugin:/home/salem/ws_moveit2/install/moveit_planners_chomp:/home/salem/ws_moveit2/install/moveit_kinematics:/home/salem/ws_moveit2/install/moveit_chomp_optimizer_adapter:/home/salem/ws_moveit2/install/chomp_motion_planner:/home/salem/ws_moveit2/install/moveit_core:/home/salem/ws_moveit2/install/srdfdom:/home/salem/ws_moveit2/install/rviz_marker_tools:/home/salem/ws_moveit2/install/rosparam_shortcuts:/home/salem/ws_moveit2/install/moveit_task_constructor_msgs:/home/salem/ws_moveit2/install/moveit_resources_prbt_support:/home/salem/ws_moveit2/install/moveit_resources:/home/salem/ws_moveit2/install/moveit_resources_pr2_description:/home/salem/ws_moveit2/install/moveit_resources_panda_moveit_config:/home/salem/ws_moveit2/install/moveit_resources_panda_description:/home/salem/ws_moveit2/install/moveit_resources_fanuc_moveit_config:/home/salem/ws_moveit2/install/moveit_resources_fanuc_description:/home/salem/ws_moveit2/install/moveit_common:/home/salem/microros_ws/install/micro_ros_setup:/home/salem/ros2_ws/install/my_robot_controller:/home/salem/ws_moveit2/install/moveit_configs_utils:/home/salem/ws_moveit2/install/launch_param_builder:/opt/ros/humble LD_LIBRARY_PATH=/home/salem/graduation_project_ws/install/srdfdom/lib:${LD_LIBRARY_PATH} PYTHONPATH=/home/salem/graduation_project_ws/install/srdfdom/local/lib/python3.10/dist-packages:${PYTHONPATH} /usr/bin/cmake /home/salem/graduation_project_ws/src/moveit2/moveit_core -DCMAKE_INSTALL_PREFIX=/home/salem/graduation_project_ws/install/moveit_core
[0.245s] -- The CXX compiler identification is GNU 11.4.0
[0.270s] -- Detecting CXX compiler ABI info
[0.604s] -- Detecting CXX compiler ABI info - done
[0.628s] -- Check for working CXX compiler: /usr/bin/c++ - skipped
[0.628s] -- Detecting CXX compile features
[0.628s] -- Detecting CXX compile features - done
[0.634s] -- Found moveit_common: 2.5.9 (/home/salem/graduation_project_ws/install/moveit_common/share/moveit_common/cmake)
[0.657s] -- Found ament_cmake: 1.3.11 (/opt/ros/humble/share/ament_cmake/cmake)
[1.066s] -- Found Python3: /usr/bin/python3 (found version "3.10.12") found components: Interpreter 
[1.501s] [0mmoveit_core: You did not request a specific build type: Choosing 'Release' for maximum performance[0m
[1.512s] -- Found angles: 1.15.0 (/opt/ros/humble/share/angles/cmake)
[1.558s] -- Found Bullet: /usr/lib/x86_64-linux-gnu/libBulletDynamics.so (Required is at least version "2.87") 
[1.566s] -- Found common_interfaces: 4.8.0 (/opt/ros/humble/share/common_interfaces/cmake)
[1.574s] -- Found eigen_stl_containers: 1.1.0 (/opt/ros/humble/share/eigen_stl_containers/cmake)
[1.598s] -- Found eigen3_cmake_module: 0.1.1 (/opt/ros/humble/share/eigen3_cmake_module/cmake)
[1.608s] -- Found Eigen3: TRUE (found version "3.4.0") 
[1.625s] -- Found generate_parameter_library: 0.4.0 (/opt/ros/humble/share/generate_parameter_library/cmake)
[1.642s] -- Found parameter_traits: 0.4.0 (/opt/ros/humble/share/parameter_traits/cmake)
[1.760s] -- Found rosidl_generator_c: 3.1.6 (/opt/ros/humble/share/rosidl_generator_c/cmake)
[1.777s] -- Found rosidl_adapter: 3.1.6 (/opt/ros/humble/share/rosidl_adapter/cmake)
[1.798s] -- Found rosidl_generator_cpp: 3.1.6 (/opt/ros/humble/share/rosidl_generator_cpp/cmake)
[1.823s] -- Using all available rosidl_typesupport_c: rosidl_typesupport_fastrtps_c;rosidl_typesupport_introspection_c
[1.861s] -- Using all available rosidl_typesupport_cpp: rosidl_typesupport_fastrtps_cpp;rosidl_typesupport_introspection_cpp
[1.972s] -- Found rmw_implementation_cmake: 6.1.2 (/opt/ros/humble/share/rmw_implementation_cmake/cmake)
[1.983s] -- Found rmw_fastrtps_cpp: 6.2.7 (/opt/ros/humble/share/rmw_fastrtps_cpp/cmake)
[2.156s] -- Found OpenSSL: /usr/lib/x86_64-linux-gnu/libcrypto.so (found version "3.0.2")  
[2.192s] -- Found FastRTPS: /opt/ros/humble/include  
[2.253s] -- Using RMW implementation 'rmw_fastrtps_cpp' as default
[2.281s] -- Looking for C++ include pthread.h
[2.414s] -- Looking for C++ include pthread.h - found
[2.414s] -- Performing Test CMAKE_HAVE_LIBC_PTHREAD
[2.550s] -- Performing Test CMAKE_HAVE_LIBC_PTHREAD - Success
[2.551s] -- Found Threads: TRUE  
[2.648s] -- Found rclcpp_lifecycle: 16.0.12 (/opt/ros/humble/share/rclcpp_lifecycle/cmake)
[2.684s] -- Found geometric_shapes: 2.3.2 (/opt/ros/humble/share/geometric_shapes/cmake)
[2.712s] -- Found Boost: /usr/lib/x86_64-linux-gnu/cmake/Boost-1.74.0/BoostConfig.cmake (found version "1.74.0") found components: filesystem 
[2.898s] -- library: /usr/lib/x86_64-linux-gnu/libcurl.so
[2.972s] -- Found kdl_parser: 2.6.4 (/opt/ros/humble/share/kdl_parser/cmake)
[2.993s] -- Ensuring Eigen3 include directory is part of orocos-kdl CMake target
[3.010s] -- Found moveit_msgs: 2.2.1 (/opt/ros/humble/share/moveit_msgs/cmake)
[3.151s] -- Found pluginlib: 5.1.0 (/opt/ros/humble/share/pluginlib/cmake)
[3.198s] -- Found srdfdom: 2.0.7 (/home/salem/graduation_project_ws/install/srdfdom/share/srdfdom/cmake)
[3.238s] -- Found tf2_eigen: 0.25.12 (/opt/ros/humble/share/tf2_eigen/cmake)
[3.381s] -- Found tf2_geometry_msgs: 0.25.12 (/opt/ros/humble/share/tf2_geometry_msgs/cmake)
[3.393s] -- Found tf2_kdl: 0.25.12 (/opt/ros/humble/share/tf2_kdl/cmake)
[3.488s] -- Found Boost: /usr/lib/x86_64-linux-gnu/cmake/Boost-1.74.0/BoostConfig.cmake (found version "1.74.0") found components: chrono date_time filesystem iostreams program_options regex serialization system thread 
[3.489s] --  *** Building MoveIt 2.5.9-Alpha ***
[3.540s] -- Performing Test COMPILER_HAS_HIDDEN_VISIBILITY
[3.673s] -- Performing Test COMPILER_HAS_HIDDEN_VISIBILITY - Success
[3.674s] -- Performing Test COMPILER_HAS_HIDDEN_INLINE_VISIBILITY
[3.802s] -- Performing Test COMPILER_HAS_HIDDEN_INLINE_VISIBILITY - Success
[3.802s] -- Performing Test COMPILER_HAS_DEPRECATED_ATTR
[3.937s] -- Performing Test COMPILER_HAS_DEPRECATED_ATTR - Success
[3.958s] -- Found ament_cmake_gtest: 1.3.11 (/opt/ros/humble/share/ament_cmake_gtest/cmake)
[3.968s] -- Found gtest sources under '/opt/ros/humble/src/gtest_vendor': C++ tests using 'Google Test' will be built
[4.013s] -- The C compiler identification is GNU 11.4.0
[4.021s] -- Detecting C compiler ABI info
[4.148s] -- Detecting C compiler ABI info - done
[4.155s] -- Check for working C compiler: /usr/bin/cc - skipped
[4.155s] -- Detecting C compile features
[4.155s] -- Detecting C compile features - done
[4.204s] -- Found ament_cmake_gmock: 1.3.11 (/opt/ros/humble/share/ament_cmake_gmock/cmake)
[4.216s] -- Found gmock sources under '/opt/ros/humble/src/gmock_vendor': C++ tests using 'Google Mock' will be built
[4.222s] -- Found ament_cmake_gtest: 1.3.11 (/opt/ros/humble/share/ament_cmake_gtest/cmake)
[4.223s] -- Found gtest sources under '/opt/ros/humble/src/gtest_vendor': C++ tests using 'Google Test' will be built
[4.268s] -- Found ament_cmake_gtest: 1.3.11 (/opt/ros/humble/share/ament_cmake_gtest/cmake)
[4.269s] -- Found gtest sources under '/opt/ros/humble/src/gtest_vendor': C++ tests using 'Google Test' will be built
[4.346s] -- Found ament_cmake_gtest: 1.3.11 (/opt/ros/humble/share/ament_cmake_gtest/cmake)
[4.346s] -- Found gtest sources under '/opt/ros/humble/src/gtest_vendor': C++ tests using 'Google Test' will be built
[4.385s] -- Found ament_lint_auto: 0.12.12 (/opt/ros/humble/share/ament_lint_auto/cmake)
[4.387s] -- Found ament_cmake_gtest: 1.3.11 (/opt/ros/humble/share/ament_cmake_gtest/cmake)
[4.388s] -- Found gtest sources under '/opt/ros/humble/src/gtest_vendor': C++ tests using 'Google Test' will be built
[4.449s] -- Found ament_cmake_gtest: 1.3.11 (/opt/ros/humble/share/ament_cmake_gtest/cmake)
[4.449s] -- Found gtest sources under '/opt/ros/humble/src/gtest_vendor': C++ tests using 'Google Test' will be built
[4.489s] -- Found ament_cmake_gtest: 1.3.11 (/opt/ros/humble/share/ament_cmake_gtest/cmake)
[4.490s] -- Found gtest sources under '/opt/ros/humble/src/gtest_vendor': C++ tests using 'Google Test' will be built
[4.518s] -- Found ament_cmake_gtest: 1.3.11 (/opt/ros/humble/share/ament_cmake_gtest/cmake)
[4.519s] -- Found gmock sources under '/opt/ros/humble/src/gmock_vendor': C++ tests using 'Google Mock' will be built
[4.520s] -- Found gtest sources under '/opt/ros/humble/src/gtest_vendor': C++ tests using 'Google Test' will be built
[4.537s] -- Found gtest sources under '/opt/ros/humble/src/gtest_vendor': C++ tests using 'Google Test' will be built
[4.566s] -- Found gtest sources under '/opt/ros/humble/src/gtest_vendor': C++ tests using 'Google Test' will be built
[4.597s] -- Found ament_cmake_gtest: 1.3.11 (/opt/ros/humble/share/ament_cmake_gtest/cmake)
[4.598s] -- Found gtest sources under '/opt/ros/humble/src/gtest_vendor': C++ tests using 'Google Test' will be built
[4.664s] -- Found gtest sources under '/opt/ros/humble/src/gtest_vendor': C++ tests using 'Google Test' will be built
[4.697s] -- Found gtest sources under '/opt/ros/humble/src/gtest_vendor': C++ tests using 'Google Test' will be built
[4.723s] -- Found gtest sources under '/opt/ros/humble/src/gtest_vendor': C++ tests using 'Google Test' will be built
[4.731s] -- Found ament_lint_auto: 0.12.12 (/opt/ros/humble/share/ament_lint_auto/cmake)
[4.827s] -- Added test 'cppcheck' to perform static code analysis on C / C++ code
[4.829s] -- Configured cppcheck include dirs: /home/salem/graduation_project_ws/src/moveit2/moveit_core/exceptions/include;/home/salem/graduation_project_ws/src/moveit2/moveit_core/collision_detection/include;/home/salem/graduation_project_ws/src/moveit2/moveit_core/collision_detection_fcl/include;/home/salem/graduation_project_ws/src/moveit2/moveit_core/collision_detection_bullet/include;/home/salem/graduation_project_ws/src/moveit2/moveit_core/constraint_samplers/include;/home/salem/graduation_project_ws/src/moveit2/moveit_core/controller_manager/include;/home/salem/graduation_project_ws/src/moveit2/moveit_core/distance_field/include;/home/salem/graduation_project_ws/src/moveit2/moveit_core/collision_distance_field/include;/home/salem/graduation_project_ws/src/moveit2/moveit_core/dynamics_solver/include;/home/salem/graduation_project_ws/src/moveit2/moveit_core/kinematics_base/include;/home/salem/graduation_project_ws/src/moveit2/moveit_core/kinematics_metrics/include;/home/salem/graduation_project_ws/src/moveit2/moveit_core/robot_model/include;/home/salem/graduation_project_ws/src/moveit2/moveit_core/transforms/include;/home/salem/graduation_project_ws/src/moveit2/moveit_core/robot_state/include;/home/salem/graduation_project_ws/src/moveit2/moveit_core/robot_trajectory/include;/home/salem/graduation_project_ws/src/moveit2/moveit_core/kinematic_constraints/include;/home/salem/graduation_project_ws/src/moveit2/moveit_core/macros/include;/home/salem/graduation_project_ws/src/moveit2/moveit_core/online_signal_smoothing/include;/home/salem/graduation_project_ws/src/moveit2/moveit_core/planning_interface/include;/home/salem/graduation_project_ws/src/moveit2/moveit_core/planning_request_adapter/include;/home/salem/graduation_project_ws/src/moveit2/moveit_core/planning_scene/include;/home/salem/graduation_project_ws/src/moveit2/moveit_core/sensor_manager/include;/home/salem/graduation_project_ws/src/moveit2/moveit_core/trajectory_processing/include;/home/salem/graduation_project_ws/src/moveit2/moveit_core/utils/include
[4.829s] -- Configured cppcheck exclude dirs and/or files: 
[4.834s] -- Added test 'pep257' to check Python code against some of the docstring style conventions in PEP 257
[4.839s] -- Added test 'xmllint' to check XML markup files
[4.844s] -- Configuring done
[5.541s] -- Generating done
[5.684s] -- Build files have been written to: /home/salem/graduation_project_ws/build/moveit_core
[5.732s] Invoked command in '/home/salem/graduation_project_ws/build/moveit_core' returned '0': AMENT_PREFIX_PATH=/home/salem/graduation_project_ws/install/moveit_resources_panda_moveit_config:/home/salem/graduation_project_ws/install/srdfdom:/home/salem/graduation_project_ws/install/moveit_resources_pr2_description:/home/salem/graduation_project_ws/install/moveit_resources_panda_description:/home/salem/graduation_project_ws/install/moveit_common:${AMENT_PREFIX_PATH} CMAKE_PREFIX_PATH=/home/salem/graduation_project_ws/install/moveit_resources_panda_moveit_config:/home/salem/graduation_project_ws/install/srdfdom:/home/salem/graduation_project_ws/install/moveit_resources_pr2_description:/home/salem/graduation_project_ws/install/moveit_resources_panda_description:/home/salem/graduation_project_ws/install/moveit_common:/home/salem/ros2_ws/install/labvolt5250a0_description:/home/salem/ws_moveit2/install/pilz_industrial_motion_planner_testutils:/home/salem/ws_moveit2/install/panda_moveit_config:/home/salem/ws_moveit2/install/moveit_runtime:/home/salem/ws_moveit2/install/moveit2_tutorials:/home/salem/ws_moveit2/install/moveit:/home/salem/ws_moveit2/install/moveit_planners:/home/salem/ws_moveit2/install/pilz_industrial_motion_planner:/home/salem/ws_moveit2/install/moveit_visual_tools:/home/salem/ws_moveit2/install/moveit_task_constructor_visualization:/home/salem/ws_moveit2/install/moveit_task_constructor_demo:/home/salem/ws_moveit2/install/moveit_task_constructor_capabilities:/home/salem/ws_moveit2/install/moveit_task_constructor_core:/home/salem/ws_moveit2/install/moveit_ros_control_interface:/home/salem/ws_moveit2/install/moveit_plugins:/home/salem/ws_moveit2/install/moveit_simple_controller_manager:/home/salem/ws_moveit2/install/moveit_setup_assistant:/home/salem/ws_moveit2/install/moveit_setup_srdf_plugins:/home/salem/ws_moveit2/install/moveit_setup_core_plugins:/home/salem/ws_moveit2/install/moveit_setup_controllers:/home/salem/ws_moveit2/install/moveit_setup_app_plugins:/home/salem/ws_moveit2/install/moveit_setup_framework:/home/salem/ws_moveit2/install/moveit_servo:/home/salem/ws_moveit2/install/moveit_ros:/home/salem/ws_moveit2/install/moveit_ros_visualization:/home/salem/ws_moveit2/install/moveit_hybrid_planning:/home/salem/ws_moveit2/install/moveit_ros_planning_interface:/home/salem/ws_moveit2/install/moveit_ros_benchmarks:/home/salem/ws_moveit2/install/moveit_ros_warehouse:/home/salem/ws_moveit2/install/moveit_ros_robot_interaction:/home/salem/ws_moveit2/install/moveit_ros_perception:/home/salem/ws_moveit2/install/moveit_resources_prbt_pg70_support:/home/salem/ws_moveit2/install/moveit_resources_prbt_moveit_config:/home/salem/ws_moveit2/install/moveit_ros_move_group:/home/salem/ws_moveit2/install/moveit_planners_ompl:/home/salem/ws_moveit2/install/moveit_ros_planning:/home/salem/ws_moveit2/install/moveit_ros_occupancy_map_monitor:/home/salem/ws_moveit2/install/moveit_resources_prbt_ikfast_manipulator_plugin:/home/salem/ws_moveit2/install/moveit_planners_chomp:/home/salem/ws_moveit2/install/moveit_kinematics:/home/salem/ws_moveit2/install/moveit_chomp_optimizer_adapter:/home/salem/ws_moveit2/install/chomp_motion_planner:/home/salem/ws_moveit2/install/moveit_core:/home/salem/ws_moveit2/install/srdfdom:/home/salem/ws_moveit2/install/rviz_marker_tools:/home/salem/ws_moveit2/install/rosparam_shortcuts:/home/salem/ws_moveit2/install/moveit_task_constructor_msgs:/home/salem/ws_moveit2/install/moveit_resources_prbt_support:/home/salem/ws_moveit2/install/moveit_resources:/home/salem/ws_moveit2/install/moveit_resources_pr2_description:/home/salem/ws_moveit2/install/moveit_resources_panda_moveit_config:/home/salem/ws_moveit2/install/moveit_resources_panda_description:/home/salem/ws_moveit2/install/moveit_resources_fanuc_moveit_config:/home/salem/ws_moveit2/install/moveit_resources_fanuc_description:/home/salem/ws_moveit2/install/moveit_common:/home/salem/microros_ws/install/micro_ros_setup:/home/salem/ros2_ws/install/my_robot_controller:/home/salem/ws_moveit2/install/moveit_configs_utils:/home/salem/ws_moveit2/install/launch_param_builder:/opt/ros/humble LD_LIBRARY_PATH=/home/salem/graduation_project_ws/install/srdfdom/lib:${LD_LIBRARY_PATH} PYTHONPATH=/home/salem/graduation_project_ws/install/srdfdom/local/lib/python3.10/dist-packages:${PYTHONPATH} /usr/bin/cmake /home/salem/graduation_project_ws/src/moveit2/moveit_core -DCMAKE_INSTALL_PREFIX=/home/salem/graduation_project_ws/install/moveit_core
[5.734s] Invoking command in '/home/salem/graduation_project_ws/build/moveit_core': AMENT_PREFIX_PATH=/home/salem/graduation_project_ws/install/moveit_resources_panda_moveit_config:/home/salem/graduation_project_ws/install/srdfdom:/home/salem/graduation_project_ws/install/moveit_resources_pr2_description:/home/salem/graduation_project_ws/install/moveit_resources_panda_description:/home/salem/graduation_project_ws/install/moveit_common:${AMENT_PREFIX_PATH} CMAKE_PREFIX_PATH=/home/salem/graduation_project_ws/install/moveit_resources_panda_moveit_config:/home/salem/graduation_project_ws/install/srdfdom:/home/salem/graduation_project_ws/install/moveit_resources_pr2_description:/home/salem/graduation_project_ws/install/moveit_resources_panda_description:/home/salem/graduation_project_ws/install/moveit_common:/home/salem/ros2_ws/install/labvolt5250a0_description:/home/salem/ws_moveit2/install/pilz_industrial_motion_planner_testutils:/home/salem/ws_moveit2/install/panda_moveit_config:/home/salem/ws_moveit2/install/moveit_runtime:/home/salem/ws_moveit2/install/moveit2_tutorials:/home/salem/ws_moveit2/install/moveit:/home/salem/ws_moveit2/install/moveit_planners:/home/salem/ws_moveit2/install/pilz_industrial_motion_planner:/home/salem/ws_moveit2/install/moveit_visual_tools:/home/salem/ws_moveit2/install/moveit_task_constructor_visualization:/home/salem/ws_moveit2/install/moveit_task_constructor_demo:/home/salem/ws_moveit2/install/moveit_task_constructor_capabilities:/home/salem/ws_moveit2/install/moveit_task_constructor_core:/home/salem/ws_moveit2/install/moveit_ros_control_interface:/home/salem/ws_moveit2/install/moveit_plugins:/home/salem/ws_moveit2/install/moveit_simple_controller_manager:/home/salem/ws_moveit2/install/moveit_setup_assistant:/home/salem/ws_moveit2/install/moveit_setup_srdf_plugins:/home/salem/ws_moveit2/install/moveit_setup_core_plugins:/home/salem/ws_moveit2/install/moveit_setup_controllers:/home/salem/ws_moveit2/install/moveit_setup_app_plugins:/home/salem/ws_moveit2/install/moveit_setup_framework:/home/salem/ws_moveit2/install/moveit_servo:/home/salem/ws_moveit2/install/moveit_ros:/home/salem/ws_moveit2/install/moveit_ros_visualization:/home/salem/ws_moveit2/install/moveit_hybrid_planning:/home/salem/ws_moveit2/install/moveit_ros_planning_interface:/home/salem/ws_moveit2/install/moveit_ros_benchmarks:/home/salem/ws_moveit2/install/moveit_ros_warehouse:/home/salem/ws_moveit2/install/moveit_ros_robot_interaction:/home/salem/ws_moveit2/install/moveit_ros_perception:/home/salem/ws_moveit2/install/moveit_resources_prbt_pg70_support:/home/salem/ws_moveit2/install/moveit_resources_prbt_moveit_config:/home/salem/ws_moveit2/install/moveit_ros_move_group:/home/salem/ws_moveit2/install/moveit_planners_ompl:/home/salem/ws_moveit2/install/moveit_ros_planning:/home/salem/ws_moveit2/install/moveit_ros_occupancy_map_monitor:/home/salem/ws_moveit2/install/moveit_resources_prbt_ikfast_manipulator_plugin:/home/salem/ws_moveit2/install/moveit_planners_chomp:/home/salem/ws_moveit2/install/moveit_kinematics:/home/salem/ws_moveit2/install/moveit_chomp_optimizer_adapter:/home/salem/ws_moveit2/install/chomp_motion_planner:/home/salem/ws_moveit2/install/moveit_core:/home/salem/ws_moveit2/install/srdfdom:/home/salem/ws_moveit2/install/rviz_marker_tools:/home/salem/ws_moveit2/install/rosparam_shortcuts:/home/salem/ws_moveit2/install/moveit_task_constructor_msgs:/home/salem/ws_moveit2/install/moveit_resources_prbt_support:/home/salem/ws_moveit2/install/moveit_resources:/home/salem/ws_moveit2/install/moveit_resources_pr2_description:/home/salem/ws_moveit2/install/moveit_resources_panda_moveit_config:/home/salem/ws_moveit2/install/moveit_resources_panda_description:/home/salem/ws_moveit2/install/moveit_resources_fanuc_moveit_config:/home/salem/ws_moveit2/install/moveit_resources_fanuc_description:/home/salem/ws_moveit2/install/moveit_common:/home/salem/microros_ws/install/micro_ros_setup:/home/salem/ros2_ws/install/my_robot_controller:/home/salem/ws_moveit2/install/moveit_configs_utils:/home/salem/ws_moveit2/install/launch_param_builder:/opt/ros/humble LD_LIBRARY_PATH=/home/salem/graduation_project_ws/install/srdfdom/lib:${LD_LIBRARY_PATH} PYTHONPATH=/home/salem/graduation_project_ws/install/srdfdom/local/lib/python3.10/dist-packages:${PYTHONPATH} /usr/bin/cmake --build /home/salem/graduation_project_ws/build/moveit_core -- -j16 -l16
[5.825s] [  1%] [32mBuilding CXX object transforms/CMakeFiles/moveit_transforms.dir/src/transforms.cpp.o[0m
[5.825s] [  1%] [32mBuilding CXX object gmock/CMakeFiles/gmock.dir/opt/ros/humble/src/gtest_vendor/src/gtest-all.cc.o[0m
[5.825s] [  2%] [32mBuilding CXX object gtest/CMakeFiles/gtest_main.dir/src/gtest_main.cc.o[0m
[5.825s] [  3%] [32mBuilding CXX object gmock/CMakeFiles/gmock.dir/src/gmock-all.cc.o[0m
[5.828s] [  4%] [32mBuilding CXX object exceptions/CMakeFiles/moveit_exceptions.dir/src/exceptions.cpp.o[0m
[5.828s] [  5%] [32mBuilding CXX object online_signal_smoothing/CMakeFiles/moveit_smoothing_base.dir/src/smoothing_base_class.cpp.o[0m
[5.829s] [  6%] [32mBuilding CXX object utils/CMakeFiles/moveit_utils.dir/src/lexical_casts.cpp.o[0m
[5.829s] [  6%] [32mBuilding CXX object utils/CMakeFiles/moveit_utils.dir/src/message_checks.cpp.o[0m
[5.829s] [  7%] [32mBuilding CXX object kinematics_base/CMakeFiles/moveit_kinematics_base.dir/src/kinematics_base.cpp.o[0m
[5.829s] [  8%] [34m[1mRunning `/opt/ros/humble/bin/generate_parameter_library_cpp /home/salem/graduation_project_ws/build/moveit_core/online_signal_smoothing/include/moveit_core/moveit_butterworth_parameters.hpp /home/salem/graduation_project_ws/src/moveit2/moveit_core/online_signal_smoothing/src/butterworth_parameters.yaml `[0m
[5.829s] [  9%] [32mBuilding CXX object distance_field/CMakeFiles/moveit_distance_field.dir/src/find_internal_points.cpp.o[0m
[5.830s] [  9%] [32mBuilding CXX object gtest/CMakeFiles/gtest.dir/src/gtest-all.cc.o[0m
[5.832s] [  9%] [32mBuilding CXX object gmock/CMakeFiles/gmock_main.dir/src/gmock_main.cc.o[0m
[5.833s] [  9%] [32mBuilding CXX object version/CMakeFiles/moveit_version.dir/version.cpp.o[0m
[5.835s] [ 10%] [32mBuilding CXX object distance_field/CMakeFiles/moveit_distance_field.dir/src/distance_field.cpp.o[0m
[5.835s] [ 11%] [32mBuilding CXX object utils/CMakeFiles/moveit_utils.dir/src/rclcpp_utils.cpp.o[0m
[5.921s] [ 12%] [32m[1mLinking CXX executable moveit_version[0m
[6.079s] [ 13%] [34m[1mCreating deprecated header file /home/salem/graduation_project_ws/build/moveit_core/online_signal_smoothing/include/moveit_butterworth_parameters.hpp[0m
[6.159s] [ 13%] Built target moveit_version
[6.186s] [ 13%] [32mBuilding CXX object distance_field/CMakeFiles/moveit_distance_field.dir/src/propagation_distance_field.cpp.o[0m
[6.296s] [ 13%] Built target moveit_butterworth_parameters
[6.863s] [ 13%] [32m[1mLinking CXX shared library libmoveit_exceptions.so[0m
[7.162s] [ 13%] Built target moveit_exceptions
[7.337s] [ 13%] [32m[1mLinking CXX static library libgtest_main.a[0m
[7.408s] [ 14%] [32m[1mLinking CXX shared library libmoveit_utils.so[0m
[7.473s] [ 14%] Built target gtest_main
[7.782s] [ 15%] [32m[1mLinking CXX static library libgmock_main.a[0m
[7.873s] [ 15%] Built target gmock_main
[8.123s] [ 15%] Built target moveit_utils
[9.356s] [ 15%] [32m[1mLinking CXX shared library libmoveit_smoothing_base.so[0m
[9.509s] [ 15%] Built target moveit_smoothing_base
[10.932s] [ 15%] [32m[1mLinking CXX shared library libmoveit_kinematics_base.so[0m
[11.074s] [ 15%] Built target moveit_kinematics_base
[11.111s] [ 16%] [32mBuilding CXX object robot_model/CMakeFiles/moveit_robot_model.dir/src/joint_model.cpp.o[0m
[11.111s] [ 17%] [32mBuilding CXX object robot_model/CMakeFiles/moveit_robot_model.dir/src/fixed_joint_model.cpp.o[0m
[11.111s] [ 17%] [32mBuilding CXX object robot_model/CMakeFiles/moveit_robot_model.dir/src/joint_model_group.cpp.o[0m
[11.111s] [ 17%] [32mBuilding CXX object robot_model/CMakeFiles/moveit_robot_model.dir/src/floating_joint_model.cpp.o[0m
[11.111s] [ 17%] [32mBuilding CXX object robot_model/CMakeFiles/moveit_robot_model.dir/src/aabb.cpp.o[0m
[11.111s] [ 18%] [32mBuilding CXX object robot_model/CMakeFiles/moveit_robot_model.dir/src/planar_joint_model.cpp.o[0m
[11.112s] [ 19%] [32mBuilding CXX object robot_model/CMakeFiles/moveit_robot_model.dir/src/link_model.cpp.o[0m
[11.112s] [ 19%] [32mBuilding CXX object robot_model/CMakeFiles/moveit_robot_model.dir/src/prismatic_joint_model.cpp.o[0m
[11.112s] [ 19%] [32mBuilding CXX object robot_model/CMakeFiles/moveit_robot_model.dir/src/robot_model.cpp.o[0m
[11.117s] [ 20%] [32mBuilding CXX object robot_model/CMakeFiles/moveit_robot_model.dir/src/revolute_joint_model.cpp.o[0m
[13.922s] [ 21%] [32m[1mLinking CXX static library libgtest.a[0m
[13.948s] [ 21%] [32m[1mLinking CXX shared library libmoveit_transforms.so[0m
[13.992s] [ 22%] [32m[1mLinking CXX static library libgmock.a[0m
[14.049s] [ 22%] Built target gtest
[14.131s] [ 22%] Built target gmock
[14.219s] [ 22%] Built target moveit_transforms
[14.270s] [ 22%] [32mBuilding CXX object transforms/CMakeFiles/test_transforms.dir/test/test_transforms.cpp.o[0m
[14.417s] [ 23%] [32m[1mLinking CXX shared library libmoveit_distance_field.so[0m
[14.613s] [ 23%] Built target moveit_distance_field
[14.648s] [ 24%] [32mBuilding CXX object distance_field/CMakeFiles/test_voxel_grid.dir/test/test_voxel_grid.cpp.o[0m
[14.661s] [ 25%] [32mBuilding CXX object distance_field/CMakeFiles/test_distance_field.dir/test/test_distance_field.cpp.o[0m
[16.932s] [ 26%] [32m[1mLinking CXX executable test_transforms[0m
[17.072s] [ 26%] Built target test_transforms
[18.468s] [ 26%] [32m[1mLinking CXX executable test_voxel_grid[0m
[18.634s] [ 26%] Built target test_voxel_grid
[19.762s] [ 27%] [32m[1mLinking CXX shared library libmoveit_robot_model.so[0m
[19.932s] [ 27%] Built target moveit_robot_model
[19.964s] [ 30%] [32mBuilding CXX object robot_state/CMakeFiles/moveit_robot_state.dir/src/conversions.cpp.o[0m
[19.964s] [ 30%] [32mBuilding CXX object robot_state/CMakeFiles/moveit_robot_state.dir/src/robot_state.cpp.o[0m
[19.964s] [ 30%] [32mBuilding CXX object online_signal_smoothing/CMakeFiles/moveit_butterworth_filter.dir/src/butterworth_filter.cpp.o[0m
[19.964s] [ 30%] [32mBuilding CXX object utils/CMakeFiles/moveit_test_utils.dir/src/robot_model_test_utils.cpp.o[0m
[19.964s] [ 30%] [32mBuilding CXX object robot_state/CMakeFiles/moveit_robot_state.dir/src/cartesian_interpolator.cpp.o[0m
[19.964s] [ 31%] [32mBuilding CXX object robot_state/CMakeFiles/moveit_robot_state.dir/src/attached_body.cpp.o[0m
[22.712s] [ 31%] [32m[1mLinking CXX executable test_distance_field[0m
[23.004s] [ 31%] Built target test_distance_field
[25.427s] [ 31%] [32m[1mLinking CXX shared library libmoveit_butterworth_filter.so[0m
[25.594s] [ 31%] Built target moveit_butterworth_filter
[25.628s] [ 31%] [32mBuilding CXX object online_signal_smoothing/CMakeFiles/test_butterworth_filter.dir/test/test_butterworth_filter.cpp.o[0m
[27.487s] [ 32%] [32m[1mLinking CXX shared library libmoveit_test_utils.so[0m
[27.660s] [ 32%] Built target moveit_test_utils
[27.693s] [ 33%] [32mBuilding CXX object robot_model/CMakeFiles/test_robot_model.dir/test/test.cpp.o[0m
[31.075s] [ 34%] [32m[1mLinking CXX executable test_butterworth_filter[0m
[31.221s] [ 34%] Built target test_butterworth_filter
[32.291s] [ 34%] [32m[1mLinking CXX executable test_robot_model[0m
[32.512s] [ 34%] Built target test_robot_model
[37.870s] [ 35%] [32m[1mLinking CXX shared library libmoveit_robot_state.so[0m
[38.033s] [ 35%] Built target moveit_robot_state
[38.069s] [ 38%] [32mBuilding CXX object robot_state/CMakeFiles/test_cartesian_interpolator.dir/test/test_cartesian_interpolator.cpp.o[0m
[38.069s] [ 38%] [32mBuilding CXX object robot_trajectory/CMakeFiles/moveit_robot_trajectory.dir/src/robot_trajectory.cpp.o[0m
[38.070s] [ 39%] [32mBuilding CXX object kinematics_metrics/CMakeFiles/moveit_kinematics_metrics.dir/src/kinematics_metrics.cpp.o[0m
[38.070s] [ 39%] [32mBuilding CXX object collision_detection/CMakeFiles/moveit_collision_detection.dir/src/allvalid/collision_env_allvalid.cpp.o[0m
[38.070s] [ 39%] [32mBuilding CXX object dynamics_solver/CMakeFiles/moveit_dynamics_solver.dir/src/dynamics_solver.cpp.o[0m
[38.070s] [ 38%] [32mBuilding CXX object robot_state/CMakeFiles/test_robot_state_benchmark.dir/test/robot_state_benchmark.cpp.o[0m
[38.070s] [ 38%] [32mBuilding CXX object robot_state/CMakeFiles/test_robot_state.dir/test/robot_state_test.cpp.o[0m
[38.070s] [ 40%] [32mBuilding CXX object collision_detection/CMakeFiles/moveit_collision_detection.dir/src/collision_octomap_filter.cpp.o[0m
[38.070s] [ 40%] [32mBuilding CXX object collision_detection/CMakeFiles/moveit_collision_detection.dir/src/collision_matrix.cpp.o[0m
[38.071s] [ 41%] [32mBuilding CXX object collision_detection/CMakeFiles/moveit_collision_detection.dir/src/collision_tools.cpp.o[0m
[38.071s] [ 41%] [32mBuilding CXX object robot_state/CMakeFiles/test_robot_state_complex.dir/test/test_kinematic_complex.cpp.o[0m
[38.071s] [ 41%] [32mBuilding CXX object robot_state/CMakeFiles/test_aabb.dir/test/test_aabb.cpp.o[0m
[38.071s] [ 42%] [32mBuilding CXX object collision_detection/CMakeFiles/moveit_collision_detection.dir/src/world.cpp.o[0m
[38.071s] [ 42%] [32mBuilding CXX object collision_detection/CMakeFiles/moveit_collision_detection.dir/src/world_diff.cpp.o[0m
[38.072s] [ 43%] [32mBuilding CXX object collision_detection/CMakeFiles/moveit_collision_detection.dir/src/collision_common.cpp.o[0m
[38.083s] [ 43%] [32mBuilding CXX object collision_detection/CMakeFiles/moveit_collision_detection.dir/src/collision_env.cpp.o[0m
[40.945s] [ 44%] [32mBuilding CXX object collision_detection/CMakeFiles/moveit_collision_detection.dir/src/collision_plugin_cache.cpp.o[0m
[46.719s] [ 44%] [32m[1mLinking CXX executable test_cartesian_interpolator[0m
[47.042s] [ 45%] [32m[1mLinking CXX shared library libmoveit_dynamics_solver.so[0m
[47.241s] [ 45%] Built target moveit_dynamics_solver
[47.298s] [ 45%] Built target test_cartesian_interpolator
[47.672s] [ 46%] [32m[1mLinking CXX executable test_robot_state_benchmark[0m
[48.009s] [ 46%] Built target test_robot_state_benchmark
[48.691s] [ 47%] [32m[1mLinking CXX executable test_aabb[0m
[48.956s] [ 47%] Built target test_aabb
[49.205s] [ 48%] [32m[1mLinking CXX executable test_robot_state_complex[0m
[49.501s] [ 48%] Built target test_robot_state_complex
[49.540s] [ 48%] [32m[1mLinking CXX shared library libmoveit_robot_trajectory.so[0m
[49.728s] [ 48%] Built target moveit_robot_trajectory
[49.809s] [ 50%] [32mBuilding CXX object planning_interface/CMakeFiles/moveit_planning_interface.dir/src/planning_interface.cpp.o[0m
[49.809s] [ 50%] [32mBuilding CXX object planning_interface/CMakeFiles/moveit_planning_interface.dir/src/planning_response.cpp.o[0m
[49.809s] [ 52%] [32mBuilding CXX object trajectory_processing/CMakeFiles/moveit_trajectory_processing.dir/src/iterative_time_parameterization.cpp.o[0m
[49.809s] [ 52%] [32mBuilding CXX object trajectory_processing/CMakeFiles/moveit_trajectory_processing.dir/src/iterative_spline_parameterization.cpp.o[0m
[49.809s] [ 52%] [32mBuilding CXX object trajectory_processing/CMakeFiles/moveit_trajectory_processing.dir/src/trajectory_tools.cpp.o[0m
[49.809s] [ 52%] [32mBuilding CXX object trajectory_processing/CMakeFiles/moveit_trajectory_processing.dir/src/ruckig_traj_smoothing.cpp.o[0m
[49.812s] [ 52%] [32mBuilding CXX object trajectory_processing/CMakeFiles/moveit_trajectory_processing.dir/src/time_optimal_trajectory_generation.cpp.o[0m
[49.812s] [ 53%] [32mBuilding CXX object robot_trajectory/CMakeFiles/test_robot_trajectory.dir/test/test_robot_trajectory.cpp.o[0m
[50.034s] [ 54%] [32m[1mLinking CXX executable test_robot_state[0m
[50.391s] [ 54%] Built target test_robot_state
[54.788s] [ 54%] [32m[1mLinking CXX shared library libmoveit_collision_detection.so[0m
[55.094s] [ 54%] Built target moveit_collision_detection
[55.140s] [ 55%] [32mBuilding CXX object collision_detection_fcl/CMakeFiles/moveit_collision_detection_fcl.dir/src/collision_common.cpp.o[0m
[55.141s] [ 57%] [32mBuilding CXX object collision_detection_fcl/CMakeFiles/moveit_collision_detection_fcl.dir/src/collision_env_fcl.cpp.o[0m
[55.142s] [ 58%] [32mBuilding CXX object collision_detection/CMakeFiles/test_world_diff.dir/test/test_world_diff.cpp.o[0m
[55.142s] [ 57%] [32mBuilding CXX object collision_detection_bullet/CMakeFiles/moveit_collision_detection_bullet.dir/src/bullet_integration/bullet_utils.cpp.o[0m
[55.142s] [ 59%] [32mBuilding CXX object collision_detection/CMakeFiles/test_world.dir/test/test_world.cpp.o[0m
[55.142s] [ 59%] [32mBuilding CXX object collision_detection_bullet/CMakeFiles/moveit_collision_detection_bullet.dir/src/bullet_integration/bullet_discrete_bvh_manager.cpp.o[0m
[55.143s] [ 60%] [32mBuilding CXX object collision_detection/CMakeFiles/test_all_valid.dir/test/test_all_valid.cpp.o[0m
[55.144s] [ 60%] [32mBuilding CXX object collision_detection_bullet/CMakeFiles/moveit_collision_detection_bullet.dir/src/bullet_integration/bullet_cast_bvh_manager.cpp.o[0m
[56.776s] [ 61%] [32mBuilding CXX object collision_detection_bullet/CMakeFiles/moveit_collision_detection_bullet.dir/src/collision_env_bullet.cpp.o[0m
[57.278s] [ 61%] [32mBuilding CXX object collision_detection_bullet/CMakeFiles/moveit_collision_detection_bullet.dir/src/bullet_integration/bullet_bvh_manager.cpp.o[0m
[57.838s] [ 62%] [32mBuilding CXX object collision_detection_bullet/CMakeFiles/moveit_collision_detection_bullet.dir/src/bullet_integration/contact_checker_common.cpp.o[0m
[60.003s] [ 62%] [32m[1mLinking CXX shared library libmoveit_planning_interface.so[0m
[60.364s] [ 62%] Built target moveit_planning_interface
[60.390s] [ 63%] [32mBuilding CXX object collision_detection_bullet/CMakeFiles/moveit_collision_detection_bullet.dir/src/bullet_integration/ros_bullet_utils.cpp.o[0m
[61.495s] [ 64%] [32m[1mLinking CXX shared library libmoveit_trajectory_processing.so[0m
[61.646s] [ 64%] [32m[1mLinking CXX shared library libmoveit_kinematics_metrics.so[0m
[61.726s] [ 64%] [32m[1mLinking CXX executable test_robot_trajectory[0m
[61.835s] [ 64%] Built target moveit_trajectory_processing
[61.893s] [ 64%] [32mBuilding CXX object trajectory_processing/CMakeFiles/test_time_parameterization.dir/test/test_time_parameterization.cpp.o[0m
[61.897s] [ 65%] [32mBuilding CXX object trajectory_processing/CMakeFiles/test_time_optimal_trajectory_generation.dir/test/test_time_optimal_trajectory_generation.cpp.o[0m
[61.985s] [ 65%] Built target moveit_kinematics_metrics
[62.045s] [ 66%] [32mBuilding CXX object trajectory_processing/CMakeFiles/test_ruckig_traj_smoothing.dir/test/test_ruckig_traj_smoothing.cpp.o[0m
[62.370s] [ 66%] Built target test_robot_trajectory
[63.151s] [ 67%] [32m[1mLinking CXX executable test_world_diff[0m
[63.595s] [ 67%] Built target test_world_diff
[64.650s] [ 67%] [32m[1mLinking CXX executable test_world[0m
[64.951s] [ 67%] Built target test_world
[65.105s] [ 67%] [32m[1mLinking CXX executable test_all_valid[0m
[65.491s] [ 67%] Built target test_all_valid
[66.815s] [ 68%] [32m[1mLinking CXX shared library libmoveit_collision_detection_fcl.so[0m
[67.030s] [ 68%] Built target moveit_collision_detection_fcl
[67.064s] [ 69%] [32mBuilding CXX object collision_detection_fcl/CMakeFiles/test_fcl_collision_detection.dir/test/test_fcl_collision_detection_pr2.cpp.o[0m
[67.064s] [ 69%] [32mBuilding CXX object kinematic_constraints/CMakeFiles/moveit_kinematic_constraints.dir/src/utils.cpp.o[0m
[67.064s] [ 71%] [32mBuilding CXX object collision_detection_fcl/CMakeFiles/test_fcl_collision_detection_panda.dir/test/test_fcl_collision_detection_panda.cpp.o[0m
[67.064s] [ 71%] [32mBuilding CXX object kinematic_constraints/CMakeFiles/moveit_kinematic_constraints.dir/src/kinematic_constraint.cpp.o[0m
[67.065s] [ 71%] [32mBuilding CXX object collision_detection_fcl/CMakeFiles/test_fcl_collision_env.dir/test/test_fcl_env.cpp.o[0m
[67.466s] [ 71%] [32m[1mLinking CXX shared library libmoveit_collision_detection_bullet.so[0m
[67.711s] [ 71%] Built target moveit_collision_detection_bullet
[67.783s] [ 73%] [32mBuilding CXX object collision_detection_bullet/CMakeFiles/test_bullet_continuous_collision_checking.dir/test/test_bullet_continuous_collision_checking.cpp.o[0m
[67.783s] [ 73%] [32mBuilding CXX object collision_detection_bullet/CMakeFiles/test_bullet_collision_detection_panda.dir/test/test_bullet_collision_detection_panda.cpp.o[0m
[67.783s] [ 73%] [32mBuilding CXX object collision_detection_bullet/CMakeFiles/test_bullet_collision_detection.dir/test/test_bullet_collision_detection_pr2.cpp.o[0m
[70.459s] [ 74%] [32m[1mLinking CXX executable test_time_parameterization[0m
[70.603s] [ 74%] [32m[1mLinking CXX executable test_ruckig_traj_smoothing[0m
[70.826s] [ 74%] Built target test_time_parameterization
[71.029s] [ 74%] Built target test_ruckig_traj_smoothing
[73.010s] [ 75%] [32m[1mLinking CXX executable test_time_optimal_trajectory_generation[0m
[73.535s] [ 75%] Built target test_time_optimal_trajectory_generation
[75.872s] [ 76%] [32m[1mLinking CXX executable test_bullet_collision_detection_panda[0m
[76.191s] [ 76%] Built target test_bullet_collision_detection_panda
[76.266s] [ 77%] [32m[1mLinking CXX executable test_fcl_collision_env[0m
[76.290s] [ 78%] [32m[1mLinking CXX executable test_fcl_collision_detection_panda[0m
[76.587s] [ 78%] Built target test_fcl_collision_env
[76.598s] [ 78%] Built target test_fcl_collision_detection_panda
[77.827s] [ 78%] [32m[1mLinking CXX executable test_bullet_collision_detection[0m
[77.944s] [ 78%] [32m[1mLinking CXX executable test_fcl_collision_detection[0m
[78.154s] [ 78%] Built target test_bullet_collision_detection
[78.256s] [ 78%] Built target test_fcl_collision_detection
[78.773s] [ 79%] [32m[1mLinking CXX executable test_bullet_continuous_collision_checking[0m
[79.088s] [ 79%] Built target test_bullet_continuous_collision_checking
[80.235s] [ 80%] [32m[1mLinking CXX shared library libmoveit_kinematic_constraints.so[0m
[80.413s] [ 80%] Built target moveit_kinematic_constraints
[80.493s] [ 82%] [32mBuilding CXX object kinematic_constraints/CMakeFiles/test_orientation_constraints.dir/test/test_orientation_constraints.cpp.o[0m
[80.493s] [ 82%] [32mBuilding CXX object kinematic_constraints/CMakeFiles/test_constraints.dir/test/test_constraints.cpp.o[0m
[80.493s] [ 82%] [32mBuilding CXX object planning_scene/CMakeFiles/moveit_planning_scene.dir/src/planning_scene.cpp.o[0m
[88.504s] [ 82%] [32m[1mLinking CXX executable test_orientation_constraints[0m
[88.765s] [ 82%] Built target test_orientation_constraints
[89.626s] [ 83%] [32m[1mLinking CXX executable test_constraints[0m
[89.870s] [ 83%] Built target test_constraints
[94.671s] [ 84%] [32m[1mLinking CXX shared library libmoveit_planning_scene.so[0m
[94.913s] [ 84%] Built target moveit_planning_scene
[94.997s] [ 84%] [32mBuilding CXX object collision_distance_field/CMakeFiles/moveit_collision_distance_field.dir/src/collision_env_hybrid.cpp.o[0m
[94.997s] [ 88%] [32mBuilding CXX object collision_distance_field/CMakeFiles/moveit_collision_distance_field.dir/src/collision_env_distance_field.cpp.o[0m
[94.997s] [ 88%] [32mBuilding CXX object planning_scene/CMakeFiles/test_multi_threaded.dir/test/test_multi_threaded.cpp.o[0m
[94.997s] [ 88%] [32mBuilding CXX object collision_distance_field/CMakeFiles/moveit_collision_distance_field.dir/src/collision_distance_field_types.cpp.o[0m
[94.998s] [ 88%] [32mBuilding CXX object collision_detection_bullet/CMakeFiles/collision_detector_bullet_plugin.dir/src/collision_detector_bullet_plugin_loader.cpp.o[0m
[94.998s] [ 88%] [32mBuilding CXX object constraint_samplers/CMakeFiles/moveit_constraint_samplers.dir/src/default_constraint_samplers.cpp.o[0m
[94.998s] [ 88%] [32mBuilding CXX object constraint_samplers/CMakeFiles/moveit_constraint_samplers.dir/src/constraint_sampler_manager.cpp.o[0m
[94.998s] [ 91%] [32mBuilding CXX object constraint_samplers/CMakeFiles/moveit_constraint_samplers.dir/src/constraint_sampler_tools.cpp.o[0m
[94.998s] [ 91%] [32mBuilding CXX object constraint_samplers/CMakeFiles/moveit_constraint_samplers.dir/src/constraint_sampler.cpp.o[0m
[94.998s] [ 91%] [32mBuilding CXX object planning_scene/CMakeFiles/test_planning_scene.dir/test/test_planning_scene.cpp.o[0m
[94.998s] [ 91%] [32mBuilding CXX object planning_scene/CMakeFiles/test_collision_objects.dir/test/test_collision_objects.cpp.o[0m
[94.998s] [ 88%] [32mBuilding CXX object collision_distance_field/CMakeFiles/moveit_collision_distance_field.dir/src/collision_common_distance_field.cpp.o[0m
[94.998s] [ 91%] [32mBuilding CXX object planning_request_adapter/CMakeFiles/moveit_planning_request_adapter.dir/src/planning_request_adapter.cpp.o[0m
[94.998s] [ 91%] [32mBuilding CXX object collision_detection_fcl/CMakeFiles/collision_detector_fcl_plugin.dir/src/collision_detector_fcl_plugin_loader.cpp.o[0m
[94.998s] [ 92%] [32mBuilding CXX object constraint_samplers/CMakeFiles/moveit_constraint_samplers.dir/src/union_constraint_sampler.cpp.o[0m
[105.754s] [ 92%] [32m[1mLinking CXX shared library libmoveit_planning_request_adapter.so[0m
[105.976s] [ 93%] [32m[1mLinking CXX shared library libcollision_detector_bullet_plugin.so[0m
[106.150s] [ 93%] Built target moveit_planning_request_adapter
[106.258s] [ 93%] Built target collision_detector_bullet_plugin
[107.010s] [ 94%] [32m[1mLinking CXX shared library libcollision_detector_fcl_plugin.so[0m
[107.160s] [ 95%] [32m[1mLinking CXX executable test_multi_threaded[0m
[107.187s] [ 95%] Built target collision_detector_fcl_plugin
[107.551s] [ 95%] Built target test_multi_threaded
[108.513s] [ 95%] [32m[1mLinking CXX shared library libmoveit_constraint_samplers.so[0m
[108.705s] [ 95%] Built target moveit_constraint_samplers
[108.743s] [ 97%] [32mBuilding CXX object constraint_samplers/CMakeFiles/test_constraint_samplers.dir/test/pr2_arm_kinematics_plugin.cpp.o[0m
[108.744s] [ 97%] [32mBuilding CXX object constraint_samplers/CMakeFiles/test_constraint_samplers.dir/test/pr2_arm_ik.cpp.o[0m
[108.744s] [ 97%] [32mBuilding CXX object constraint_samplers/CMakeFiles/test_constraint_samplers.dir/test/test_constraint_samplers.cpp.o[0m
[109.095s] [ 97%] [32m[1mLinking CXX executable test_collision_objects[0m
[109.376s] [ 97%] Built target test_collision_objects
[111.782s] [ 98%] [32m[1mLinking CXX shared library libmoveit_collision_distance_field.so[0m
[112.035s] [ 98%] Built target moveit_collision_distance_field
[112.114s] [ 99%] [32mBuilding CXX object collision_distance_field/CMakeFiles/test_collision_distance_field.dir/test/test_collision_distance_field.cpp.o[0m
[112.450s] [ 99%] [32m[1mLinking CXX executable test_planning_scene[0m
[112.741s] [ 99%] Built target test_planning_scene
[120.407s] [100%] [32m[1mLinking CXX executable test_constraint_samplers[0m
[120.790s] [100%] Built target test_constraint_samplers
[121.128s] [100%] [32m[1mLinking CXX executable test_collision_distance_field[0m
[121.382s] [100%] Built target test_collision_distance_field
[121.477s] Invoked command in '/home/salem/graduation_project_ws/build/moveit_core' returned '0': AMENT_PREFIX_PATH=/home/salem/graduation_project_ws/install/moveit_resources_panda_moveit_config:/home/salem/graduation_project_ws/install/srdfdom:/home/salem/graduation_project_ws/install/moveit_resources_pr2_description:/home/salem/graduation_project_ws/install/moveit_resources_panda_description:/home/salem/graduation_project_ws/install/moveit_common:${AMENT_PREFIX_PATH} CMAKE_PREFIX_PATH=/home/salem/graduation_project_ws/install/moveit_resources_panda_moveit_config:/home/salem/graduation_project_ws/install/srdfdom:/home/salem/graduation_project_ws/install/moveit_resources_pr2_description:/home/salem/graduation_project_ws/install/moveit_resources_panda_description:/home/salem/graduation_project_ws/install/moveit_common:/home/salem/ros2_ws/install/labvolt5250a0_description:/home/salem/ws_moveit2/install/pilz_industrial_motion_planner_testutils:/home/salem/ws_moveit2/install/panda_moveit_config:/home/salem/ws_moveit2/install/moveit_runtime:/home/salem/ws_moveit2/install/moveit2_tutorials:/home/salem/ws_moveit2/install/moveit:/home/salem/ws_moveit2/install/moveit_planners:/home/salem/ws_moveit2/install/pilz_industrial_motion_planner:/home/salem/ws_moveit2/install/moveit_visual_tools:/home/salem/ws_moveit2/install/moveit_task_constructor_visualization:/home/salem/ws_moveit2/install/moveit_task_constructor_demo:/home/salem/ws_moveit2/install/moveit_task_constructor_capabilities:/home/salem/ws_moveit2/install/moveit_task_constructor_core:/home/salem/ws_moveit2/install/moveit_ros_control_interface:/home/salem/ws_moveit2/install/moveit_plugins:/home/salem/ws_moveit2/install/moveit_simple_controller_manager:/home/salem/ws_moveit2/install/moveit_setup_assistant:/home/salem/ws_moveit2/install/moveit_setup_srdf_plugins:/home/salem/ws_moveit2/install/moveit_setup_core_plugins:/home/salem/ws_moveit2/install/moveit_setup_controllers:/home/salem/ws_moveit2/install/moveit_setup_app_plugins:/home/salem/ws_moveit2/install/moveit_setup_framework:/home/salem/ws_moveit2/install/moveit_servo:/home/salem/ws_moveit2/install/moveit_ros:/home/salem/ws_moveit2/install/moveit_ros_visualization:/home/salem/ws_moveit2/install/moveit_hybrid_planning:/home/salem/ws_moveit2/install/moveit_ros_planning_interface:/home/salem/ws_moveit2/install/moveit_ros_benchmarks:/home/salem/ws_moveit2/install/moveit_ros_warehouse:/home/salem/ws_moveit2/install/moveit_ros_robot_interaction:/home/salem/ws_moveit2/install/moveit_ros_perception:/home/salem/ws_moveit2/install/moveit_resources_prbt_pg70_support:/home/salem/ws_moveit2/install/moveit_resources_prbt_moveit_config:/home/salem/ws_moveit2/install/moveit_ros_move_group:/home/salem/ws_moveit2/install/moveit_planners_ompl:/home/salem/ws_moveit2/install/moveit_ros_planning:/home/salem/ws_moveit2/install/moveit_ros_occupancy_map_monitor:/home/salem/ws_moveit2/install/moveit_resources_prbt_ikfast_manipulator_plugin:/home/salem/ws_moveit2/install/moveit_planners_chomp:/home/salem/ws_moveit2/install/moveit_kinematics:/home/salem/ws_moveit2/install/moveit_chomp_optimizer_adapter:/home/salem/ws_moveit2/install/chomp_motion_planner:/home/salem/ws_moveit2/install/moveit_core:/home/salem/ws_moveit2/install/srdfdom:/home/salem/ws_moveit2/install/rviz_marker_tools:/home/salem/ws_moveit2/install/rosparam_shortcuts:/home/salem/ws_moveit2/install/moveit_task_constructor_msgs:/home/salem/ws_moveit2/install/moveit_resources_prbt_support:/home/salem/ws_moveit2/install/moveit_resources:/home/salem/ws_moveit2/install/moveit_resources_pr2_description:/home/salem/ws_moveit2/install/moveit_resources_panda_moveit_config:/home/salem/ws_moveit2/install/moveit_resources_panda_description:/home/salem/ws_moveit2/install/moveit_resources_fanuc_moveit_config:/home/salem/ws_moveit2/install/moveit_resources_fanuc_description:/home/salem/ws_moveit2/install/moveit_common:/home/salem/microros_ws/install/micro_ros_setup:/home/salem/ros2_ws/install/my_robot_controller:/home/salem/ws_moveit2/install/moveit_configs_utils:/home/salem/ws_moveit2/install/launch_param_builder:/opt/ros/humble LD_LIBRARY_PATH=/home/salem/graduation_project_ws/install/srdfdom/lib:${LD_LIBRARY_PATH} PYTHONPATH=/home/salem/graduation_project_ws/install/srdfdom/local/lib/python3.10/dist-packages:${PYTHONPATH} /usr/bin/cmake --build /home/salem/graduation_project_ws/build/moveit_core -- -j16 -l16
[121.504s] Invoking command in '/home/salem/graduation_project_ws/build/moveit_core': AMENT_PREFIX_PATH=/home/salem/graduation_project_ws/install/moveit_resources_panda_moveit_config:/home/salem/graduation_project_ws/install/srdfdom:/home/salem/graduation_project_ws/install/moveit_resources_pr2_description:/home/salem/graduation_project_ws/install/moveit_resources_panda_description:/home/salem/graduation_project_ws/install/moveit_common:${AMENT_PREFIX_PATH} CMAKE_PREFIX_PATH=/home/salem/graduation_project_ws/install/moveit_resources_panda_moveit_config:/home/salem/graduation_project_ws/install/srdfdom:/home/salem/graduation_project_ws/install/moveit_resources_pr2_description:/home/salem/graduation_project_ws/install/moveit_resources_panda_description:/home/salem/graduation_project_ws/install/moveit_common:/home/salem/ros2_ws/install/labvolt5250a0_description:/home/salem/ws_moveit2/install/pilz_industrial_motion_planner_testutils:/home/salem/ws_moveit2/install/panda_moveit_config:/home/salem/ws_moveit2/install/moveit_runtime:/home/salem/ws_moveit2/install/moveit2_tutorials:/home/salem/ws_moveit2/install/moveit:/home/salem/ws_moveit2/install/moveit_planners:/home/salem/ws_moveit2/install/pilz_industrial_motion_planner:/home/salem/ws_moveit2/install/moveit_visual_tools:/home/salem/ws_moveit2/install/moveit_task_constructor_visualization:/home/salem/ws_moveit2/install/moveit_task_constructor_demo:/home/salem/ws_moveit2/install/moveit_task_constructor_capabilities:/home/salem/ws_moveit2/install/moveit_task_constructor_core:/home/salem/ws_moveit2/install/moveit_ros_control_interface:/home/salem/ws_moveit2/install/moveit_plugins:/home/salem/ws_moveit2/install/moveit_simple_controller_manager:/home/salem/ws_moveit2/install/moveit_setup_assistant:/home/salem/ws_moveit2/install/moveit_setup_srdf_plugins:/home/salem/ws_moveit2/install/moveit_setup_core_plugins:/home/salem/ws_moveit2/install/moveit_setup_controllers:/home/salem/ws_moveit2/install/moveit_setup_app_plugins:/home/salem/ws_moveit2/install/moveit_setup_framework:/home/salem/ws_moveit2/install/moveit_servo:/home/salem/ws_moveit2/install/moveit_ros:/home/salem/ws_moveit2/install/moveit_ros_visualization:/home/salem/ws_moveit2/install/moveit_hybrid_planning:/home/salem/ws_moveit2/install/moveit_ros_planning_interface:/home/salem/ws_moveit2/install/moveit_ros_benchmarks:/home/salem/ws_moveit2/install/moveit_ros_warehouse:/home/salem/ws_moveit2/install/moveit_ros_robot_interaction:/home/salem/ws_moveit2/install/moveit_ros_perception:/home/salem/ws_moveit2/install/moveit_resources_prbt_pg70_support:/home/salem/ws_moveit2/install/moveit_resources_prbt_moveit_config:/home/salem/ws_moveit2/install/moveit_ros_move_group:/home/salem/ws_moveit2/install/moveit_planners_ompl:/home/salem/ws_moveit2/install/moveit_ros_planning:/home/salem/ws_moveit2/install/moveit_ros_occupancy_map_monitor:/home/salem/ws_moveit2/install/moveit_resources_prbt_ikfast_manipulator_plugin:/home/salem/ws_moveit2/install/moveit_planners_chomp:/home/salem/ws_moveit2/install/moveit_kinematics:/home/salem/ws_moveit2/install/moveit_chomp_optimizer_adapter:/home/salem/ws_moveit2/install/chomp_motion_planner:/home/salem/ws_moveit2/install/moveit_core:/home/salem/ws_moveit2/install/srdfdom:/home/salem/ws_moveit2/install/rviz_marker_tools:/home/salem/ws_moveit2/install/rosparam_shortcuts:/home/salem/ws_moveit2/install/moveit_task_constructor_msgs:/home/salem/ws_moveit2/install/moveit_resources_prbt_support:/home/salem/ws_moveit2/install/moveit_resources:/home/salem/ws_moveit2/install/moveit_resources_pr2_description:/home/salem/ws_moveit2/install/moveit_resources_panda_moveit_config:/home/salem/ws_moveit2/install/moveit_resources_panda_description:/home/salem/ws_moveit2/install/moveit_resources_fanuc_moveit_config:/home/salem/ws_moveit2/install/moveit_resources_fanuc_description:/home/salem/ws_moveit2/install/moveit_common:/home/salem/microros_ws/install/micro_ros_setup:/home/salem/ros2_ws/install/my_robot_controller:/home/salem/ws_moveit2/install/moveit_configs_utils:/home/salem/ws_moveit2/install/launch_param_builder:/opt/ros/humble LD_LIBRARY_PATH=/home/salem/graduation_project_ws/install/srdfdom/lib:${LD_LIBRARY_PATH} PYTHONPATH=/home/salem/graduation_project_ws/install/srdfdom/local/lib/python3.10/dist-packages:${PYTHONPATH} /usr/bin/cmake --install /home/salem/graduation_project_ws/build/moveit_core
[121.516s] -- Install configuration: "Release"
[121.517s] -- Installing: /home/salem/graduation_project_ws/install/moveit_core/include/moveit/version.h
[121.517s] -- Up-to-date: /home/salem/graduation_project_ws/install/moveit_core/include
[121.518s] -- Up-to-date: /home/salem/graduation_project_ws/install/moveit_core/include/moveit
[121.518s] -- Installing: /home/salem/graduation_project_ws/install/moveit_core/include/moveit/collision_distance_field
[121.518s] -- Installing: /home/salem/graduation_project_ws/install/moveit_core/include/moveit/collision_distance_field/collision_common_distance_field.h
[121.518s] -- Installing: /home/salem/graduation_project_ws/install/moveit_core/include/moveit/collision_distance_field/collision_detector_allocator_distance_field.h
[121.518s] -- Installing: /home/salem/graduation_project_ws/install/moveit_core/include/moveit/collision_distance_field/collision_env_hybrid.h
[121.518s] -- Installing: /home/salem/graduation_project_ws/install/moveit_core/include/moveit/collision_distance_field/collision_detector_allocator_hybrid.h
[121.518s] -- Installing: /home/salem/graduation_project_ws/install/moveit_core/include/moveit/collision_distance_field/collision_env_distance_field.h
[121.518s] -- Installing: /home/salem/graduation_project_ws/install/moveit_core/include/moveit/collision_distance_field/collision_distance_field_types.h
[121.519s] -- Installing: /home/salem/graduation_project_ws/install/moveit_core/include/moveit_collision_distance_field_export.h
[121.519s] -- Up-to-date: /home/salem/graduation_project_ws/install/moveit_core/include
[121.519s] -- Up-to-date: /home/salem/graduation_project_ws/install/moveit_core/include/moveit
[121.519s] -- Installing: /home/salem/graduation_project_ws/install/moveit_core/include/moveit/constraint_samplers
[121.520s] -- Installing: /home/salem/graduation_project_ws/install/moveit_core/include/moveit/constraint_samplers/constraint_sampler_manager.h
[121.520s] -- Installing: /home/salem/graduation_project_ws/install/moveit_core/include/moveit/constraint_samplers/constraint_sampler_tools.h
[121.520s] -- Installing: /home/salem/graduation_project_ws/install/moveit_core/include/moveit/constraint_samplers/constraint_sampler.h
[121.520s] -- Installing: /home/salem/graduation_project_ws/install/moveit_core/include/moveit/constraint_samplers/union_constraint_sampler.h
[121.520s] -- Installing: /home/salem/graduation_project_ws/install/moveit_core/include/moveit/constraint_samplers/constraint_sampler_allocator.h
[121.520s] -- Installing: /home/salem/graduation_project_ws/install/moveit_core/include/moveit/constraint_samplers/default_constraint_samplers.h
[121.521s] -- Up-to-date: /home/salem/graduation_project_ws/install/moveit_core/include
[121.521s] -- Up-to-date: /home/salem/graduation_project_ws/install/moveit_core/include/moveit
[121.521s] -- Installing: /home/salem/graduation_project_ws/install/moveit_core/include/moveit/controller_manager
[121.521s] -- Installing: /home/salem/graduation_project_ws/install/moveit_core/include/moveit/controller_manager/controller_manager.h
[121.522s] -- Up-to-date: /home/salem/graduation_project_ws/install/moveit_core/include
[121.522s] -- Up-to-date: /home/salem/graduation_project_ws/install/moveit_core/include/moveit
[121.522s] -- Installing: /home/salem/graduation_project_ws/install/moveit_core/include/moveit/distance_field
[121.522s] -- Installing: /home/salem/graduation_project_ws/install/moveit_core/include/moveit/distance_field/propagation_distance_field.h
[121.522s] -- Installing: /home/salem/graduation_project_ws/install/moveit_core/include/moveit/distance_field/distance_field.h
[121.522s] -- Installing: /home/salem/graduation_project_ws/install/moveit_core/include/moveit/distance_field/voxel_grid.h
[121.522s] -- Installing: /home/salem/graduation_project_ws/install/moveit_core/include/moveit/distance_field/find_internal_points.h
[121.523s] -- Up-to-date: /home/salem/graduation_project_ws/install/moveit_core/include
[121.523s] -- Up-to-date: /home/salem/graduation_project_ws/install/moveit_core/include/moveit
[121.523s] -- Installing: /home/salem/graduation_project_ws/install/moveit_core/include/moveit/dynamics_solver
[121.523s] -- Installing: /home/salem/graduation_project_ws/install/moveit_core/include/moveit/dynamics_solver/dynamics_solver.h
[121.523s] -- Up-to-date: /home/salem/graduation_project_ws/install/moveit_core/include
[121.523s] -- Up-to-date: /home/salem/graduation_project_ws/install/moveit_core/include/moveit
[121.523s] -- Installing: /home/salem/graduation_project_ws/install/moveit_core/include/moveit/exceptions
[121.524s] -- Installing: /home/salem/graduation_project_ws/install/moveit_core/include/moveit/exceptions/exceptions.h
[121.524s] -- Up-to-date: /home/salem/graduation_project_ws/install/moveit_core/include
[121.524s] -- Up-to-date: /home/salem/graduation_project_ws/install/moveit_core/include/moveit
[121.524s] -- Installing: /home/salem/graduation_project_ws/install/moveit_core/include/moveit/kinematics_base
[121.524s] -- Installing: /home/salem/graduation_project_ws/install/moveit_core/include/moveit/kinematics_base/kinematics_base.h
[121.524s] -- Installing: /home/salem/graduation_project_ws/install/moveit_core/include/moveit_kinematics_base_export.h
[121.525s] -- Up-to-date: /home/salem/graduation_project_ws/install/moveit_core/include
[121.525s] -- Up-to-date: /home/salem/graduation_project_ws/install/moveit_core/include/moveit
[121.525s] -- Installing: /home/salem/graduation_project_ws/install/moveit_core/include/moveit/kinematic_constraints
[121.525s] -- Installing: /home/salem/graduation_project_ws/install/moveit_core/include/moveit/kinematic_constraints/utils.h
[121.525s] -- Installing: /home/salem/graduation_project_ws/install/moveit_core/include/moveit/kinematic_constraints/kinematic_constraint.h
[121.525s] -- Up-to-date: /home/salem/graduation_project_ws/install/moveit_core/include
[121.525s] -- Up-to-date: /home/salem/graduation_project_ws/install/moveit_core/include/moveit
[121.525s] -- Installing: /home/salem/graduation_project_ws/install/moveit_core/include/moveit/kinematics_metrics
[121.526s] -- Installing: /home/salem/graduation_project_ws/install/moveit_core/include/moveit/kinematics_metrics/kinematics_metrics.h
[121.526s] -- Up-to-date: /home/salem/graduation_project_ws/install/moveit_core/include
[121.526s] -- Up-to-date: /home/salem/graduation_project_ws/install/moveit_core/include/moveit
[121.526s] -- Installing: /home/salem/graduation_project_ws/install/moveit_core/include/moveit/macros
[121.526s] -- Installing: /home/salem/graduation_project_ws/install/moveit_core/include/moveit/macros/console_colors.h
[121.526s] -- Installing: /home/salem/graduation_project_ws/install/moveit_core/include/moveit/macros/deprecation.h
[121.527s] -- Installing: /home/salem/graduation_project_ws/install/moveit_core/include/moveit/macros/declare_ptr.h
[121.527s] -- Installing: /home/salem/graduation_project_ws/install/moveit_core/include/moveit/macros/class_forward.h
[121.527s] -- Installing: /home/salem/graduation_project_ws/install/moveit_core/include/moveit_core
[121.527s] -- Installing: /home/salem/graduation_project_ws/install/moveit_core/include/moveit_core/moveit_butterworth_parameters.hpp
[121.528s] -- Up-to-date: /home/salem/graduation_project_ws/install/moveit_core/include
[121.528s] -- Up-to-date: /home/salem/graduation_project_ws/install/moveit_core/include/moveit
[121.528s] -- Installing: /home/salem/graduation_project_ws/install/moveit_core/include/moveit/online_signal_smoothing
[121.528s] -- Installing: /home/salem/graduation_project_ws/install/moveit_core/include/moveit/online_signal_smoothing/smoothing_base_class.h
[121.528s] -- Installing: /home/salem/graduation_project_ws/install/moveit_core/include/moveit/online_signal_smoothing/butterworth_filter.h
[121.528s] -- Installing: /home/salem/graduation_project_ws/install/moveit_core/include/moveit_smoothing_base_export.h
[121.528s] -- Installing: /home/salem/graduation_project_ws/install/moveit_core/include/moveit_butterworth_filter_export.h
[121.529s] -- Up-to-date: /home/salem/graduation_project_ws/install/moveit_core/include
[121.529s] -- Up-to-date: /home/salem/graduation_project_ws/install/moveit_core/include/moveit
[121.529s] -- Installing: /home/salem/graduation_project_ws/install/moveit_core/include/moveit/planning_interface
[121.529s] -- Installing: /home/salem/graduation_project_ws/install/moveit_core/include/moveit/planning_interface/planning_response.h
[121.529s] -- Installing: /home/salem/graduation_project_ws/install/moveit_core/include/moveit/planning_interface/planning_interface.h
[121.529s] -- Installing: /home/salem/graduation_project_ws/install/moveit_core/include/moveit/planning_interface/planning_request.h
[121.530s] -- Up-to-date: /home/salem/graduation_project_ws/install/moveit_core/include
[121.530s] -- Up-to-date: /home/salem/graduation_project_ws/install/moveit_core/include/moveit
[121.530s] -- Installing: /home/salem/graduation_project_ws/install/moveit_core/include/moveit/planning_request_adapter
[121.530s] -- Installing: /home/salem/graduation_project_ws/install/moveit_core/include/moveit/planning_request_adapter/planning_request_adapter.h
[121.530s] -- Up-to-date: /home/salem/graduation_project_ws/install/moveit_core/include
[121.531s] -- Up-to-date: /home/salem/graduation_project_ws/install/moveit_core/include/moveit
[121.531s] -- Installing: /home/salem/graduation_project_ws/install/moveit_core/include/moveit/planning_scene
[121.531s] -- Installing: /home/salem/graduation_project_ws/install/moveit_core/include/moveit/planning_scene/planning_scene.h
[121.531s] -- Installing: /home/salem/graduation_project_ws/install/moveit_core/include/moveit_planning_scene_export.h
[121.531s] -- Up-to-date: /home/salem/graduation_project_ws/install/moveit_core/include
[121.532s] -- Up-to-date: /home/salem/graduation_project_ws/install/moveit_core/include/moveit
[121.532s] -- Installing: /home/salem/graduation_project_ws/install/moveit_core/include/moveit/robot_model
[121.532s] -- Installing: /home/salem/graduation_project_ws/install/moveit_core/include/moveit/robot_model/joint_model_group.h
[121.532s] -- Installing: /home/salem/graduation_project_ws/install/moveit_core/include/moveit/robot_model/robot_model.h
[121.532s] -- Installing: /home/salem/graduation_project_ws/install/moveit_core/include/moveit/robot_model/prismatic_joint_model.h
[121.532s] -- Installing: /home/salem/graduation_project_ws/install/moveit_core/include/moveit/robot_model/planar_joint_model.h
[121.532s] -- Installing: /home/salem/graduation_project_ws/install/moveit_core/include/moveit/robot_model/floating_joint_model.h
[121.533s] -- Installing: /home/salem/graduation_project_ws/install/moveit_core/include/moveit/robot_model/aabb.h
[121.533s] -- Installing: /home/salem/graduation_project_ws/install/moveit_core/include/moveit/robot_model/joint_model.h
[121.533s] -- Installing: /home/salem/graduation_project_ws/install/moveit_core/include/moveit/robot_model/revolute_joint_model.h
[121.533s] -- Installing: /home/salem/graduation_project_ws/install/moveit_core/include/moveit/robot_model/fixed_joint_model.h
[121.533s] -- Installing: /home/salem/graduation_project_ws/install/moveit_core/include/moveit/robot_model/link_model.h
[121.534s] -- Up-to-date: /home/salem/graduation_project_ws/install/moveit_core/include
[121.534s] -- Up-to-date: /home/salem/graduation_project_ws/install/moveit_core/include/moveit
[121.534s] -- Installing: /home/salem/graduation_project_ws/install/moveit_core/include/moveit/robot_state
[121.534s] -- Installing: /home/salem/graduation_project_ws/install/moveit_core/include/moveit/robot_state/conversions.h
[121.534s] -- Installing: /home/salem/graduation_project_ws/install/moveit_core/include/moveit/robot_state/attached_body.h
[121.534s] -- Installing: /home/salem/graduation_project_ws/install/moveit_core/include/moveit/robot_state/cartesian_interpolator.h
[121.534s] -- Installing: /home/salem/graduation_project_ws/install/moveit_core/include/moveit/robot_state/robot_state.h
[121.535s] -- Up-to-date: /home/salem/graduation_project_ws/install/moveit_core/include
[121.535s] -- Up-to-date: /home/salem/graduation_project_ws/install/moveit_core/include/moveit
[121.535s] -- Installing: /home/salem/graduation_project_ws/install/moveit_core/include/moveit/robot_trajectory
[121.535s] -- Installing: /home/salem/graduation_project_ws/install/moveit_core/include/moveit/robot_trajectory/robot_trajectory.h
[121.535s] -- Up-to-date: /home/salem/graduation_project_ws/install/moveit_core/include
[121.535s] -- Up-to-date: /home/salem/graduation_project_ws/install/moveit_core/include/moveit
[121.535s] -- Installing: /home/salem/graduation_project_ws/install/moveit_core/include/moveit/sensor_manager
[121.536s] -- Installing: /home/salem/graduation_project_ws/install/moveit_core/include/moveit/sensor_manager/sensor_manager.h
[121.536s] -- Up-to-date: /home/salem/graduation_project_ws/install/moveit_core/include
[121.536s] -- Up-to-date: /home/salem/graduation_project_ws/install/moveit_core/include/moveit
[121.536s] -- Installing: /home/salem/graduation_project_ws/install/moveit_core/include/moveit/trajectory_processing
[121.536s] -- Installing: /home/salem/graduation_project_ws/install/moveit_core/include/moveit/trajectory_processing/iterative_time_parameterization.h
[121.537s] -- Installing: /home/salem/graduation_project_ws/install/moveit_core/include/moveit/trajectory_processing/time_optimal_trajectory_generation.h
[121.537s] -- Installing: /home/salem/graduation_project_ws/install/moveit_core/include/moveit/trajectory_processing/time_parameterization.h
[121.537s] -- Installing: /home/salem/graduation_project_ws/install/moveit_core/include/moveit/trajectory_processing/ruckig_traj_smoothing.h
[121.537s] -- Installing: /home/salem/graduation_project_ws/install/moveit_core/include/moveit/trajectory_processing/trajectory_tools.h
[121.537s] -- Installing: /home/salem/graduation_project_ws/install/moveit_core/include/moveit/trajectory_processing/iterative_spline_parameterization.h
[121.538s] -- Up-to-date: /home/salem/graduation_project_ws/install/moveit_core/include
[121.538s] -- Up-to-date: /home/salem/graduation_project_ws/install/moveit_core/include/moveit
[121.538s] -- Installing: /home/salem/graduation_project_ws/install/moveit_core/include/moveit/transforms
[121.538s] -- Installing: /home/salem/graduation_project_ws/install/moveit_core/include/moveit/transforms/transforms.h
[121.538s] -- Up-to-date: /home/salem/graduation_project_ws/install/moveit_core/include
[121.538s] -- Up-to-date: /home/salem/graduation_project_ws/install/moveit_core/include/moveit
[121.538s] -- Installing: /home/salem/graduation_project_ws/install/moveit_core/include/moveit/utils
[121.539s] -- Installing: /home/salem/graduation_project_ws/install/moveit_core/include/moveit/utils/moveit_error_code.h
[121.539s] -- Installing: /home/salem/graduation_project_ws/install/moveit_core/include/moveit/utils/message_checks.h
[121.539s] -- Installing: /home/salem/graduation_project_ws/install/moveit_core/include/moveit/utils/lexical_casts.h
[121.539s] -- Installing: /home/salem/graduation_project_ws/install/moveit_core/include/moveit/utils/robot_model_test_utils.h
[121.539s] -- Installing: /home/salem/graduation_project_ws/install/moveit_core/include/moveit/utils/rclcpp_utils.h
[121.540s] -- Installing: /home/salem/graduation_project_ws/install/moveit_core/bin/moveit_version
[121.540s] -- Up-to-date: /home/salem/graduation_project_ws/install/moveit_core/include
[121.540s] -- Up-to-date: /home/salem/graduation_project_ws/install/moveit_core/include/moveit
[121.540s] -- Installing: /home/salem/graduation_project_ws/install/moveit_core/include/moveit/collision_detection
[121.540s] -- Installing: /home/salem/graduation_project_ws/install/moveit_core/include/moveit/collision_detection/collision_detector_allocator.h
[121.541s] -- Installing: /home/salem/graduation_project_ws/install/moveit_core/include/moveit/collision_detection/occupancy_map.h
[121.541s] -- Installing: /home/salem/graduation_project_ws/install/moveit_core/include/moveit/collision_detection/collision_matrix.h
[121.541s] -- Installing: /home/salem/graduation_project_ws/install/moveit_core/include/moveit/collision_detection/world.h
[121.541s] -- Installing: /home/salem/graduation_project_ws/install/moveit_core/include/moveit/collision_detection/collision_common.h
[121.541s] -- Installing: /home/salem/graduation_project_ws/install/moveit_core/include/moveit/collision_detection/allvalid
[121.541s] -- Installing: /home/salem/graduation_project_ws/install/moveit_core/include/moveit/collision_detection/allvalid/collision_env_allvalid.h
[121.542s] -- Installing: /home/salem/graduation_project_ws/install/moveit_core/include/moveit/collision_detection/allvalid/collision_detector_allocator_allvalid.h
[121.542s] -- Installing: /home/salem/graduation_project_ws/install/moveit_core/include/moveit/collision_detection/world_diff.h
[121.542s] -- Installing: /home/salem/graduation_project_ws/install/moveit_core/include/moveit/collision_detection/collision_octomap_filter.h
[121.542s] -- Installing: /home/salem/graduation_project_ws/install/moveit_core/include/moveit/collision_detection/collision_env.h
[121.542s] -- Installing: /home/salem/graduation_project_ws/install/moveit_core/include/moveit/collision_detection/test_collision_common_panda.h
[121.542s] -- Installing: /home/salem/graduation_project_ws/install/moveit_core/include/moveit/collision_detection/test_collision_common_pr2.h
[121.543s] -- Installing: /home/salem/graduation_project_ws/install/moveit_core/include/moveit/collision_detection/collision_tools.h
[121.543s] -- Installing: /home/salem/graduation_project_ws/install/moveit_core/include/moveit/collision_detection/collision_plugin.h
[121.543s] -- Installing: /home/salem/graduation_project_ws/install/moveit_core/include/moveit/collision_detection/collision_plugin_cache.h
[121.543s] -- Installing: /home/salem/graduation_project_ws/install/moveit_core/include/moveit_collision_detection_export.h
[121.544s] -- Up-to-date: /home/salem/graduation_project_ws/install/moveit_core/include
[121.544s] -- Up-to-date: /home/salem/graduation_project_ws/install/moveit_core/include/moveit
[121.544s] -- Installing: /home/salem/graduation_project_ws/install/moveit_core/include/moveit/collision_detection_bullet
[121.544s] -- Installing: /home/salem/graduation_project_ws/install/moveit_core/include/moveit/collision_detection_bullet/collision_env_bullet.h
[121.544s] -- Installing: /home/salem/graduation_project_ws/install/moveit_core/include/moveit/collision_detection_bullet/collision_detector_bullet_plugin_loader.h
[121.544s] -- Installing: /home/salem/graduation_project_ws/install/moveit_core/include/moveit/collision_detection_bullet/bullet_integration
[121.544s] -- Installing: /home/salem/graduation_project_ws/install/moveit_core/include/moveit/collision_detection_bullet/bullet_integration/ros_bullet_utils.h
[121.545s] -- Installing: /home/salem/graduation_project_ws/install/moveit_core/include/moveit/collision_detection_bullet/bullet_integration/bullet_bvh_manager.h
[121.545s] -- Installing: /home/salem/graduation_project_ws/install/moveit_core/include/moveit/collision_detection_bullet/bullet_integration/contact_checker_common.h
[121.545s] -- Installing: /home/salem/graduation_project_ws/install/moveit_core/include/moveit/collision_detection_bullet/bullet_integration/bullet_discrete_bvh_manager.h
[121.545s] -- Installing: /home/salem/graduation_project_ws/install/moveit_core/include/moveit/collision_detection_bullet/bullet_integration/bullet_utils.h
[121.545s] -- Installing: /home/salem/graduation_project_ws/install/moveit_core/include/moveit/collision_detection_bullet/bullet_integration/bullet_cast_bvh_manager.h
[121.546s] -- Installing: /home/salem/graduation_project_ws/install/moveit_core/include/moveit/collision_detection_bullet/bullet_integration/basic_types.h
[121.546s] -- Installing: /home/salem/graduation_project_ws/install/moveit_core/include/moveit/collision_detection_bullet/collision_detector_allocator_bullet.h
[121.546s] -- Installing: /home/salem/graduation_project_ws/install/moveit_core/include/moveit_collision_detection_bullet_export.h
[121.546s] -- Up-to-date: /home/salem/graduation_project_ws/install/moveit_core/include
[121.546s] -- Up-to-date: /home/salem/graduation_project_ws/install/moveit_core/include/moveit
[121.546s] -- Installing: /home/salem/graduation_project_ws/install/moveit_core/include/moveit/collision_detection_fcl
[121.547s] -- Installing: /home/salem/graduation_project_ws/install/moveit_core/include/moveit/collision_detection_fcl/fcl_compat.h
[121.547s] -- Installing: /home/salem/graduation_project_ws/install/moveit_core/include/moveit/collision_detection_fcl/collision_detector_fcl_plugin_loader.h
[121.547s] -- Installing: /home/salem/graduation_project_ws/install/moveit_core/include/moveit/collision_detection_fcl/collision_common.h
[121.547s] -- Installing: /home/salem/graduation_project_ws/install/moveit_core/include/moveit/collision_detection_fcl/collision_env_fcl.h
[121.547s] -- Installing: /home/salem/graduation_project_ws/install/moveit_core/include/moveit/collision_detection_fcl/collision_detector_allocator_fcl.h
[121.548s] -- Installing: /home/salem/graduation_project_ws/install/moveit_core/include/moveit_collision_detection_fcl_export.h
[121.548s] -- Installing: /home/salem/graduation_project_ws/install/moveit_core/lib/libcollision_detector_bullet_plugin.so.2.5.9
[121.548s] -- Set runtime path of "/home/salem/graduation_project_ws/install/moveit_core/lib/libcollision_detector_bullet_plugin.so.2.5.9" to ""
[121.548s] -- Installing: /home/salem/graduation_project_ws/install/moveit_core/lib/libcollision_detector_bullet_plugin.so
[121.548s] -- Installing: /home/salem/graduation_project_ws/install/moveit_core/lib/libmoveit_butterworth_filter.so.2.5.9
[121.549s] -- Set runtime path of "/home/salem/graduation_project_ws/install/moveit_core/lib/libmoveit_butterworth_filter.so.2.5.9" to ""
[121.549s] -- Installing: /home/salem/graduation_project_ws/install/moveit_core/lib/libmoveit_butterworth_filter.so
[121.549s] -- Installing: /home/salem/graduation_project_ws/install/moveit_core/lib/libmoveit_collision_distance_field.so.2.5.9
[121.550s] -- Set runtime path of "/home/salem/graduation_project_ws/install/moveit_core/lib/libmoveit_collision_distance_field.so.2.5.9" to ""
[121.550s] -- Installing: /home/salem/graduation_project_ws/install/moveit_core/lib/libmoveit_collision_distance_field.so
[121.550s] -- Installing: /home/salem/graduation_project_ws/install/moveit_core/lib/libmoveit_collision_detection.so.2.5.9
[121.551s] -- Set runtime path of "/home/salem/graduation_project_ws/install/moveit_core/lib/libmoveit_collision_detection.so.2.5.9" to ""
[121.551s] -- Installing: /home/salem/graduation_project_ws/install/moveit_core/lib/libmoveit_collision_detection.so
[121.551s] -- Installing: /home/salem/graduation_project_ws/install/moveit_core/lib/libmoveit_collision_detection_fcl.so.2.5.9
[121.552s] -- Set runtime path of "/home/salem/graduation_project_ws/install/moveit_core/lib/libmoveit_collision_detection_fcl.so.2.5.9" to ""
[121.552s] -- Installing: /home/salem/graduation_project_ws/install/moveit_core/lib/libmoveit_collision_detection_fcl.so
[121.552s] -- Installing: /home/salem/graduation_project_ws/install/moveit_core/lib/libmoveit_collision_detection_bullet.so.2.5.9
[121.553s] -- Set runtime path of "/home/salem/graduation_project_ws/install/moveit_core/lib/libmoveit_collision_detection_bullet.so.2.5.9" to ""
[121.553s] -- Installing: /home/salem/graduation_project_ws/install/moveit_core/lib/libmoveit_collision_detection_bullet.so
[121.553s] -- Installing: /home/salem/graduation_project_ws/install/moveit_core/lib/libmoveit_dynamics_solver.so.2.5.9
[121.554s] -- Set runtime path of "/home/salem/graduation_project_ws/install/moveit_core/lib/libmoveit_dynamics_solver.so.2.5.9" to ""
[121.554s] -- Installing: /home/salem/graduation_project_ws/install/moveit_core/lib/libmoveit_dynamics_solver.so
[121.554s] -- Installing: /home/salem/graduation_project_ws/install/moveit_core/lib/libmoveit_constraint_samplers.so.2.5.9
[121.555s] -- Set runtime path of "/home/salem/graduation_project_ws/install/moveit_core/lib/libmoveit_constraint_samplers.so.2.5.9" to ""
[121.555s] -- Installing: /home/salem/graduation_project_ws/install/moveit_core/lib/libmoveit_constraint_samplers.so
[121.555s] -- Installing: /home/salem/graduation_project_ws/install/moveit_core/lib/libmoveit_distance_field.so.2.5.9
[121.556s] -- Set runtime path of "/home/salem/graduation_project_ws/install/moveit_core/lib/libmoveit_distance_field.so.2.5.9" to ""
[121.556s] -- Installing: /home/salem/graduation_project_ws/install/moveit_core/lib/libmoveit_distance_field.so
[121.556s] -- Installing: /home/salem/graduation_project_ws/install/moveit_core/lib/libmoveit_exceptions.so.2.5.9
[121.556s] -- Set runtime path of "/home/salem/graduation_project_ws/install/moveit_core/lib/libmoveit_exceptions.so.2.5.9" to ""
[121.556s] -- Installing: /home/salem/graduation_project_ws/install/moveit_core/lib/libmoveit_exceptions.so
[121.556s] -- Installing: /home/salem/graduation_project_ws/install/moveit_core/lib/libmoveit_kinematics_base.so
[121.557s] -- Set runtime path of "/home/salem/graduation_project_ws/install/moveit_core/lib/libmoveit_kinematics_base.so" to ""
[121.557s] -- Installing: /home/salem/graduation_project_ws/install/moveit_core/lib/libmoveit_kinematic_constraints.so.2.5.9
[121.558s] -- Set runtime path of "/home/salem/graduation_project_ws/install/moveit_core/lib/libmoveit_kinematic_constraints.so.2.5.9" to ""
[121.558s] -- Installing: /home/salem/graduation_project_ws/install/moveit_core/lib/libmoveit_kinematic_constraints.so
[121.558s] -- Installing: /home/salem/graduation_project_ws/install/moveit_core/lib/libmoveit_kinematics_metrics.so.2.5.9
[121.559s] -- Set runtime path of "/home/salem/graduation_project_ws/install/moveit_core/lib/libmoveit_kinematics_metrics.so.2.5.9" to ""
[121.559s] -- Installing: /home/salem/graduation_project_ws/install/moveit_core/lib/libmoveit_kinematics_metrics.so
[121.559s] -- Installing: /home/salem/graduation_project_ws/install/moveit_core/lib/libmoveit_planning_interface.so.2.5.9
[121.560s] -- Set runtime path of "/home/salem/graduation_project_ws/install/moveit_core/lib/libmoveit_planning_interface.so.2.5.9" to ""
[121.560s] -- Installing: /home/salem/graduation_project_ws/install/moveit_core/lib/libmoveit_planning_interface.so
[121.560s] -- Installing: /home/salem/graduation_project_ws/install/moveit_core/lib/libmoveit_planning_scene.so.2.5.9
[121.561s] -- Set runtime path of "/home/salem/graduation_project_ws/install/moveit_core/lib/libmoveit_planning_scene.so.2.5.9" to ""
[121.561s] -- Installing: /home/salem/graduation_project_ws/install/moveit_core/lib/libmoveit_planning_scene.so
[121.561s] -- Installing: /home/salem/graduation_project_ws/install/moveit_core/lib/libmoveit_planning_request_adapter.so.2.5.9
[121.562s] -- Set runtime path of "/home/salem/graduation_project_ws/install/moveit_core/lib/libmoveit_planning_request_adapter.so.2.5.9" to ""
[121.562s] -- Installing: /home/salem/graduation_project_ws/install/moveit_core/lib/libmoveit_planning_request_adapter.so
[121.562s] -- Installing: /home/salem/graduation_project_ws/install/moveit_core/lib/libmoveit_robot_model.so.2.5.9
[121.563s] -- Set runtime path of "/home/salem/graduation_project_ws/install/moveit_core/lib/libmoveit_robot_model.so.2.5.9" to ""
[121.563s] -- Installing: /home/salem/graduation_project_ws/install/moveit_core/lib/libmoveit_robot_model.so
[121.563s] -- Installing: /home/salem/graduation_project_ws/install/moveit_core/lib/libmoveit_robot_state.so.2.5.9
[121.565s] -- Set runtime path of "/home/salem/graduation_project_ws/install/moveit_core/lib/libmoveit_robot_state.so.2.5.9" to ""
[121.565s] -- Installing: /home/salem/graduation_project_ws/install/moveit_core/lib/libmoveit_robot_state.so
[121.565s] -- Installing: /home/salem/graduation_project_ws/install/moveit_core/lib/libmoveit_robot_trajectory.so.2.5.9
[121.565s] -- Set runtime path of "/home/salem/graduation_project_ws/install/moveit_core/lib/libmoveit_robot_trajectory.so.2.5.9" to ""
[121.565s] -- Installing: /home/salem/graduation_project_ws/install/moveit_core/lib/libmoveit_robot_trajectory.so
[121.566s] -- Installing: /home/salem/graduation_project_ws/install/moveit_core/lib/libmoveit_smoothing_base.so.2.5.9
[121.566s] -- Set runtime path of "/home/salem/graduation_project_ws/install/moveit_core/lib/libmoveit_smoothing_base.so.2.5.9" to ""
[121.566s] -- Installing: /home/salem/graduation_project_ws/install/moveit_core/lib/libmoveit_smoothing_base.so
[121.566s] -- Installing: /home/salem/graduation_project_ws/install/moveit_core/lib/libmoveit_test_utils.so.2.5.9
[121.567s] -- Set runtime path of "/home/salem/graduation_project_ws/install/moveit_core/lib/libmoveit_test_utils.so.2.5.9" to ""
[121.567s] -- Installing: /home/salem/graduation_project_ws/install/moveit_core/lib/libmoveit_test_utils.so
[121.567s] -- Installing: /home/salem/graduation_project_ws/install/moveit_core/lib/libmoveit_trajectory_processing.so.2.5.9
[121.568s] -- Set runtime path of "/home/salem/graduation_project_ws/install/moveit_core/lib/libmoveit_trajectory_processing.so.2.5.9" to ""
[121.568s] -- Installing: /home/salem/graduation_project_ws/install/moveit_core/lib/libmoveit_trajectory_processing.so
[121.568s] -- Installing: /home/salem/graduation_project_ws/install/moveit_core/lib/libmoveit_transforms.so.2.5.9
[121.569s] -- Set runtime path of "/home/salem/graduation_project_ws/install/moveit_core/lib/libmoveit_transforms.so.2.5.9" to ""
[121.569s] -- Installing: /home/salem/graduation_project_ws/install/moveit_core/lib/libmoveit_transforms.so
[121.569s] -- Installing: /home/salem/graduation_project_ws/install/moveit_core/lib/libmoveit_utils.so.2.5.9
[121.570s] -- Set runtime path of "/home/salem/graduation_project_ws/install/moveit_core/lib/libmoveit_utils.so.2.5.9" to ""
[121.570s] -- Installing: /home/salem/graduation_project_ws/install/moveit_core/lib/libmoveit_utils.so
[121.570s] -- Installing: /home/salem/graduation_project_ws/install/moveit_core/share/moveit_core/environment/library_path.sh
[121.570s] -- Installing: /home/salem/graduation_project_ws/install/moveit_core/share/moveit_core/environment/library_path.dsv
[121.570s] -- Installing: /home/salem/graduation_project_ws/install/moveit_core/share/moveit_core/collision_detector_fcl_description.xml
[121.571s] -- Installing: /home/salem/graduation_project_ws/install/moveit_core/share/moveit_core/collision_detector_bullet_description.xml
[121.571s] -- Installing: /home/salem/graduation_project_ws/install/moveit_core/share/moveit_core/filter_plugin_butterworth.xml
[121.571s] -- Installing: /home/salem/graduation_project_ws/install/moveit_core/share/ament_index/resource_index/package_run_dependencies/moveit_core
[121.572s] -- Installing: /home/salem/graduation_project_ws/install/moveit_core/share/ament_index/resource_index/parent_prefix_path/moveit_core
[121.572s] -- Installing: /home/salem/graduation_project_ws/install/moveit_core/share/moveit_core/environment/ament_prefix_path.sh
[121.572s] -- Installing: /home/salem/graduation_project_ws/install/moveit_core/share/moveit_core/environment/ament_prefix_path.dsv
[121.572s] -- Installing: /home/salem/graduation_project_ws/install/moveit_core/share/moveit_core/environment/path.sh
[121.573s] -- Installing: /home/salem/graduation_project_ws/install/moveit_core/share/moveit_core/environment/path.dsv
[121.573s] -- Installing: /home/salem/graduation_project_ws/install/moveit_core/share/moveit_core/local_setup.bash
[121.573s] -- Installing: /home/salem/graduation_project_ws/install/moveit_core/share/moveit_core/local_setup.sh
[121.573s] -- Installing: /home/salem/graduation_project_ws/install/moveit_core/share/moveit_core/local_setup.zsh
[121.573s] -- Installing: /home/salem/graduation_project_ws/install/moveit_core/share/moveit_core/local_setup.dsv
[121.574s] -- Installing: /home/salem/graduation_project_ws/install/moveit_core/share/moveit_core/package.dsv
[121.574s] -- Installing: /home/salem/graduation_project_ws/install/moveit_core/share/ament_index/resource_index/packages/moveit_core
[121.574s] -- Installing: /home/salem/graduation_project_ws/install/moveit_core/share/ament_index/resource_index/moveit_core__pluginlib__plugin/moveit_core
[121.574s] -- Installing: /home/salem/graduation_project_ws/install/moveit_core/share/moveit_core/cmake/export_moveit_coreExport.cmake
[121.575s] -- Installing: /home/salem/graduation_project_ws/install/moveit_core/share/moveit_core/cmake/export_moveit_coreExport-release.cmake
[121.575s] -- Installing: /home/salem/graduation_project_ws/install/moveit_core/share/moveit_core/cmake/ConfigExtras.cmake
[121.575s] -- Installing: /home/salem/graduation_project_ws/install/moveit_core/share/moveit_core/cmake/ament_cmake_export_targets-extras.cmake
[121.575s] -- Installing: /home/salem/graduation_project_ws/install/moveit_core/share/moveit_core/cmake/ament_cmake_export_dependencies-extras.cmake
[121.576s] -- Installing: /home/salem/graduation_project_ws/install/moveit_core/share/moveit_core/cmake/moveit_coreConfig.cmake
[121.576s] -- Installing: /home/salem/graduation_project_ws/install/moveit_core/share/moveit_core/cmake/moveit_coreConfig-version.cmake
[121.576s] -- Installing: /home/salem/graduation_project_ws/install/moveit_core/share/moveit_core/package.xml
[121.590s] Invoked command in '/home/salem/graduation_project_ws/build/moveit_core' returned '0': AMENT_PREFIX_PATH=/home/salem/graduation_project_ws/install/moveit_resources_panda_moveit_config:/home/salem/graduation_project_ws/install/srdfdom:/home/salem/graduation_project_ws/install/moveit_resources_pr2_description:/home/salem/graduation_project_ws/install/moveit_resources_panda_description:/home/salem/graduation_project_ws/install/moveit_common:${AMENT_PREFIX_PATH} CMAKE_PREFIX_PATH=/home/salem/graduation_project_ws/install/moveit_resources_panda_moveit_config:/home/salem/graduation_project_ws/install/srdfdom:/home/salem/graduation_project_ws/install/moveit_resources_pr2_description:/home/salem/graduation_project_ws/install/moveit_resources_panda_description:/home/salem/graduation_project_ws/install/moveit_common:/home/salem/ros2_ws/install/labvolt5250a0_description:/home/salem/ws_moveit2/install/pilz_industrial_motion_planner_testutils:/home/salem/ws_moveit2/install/panda_moveit_config:/home/salem/ws_moveit2/install/moveit_runtime:/home/salem/ws_moveit2/install/moveit2_tutorials:/home/salem/ws_moveit2/install/moveit:/home/salem/ws_moveit2/install/moveit_planners:/home/salem/ws_moveit2/install/pilz_industrial_motion_planner:/home/salem/ws_moveit2/install/moveit_visual_tools:/home/salem/ws_moveit2/install/moveit_task_constructor_visualization:/home/salem/ws_moveit2/install/moveit_task_constructor_demo:/home/salem/ws_moveit2/install/moveit_task_constructor_capabilities:/home/salem/ws_moveit2/install/moveit_task_constructor_core:/home/salem/ws_moveit2/install/moveit_ros_control_interface:/home/salem/ws_moveit2/install/moveit_plugins:/home/salem/ws_moveit2/install/moveit_simple_controller_manager:/home/salem/ws_moveit2/install/moveit_setup_assistant:/home/salem/ws_moveit2/install/moveit_setup_srdf_plugins:/home/salem/ws_moveit2/install/moveit_setup_core_plugins:/home/salem/ws_moveit2/install/moveit_setup_controllers:/home/salem/ws_moveit2/install/moveit_setup_app_plugins:/home/salem/ws_moveit2/install/moveit_setup_framework:/home/salem/ws_moveit2/install/moveit_servo:/home/salem/ws_moveit2/install/moveit_ros:/home/salem/ws_moveit2/install/moveit_ros_visualization:/home/salem/ws_moveit2/install/moveit_hybrid_planning:/home/salem/ws_moveit2/install/moveit_ros_planning_interface:/home/salem/ws_moveit2/install/moveit_ros_benchmarks:/home/salem/ws_moveit2/install/moveit_ros_warehouse:/home/salem/ws_moveit2/install/moveit_ros_robot_interaction:/home/salem/ws_moveit2/install/moveit_ros_perception:/home/salem/ws_moveit2/install/moveit_resources_prbt_pg70_support:/home/salem/ws_moveit2/install/moveit_resources_prbt_moveit_config:/home/salem/ws_moveit2/install/moveit_ros_move_group:/home/salem/ws_moveit2/install/moveit_planners_ompl:/home/salem/ws_moveit2/install/moveit_ros_planning:/home/salem/ws_moveit2/install/moveit_ros_occupancy_map_monitor:/home/salem/ws_moveit2/install/moveit_resources_prbt_ikfast_manipulator_plugin:/home/salem/ws_moveit2/install/moveit_planners_chomp:/home/salem/ws_moveit2/install/moveit_kinematics:/home/salem/ws_moveit2/install/moveit_chomp_optimizer_adapter:/home/salem/ws_moveit2/install/chomp_motion_planner:/home/salem/ws_moveit2/install/moveit_core:/home/salem/ws_moveit2/install/srdfdom:/home/salem/ws_moveit2/install/rviz_marker_tools:/home/salem/ws_moveit2/install/rosparam_shortcuts:/home/salem/ws_moveit2/install/moveit_task_constructor_msgs:/home/salem/ws_moveit2/install/moveit_resources_prbt_support:/home/salem/ws_moveit2/install/moveit_resources:/home/salem/ws_moveit2/install/moveit_resources_pr2_description:/home/salem/ws_moveit2/install/moveit_resources_panda_moveit_config:/home/salem/ws_moveit2/install/moveit_resources_panda_description:/home/salem/ws_moveit2/install/moveit_resources_fanuc_moveit_config:/home/salem/ws_moveit2/install/moveit_resources_fanuc_description:/home/salem/ws_moveit2/install/moveit_common:/home/salem/microros_ws/install/micro_ros_setup:/home/salem/ros2_ws/install/my_robot_controller:/home/salem/ws_moveit2/install/moveit_configs_utils:/home/salem/ws_moveit2/install/launch_param_builder:/opt/ros/humble LD_LIBRARY_PATH=/home/salem/graduation_project_ws/install/srdfdom/lib:${LD_LIBRARY_PATH} PYTHONPATH=/home/salem/graduation_project_ws/install/srdfdom/local/lib/python3.10/dist-packages:${PYTHONPATH} /usr/bin/cmake --install /home/salem/graduation_project_ws/build/moveit_core
