[0.013s] Invoking command in '/home/salem/graduation_project_ws/build/rosparam_shortcuts': CMAKE_PREFIX_PATH=${CMAKE_PREFIX_PATH}:/home/salem/ros2_ws/install/my_robot_controller:/home/salem/ws_moveit2/install/moveit_configs_utils:/home/salem/ws_moveit2/install/launch_param_builder:/opt/ros/humble /usr/bin/cmake --build /home/salem/graduation_project_ws/build/rosparam_shortcuts -- -j16 -l16
[0.098s] [ 15%] Built target gtest_main
[0.099s] [ 30%] Built target gtest
[0.116s] [ 53%] Built target rosparam_shortcuts
[0.153s] [100%] Built target rosparam_shortcuts_example
[0.153s] [100%] Built target test_node_parameters
[0.153s] [100%] Built target rosparam_shortcuts_node_parameters_example
[0.165s] Invoked command in '/home/salem/graduation_project_ws/build/rosparam_shortcuts' returned '0': CMAKE_PREFIX_PATH=${CMAKE_PREFIX_PATH}:/home/salem/ros2_ws/install/my_robot_controller:/home/salem/ws_moveit2/install/moveit_configs_utils:/home/salem/ws_moveit2/install/launch_param_builder:/opt/ros/humble /usr/bin/cmake --build /home/salem/graduation_project_ws/build/rosparam_shortcuts -- -j16 -l16
[0.167s] Invoking command in '/home/salem/graduation_project_ws/build/rosparam_shortcuts': CMAKE_PREFIX_PATH=${CMAKE_PREFIX_PATH}:/home/salem/ros2_ws/install/my_robot_controller:/home/salem/ws_moveit2/install/moveit_configs_utils:/home/salem/ws_moveit2/install/launch_param_builder:/opt/ros/humble /usr/bin/cmake --install /home/salem/graduation_project_ws/build/rosparam_shortcuts
[0.176s] -- Install configuration: ""
[0.177s] -- Up-to-date: /home/salem/graduation_project_ws/install/rosparam_shortcuts/lib/librosparam_shortcuts.so
[0.178s] -- Up-to-date: /home/salem/graduation_project_ws/install/rosparam_shortcuts/lib/rosparam_shortcuts/example
[0.178s] -- Up-to-date: /home/salem/graduation_project_ws/install/rosparam_shortcuts/lib/rosparam_shortcuts/node_parameters_example
[0.179s] -- Up-to-date: /home/salem/graduation_project_ws/install/rosparam_shortcuts/include
[0.179s] -- Up-to-date: /home/salem/graduation_project_ws/install/rosparam_shortcuts/include/rosparam_shortcuts
[0.179s] -- Up-to-date: /home/salem/graduation_project_ws/install/rosparam_shortcuts/include/rosparam_shortcuts/rosparam_shortcuts.h
[0.179s] -- Up-to-date: /home/salem/graduation_project_ws/install/rosparam_shortcuts/include/rosparam_shortcuts/node_parameters.h
[0.179s] -- Up-to-date: /home/salem/graduation_project_ws/install/rosparam_shortcuts/share/rosparam_shortcuts/launch
[0.179s] -- Up-to-date: /home/salem/graduation_project_ws/install/rosparam_shortcuts/share/rosparam_shortcuts/launch/example.launch.py
[0.179s] -- Up-to-date: /home/salem/graduation_project_ws/install/rosparam_shortcuts/share/rosparam_shortcuts/config
[0.179s] -- Up-to-date: /home/salem/graduation_project_ws/install/rosparam_shortcuts/share/rosparam_shortcuts/config/example.yaml
[0.180s] -- Up-to-date: /home/salem/graduation_project_ws/install/rosparam_shortcuts/share/rosparam_shortcuts/environment/library_path.sh
[0.180s] -- Up-to-date: /home/salem/graduation_project_ws/install/rosparam_shortcuts/share/rosparam_shortcuts/environment/library_path.dsv
[0.180s] -- Up-to-date: /home/salem/graduation_project_ws/install/rosparam_shortcuts/share/ament_index/resource_index/package_run_dependencies/rosparam_shortcuts
[0.180s] -- Up-to-date: /home/salem/graduation_project_ws/install/rosparam_shortcuts/share/ament_index/resource_index/parent_prefix_path/rosparam_shortcuts
[0.180s] -- Up-to-date: /home/salem/graduation_project_ws/install/rosparam_shortcuts/share/rosparam_shortcuts/environment/ament_prefix_path.sh
[0.180s] -- Up-to-date: /home/salem/graduation_project_ws/install/rosparam_shortcuts/share/rosparam_shortcuts/environment/ament_prefix_path.dsv
[0.180s] -- Up-to-date: /home/salem/graduation_project_ws/install/rosparam_shortcuts/share/rosparam_shortcuts/environment/path.sh
[0.180s] -- Up-to-date: /home/salem/graduation_project_ws/install/rosparam_shortcuts/share/rosparam_shortcuts/environment/path.dsv
[0.181s] -- Up-to-date: /home/salem/graduation_project_ws/install/rosparam_shortcuts/share/rosparam_shortcuts/local_setup.bash
[0.181s] -- Up-to-date: /home/salem/graduation_project_ws/install/rosparam_shortcuts/share/rosparam_shortcuts/local_setup.sh
[0.181s] -- Up-to-date: /home/salem/graduation_project_ws/install/rosparam_shortcuts/share/rosparam_shortcuts/local_setup.zsh
[0.181s] -- Up-to-date: /home/salem/graduation_project_ws/install/rosparam_shortcuts/share/rosparam_shortcuts/local_setup.dsv
[0.181s] -- Installing: /home/salem/graduation_project_ws/install/rosparam_shortcuts/share/rosparam_shortcuts/package.dsv
[0.181s] -- Up-to-date: /home/salem/graduation_project_ws/install/rosparam_shortcuts/share/ament_index/resource_index/packages/rosparam_shortcuts
[0.182s] -- Up-to-date: /home/salem/graduation_project_ws/install/rosparam_shortcuts/share/rosparam_shortcuts/cmake/export_rosparam_shortcutsExport.cmake
[0.182s] -- Up-to-date: /home/salem/graduation_project_ws/install/rosparam_shortcuts/share/rosparam_shortcuts/cmake/export_rosparam_shortcutsExport-noconfig.cmake
[0.182s] -- Up-to-date: /home/salem/graduation_project_ws/install/rosparam_shortcuts/share/rosparam_shortcuts/cmake/ament_cmake_export_targets-extras.cmake
[0.182s] -- Up-to-date: /home/salem/graduation_project_ws/install/rosparam_shortcuts/share/rosparam_shortcuts/cmake/ament_cmake_export_dependencies-extras.cmake
[0.182s] -- Up-to-date: /home/salem/graduation_project_ws/install/rosparam_shortcuts/share/rosparam_shortcuts/cmake/rosparam_shortcutsConfig.cmake
[0.182s] -- Up-to-date: /home/salem/graduation_project_ws/install/rosparam_shortcuts/share/rosparam_shortcuts/cmake/rosparam_shortcutsConfig-version.cmake
[0.182s] -- Up-to-date: /home/salem/graduation_project_ws/install/rosparam_shortcuts/share/rosparam_shortcuts/package.xml
[0.184s] Invoked command in '/home/salem/graduation_project_ws/build/rosparam_shortcuts' returned '0': CMAKE_PREFIX_PATH=${CMAKE_PREFIX_PATH}:/home/salem/ros2_ws/install/my_robot_controller:/home/salem/ws_moveit2/install/moveit_configs_utils:/home/salem/ws_moveit2/install/launch_param_builder:/opt/ros/humble /usr/bin/cmake --install /home/salem/graduation_project_ws/build/rosparam_shortcuts
