[0.020s] Invoking command in '/home/salem/graduation_project_ws/build/moveit_core': AMENT_PREFIX_PATH=/home/salem/graduation_project_ws/install/moveit_resources_panda_moveit_config:/home/salem/graduation_project_ws/install/srdfdom:/home/salem/graduation_project_ws/install/moveit_resources_pr2_description:/home/salem/graduation_project_ws/install/moveit_resources_panda_description:/home/salem/graduation_project_ws/install/moveit_common:${AMENT_PREFIX_PATH} CMAKE_PREFIX_PATH=/home/salem/graduation_project_ws/install/moveit_resources_panda_moveit_config:/home/salem/graduation_project_ws/install/srdfdom:/home/salem/graduation_project_ws/install/moveit_resources_pr2_description:/home/salem/graduation_project_ws/install/moveit_resources_panda_description:/home/salem/graduation_project_ws/install/moveit_common:/home/salem/ros2_ws/install/labvolt5250a0_description:/home/salem/ws_moveit2/install/pilz_industrial_motion_planner_testutils:/home/salem/ws_moveit2/install/panda_moveit_config:/home/salem/ws_moveit2/install/moveit_runtime:/home/salem/ws_moveit2/install/moveit2_tutorials:/home/salem/ws_moveit2/install/moveit:/home/salem/ws_moveit2/install/moveit_planners:/home/salem/ws_moveit2/install/pilz_industrial_motion_planner:/home/salem/ws_moveit2/install/moveit_visual_tools:/home/salem/ws_moveit2/install/moveit_task_constructor_visualization:/home/salem/ws_moveit2/install/moveit_task_constructor_demo:/home/salem/ws_moveit2/install/moveit_task_constructor_capabilities:/home/salem/ws_moveit2/install/moveit_task_constructor_core:/home/salem/ws_moveit2/install/moveit_ros_control_interface:/home/salem/ws_moveit2/install/moveit_plugins:/home/salem/ws_moveit2/install/moveit_simple_controller_manager:/home/salem/ws_moveit2/install/moveit_setup_assistant:/home/salem/ws_moveit2/install/moveit_setup_srdf_plugins:/home/salem/ws_moveit2/install/moveit_setup_core_plugins:/home/salem/ws_moveit2/install/moveit_setup_controllers:/home/salem/ws_moveit2/install/moveit_setup_app_plugins:/home/salem/ws_moveit2/install/moveit_setup_framework:/home/salem/ws_moveit2/install/moveit_servo:/home/salem/ws_moveit2/install/moveit_ros:/home/salem/ws_moveit2/install/moveit_ros_visualization:/home/salem/ws_moveit2/install/moveit_hybrid_planning:/home/salem/ws_moveit2/install/moveit_ros_planning_interface:/home/salem/ws_moveit2/install/moveit_ros_benchmarks:/home/salem/ws_moveit2/install/moveit_ros_warehouse:/home/salem/ws_moveit2/install/moveit_ros_robot_interaction:/home/salem/ws_moveit2/install/moveit_ros_perception:/home/salem/ws_moveit2/install/moveit_resources_prbt_pg70_support:/home/salem/ws_moveit2/install/moveit_resources_prbt_moveit_config:/home/salem/ws_moveit2/install/moveit_ros_move_group:/home/salem/ws_moveit2/install/moveit_planners_ompl:/home/salem/ws_moveit2/install/moveit_ros_planning:/home/salem/ws_moveit2/install/moveit_ros_occupancy_map_monitor:/home/salem/ws_moveit2/install/moveit_resources_prbt_ikfast_manipulator_plugin:/home/salem/ws_moveit2/install/moveit_planners_chomp:/home/salem/ws_moveit2/install/moveit_kinematics:/home/salem/ws_moveit2/install/moveit_chomp_optimizer_adapter:/home/salem/ws_moveit2/install/chomp_motion_planner:/home/salem/ws_moveit2/install/moveit_core:/home/salem/ws_moveit2/install/srdfdom:/home/salem/ws_moveit2/install/rviz_marker_tools:/home/salem/ws_moveit2/install/rosparam_shortcuts:/home/salem/ws_moveit2/install/moveit_task_constructor_msgs:/home/salem/ws_moveit2/install/moveit_resources_prbt_support:/home/salem/ws_moveit2/install/moveit_resources:/home/salem/ws_moveit2/install/moveit_resources_pr2_description:/home/salem/ws_moveit2/install/moveit_resources_panda_moveit_config:/home/salem/ws_moveit2/install/moveit_resources_panda_description:/home/salem/ws_moveit2/install/moveit_resources_fanuc_moveit_config:/home/salem/ws_moveit2/install/moveit_resources_fanuc_description:/home/salem/ws_moveit2/install/moveit_common:/home/salem/microros_ws/install/micro_ros_setup:/home/salem/ros2_ws/install/my_robot_controller:/home/salem/ws_moveit2/install/moveit_configs_utils:/home/salem/ws_moveit2/install/launch_param_builder:/opt/ros/humble LD_LIBRARY_PATH=/home/salem/graduation_project_ws/install/srdfdom/lib:${LD_LIBRARY_PATH} PYTHONPATH=/home/salem/graduation_project_ws/install/srdfdom/local/lib/python3.10/dist-packages:${PYTHONPATH} /usr/bin/cmake /home/salem/graduation_project_ws/src/moveit2/moveit_core -DCMAKE_BUILD_TYPE=Release -DCMAKE_INSTALL_PREFIX=/home/salem/graduation_project_ws/install/moveit_core
[0.034s] -- Found moveit_common: 2.5.9 (/home/salem/graduation_project_ws/install/moveit_common/share/moveit_common/cmake)
[0.034s] -- Found ament_cmake: 1.3.11 (/opt/ros/humble/share/ament_cmake/cmake)
[0.189s] -- Found angles: 1.15.0 (/opt/ros/humble/share/angles/cmake)
[0.213s] -- Found common_interfaces: 4.8.0 (/opt/ros/humble/share/common_interfaces/cmake)
[0.213s] -- Found eigen_stl_containers: 1.1.0 (/opt/ros/humble/share/eigen_stl_containers/cmake)
[0.215s] -- Found eigen3_cmake_module: 0.1.1 (/opt/ros/humble/share/eigen3_cmake_module/cmake)
[0.217s] -- Found generate_parameter_library: 0.4.0 (/opt/ros/humble/share/generate_parameter_library/cmake)
[0.217s] -- Found parameter_traits: 0.4.0 (/opt/ros/humble/share/parameter_traits/cmake)
[0.234s] -- Found rosidl_generator_c: 3.1.6 (/opt/ros/humble/share/rosidl_generator_c/cmake)
[0.236s] -- Found rosidl_adapter: 3.1.6 (/opt/ros/humble/share/rosidl_adapter/cmake)
[0.240s] -- Found rosidl_generator_cpp: 3.1.6 (/opt/ros/humble/share/rosidl_generator_cpp/cmake)
[0.249s] -- Using all available rosidl_typesupport_c: rosidl_typesupport_fastrtps_c;rosidl_typesupport_introspection_c
[0.260s] -- Using all available rosidl_typesupport_cpp: rosidl_typesupport_fastrtps_cpp;rosidl_typesupport_introspection_cpp
[0.285s] -- Found rmw_implementation_cmake: 6.1.2 (/opt/ros/humble/share/rmw_implementation_cmake/cmake)
[0.288s] -- Found rmw_fastrtps_cpp: 6.2.7 (/opt/ros/humble/share/rmw_fastrtps_cpp/cmake)
[0.400s] -- Using RMW implementation 'rmw_fastrtps_cpp' as default
[0.441s] -- Found rclcpp_lifecycle: 16.0.12 (/opt/ros/humble/share/rclcpp_lifecycle/cmake)
[0.453s] -- Found geometric_shapes: 2.3.2 (/opt/ros/humble/share/geometric_shapes/cmake)
[0.456s] -- Found Boost: /usr/lib/x86_64-linux-gnu/cmake/Boost-1.74.0/BoostConfig.cmake (found version "1.74.0") found components: filesystem 
[0.503s] -- library: /usr/lib/x86_64-linux-gnu/libcurl.so
[0.540s] -- Found kdl_parser: 2.6.4 (/opt/ros/humble/share/kdl_parser/cmake)
[0.543s] -- Ensuring Eigen3 include directory is part of orocos-kdl CMake target
[0.544s] -- Found moveit_msgs: 2.2.1 (/opt/ros/humble/share/moveit_msgs/cmake)
[0.619s] -- Found pluginlib: 5.1.0 (/opt/ros/humble/share/pluginlib/cmake)
[0.638s] -- Found srdfdom: 2.0.7 (/home/salem/graduation_project_ws/install/srdfdom/share/srdfdom/cmake)
[0.643s] -- Found tf2_eigen: 0.25.12 (/opt/ros/humble/share/tf2_eigen/cmake)
[0.685s] -- Found tf2_geometry_msgs: 0.25.12 (/opt/ros/humble/share/tf2_geometry_msgs/cmake)
[0.688s] -- Found tf2_kdl: 0.25.12 (/opt/ros/humble/share/tf2_kdl/cmake)
[0.753s] -- Found Boost: /usr/lib/x86_64-linux-gnu/cmake/Boost-1.74.0/BoostConfig.cmake (found version "1.74.0") found components: chrono date_time filesystem iostreams program_options regex serialization system thread 
[0.753s] --  *** Building MoveIt 2.5.9-Alpha ***
[0.769s] -- Found ament_cmake_gtest: 1.3.11 (/opt/ros/humble/share/ament_cmake_gtest/cmake)
[0.769s] -- Found gtest sources under '/opt/ros/humble/src/gtest_vendor': C++ tests using 'Google Test' will be built
[0.788s] -- Found ament_cmake_gmock: 1.3.11 (/opt/ros/humble/share/ament_cmake_gmock/cmake)
[0.789s] -- Found gmock sources under '/opt/ros/humble/src/gmock_vendor': C++ tests using 'Google Mock' will be built
[0.792s] -- Found ament_cmake_gtest: 1.3.11 (/opt/ros/humble/share/ament_cmake_gtest/cmake)
[0.792s] -- Found gtest sources under '/opt/ros/humble/src/gtest_vendor': C++ tests using 'Google Test' will be built
[0.812s] -- Found ament_cmake_gtest: 1.3.11 (/opt/ros/humble/share/ament_cmake_gtest/cmake)
[0.812s] -- Found gtest sources under '/opt/ros/humble/src/gtest_vendor': C++ tests using 'Google Test' will be built
[0.860s] -- Found ament_cmake_gtest: 1.3.11 (/opt/ros/humble/share/ament_cmake_gtest/cmake)
[0.860s] -- Found gtest sources under '/opt/ros/humble/src/gtest_vendor': C++ tests using 'Google Test' will be built
[0.876s] -- Found ament_lint_auto: 0.12.12 (/opt/ros/humble/share/ament_lint_auto/cmake)
[0.877s] -- Found ament_cmake_gtest: 1.3.11 (/opt/ros/humble/share/ament_cmake_gtest/cmake)
[0.877s] -- Found gtest sources under '/opt/ros/humble/src/gtest_vendor': C++ tests using 'Google Test' will be built
[0.910s] -- Found ament_cmake_gtest: 1.3.11 (/opt/ros/humble/share/ament_cmake_gtest/cmake)
[0.910s] -- Found gtest sources under '/opt/ros/humble/src/gtest_vendor': C++ tests using 'Google Test' will be built
[0.935s] -- Found ament_cmake_gtest: 1.3.11 (/opt/ros/humble/share/ament_cmake_gtest/cmake)
[0.936s] -- Found gtest sources under '/opt/ros/humble/src/gtest_vendor': C++ tests using 'Google Test' will be built
[0.954s] -- Found ament_cmake_gtest: 1.3.11 (/opt/ros/humble/share/ament_cmake_gtest/cmake)
[0.954s] -- Found gmock sources under '/opt/ros/humble/src/gmock_vendor': C++ tests using 'Google Mock' will be built
[0.955s] -- Found gtest sources under '/opt/ros/humble/src/gtest_vendor': C++ tests using 'Google Test' will be built
[0.967s] -- Found gtest sources under '/opt/ros/humble/src/gtest_vendor': C++ tests using 'Google Test' will be built
[0.982s] -- Found gtest sources under '/opt/ros/humble/src/gtest_vendor': C++ tests using 'Google Test' will be built
[1.001s] -- Found ament_cmake_gtest: 1.3.11 (/opt/ros/humble/share/ament_cmake_gtest/cmake)
[1.002s] -- Found gtest sources under '/opt/ros/humble/src/gtest_vendor': C++ tests using 'Google Test' will be built
[1.039s] -- Found gtest sources under '/opt/ros/humble/src/gtest_vendor': C++ tests using 'Google Test' will be built
[1.065s] -- Found gtest sources under '/opt/ros/humble/src/gtest_vendor': C++ tests using 'Google Test' will be built
[1.084s] -- Found gtest sources under '/opt/ros/humble/src/gtest_vendor': C++ tests using 'Google Test' will be built
[1.089s] -- Found ament_lint_auto: 0.12.12 (/opt/ros/humble/share/ament_lint_auto/cmake)
[1.128s] -- Added test 'cppcheck' to perform static code analysis on C / C++ code
[1.129s] -- Configured cppcheck include dirs: /home/salem/graduation_project_ws/src/moveit2/moveit_core/exceptions/include;/home/salem/graduation_project_ws/src/moveit2/moveit_core/collision_detection/include;/home/salem/graduation_project_ws/src/moveit2/moveit_core/collision_detection_fcl/include;/home/salem/graduation_project_ws/src/moveit2/moveit_core/collision_detection_bullet/include;/home/salem/graduation_project_ws/src/moveit2/moveit_core/constraint_samplers/include;/home/salem/graduation_project_ws/src/moveit2/moveit_core/controller_manager/include;/home/salem/graduation_project_ws/src/moveit2/moveit_core/distance_field/include;/home/salem/graduation_project_ws/src/moveit2/moveit_core/collision_distance_field/include;/home/salem/graduation_project_ws/src/moveit2/moveit_core/dynamics_solver/include;/home/salem/graduation_project_ws/src/moveit2/moveit_core/kinematics_base/include;/home/salem/graduation_project_ws/src/moveit2/moveit_core/kinematics_metrics/include;/home/salem/graduation_project_ws/src/moveit2/moveit_core/robot_model/include;/home/salem/graduation_project_ws/src/moveit2/moveit_core/transforms/include;/home/salem/graduation_project_ws/src/moveit2/moveit_core/robot_state/include;/home/salem/graduation_project_ws/src/moveit2/moveit_core/robot_trajectory/include;/home/salem/graduation_project_ws/src/moveit2/moveit_core/kinematic_constraints/include;/home/salem/graduation_project_ws/src/moveit2/moveit_core/macros/include;/home/salem/graduation_project_ws/src/moveit2/moveit_core/online_signal_smoothing/include;/home/salem/graduation_project_ws/src/moveit2/moveit_core/planning_interface/include;/home/salem/graduation_project_ws/src/moveit2/moveit_core/planning_request_adapter/include;/home/salem/graduation_project_ws/src/moveit2/moveit_core/planning_scene/include;/home/salem/graduation_project_ws/src/moveit2/moveit_core/sensor_manager/include;/home/salem/graduation_project_ws/src/moveit2/moveit_core/trajectory_processing/include;/home/salem/graduation_project_ws/src/moveit2/moveit_core/utils/include
[1.129s] -- Configured cppcheck exclude dirs and/or files: 
[1.132s] -- Added test 'pep257' to check Python code against some of the docstring style conventions in PEP 257
[1.135s] -- Added test 'xmllint' to check XML markup files
[1.137s] -- Configuring done
[1.800s] -- Generating done
[1.927s] -- Build files have been written to: /home/salem/graduation_project_ws/build/moveit_core
[1.960s] Invoked command in '/home/salem/graduation_project_ws/build/moveit_core' returned '0': AMENT_PREFIX_PATH=/home/salem/graduation_project_ws/install/moveit_resources_panda_moveit_config:/home/salem/graduation_project_ws/install/srdfdom:/home/salem/graduation_project_ws/install/moveit_resources_pr2_description:/home/salem/graduation_project_ws/install/moveit_resources_panda_description:/home/salem/graduation_project_ws/install/moveit_common:${AMENT_PREFIX_PATH} CMAKE_PREFIX_PATH=/home/salem/graduation_project_ws/install/moveit_resources_panda_moveit_config:/home/salem/graduation_project_ws/install/srdfdom:/home/salem/graduation_project_ws/install/moveit_resources_pr2_description:/home/salem/graduation_project_ws/install/moveit_resources_panda_description:/home/salem/graduation_project_ws/install/moveit_common:/home/salem/ros2_ws/install/labvolt5250a0_description:/home/salem/ws_moveit2/install/pilz_industrial_motion_planner_testutils:/home/salem/ws_moveit2/install/panda_moveit_config:/home/salem/ws_moveit2/install/moveit_runtime:/home/salem/ws_moveit2/install/moveit2_tutorials:/home/salem/ws_moveit2/install/moveit:/home/salem/ws_moveit2/install/moveit_planners:/home/salem/ws_moveit2/install/pilz_industrial_motion_planner:/home/salem/ws_moveit2/install/moveit_visual_tools:/home/salem/ws_moveit2/install/moveit_task_constructor_visualization:/home/salem/ws_moveit2/install/moveit_task_constructor_demo:/home/salem/ws_moveit2/install/moveit_task_constructor_capabilities:/home/salem/ws_moveit2/install/moveit_task_constructor_core:/home/salem/ws_moveit2/install/moveit_ros_control_interface:/home/salem/ws_moveit2/install/moveit_plugins:/home/salem/ws_moveit2/install/moveit_simple_controller_manager:/home/salem/ws_moveit2/install/moveit_setup_assistant:/home/salem/ws_moveit2/install/moveit_setup_srdf_plugins:/home/salem/ws_moveit2/install/moveit_setup_core_plugins:/home/salem/ws_moveit2/install/moveit_setup_controllers:/home/salem/ws_moveit2/install/moveit_setup_app_plugins:/home/salem/ws_moveit2/install/moveit_setup_framework:/home/salem/ws_moveit2/install/moveit_servo:/home/salem/ws_moveit2/install/moveit_ros:/home/salem/ws_moveit2/install/moveit_ros_visualization:/home/salem/ws_moveit2/install/moveit_hybrid_planning:/home/salem/ws_moveit2/install/moveit_ros_planning_interface:/home/salem/ws_moveit2/install/moveit_ros_benchmarks:/home/salem/ws_moveit2/install/moveit_ros_warehouse:/home/salem/ws_moveit2/install/moveit_ros_robot_interaction:/home/salem/ws_moveit2/install/moveit_ros_perception:/home/salem/ws_moveit2/install/moveit_resources_prbt_pg70_support:/home/salem/ws_moveit2/install/moveit_resources_prbt_moveit_config:/home/salem/ws_moveit2/install/moveit_ros_move_group:/home/salem/ws_moveit2/install/moveit_planners_ompl:/home/salem/ws_moveit2/install/moveit_ros_planning:/home/salem/ws_moveit2/install/moveit_ros_occupancy_map_monitor:/home/salem/ws_moveit2/install/moveit_resources_prbt_ikfast_manipulator_plugin:/home/salem/ws_moveit2/install/moveit_planners_chomp:/home/salem/ws_moveit2/install/moveit_kinematics:/home/salem/ws_moveit2/install/moveit_chomp_optimizer_adapter:/home/salem/ws_moveit2/install/chomp_motion_planner:/home/salem/ws_moveit2/install/moveit_core:/home/salem/ws_moveit2/install/srdfdom:/home/salem/ws_moveit2/install/rviz_marker_tools:/home/salem/ws_moveit2/install/rosparam_shortcuts:/home/salem/ws_moveit2/install/moveit_task_constructor_msgs:/home/salem/ws_moveit2/install/moveit_resources_prbt_support:/home/salem/ws_moveit2/install/moveit_resources:/home/salem/ws_moveit2/install/moveit_resources_pr2_description:/home/salem/ws_moveit2/install/moveit_resources_panda_moveit_config:/home/salem/ws_moveit2/install/moveit_resources_panda_description:/home/salem/ws_moveit2/install/moveit_resources_fanuc_moveit_config:/home/salem/ws_moveit2/install/moveit_resources_fanuc_description:/home/salem/ws_moveit2/install/moveit_common:/home/salem/microros_ws/install/micro_ros_setup:/home/salem/ros2_ws/install/my_robot_controller:/home/salem/ws_moveit2/install/moveit_configs_utils:/home/salem/ws_moveit2/install/launch_param_builder:/opt/ros/humble LD_LIBRARY_PATH=/home/salem/graduation_project_ws/install/srdfdom/lib:${LD_LIBRARY_PATH} PYTHONPATH=/home/salem/graduation_project_ws/install/srdfdom/local/lib/python3.10/dist-packages:${PYTHONPATH} /usr/bin/cmake /home/salem/graduation_project_ws/src/moveit2/moveit_core -DCMAKE_BUILD_TYPE=Release -DCMAKE_INSTALL_PREFIX=/home/salem/graduation_project_ws/install/moveit_core
[1.961s] Invoking command in '/home/salem/graduation_project_ws/build/moveit_core': AMENT_PREFIX_PATH=/home/salem/graduation_project_ws/install/moveit_resources_panda_moveit_config:/home/salem/graduation_project_ws/install/srdfdom:/home/salem/graduation_project_ws/install/moveit_resources_pr2_description:/home/salem/graduation_project_ws/install/moveit_resources_panda_description:/home/salem/graduation_project_ws/install/moveit_common:${AMENT_PREFIX_PATH} CMAKE_PREFIX_PATH=/home/salem/graduation_project_ws/install/moveit_resources_panda_moveit_config:/home/salem/graduation_project_ws/install/srdfdom:/home/salem/graduation_project_ws/install/moveit_resources_pr2_description:/home/salem/graduation_project_ws/install/moveit_resources_panda_description:/home/salem/graduation_project_ws/install/moveit_common:/home/salem/ros2_ws/install/labvolt5250a0_description:/home/salem/ws_moveit2/install/pilz_industrial_motion_planner_testutils:/home/salem/ws_moveit2/install/panda_moveit_config:/home/salem/ws_moveit2/install/moveit_runtime:/home/salem/ws_moveit2/install/moveit2_tutorials:/home/salem/ws_moveit2/install/moveit:/home/salem/ws_moveit2/install/moveit_planners:/home/salem/ws_moveit2/install/pilz_industrial_motion_planner:/home/salem/ws_moveit2/install/moveit_visual_tools:/home/salem/ws_moveit2/install/moveit_task_constructor_visualization:/home/salem/ws_moveit2/install/moveit_task_constructor_demo:/home/salem/ws_moveit2/install/moveit_task_constructor_capabilities:/home/salem/ws_moveit2/install/moveit_task_constructor_core:/home/salem/ws_moveit2/install/moveit_ros_control_interface:/home/salem/ws_moveit2/install/moveit_plugins:/home/salem/ws_moveit2/install/moveit_simple_controller_manager:/home/salem/ws_moveit2/install/moveit_setup_assistant:/home/salem/ws_moveit2/install/moveit_setup_srdf_plugins:/home/salem/ws_moveit2/install/moveit_setup_core_plugins:/home/salem/ws_moveit2/install/moveit_setup_controllers:/home/salem/ws_moveit2/install/moveit_setup_app_plugins:/home/salem/ws_moveit2/install/moveit_setup_framework:/home/salem/ws_moveit2/install/moveit_servo:/home/salem/ws_moveit2/install/moveit_ros:/home/salem/ws_moveit2/install/moveit_ros_visualization:/home/salem/ws_moveit2/install/moveit_hybrid_planning:/home/salem/ws_moveit2/install/moveit_ros_planning_interface:/home/salem/ws_moveit2/install/moveit_ros_benchmarks:/home/salem/ws_moveit2/install/moveit_ros_warehouse:/home/salem/ws_moveit2/install/moveit_ros_robot_interaction:/home/salem/ws_moveit2/install/moveit_ros_perception:/home/salem/ws_moveit2/install/moveit_resources_prbt_pg70_support:/home/salem/ws_moveit2/install/moveit_resources_prbt_moveit_config:/home/salem/ws_moveit2/install/moveit_ros_move_group:/home/salem/ws_moveit2/install/moveit_planners_ompl:/home/salem/ws_moveit2/install/moveit_ros_planning:/home/salem/ws_moveit2/install/moveit_ros_occupancy_map_monitor:/home/salem/ws_moveit2/install/moveit_resources_prbt_ikfast_manipulator_plugin:/home/salem/ws_moveit2/install/moveit_planners_chomp:/home/salem/ws_moveit2/install/moveit_kinematics:/home/salem/ws_moveit2/install/moveit_chomp_optimizer_adapter:/home/salem/ws_moveit2/install/chomp_motion_planner:/home/salem/ws_moveit2/install/moveit_core:/home/salem/ws_moveit2/install/srdfdom:/home/salem/ws_moveit2/install/rviz_marker_tools:/home/salem/ws_moveit2/install/rosparam_shortcuts:/home/salem/ws_moveit2/install/moveit_task_constructor_msgs:/home/salem/ws_moveit2/install/moveit_resources_prbt_support:/home/salem/ws_moveit2/install/moveit_resources:/home/salem/ws_moveit2/install/moveit_resources_pr2_description:/home/salem/ws_moveit2/install/moveit_resources_panda_moveit_config:/home/salem/ws_moveit2/install/moveit_resources_panda_description:/home/salem/ws_moveit2/install/moveit_resources_fanuc_moveit_config:/home/salem/ws_moveit2/install/moveit_resources_fanuc_description:/home/salem/ws_moveit2/install/moveit_common:/home/salem/microros_ws/install/micro_ros_setup:/home/salem/ros2_ws/install/my_robot_controller:/home/salem/ws_moveit2/install/moveit_configs_utils:/home/salem/ws_moveit2/install/launch_param_builder:/opt/ros/humble LD_LIBRARY_PATH=/home/salem/graduation_project_ws/install/srdfdom/lib:${LD_LIBRARY_PATH} PYTHONPATH=/home/salem/graduation_project_ws/install/srdfdom/local/lib/python3.10/dist-packages:${PYTHONPATH} /usr/bin/cmake --build /home/salem/graduation_project_ws/build/moveit_core -- -j16 -l16
[2.055s] [35m[1mConsolidate compiler generated dependencies of target moveit_version[0m
[2.055s] [35m[1mConsolidate compiler generated dependencies of target gtest_main[0m
[2.055s] [35m[1mConsolidate compiler generated dependencies of target moveit_exceptions[0m
[2.056s] [35m[1mConsolidate compiler generated dependencies of target gmock_main[0m
[2.056s] [35m[1mConsolidate compiler generated dependencies of target gtest[0m
[2.056s] [35m[1mConsolidate compiler generated dependencies of target moveit_utils[0m
[2.056s] [35m[1mConsolidate compiler generated dependencies of target moveit_smoothing_base[0m
[2.056s] [35m[1mConsolidate compiler generated dependencies of target moveit_transforms[0m
[2.057s] [35m[1mConsolidate compiler generated dependencies of target gmock[0m
[2.057s] [35m[1mConsolidate compiler generated dependencies of target moveit_kinematics_base[0m
[2.061s] [35m[1mConsolidate compiler generated dependencies of target moveit_distance_field[0m
[2.077s] [  1%] Built target moveit_version
[2.077s] [  2%] Built target gtest_main
[2.080s] [  3%] Built target gmock_main
[2.080s] [  4%] Built target moveit_exceptions
[2.080s] [  5%] Built target moveit_smoothing_base
[2.081s] [  6%] Built target gtest
[2.082s] [  8%] Built target gmock
[2.082s] [ 11%] Built target moveit_utils
[2.087s] [ 12%] [32m[1mLinking CXX shared library libmoveit_kinematics_base.so[0m
[2.087s] [ 12%] Built target moveit_transforms
[2.087s] [ 14%] Built target moveit_butterworth_parameters
[2.102s] [35m[1mConsolidate compiler generated dependencies of target test_transforms[0m
[2.103s] [ 17%] Built target moveit_distance_field
[2.120s] [35m[1mConsolidate compiler generated dependencies of target test_voxel_grid[0m
[2.120s] [35m[1mConsolidate compiler generated dependencies of target test_distance_field[0m
[2.122s] [ 18%] Built target test_transforms
[2.143s] [ 19%] Built target test_voxel_grid
[2.149s] [ 20%] Built target test_distance_field
[2.202s] [ 21%] Built target moveit_kinematics_base
[2.224s] [35m[1mConsolidate compiler generated dependencies of target moveit_robot_model[0m
[2.263s] [ 22%] [32m[1mLinking CXX shared library libmoveit_robot_model.so[0m
[2.418s] [ 27%] Built target moveit_robot_model
[2.435s] [35m[1mConsolidate compiler generated dependencies of target moveit_butterworth_filter[0m
[2.435s] [35m[1mConsolidate compiler generated dependencies of target moveit_test_utils[0m
[2.438s] [35m[1mConsolidate compiler generated dependencies of target moveit_robot_state[0m
[2.460s] [ 27%] [32m[1mLinking CXX shared library libmoveit_butterworth_filter.so[0m
[2.463s] [ 28%] [32m[1mLinking CXX shared library libmoveit_test_utils.so[0m
[2.473s] [ 29%] [32m[1mLinking CXX shared library libmoveit_robot_state.so[0m
[2.622s] [ 31%] Built target moveit_butterworth_filter
[2.622s] [ 31%] Built target moveit_test_utils
[2.638s] [35m[1mConsolidate compiler generated dependencies of target test_robot_model[0m
[2.638s] [35m[1mConsolidate compiler generated dependencies of target test_butterworth_filter[0m
[2.645s] [ 33%] Built target moveit_robot_state
[2.661s] [ 33%] [32m[1mLinking CXX executable test_robot_model[0m
[2.662s] [35m[1mConsolidate compiler generated dependencies of target test_cartesian_interpolator[0m
[2.662s] [35m[1mConsolidate compiler generated dependencies of target test_aabb[0m
[2.662s] [35m[1mConsolidate compiler generated dependencies of target moveit_robot_trajectory[0m
[2.663s] [ 34%] [32m[1mLinking CXX executable test_butterworth_filter[0m
[2.664s] [35m[1mConsolidate compiler generated dependencies of target test_robot_state[0m
[2.664s] [35m[1mConsolidate compiler generated dependencies of target moveit_dynamics_solver[0m
[2.665s] [35m[1mConsolidate compiler generated dependencies of target moveit_kinematics_metrics[0m
[2.665s] [35m[1mConsolidate compiler generated dependencies of target test_robot_state_benchmark[0m
[2.666s] [35m[1mConsolidate compiler generated dependencies of target test_robot_state_complex[0m
[2.671s] [35m[1mConsolidate compiler generated dependencies of target moveit_collision_detection[0m
[2.688s] [ 34%] [32m[1mLinking CXX executable test_cartesian_interpolator[0m
[2.689s] [ 35%] [32m[1mLinking CXX executable test_robot_state_benchmark[0m
[2.691s] [ 36%] [32m[1mLinking CXX shared library libmoveit_robot_trajectory.so[0m
[2.691s] [ 36%] [32m[1mLinking CXX shared library libmoveit_dynamics_solver.so[0m
[2.691s] [ 37%] [32m[1mLinking CXX executable test_robot_state[0m
[2.691s] [ 38%] [32m[1mLinking CXX executable test_aabb[0m
[2.692s] [ 38%] [32m[1mLinking CXX shared library libmoveit_kinematics_metrics.so[0m
[2.697s] [ 39%] [32m[1mLinking CXX executable test_robot_state_complex[0m
[2.727s] [ 39%] [32m[1mLinking CXX shared library libmoveit_collision_detection.so[0m
[2.945s] [ 39%] Built target test_butterworth_filter
[2.955s] [ 40%] Built target moveit_robot_trajectory
[2.978s] [35m[1mConsolidate compiler generated dependencies of target test_robot_trajectory[0m
[2.980s] [35m[1mConsolidate compiler generated dependencies of target moveit_planning_interface[0m
[2.981s] [35m[1mConsolidate compiler generated dependencies of target moveit_trajectory_processing[0m
[3.001s] [ 41%] Built target moveit_kinematics_metrics
[3.005s] [ 41%] Built target moveit_dynamics_solver
[3.013s] [ 41%] [32m[1mLinking CXX executable test_robot_trajectory[0m
[3.015s] [ 41%] [32m[1mLinking CXX shared library libmoveit_planning_interface.so[0m
[3.026s] [ 42%] [32m[1mLinking CXX shared library libmoveit_trajectory_processing.so[0m
[3.028s] [ 43%] Built target test_robot_model
[3.040s] [ 47%] Built target test_cartesian_interpolator
[3.040s] [ 49%] Built target moveit_collision_detection
[3.059s] [35m[1mConsolidate compiler generated dependencies of target test_world_diff[0m
[3.060s] [35m[1mConsolidate compiler generated dependencies of target test_all_valid[0m
[3.060s] [35m[1mConsolidate compiler generated dependencies of target test_world[0m
[3.063s] [ 49%] Built target test_aabb
[3.063s] [35m[1mConsolidate compiler generated dependencies of target moveit_collision_detection_fcl[0m
[3.073s] [35m[1mConsolidate compiler generated dependencies of target moveit_collision_detection_bullet[0m
[3.083s] [ 50%] [32m[1mLinking CXX executable test_world_diff[0m
[3.087s] [ 50%] [32m[1mLinking CXX executable test_all_valid[0m
[3.088s] [ 50%] [32m[1mLinking CXX executable test_world[0m
[3.097s] [ 50%] Built target test_robot_state_complex
[3.109s] [ 51%] Built target test_robot_state
[3.109s] [ 52%] [32m[1mLinking CXX shared library libmoveit_collision_detection_fcl.so[0m
[3.127s] [ 52%] [32m[1mLinking CXX shared library libmoveit_collision_detection_bullet.so[0m
[3.131s] [ 52%] Built target test_robot_state_benchmark
[3.221s] [ 54%] Built target moveit_planning_interface
[3.269s] [ 56%] Built target moveit_trajectory_processing
[3.288s] [35m[1mConsolidate compiler generated dependencies of target test_time_parameterization[0m
[3.288s] [35m[1mConsolidate compiler generated dependencies of target test_time_optimal_trajectory_generation[0m
[3.288s] [35m[1mConsolidate compiler generated dependencies of target test_ruckig_traj_smoothing[0m
[3.318s] [ 57%] [32m[1mLinking CXX executable test_time_optimal_trajectory_generation[0m
[3.320s] [ 58%] [32m[1mLinking CXX executable test_time_parameterization[0m
[3.325s] [ 58%] [32m[1mLinking CXX executable test_ruckig_traj_smoothing[0m
[3.361s] [ 59%] Built target test_robot_trajectory
[3.367s] [ 60%] Built target moveit_collision_detection_fcl
[3.374s] [ 61%] Built target test_all_valid
[3.383s] [ 62%] Built target test_world
[3.385s] [ 67%] Built target moveit_collision_detection_bullet
[3.385s] [ 68%] Built target test_world_diff
[3.387s] [35m[1mConsolidate compiler generated dependencies of target test_fcl_collision_detection[0m
[3.389s] [35m[1mConsolidate compiler generated dependencies of target moveit_kinematic_constraints[0m
[3.389s] [35m[1mConsolidate compiler generated dependencies of target test_fcl_collision_env[0m
[3.389s] [35m[1mConsolidate compiler generated dependencies of target test_fcl_collision_detection_panda[0m
[3.404s] [35m[1mConsolidate compiler generated dependencies of target test_bullet_collision_detection[0m
[3.404s] [35m[1mConsolidate compiler generated dependencies of target test_bullet_continuous_collision_checking[0m
[3.408s] [35m[1mConsolidate compiler generated dependencies of target test_bullet_collision_detection_panda[0m
[3.421s] [ 68%] [32m[1mLinking CXX executable test_fcl_collision_detection[0m
[3.428s] [ 69%] [32m[1mLinking CXX executable test_fcl_collision_env[0m
[3.430s] [ 70%] [32m[1mLinking CXX executable test_fcl_collision_detection_panda[0m
[3.432s] [ 71%] [32m[1mLinking CXX shared library libmoveit_kinematic_constraints.so[0m
[3.437s] [ 71%] [32m[1mLinking CXX executable test_bullet_collision_detection[0m
[3.444s] [ 72%] [32m[1mLinking CXX executable test_bullet_continuous_collision_checking[0m
[3.447s] [ 73%] [32m[1mLinking CXX executable test_bullet_collision_detection_panda[0m
[3.702s] [ 74%] Built target test_time_optimal_trajectory_generation
[3.709s] [ 74%] Built target test_time_parameterization
[3.730s] [ 75%] Built target moveit_kinematic_constraints
[3.733s] [ 76%] Built target test_ruckig_traj_smoothing
[3.750s] [35m[1mConsolidate compiler generated dependencies of target test_constraints[0m
[3.751s] [35m[1mConsolidate compiler generated dependencies of target moveit_planning_scene[0m
[3.756s] [35m[1mConsolidate compiler generated dependencies of target test_orientation_constraints[0m
[3.783s] [ 78%] [32m[1mLinking CXX executable test_constraints[0m
[3.783s] [ 78%] Built target test_fcl_collision_detection_panda
[3.786s] [ 78%] [32m[1mLinking CXX executable test_orientation_constraints[0m
[3.790s] [ 79%] [32m[1mLinking CXX shared library libmoveit_planning_scene.so[0m
[3.800s] [ 80%] Built target test_fcl_collision_detection
[3.844s] [ 80%] Built target test_fcl_collision_env
[3.847s] [ 81%] Built target test_bullet_collision_detection_panda
[3.850s] [ 82%] Built target test_bullet_collision_detection
[3.851s] [ 82%] Built target test_bullet_continuous_collision_checking
[3.998s] [ 83%] Built target moveit_planning_scene
[4.016s] [35m[1mConsolidate compiler generated dependencies of target test_collision_objects[0m
[4.016s] [35m[1mConsolidate compiler generated dependencies of target collision_detector_fcl_plugin[0m
[4.017s] [35m[1mConsolidate compiler generated dependencies of target collision_detector_bullet_plugin[0m
[4.017s] [35m[1mConsolidate compiler generated dependencies of target moveit_planning_request_adapter[0m
[4.019s] [35m[1mConsolidate compiler generated dependencies of target test_multi_threaded[0m
[4.019s] [35m[1mConsolidate compiler generated dependencies of target test_planning_scene[0m
[4.022s] [35m[1mConsolidate compiler generated dependencies of target moveit_constraint_samplers[0m
[4.022s] [35m[1mConsolidate compiler generated dependencies of target moveit_collision_distance_field[0m
[4.044s] [ 84%] [32m[1mLinking CXX shared library libcollision_detector_bullet_plugin.so[0m
[4.044s] [ 84%] [32m[1mLinking CXX executable test_collision_objects[0m
[4.046s] [ 85%] [32m[1mLinking CXX shared library libcollision_detector_fcl_plugin.so[0m
[4.047s] [ 85%] [32m[1mLinking CXX shared library libmoveit_planning_request_adapter.so[0m
[4.048s] [ 86%] [32m[1mLinking CXX executable test_multi_threaded[0m
[4.054s] [ 86%] Built target test_constraints
[4.055s] [ 86%] [32m[1mLinking CXX executable test_planning_scene[0m
[4.061s] [ 86%] [32m[1mLinking CXX shared library libmoveit_constraint_samplers.so[0m
[4.061s] [ 87%] Built target test_orientation_constraints
[4.072s] [ 88%] [32m[1mLinking CXX shared library libmoveit_collision_distance_field.so[0m
[4.250s] [ 88%] Built target collision_detector_fcl_plugin
[4.252s] [ 88%] Built target collision_detector_bullet_plugin
[4.268s] [ 89%] Built target moveit_planning_request_adapter
[4.373s] [ 94%] Built target moveit_constraint_samplers
[4.373s] [ 94%] Built target moveit_collision_distance_field
[4.391s] [35m[1mConsolidate compiler generated dependencies of target test_collision_distance_field[0m
[4.393s] [35m[1mConsolidate compiler generated dependencies of target test_constraint_samplers[0m
[4.401s] [ 95%] Built target test_collision_objects
[4.401s] [ 95%] Built target test_multi_threaded
[4.403s] [ 96%] Built target test_planning_scene
[4.420s] [ 96%] [32m[1mLinking CXX executable test_collision_distance_field[0m
[4.427s] [ 97%] [32m[1mLinking CXX executable test_constraint_samplers[0m
[4.740s] [ 98%] Built target test_collision_distance_field
[4.743s] [100%] Built target test_constraint_samplers
[4.759s] Invoked command in '/home/salem/graduation_project_ws/build/moveit_core' returned '0': AMENT_PREFIX_PATH=/home/salem/graduation_project_ws/install/moveit_resources_panda_moveit_config:/home/salem/graduation_project_ws/install/srdfdom:/home/salem/graduation_project_ws/install/moveit_resources_pr2_description:/home/salem/graduation_project_ws/install/moveit_resources_panda_description:/home/salem/graduation_project_ws/install/moveit_common:${AMENT_PREFIX_PATH} CMAKE_PREFIX_PATH=/home/salem/graduation_project_ws/install/moveit_resources_panda_moveit_config:/home/salem/graduation_project_ws/install/srdfdom:/home/salem/graduation_project_ws/install/moveit_resources_pr2_description:/home/salem/graduation_project_ws/install/moveit_resources_panda_description:/home/salem/graduation_project_ws/install/moveit_common:/home/salem/ros2_ws/install/labvolt5250a0_description:/home/salem/ws_moveit2/install/pilz_industrial_motion_planner_testutils:/home/salem/ws_moveit2/install/panda_moveit_config:/home/salem/ws_moveit2/install/moveit_runtime:/home/salem/ws_moveit2/install/moveit2_tutorials:/home/salem/ws_moveit2/install/moveit:/home/salem/ws_moveit2/install/moveit_planners:/home/salem/ws_moveit2/install/pilz_industrial_motion_planner:/home/salem/ws_moveit2/install/moveit_visual_tools:/home/salem/ws_moveit2/install/moveit_task_constructor_visualization:/home/salem/ws_moveit2/install/moveit_task_constructor_demo:/home/salem/ws_moveit2/install/moveit_task_constructor_capabilities:/home/salem/ws_moveit2/install/moveit_task_constructor_core:/home/salem/ws_moveit2/install/moveit_ros_control_interface:/home/salem/ws_moveit2/install/moveit_plugins:/home/salem/ws_moveit2/install/moveit_simple_controller_manager:/home/salem/ws_moveit2/install/moveit_setup_assistant:/home/salem/ws_moveit2/install/moveit_setup_srdf_plugins:/home/salem/ws_moveit2/install/moveit_setup_core_plugins:/home/salem/ws_moveit2/install/moveit_setup_controllers:/home/salem/ws_moveit2/install/moveit_setup_app_plugins:/home/salem/ws_moveit2/install/moveit_setup_framework:/home/salem/ws_moveit2/install/moveit_servo:/home/salem/ws_moveit2/install/moveit_ros:/home/salem/ws_moveit2/install/moveit_ros_visualization:/home/salem/ws_moveit2/install/moveit_hybrid_planning:/home/salem/ws_moveit2/install/moveit_ros_planning_interface:/home/salem/ws_moveit2/install/moveit_ros_benchmarks:/home/salem/ws_moveit2/install/moveit_ros_warehouse:/home/salem/ws_moveit2/install/moveit_ros_robot_interaction:/home/salem/ws_moveit2/install/moveit_ros_perception:/home/salem/ws_moveit2/install/moveit_resources_prbt_pg70_support:/home/salem/ws_moveit2/install/moveit_resources_prbt_moveit_config:/home/salem/ws_moveit2/install/moveit_ros_move_group:/home/salem/ws_moveit2/install/moveit_planners_ompl:/home/salem/ws_moveit2/install/moveit_ros_planning:/home/salem/ws_moveit2/install/moveit_ros_occupancy_map_monitor:/home/salem/ws_moveit2/install/moveit_resources_prbt_ikfast_manipulator_plugin:/home/salem/ws_moveit2/install/moveit_planners_chomp:/home/salem/ws_moveit2/install/moveit_kinematics:/home/salem/ws_moveit2/install/moveit_chomp_optimizer_adapter:/home/salem/ws_moveit2/install/chomp_motion_planner:/home/salem/ws_moveit2/install/moveit_core:/home/salem/ws_moveit2/install/srdfdom:/home/salem/ws_moveit2/install/rviz_marker_tools:/home/salem/ws_moveit2/install/rosparam_shortcuts:/home/salem/ws_moveit2/install/moveit_task_constructor_msgs:/home/salem/ws_moveit2/install/moveit_resources_prbt_support:/home/salem/ws_moveit2/install/moveit_resources:/home/salem/ws_moveit2/install/moveit_resources_pr2_description:/home/salem/ws_moveit2/install/moveit_resources_panda_moveit_config:/home/salem/ws_moveit2/install/moveit_resources_panda_description:/home/salem/ws_moveit2/install/moveit_resources_fanuc_moveit_config:/home/salem/ws_moveit2/install/moveit_resources_fanuc_description:/home/salem/ws_moveit2/install/moveit_common:/home/salem/microros_ws/install/micro_ros_setup:/home/salem/ros2_ws/install/my_robot_controller:/home/salem/ws_moveit2/install/moveit_configs_utils:/home/salem/ws_moveit2/install/launch_param_builder:/opt/ros/humble LD_LIBRARY_PATH=/home/salem/graduation_project_ws/install/srdfdom/lib:${LD_LIBRARY_PATH} PYTHONPATH=/home/salem/graduation_project_ws/install/srdfdom/local/lib/python3.10/dist-packages:${PYTHONPATH} /usr/bin/cmake --build /home/salem/graduation_project_ws/build/moveit_core -- -j16 -l16
[4.760s] Invoking command in '/home/salem/graduation_project_ws/build/moveit_core': AMENT_PREFIX_PATH=/home/salem/graduation_project_ws/install/moveit_resources_panda_moveit_config:/home/salem/graduation_project_ws/install/srdfdom:/home/salem/graduation_project_ws/install/moveit_resources_pr2_description:/home/salem/graduation_project_ws/install/moveit_resources_panda_description:/home/salem/graduation_project_ws/install/moveit_common:${AMENT_PREFIX_PATH} CMAKE_PREFIX_PATH=/home/salem/graduation_project_ws/install/moveit_resources_panda_moveit_config:/home/salem/graduation_project_ws/install/srdfdom:/home/salem/graduation_project_ws/install/moveit_resources_pr2_description:/home/salem/graduation_project_ws/install/moveit_resources_panda_description:/home/salem/graduation_project_ws/install/moveit_common:/home/salem/ros2_ws/install/labvolt5250a0_description:/home/salem/ws_moveit2/install/pilz_industrial_motion_planner_testutils:/home/salem/ws_moveit2/install/panda_moveit_config:/home/salem/ws_moveit2/install/moveit_runtime:/home/salem/ws_moveit2/install/moveit2_tutorials:/home/salem/ws_moveit2/install/moveit:/home/salem/ws_moveit2/install/moveit_planners:/home/salem/ws_moveit2/install/pilz_industrial_motion_planner:/home/salem/ws_moveit2/install/moveit_visual_tools:/home/salem/ws_moveit2/install/moveit_task_constructor_visualization:/home/salem/ws_moveit2/install/moveit_task_constructor_demo:/home/salem/ws_moveit2/install/moveit_task_constructor_capabilities:/home/salem/ws_moveit2/install/moveit_task_constructor_core:/home/salem/ws_moveit2/install/moveit_ros_control_interface:/home/salem/ws_moveit2/install/moveit_plugins:/home/salem/ws_moveit2/install/moveit_simple_controller_manager:/home/salem/ws_moveit2/install/moveit_setup_assistant:/home/salem/ws_moveit2/install/moveit_setup_srdf_plugins:/home/salem/ws_moveit2/install/moveit_setup_core_plugins:/home/salem/ws_moveit2/install/moveit_setup_controllers:/home/salem/ws_moveit2/install/moveit_setup_app_plugins:/home/salem/ws_moveit2/install/moveit_setup_framework:/home/salem/ws_moveit2/install/moveit_servo:/home/salem/ws_moveit2/install/moveit_ros:/home/salem/ws_moveit2/install/moveit_ros_visualization:/home/salem/ws_moveit2/install/moveit_hybrid_planning:/home/salem/ws_moveit2/install/moveit_ros_planning_interface:/home/salem/ws_moveit2/install/moveit_ros_benchmarks:/home/salem/ws_moveit2/install/moveit_ros_warehouse:/home/salem/ws_moveit2/install/moveit_ros_robot_interaction:/home/salem/ws_moveit2/install/moveit_ros_perception:/home/salem/ws_moveit2/install/moveit_resources_prbt_pg70_support:/home/salem/ws_moveit2/install/moveit_resources_prbt_moveit_config:/home/salem/ws_moveit2/install/moveit_ros_move_group:/home/salem/ws_moveit2/install/moveit_planners_ompl:/home/salem/ws_moveit2/install/moveit_ros_planning:/home/salem/ws_moveit2/install/moveit_ros_occupancy_map_monitor:/home/salem/ws_moveit2/install/moveit_resources_prbt_ikfast_manipulator_plugin:/home/salem/ws_moveit2/install/moveit_planners_chomp:/home/salem/ws_moveit2/install/moveit_kinematics:/home/salem/ws_moveit2/install/moveit_chomp_optimizer_adapter:/home/salem/ws_moveit2/install/chomp_motion_planner:/home/salem/ws_moveit2/install/moveit_core:/home/salem/ws_moveit2/install/srdfdom:/home/salem/ws_moveit2/install/rviz_marker_tools:/home/salem/ws_moveit2/install/rosparam_shortcuts:/home/salem/ws_moveit2/install/moveit_task_constructor_msgs:/home/salem/ws_moveit2/install/moveit_resources_prbt_support:/home/salem/ws_moveit2/install/moveit_resources:/home/salem/ws_moveit2/install/moveit_resources_pr2_description:/home/salem/ws_moveit2/install/moveit_resources_panda_moveit_config:/home/salem/ws_moveit2/install/moveit_resources_panda_description:/home/salem/ws_moveit2/install/moveit_resources_fanuc_moveit_config:/home/salem/ws_moveit2/install/moveit_resources_fanuc_description:/home/salem/ws_moveit2/install/moveit_common:/home/salem/microros_ws/install/micro_ros_setup:/home/salem/ros2_ws/install/my_robot_controller:/home/salem/ws_moveit2/install/moveit_configs_utils:/home/salem/ws_moveit2/install/launch_param_builder:/opt/ros/humble LD_LIBRARY_PATH=/home/salem/graduation_project_ws/install/srdfdom/lib:${LD_LIBRARY_PATH} PYTHONPATH=/home/salem/graduation_project_ws/install/srdfdom/local/lib/python3.10/dist-packages:${PYTHONPATH} /usr/bin/cmake --install /home/salem/graduation_project_ws/build/moveit_core
[4.772s] -- Install configuration: "Release"
[4.772s] -- Up-to-date: /home/salem/graduation_project_ws/install/moveit_core/include/moveit/version.h
[4.772s] -- Up-to-date: /home/salem/graduation_project_ws/install/moveit_core/include
[4.772s] -- Up-to-date: /home/salem/graduation_project_ws/install/moveit_core/include/moveit
[4.772s] -- Up-to-date: /home/salem/graduation_project_ws/install/moveit_core/include/moveit/collision_distance_field
[4.772s] -- Up-to-date: /home/salem/graduation_project_ws/install/moveit_core/include/moveit/collision_distance_field/collision_common_distance_field.h
[4.772s] -- Up-to-date: /home/salem/graduation_project_ws/install/moveit_core/include/moveit/collision_distance_field/collision_detector_allocator_distance_field.h
[4.772s] -- Up-to-date: /home/salem/graduation_project_ws/install/moveit_core/include/moveit/collision_distance_field/collision_env_hybrid.h
[4.772s] -- Up-to-date: /home/salem/graduation_project_ws/install/moveit_core/include/moveit/collision_distance_field/collision_detector_allocator_hybrid.h
[4.772s] -- Up-to-date: /home/salem/graduation_project_ws/install/moveit_core/include/moveit/collision_distance_field/collision_env_distance_field.h
[4.772s] -- Up-to-date: /home/salem/graduation_project_ws/install/moveit_core/include/moveit/collision_distance_field/collision_distance_field_types.h
[4.772s] -- Up-to-date: /home/salem/graduation_project_ws/install/moveit_core/include/moveit_collision_distance_field_export.h
[4.772s] -- Up-to-date: /home/salem/graduation_project_ws/install/moveit_core/include
[4.772s] -- Up-to-date: /home/salem/graduation_project_ws/install/moveit_core/include/moveit
[4.773s] -- Up-to-date: /home/salem/graduation_project_ws/install/moveit_core/include/moveit/constraint_samplers
[4.773s] -- Up-to-date: /home/salem/graduation_project_ws/install/moveit_core/include/moveit/constraint_samplers/constraint_sampler_manager.h
[4.773s] -- Up-to-date: /home/salem/graduation_project_ws/install/moveit_core/include/moveit/constraint_samplers/constraint_sampler_tools.h
[4.773s] -- Up-to-date: /home/salem/graduation_project_ws/install/moveit_core/include/moveit/constraint_samplers/constraint_sampler.h
[4.773s] -- Up-to-date: /home/salem/graduation_project_ws/install/moveit_core/include/moveit/constraint_samplers/union_constraint_sampler.h
[4.773s] -- Up-to-date: /home/salem/graduation_project_ws/install/moveit_core/include/moveit/constraint_samplers/constraint_sampler_allocator.h
[4.773s] -- Up-to-date: /home/salem/graduation_project_ws/install/moveit_core/include/moveit/constraint_samplers/default_constraint_samplers.h
[4.773s] -- Up-to-date: /home/salem/graduation_project_ws/install/moveit_core/include
[4.773s] -- Up-to-date: /home/salem/graduation_project_ws/install/moveit_core/include/moveit
[4.773s] -- Up-to-date: /home/salem/graduation_project_ws/install/moveit_core/include/moveit/controller_manager
[4.773s] -- Up-to-date: /home/salem/graduation_project_ws/install/moveit_core/include/moveit/controller_manager/controller_manager.h
[4.773s] -- Up-to-date: /home/salem/graduation_project_ws/install/moveit_core/include
[4.773s] -- Up-to-date: /home/salem/graduation_project_ws/install/moveit_core/include/moveit
[4.773s] -- Up-to-date: /home/salem/graduation_project_ws/install/moveit_core/include/moveit/distance_field
[4.773s] -- Up-to-date: /home/salem/graduation_project_ws/install/moveit_core/include/moveit/distance_field/propagation_distance_field.h
[4.773s] -- Up-to-date: /home/salem/graduation_project_ws/install/moveit_core/include/moveit/distance_field/distance_field.h
[4.773s] -- Up-to-date: /home/salem/graduation_project_ws/install/moveit_core/include/moveit/distance_field/voxel_grid.h
[4.773s] -- Up-to-date: /home/salem/graduation_project_ws/install/moveit_core/include/moveit/distance_field/find_internal_points.h
[4.774s] -- Up-to-date: /home/salem/graduation_project_ws/install/moveit_core/include
[4.774s] -- Up-to-date: /home/salem/graduation_project_ws/install/moveit_core/include/moveit
[4.774s] -- Up-to-date: /home/salem/graduation_project_ws/install/moveit_core/include/moveit/dynamics_solver
[4.774s] -- Up-to-date: /home/salem/graduation_project_ws/install/moveit_core/include/moveit/dynamics_solver/dynamics_solver.h
[4.774s] -- Up-to-date: /home/salem/graduation_project_ws/install/moveit_core/include
[4.774s] -- Up-to-date: /home/salem/graduation_project_ws/install/moveit_core/include/moveit
[4.774s] -- Up-to-date: /home/salem/graduation_project_ws/install/moveit_core/include/moveit/exceptions
[4.774s] -- Up-to-date: /home/salem/graduation_project_ws/install/moveit_core/include/moveit/exceptions/exceptions.h
[4.774s] -- Up-to-date: /home/salem/graduation_project_ws/install/moveit_core/include
[4.774s] -- Up-to-date: /home/salem/graduation_project_ws/install/moveit_core/include/moveit
[4.774s] -- Up-to-date: /home/salem/graduation_project_ws/install/moveit_core/include/moveit/kinematics_base
[4.774s] -- Up-to-date: /home/salem/graduation_project_ws/install/moveit_core/include/moveit/kinematics_base/kinematics_base.h
[4.774s] -- Up-to-date: /home/salem/graduation_project_ws/install/moveit_core/include/moveit_kinematics_base_export.h
[4.774s] -- Up-to-date: /home/salem/graduation_project_ws/install/moveit_core/include
[4.774s] -- Up-to-date: /home/salem/graduation_project_ws/install/moveit_core/include/moveit
[4.774s] -- Up-to-date: /home/salem/graduation_project_ws/install/moveit_core/include/moveit/kinematic_constraints
[4.774s] -- Up-to-date: /home/salem/graduation_project_ws/install/moveit_core/include/moveit/kinematic_constraints/utils.h
[4.774s] -- Up-to-date: /home/salem/graduation_project_ws/install/moveit_core/include/moveit/kinematic_constraints/kinematic_constraint.h
[4.774s] -- Up-to-date: /home/salem/graduation_project_ws/install/moveit_core/include
[4.774s] -- Up-to-date: /home/salem/graduation_project_ws/install/moveit_core/include/moveit
[4.774s] -- Up-to-date: /home/salem/graduation_project_ws/install/moveit_core/include/moveit/kinematics_metrics
[4.775s] -- Up-to-date: /home/salem/graduation_project_ws/install/moveit_core/include/moveit/kinematics_metrics/kinematics_metrics.h
[4.775s] -- Up-to-date: /home/salem/graduation_project_ws/install/moveit_core/include
[4.775s] -- Up-to-date: /home/salem/graduation_project_ws/install/moveit_core/include/moveit
[4.775s] -- Up-to-date: /home/salem/graduation_project_ws/install/moveit_core/include/moveit/macros
[4.775s] -- Up-to-date: /home/salem/graduation_project_ws/install/moveit_core/include/moveit/macros/console_colors.h
[4.775s] -- Up-to-date: /home/salem/graduation_project_ws/install/moveit_core/include/moveit/macros/deprecation.h
[4.775s] -- Up-to-date: /home/salem/graduation_project_ws/install/moveit_core/include/moveit/macros/declare_ptr.h
[4.775s] -- Up-to-date: /home/salem/graduation_project_ws/install/moveit_core/include/moveit/macros/class_forward.h
[4.775s] -- Up-to-date: /home/salem/graduation_project_ws/install/moveit_core/include/moveit_core
[4.775s] -- Up-to-date: /home/salem/graduation_project_ws/install/moveit_core/include/moveit_core/moveit_butterworth_parameters.hpp
[4.775s] -- Up-to-date: /home/salem/graduation_project_ws/install/moveit_core/include
[4.775s] -- Up-to-date: /home/salem/graduation_project_ws/install/moveit_core/include/moveit
[4.775s] -- Up-to-date: /home/salem/graduation_project_ws/install/moveit_core/include/moveit/online_signal_smoothing
[4.775s] -- Up-to-date: /home/salem/graduation_project_ws/install/moveit_core/include/moveit/online_signal_smoothing/smoothing_base_class.h
[4.775s] -- Up-to-date: /home/salem/graduation_project_ws/install/moveit_core/include/moveit/online_signal_smoothing/butterworth_filter.h
[4.775s] -- Up-to-date: /home/salem/graduation_project_ws/install/moveit_core/include/moveit_smoothing_base_export.h
[4.775s] -- Up-to-date: /home/salem/graduation_project_ws/install/moveit_core/include/moveit_butterworth_filter_export.h
[4.775s] -- Up-to-date: /home/salem/graduation_project_ws/install/moveit_core/include
[4.775s] -- Up-to-date: /home/salem/graduation_project_ws/install/moveit_core/include/moveit
[4.775s] -- Up-to-date: /home/salem/graduation_project_ws/install/moveit_core/include/moveit/planning_interface
[4.775s] -- Up-to-date: /home/salem/graduation_project_ws/install/moveit_core/include/moveit/planning_interface/planning_response.h
[4.776s] -- Up-to-date: /home/salem/graduation_project_ws/install/moveit_core/include/moveit/planning_interface/planning_interface.h
[4.776s] -- Up-to-date: /home/salem/graduation_project_ws/install/moveit_core/include/moveit/planning_interface/planning_request.h
[4.776s] -- Up-to-date: /home/salem/graduation_project_ws/install/moveit_core/include
[4.776s] -- Up-to-date: /home/salem/graduation_project_ws/install/moveit_core/include/moveit
[4.776s] -- Up-to-date: /home/salem/graduation_project_ws/install/moveit_core/include/moveit/planning_request_adapter
[4.776s] -- Up-to-date: /home/salem/graduation_project_ws/install/moveit_core/include/moveit/planning_request_adapter/planning_request_adapter.h
[4.776s] -- Up-to-date: /home/salem/graduation_project_ws/install/moveit_core/include
[4.776s] -- Up-to-date: /home/salem/graduation_project_ws/install/moveit_core/include/moveit
[4.776s] -- Up-to-date: /home/salem/graduation_project_ws/install/moveit_core/include/moveit/planning_scene
[4.776s] -- Up-to-date: /home/salem/graduation_project_ws/install/moveit_core/include/moveit/planning_scene/planning_scene.h
[4.776s] -- Up-to-date: /home/salem/graduation_project_ws/install/moveit_core/include/moveit_planning_scene_export.h
[4.776s] -- Up-to-date: /home/salem/graduation_project_ws/install/moveit_core/include
[4.776s] -- Up-to-date: /home/salem/graduation_project_ws/install/moveit_core/include/moveit
[4.776s] -- Up-to-date: /home/salem/graduation_project_ws/install/moveit_core/include/moveit/robot_model
[4.776s] -- Up-to-date: /home/salem/graduation_project_ws/install/moveit_core/include/moveit/robot_model/joint_model_group.h
[4.776s] -- Up-to-date: /home/salem/graduation_project_ws/install/moveit_core/include/moveit/robot_model/robot_model.h
[4.776s] -- Up-to-date: /home/salem/graduation_project_ws/install/moveit_core/include/moveit/robot_model/prismatic_joint_model.h
[4.776s] -- Up-to-date: /home/salem/graduation_project_ws/install/moveit_core/include/moveit/robot_model/planar_joint_model.h
[4.776s] -- Up-to-date: /home/salem/graduation_project_ws/install/moveit_core/include/moveit/robot_model/floating_joint_model.h
[4.776s] -- Up-to-date: /home/salem/graduation_project_ws/install/moveit_core/include/moveit/robot_model/aabb.h
[4.777s] -- Up-to-date: /home/salem/graduation_project_ws/install/moveit_core/include/moveit/robot_model/joint_model.h
[4.777s] -- Up-to-date: /home/salem/graduation_project_ws/install/moveit_core/include/moveit/robot_model/revolute_joint_model.h
[4.777s] -- Up-to-date: /home/salem/graduation_project_ws/install/moveit_core/include/moveit/robot_model/fixed_joint_model.h
[4.777s] -- Up-to-date: /home/salem/graduation_project_ws/install/moveit_core/include/moveit/robot_model/link_model.h
[4.777s] -- Up-to-date: /home/salem/graduation_project_ws/install/moveit_core/include
[4.777s] -- Up-to-date: /home/salem/graduation_project_ws/install/moveit_core/include/moveit
[4.777s] -- Up-to-date: /home/salem/graduation_project_ws/install/moveit_core/include/moveit/robot_state
[4.777s] -- Up-to-date: /home/salem/graduation_project_ws/install/moveit_core/include/moveit/robot_state/conversions.h
[4.777s] -- Up-to-date: /home/salem/graduation_project_ws/install/moveit_core/include/moveit/robot_state/attached_body.h
[4.777s] -- Up-to-date: /home/salem/graduation_project_ws/install/moveit_core/include/moveit/robot_state/cartesian_interpolator.h
[4.777s] -- Up-to-date: /home/salem/graduation_project_ws/install/moveit_core/include/moveit/robot_state/robot_state.h
[4.777s] -- Up-to-date: /home/salem/graduation_project_ws/install/moveit_core/include
[4.777s] -- Up-to-date: /home/salem/graduation_project_ws/install/moveit_core/include/moveit
[4.777s] -- Up-to-date: /home/salem/graduation_project_ws/install/moveit_core/include/moveit/robot_trajectory
[4.777s] -- Up-to-date: /home/salem/graduation_project_ws/install/moveit_core/include/moveit/robot_trajectory/robot_trajectory.h
[4.777s] -- Up-to-date: /home/salem/graduation_project_ws/install/moveit_core/include
[4.777s] -- Up-to-date: /home/salem/graduation_project_ws/install/moveit_core/include/moveit
[4.777s] -- Up-to-date: /home/salem/graduation_project_ws/install/moveit_core/include/moveit/sensor_manager
[4.777s] -- Up-to-date: /home/salem/graduation_project_ws/install/moveit_core/include/moveit/sensor_manager/sensor_manager.h
[4.777s] -- Up-to-date: /home/salem/graduation_project_ws/install/moveit_core/include
[4.777s] -- Up-to-date: /home/salem/graduation_project_ws/install/moveit_core/include/moveit
[4.777s] -- Up-to-date: /home/salem/graduation_project_ws/install/moveit_core/include/moveit/trajectory_processing
[4.778s] -- Up-to-date: /home/salem/graduation_project_ws/install/moveit_core/include/moveit/trajectory_processing/iterative_time_parameterization.h
[4.778s] -- Up-to-date: /home/salem/graduation_project_ws/install/moveit_core/include/moveit/trajectory_processing/time_optimal_trajectory_generation.h
[4.778s] -- Up-to-date: /home/salem/graduation_project_ws/install/moveit_core/include/moveit/trajectory_processing/time_parameterization.h
[4.778s] -- Up-to-date: /home/salem/graduation_project_ws/install/moveit_core/include/moveit/trajectory_processing/ruckig_traj_smoothing.h
[4.778s] -- Up-to-date: /home/salem/graduation_project_ws/install/moveit_core/include/moveit/trajectory_processing/trajectory_tools.h
[4.778s] -- Up-to-date: /home/salem/graduation_project_ws/install/moveit_core/include/moveit/trajectory_processing/iterative_spline_parameterization.h
[4.778s] -- Up-to-date: /home/salem/graduation_project_ws/install/moveit_core/include
[4.778s] -- Up-to-date: /home/salem/graduation_project_ws/install/moveit_core/include/moveit
[4.778s] -- Up-to-date: /home/salem/graduation_project_ws/install/moveit_core/include/moveit/transforms
[4.778s] -- Up-to-date: /home/salem/graduation_project_ws/install/moveit_core/include/moveit/transforms/transforms.h
[4.778s] -- Up-to-date: /home/salem/graduation_project_ws/install/moveit_core/include
[4.778s] -- Up-to-date: /home/salem/graduation_project_ws/install/moveit_core/include/moveit
[4.778s] -- Up-to-date: /home/salem/graduation_project_ws/install/moveit_core/include/moveit/utils
[4.778s] -- Up-to-date: /home/salem/graduation_project_ws/install/moveit_core/include/moveit/utils/moveit_error_code.h
[4.778s] -- Up-to-date: /home/salem/graduation_project_ws/install/moveit_core/include/moveit/utils/message_checks.h
[4.778s] -- Up-to-date: /home/salem/graduation_project_ws/install/moveit_core/include/moveit/utils/lexical_casts.h
[4.778s] -- Up-to-date: /home/salem/graduation_project_ws/install/moveit_core/include/moveit/utils/robot_model_test_utils.h
[4.778s] -- Up-to-date: /home/salem/graduation_project_ws/install/moveit_core/include/moveit/utils/rclcpp_utils.h
[4.778s] -- Up-to-date: /home/salem/graduation_project_ws/install/moveit_core/bin/moveit_version
[4.778s] -- Up-to-date: /home/salem/graduation_project_ws/install/moveit_core/include
[4.778s] -- Up-to-date: /home/salem/graduation_project_ws/install/moveit_core/include/moveit
[4.779s] -- Up-to-date: /home/salem/graduation_project_ws/install/moveit_core/include/moveit/collision_detection
[4.779s] -- Up-to-date: /home/salem/graduation_project_ws/install/moveit_core/include/moveit/collision_detection/collision_detector_allocator.h
[4.779s] -- Up-to-date: /home/salem/graduation_project_ws/install/moveit_core/include/moveit/collision_detection/occupancy_map.h
[4.779s] -- Up-to-date: /home/salem/graduation_project_ws/install/moveit_core/include/moveit/collision_detection/collision_matrix.h
[4.779s] -- Up-to-date: /home/salem/graduation_project_ws/install/moveit_core/include/moveit/collision_detection/world.h
[4.779s] -- Up-to-date: /home/salem/graduation_project_ws/install/moveit_core/include/moveit/collision_detection/collision_common.h
[4.779s] -- Up-to-date: /home/salem/graduation_project_ws/install/moveit_core/include/moveit/collision_detection/allvalid
[4.779s] -- Up-to-date: /home/salem/graduation_project_ws/install/moveit_core/include/moveit/collision_detection/allvalid/collision_env_allvalid.h
[4.779s] -- Up-to-date: /home/salem/graduation_project_ws/install/moveit_core/include/moveit/collision_detection/allvalid/collision_detector_allocator_allvalid.h
[4.779s] -- Up-to-date: /home/salem/graduation_project_ws/install/moveit_core/include/moveit/collision_detection/world_diff.h
[4.779s] -- Up-to-date: /home/salem/graduation_project_ws/install/moveit_core/include/moveit/collision_detection/collision_octomap_filter.h
[4.779s] -- Up-to-date: /home/salem/graduation_project_ws/install/moveit_core/include/moveit/collision_detection/collision_env.h
[4.779s] -- Up-to-date: /home/salem/graduation_project_ws/install/moveit_core/include/moveit/collision_detection/test_collision_common_panda.h
[4.779s] -- Up-to-date: /home/salem/graduation_project_ws/install/moveit_core/include/moveit/collision_detection/test_collision_common_pr2.h
[4.779s] -- Up-to-date: /home/salem/graduation_project_ws/install/moveit_core/include/moveit/collision_detection/collision_tools.h
[4.779s] -- Up-to-date: /home/salem/graduation_project_ws/install/moveit_core/include/moveit/collision_detection/collision_plugin.h
[4.779s] -- Up-to-date: /home/salem/graduation_project_ws/install/moveit_core/include/moveit/collision_detection/collision_plugin_cache.h
[4.779s] -- Up-to-date: /home/salem/graduation_project_ws/install/moveit_core/include/moveit_collision_detection_export.h
[4.779s] -- Up-to-date: /home/salem/graduation_project_ws/install/moveit_core/include
[4.779s] -- Up-to-date: /home/salem/graduation_project_ws/install/moveit_core/include/moveit
[4.779s] -- Up-to-date: /home/salem/graduation_project_ws/install/moveit_core/include/moveit/collision_detection_bullet
[4.780s] -- Up-to-date: /home/salem/graduation_project_ws/install/moveit_core/include/moveit/collision_detection_bullet/collision_env_bullet.h
[4.780s] -- Up-to-date: /home/salem/graduation_project_ws/install/moveit_core/include/moveit/collision_detection_bullet/collision_detector_bullet_plugin_loader.h
[4.780s] -- Up-to-date: /home/salem/graduation_project_ws/install/moveit_core/include/moveit/collision_detection_bullet/bullet_integration
[4.780s] -- Up-to-date: /home/salem/graduation_project_ws/install/moveit_core/include/moveit/collision_detection_bullet/bullet_integration/ros_bullet_utils.h
[4.780s] -- Up-to-date: /home/salem/graduation_project_ws/install/moveit_core/include/moveit/collision_detection_bullet/bullet_integration/bullet_bvh_manager.h
[4.780s] -- Up-to-date: /home/salem/graduation_project_ws/install/moveit_core/include/moveit/collision_detection_bullet/bullet_integration/contact_checker_common.h
[4.780s] -- Up-to-date: /home/salem/graduation_project_ws/install/moveit_core/include/moveit/collision_detection_bullet/bullet_integration/bullet_discrete_bvh_manager.h
[4.780s] -- Up-to-date: /home/salem/graduation_project_ws/install/moveit_core/include/moveit/collision_detection_bullet/bullet_integration/bullet_utils.h
[4.780s] -- Up-to-date: /home/salem/graduation_project_ws/install/moveit_core/include/moveit/collision_detection_bullet/bullet_integration/bullet_cast_bvh_manager.h
[4.780s] -- Up-to-date: /home/salem/graduation_project_ws/install/moveit_core/include/moveit/collision_detection_bullet/bullet_integration/basic_types.h
[4.780s] -- Up-to-date: /home/salem/graduation_project_ws/install/moveit_core/include/moveit/collision_detection_bullet/collision_detector_allocator_bullet.h
[4.780s] -- Up-to-date: /home/salem/graduation_project_ws/install/moveit_core/include/moveit_collision_detection_bullet_export.h
[4.780s] -- Up-to-date: /home/salem/graduation_project_ws/install/moveit_core/include
[4.780s] -- Up-to-date: /home/salem/graduation_project_ws/install/moveit_core/include/moveit
[4.780s] -- Up-to-date: /home/salem/graduation_project_ws/install/moveit_core/include/moveit/collision_detection_fcl
[4.780s] -- Up-to-date: /home/salem/graduation_project_ws/install/moveit_core/include/moveit/collision_detection_fcl/fcl_compat.h
[4.780s] -- Up-to-date: /home/salem/graduation_project_ws/install/moveit_core/include/moveit/collision_detection_fcl/collision_detector_fcl_plugin_loader.h
[4.780s] -- Up-to-date: /home/salem/graduation_project_ws/install/moveit_core/include/moveit/collision_detection_fcl/collision_common.h
[4.780s] -- Up-to-date: /home/salem/graduation_project_ws/install/moveit_core/include/moveit/collision_detection_fcl/collision_env_fcl.h
[4.780s] -- Up-to-date: /home/salem/graduation_project_ws/install/moveit_core/include/moveit/collision_detection_fcl/collision_detector_allocator_fcl.h
[4.780s] -- Up-to-date: /home/salem/graduation_project_ws/install/moveit_core/include/moveit_collision_detection_fcl_export.h
[4.780s] -- Installing: /home/salem/graduation_project_ws/install/moveit_core/lib/libcollision_detector_bullet_plugin.so.2.5.9
[4.781s] -- Set runtime path of "/home/salem/graduation_project_ws/install/moveit_core/lib/libcollision_detector_bullet_plugin.so.2.5.9" to ""
[4.781s] -- Up-to-date: /home/salem/graduation_project_ws/install/moveit_core/lib/libcollision_detector_bullet_plugin.so
[4.781s] -- Installing: /home/salem/graduation_project_ws/install/moveit_core/lib/libmoveit_butterworth_filter.so.2.5.9
[4.781s] -- Set runtime path of "/home/salem/graduation_project_ws/install/moveit_core/lib/libmoveit_butterworth_filter.so.2.5.9" to ""
[4.781s] -- Up-to-date: /home/salem/graduation_project_ws/install/moveit_core/lib/libmoveit_butterworth_filter.so
[4.781s] -- Installing: /home/salem/graduation_project_ws/install/moveit_core/lib/libmoveit_collision_distance_field.so.2.5.9
[4.782s] -- Set runtime path of "/home/salem/graduation_project_ws/install/moveit_core/lib/libmoveit_collision_distance_field.so.2.5.9" to ""
[4.782s] -- Up-to-date: /home/salem/graduation_project_ws/install/moveit_core/lib/libmoveit_collision_distance_field.so
[4.783s] -- Installing: /home/salem/graduation_project_ws/install/moveit_core/lib/libmoveit_collision_detection.so.2.5.9
[4.784s] -- Set runtime path of "/home/salem/graduation_project_ws/install/moveit_core/lib/libmoveit_collision_detection.so.2.5.9" to ""
[4.784s] -- Up-to-date: /home/salem/graduation_project_ws/install/moveit_core/lib/libmoveit_collision_detection.so
[4.784s] -- Installing: /home/salem/graduation_project_ws/install/moveit_core/lib/libmoveit_collision_detection_fcl.so.2.5.9
[4.784s] -- Set runtime path of "/home/salem/graduation_project_ws/install/moveit_core/lib/libmoveit_collision_detection_fcl.so.2.5.9" to ""
[4.785s] -- Up-to-date: /home/salem/graduation_project_ws/install/moveit_core/lib/libmoveit_collision_detection_fcl.so
[4.785s] -- Installing: /home/salem/graduation_project_ws/install/moveit_core/lib/libmoveit_collision_detection_bullet.so.2.5.9
[4.786s] -- Set runtime path of "/home/salem/graduation_project_ws/install/moveit_core/lib/libmoveit_collision_detection_bullet.so.2.5.9" to ""
[4.786s] -- Up-to-date: /home/salem/graduation_project_ws/install/moveit_core/lib/libmoveit_collision_detection_bullet.so
[4.786s] -- Installing: /home/salem/graduation_project_ws/install/moveit_core/lib/libmoveit_dynamics_solver.so.2.5.9
[4.786s] -- Set runtime path of "/home/salem/graduation_project_ws/install/moveit_core/lib/libmoveit_dynamics_solver.so.2.5.9" to ""
[4.787s] -- Up-to-date: /home/salem/graduation_project_ws/install/moveit_core/lib/libmoveit_dynamics_solver.so
[4.787s] -- Installing: /home/salem/graduation_project_ws/install/moveit_core/lib/libmoveit_constraint_samplers.so.2.5.9
[4.787s] -- Set runtime path of "/home/salem/graduation_project_ws/install/moveit_core/lib/libmoveit_constraint_samplers.so.2.5.9" to ""
[4.788s] -- Up-to-date: /home/salem/graduation_project_ws/install/moveit_core/lib/libmoveit_constraint_samplers.so
[4.788s] -- Up-to-date: /home/salem/graduation_project_ws/install/moveit_core/lib/libmoveit_distance_field.so.2.5.9
[4.788s] -- Up-to-date: /home/salem/graduation_project_ws/install/moveit_core/lib/libmoveit_distance_field.so
[4.788s] -- Up-to-date: /home/salem/graduation_project_ws/install/moveit_core/lib/libmoveit_exceptions.so.2.5.9
[4.788s] -- Up-to-date: /home/salem/graduation_project_ws/install/moveit_core/lib/libmoveit_exceptions.so
[4.788s] -- Installing: /home/salem/graduation_project_ws/install/moveit_core/lib/libmoveit_kinematics_base.so
[4.789s] -- Set runtime path of "/home/salem/graduation_project_ws/install/moveit_core/lib/libmoveit_kinematics_base.so" to ""
[4.789s] -- Installing: /home/salem/graduation_project_ws/install/moveit_core/lib/libmoveit_kinematic_constraints.so.2.5.9
[4.790s] -- Set runtime path of "/home/salem/graduation_project_ws/install/moveit_core/lib/libmoveit_kinematic_constraints.so.2.5.9" to ""
[4.790s] -- Up-to-date: /home/salem/graduation_project_ws/install/moveit_core/lib/libmoveit_kinematic_constraints.so
[4.790s] -- Installing: /home/salem/graduation_project_ws/install/moveit_core/lib/libmoveit_kinematics_metrics.so.2.5.9
[4.791s] -- Set runtime path of "/home/salem/graduation_project_ws/install/moveit_core/lib/libmoveit_kinematics_metrics.so.2.5.9" to ""
[4.791s] -- Up-to-date: /home/salem/graduation_project_ws/install/moveit_core/lib/libmoveit_kinematics_metrics.so
[4.791s] -- Installing: /home/salem/graduation_project_ws/install/moveit_core/lib/libmoveit_planning_interface.so.2.5.9
[4.792s] -- Set runtime path of "/home/salem/graduation_project_ws/install/moveit_core/lib/libmoveit_planning_interface.so.2.5.9" to ""
[4.792s] -- Up-to-date: /home/salem/graduation_project_ws/install/moveit_core/lib/libmoveit_planning_interface.so
[4.792s] -- Installing: /home/salem/graduation_project_ws/install/moveit_core/lib/libmoveit_planning_scene.so.2.5.9
[4.793s] -- Set runtime path of "/home/salem/graduation_project_ws/install/moveit_core/lib/libmoveit_planning_scene.so.2.5.9" to ""
[4.793s] -- Up-to-date: /home/salem/graduation_project_ws/install/moveit_core/lib/libmoveit_planning_scene.so
[4.793s] -- Installing: /home/salem/graduation_project_ws/install/moveit_core/lib/libmoveit_planning_request_adapter.so.2.5.9
[4.794s] -- Set runtime path of "/home/salem/graduation_project_ws/install/moveit_core/lib/libmoveit_planning_request_adapter.so.2.5.9" to ""
[4.794s] -- Up-to-date: /home/salem/graduation_project_ws/install/moveit_core/lib/libmoveit_planning_request_adapter.so
[4.794s] -- Installing: /home/salem/graduation_project_ws/install/moveit_core/lib/libmoveit_robot_model.so.2.5.9
[4.795s] -- Set runtime path of "/home/salem/graduation_project_ws/install/moveit_core/lib/libmoveit_robot_model.so.2.5.9" to ""
[4.795s] -- Up-to-date: /home/salem/graduation_project_ws/install/moveit_core/lib/libmoveit_robot_model.so
[4.795s] -- Installing: /home/salem/graduation_project_ws/install/moveit_core/lib/libmoveit_robot_state.so.2.5.9
[4.796s] -- Set runtime path of "/home/salem/graduation_project_ws/install/moveit_core/lib/libmoveit_robot_state.so.2.5.9" to ""
[4.796s] -- Up-to-date: /home/salem/graduation_project_ws/install/moveit_core/lib/libmoveit_robot_state.so
[4.796s] -- Installing: /home/salem/graduation_project_ws/install/moveit_core/lib/libmoveit_robot_trajectory.so.2.5.9
[4.797s] -- Set runtime path of "/home/salem/graduation_project_ws/install/moveit_core/lib/libmoveit_robot_trajectory.so.2.5.9" to ""
[4.797s] -- Up-to-date: /home/salem/graduation_project_ws/install/moveit_core/lib/libmoveit_robot_trajectory.so
[4.797s] -- Up-to-date: /home/salem/graduation_project_ws/install/moveit_core/lib/libmoveit_smoothing_base.so.2.5.9
[4.797s] -- Up-to-date: /home/salem/graduation_project_ws/install/moveit_core/lib/libmoveit_smoothing_base.so
[4.797s] -- Installing: /home/salem/graduation_project_ws/install/moveit_core/lib/libmoveit_test_utils.so.2.5.9
[4.798s] -- Set runtime path of "/home/salem/graduation_project_ws/install/moveit_core/lib/libmoveit_test_utils.so.2.5.9" to ""
[4.798s] -- Up-to-date: /home/salem/graduation_project_ws/install/moveit_core/lib/libmoveit_test_utils.so
[4.798s] -- Installing: /home/salem/graduation_project_ws/install/moveit_core/lib/libmoveit_trajectory_processing.so.2.5.9
[4.799s] -- Set runtime path of "/home/salem/graduation_project_ws/install/moveit_core/lib/libmoveit_trajectory_processing.so.2.5.9" to ""
[4.799s] -- Up-to-date: /home/salem/graduation_project_ws/install/moveit_core/lib/libmoveit_trajectory_processing.so
[4.799s] -- Up-to-date: /home/salem/graduation_project_ws/install/moveit_core/lib/libmoveit_transforms.so.2.5.9
[4.799s] -- Up-to-date: /home/salem/graduation_project_ws/install/moveit_core/lib/libmoveit_transforms.so
[4.800s] -- Up-to-date: /home/salem/graduation_project_ws/install/moveit_core/lib/libmoveit_utils.so.2.5.9
[4.800s] -- Up-to-date: /home/salem/graduation_project_ws/install/moveit_core/lib/libmoveit_utils.so
[4.800s] -- Up-to-date: /home/salem/graduation_project_ws/install/moveit_core/share/moveit_core/environment/library_path.sh
[4.800s] -- Installing: /home/salem/graduation_project_ws/install/moveit_core/share/moveit_core/environment/library_path.dsv
[4.800s] -- Up-to-date: /home/salem/graduation_project_ws/install/moveit_core/share/moveit_core/collision_detector_fcl_description.xml
[4.800s] -- Up-to-date: /home/salem/graduation_project_ws/install/moveit_core/share/moveit_core/collision_detector_bullet_description.xml
[4.800s] -- Up-to-date: /home/salem/graduation_project_ws/install/moveit_core/share/moveit_core/filter_plugin_butterworth.xml
[4.800s] -- Up-to-date: /home/salem/graduation_project_ws/install/moveit_core/share/ament_index/resource_index/package_run_dependencies/moveit_core
[4.800s] -- Up-to-date: /home/salem/graduation_project_ws/install/moveit_core/share/ament_index/resource_index/parent_prefix_path/moveit_core
[4.800s] -- Up-to-date: /home/salem/graduation_project_ws/install/moveit_core/share/moveit_core/environment/ament_prefix_path.sh
[4.801s] -- Installing: /home/salem/graduation_project_ws/install/moveit_core/share/moveit_core/environment/ament_prefix_path.dsv
[4.801s] -- Up-to-date: /home/salem/graduation_project_ws/install/moveit_core/share/moveit_core/environment/path.sh
[4.801s] -- Installing: /home/salem/graduation_project_ws/install/moveit_core/share/moveit_core/environment/path.dsv
[4.801s] -- Up-to-date: /home/salem/graduation_project_ws/install/moveit_core/share/moveit_core/local_setup.bash
[4.801s] -- Up-to-date: /home/salem/graduation_project_ws/install/moveit_core/share/moveit_core/local_setup.sh
[4.801s] -- Up-to-date: /home/salem/graduation_project_ws/install/moveit_core/share/moveit_core/local_setup.zsh
[4.801s] -- Installing: /home/salem/graduation_project_ws/install/moveit_core/share/moveit_core/local_setup.dsv
[4.801s] -- Installing: /home/salem/graduation_project_ws/install/moveit_core/share/moveit_core/package.dsv
[4.801s] -- Up-to-date: /home/salem/graduation_project_ws/install/moveit_core/share/ament_index/resource_index/packages/moveit_core
[4.801s] -- Up-to-date: /home/salem/graduation_project_ws/install/moveit_core/share/ament_index/resource_index/moveit_core__pluginlib__plugin/moveit_core
[4.802s] -- Up-to-date: /home/salem/graduation_project_ws/install/moveit_core/share/moveit_core/cmake/export_moveit_coreExport.cmake
[4.802s] -- Up-to-date: /home/salem/graduation_project_ws/install/moveit_core/share/moveit_core/cmake/export_moveit_coreExport-release.cmake
[4.802s] -- Up-to-date: /home/salem/graduation_project_ws/install/moveit_core/share/moveit_core/cmake/ConfigExtras.cmake
[4.802s] -- Up-to-date: /home/salem/graduation_project_ws/install/moveit_core/share/moveit_core/cmake/ament_cmake_export_targets-extras.cmake
[4.802s] -- Up-to-date: /home/salem/graduation_project_ws/install/moveit_core/share/moveit_core/cmake/ament_cmake_export_dependencies-extras.cmake
[4.802s] -- Up-to-date: /home/salem/graduation_project_ws/install/moveit_core/share/moveit_core/cmake/moveit_coreConfig.cmake
[4.802s] -- Up-to-date: /home/salem/graduation_project_ws/install/moveit_core/share/moveit_core/cmake/moveit_coreConfig-version.cmake
[4.802s] -- Up-to-date: /home/salem/graduation_project_ws/install/moveit_core/share/moveit_core/package.xml
[4.804s] Invoked command in '/home/salem/graduation_project_ws/build/moveit_core' returned '0': AMENT_PREFIX_PATH=/home/salem/graduation_project_ws/install/moveit_resources_panda_moveit_config:/home/salem/graduation_project_ws/install/srdfdom:/home/salem/graduation_project_ws/install/moveit_resources_pr2_description:/home/salem/graduation_project_ws/install/moveit_resources_panda_description:/home/salem/graduation_project_ws/install/moveit_common:${AMENT_PREFIX_PATH} CMAKE_PREFIX_PATH=/home/salem/graduation_project_ws/install/moveit_resources_panda_moveit_config:/home/salem/graduation_project_ws/install/srdfdom:/home/salem/graduation_project_ws/install/moveit_resources_pr2_description:/home/salem/graduation_project_ws/install/moveit_resources_panda_description:/home/salem/graduation_project_ws/install/moveit_common:/home/salem/ros2_ws/install/labvolt5250a0_description:/home/salem/ws_moveit2/install/pilz_industrial_motion_planner_testutils:/home/salem/ws_moveit2/install/panda_moveit_config:/home/salem/ws_moveit2/install/moveit_runtime:/home/salem/ws_moveit2/install/moveit2_tutorials:/home/salem/ws_moveit2/install/moveit:/home/salem/ws_moveit2/install/moveit_planners:/home/salem/ws_moveit2/install/pilz_industrial_motion_planner:/home/salem/ws_moveit2/install/moveit_visual_tools:/home/salem/ws_moveit2/install/moveit_task_constructor_visualization:/home/salem/ws_moveit2/install/moveit_task_constructor_demo:/home/salem/ws_moveit2/install/moveit_task_constructor_capabilities:/home/salem/ws_moveit2/install/moveit_task_constructor_core:/home/salem/ws_moveit2/install/moveit_ros_control_interface:/home/salem/ws_moveit2/install/moveit_plugins:/home/salem/ws_moveit2/install/moveit_simple_controller_manager:/home/salem/ws_moveit2/install/moveit_setup_assistant:/home/salem/ws_moveit2/install/moveit_setup_srdf_plugins:/home/salem/ws_moveit2/install/moveit_setup_core_plugins:/home/salem/ws_moveit2/install/moveit_setup_controllers:/home/salem/ws_moveit2/install/moveit_setup_app_plugins:/home/salem/ws_moveit2/install/moveit_setup_framework:/home/salem/ws_moveit2/install/moveit_servo:/home/salem/ws_moveit2/install/moveit_ros:/home/salem/ws_moveit2/install/moveit_ros_visualization:/home/salem/ws_moveit2/install/moveit_hybrid_planning:/home/salem/ws_moveit2/install/moveit_ros_planning_interface:/home/salem/ws_moveit2/install/moveit_ros_benchmarks:/home/salem/ws_moveit2/install/moveit_ros_warehouse:/home/salem/ws_moveit2/install/moveit_ros_robot_interaction:/home/salem/ws_moveit2/install/moveit_ros_perception:/home/salem/ws_moveit2/install/moveit_resources_prbt_pg70_support:/home/salem/ws_moveit2/install/moveit_resources_prbt_moveit_config:/home/salem/ws_moveit2/install/moveit_ros_move_group:/home/salem/ws_moveit2/install/moveit_planners_ompl:/home/salem/ws_moveit2/install/moveit_ros_planning:/home/salem/ws_moveit2/install/moveit_ros_occupancy_map_monitor:/home/salem/ws_moveit2/install/moveit_resources_prbt_ikfast_manipulator_plugin:/home/salem/ws_moveit2/install/moveit_planners_chomp:/home/salem/ws_moveit2/install/moveit_kinematics:/home/salem/ws_moveit2/install/moveit_chomp_optimizer_adapter:/home/salem/ws_moveit2/install/chomp_motion_planner:/home/salem/ws_moveit2/install/moveit_core:/home/salem/ws_moveit2/install/srdfdom:/home/salem/ws_moveit2/install/rviz_marker_tools:/home/salem/ws_moveit2/install/rosparam_shortcuts:/home/salem/ws_moveit2/install/moveit_task_constructor_msgs:/home/salem/ws_moveit2/install/moveit_resources_prbt_support:/home/salem/ws_moveit2/install/moveit_resources:/home/salem/ws_moveit2/install/moveit_resources_pr2_description:/home/salem/ws_moveit2/install/moveit_resources_panda_moveit_config:/home/salem/ws_moveit2/install/moveit_resources_panda_description:/home/salem/ws_moveit2/install/moveit_resources_fanuc_moveit_config:/home/salem/ws_moveit2/install/moveit_resources_fanuc_description:/home/salem/ws_moveit2/install/moveit_common:/home/salem/microros_ws/install/micro_ros_setup:/home/salem/ros2_ws/install/my_robot_controller:/home/salem/ws_moveit2/install/moveit_configs_utils:/home/salem/ws_moveit2/install/launch_param_builder:/opt/ros/humble LD_LIBRARY_PATH=/home/salem/graduation_project_ws/install/srdfdom/lib:${LD_LIBRARY_PATH} PYTHONPATH=/home/salem/graduation_project_ws/install/srdfdom/local/lib/python3.10/dist-packages:${PYTHONPATH} /usr/bin/cmake --install /home/salem/graduation_project_ws/build/moveit_core
