[0.262s] Invoking command in '/home/salem/graduation_project_ws/build/rosparam_shortcuts': CMAKE_PREFIX_PATH=${CMAKE_PREFIX_PATH}:/home/salem/ros2_ws/install/my_robot_controller:/home/salem/ws_moveit2/install/moveit_configs_utils:/home/salem/ws_moveit2/install/launch_param_builder:/opt/ros/humble /usr/bin/cmake --build /home/salem/graduation_project_ws/build/rosparam_shortcuts -- -j16 -l16
[0.335s] [35m[1mConsolidate compiler generated dependencies of target gtest_main[0m
[0.335s] [35m[1mConsolidate compiler generated dependencies of target gtest[0m
[0.336s] [35m[1mConsolidate compiler generated dependencies of target rosparam_shortcuts[0m
[0.350s] [ 15%] Built target gtest_main
[0.350s] [ 30%] Built target gtest
[0.382s] [ 53%] Built target rosparam_shortcuts
[0.405s] [35m[1mConsolidate compiler generated dependencies of target rosparam_shortcuts_node_parameters_example[0m
[0.405s] [35m[1mConsolidate compiler generated dependencies of target rosparam_shortcuts_example[0m
[0.405s] [35m[1mConsolidate compiler generated dependencies of target test_node_parameters[0m
[0.447s] [ 69%] Built target rosparam_shortcuts_example
[0.447s] [ 84%] Built target rosparam_shortcuts_node_parameters_example
[0.447s] [100%] Built target test_node_parameters
[0.509s] Invoked command in '/home/salem/graduation_project_ws/build/rosparam_shortcuts' returned '0': CMAKE_PREFIX_PATH=${CMAKE_PREFIX_PATH}:/home/salem/ros2_ws/install/my_robot_controller:/home/salem/ws_moveit2/install/moveit_configs_utils:/home/salem/ws_moveit2/install/launch_param_builder:/opt/ros/humble /usr/bin/cmake --build /home/salem/graduation_project_ws/build/rosparam_shortcuts -- -j16 -l16
[0.512s] Invoking command in '/home/salem/graduation_project_ws/build/rosparam_shortcuts': CMAKE_PREFIX_PATH=${CMAKE_PREFIX_PATH}:/home/salem/ros2_ws/install/my_robot_controller:/home/salem/ws_moveit2/install/moveit_configs_utils:/home/salem/ws_moveit2/install/launch_param_builder:/opt/ros/humble /usr/bin/cmake --install /home/salem/graduation_project_ws/build/rosparam_shortcuts
[0.522s] -- Install configuration: ""
[0.524s] -- Up-to-date: /home/salem/graduation_project_ws/install/rosparam_shortcuts/lib/librosparam_shortcuts.so
[0.524s] -- Up-to-date: /home/salem/graduation_project_ws/install/rosparam_shortcuts/lib/rosparam_shortcuts/example
[0.524s] -- Up-to-date: /home/salem/graduation_project_ws/install/rosparam_shortcuts/lib/rosparam_shortcuts/node_parameters_example
[0.525s] -- Up-to-date: /home/salem/graduation_project_ws/install/rosparam_shortcuts/include
[0.525s] -- Up-to-date: /home/salem/graduation_project_ws/install/rosparam_shortcuts/include/rosparam_shortcuts
[0.525s] -- Up-to-date: /home/salem/graduation_project_ws/install/rosparam_shortcuts/include/rosparam_shortcuts/rosparam_shortcuts.h
[0.525s] -- Up-to-date: /home/salem/graduation_project_ws/install/rosparam_shortcuts/include/rosparam_shortcuts/node_parameters.h
[0.525s] -- Up-to-date: /home/salem/graduation_project_ws/install/rosparam_shortcuts/share/rosparam_shortcuts/launch
[0.525s] -- Up-to-date: /home/salem/graduation_project_ws/install/rosparam_shortcuts/share/rosparam_shortcuts/launch/example.launch.py
[0.525s] -- Up-to-date: /home/salem/graduation_project_ws/install/rosparam_shortcuts/share/rosparam_shortcuts/config
[0.526s] -- Up-to-date: /home/salem/graduation_project_ws/install/rosparam_shortcuts/share/rosparam_shortcuts/config/example.yaml
[0.526s] -- Up-to-date: /home/salem/graduation_project_ws/install/rosparam_shortcuts/share/rosparam_shortcuts/environment/library_path.sh
[0.526s] -- Up-to-date: /home/salem/graduation_project_ws/install/rosparam_shortcuts/share/rosparam_shortcuts/environment/library_path.dsv
[0.527s] -- Up-to-date: /home/salem/graduation_project_ws/install/rosparam_shortcuts/share/ament_index/resource_index/package_run_dependencies/rosparam_shortcuts
[0.527s] -- Up-to-date: /home/salem/graduation_project_ws/install/rosparam_shortcuts/share/ament_index/resource_index/parent_prefix_path/rosparam_shortcuts
[0.527s] -- Up-to-date: /home/salem/graduation_project_ws/install/rosparam_shortcuts/share/rosparam_shortcuts/environment/ament_prefix_path.sh
[0.527s] -- Up-to-date: /home/salem/graduation_project_ws/install/rosparam_shortcuts/share/rosparam_shortcuts/environment/ament_prefix_path.dsv
[0.527s] -- Up-to-date: /home/salem/graduation_project_ws/install/rosparam_shortcuts/share/rosparam_shortcuts/environment/path.sh
[0.527s] -- Up-to-date: /home/salem/graduation_project_ws/install/rosparam_shortcuts/share/rosparam_shortcuts/environment/path.dsv
[0.527s] -- Up-to-date: /home/salem/graduation_project_ws/install/rosparam_shortcuts/share/rosparam_shortcuts/local_setup.bash
[0.528s] -- Up-to-date: /home/salem/graduation_project_ws/install/rosparam_shortcuts/share/rosparam_shortcuts/local_setup.sh
[0.528s] -- Up-to-date: /home/salem/graduation_project_ws/install/rosparam_shortcuts/share/rosparam_shortcuts/local_setup.zsh
[0.528s] -- Up-to-date: /home/salem/graduation_project_ws/install/rosparam_shortcuts/share/rosparam_shortcuts/local_setup.dsv
[0.528s] -- Installing: /home/salem/graduation_project_ws/install/rosparam_shortcuts/share/rosparam_shortcuts/package.dsv
[0.528s] -- Up-to-date: /home/salem/graduation_project_ws/install/rosparam_shortcuts/share/ament_index/resource_index/packages/rosparam_shortcuts
[0.528s] -- Up-to-date: /home/salem/graduation_project_ws/install/rosparam_shortcuts/share/rosparam_shortcuts/cmake/export_rosparam_shortcutsExport.cmake
[0.528s] -- Up-to-date: /home/salem/graduation_project_ws/install/rosparam_shortcuts/share/rosparam_shortcuts/cmake/export_rosparam_shortcutsExport-noconfig.cmake
[0.528s] -- Up-to-date: /home/salem/graduation_project_ws/install/rosparam_shortcuts/share/rosparam_shortcuts/cmake/ament_cmake_export_targets-extras.cmake
[0.529s] -- Up-to-date: /home/salem/graduation_project_ws/install/rosparam_shortcuts/share/rosparam_shortcuts/cmake/ament_cmake_export_dependencies-extras.cmake
[0.529s] -- Up-to-date: /home/salem/graduation_project_ws/install/rosparam_shortcuts/share/rosparam_shortcuts/cmake/rosparam_shortcutsConfig.cmake
[0.529s] -- Up-to-date: /home/salem/graduation_project_ws/install/rosparam_shortcuts/share/rosparam_shortcuts/cmake/rosparam_shortcutsConfig-version.cmake
[0.529s] -- Up-to-date: /home/salem/graduation_project_ws/install/rosparam_shortcuts/share/rosparam_shortcuts/package.xml
[0.536s] Invoked command in '/home/salem/graduation_project_ws/build/rosparam_shortcuts' returned '0': CMAKE_PREFIX_PATH=${CMAKE_PREFIX_PATH}:/home/salem/ros2_ws/install/my_robot_controller:/home/salem/ws_moveit2/install/moveit_configs_utils:/home/salem/ws_moveit2/install/launch_param_builder:/opt/ros/humble /usr/bin/cmake --install /home/salem/graduation_project_ws/build/rosparam_shortcuts
