[0.000000] (-) TimerEvent: {}
[0.000241] (-) JobUnselected: {'identifier': 'chomp_motion_planner'}
[0.000278] (-) JobUnselected: {'identifier': 'lab_moveit_config'}
[0.000295] (-) JobUnselected: {'identifier': 'labvolt5250a0_description'}
[0.000310] (-) JobUnselected: {'identifier': 'labvolt_config'}
[0.000324] (-) JobUnselected: {'identifier': 'launch_param_builder'}
[0.000345] (-) JobUnselected: {'identifier': 'micro_ros_agent'}
[0.000364] (-) JobUnselected: {'identifier': 'micro_ros_msgs'}
[0.000379] (-) JobUnselected: {'identifier': 'micro_ros_setup'}
[0.000393] (-) JobUnselected: {'identifier': 'moveit'}
[0.000407] (-) JobUnselected: {'identifier': 'moveit2_tutorials'}
[0.000422] (-) JobUnselected: {'identifier': 'moveit_chomp_optimizer_adapter'}
[0.000436] (-) JobUnselected: {'identifier': 'moveit_common'}
[0.000450] (-) JobUnselected: {'identifier': 'moveit_configs_utils'}
[0.000464] (-) JobUnselected: {'identifier': 'moveit_core'}
[0.000478] (-) JobUnselected: {'identifier': 'moveit_hybrid_planning'}
[0.000492] (-) JobUnselected: {'identifier': 'moveit_kinematics'}
[0.000506] (-) JobUnselected: {'identifier': 'moveit_planners'}
[0.000519] (-) JobUnselected: {'identifier': 'moveit_planners_chomp'}
[0.000533] (-) JobUnselected: {'identifier': 'moveit_planners_ompl'}
[0.000547] (-) JobUnselected: {'identifier': 'moveit_plugins'}
[0.000561] (-) JobUnselected: {'identifier': 'moveit_resources'}
[0.000575] (-) JobUnselected: {'identifier': 'moveit_resources_fanuc_description'}
[0.000588] (-) JobUnselected: {'identifier': 'moveit_resources_fanuc_moveit_config'}
[0.000602] (-) JobUnselected: {'identifier': 'moveit_resources_panda_description'}
[0.000626] (-) JobUnselected: {'identifier': 'moveit_resources_panda_moveit_config'}
[0.000649] (-) JobUnselected: {'identifier': 'moveit_resources_pr2_description'}
[0.000667] (-) JobUnselected: {'identifier': 'moveit_resources_prbt_ikfast_manipulator_plugin'}
[0.000681] (-) JobUnselected: {'identifier': 'moveit_resources_prbt_moveit_config'}
[0.000695] (-) JobUnselected: {'identifier': 'moveit_resources_prbt_pg70_support'}
[0.000709] (-) JobUnselected: {'identifier': 'moveit_resources_prbt_support'}
[0.000723] (-) JobUnselected: {'identifier': 'moveit_ros'}
[0.000737] (-) JobUnselected: {'identifier': 'moveit_ros_benchmarks'}
[0.000752] (-) JobUnselected: {'identifier': 'moveit_ros_control_interface'}
[0.000767] (-) JobUnselected: {'identifier': 'moveit_ros_move_group'}
[0.000783] (-) JobUnselected: {'identifier': 'moveit_ros_occupancy_map_monitor'}
[0.000797] (-) JobUnselected: {'identifier': 'moveit_ros_perception'}
[0.000812] (-) JobUnselected: {'identifier': 'moveit_ros_planning'}
[0.000825] (-) JobUnselected: {'identifier': 'moveit_ros_planning_interface'}
[0.000839] (-) JobUnselected: {'identifier': 'moveit_ros_robot_interaction'}
[0.000853] (-) JobUnselected: {'identifier': 'moveit_ros_visualization'}
[0.000868] (-) JobUnselected: {'identifier': 'moveit_ros_warehouse'}
[0.000882] (-) JobUnselected: {'identifier': 'moveit_runtime'}
[0.000896] (-) JobUnselected: {'identifier': 'moveit_servo'}
[0.000910] (-) JobUnselected: {'identifier': 'moveit_setup_app_plugins'}
[0.000923] (-) JobUnselected: {'identifier': 'moveit_setup_assistant'}
[0.000937] (-) JobUnselected: {'identifier': 'moveit_setup_controllers'}
[0.000951] (-) JobUnselected: {'identifier': 'moveit_setup_core_plugins'}
[0.000964] (-) JobUnselected: {'identifier': 'moveit_setup_framework'}
[0.000978] (-) JobUnselected: {'identifier': 'moveit_setup_srdf_plugins'}
[0.000992] (-) JobUnselected: {'identifier': 'moveit_simple_controller_manager'}
[0.001005] (-) JobUnselected: {'identifier': 'moveit_task_constructor_capabilities'}
[0.001019] (-) JobUnselected: {'identifier': 'moveit_task_constructor_core'}
[0.001033] (-) JobUnselected: {'identifier': 'moveit_task_constructor_demo'}
[0.001046] (-) JobUnselected: {'identifier': 'moveit_task_constructor_msgs'}
[0.001060] (-) JobUnselected: {'identifier': 'moveit_task_constructor_visualization'}
[0.001073] (-) JobUnselected: {'identifier': 'moveit_visual_tools'}
[0.001087] (-) JobUnselected: {'identifier': 'pilz_industrial_motion_planner'}
[0.001474] (-) JobUnselected: {'identifier': 'pilz_industrial_motion_planner_testutils'}
[0.001492] (-) JobUnselected: {'identifier': 'rosparam_shortcuts'}
[0.001507] (-) JobUnselected: {'identifier': 'rviz_marker_tools'}
[0.001531] (-) JobUnselected: {'identifier': 'srdfdom'}
[0.001546] (-) JobUnselected: {'identifier': 'two_wheeled_robot'}
[0.001562] (panda_moveit_config) JobQueued: {'identifier': 'panda_moveit_config', 'dependencies': OrderedDict([('launch_param_builder', '/home/salem/graduation_project/graduation_project_ws/install/launch_param_builder'), ('moveit_common', '/home/salem/graduation_project/graduation_project_ws/install/moveit_common'), ('moveit_resources_fanuc_description', '/home/salem/graduation_project/graduation_project_ws/install/moveit_resources_fanuc_description'), ('moveit_resources_panda_description', '/home/salem/graduation_project/graduation_project_ws/install/moveit_resources_panda_description'), ('moveit_resources_pr2_description', '/home/salem/graduation_project/graduation_project_ws/install/moveit_resources_pr2_description'), ('moveit_resources_prbt_support', '/home/salem/graduation_project/graduation_project_ws/install/moveit_resources_prbt_support'), ('srdfdom', '/home/salem/graduation_project/graduation_project_ws/install/srdfdom'), ('two_wheeled_robot', '/home/salem/graduation_project/graduation_project_ws/install/two_wheeled_robot'), ('moveit_configs_utils', '/home/salem/graduation_project/graduation_project_ws/install/moveit_configs_utils'), ('moveit_resources_fanuc_moveit_config', '/home/salem/graduation_project/graduation_project_ws/install/moveit_resources_fanuc_moveit_config'), ('moveit_resources_panda_moveit_config', '/home/salem/graduation_project/graduation_project_ws/install/moveit_resources_panda_moveit_config'), ('moveit_core', '/home/salem/graduation_project/graduation_project_ws/install/moveit_core'), ('chomp_motion_planner', '/home/salem/graduation_project/graduation_project_ws/install/chomp_motion_planner'), ('moveit_resources_prbt_ikfast_manipulator_plugin', '/home/salem/graduation_project/graduation_project_ws/install/moveit_resources_prbt_ikfast_manipulator_plugin'), ('moveit_ros_occupancy_map_monitor', '/home/salem/graduation_project/graduation_project_ws/install/moveit_ros_occupancy_map_monitor'), ('moveit_simple_controller_manager', '/home/salem/graduation_project/graduation_project_ws/install/moveit_simple_controller_manager'), ('pilz_industrial_motion_planner_testutils', '/home/salem/graduation_project/graduation_project_ws/install/pilz_industrial_motion_planner_testutils'), ('moveit_planners_chomp', '/home/salem/graduation_project/graduation_project_ws/install/moveit_planners_chomp'), ('moveit_ros_planning', '/home/salem/graduation_project/graduation_project_ws/install/moveit_ros_planning'), ('moveit_kinematics', '/home/salem/graduation_project/graduation_project_ws/install/moveit_kinematics'), ('moveit_planners_ompl', '/home/salem/graduation_project/graduation_project_ws/install/moveit_planners_ompl'), ('moveit_ros_robot_interaction', '/home/salem/graduation_project/graduation_project_ws/install/moveit_ros_robot_interaction'), ('moveit_ros_warehouse', '/home/salem/graduation_project/graduation_project_ws/install/moveit_ros_warehouse'), ('moveit_ros_move_group', '/home/salem/graduation_project/graduation_project_ws/install/moveit_ros_move_group'), ('moveit_resources_prbt_moveit_config', '/home/salem/graduation_project/graduation_project_ws/install/moveit_resources_prbt_moveit_config'), ('moveit_ros_planning_interface', '/home/salem/graduation_project/graduation_project_ws/install/moveit_ros_planning_interface'), ('moveit_resources_prbt_pg70_support', '/home/salem/graduation_project/graduation_project_ws/install/moveit_resources_prbt_pg70_support'), ('moveit_ros_visualization', '/home/salem/graduation_project/graduation_project_ws/install/moveit_ros_visualization'), ('moveit_setup_framework', '/home/salem/graduation_project/graduation_project_ws/install/moveit_setup_framework'), ('pilz_industrial_motion_planner', '/home/salem/graduation_project/graduation_project_ws/install/pilz_industrial_motion_planner'), ('moveit_planners', '/home/salem/graduation_project/graduation_project_ws/install/moveit_planners'), ('moveit_setup_app_plugins', '/home/salem/graduation_project/graduation_project_ws/install/moveit_setup_app_plugins'), ('moveit_setup_controllers', '/home/salem/graduation_project/graduation_project_ws/install/moveit_setup_controllers'), ('moveit_setup_core_plugins', '/home/salem/graduation_project/graduation_project_ws/install/moveit_setup_core_plugins'), ('moveit_setup_srdf_plugins', '/home/salem/graduation_project/graduation_project_ws/install/moveit_setup_srdf_plugins'), ('moveit_setup_assistant', '/home/salem/graduation_project/graduation_project_ws/install/moveit_setup_assistant')])}
[0.001627] (panda_moveit_config) JobStarted: {'identifier': 'panda_moveit_config'}
[0.091652] (panda_moveit_config) JobEnded: {'identifier': 'panda_moveit_config', 'rc': 1}
[0.099675] (-) TimerEvent: {}
[0.102124] (-) EventReactorShutdown: {}
