[0.804s] Invoking command in '/home/salem/graduation_project_ws/src/launch_param_builder': PYTHONPATH=/home/salem/graduation_project_ws/build/launch_param_builder/prefix_override:/usr/lib/python3/dist-packages/colcon_core/task/python/colcon_distutils_commands:/home/salem/graduation_project_ws/install/launch_param_builder/lib/python3.10/site-packages:${PYTHONPATH} /usr/bin/python3 -W ignore:setup.py install is deprecated -W ignore:easy_install command is deprecated setup.py egg_info --egg-base ../../build/launch_param_builder build --build-base /home/salem/graduation_project_ws/build/launch_param_builder/build install --record /home/salem/graduation_project_ws/build/launch_param_builder/install.log --single-version-externally-managed install_data
[1.084s] running egg_info
[1.085s] creating ../../build/launch_param_builder/launch_param_builder.egg-info
[1.085s] writing ../../build/launch_param_builder/launch_param_builder.egg-info/PKG-INFO
[1.085s] writing dependency_links to ../../build/launch_param_builder/launch_param_builder.egg-info/dependency_links.txt
[1.085s] writing entry points to ../../build/launch_param_builder/launch_param_builder.egg-info/entry_points.txt
[1.085s] writing requirements to ../../build/launch_param_builder/launch_param_builder.egg-info/requires.txt
[1.085s] writing top-level names to ../../build/launch_param_builder/launch_param_builder.egg-info/top_level.txt
[1.086s] writing manifest file '../../build/launch_param_builder/launch_param_builder.egg-info/SOURCES.txt'
[1.088s] reading manifest file '../../build/launch_param_builder/launch_param_builder.egg-info/SOURCES.txt'
[1.088s] adding license file 'LICENSE'
[1.088s] writing manifest file '../../build/launch_param_builder/launch_param_builder.egg-info/SOURCES.txt'
[1.088s] running build
[1.089s] running build_py
[1.089s] creating /home/salem/graduation_project_ws/build/launch_param_builder/build
[1.089s] creating /home/salem/graduation_project_ws/build/launch_param_builder/build/lib
[1.089s] creating /home/salem/graduation_project_ws/build/launch_param_builder/build/lib/launch_param_builder
[1.089s] copying launch_param_builder/__init__.py -> /home/salem/graduation_project_ws/build/launch_param_builder/build/lib/launch_param_builder
[1.089s] copying launch_param_builder/utils.py -> /home/salem/graduation_project_ws/build/launch_param_builder/build/lib/launch_param_builder
[1.089s] copying launch_param_builder/launch_param_builder.py -> /home/salem/graduation_project_ws/build/launch_param_builder/build/lib/launch_param_builder
[1.089s] running install
[1.090s] running install_lib
[1.091s] creating /home/salem/graduation_project_ws/install/launch_param_builder/lib/python3.10/site-packages/launch_param_builder
[1.091s] copying /home/salem/graduation_project_ws/build/launch_param_builder/build/lib/launch_param_builder/__init__.py -> /home/salem/graduation_project_ws/install/launch_param_builder/lib/python3.10/site-packages/launch_param_builder
[1.091s] copying /home/salem/graduation_project_ws/build/launch_param_builder/build/lib/launch_param_builder/utils.py -> /home/salem/graduation_project_ws/install/launch_param_builder/lib/python3.10/site-packages/launch_param_builder
[1.091s] copying /home/salem/graduation_project_ws/build/launch_param_builder/build/lib/launch_param_builder/launch_param_builder.py -> /home/salem/graduation_project_ws/install/launch_param_builder/lib/python3.10/site-packages/launch_param_builder
[1.091s] byte-compiling /home/salem/graduation_project_ws/install/launch_param_builder/lib/python3.10/site-packages/launch_param_builder/__init__.py to __init__.cpython-310.pyc
[1.091s] byte-compiling /home/salem/graduation_project_ws/install/launch_param_builder/lib/python3.10/site-packages/launch_param_builder/utils.py to utils.cpython-310.pyc
[1.092s] byte-compiling /home/salem/graduation_project_ws/install/launch_param_builder/lib/python3.10/site-packages/launch_param_builder/launch_param_builder.py to launch_param_builder.cpython-310.pyc
[1.093s] running install_data
[1.093s] creating /home/salem/graduation_project_ws/install/launch_param_builder/share/ament_index
[1.093s] creating /home/salem/graduation_project_ws/install/launch_param_builder/share/ament_index/resource_index
[1.093s] creating /home/salem/graduation_project_ws/install/launch_param_builder/share/ament_index/resource_index/packages
[1.094s] copying resource/launch_param_builder -> /home/salem/graduation_project_ws/install/launch_param_builder/share/ament_index/resource_index/packages
[1.094s] creating /home/salem/graduation_project_ws/install/launch_param_builder/share/launch_param_builder/launch
[1.094s] copying example/launch_param_builder_example.launch.py -> /home/salem/graduation_project_ws/install/launch_param_builder/share/launch_param_builder/launch
[1.094s] creating /home/salem/graduation_project_ws/install/launch_param_builder/share/launch_param_builder/config
[1.094s] copying test/data/param_file_to_inject.yaml -> /home/salem/graduation_project_ws/install/launch_param_builder/share/launch_param_builder/config
[1.094s] copying test/data/parameters.yaml -> /home/salem/graduation_project_ws/install/launch_param_builder/share/launch_param_builder/config
[1.094s] copying test/data/parameters_injection.yaml -> /home/salem/graduation_project_ws/install/launch_param_builder/share/launch_param_builder/config
[1.094s] copying test/data/parameter.xacro -> /home/salem/graduation_project_ws/install/launch_param_builder/share/launch_param_builder/config
[1.094s] copying test/data/parameter_file -> /home/salem/graduation_project_ws/install/launch_param_builder/share/launch_param_builder/config
[1.095s] copying package.xml -> /home/salem/graduation_project_ws/install/launch_param_builder/share/launch_param_builder
[1.095s] creating /home/salem/graduation_project_ws/install/launch_param_builder/lib/launch_param_builder
[1.095s] copying example/example_node.py -> /home/salem/graduation_project_ws/install/launch_param_builder/lib/launch_param_builder
[1.095s] running install_egg_info
[1.096s] Copying ../../build/launch_param_builder/launch_param_builder.egg-info to /home/salem/graduation_project_ws/install/launch_param_builder/lib/python3.10/site-packages/launch_param_builder-0.1.1-py3.10.egg-info
[1.097s] running install_scripts
[1.116s] writing list of installed files to '/home/salem/graduation_project_ws/build/launch_param_builder/install.log'
[1.152s] Invoked command in '/home/salem/graduation_project_ws/src/launch_param_builder' returned '0': PYTHONPATH=/home/salem/graduation_project_ws/build/launch_param_builder/prefix_override:/usr/lib/python3/dist-packages/colcon_core/task/python/colcon_distutils_commands:/home/salem/graduation_project_ws/install/launch_param_builder/lib/python3.10/site-packages:${PYTHONPATH} /usr/bin/python3 -W ignore:setup.py install is deprecated -W ignore:easy_install command is deprecated setup.py egg_info --egg-base ../../build/launch_param_builder build --build-base /home/salem/graduation_project_ws/build/launch_param_builder/build install --record /home/salem/graduation_project_ws/build/launch_param_builder/install.log --single-version-externally-managed install_data
