[0.068s] Invoking command in '/home/salem/graduation_project_ws/build/moveit_common': CMAKE_PREFIX_PATH=${CMAKE_PREFIX_PATH}:/home/salem/ros2_ws/install/my_robot_controller:/home/salem/ws_moveit2/install/moveit_configs_utils:/home/salem/ws_moveit2/install/launch_param_builder:/opt/ros/humble /usr/bin/cmake /home/salem/graduation_project_ws/src/moveit2/moveit_common -DCMAKE_INSTALL_PREFIX=/home/salem/graduation_project_ws/install/moveit_common
[0.328s] -- Found ament_cmake: 1.3.11 (/opt/ros/humble/share/ament_cmake/cmake)
[0.329s] -- Found Python3: /usr/bin/python3 (found version "3.10.12") found components: Interpreter 
[0.454s] -- Found ament_lint_auto: 0.12.12 (/opt/ros/humble/share/ament_lint_auto/cmake)
[0.604s] -- Added test 'copyright' to check source files copyright and LICENSE
[0.607s] -- Added test 'lint_cmake' to check CMake code style
[0.609s] -- Added test 'xmllint' to check XML markup files
[0.612s] -- Configuring done
[0.615s] -- Generating done
[0.616s] -- Build files have been written to: /home/salem/graduation_project_ws/build/moveit_common
[0.620s] Invoked command in '/home/salem/graduation_project_ws/build/moveit_common' returned '0': CMAKE_PREFIX_PATH=${CMAKE_PREFIX_PATH}:/home/salem/ros2_ws/install/my_robot_controller:/home/salem/ws_moveit2/install/moveit_configs_utils:/home/salem/ws_moveit2/install/launch_param_builder:/opt/ros/humble /usr/bin/cmake /home/salem/graduation_project_ws/src/moveit2/moveit_common -DCMAKE_INSTALL_PREFIX=/home/salem/graduation_project_ws/install/moveit_common
[0.623s] Invoking command in '/home/salem/graduation_project_ws/build/moveit_common': CMAKE_PREFIX_PATH=${CMAKE_PREFIX_PATH}:/home/salem/ros2_ws/install/my_robot_controller:/home/salem/ws_moveit2/install/moveit_configs_utils:/home/salem/ws_moveit2/install/launch_param_builder:/opt/ros/humble /usr/bin/cmake --build /home/salem/graduation_project_ws/build/moveit_common -- -j16 -l16
[0.686s] Invoked command in '/home/salem/graduation_project_ws/build/moveit_common' returned '0': CMAKE_PREFIX_PATH=${CMAKE_PREFIX_PATH}:/home/salem/ros2_ws/install/my_robot_controller:/home/salem/ws_moveit2/install/moveit_configs_utils:/home/salem/ws_moveit2/install/launch_param_builder:/opt/ros/humble /usr/bin/cmake --build /home/salem/graduation_project_ws/build/moveit_common -- -j16 -l16
[0.704s] Invoking command in '/home/salem/graduation_project_ws/build/moveit_common': CMAKE_PREFIX_PATH=${CMAKE_PREFIX_PATH}:/home/salem/ros2_ws/install/my_robot_controller:/home/salem/ws_moveit2/install/moveit_configs_utils:/home/salem/ws_moveit2/install/launch_param_builder:/opt/ros/humble /usr/bin/cmake --install /home/salem/graduation_project_ws/build/moveit_common
[0.718s] -- Install configuration: ""
[0.718s] -- Installing: /home/salem/graduation_project_ws/install/moveit_common/share/ament_index/resource_index/package_run_dependencies/moveit_common
[0.719s] -- Installing: /home/salem/graduation_project_ws/install/moveit_common/share/ament_index/resource_index/parent_prefix_path/moveit_common
[0.719s] -- Installing: /home/salem/graduation_project_ws/install/moveit_common/share/moveit_common/environment/ament_prefix_path.sh
[0.719s] -- Installing: /home/salem/graduation_project_ws/install/moveit_common/share/moveit_common/environment/ament_prefix_path.dsv
[0.719s] -- Installing: /home/salem/graduation_project_ws/install/moveit_common/share/moveit_common/environment/path.sh
[0.719s] -- Installing: /home/salem/graduation_project_ws/install/moveit_common/share/moveit_common/environment/path.dsv
[0.719s] -- Installing: /home/salem/graduation_project_ws/install/moveit_common/share/moveit_common/local_setup.bash
[0.720s] -- Installing: /home/salem/graduation_project_ws/install/moveit_common/share/moveit_common/local_setup.sh
[0.720s] -- Installing: /home/salem/graduation_project_ws/install/moveit_common/share/moveit_common/local_setup.zsh
[0.720s] -- Installing: /home/salem/graduation_project_ws/install/moveit_common/share/moveit_common/local_setup.dsv
[0.720s] -- Installing: /home/salem/graduation_project_ws/install/moveit_common/share/moveit_common/package.dsv
[0.720s] -- Installing: /home/salem/graduation_project_ws/install/moveit_common/share/ament_index/resource_index/packages/moveit_common
[0.721s] -- Installing: /home/salem/graduation_project_ws/install/moveit_common/share/moveit_common/cmake/moveit_common-extras.cmake
[0.721s] -- Installing: /home/salem/graduation_project_ws/install/moveit_common/share/moveit_common/cmake/moveit_commonConfig.cmake
[0.721s] -- Installing: /home/salem/graduation_project_ws/install/moveit_common/share/moveit_common/cmake/moveit_commonConfig-version.cmake
[0.721s] -- Installing: /home/salem/graduation_project_ws/install/moveit_common/share/moveit_common/package.xml
[0.721s] -- Up-to-date: /home/salem/graduation_project_ws/install/moveit_common/share/moveit_common/cmake
[0.721s] -- Installing: /home/salem/graduation_project_ws/install/moveit_common/share/moveit_common/cmake/moveit_package.cmake
[0.724s] Invoked command in '/home/salem/graduation_project_ws/build/moveit_common' returned '0': CMAKE_PREFIX_PATH=${CMAKE_PREFIX_PATH}:/home/salem/ros2_ws/install/my_robot_controller:/home/salem/ws_moveit2/install/moveit_configs_utils:/home/salem/ws_moveit2/install/launch_param_builder:/opt/ros/humble /usr/bin/cmake --install /home/salem/graduation_project_ws/build/moveit_common
