[0.339s] Invoking command in '/home/salem/graduation_project/graduation_project_ws/build/micro_ros_msgs': CMAKE_PREFIX_PATH=${CMAKE_PREFIX_PATH}:/home/salem/ws_moveit2/install/moveit_configs_utils:/home/salem/ws_moveit2/install/launch_param_builder:/home/salem/ros2_ws/install/my_robot_controller:/opt/ros/humble /usr/bin/cmake --build /home/salem/graduation_project/graduation_project_ws/build/micro_ros_msgs -- -j16 -l16
[0.398s] [35m[1mConsolidate compiler generated dependencies of target micro_ros_msgs__rosidl_generator_c[0m
[0.413s] [  2%] Built target micro_ros_msgs__cpp
[0.415s] [ 12%] Built target micro_ros_msgs__rosidl_generator_c
[0.430s] [ 12%] Built target ament_cmake_python_copy_micro_ros_msgs
[0.431s] [35m[1mConsolidate compiler generated dependencies of target micro_ros_msgs__rosidl_typesupport_fastrtps_cpp[0m
[0.432s] [35m[1mConsolidate compiler generated dependencies of target micro_ros_msgs__rosidl_typesupport_introspection_cpp[0m
[0.432s] [35m[1mConsolidate compiler generated dependencies of target micro_ros_msgs__rosidl_typesupport_cpp[0m
[0.433s] [35m[1mConsolidate compiler generated dependencies of target micro_ros_msgs__rosidl_typesupport_introspection_c[0m
[0.433s] [35m[1mConsolidate compiler generated dependencies of target micro_ros_msgs__rosidl_typesupport_c[0m
[0.433s] [35m[1mConsolidate compiler generated dependencies of target micro_ros_msgs__rosidl_typesupport_fastrtps_c[0m
[0.451s] [ 36%] Built target micro_ros_msgs__rosidl_typesupport_introspection_c
[0.452s] [ 38%] Built target micro_ros_msgs__rosidl_typesupport_fastrtps_cpp
[0.452s] [ 51%] Built target micro_ros_msgs__rosidl_typesupport_c
[0.452s] [ 65%] Built target micro_ros_msgs__rosidl_typesupport_cpp
[0.452s] [ 65%] Built target micro_ros_msgs__rosidl_typesupport_introspection_cpp
[0.453s] [ 76%] Built target micro_ros_msgs__rosidl_typesupport_fastrtps_c
[0.485s] [ 76%] Built target micro_ros_msgs
[0.518s] [ 78%] Built target micro_ros_msgs__py
[0.536s] [35m[1mConsolidate compiler generated dependencies of target micro_ros_msgs__rosidl_generator_py[0m
[0.555s] [ 87%] Built target micro_ros_msgs__rosidl_generator_py
[0.572s] [35m[1mConsolidate compiler generated dependencies of target micro_ros_msgs__rosidl_typesupport_c__pyext[0m
[0.572s] [35m[1mConsolidate compiler generated dependencies of target micro_ros_msgs__rosidl_typesupport_introspection_c__pyext[0m
[0.572s] [35m[1mConsolidate compiler generated dependencies of target micro_ros_msgs__rosidl_typesupport_fastrtps_c__pyext[0m
[0.591s] [ 95%] Built target micro_ros_msgs__rosidl_typesupport_fastrtps_c__pyext
[0.591s] [ 95%] Built target micro_ros_msgs__rosidl_typesupport_introspection_c__pyext
[0.591s] [100%] Built target micro_ros_msgs__rosidl_typesupport_c__pyext
[0.659s] running egg_info
[0.659s] writing micro_ros_msgs.egg-info/PKG-INFO
[0.660s] writing dependency_links to micro_ros_msgs.egg-info/dependency_links.txt
[0.660s] writing top-level names to micro_ros_msgs.egg-info/top_level.txt
[0.661s] reading manifest file 'micro_ros_msgs.egg-info/SOURCES.txt'
[0.662s] writing manifest file 'micro_ros_msgs.egg-info/SOURCES.txt'
[0.691s] [100%] Built target ament_cmake_python_build_micro_ros_msgs_egg
