[0.031s] Invoking command in '/home/salem/graduation_project_ws/build/moveit_core': AMENT_PREFIX_PATH=/home/salem/graduation_project_ws/install/moveit_resources_panda_moveit_config:/home/salem/graduation_project_ws/install/srdfdom:/home/salem/graduation_project_ws/install/moveit_resources_pr2_description:/home/salem/graduation_project_ws/install/moveit_resources_panda_description:/home/salem/graduation_project_ws/install/moveit_common:${AMENT_PREFIX_PATH} CMAKE_PREFIX_PATH=/home/salem/graduation_project_ws/install/moveit_resources_panda_moveit_config:/home/salem/graduation_project_ws/install/srdfdom:/home/salem/graduation_project_ws/install/moveit_resources_pr2_description:/home/salem/graduation_project_ws/install/moveit_resources_panda_description:/home/salem/graduation_project_ws/install/moveit_common:/home/salem/ros2_ws/install/labvolt5250a0_description:/home/salem/ws_moveit2/install/pilz_industrial_motion_planner_testutils:/home/salem/ws_moveit2/install/panda_moveit_config:/home/salem/ws_moveit2/install/moveit_runtime:/home/salem/ws_moveit2/install/moveit2_tutorials:/home/salem/ws_moveit2/install/moveit:/home/salem/ws_moveit2/install/moveit_planners:/home/salem/ws_moveit2/install/pilz_industrial_motion_planner:/home/salem/ws_moveit2/install/moveit_visual_tools:/home/salem/ws_moveit2/install/moveit_task_constructor_visualization:/home/salem/ws_moveit2/install/moveit_task_constructor_demo:/home/salem/ws_moveit2/install/moveit_task_constructor_capabilities:/home/salem/ws_moveit2/install/moveit_task_constructor_core:/home/salem/ws_moveit2/install/moveit_ros_control_interface:/home/salem/ws_moveit2/install/moveit_plugins:/home/salem/ws_moveit2/install/moveit_simple_controller_manager:/home/salem/ws_moveit2/install/moveit_setup_assistant:/home/salem/ws_moveit2/install/moveit_setup_srdf_plugins:/home/salem/ws_moveit2/install/moveit_setup_core_plugins:/home/salem/ws_moveit2/install/moveit_setup_controllers:/home/salem/ws_moveit2/install/moveit_setup_app_plugins:/home/salem/ws_moveit2/install/moveit_setup_framework:/home/salem/ws_moveit2/install/moveit_servo:/home/salem/ws_moveit2/install/moveit_ros:/home/salem/ws_moveit2/install/moveit_ros_visualization:/home/salem/ws_moveit2/install/moveit_hybrid_planning:/home/salem/ws_moveit2/install/moveit_ros_planning_interface:/home/salem/ws_moveit2/install/moveit_ros_benchmarks:/home/salem/ws_moveit2/install/moveit_ros_warehouse:/home/salem/ws_moveit2/install/moveit_ros_robot_interaction:/home/salem/ws_moveit2/install/moveit_ros_perception:/home/salem/ws_moveit2/install/moveit_resources_prbt_pg70_support:/home/salem/ws_moveit2/install/moveit_resources_prbt_moveit_config:/home/salem/ws_moveit2/install/moveit_ros_move_group:/home/salem/ws_moveit2/install/moveit_planners_ompl:/home/salem/ws_moveit2/install/moveit_ros_planning:/home/salem/ws_moveit2/install/moveit_ros_occupancy_map_monitor:/home/salem/ws_moveit2/install/moveit_resources_prbt_ikfast_manipulator_plugin:/home/salem/ws_moveit2/install/moveit_planners_chomp:/home/salem/ws_moveit2/install/moveit_kinematics:/home/salem/ws_moveit2/install/moveit_chomp_optimizer_adapter:/home/salem/ws_moveit2/install/chomp_motion_planner:/home/salem/ws_moveit2/install/moveit_core:/home/salem/ws_moveit2/install/srdfdom:/home/salem/ws_moveit2/install/rviz_marker_tools:/home/salem/ws_moveit2/install/rosparam_shortcuts:/home/salem/ws_moveit2/install/moveit_task_constructor_msgs:/home/salem/ws_moveit2/install/moveit_resources_prbt_support:/home/salem/ws_moveit2/install/moveit_resources:/home/salem/ws_moveit2/install/moveit_resources_pr2_description:/home/salem/ws_moveit2/install/moveit_resources_panda_moveit_config:/home/salem/ws_moveit2/install/moveit_resources_panda_description:/home/salem/ws_moveit2/install/moveit_resources_fanuc_moveit_config:/home/salem/ws_moveit2/install/moveit_resources_fanuc_description:/home/salem/ws_moveit2/install/moveit_common:/home/salem/microros_ws/install/micro_ros_setup:/home/salem/ros2_ws/install/my_robot_controller:/home/salem/ws_moveit2/install/moveit_configs_utils:/home/salem/ws_moveit2/install/launch_param_builder:/opt/ros/humble LD_LIBRARY_PATH=/home/salem/graduation_project_ws/install/srdfdom/lib:${LD_LIBRARY_PATH} PYTHONPATH=/home/salem/graduation_project_ws/install/srdfdom/local/lib/python3.10/dist-packages:${PYTHONPATH} /usr/bin/cmake --build /home/salem/graduation_project_ws/build/moveit_core -- -j16 -l16
[0.115s] [35m[1mConsolidate compiler generated dependencies of target gtest[0m
[0.116s] [35m[1mConsolidate compiler generated dependencies of target moveit_exceptions[0m
[0.116s] [35m[1mConsolidate compiler generated dependencies of target gtest_main[0m
[0.116s] [35m[1mConsolidate compiler generated dependencies of target moveit_version[0m
[0.117s] [35m[1mConsolidate compiler generated dependencies of target moveit_utils[0m
[0.117s] [35m[1mConsolidate compiler generated dependencies of target moveit_smoothing_base[0m
[0.117s] [35m[1mConsolidate compiler generated dependencies of target moveit_transforms[0m
[0.117s] [35m[1mConsolidate compiler generated dependencies of target moveit_kinematics_base[0m
[0.118s] [35m[1mConsolidate compiler generated dependencies of target gmock_main[0m
[0.118s] [35m[1mConsolidate compiler generated dependencies of target gmock[0m
[0.121s] [35m[1mConsolidate compiler generated dependencies of target moveit_distance_field[0m
[0.136s] [  1%] Built target moveit_version
[0.136s] [  3%] Built target moveit_butterworth_parameters
[0.137s] [  4%] Built target gtest
[0.138s] [  5%] Built target gtest_main
[0.139s] [  6%] Built target moveit_exceptions
[0.141s] [  8%] Built target gmock_main
[0.141s] [ 10%] Built target moveit_utils
[0.142s] [ 11%] Built target moveit_smoothing_base
[0.142s] [ 13%] Built target gmock
[0.148s] [ 15%] Built target moveit_transforms
[0.148s] [ 15%] Built target moveit_kinematics_base
[0.166s] [35m[1mConsolidate compiler generated dependencies of target test_transforms[0m
[0.168s] [ 18%] Built target moveit_distance_field
[0.174s] [35m[1mConsolidate compiler generated dependencies of target moveit_robot_model[0m
[0.186s] [35m[1mConsolidate compiler generated dependencies of target test_voxel_grid[0m
[0.186s] [ 19%] Built target test_transforms
[0.188s] [35m[1mConsolidate compiler generated dependencies of target test_distance_field[0m
[0.209s] [ 20%] Built target test_voxel_grid
[0.214s] [ 26%] Built target moveit_robot_model
[0.216s] [ 27%] Built target test_distance_field
[0.231s] [35m[1mConsolidate compiler generated dependencies of target moveit_butterworth_filter[0m
[0.231s] [35m[1mConsolidate compiler generated dependencies of target moveit_test_utils[0m
[0.234s] [35m[1mConsolidate compiler generated dependencies of target moveit_robot_state[0m
[0.259s] [ 28%] Built target moveit_butterworth_filter
[0.263s] [ 30%] Built target moveit_test_utils
[0.269s] [ 33%] Built target moveit_robot_state
[0.279s] [35m[1mConsolidate compiler generated dependencies of target test_butterworth_filter[0m
[0.283s] [35m[1mConsolidate compiler generated dependencies of target test_robot_model[0m
[0.288s] [35m[1mConsolidate compiler generated dependencies of target moveit_kinematics_metrics[0m
[0.288s] [35m[1mConsolidate compiler generated dependencies of target test_robot_state_benchmark[0m
[0.290s] [35m[1mConsolidate compiler generated dependencies of target moveit_robot_trajectory[0m
[0.290s] [35m[1mConsolidate compiler generated dependencies of target test_cartesian_interpolator[0m
[0.290s] [35m[1mConsolidate compiler generated dependencies of target moveit_dynamics_solver[0m
[0.290s] [35m[1mConsolidate compiler generated dependencies of target test_robot_state[0m
[0.292s] [35m[1mConsolidate compiler generated dependencies of target test_robot_state_complex[0m
[0.292s] [35m[1mConsolidate compiler generated dependencies of target test_aabb[0m
[0.300s] [35m[1mConsolidate compiler generated dependencies of target moveit_collision_detection[0m
[0.312s] [ 34%] Built target test_robot_model
[0.312s] [ 35%] Built target test_butterworth_filter
[0.315s] [ 36%] Built target test_cartesian_interpolator
[0.316s] [ 37%] Built target moveit_kinematics_metrics
[0.317s] [ 38%] Built target test_robot_state_benchmark
[0.320s] [ 40%] Built target moveit_dynamics_solver
[0.320s] [ 40%] Built target test_robot_state_complex
[0.320s] [ 42%] Built target test_robot_state
[0.321s] [ 43%] Built target moveit_robot_trajectory
[0.322s] [ 44%] Built target test_aabb
[0.338s] [35m[1mConsolidate compiler generated dependencies of target test_robot_trajectory[0m
[0.340s] [35m[1mConsolidate compiler generated dependencies of target moveit_planning_interface[0m
[0.342s] [35m[1mConsolidate compiler generated dependencies of target moveit_trajectory_processing[0m
[0.351s] [ 49%] Built target moveit_collision_detection
[0.365s] [ 50%] Built target test_robot_trajectory
[0.369s] [35m[1mConsolidate compiler generated dependencies of target test_world_diff[0m
[0.369s] [35m[1mConsolidate compiler generated dependencies of target test_world[0m
[0.369s] [35m[1mConsolidate compiler generated dependencies of target test_all_valid[0m
[0.370s] [ 52%] Built target moveit_planning_interface
[0.370s] [35m[1mConsolidate compiler generated dependencies of target moveit_collision_detection_fcl[0m
[0.378s] [ 55%] Built target moveit_trajectory_processing
[0.380s] [35m[1mConsolidate compiler generated dependencies of target moveit_collision_detection_bullet[0m
[0.392s] [ 58%] Built target test_world
[0.392s] [ 58%] Built target test_world_diff
[0.396s] [ 59%] Built target test_all_valid
[0.396s] [35m[1mConsolidate compiler generated dependencies of target test_time_parameterization[0m
[0.397s] [35m[1mConsolidate compiler generated dependencies of target test_ruckig_traj_smoothing[0m
[0.397s] [35m[1mConsolidate compiler generated dependencies of target test_time_optimal_trajectory_generation[0m
[0.408s] [ 61%] Built target moveit_collision_detection_fcl
[0.422s] [ 64%] Built target test_time_optimal_trajectory_generation
[0.423s] [ 64%] Built target test_ruckig_traj_smoothing
[0.423s] [ 65%] Built target test_time_parameterization
[0.426s] [35m[1mConsolidate compiler generated dependencies of target test_fcl_collision_env[0m
[0.427s] [35m[1mConsolidate compiler generated dependencies of target moveit_kinematic_constraints[0m
[0.428s] [ 70%] Built target moveit_collision_detection_bullet
[0.429s] [35m[1mConsolidate compiler generated dependencies of target test_fcl_collision_detection_panda[0m
[0.429s] [35m[1mConsolidate compiler generated dependencies of target test_fcl_collision_detection[0m
[0.446s] [35m[1mConsolidate compiler generated dependencies of target test_bullet_collision_detection[0m
[0.446s] [35m[1mConsolidate compiler generated dependencies of target test_bullet_continuous_collision_checking[0m
[0.446s] [35m[1mConsolidate compiler generated dependencies of target test_bullet_collision_detection_panda[0m
[0.457s] [ 71%] Built target test_fcl_collision_env
[0.459s] [ 72%] Built target test_fcl_collision_detection
[0.459s] [ 74%] Built target test_fcl_collision_detection_panda
[0.461s] [ 76%] Built target moveit_kinematic_constraints
[0.475s] [ 79%] Built target test_bullet_continuous_collision_checking
[0.475s] [ 79%] Built target test_bullet_collision_detection
[0.475s] [ 80%] Built target test_bullet_collision_detection_panda
[0.478s] [35m[1mConsolidate compiler generated dependencies of target test_orientation_constraints[0m
[0.478s] [35m[1mConsolidate compiler generated dependencies of target test_constraints[0m
[0.478s] [35m[1mConsolidate compiler generated dependencies of target moveit_planning_scene[0m
[0.505s] [ 82%] Built target test_constraints
[0.505s] [ 82%] Built target test_orientation_constraints
[0.510s] [ 84%] Built target moveit_planning_scene
[0.528s] [35m[1mConsolidate compiler generated dependencies of target test_multi_threaded[0m
[0.528s] [35m[1mConsolidate compiler generated dependencies of target test_collision_objects[0m
[0.528s] [35m[1mConsolidate compiler generated dependencies of target collision_detector_bullet_plugin[0m
[0.529s] [35m[1mConsolidate compiler generated dependencies of target collision_detector_fcl_plugin[0m
[0.530s] [35m[1mConsolidate compiler generated dependencies of target test_planning_scene[0m
[0.530s] [35m[1mConsolidate compiler generated dependencies of target moveit_planning_request_adapter[0m
[0.532s] [35m[1mConsolidate compiler generated dependencies of target moveit_collision_distance_field[0m
[0.533s] [35m[1mConsolidate compiler generated dependencies of target moveit_constraint_samplers[0m
[0.555s] [ 85%] Built target test_multi_threaded
[0.555s] [ 86%] Built target collision_detector_bullet_plugin
[0.557s] [ 87%] Built target moveit_planning_request_adapter
[0.557s] [ 88%] Built target collision_detector_fcl_plugin
[0.558s] [ 89%] Built target test_collision_objects
[0.563s] [ 90%] Built target test_planning_scene
[0.572s] [ 93%] Built target moveit_constraint_samplers
[0.572s] [ 96%] Built target moveit_collision_distance_field
[0.590s] [35m[1mConsolidate compiler generated dependencies of target test_collision_distance_field[0m
[0.593s] [35m[1mConsolidate compiler generated dependencies of target test_constraint_samplers[0m
[0.620s] [ 97%] Built target test_collision_distance_field
[0.629s] [100%] Built target test_constraint_samplers
[0.653s] Invoked command in '/home/salem/graduation_project_ws/build/moveit_core' returned '0': AMENT_PREFIX_PATH=/home/salem/graduation_project_ws/install/moveit_resources_panda_moveit_config:/home/salem/graduation_project_ws/install/srdfdom:/home/salem/graduation_project_ws/install/moveit_resources_pr2_description:/home/salem/graduation_project_ws/install/moveit_resources_panda_description:/home/salem/graduation_project_ws/install/moveit_common:${AMENT_PREFIX_PATH} CMAKE_PREFIX_PATH=/home/salem/graduation_project_ws/install/moveit_resources_panda_moveit_config:/home/salem/graduation_project_ws/install/srdfdom:/home/salem/graduation_project_ws/install/moveit_resources_pr2_description:/home/salem/graduation_project_ws/install/moveit_resources_panda_description:/home/salem/graduation_project_ws/install/moveit_common:/home/salem/ros2_ws/install/labvolt5250a0_description:/home/salem/ws_moveit2/install/pilz_industrial_motion_planner_testutils:/home/salem/ws_moveit2/install/panda_moveit_config:/home/salem/ws_moveit2/install/moveit_runtime:/home/salem/ws_moveit2/install/moveit2_tutorials:/home/salem/ws_moveit2/install/moveit:/home/salem/ws_moveit2/install/moveit_planners:/home/salem/ws_moveit2/install/pilz_industrial_motion_planner:/home/salem/ws_moveit2/install/moveit_visual_tools:/home/salem/ws_moveit2/install/moveit_task_constructor_visualization:/home/salem/ws_moveit2/install/moveit_task_constructor_demo:/home/salem/ws_moveit2/install/moveit_task_constructor_capabilities:/home/salem/ws_moveit2/install/moveit_task_constructor_core:/home/salem/ws_moveit2/install/moveit_ros_control_interface:/home/salem/ws_moveit2/install/moveit_plugins:/home/salem/ws_moveit2/install/moveit_simple_controller_manager:/home/salem/ws_moveit2/install/moveit_setup_assistant:/home/salem/ws_moveit2/install/moveit_setup_srdf_plugins:/home/salem/ws_moveit2/install/moveit_setup_core_plugins:/home/salem/ws_moveit2/install/moveit_setup_controllers:/home/salem/ws_moveit2/install/moveit_setup_app_plugins:/home/salem/ws_moveit2/install/moveit_setup_framework:/home/salem/ws_moveit2/install/moveit_servo:/home/salem/ws_moveit2/install/moveit_ros:/home/salem/ws_moveit2/install/moveit_ros_visualization:/home/salem/ws_moveit2/install/moveit_hybrid_planning:/home/salem/ws_moveit2/install/moveit_ros_planning_interface:/home/salem/ws_moveit2/install/moveit_ros_benchmarks:/home/salem/ws_moveit2/install/moveit_ros_warehouse:/home/salem/ws_moveit2/install/moveit_ros_robot_interaction:/home/salem/ws_moveit2/install/moveit_ros_perception:/home/salem/ws_moveit2/install/moveit_resources_prbt_pg70_support:/home/salem/ws_moveit2/install/moveit_resources_prbt_moveit_config:/home/salem/ws_moveit2/install/moveit_ros_move_group:/home/salem/ws_moveit2/install/moveit_planners_ompl:/home/salem/ws_moveit2/install/moveit_ros_planning:/home/salem/ws_moveit2/install/moveit_ros_occupancy_map_monitor:/home/salem/ws_moveit2/install/moveit_resources_prbt_ikfast_manipulator_plugin:/home/salem/ws_moveit2/install/moveit_planners_chomp:/home/salem/ws_moveit2/install/moveit_kinematics:/home/salem/ws_moveit2/install/moveit_chomp_optimizer_adapter:/home/salem/ws_moveit2/install/chomp_motion_planner:/home/salem/ws_moveit2/install/moveit_core:/home/salem/ws_moveit2/install/srdfdom:/home/salem/ws_moveit2/install/rviz_marker_tools:/home/salem/ws_moveit2/install/rosparam_shortcuts:/home/salem/ws_moveit2/install/moveit_task_constructor_msgs:/home/salem/ws_moveit2/install/moveit_resources_prbt_support:/home/salem/ws_moveit2/install/moveit_resources:/home/salem/ws_moveit2/install/moveit_resources_pr2_description:/home/salem/ws_moveit2/install/moveit_resources_panda_moveit_config:/home/salem/ws_moveit2/install/moveit_resources_panda_description:/home/salem/ws_moveit2/install/moveit_resources_fanuc_moveit_config:/home/salem/ws_moveit2/install/moveit_resources_fanuc_description:/home/salem/ws_moveit2/install/moveit_common:/home/salem/microros_ws/install/micro_ros_setup:/home/salem/ros2_ws/install/my_robot_controller:/home/salem/ws_moveit2/install/moveit_configs_utils:/home/salem/ws_moveit2/install/launch_param_builder:/opt/ros/humble LD_LIBRARY_PATH=/home/salem/graduation_project_ws/install/srdfdom/lib:${LD_LIBRARY_PATH} PYTHONPATH=/home/salem/graduation_project_ws/install/srdfdom/local/lib/python3.10/dist-packages:${PYTHONPATH} /usr/bin/cmake --build /home/salem/graduation_project_ws/build/moveit_core -- -j16 -l16
[0.655s] Invoking command in '/home/salem/graduation_project_ws/build/moveit_core': AMENT_PREFIX_PATH=/home/salem/graduation_project_ws/install/moveit_resources_panda_moveit_config:/home/salem/graduation_project_ws/install/srdfdom:/home/salem/graduation_project_ws/install/moveit_resources_pr2_description:/home/salem/graduation_project_ws/install/moveit_resources_panda_description:/home/salem/graduation_project_ws/install/moveit_common:${AMENT_PREFIX_PATH} CMAKE_PREFIX_PATH=/home/salem/graduation_project_ws/install/moveit_resources_panda_moveit_config:/home/salem/graduation_project_ws/install/srdfdom:/home/salem/graduation_project_ws/install/moveit_resources_pr2_description:/home/salem/graduation_project_ws/install/moveit_resources_panda_description:/home/salem/graduation_project_ws/install/moveit_common:/home/salem/ros2_ws/install/labvolt5250a0_description:/home/salem/ws_moveit2/install/pilz_industrial_motion_planner_testutils:/home/salem/ws_moveit2/install/panda_moveit_config:/home/salem/ws_moveit2/install/moveit_runtime:/home/salem/ws_moveit2/install/moveit2_tutorials:/home/salem/ws_moveit2/install/moveit:/home/salem/ws_moveit2/install/moveit_planners:/home/salem/ws_moveit2/install/pilz_industrial_motion_planner:/home/salem/ws_moveit2/install/moveit_visual_tools:/home/salem/ws_moveit2/install/moveit_task_constructor_visualization:/home/salem/ws_moveit2/install/moveit_task_constructor_demo:/home/salem/ws_moveit2/install/moveit_task_constructor_capabilities:/home/salem/ws_moveit2/install/moveit_task_constructor_core:/home/salem/ws_moveit2/install/moveit_ros_control_interface:/home/salem/ws_moveit2/install/moveit_plugins:/home/salem/ws_moveit2/install/moveit_simple_controller_manager:/home/salem/ws_moveit2/install/moveit_setup_assistant:/home/salem/ws_moveit2/install/moveit_setup_srdf_plugins:/home/salem/ws_moveit2/install/moveit_setup_core_plugins:/home/salem/ws_moveit2/install/moveit_setup_controllers:/home/salem/ws_moveit2/install/moveit_setup_app_plugins:/home/salem/ws_moveit2/install/moveit_setup_framework:/home/salem/ws_moveit2/install/moveit_servo:/home/salem/ws_moveit2/install/moveit_ros:/home/salem/ws_moveit2/install/moveit_ros_visualization:/home/salem/ws_moveit2/install/moveit_hybrid_planning:/home/salem/ws_moveit2/install/moveit_ros_planning_interface:/home/salem/ws_moveit2/install/moveit_ros_benchmarks:/home/salem/ws_moveit2/install/moveit_ros_warehouse:/home/salem/ws_moveit2/install/moveit_ros_robot_interaction:/home/salem/ws_moveit2/install/moveit_ros_perception:/home/salem/ws_moveit2/install/moveit_resources_prbt_pg70_support:/home/salem/ws_moveit2/install/moveit_resources_prbt_moveit_config:/home/salem/ws_moveit2/install/moveit_ros_move_group:/home/salem/ws_moveit2/install/moveit_planners_ompl:/home/salem/ws_moveit2/install/moveit_ros_planning:/home/salem/ws_moveit2/install/moveit_ros_occupancy_map_monitor:/home/salem/ws_moveit2/install/moveit_resources_prbt_ikfast_manipulator_plugin:/home/salem/ws_moveit2/install/moveit_planners_chomp:/home/salem/ws_moveit2/install/moveit_kinematics:/home/salem/ws_moveit2/install/moveit_chomp_optimizer_adapter:/home/salem/ws_moveit2/install/chomp_motion_planner:/home/salem/ws_moveit2/install/moveit_core:/home/salem/ws_moveit2/install/srdfdom:/home/salem/ws_moveit2/install/rviz_marker_tools:/home/salem/ws_moveit2/install/rosparam_shortcuts:/home/salem/ws_moveit2/install/moveit_task_constructor_msgs:/home/salem/ws_moveit2/install/moveit_resources_prbt_support:/home/salem/ws_moveit2/install/moveit_resources:/home/salem/ws_moveit2/install/moveit_resources_pr2_description:/home/salem/ws_moveit2/install/moveit_resources_panda_moveit_config:/home/salem/ws_moveit2/install/moveit_resources_panda_description:/home/salem/ws_moveit2/install/moveit_resources_fanuc_moveit_config:/home/salem/ws_moveit2/install/moveit_resources_fanuc_description:/home/salem/ws_moveit2/install/moveit_common:/home/salem/microros_ws/install/micro_ros_setup:/home/salem/ros2_ws/install/my_robot_controller:/home/salem/ws_moveit2/install/moveit_configs_utils:/home/salem/ws_moveit2/install/launch_param_builder:/opt/ros/humble LD_LIBRARY_PATH=/home/salem/graduation_project_ws/install/srdfdom/lib:${LD_LIBRARY_PATH} PYTHONPATH=/home/salem/graduation_project_ws/install/srdfdom/local/lib/python3.10/dist-packages:${PYTHONPATH} /usr/bin/cmake --install /home/salem/graduation_project_ws/build/moveit_core
[0.667s] -- Install configuration: "Release"
[0.667s] -- Up-to-date: /home/salem/graduation_project_ws/install/moveit_core/include/moveit/version.h
[0.667s] -- Up-to-date: /home/salem/graduation_project_ws/install/moveit_core/include
[0.667s] -- Up-to-date: /home/salem/graduation_project_ws/install/moveit_core/include/moveit
[0.668s] -- Up-to-date: /home/salem/graduation_project_ws/install/moveit_core/include/moveit/collision_distance_field
[0.668s] -- Up-to-date: /home/salem/graduation_project_ws/install/moveit_core/include/moveit/collision_distance_field/collision_common_distance_field.h
[0.668s] -- Up-to-date: /home/salem/graduation_project_ws/install/moveit_core/include/moveit/collision_distance_field/collision_detector_allocator_distance_field.h
[0.668s] -- Up-to-date: /home/salem/graduation_project_ws/install/moveit_core/include/moveit/collision_distance_field/collision_env_hybrid.h
[0.668s] -- Up-to-date: /home/salem/graduation_project_ws/install/moveit_core/include/moveit/collision_distance_field/collision_detector_allocator_hybrid.h
[0.668s] -- Up-to-date: /home/salem/graduation_project_ws/install/moveit_core/include/moveit/collision_distance_field/collision_env_distance_field.h
[0.668s] -- Up-to-date: /home/salem/graduation_project_ws/install/moveit_core/include/moveit/collision_distance_field/collision_distance_field_types.h
[0.668s] -- Up-to-date: /home/salem/graduation_project_ws/install/moveit_core/include/moveit_collision_distance_field_export.h
[0.668s] -- Up-to-date: /home/salem/graduation_project_ws/install/moveit_core/include
[0.668s] -- Up-to-date: /home/salem/graduation_project_ws/install/moveit_core/include/moveit
[0.668s] -- Up-to-date: /home/salem/graduation_project_ws/install/moveit_core/include/moveit/constraint_samplers
[0.668s] -- Up-to-date: /home/salem/graduation_project_ws/install/moveit_core/include/moveit/constraint_samplers/constraint_sampler_manager.h
[0.668s] -- Up-to-date: /home/salem/graduation_project_ws/install/moveit_core/include/moveit/constraint_samplers/constraint_sampler_tools.h
[0.668s] -- Up-to-date: /home/salem/graduation_project_ws/install/moveit_core/include/moveit/constraint_samplers/constraint_sampler.h
[0.669s] -- Up-to-date: /home/salem/graduation_project_ws/install/moveit_core/include/moveit/constraint_samplers/union_constraint_sampler.h
[0.669s] -- Up-to-date: /home/salem/graduation_project_ws/install/moveit_core/include/moveit/constraint_samplers/constraint_sampler_allocator.h
[0.669s] -- Up-to-date: /home/salem/graduation_project_ws/install/moveit_core/include/moveit/constraint_samplers/default_constraint_samplers.h
[0.669s] -- Up-to-date: /home/salem/graduation_project_ws/install/moveit_core/include
[0.669s] -- Up-to-date: /home/salem/graduation_project_ws/install/moveit_core/include/moveit
[0.669s] -- Up-to-date: /home/salem/graduation_project_ws/install/moveit_core/include/moveit/controller_manager
[0.669s] -- Up-to-date: /home/salem/graduation_project_ws/install/moveit_core/include/moveit/controller_manager/controller_manager.h
[0.670s] -- Up-to-date: /home/salem/graduation_project_ws/install/moveit_core/include
[0.670s] -- Up-to-date: /home/salem/graduation_project_ws/install/moveit_core/include/moveit
[0.670s] -- Up-to-date: /home/salem/graduation_project_ws/install/moveit_core/include/moveit/distance_field
[0.670s] -- Up-to-date: /home/salem/graduation_project_ws/install/moveit_core/include/moveit/distance_field/propagation_distance_field.h
[0.670s] -- Up-to-date: /home/salem/graduation_project_ws/install/moveit_core/include/moveit/distance_field/distance_field.h
[0.670s] -- Up-to-date: /home/salem/graduation_project_ws/install/moveit_core/include/moveit/distance_field/voxel_grid.h
[0.670s] -- Up-to-date: /home/salem/graduation_project_ws/install/moveit_core/include/moveit/distance_field/find_internal_points.h
[0.670s] -- Up-to-date: /home/salem/graduation_project_ws/install/moveit_core/include
[0.670s] -- Up-to-date: /home/salem/graduation_project_ws/install/moveit_core/include/moveit
[0.670s] -- Up-to-date: /home/salem/graduation_project_ws/install/moveit_core/include/moveit/dynamics_solver
[0.670s] -- Up-to-date: /home/salem/graduation_project_ws/install/moveit_core/include/moveit/dynamics_solver/dynamics_solver.h
[0.670s] -- Up-to-date: /home/salem/graduation_project_ws/install/moveit_core/include
[0.670s] -- Up-to-date: /home/salem/graduation_project_ws/install/moveit_core/include/moveit
[0.671s] -- Up-to-date: /home/salem/graduation_project_ws/install/moveit_core/include/moveit/exceptions
[0.671s] -- Up-to-date: /home/salem/graduation_project_ws/install/moveit_core/include/moveit/exceptions/exceptions.h
[0.671s] -- Up-to-date: /home/salem/graduation_project_ws/install/moveit_core/include
[0.671s] -- Up-to-date: /home/salem/graduation_project_ws/install/moveit_core/include/moveit
[0.671s] -- Up-to-date: /home/salem/graduation_project_ws/install/moveit_core/include/moveit/kinematics_base
[0.671s] -- Up-to-date: /home/salem/graduation_project_ws/install/moveit_core/include/moveit/kinematics_base/kinematics_base.h
[0.671s] -- Up-to-date: /home/salem/graduation_project_ws/install/moveit_core/include/moveit_kinematics_base_export.h
[0.671s] -- Up-to-date: /home/salem/graduation_project_ws/install/moveit_core/include
[0.671s] -- Up-to-date: /home/salem/graduation_project_ws/install/moveit_core/include/moveit
[0.671s] -- Up-to-date: /home/salem/graduation_project_ws/install/moveit_core/include/moveit/kinematic_constraints
[0.672s] -- Up-to-date: /home/salem/graduation_project_ws/install/moveit_core/include/moveit/kinematic_constraints/utils.h
[0.672s] -- Up-to-date: /home/salem/graduation_project_ws/install/moveit_core/include/moveit/kinematic_constraints/kinematic_constraint.h
[0.672s] -- Up-to-date: /home/salem/graduation_project_ws/install/moveit_core/include
[0.672s] -- Up-to-date: /home/salem/graduation_project_ws/install/moveit_core/include/moveit
[0.672s] -- Up-to-date: /home/salem/graduation_project_ws/install/moveit_core/include/moveit/kinematics_metrics
[0.672s] -- Up-to-date: /home/salem/graduation_project_ws/install/moveit_core/include/moveit/kinematics_metrics/kinematics_metrics.h
[0.672s] -- Up-to-date: /home/salem/graduation_project_ws/install/moveit_core/include
[0.672s] -- Up-to-date: /home/salem/graduation_project_ws/install/moveit_core/include/moveit
[0.672s] -- Up-to-date: /home/salem/graduation_project_ws/install/moveit_core/include/moveit/macros
[0.672s] -- Up-to-date: /home/salem/graduation_project_ws/install/moveit_core/include/moveit/macros/console_colors.h
[0.672s] -- Up-to-date: /home/salem/graduation_project_ws/install/moveit_core/include/moveit/macros/deprecation.h
[0.672s] -- Up-to-date: /home/salem/graduation_project_ws/install/moveit_core/include/moveit/macros/declare_ptr.h
[0.672s] -- Up-to-date: /home/salem/graduation_project_ws/install/moveit_core/include/moveit/macros/class_forward.h
[0.673s] -- Up-to-date: /home/salem/graduation_project_ws/install/moveit_core/include/moveit_core
[0.673s] -- Up-to-date: /home/salem/graduation_project_ws/install/moveit_core/include/moveit_core/moveit_butterworth_parameters.hpp
[0.673s] -- Up-to-date: /home/salem/graduation_project_ws/install/moveit_core/include
[0.673s] -- Up-to-date: /home/salem/graduation_project_ws/install/moveit_core/include/moveit
[0.673s] -- Up-to-date: /home/salem/graduation_project_ws/install/moveit_core/include/moveit/online_signal_smoothing
[0.673s] -- Up-to-date: /home/salem/graduation_project_ws/install/moveit_core/include/moveit/online_signal_smoothing/smoothing_base_class.h
[0.673s] -- Up-to-date: /home/salem/graduation_project_ws/install/moveit_core/include/moveit/online_signal_smoothing/butterworth_filter.h
[0.673s] -- Up-to-date: /home/salem/graduation_project_ws/install/moveit_core/include/moveit_smoothing_base_export.h
[0.673s] -- Up-to-date: /home/salem/graduation_project_ws/install/moveit_core/include/moveit_butterworth_filter_export.h
[0.673s] -- Up-to-date: /home/salem/graduation_project_ws/install/moveit_core/include
[0.673s] -- Up-to-date: /home/salem/graduation_project_ws/install/moveit_core/include/moveit
[0.673s] -- Up-to-date: /home/salem/graduation_project_ws/install/moveit_core/include/moveit/planning_interface
[0.673s] -- Up-to-date: /home/salem/graduation_project_ws/install/moveit_core/include/moveit/planning_interface/planning_response.h
[0.674s] -- Up-to-date: /home/salem/graduation_project_ws/install/moveit_core/include/moveit/planning_interface/planning_interface.h
[0.674s] -- Up-to-date: /home/salem/graduation_project_ws/install/moveit_core/include/moveit/planning_interface/planning_request.h
[0.674s] -- Up-to-date: /home/salem/graduation_project_ws/install/moveit_core/include
[0.674s] -- Up-to-date: /home/salem/graduation_project_ws/install/moveit_core/include/moveit
[0.674s] -- Up-to-date: /home/salem/graduation_project_ws/install/moveit_core/include/moveit/planning_request_adapter
[0.674s] -- Up-to-date: /home/salem/graduation_project_ws/install/moveit_core/include/moveit/planning_request_adapter/planning_request_adapter.h
[0.674s] -- Up-to-date: /home/salem/graduation_project_ws/install/moveit_core/include
[0.674s] -- Up-to-date: /home/salem/graduation_project_ws/install/moveit_core/include/moveit
[0.674s] -- Up-to-date: /home/salem/graduation_project_ws/install/moveit_core/include/moveit/planning_scene
[0.674s] -- Up-to-date: /home/salem/graduation_project_ws/install/moveit_core/include/moveit/planning_scene/planning_scene.h
[0.674s] -- Up-to-date: /home/salem/graduation_project_ws/install/moveit_core/include/moveit_planning_scene_export.h
[0.674s] -- Up-to-date: /home/salem/graduation_project_ws/install/moveit_core/include
[0.674s] -- Up-to-date: /home/salem/graduation_project_ws/install/moveit_core/include/moveit
[0.675s] -- Up-to-date: /home/salem/graduation_project_ws/install/moveit_core/include/moveit/robot_model
[0.675s] -- Up-to-date: /home/salem/graduation_project_ws/install/moveit_core/include/moveit/robot_model/joint_model_group.h
[0.675s] -- Up-to-date: /home/salem/graduation_project_ws/install/moveit_core/include/moveit/robot_model/robot_model.h
[0.675s] -- Up-to-date: /home/salem/graduation_project_ws/install/moveit_core/include/moveit/robot_model/prismatic_joint_model.h
[0.675s] -- Up-to-date: /home/salem/graduation_project_ws/install/moveit_core/include/moveit/robot_model/planar_joint_model.h
[0.675s] -- Up-to-date: /home/salem/graduation_project_ws/install/moveit_core/include/moveit/robot_model/floating_joint_model.h
[0.675s] -- Up-to-date: /home/salem/graduation_project_ws/install/moveit_core/include/moveit/robot_model/aabb.h
[0.675s] -- Up-to-date: /home/salem/graduation_project_ws/install/moveit_core/include/moveit/robot_model/joint_model.h
[0.675s] -- Up-to-date: /home/salem/graduation_project_ws/install/moveit_core/include/moveit/robot_model/revolute_joint_model.h
[0.675s] -- Up-to-date: /home/salem/graduation_project_ws/install/moveit_core/include/moveit/robot_model/fixed_joint_model.h
[0.675s] -- Up-to-date: /home/salem/graduation_project_ws/install/moveit_core/include/moveit/robot_model/link_model.h
[0.675s] -- Up-to-date: /home/salem/graduation_project_ws/install/moveit_core/include
[0.675s] -- Up-to-date: /home/salem/graduation_project_ws/install/moveit_core/include/moveit
[0.675s] -- Up-to-date: /home/salem/graduation_project_ws/install/moveit_core/include/moveit/robot_state
[0.675s] -- Up-to-date: /home/salem/graduation_project_ws/install/moveit_core/include/moveit/robot_state/conversions.h
[0.675s] -- Up-to-date: /home/salem/graduation_project_ws/install/moveit_core/include/moveit/robot_state/attached_body.h
[0.675s] -- Up-to-date: /home/salem/graduation_project_ws/install/moveit_core/include/moveit/robot_state/cartesian_interpolator.h
[0.675s] -- Up-to-date: /home/salem/graduation_project_ws/install/moveit_core/include/moveit/robot_state/robot_state.h
[0.676s] -- Up-to-date: /home/salem/graduation_project_ws/install/moveit_core/include
[0.676s] -- Up-to-date: /home/salem/graduation_project_ws/install/moveit_core/include/moveit
[0.676s] -- Up-to-date: /home/salem/graduation_project_ws/install/moveit_core/include/moveit/robot_trajectory
[0.676s] -- Up-to-date: /home/salem/graduation_project_ws/install/moveit_core/include/moveit/robot_trajectory/robot_trajectory.h
[0.676s] -- Up-to-date: /home/salem/graduation_project_ws/install/moveit_core/include
[0.676s] -- Up-to-date: /home/salem/graduation_project_ws/install/moveit_core/include/moveit
[0.676s] -- Up-to-date: /home/salem/graduation_project_ws/install/moveit_core/include/moveit/sensor_manager
[0.676s] -- Up-to-date: /home/salem/graduation_project_ws/install/moveit_core/include/moveit/sensor_manager/sensor_manager.h
[0.676s] -- Up-to-date: /home/salem/graduation_project_ws/install/moveit_core/include
[0.677s] -- Up-to-date: /home/salem/graduation_project_ws/install/moveit_core/include/moveit
[0.677s] -- Up-to-date: /home/salem/graduation_project_ws/install/moveit_core/include/moveit/trajectory_processing
[0.677s] -- Up-to-date: /home/salem/graduation_project_ws/install/moveit_core/include/moveit/trajectory_processing/iterative_time_parameterization.h
[0.677s] -- Up-to-date: /home/salem/graduation_project_ws/install/moveit_core/include/moveit/trajectory_processing/time_optimal_trajectory_generation.h
[0.677s] -- Up-to-date: /home/salem/graduation_project_ws/install/moveit_core/include/moveit/trajectory_processing/time_parameterization.h
[0.677s] -- Up-to-date: /home/salem/graduation_project_ws/install/moveit_core/include/moveit/trajectory_processing/ruckig_traj_smoothing.h
[0.677s] -- Up-to-date: /home/salem/graduation_project_ws/install/moveit_core/include/moveit/trajectory_processing/trajectory_tools.h
[0.677s] -- Up-to-date: /home/salem/graduation_project_ws/install/moveit_core/include/moveit/trajectory_processing/iterative_spline_parameterization.h
[0.677s] -- Up-to-date: /home/salem/graduation_project_ws/install/moveit_core/include
[0.677s] -- Up-to-date: /home/salem/graduation_project_ws/install/moveit_core/include/moveit
[0.677s] -- Up-to-date: /home/salem/graduation_project_ws/install/moveit_core/include/moveit/transforms
[0.677s] -- Up-to-date: /home/salem/graduation_project_ws/install/moveit_core/include/moveit/transforms/transforms.h
[0.678s] -- Up-to-date: /home/salem/graduation_project_ws/install/moveit_core/include
[0.678s] -- Up-to-date: /home/salem/graduation_project_ws/install/moveit_core/include/moveit
[0.678s] -- Up-to-date: /home/salem/graduation_project_ws/install/moveit_core/include/moveit/utils
[0.678s] -- Up-to-date: /home/salem/graduation_project_ws/install/moveit_core/include/moveit/utils/moveit_error_code.h
[0.678s] -- Up-to-date: /home/salem/graduation_project_ws/install/moveit_core/include/moveit/utils/message_checks.h
[0.678s] -- Up-to-date: /home/salem/graduation_project_ws/install/moveit_core/include/moveit/utils/lexical_casts.h
[0.678s] -- Up-to-date: /home/salem/graduation_project_ws/install/moveit_core/include/moveit/utils/robot_model_test_utils.h
[0.678s] -- Up-to-date: /home/salem/graduation_project_ws/install/moveit_core/include/moveit/utils/rclcpp_utils.h
[0.678s] -- Up-to-date: /home/salem/graduation_project_ws/install/moveit_core/bin/moveit_version
[0.679s] -- Up-to-date: /home/salem/graduation_project_ws/install/moveit_core/include
[0.679s] -- Up-to-date: /home/salem/graduation_project_ws/install/moveit_core/include/moveit
[0.679s] -- Up-to-date: /home/salem/graduation_project_ws/install/moveit_core/include/moveit/collision_detection
[0.679s] -- Up-to-date: /home/salem/graduation_project_ws/install/moveit_core/include/moveit/collision_detection/collision_detector_allocator.h
[0.679s] -- Up-to-date: /home/salem/graduation_project_ws/install/moveit_core/include/moveit/collision_detection/occupancy_map.h
[0.679s] -- Up-to-date: /home/salem/graduation_project_ws/install/moveit_core/include/moveit/collision_detection/collision_matrix.h
[0.679s] -- Up-to-date: /home/salem/graduation_project_ws/install/moveit_core/include/moveit/collision_detection/world.h
[0.679s] -- Up-to-date: /home/salem/graduation_project_ws/install/moveit_core/include/moveit/collision_detection/collision_common.h
[0.679s] -- Up-to-date: /home/salem/graduation_project_ws/install/moveit_core/include/moveit/collision_detection/allvalid
[0.679s] -- Up-to-date: /home/salem/graduation_project_ws/install/moveit_core/include/moveit/collision_detection/allvalid/collision_env_allvalid.h
[0.679s] -- Up-to-date: /home/salem/graduation_project_ws/install/moveit_core/include/moveit/collision_detection/allvalid/collision_detector_allocator_allvalid.h
[0.679s] -- Up-to-date: /home/salem/graduation_project_ws/install/moveit_core/include/moveit/collision_detection/world_diff.h
[0.679s] -- Up-to-date: /home/salem/graduation_project_ws/install/moveit_core/include/moveit/collision_detection/collision_octomap_filter.h
[0.680s] -- Up-to-date: /home/salem/graduation_project_ws/install/moveit_core/include/moveit/collision_detection/collision_env.h
[0.680s] -- Up-to-date: /home/salem/graduation_project_ws/install/moveit_core/include/moveit/collision_detection/test_collision_common_panda.h
[0.680s] -- Up-to-date: /home/salem/graduation_project_ws/install/moveit_core/include/moveit/collision_detection/test_collision_common_pr2.h
[0.680s] -- Up-to-date: /home/salem/graduation_project_ws/install/moveit_core/include/moveit/collision_detection/collision_tools.h
[0.680s] -- Up-to-date: /home/salem/graduation_project_ws/install/moveit_core/include/moveit/collision_detection/collision_plugin.h
[0.680s] -- Up-to-date: /home/salem/graduation_project_ws/install/moveit_core/include/moveit/collision_detection/collision_plugin_cache.h
[0.680s] -- Up-to-date: /home/salem/graduation_project_ws/install/moveit_core/include/moveit_collision_detection_export.h
[0.680s] -- Up-to-date: /home/salem/graduation_project_ws/install/moveit_core/include
[0.680s] -- Up-to-date: /home/salem/graduation_project_ws/install/moveit_core/include/moveit
[0.680s] -- Up-to-date: /home/salem/graduation_project_ws/install/moveit_core/include/moveit/collision_detection_bullet
[0.680s] -- Up-to-date: /home/salem/graduation_project_ws/install/moveit_core/include/moveit/collision_detection_bullet/collision_env_bullet.h
[0.680s] -- Up-to-date: /home/salem/graduation_project_ws/install/moveit_core/include/moveit/collision_detection_bullet/collision_detector_bullet_plugin_loader.h
[0.680s] -- Up-to-date: /home/salem/graduation_project_ws/install/moveit_core/include/moveit/collision_detection_bullet/bullet_integration
[0.680s] -- Up-to-date: /home/salem/graduation_project_ws/install/moveit_core/include/moveit/collision_detection_bullet/bullet_integration/ros_bullet_utils.h
[0.680s] -- Up-to-date: /home/salem/graduation_project_ws/install/moveit_core/include/moveit/collision_detection_bullet/bullet_integration/bullet_bvh_manager.h
[0.680s] -- Up-to-date: /home/salem/graduation_project_ws/install/moveit_core/include/moveit/collision_detection_bullet/bullet_integration/contact_checker_common.h
[0.680s] -- Up-to-date: /home/salem/graduation_project_ws/install/moveit_core/include/moveit/collision_detection_bullet/bullet_integration/bullet_discrete_bvh_manager.h
[0.680s] -- Up-to-date: /home/salem/graduation_project_ws/install/moveit_core/include/moveit/collision_detection_bullet/bullet_integration/bullet_utils.h
[0.680s] -- Up-to-date: /home/salem/graduation_project_ws/install/moveit_core/include/moveit/collision_detection_bullet/bullet_integration/bullet_cast_bvh_manager.h
[0.680s] -- Up-to-date: /home/salem/graduation_project_ws/install/moveit_core/include/moveit/collision_detection_bullet/bullet_integration/basic_types.h
[0.681s] -- Up-to-date: /home/salem/graduation_project_ws/install/moveit_core/include/moveit/collision_detection_bullet/collision_detector_allocator_bullet.h
[0.681s] -- Up-to-date: /home/salem/graduation_project_ws/install/moveit_core/include/moveit_collision_detection_bullet_export.h
[0.681s] -- Up-to-date: /home/salem/graduation_project_ws/install/moveit_core/include
[0.681s] -- Up-to-date: /home/salem/graduation_project_ws/install/moveit_core/include/moveit
[0.681s] -- Up-to-date: /home/salem/graduation_project_ws/install/moveit_core/include/moveit/collision_detection_fcl
[0.681s] -- Up-to-date: /home/salem/graduation_project_ws/install/moveit_core/include/moveit/collision_detection_fcl/fcl_compat.h
[0.681s] -- Up-to-date: /home/salem/graduation_project_ws/install/moveit_core/include/moveit/collision_detection_fcl/collision_detector_fcl_plugin_loader.h
[0.681s] -- Up-to-date: /home/salem/graduation_project_ws/install/moveit_core/include/moveit/collision_detection_fcl/collision_common.h
[0.681s] -- Up-to-date: /home/salem/graduation_project_ws/install/moveit_core/include/moveit/collision_detection_fcl/collision_env_fcl.h
[0.681s] -- Up-to-date: /home/salem/graduation_project_ws/install/moveit_core/include/moveit/collision_detection_fcl/collision_detector_allocator_fcl.h
[0.681s] -- Up-to-date: /home/salem/graduation_project_ws/install/moveit_core/include/moveit_collision_detection_fcl_export.h
[0.682s] -- Up-to-date: /home/salem/graduation_project_ws/install/moveit_core/lib/libcollision_detector_bullet_plugin.so.2.5.9
[0.682s] -- Up-to-date: /home/salem/graduation_project_ws/install/moveit_core/lib/libcollision_detector_bullet_plugin.so
[0.683s] -- Up-to-date: /home/salem/graduation_project_ws/install/moveit_core/lib/libmoveit_butterworth_filter.so.2.5.9
[0.683s] -- Up-to-date: /home/salem/graduation_project_ws/install/moveit_core/lib/libmoveit_butterworth_filter.so
[0.683s] -- Up-to-date: /home/salem/graduation_project_ws/install/moveit_core/lib/libmoveit_collision_distance_field.so.2.5.9
[0.684s] -- Up-to-date: /home/salem/graduation_project_ws/install/moveit_core/lib/libmoveit_collision_distance_field.so
[0.684s] -- Up-to-date: /home/salem/graduation_project_ws/install/moveit_core/lib/libmoveit_collision_detection.so.2.5.9
[0.684s] -- Up-to-date: /home/salem/graduation_project_ws/install/moveit_core/lib/libmoveit_collision_detection.so
[0.685s] -- Up-to-date: /home/salem/graduation_project_ws/install/moveit_core/lib/libmoveit_collision_detection_fcl.so.2.5.9
[0.685s] -- Up-to-date: /home/salem/graduation_project_ws/install/moveit_core/lib/libmoveit_collision_detection_fcl.so
[0.686s] -- Up-to-date: /home/salem/graduation_project_ws/install/moveit_core/lib/libmoveit_collision_detection_bullet.so.2.5.9
[0.686s] -- Up-to-date: /home/salem/graduation_project_ws/install/moveit_core/lib/libmoveit_collision_detection_bullet.so
[0.686s] -- Up-to-date: /home/salem/graduation_project_ws/install/moveit_core/lib/libmoveit_dynamics_solver.so.2.5.9
[0.686s] -- Up-to-date: /home/salem/graduation_project_ws/install/moveit_core/lib/libmoveit_dynamics_solver.so
[0.687s] -- Up-to-date: /home/salem/graduation_project_ws/install/moveit_core/lib/libmoveit_constraint_samplers.so.2.5.9
[0.687s] -- Up-to-date: /home/salem/graduation_project_ws/install/moveit_core/lib/libmoveit_constraint_samplers.so
[0.688s] -- Up-to-date: /home/salem/graduation_project_ws/install/moveit_core/lib/libmoveit_distance_field.so.2.5.9
[0.688s] -- Up-to-date: /home/salem/graduation_project_ws/install/moveit_core/lib/libmoveit_distance_field.so
[0.688s] -- Up-to-date: /home/salem/graduation_project_ws/install/moveit_core/lib/libmoveit_exceptions.so.2.5.9
[0.688s] -- Up-to-date: /home/salem/graduation_project_ws/install/moveit_core/lib/libmoveit_exceptions.so
[0.689s] -- Up-to-date: /home/salem/graduation_project_ws/install/moveit_core/lib/libmoveit_kinematics_base.so
[0.689s] -- Up-to-date: /home/salem/graduation_project_ws/install/moveit_core/lib/libmoveit_kinematic_constraints.so.2.5.9
[0.690s] -- Up-to-date: /home/salem/graduation_project_ws/install/moveit_core/lib/libmoveit_kinematic_constraints.so
[0.690s] -- Up-to-date: /home/salem/graduation_project_ws/install/moveit_core/lib/libmoveit_kinematics_metrics.so.2.5.9
[0.690s] -- Up-to-date: /home/salem/graduation_project_ws/install/moveit_core/lib/libmoveit_kinematics_metrics.so
[0.691s] -- Up-to-date: /home/salem/graduation_project_ws/install/moveit_core/lib/libmoveit_planning_interface.so.2.5.9
[0.691s] -- Up-to-date: /home/salem/graduation_project_ws/install/moveit_core/lib/libmoveit_planning_interface.so
[0.692s] -- Up-to-date: /home/salem/graduation_project_ws/install/moveit_core/lib/libmoveit_planning_scene.so.2.5.9
[0.692s] -- Up-to-date: /home/salem/graduation_project_ws/install/moveit_core/lib/libmoveit_planning_scene.so
[0.692s] -- Up-to-date: /home/salem/graduation_project_ws/install/moveit_core/lib/libmoveit_planning_request_adapter.so.2.5.9
[0.692s] -- Up-to-date: /home/salem/graduation_project_ws/install/moveit_core/lib/libmoveit_planning_request_adapter.so
[0.693s] -- Up-to-date: /home/salem/graduation_project_ws/install/moveit_core/lib/libmoveit_robot_model.so.2.5.9
[0.693s] -- Up-to-date: /home/salem/graduation_project_ws/install/moveit_core/lib/libmoveit_robot_model.so
[0.694s] -- Up-to-date: /home/salem/graduation_project_ws/install/moveit_core/lib/libmoveit_robot_state.so.2.5.9
[0.694s] -- Up-to-date: /home/salem/graduation_project_ws/install/moveit_core/lib/libmoveit_robot_state.so
[0.694s] -- Up-to-date: /home/salem/graduation_project_ws/install/moveit_core/lib/libmoveit_robot_trajectory.so.2.5.9
[0.695s] -- Up-to-date: /home/salem/graduation_project_ws/install/moveit_core/lib/libmoveit_robot_trajectory.so
[0.695s] -- Up-to-date: /home/salem/graduation_project_ws/install/moveit_core/lib/libmoveit_smoothing_base.so.2.5.9
[0.695s] -- Up-to-date: /home/salem/graduation_project_ws/install/moveit_core/lib/libmoveit_smoothing_base.so
[0.695s] -- Up-to-date: /home/salem/graduation_project_ws/install/moveit_core/lib/libmoveit_test_utils.so.2.5.9
[0.696s] -- Up-to-date: /home/salem/graduation_project_ws/install/moveit_core/lib/libmoveit_test_utils.so
[0.696s] -- Up-to-date: /home/salem/graduation_project_ws/install/moveit_core/lib/libmoveit_trajectory_processing.so.2.5.9
[0.696s] -- Up-to-date: /home/salem/graduation_project_ws/install/moveit_core/lib/libmoveit_trajectory_processing.so
[0.697s] -- Up-to-date: /home/salem/graduation_project_ws/install/moveit_core/lib/libmoveit_transforms.so.2.5.9
[0.697s] -- Up-to-date: /home/salem/graduation_project_ws/install/moveit_core/lib/libmoveit_transforms.so
[0.697s] -- Up-to-date: /home/salem/graduation_project_ws/install/moveit_core/lib/libmoveit_utils.so.2.5.9
[0.697s] -- Up-to-date: /home/salem/graduation_project_ws/install/moveit_core/lib/libmoveit_utils.so
[0.698s] -- Up-to-date: /home/salem/graduation_project_ws/install/moveit_core/share/moveit_core/environment/library_path.sh
[0.698s] -- Up-to-date: /home/salem/graduation_project_ws/install/moveit_core/share/moveit_core/environment/library_path.dsv
[0.698s] -- Up-to-date: /home/salem/graduation_project_ws/install/moveit_core/share/moveit_core/collision_detector_fcl_description.xml
[0.698s] -- Up-to-date: /home/salem/graduation_project_ws/install/moveit_core/share/moveit_core/collision_detector_bullet_description.xml
[0.698s] -- Up-to-date: /home/salem/graduation_project_ws/install/moveit_core/share/moveit_core/filter_plugin_butterworth.xml
[0.698s] -- Up-to-date: /home/salem/graduation_project_ws/install/moveit_core/share/ament_index/resource_index/package_run_dependencies/moveit_core
[0.698s] -- Up-to-date: /home/salem/graduation_project_ws/install/moveit_core/share/ament_index/resource_index/parent_prefix_path/moveit_core
[0.698s] -- Up-to-date: /home/salem/graduation_project_ws/install/moveit_core/share/moveit_core/environment/ament_prefix_path.sh
[0.698s] -- Up-to-date: /home/salem/graduation_project_ws/install/moveit_core/share/moveit_core/environment/ament_prefix_path.dsv
[0.698s] -- Up-to-date: /home/salem/graduation_project_ws/install/moveit_core/share/moveit_core/environment/path.sh
[0.698s] -- Up-to-date: /home/salem/graduation_project_ws/install/moveit_core/share/moveit_core/environment/path.dsv
[0.698s] -- Up-to-date: /home/salem/graduation_project_ws/install/moveit_core/share/moveit_core/local_setup.bash
[0.698s] -- Up-to-date: /home/salem/graduation_project_ws/install/moveit_core/share/moveit_core/local_setup.sh
[0.699s] -- Up-to-date: /home/salem/graduation_project_ws/install/moveit_core/share/moveit_core/local_setup.zsh
[0.699s] -- Up-to-date: /home/salem/graduation_project_ws/install/moveit_core/share/moveit_core/local_setup.dsv
[0.699s] -- Installing: /home/salem/graduation_project_ws/install/moveit_core/share/moveit_core/package.dsv
[0.699s] -- Up-to-date: /home/salem/graduation_project_ws/install/moveit_core/share/ament_index/resource_index/packages/moveit_core
[0.699s] -- Up-to-date: /home/salem/graduation_project_ws/install/moveit_core/share/ament_index/resource_index/moveit_core__pluginlib__plugin/moveit_core
[0.700s] -- Up-to-date: /home/salem/graduation_project_ws/install/moveit_core/share/moveit_core/cmake/export_moveit_coreExport.cmake
[0.700s] -- Up-to-date: /home/salem/graduation_project_ws/install/moveit_core/share/moveit_core/cmake/export_moveit_coreExport-release.cmake
[0.700s] -- Up-to-date: /home/salem/graduation_project_ws/install/moveit_core/share/moveit_core/cmake/ConfigExtras.cmake
[0.700s] -- Up-to-date: /home/salem/graduation_project_ws/install/moveit_core/share/moveit_core/cmake/ament_cmake_export_targets-extras.cmake
[0.700s] -- Up-to-date: /home/salem/graduation_project_ws/install/moveit_core/share/moveit_core/cmake/ament_cmake_export_dependencies-extras.cmake
[0.700s] -- Up-to-date: /home/salem/graduation_project_ws/install/moveit_core/share/moveit_core/cmake/moveit_coreConfig.cmake
[0.700s] -- Up-to-date: /home/salem/graduation_project_ws/install/moveit_core/share/moveit_core/cmake/moveit_coreConfig-version.cmake
[0.700s] -- Up-to-date: /home/salem/graduation_project_ws/install/moveit_core/share/moveit_core/package.xml
[0.703s] Invoked command in '/home/salem/graduation_project_ws/build/moveit_core' returned '0': AMENT_PREFIX_PATH=/home/salem/graduation_project_ws/install/moveit_resources_panda_moveit_config:/home/salem/graduation_project_ws/install/srdfdom:/home/salem/graduation_project_ws/install/moveit_resources_pr2_description:/home/salem/graduation_project_ws/install/moveit_resources_panda_description:/home/salem/graduation_project_ws/install/moveit_common:${AMENT_PREFIX_PATH} CMAKE_PREFIX_PATH=/home/salem/graduation_project_ws/install/moveit_resources_panda_moveit_config:/home/salem/graduation_project_ws/install/srdfdom:/home/salem/graduation_project_ws/install/moveit_resources_pr2_description:/home/salem/graduation_project_ws/install/moveit_resources_panda_description:/home/salem/graduation_project_ws/install/moveit_common:/home/salem/ros2_ws/install/labvolt5250a0_description:/home/salem/ws_moveit2/install/pilz_industrial_motion_planner_testutils:/home/salem/ws_moveit2/install/panda_moveit_config:/home/salem/ws_moveit2/install/moveit_runtime:/home/salem/ws_moveit2/install/moveit2_tutorials:/home/salem/ws_moveit2/install/moveit:/home/salem/ws_moveit2/install/moveit_planners:/home/salem/ws_moveit2/install/pilz_industrial_motion_planner:/home/salem/ws_moveit2/install/moveit_visual_tools:/home/salem/ws_moveit2/install/moveit_task_constructor_visualization:/home/salem/ws_moveit2/install/moveit_task_constructor_demo:/home/salem/ws_moveit2/install/moveit_task_constructor_capabilities:/home/salem/ws_moveit2/install/moveit_task_constructor_core:/home/salem/ws_moveit2/install/moveit_ros_control_interface:/home/salem/ws_moveit2/install/moveit_plugins:/home/salem/ws_moveit2/install/moveit_simple_controller_manager:/home/salem/ws_moveit2/install/moveit_setup_assistant:/home/salem/ws_moveit2/install/moveit_setup_srdf_plugins:/home/salem/ws_moveit2/install/moveit_setup_core_plugins:/home/salem/ws_moveit2/install/moveit_setup_controllers:/home/salem/ws_moveit2/install/moveit_setup_app_plugins:/home/salem/ws_moveit2/install/moveit_setup_framework:/home/salem/ws_moveit2/install/moveit_servo:/home/salem/ws_moveit2/install/moveit_ros:/home/salem/ws_moveit2/install/moveit_ros_visualization:/home/salem/ws_moveit2/install/moveit_hybrid_planning:/home/salem/ws_moveit2/install/moveit_ros_planning_interface:/home/salem/ws_moveit2/install/moveit_ros_benchmarks:/home/salem/ws_moveit2/install/moveit_ros_warehouse:/home/salem/ws_moveit2/install/moveit_ros_robot_interaction:/home/salem/ws_moveit2/install/moveit_ros_perception:/home/salem/ws_moveit2/install/moveit_resources_prbt_pg70_support:/home/salem/ws_moveit2/install/moveit_resources_prbt_moveit_config:/home/salem/ws_moveit2/install/moveit_ros_move_group:/home/salem/ws_moveit2/install/moveit_planners_ompl:/home/salem/ws_moveit2/install/moveit_ros_planning:/home/salem/ws_moveit2/install/moveit_ros_occupancy_map_monitor:/home/salem/ws_moveit2/install/moveit_resources_prbt_ikfast_manipulator_plugin:/home/salem/ws_moveit2/install/moveit_planners_chomp:/home/salem/ws_moveit2/install/moveit_kinematics:/home/salem/ws_moveit2/install/moveit_chomp_optimizer_adapter:/home/salem/ws_moveit2/install/chomp_motion_planner:/home/salem/ws_moveit2/install/moveit_core:/home/salem/ws_moveit2/install/srdfdom:/home/salem/ws_moveit2/install/rviz_marker_tools:/home/salem/ws_moveit2/install/rosparam_shortcuts:/home/salem/ws_moveit2/install/moveit_task_constructor_msgs:/home/salem/ws_moveit2/install/moveit_resources_prbt_support:/home/salem/ws_moveit2/install/moveit_resources:/home/salem/ws_moveit2/install/moveit_resources_pr2_description:/home/salem/ws_moveit2/install/moveit_resources_panda_moveit_config:/home/salem/ws_moveit2/install/moveit_resources_panda_description:/home/salem/ws_moveit2/install/moveit_resources_fanuc_moveit_config:/home/salem/ws_moveit2/install/moveit_resources_fanuc_description:/home/salem/ws_moveit2/install/moveit_common:/home/salem/microros_ws/install/micro_ros_setup:/home/salem/ros2_ws/install/my_robot_controller:/home/salem/ws_moveit2/install/moveit_configs_utils:/home/salem/ws_moveit2/install/launch_param_builder:/opt/ros/humble LD_LIBRARY_PATH=/home/salem/graduation_project_ws/install/srdfdom/lib:${LD_LIBRARY_PATH} PYTHONPATH=/home/salem/graduation_project_ws/install/srdfdom/local/lib/python3.10/dist-packages:${PYTHONPATH} /usr/bin/cmake --install /home/salem/graduation_project_ws/build/moveit_core
