[0.071s] Invoking command in '/home/salem/graduation_project_ws/build/pilz_industrial_motion_planner': AMENT_PREFIX_PATH=/home/salem/graduation_project_ws/install/moveit_resources_prbt_pg70_support:/home/salem/graduation_project_ws/install/moveit_ros_planning_interface:/home/salem/graduation_project_ws/install/moveit_resources_prbt_moveit_config:/home/salem/graduation_project_ws/install/moveit_ros_move_group:/home/salem/graduation_project_ws/install/moveit_ros_warehouse:/home/salem/graduation_project_ws/install/moveit_planners_ompl:/home/salem/graduation_project_ws/install/moveit_kinematics:/home/salem/graduation_project_ws/install/moveit_ros_planning:/home/salem/graduation_project_ws/install/pilz_industrial_motion_planner_testutils:/home/salem/graduation_project_ws/install/moveit_simple_controller_manager:/home/salem/graduation_project_ws/install/moveit_ros_occupancy_map_monitor:/home/salem/graduation_project_ws/install/moveit_resources_prbt_ikfast_manipulator_plugin:/home/salem/graduation_project_ws/install/moveit_core:/home/salem/graduation_project_ws/install/moveit_resources_panda_moveit_config:/home/salem/graduation_project_ws/install/moveit_resources_fanuc_moveit_config:/home/salem/graduation_project_ws/install/moveit_configs_utils:/home/salem/graduation_project_ws/install/srdfdom:/home/salem/graduation_project_ws/install/moveit_resources_prbt_support:/home/salem/graduation_project_ws/install/moveit_resources_pr2_description:/home/salem/graduation_project_ws/install/moveit_resources_panda_description:/home/salem/graduation_project_ws/install/moveit_resources_fanuc_description:/home/salem/graduation_project_ws/install/moveit_common:/home/salem/graduation_project_ws/install/launch_param_builder:${AMENT_PREFIX_PATH} CMAKE_PREFIX_PATH=/home/salem/graduation_project_ws/install/moveit_resources_prbt_pg70_support:/home/salem/graduation_project_ws/install/moveit_ros_planning_interface:/home/salem/graduation_project_ws/install/moveit_resources_prbt_moveit_config:/home/salem/graduation_project_ws/install/moveit_ros_move_group:/home/salem/graduation_project_ws/install/moveit_ros_warehouse:/home/salem/graduation_project_ws/install/moveit_planners_ompl:/home/salem/graduation_project_ws/install/moveit_kinematics:/home/salem/graduation_project_ws/install/moveit_ros_planning:/home/salem/graduation_project_ws/install/pilz_industrial_motion_planner_testutils:/home/salem/graduation_project_ws/install/moveit_simple_controller_manager:/home/salem/graduation_project_ws/install/moveit_ros_occupancy_map_monitor:/home/salem/graduation_project_ws/install/moveit_resources_prbt_ikfast_manipulator_plugin:/home/salem/graduation_project_ws/install/moveit_core:/home/salem/graduation_project_ws/install/moveit_resources_panda_moveit_config:/home/salem/graduation_project_ws/install/moveit_resources_fanuc_moveit_config:/home/salem/graduation_project_ws/install/srdfdom:/home/salem/graduation_project_ws/install/moveit_resources_prbt_support:/home/salem/graduation_project_ws/install/moveit_resources_pr2_description:/home/salem/graduation_project_ws/install/moveit_resources_panda_description:/home/salem/graduation_project_ws/install/moveit_resources_fanuc_description:/home/salem/graduation_project_ws/install/moveit_common:/home/salem/ros2_ws/install/labvolt5250a0_description:/home/salem/ws_moveit2/install/pilz_industrial_motion_planner_testutils:/home/salem/ws_moveit2/install/panda_moveit_config:/home/salem/ws_moveit2/install/moveit_runtime:/home/salem/ws_moveit2/install/moveit2_tutorials:/home/salem/ws_moveit2/install/moveit:/home/salem/ws_moveit2/install/moveit_planners:/home/salem/ws_moveit2/install/pilz_industrial_motion_planner:/home/salem/ws_moveit2/install/moveit_visual_tools:/home/salem/ws_moveit2/install/moveit_task_constructor_visualization:/home/salem/ws_moveit2/install/moveit_task_constructor_demo:/home/salem/ws_moveit2/install/moveit_task_constructor_capabilities:/home/salem/ws_moveit2/install/moveit_task_constructor_core:/home/salem/ws_moveit2/install/moveit_ros_control_interface:/home/salem/ws_moveit2/install/moveit_plugins:/home/salem/ws_moveit2/install/moveit_simple_controller_manager:/home/salem/ws_moveit2/install/moveit_setup_assistant:/home/salem/ws_moveit2/install/moveit_setup_srdf_plugins:/home/salem/ws_moveit2/install/moveit_setup_core_plugins:/home/salem/ws_moveit2/install/moveit_setup_controllers:/home/salem/ws_moveit2/install/moveit_setup_app_plugins:/home/salem/ws_moveit2/install/moveit_setup_framework:/home/salem/ws_moveit2/install/moveit_servo:/home/salem/ws_moveit2/install/moveit_ros:/home/salem/ws_moveit2/install/moveit_ros_visualization:/home/salem/ws_moveit2/install/moveit_hybrid_planning:/home/salem/ws_moveit2/install/moveit_ros_planning_interface:/home/salem/ws_moveit2/install/moveit_ros_benchmarks:/home/salem/ws_moveit2/install/moveit_ros_warehouse:/home/salem/ws_moveit2/install/moveit_ros_robot_interaction:/home/salem/ws_moveit2/install/moveit_ros_perception:/home/salem/ws_moveit2/install/moveit_resources_prbt_pg70_support:/home/salem/ws_moveit2/install/moveit_resources_prbt_moveit_config:/home/salem/ws_moveit2/install/moveit_ros_move_group:/home/salem/ws_moveit2/install/moveit_planners_ompl:/home/salem/ws_moveit2/install/moveit_ros_planning:/home/salem/ws_moveit2/install/moveit_ros_occupancy_map_monitor:/home/salem/ws_moveit2/install/moveit_resources_prbt_ikfast_manipulator_plugin:/home/salem/ws_moveit2/install/moveit_planners_chomp:/home/salem/ws_moveit2/install/moveit_kinematics:/home/salem/ws_moveit2/install/moveit_chomp_optimizer_adapter:/home/salem/ws_moveit2/install/chomp_motion_planner:/home/salem/ws_moveit2/install/moveit_core:/home/salem/ws_moveit2/install/srdfdom:/home/salem/ws_moveit2/install/rviz_marker_tools:/home/salem/ws_moveit2/install/rosparam_shortcuts:/home/salem/ws_moveit2/install/moveit_task_constructor_msgs:/home/salem/ws_moveit2/install/moveit_resources_prbt_support:/home/salem/ws_moveit2/install/moveit_resources:/home/salem/ws_moveit2/install/moveit_resources_pr2_description:/home/salem/ws_moveit2/install/moveit_resources_panda_moveit_config:/home/salem/ws_moveit2/install/moveit_resources_panda_description:/home/salem/ws_moveit2/install/moveit_resources_fanuc_moveit_config:/home/salem/ws_moveit2/install/moveit_resources_fanuc_description:/home/salem/ws_moveit2/install/moveit_common:/home/salem/microros_ws/install/micro_ros_setup:/home/salem/ros2_ws/install/my_robot_controller:/home/salem/ws_moveit2/install/moveit_configs_utils:/home/salem/ws_moveit2/install/launch_param_builder:/opt/ros/humble LD_LIBRARY_PATH=/home/salem/graduation_project_ws/install/moveit_ros_planning_interface/lib:/home/salem/graduation_project_ws/install/moveit_ros_move_group/lib:/home/salem/graduation_project_ws/install/moveit_ros_warehouse/lib:/home/salem/graduation_project_ws/install/moveit_planners_ompl/lib:/home/salem/graduation_project_ws/install/moveit_kinematics/lib:/home/salem/graduation_project_ws/install/moveit_ros_planning/lib:/home/salem/graduation_project_ws/install/pilz_industrial_motion_planner_testutils/lib:/home/salem/graduation_project_ws/install/moveit_simple_controller_manager/lib:/home/salem/graduation_project_ws/install/moveit_ros_occupancy_map_monitor/lib:/home/salem/graduation_project_ws/install/moveit_resources_prbt_ikfast_manipulator_plugin/lib:/home/salem/graduation_project_ws/install/moveit_core/lib:/home/salem/graduation_project_ws/install/srdfdom/lib:${LD_LIBRARY_PATH} PATH=/home/salem/graduation_project_ws/install/moveit_core/bin:${PATH} PYTHONPATH=/home/salem/graduation_project_ws/install/moveit_configs_utils/lib/python3.10/site-packages:/home/salem/graduation_project_ws/install/srdfdom/local/lib/python3.10/dist-packages:/home/salem/graduation_project_ws/install/launch_param_builder/lib/python3.10/site-packages:${PYTHONPATH} /usr/bin/cmake /home/salem/graduation_project_ws/src/moveit2/moveit_planners/pilz_industrial_motion_planner -DCMAKE_BUILD_TYPE=Release -DCMAKE_INSTALL_PREFIX=/home/salem/graduation_project_ws/install/pilz_industrial_motion_planner
[0.087s] -- Found moveit_common: 2.5.9 (/home/salem/graduation_project_ws/install/moveit_common/share/moveit_common/cmake)
[0.087s] -- Found ament_cmake: 1.3.11 (/opt/ros/humble/share/ament_cmake/cmake)
[0.246s] -- Found eigen3_cmake_module: 0.1.1 (/opt/ros/humble/share/eigen3_cmake_module/cmake)
[0.247s] -- Found geometry_msgs: 4.8.0 (/opt/ros/humble/share/geometry_msgs/cmake)
[0.269s] -- Found rosidl_generator_c: 3.1.6 (/opt/ros/humble/share/rosidl_generator_c/cmake)
[0.270s] -- Found rosidl_adapter: 3.1.6 (/opt/ros/humble/share/rosidl_adapter/cmake)
[0.275s] -- Found rosidl_generator_cpp: 3.1.6 (/opt/ros/humble/share/rosidl_generator_cpp/cmake)
[0.284s] -- Using all available rosidl_typesupport_c: rosidl_typesupport_fastrtps_c;rosidl_typesupport_introspection_c
[0.295s] -- Using all available rosidl_typesupport_cpp: rosidl_typesupport_fastrtps_cpp;rosidl_typesupport_introspection_cpp
[0.322s] -- Found moveit_core: 2.5.9 (/home/salem/graduation_project_ws/install/moveit_core/share/moveit_core/cmake)
[0.333s] -- Found Boost: /usr/lib/x86_64-linux-gnu/cmake/Boost-1.74.0/BoostConfig.cmake (found version "1.74.0") found components: chrono date_time filesystem iostreams program_options regex serialization system thread 
[0.359s] -- Found parameter_traits: 0.4.0 (/opt/ros/humble/share/parameter_traits/cmake)
[0.379s] -- Found rmw_implementation_cmake: 6.1.2 (/opt/ros/humble/share/rmw_implementation_cmake/cmake)
[0.383s] -- Found rmw_fastrtps_cpp: 6.2.7 (/opt/ros/humble/share/rmw_fastrtps_cpp/cmake)
[0.503s] -- Using RMW implementation 'rmw_fastrtps_cpp' as default
[0.535s] -- Found rclcpp_lifecycle: 16.0.12 (/opt/ros/humble/share/rclcpp_lifecycle/cmake)
[0.550s] -- Found Boost: /usr/lib/x86_64-linux-gnu/cmake/Boost-1.74.0/BoostConfig.cmake (found version "1.74.0") found components: filesystem 
[0.591s] -- library: /usr/lib/x86_64-linux-gnu/libcurl.so
[0.632s] -- Ensuring Eigen3 include directory is part of orocos-kdl CMake target
[0.787s] -- Found moveit_ros_move_group: 2.5.9 (/home/salem/graduation_project_ws/install/moveit_ros_move_group/share/moveit_ros_move_group/cmake)
[0.790s] -- Found Boost: /usr/lib/x86_64-linux-gnu/cmake/Boost-1.74.0/BoostConfig.cmake (found version "1.74.0") found components: system filesystem date_time program_options thread 
[0.813s] -- Found Boost: /usr/lib/x86_64-linux-gnu/cmake/Boost-1.74.0/BoostConfig.cmake (found version "1.74.0") found components: system filesystem date_time program_options thread chrono 
[0.824s] -- Found moveit_ros_planning_interface: 2.5.9 (/home/salem/graduation_project_ws/install/moveit_ros_planning_interface/share/moveit_ros_planning_interface/cmake)
[0.828s] -- Found Boost: /usr/lib/x86_64-linux-gnu/cmake/Boost-1.74.0/BoostConfig.cmake (found version "1.74.0") found components: date_time filesystem program_options system thread 
[0.838s] -- Found Boost: /usr/lib/x86_64-linux-gnu/cmake/Boost-1.74.0/BoostConfig.cmake (found version "1.74.0") found components: thread system filesystem regex date_time program_options 
[0.854s] -- Found tf2_eigen_kdl: 0.25.12 (/opt/ros/humble/share/tf2_eigen_kdl/cmake)
[0.860s] -- Found Boost: /usr/lib/x86_64-linux-gnu/cmake/Boost-1.74.0/BoostConfig.cmake (found version "1.74.0")  
[1.153s] -- Found ament_cmake_gtest: 1.3.11 (/opt/ros/humble/share/ament_cmake_gtest/cmake)
[1.154s] -- Found ament_cmake_gmock: 1.3.11 (/opt/ros/humble/share/ament_cmake_gmock/cmake)
[1.154s] -- Found ros_testing: 0.4.0 (/opt/ros/humble/share/ros_testing/cmake)
[1.154s] -- Found launch_testing_ament_cmake: 1.0.8 (/opt/ros/humble/share/launch_testing_ament_cmake/cmake)
[1.155s] -- Found python_cmake_module: 0.10.0 (/opt/ros/humble/share/python_cmake_module/cmake)
[1.176s] -- Using PYTHON_EXECUTABLE: /usr/bin/python3
[1.176s] -- Using PYTHON_INCLUDE_DIRS: /usr/include/python3.10
[1.176s] -- Using PYTHON_LIBRARIES: /usr/lib/x86_64-linux-gnu/libpython3.10.so
[1.178s] -- Found moveit_resources_prbt_support: 2.5.9 (/home/salem/graduation_project_ws/install/moveit_resources_prbt_support/share/moveit_resources_prbt_support/cmake)
[1.178s] -- Found moveit_resources_prbt_moveit_config: 2.5.9 (/home/salem/graduation_project_ws/install/moveit_resources_prbt_moveit_config/share/moveit_resources_prbt_moveit_config/cmake)
[1.181s] -- Found Boost: /usr/lib/x86_64-linux-gnu/cmake/Boost-1.74.0/BoostConfig.cmake (found version "1.74.0") found components: thread 
[1.182s] -- Found pilz_industrial_motion_planner_testutils: 2.5.9 (/home/salem/graduation_project_ws/install/pilz_industrial_motion_planner_testutils/share/pilz_industrial_motion_planner_testutils/cmake)
[1.221s] -- Found gtest sources under '/opt/ros/humble/src/gtest_vendor': C++ tests using 'Google Test' will be built
[1.259s] -- Found gmock sources under '/opt/ros/humble/src/gmock_vendor': C++ tests using 'Google Mock' will be built
[1.262s] -- Found ament_lint_auto: 0.12.12 (/opt/ros/humble/share/ament_lint_auto/cmake)
[1.319s] -- Found launch_testing_ament_cmake: 1.0.8 (/opt/ros/humble/share/launch_testing_ament_cmake/cmake)
[1.320s] -- Found python_cmake_module: 0.10.0 (/opt/ros/humble/share/python_cmake_module/cmake)
[1.340s] -- Using PYTHON_EXECUTABLE: /usr/bin/python3
[1.340s] -- Using PYTHON_INCLUDE_DIRS: /usr/include/python3.10
[1.340s] -- Using PYTHON_LIBRARIES: /usr/lib/x86_64-linux-gnu/libpython3.10.so
[1.352s] -- Added test 'cppcheck' to perform static code analysis on C / C++ code
[1.353s] -- Configured cppcheck include dirs: /home/salem/graduation_project_ws/src/moveit2/moveit_planners/pilz_industrial_motion_planner/include
[1.353s] -- Configured cppcheck exclude dirs and/or files: 
[1.354s] -- Added test 'pep257' to check Python code against some of the docstring style conventions in PEP 257
[1.355s] -- Added test 'xmllint' to check XML markup files
[1.357s] -- Configuring done
[1.757s] -- Generating done
[1.848s] -- Build files have been written to: /home/salem/graduation_project_ws/build/pilz_industrial_motion_planner
[1.870s] Invoked command in '/home/salem/graduation_project_ws/build/pilz_industrial_motion_planner' returned '0': AMENT_PREFIX_PATH=/home/salem/graduation_project_ws/install/moveit_resources_prbt_pg70_support:/home/salem/graduation_project_ws/install/moveit_ros_planning_interface:/home/salem/graduation_project_ws/install/moveit_resources_prbt_moveit_config:/home/salem/graduation_project_ws/install/moveit_ros_move_group:/home/salem/graduation_project_ws/install/moveit_ros_warehouse:/home/salem/graduation_project_ws/install/moveit_planners_ompl:/home/salem/graduation_project_ws/install/moveit_kinematics:/home/salem/graduation_project_ws/install/moveit_ros_planning:/home/salem/graduation_project_ws/install/pilz_industrial_motion_planner_testutils:/home/salem/graduation_project_ws/install/moveit_simple_controller_manager:/home/salem/graduation_project_ws/install/moveit_ros_occupancy_map_monitor:/home/salem/graduation_project_ws/install/moveit_resources_prbt_ikfast_manipulator_plugin:/home/salem/graduation_project_ws/install/moveit_core:/home/salem/graduation_project_ws/install/moveit_resources_panda_moveit_config:/home/salem/graduation_project_ws/install/moveit_resources_fanuc_moveit_config:/home/salem/graduation_project_ws/install/moveit_configs_utils:/home/salem/graduation_project_ws/install/srdfdom:/home/salem/graduation_project_ws/install/moveit_resources_prbt_support:/home/salem/graduation_project_ws/install/moveit_resources_pr2_description:/home/salem/graduation_project_ws/install/moveit_resources_panda_description:/home/salem/graduation_project_ws/install/moveit_resources_fanuc_description:/home/salem/graduation_project_ws/install/moveit_common:/home/salem/graduation_project_ws/install/launch_param_builder:${AMENT_PREFIX_PATH} CMAKE_PREFIX_PATH=/home/salem/graduation_project_ws/install/moveit_resources_prbt_pg70_support:/home/salem/graduation_project_ws/install/moveit_ros_planning_interface:/home/salem/graduation_project_ws/install/moveit_resources_prbt_moveit_config:/home/salem/graduation_project_ws/install/moveit_ros_move_group:/home/salem/graduation_project_ws/install/moveit_ros_warehouse:/home/salem/graduation_project_ws/install/moveit_planners_ompl:/home/salem/graduation_project_ws/install/moveit_kinematics:/home/salem/graduation_project_ws/install/moveit_ros_planning:/home/salem/graduation_project_ws/install/pilz_industrial_motion_planner_testutils:/home/salem/graduation_project_ws/install/moveit_simple_controller_manager:/home/salem/graduation_project_ws/install/moveit_ros_occupancy_map_monitor:/home/salem/graduation_project_ws/install/moveit_resources_prbt_ikfast_manipulator_plugin:/home/salem/graduation_project_ws/install/moveit_core:/home/salem/graduation_project_ws/install/moveit_resources_panda_moveit_config:/home/salem/graduation_project_ws/install/moveit_resources_fanuc_moveit_config:/home/salem/graduation_project_ws/install/srdfdom:/home/salem/graduation_project_ws/install/moveit_resources_prbt_support:/home/salem/graduation_project_ws/install/moveit_resources_pr2_description:/home/salem/graduation_project_ws/install/moveit_resources_panda_description:/home/salem/graduation_project_ws/install/moveit_resources_fanuc_description:/home/salem/graduation_project_ws/install/moveit_common:/home/salem/ros2_ws/install/labvolt5250a0_description:/home/salem/ws_moveit2/install/pilz_industrial_motion_planner_testutils:/home/salem/ws_moveit2/install/panda_moveit_config:/home/salem/ws_moveit2/install/moveit_runtime:/home/salem/ws_moveit2/install/moveit2_tutorials:/home/salem/ws_moveit2/install/moveit:/home/salem/ws_moveit2/install/moveit_planners:/home/salem/ws_moveit2/install/pilz_industrial_motion_planner:/home/salem/ws_moveit2/install/moveit_visual_tools:/home/salem/ws_moveit2/install/moveit_task_constructor_visualization:/home/salem/ws_moveit2/install/moveit_task_constructor_demo:/home/salem/ws_moveit2/install/moveit_task_constructor_capabilities:/home/salem/ws_moveit2/install/moveit_task_constructor_core:/home/salem/ws_moveit2/install/moveit_ros_control_interface:/home/salem/ws_moveit2/install/moveit_plugins:/home/salem/ws_moveit2/install/moveit_simple_controller_manager:/home/salem/ws_moveit2/install/moveit_setup_assistant:/home/salem/ws_moveit2/install/moveit_setup_srdf_plugins:/home/salem/ws_moveit2/install/moveit_setup_core_plugins:/home/salem/ws_moveit2/install/moveit_setup_controllers:/home/salem/ws_moveit2/install/moveit_setup_app_plugins:/home/salem/ws_moveit2/install/moveit_setup_framework:/home/salem/ws_moveit2/install/moveit_servo:/home/salem/ws_moveit2/install/moveit_ros:/home/salem/ws_moveit2/install/moveit_ros_visualization:/home/salem/ws_moveit2/install/moveit_hybrid_planning:/home/salem/ws_moveit2/install/moveit_ros_planning_interface:/home/salem/ws_moveit2/install/moveit_ros_benchmarks:/home/salem/ws_moveit2/install/moveit_ros_warehouse:/home/salem/ws_moveit2/install/moveit_ros_robot_interaction:/home/salem/ws_moveit2/install/moveit_ros_perception:/home/salem/ws_moveit2/install/moveit_resources_prbt_pg70_support:/home/salem/ws_moveit2/install/moveit_resources_prbt_moveit_config:/home/salem/ws_moveit2/install/moveit_ros_move_group:/home/salem/ws_moveit2/install/moveit_planners_ompl:/home/salem/ws_moveit2/install/moveit_ros_planning:/home/salem/ws_moveit2/install/moveit_ros_occupancy_map_monitor:/home/salem/ws_moveit2/install/moveit_resources_prbt_ikfast_manipulator_plugin:/home/salem/ws_moveit2/install/moveit_planners_chomp:/home/salem/ws_moveit2/install/moveit_kinematics:/home/salem/ws_moveit2/install/moveit_chomp_optimizer_adapter:/home/salem/ws_moveit2/install/chomp_motion_planner:/home/salem/ws_moveit2/install/moveit_core:/home/salem/ws_moveit2/install/srdfdom:/home/salem/ws_moveit2/install/rviz_marker_tools:/home/salem/ws_moveit2/install/rosparam_shortcuts:/home/salem/ws_moveit2/install/moveit_task_constructor_msgs:/home/salem/ws_moveit2/install/moveit_resources_prbt_support:/home/salem/ws_moveit2/install/moveit_resources:/home/salem/ws_moveit2/install/moveit_resources_pr2_description:/home/salem/ws_moveit2/install/moveit_resources_panda_moveit_config:/home/salem/ws_moveit2/install/moveit_resources_panda_description:/home/salem/ws_moveit2/install/moveit_resources_fanuc_moveit_config:/home/salem/ws_moveit2/install/moveit_resources_fanuc_description:/home/salem/ws_moveit2/install/moveit_common:/home/salem/microros_ws/install/micro_ros_setup:/home/salem/ros2_ws/install/my_robot_controller:/home/salem/ws_moveit2/install/moveit_configs_utils:/home/salem/ws_moveit2/install/launch_param_builder:/opt/ros/humble LD_LIBRARY_PATH=/home/salem/graduation_project_ws/install/moveit_ros_planning_interface/lib:/home/salem/graduation_project_ws/install/moveit_ros_move_group/lib:/home/salem/graduation_project_ws/install/moveit_ros_warehouse/lib:/home/salem/graduation_project_ws/install/moveit_planners_ompl/lib:/home/salem/graduation_project_ws/install/moveit_kinematics/lib:/home/salem/graduation_project_ws/install/moveit_ros_planning/lib:/home/salem/graduation_project_ws/install/pilz_industrial_motion_planner_testutils/lib:/home/salem/graduation_project_ws/install/moveit_simple_controller_manager/lib:/home/salem/graduation_project_ws/install/moveit_ros_occupancy_map_monitor/lib:/home/salem/graduation_project_ws/install/moveit_resources_prbt_ikfast_manipulator_plugin/lib:/home/salem/graduation_project_ws/install/moveit_core/lib:/home/salem/graduation_project_ws/install/srdfdom/lib:${LD_LIBRARY_PATH} PATH=/home/salem/graduation_project_ws/install/moveit_core/bin:${PATH} PYTHONPATH=/home/salem/graduation_project_ws/install/moveit_configs_utils/lib/python3.10/site-packages:/home/salem/graduation_project_ws/install/srdfdom/local/lib/python3.10/dist-packages:/home/salem/graduation_project_ws/install/launch_param_builder/lib/python3.10/site-packages:${PYTHONPATH} /usr/bin/cmake /home/salem/graduation_project_ws/src/moveit2/moveit_planners/pilz_industrial_motion_planner -DCMAKE_BUILD_TYPE=Release -DCMAKE_INSTALL_PREFIX=/home/salem/graduation_project_ws/install/pilz_industrial_motion_planner
[1.872s] Invoking command in '/home/salem/graduation_project_ws/build/pilz_industrial_motion_planner': AMENT_PREFIX_PATH=/home/salem/graduation_project_ws/install/moveit_resources_prbt_pg70_support:/home/salem/graduation_project_ws/install/moveit_ros_planning_interface:/home/salem/graduation_project_ws/install/moveit_resources_prbt_moveit_config:/home/salem/graduation_project_ws/install/moveit_ros_move_group:/home/salem/graduation_project_ws/install/moveit_ros_warehouse:/home/salem/graduation_project_ws/install/moveit_planners_ompl:/home/salem/graduation_project_ws/install/moveit_kinematics:/home/salem/graduation_project_ws/install/moveit_ros_planning:/home/salem/graduation_project_ws/install/pilz_industrial_motion_planner_testutils:/home/salem/graduation_project_ws/install/moveit_simple_controller_manager:/home/salem/graduation_project_ws/install/moveit_ros_occupancy_map_monitor:/home/salem/graduation_project_ws/install/moveit_resources_prbt_ikfast_manipulator_plugin:/home/salem/graduation_project_ws/install/moveit_core:/home/salem/graduation_project_ws/install/moveit_resources_panda_moveit_config:/home/salem/graduation_project_ws/install/moveit_resources_fanuc_moveit_config:/home/salem/graduation_project_ws/install/moveit_configs_utils:/home/salem/graduation_project_ws/install/srdfdom:/home/salem/graduation_project_ws/install/moveit_resources_prbt_support:/home/salem/graduation_project_ws/install/moveit_resources_pr2_description:/home/salem/graduation_project_ws/install/moveit_resources_panda_description:/home/salem/graduation_project_ws/install/moveit_resources_fanuc_description:/home/salem/graduation_project_ws/install/moveit_common:/home/salem/graduation_project_ws/install/launch_param_builder:${AMENT_PREFIX_PATH} CMAKE_PREFIX_PATH=/home/salem/graduation_project_ws/install/moveit_resources_prbt_pg70_support:/home/salem/graduation_project_ws/install/moveit_ros_planning_interface:/home/salem/graduation_project_ws/install/moveit_resources_prbt_moveit_config:/home/salem/graduation_project_ws/install/moveit_ros_move_group:/home/salem/graduation_project_ws/install/moveit_ros_warehouse:/home/salem/graduation_project_ws/install/moveit_planners_ompl:/home/salem/graduation_project_ws/install/moveit_kinematics:/home/salem/graduation_project_ws/install/moveit_ros_planning:/home/salem/graduation_project_ws/install/pilz_industrial_motion_planner_testutils:/home/salem/graduation_project_ws/install/moveit_simple_controller_manager:/home/salem/graduation_project_ws/install/moveit_ros_occupancy_map_monitor:/home/salem/graduation_project_ws/install/moveit_resources_prbt_ikfast_manipulator_plugin:/home/salem/graduation_project_ws/install/moveit_core:/home/salem/graduation_project_ws/install/moveit_resources_panda_moveit_config:/home/salem/graduation_project_ws/install/moveit_resources_fanuc_moveit_config:/home/salem/graduation_project_ws/install/srdfdom:/home/salem/graduation_project_ws/install/moveit_resources_prbt_support:/home/salem/graduation_project_ws/install/moveit_resources_pr2_description:/home/salem/graduation_project_ws/install/moveit_resources_panda_description:/home/salem/graduation_project_ws/install/moveit_resources_fanuc_description:/home/salem/graduation_project_ws/install/moveit_common:/home/salem/ros2_ws/install/labvolt5250a0_description:/home/salem/ws_moveit2/install/pilz_industrial_motion_planner_testutils:/home/salem/ws_moveit2/install/panda_moveit_config:/home/salem/ws_moveit2/install/moveit_runtime:/home/salem/ws_moveit2/install/moveit2_tutorials:/home/salem/ws_moveit2/install/moveit:/home/salem/ws_moveit2/install/moveit_planners:/home/salem/ws_moveit2/install/pilz_industrial_motion_planner:/home/salem/ws_moveit2/install/moveit_visual_tools:/home/salem/ws_moveit2/install/moveit_task_constructor_visualization:/home/salem/ws_moveit2/install/moveit_task_constructor_demo:/home/salem/ws_moveit2/install/moveit_task_constructor_capabilities:/home/salem/ws_moveit2/install/moveit_task_constructor_core:/home/salem/ws_moveit2/install/moveit_ros_control_interface:/home/salem/ws_moveit2/install/moveit_plugins:/home/salem/ws_moveit2/install/moveit_simple_controller_manager:/home/salem/ws_moveit2/install/moveit_setup_assistant:/home/salem/ws_moveit2/install/moveit_setup_srdf_plugins:/home/salem/ws_moveit2/install/moveit_setup_core_plugins:/home/salem/ws_moveit2/install/moveit_setup_controllers:/home/salem/ws_moveit2/install/moveit_setup_app_plugins:/home/salem/ws_moveit2/install/moveit_setup_framework:/home/salem/ws_moveit2/install/moveit_servo:/home/salem/ws_moveit2/install/moveit_ros:/home/salem/ws_moveit2/install/moveit_ros_visualization:/home/salem/ws_moveit2/install/moveit_hybrid_planning:/home/salem/ws_moveit2/install/moveit_ros_planning_interface:/home/salem/ws_moveit2/install/moveit_ros_benchmarks:/home/salem/ws_moveit2/install/moveit_ros_warehouse:/home/salem/ws_moveit2/install/moveit_ros_robot_interaction:/home/salem/ws_moveit2/install/moveit_ros_perception:/home/salem/ws_moveit2/install/moveit_resources_prbt_pg70_support:/home/salem/ws_moveit2/install/moveit_resources_prbt_moveit_config:/home/salem/ws_moveit2/install/moveit_ros_move_group:/home/salem/ws_moveit2/install/moveit_planners_ompl:/home/salem/ws_moveit2/install/moveit_ros_planning:/home/salem/ws_moveit2/install/moveit_ros_occupancy_map_monitor:/home/salem/ws_moveit2/install/moveit_resources_prbt_ikfast_manipulator_plugin:/home/salem/ws_moveit2/install/moveit_planners_chomp:/home/salem/ws_moveit2/install/moveit_kinematics:/home/salem/ws_moveit2/install/moveit_chomp_optimizer_adapter:/home/salem/ws_moveit2/install/chomp_motion_planner:/home/salem/ws_moveit2/install/moveit_core:/home/salem/ws_moveit2/install/srdfdom:/home/salem/ws_moveit2/install/rviz_marker_tools:/home/salem/ws_moveit2/install/rosparam_shortcuts:/home/salem/ws_moveit2/install/moveit_task_constructor_msgs:/home/salem/ws_moveit2/install/moveit_resources_prbt_support:/home/salem/ws_moveit2/install/moveit_resources:/home/salem/ws_moveit2/install/moveit_resources_pr2_description:/home/salem/ws_moveit2/install/moveit_resources_panda_moveit_config:/home/salem/ws_moveit2/install/moveit_resources_panda_description:/home/salem/ws_moveit2/install/moveit_resources_fanuc_moveit_config:/home/salem/ws_moveit2/install/moveit_resources_fanuc_description:/home/salem/ws_moveit2/install/moveit_common:/home/salem/microros_ws/install/micro_ros_setup:/home/salem/ros2_ws/install/my_robot_controller:/home/salem/ws_moveit2/install/moveit_configs_utils:/home/salem/ws_moveit2/install/launch_param_builder:/opt/ros/humble LD_LIBRARY_PATH=/home/salem/graduation_project_ws/install/moveit_ros_planning_interface/lib:/home/salem/graduation_project_ws/install/moveit_ros_move_group/lib:/home/salem/graduation_project_ws/install/moveit_ros_warehouse/lib:/home/salem/graduation_project_ws/install/moveit_planners_ompl/lib:/home/salem/graduation_project_ws/install/moveit_kinematics/lib:/home/salem/graduation_project_ws/install/moveit_ros_planning/lib:/home/salem/graduation_project_ws/install/pilz_industrial_motion_planner_testutils/lib:/home/salem/graduation_project_ws/install/moveit_simple_controller_manager/lib:/home/salem/graduation_project_ws/install/moveit_ros_occupancy_map_monitor/lib:/home/salem/graduation_project_ws/install/moveit_resources_prbt_ikfast_manipulator_plugin/lib:/home/salem/graduation_project_ws/install/moveit_core/lib:/home/salem/graduation_project_ws/install/srdfdom/lib:${LD_LIBRARY_PATH} PATH=/home/salem/graduation_project_ws/install/moveit_core/bin:${PATH} PYTHONPATH=/home/salem/graduation_project_ws/install/moveit_configs_utils/lib/python3.10/site-packages:/home/salem/graduation_project_ws/install/srdfdom/local/lib/python3.10/dist-packages:/home/salem/graduation_project_ws/install/launch_param_builder/lib/python3.10/site-packages:${PYTHONPATH} /usr/bin/cmake --build /home/salem/graduation_project_ws/build/pilz_industrial_motion_planner -- -j16 -l16
[1.983s] [35m[1mConsolidate compiler generated dependencies of target gtest_main[0m
[1.983s] [35m[1mConsolidate compiler generated dependencies of target gmock_main[0m
[1.983s] [35m[1mConsolidate compiler generated dependencies of target gtest[0m
[1.984s] [35m[1mConsolidate compiler generated dependencies of target gmock[0m
[1.984s] [35m[1mConsolidate compiler generated dependencies of target planning_context_loader_base[0m
[1.987s] [35m[1mConsolidate compiler generated dependencies of target joint_limits_common[0m
[1.988s] [35m[1mConsolidate compiler generated dependencies of target trajectory_generation_common[0m
[2.006s] [  7%] Built target gtest
[2.006s] [  7%] Built target gtest_main
[2.006s] [  7%] Built target gmock_main
[2.007s] [ 10%] Built target gmock
[2.014s] [ 12%] [32m[1mLinking CXX shared library libplanning_context_loader_base.so[0m
[2.022s] [ 13%] [32m[1mLinking CXX shared library libjoint_limits_common.so[0m
[2.028s] [ 14%] [32m[1mLinking CXX shared library libtrajectory_generation_common.so[0m
[2.283s] [ 18%] Built target trajectory_generation_common
[3.084s] [ 25%] Built target joint_limits_common
[3.101s] [35m[1mConsolidate compiler generated dependencies of target unittest_joint_limits_container[0m
[3.102s] [35m[1mConsolidate compiler generated dependencies of target unittest_joint_limits_validator[0m
[3.102s] [35m[1mConsolidate compiler generated dependencies of target unittest_joint_limit[0m
[3.102s] [35m[1mConsolidate compiler generated dependencies of target unittest_cartesian_limits_aggregator[0m
[3.102s] [35m[1mConsolidate compiler generated dependencies of target unittest_joint_limits_aggregator[0m
[3.103s] [35m[1mConsolidate compiler generated dependencies of target pilz_industrial_motion_planner_test_utils[0m
[3.103s] [35m[1mConsolidate compiler generated dependencies of target command_list_manager[0m
[3.122s] [ 27%] [32m[1mLinking CXX executable unittest_joint_limits_validator[0m
[3.122s] [ 27%] [32m[1mLinking CXX executable unittest_joint_limits_container[0m
[3.124s] [ 28%] [32m[1mLinking CXX executable unittest_cartesian_limits_aggregator[0m
[3.124s] [ 30%] [32m[1mLinking CXX executable unittest_joint_limit[0m
[3.129s] [ 31%] [32m[1mLinking CXX executable unittest_joint_limits_aggregator[0m
[3.130s] [ 33%] Built target pilz_industrial_motion_planner_test_utils
[3.133s] [ 34%] [32m[1mLinking CXX shared library libcommand_list_manager.so[0m
[3.148s] [35m[1mConsolidate compiler generated dependencies of target unittest_trajectory_functions[0m
[3.181s] [ 36%] [32m[1mLinking CXX executable unittest_trajectory_functions[0m
[3.360s] [ 38%] Built target command_list_manager
[3.365s] [ 39%] Built target unittest_joint_limits_container
[3.380s] [ 40%] Built target unittest_joint_limits_validator
[3.383s] [35m[1mConsolidate compiler generated dependencies of target sequence_capability[0m
[3.404s] [ 43%] Built target unittest_cartesian_limits_aggregator
[3.404s] [ 43%] Built target unittest_joint_limit
[3.424s] [ 44%] [32m[1mLinking CXX shared library libsequence_capability.so[0m
[3.455s] [ 45%] Built target unittest_joint_limits_aggregator
[3.519s] [ 46%] Built target unittest_trajectory_functions
[3.649s] [ 49%] Built target sequence_capability
[11.454s] [ 50%] Built target planning_context_loader_base
[11.472s] [35m[1mConsolidate compiler generated dependencies of target pilz_industrial_motion_planner[0m
[11.474s] [35m[1mConsolidate compiler generated dependencies of target planning_context_loader_ptp[0m
[11.474s] [35m[1mConsolidate compiler generated dependencies of target planning_context_loader_lin[0m
[11.474s] [35m[1mConsolidate compiler generated dependencies of target planning_context_loader_circ[0m
[11.500s] [ 51%] [32m[1mLinking CXX shared library libpilz_industrial_motion_planner.so[0m
[11.507s] [ 55%] [32m[1mLinking CXX shared library libplanning_context_loader_lin.so[0m
[11.507s] [ 55%] [32m[1mLinking CXX shared library libplanning_context_loader_ptp.so[0m
[11.507s] [ 55%] [32m[1mLinking CXX shared library libplanning_context_loader_circ.so[0m
[11.719s] [ 56%] Built target pilz_industrial_motion_planner
[11.730s] [ 60%] Built target planning_context_loader_ptp
[11.733s] [ 63%] Built target planning_context_loader_lin
[11.735s] [ 67%] Built target planning_context_loader_circ
[11.737s] [35m[1mConsolidate compiler generated dependencies of target unittest_pilz_industrial_motion_planner[0m
[11.737s] [35m[1mConsolidate compiler generated dependencies of target unittest_velocity_profile_atrap[0m
[11.737s] [35m[1mConsolidate compiler generated dependencies of target unittest_get_solver_tip_frame[0m
[11.738s] [35m[1mConsolidate compiler generated dependencies of target unittest_planning_context_loaders[0m
[11.739s] [35m[1mConsolidate compiler generated dependencies of target unittest_trajectory_generator[0m
[11.752s] [35m[1mConsolidate compiler generated dependencies of target unittest_pilz_industrial_motion_planner_direct[0m
[11.752s] [35m[1mConsolidate compiler generated dependencies of target unittest_trajectory_generator_ptp[0m
[11.753s] [35m[1mConsolidate compiler generated dependencies of target unittest_trajectory_generator_lin[0m
[11.755s] [35m[1mConsolidate compiler generated dependencies of target unittest_trajectory_blender_transition_window[0m
[11.755s] [35m[1mConsolidate compiler generated dependencies of target unittest_planning_context[0m
[11.758s] [35m[1mConsolidate compiler generated dependencies of target unittest_trajectory_generator_common[0m
[11.760s] [35m[1mConsolidate compiler generated dependencies of target unittest_trajectory_generator_circ[0m
[11.765s] [ 68%] [32m[1mLinking CXX executable unittest_get_solver_tip_frame[0m
[11.766s] [ 69%] [32m[1mLinking CXX executable unittest_velocity_profile_atrap[0m
[11.768s] [ 71%] [32m[1mLinking CXX executable unittest_pilz_industrial_motion_planner[0m
[11.776s] [ 72%] [32m[1mLinking CXX executable unittest_planning_context_loaders[0m
[11.785s] [ 73%] [32m[1mLinking CXX executable unittest_trajectory_generator[0m
[11.789s] [ 74%] [32m[1mLinking CXX executable unittest_pilz_industrial_motion_planner_direct[0m
[11.789s] [ 75%] [32m[1mLinking CXX executable unittest_planning_context[0m
[11.793s] [ 77%] [32m[1mLinking CXX executable unittest_trajectory_generator_ptp[0m
[11.796s] [ 78%] [32m[1mLinking CXX executable unittest_trajectory_generator_lin[0m
[11.797s] [ 79%] [32m[1mLinking CXX executable unittest_trajectory_generator_common[0m
[11.802s] [ 80%] [32m[1mLinking CXX executable unittest_trajectory_blender_transition_window[0m
[11.805s] [ 81%] [32m[1mLinking CXX executable unittest_trajectory_generator_circ[0m
[12.300s] [ 83%] Built target unittest_pilz_industrial_motion_planner_direct
[12.307s] [ 84%] Built target unittest_trajectory_generator_lin
[12.332s] [ 85%] Built target unittest_planning_context
[12.341s] [ 87%] Built target unittest_trajectory_generator
[12.354s] [ 89%] Built target unittest_pilz_industrial_motion_planner
[12.365s] [ 90%] Built target unittest_trajectory_generator_ptp
[12.390s] [ 92%] Built target unittest_trajectory_blender_transition_window
[12.400s] [ 93%] Built target unittest_trajectory_generator_circ
[12.405s] [ 95%] Built target unittest_planning_context_loaders
[12.427s] [ 96%] Built target unittest_trajectory_generator_common
[14.145s] [ 98%] Built target unittest_velocity_profile_atrap
[14.245s] [100%] Built target unittest_get_solver_tip_frame
[14.261s] Invoked command in '/home/salem/graduation_project_ws/build/pilz_industrial_motion_planner' returned '0': AMENT_PREFIX_PATH=/home/salem/graduation_project_ws/install/moveit_resources_prbt_pg70_support:/home/salem/graduation_project_ws/install/moveit_ros_planning_interface:/home/salem/graduation_project_ws/install/moveit_resources_prbt_moveit_config:/home/salem/graduation_project_ws/install/moveit_ros_move_group:/home/salem/graduation_project_ws/install/moveit_ros_warehouse:/home/salem/graduation_project_ws/install/moveit_planners_ompl:/home/salem/graduation_project_ws/install/moveit_kinematics:/home/salem/graduation_project_ws/install/moveit_ros_planning:/home/salem/graduation_project_ws/install/pilz_industrial_motion_planner_testutils:/home/salem/graduation_project_ws/install/moveit_simple_controller_manager:/home/salem/graduation_project_ws/install/moveit_ros_occupancy_map_monitor:/home/salem/graduation_project_ws/install/moveit_resources_prbt_ikfast_manipulator_plugin:/home/salem/graduation_project_ws/install/moveit_core:/home/salem/graduation_project_ws/install/moveit_resources_panda_moveit_config:/home/salem/graduation_project_ws/install/moveit_resources_fanuc_moveit_config:/home/salem/graduation_project_ws/install/moveit_configs_utils:/home/salem/graduation_project_ws/install/srdfdom:/home/salem/graduation_project_ws/install/moveit_resources_prbt_support:/home/salem/graduation_project_ws/install/moveit_resources_pr2_description:/home/salem/graduation_project_ws/install/moveit_resources_panda_description:/home/salem/graduation_project_ws/install/moveit_resources_fanuc_description:/home/salem/graduation_project_ws/install/moveit_common:/home/salem/graduation_project_ws/install/launch_param_builder:${AMENT_PREFIX_PATH} CMAKE_PREFIX_PATH=/home/salem/graduation_project_ws/install/moveit_resources_prbt_pg70_support:/home/salem/graduation_project_ws/install/moveit_ros_planning_interface:/home/salem/graduation_project_ws/install/moveit_resources_prbt_moveit_config:/home/salem/graduation_project_ws/install/moveit_ros_move_group:/home/salem/graduation_project_ws/install/moveit_ros_warehouse:/home/salem/graduation_project_ws/install/moveit_planners_ompl:/home/salem/graduation_project_ws/install/moveit_kinematics:/home/salem/graduation_project_ws/install/moveit_ros_planning:/home/salem/graduation_project_ws/install/pilz_industrial_motion_planner_testutils:/home/salem/graduation_project_ws/install/moveit_simple_controller_manager:/home/salem/graduation_project_ws/install/moveit_ros_occupancy_map_monitor:/home/salem/graduation_project_ws/install/moveit_resources_prbt_ikfast_manipulator_plugin:/home/salem/graduation_project_ws/install/moveit_core:/home/salem/graduation_project_ws/install/moveit_resources_panda_moveit_config:/home/salem/graduation_project_ws/install/moveit_resources_fanuc_moveit_config:/home/salem/graduation_project_ws/install/srdfdom:/home/salem/graduation_project_ws/install/moveit_resources_prbt_support:/home/salem/graduation_project_ws/install/moveit_resources_pr2_description:/home/salem/graduation_project_ws/install/moveit_resources_panda_description:/home/salem/graduation_project_ws/install/moveit_resources_fanuc_description:/home/salem/graduation_project_ws/install/moveit_common:/home/salem/ros2_ws/install/labvolt5250a0_description:/home/salem/ws_moveit2/install/pilz_industrial_motion_planner_testutils:/home/salem/ws_moveit2/install/panda_moveit_config:/home/salem/ws_moveit2/install/moveit_runtime:/home/salem/ws_moveit2/install/moveit2_tutorials:/home/salem/ws_moveit2/install/moveit:/home/salem/ws_moveit2/install/moveit_planners:/home/salem/ws_moveit2/install/pilz_industrial_motion_planner:/home/salem/ws_moveit2/install/moveit_visual_tools:/home/salem/ws_moveit2/install/moveit_task_constructor_visualization:/home/salem/ws_moveit2/install/moveit_task_constructor_demo:/home/salem/ws_moveit2/install/moveit_task_constructor_capabilities:/home/salem/ws_moveit2/install/moveit_task_constructor_core:/home/salem/ws_moveit2/install/moveit_ros_control_interface:/home/salem/ws_moveit2/install/moveit_plugins:/home/salem/ws_moveit2/install/moveit_simple_controller_manager:/home/salem/ws_moveit2/install/moveit_setup_assistant:/home/salem/ws_moveit2/install/moveit_setup_srdf_plugins:/home/salem/ws_moveit2/install/moveit_setup_core_plugins:/home/salem/ws_moveit2/install/moveit_setup_controllers:/home/salem/ws_moveit2/install/moveit_setup_app_plugins:/home/salem/ws_moveit2/install/moveit_setup_framework:/home/salem/ws_moveit2/install/moveit_servo:/home/salem/ws_moveit2/install/moveit_ros:/home/salem/ws_moveit2/install/moveit_ros_visualization:/home/salem/ws_moveit2/install/moveit_hybrid_planning:/home/salem/ws_moveit2/install/moveit_ros_planning_interface:/home/salem/ws_moveit2/install/moveit_ros_benchmarks:/home/salem/ws_moveit2/install/moveit_ros_warehouse:/home/salem/ws_moveit2/install/moveit_ros_robot_interaction:/home/salem/ws_moveit2/install/moveit_ros_perception:/home/salem/ws_moveit2/install/moveit_resources_prbt_pg70_support:/home/salem/ws_moveit2/install/moveit_resources_prbt_moveit_config:/home/salem/ws_moveit2/install/moveit_ros_move_group:/home/salem/ws_moveit2/install/moveit_planners_ompl:/home/salem/ws_moveit2/install/moveit_ros_planning:/home/salem/ws_moveit2/install/moveit_ros_occupancy_map_monitor:/home/salem/ws_moveit2/install/moveit_resources_prbt_ikfast_manipulator_plugin:/home/salem/ws_moveit2/install/moveit_planners_chomp:/home/salem/ws_moveit2/install/moveit_kinematics:/home/salem/ws_moveit2/install/moveit_chomp_optimizer_adapter:/home/salem/ws_moveit2/install/chomp_motion_planner:/home/salem/ws_moveit2/install/moveit_core:/home/salem/ws_moveit2/install/srdfdom:/home/salem/ws_moveit2/install/rviz_marker_tools:/home/salem/ws_moveit2/install/rosparam_shortcuts:/home/salem/ws_moveit2/install/moveit_task_constructor_msgs:/home/salem/ws_moveit2/install/moveit_resources_prbt_support:/home/salem/ws_moveit2/install/moveit_resources:/home/salem/ws_moveit2/install/moveit_resources_pr2_description:/home/salem/ws_moveit2/install/moveit_resources_panda_moveit_config:/home/salem/ws_moveit2/install/moveit_resources_panda_description:/home/salem/ws_moveit2/install/moveit_resources_fanuc_moveit_config:/home/salem/ws_moveit2/install/moveit_resources_fanuc_description:/home/salem/ws_moveit2/install/moveit_common:/home/salem/microros_ws/install/micro_ros_setup:/home/salem/ros2_ws/install/my_robot_controller:/home/salem/ws_moveit2/install/moveit_configs_utils:/home/salem/ws_moveit2/install/launch_param_builder:/opt/ros/humble LD_LIBRARY_PATH=/home/salem/graduation_project_ws/install/moveit_ros_planning_interface/lib:/home/salem/graduation_project_ws/install/moveit_ros_move_group/lib:/home/salem/graduation_project_ws/install/moveit_ros_warehouse/lib:/home/salem/graduation_project_ws/install/moveit_planners_ompl/lib:/home/salem/graduation_project_ws/install/moveit_kinematics/lib:/home/salem/graduation_project_ws/install/moveit_ros_planning/lib:/home/salem/graduation_project_ws/install/pilz_industrial_motion_planner_testutils/lib:/home/salem/graduation_project_ws/install/moveit_simple_controller_manager/lib:/home/salem/graduation_project_ws/install/moveit_ros_occupancy_map_monitor/lib:/home/salem/graduation_project_ws/install/moveit_resources_prbt_ikfast_manipulator_plugin/lib:/home/salem/graduation_project_ws/install/moveit_core/lib:/home/salem/graduation_project_ws/install/srdfdom/lib:${LD_LIBRARY_PATH} PATH=/home/salem/graduation_project_ws/install/moveit_core/bin:${PATH} PYTHONPATH=/home/salem/graduation_project_ws/install/moveit_configs_utils/lib/python3.10/site-packages:/home/salem/graduation_project_ws/install/srdfdom/local/lib/python3.10/dist-packages:/home/salem/graduation_project_ws/install/launch_param_builder/lib/python3.10/site-packages:${PYTHONPATH} /usr/bin/cmake --build /home/salem/graduation_project_ws/build/pilz_industrial_motion_planner -- -j16 -l16
[14.262s] Invoking command in '/home/salem/graduation_project_ws/build/pilz_industrial_motion_planner': AMENT_PREFIX_PATH=/home/salem/graduation_project_ws/install/moveit_resources_prbt_pg70_support:/home/salem/graduation_project_ws/install/moveit_ros_planning_interface:/home/salem/graduation_project_ws/install/moveit_resources_prbt_moveit_config:/home/salem/graduation_project_ws/install/moveit_ros_move_group:/home/salem/graduation_project_ws/install/moveit_ros_warehouse:/home/salem/graduation_project_ws/install/moveit_planners_ompl:/home/salem/graduation_project_ws/install/moveit_kinematics:/home/salem/graduation_project_ws/install/moveit_ros_planning:/home/salem/graduation_project_ws/install/pilz_industrial_motion_planner_testutils:/home/salem/graduation_project_ws/install/moveit_simple_controller_manager:/home/salem/graduation_project_ws/install/moveit_ros_occupancy_map_monitor:/home/salem/graduation_project_ws/install/moveit_resources_prbt_ikfast_manipulator_plugin:/home/salem/graduation_project_ws/install/moveit_core:/home/salem/graduation_project_ws/install/moveit_resources_panda_moveit_config:/home/salem/graduation_project_ws/install/moveit_resources_fanuc_moveit_config:/home/salem/graduation_project_ws/install/moveit_configs_utils:/home/salem/graduation_project_ws/install/srdfdom:/home/salem/graduation_project_ws/install/moveit_resources_prbt_support:/home/salem/graduation_project_ws/install/moveit_resources_pr2_description:/home/salem/graduation_project_ws/install/moveit_resources_panda_description:/home/salem/graduation_project_ws/install/moveit_resources_fanuc_description:/home/salem/graduation_project_ws/install/moveit_common:/home/salem/graduation_project_ws/install/launch_param_builder:${AMENT_PREFIX_PATH} CMAKE_PREFIX_PATH=/home/salem/graduation_project_ws/install/moveit_resources_prbt_pg70_support:/home/salem/graduation_project_ws/install/moveit_ros_planning_interface:/home/salem/graduation_project_ws/install/moveit_resources_prbt_moveit_config:/home/salem/graduation_project_ws/install/moveit_ros_move_group:/home/salem/graduation_project_ws/install/moveit_ros_warehouse:/home/salem/graduation_project_ws/install/moveit_planners_ompl:/home/salem/graduation_project_ws/install/moveit_kinematics:/home/salem/graduation_project_ws/install/moveit_ros_planning:/home/salem/graduation_project_ws/install/pilz_industrial_motion_planner_testutils:/home/salem/graduation_project_ws/install/moveit_simple_controller_manager:/home/salem/graduation_project_ws/install/moveit_ros_occupancy_map_monitor:/home/salem/graduation_project_ws/install/moveit_resources_prbt_ikfast_manipulator_plugin:/home/salem/graduation_project_ws/install/moveit_core:/home/salem/graduation_project_ws/install/moveit_resources_panda_moveit_config:/home/salem/graduation_project_ws/install/moveit_resources_fanuc_moveit_config:/home/salem/graduation_project_ws/install/srdfdom:/home/salem/graduation_project_ws/install/moveit_resources_prbt_support:/home/salem/graduation_project_ws/install/moveit_resources_pr2_description:/home/salem/graduation_project_ws/install/moveit_resources_panda_description:/home/salem/graduation_project_ws/install/moveit_resources_fanuc_description:/home/salem/graduation_project_ws/install/moveit_common:/home/salem/ros2_ws/install/labvolt5250a0_description:/home/salem/ws_moveit2/install/pilz_industrial_motion_planner_testutils:/home/salem/ws_moveit2/install/panda_moveit_config:/home/salem/ws_moveit2/install/moveit_runtime:/home/salem/ws_moveit2/install/moveit2_tutorials:/home/salem/ws_moveit2/install/moveit:/home/salem/ws_moveit2/install/moveit_planners:/home/salem/ws_moveit2/install/pilz_industrial_motion_planner:/home/salem/ws_moveit2/install/moveit_visual_tools:/home/salem/ws_moveit2/install/moveit_task_constructor_visualization:/home/salem/ws_moveit2/install/moveit_task_constructor_demo:/home/salem/ws_moveit2/install/moveit_task_constructor_capabilities:/home/salem/ws_moveit2/install/moveit_task_constructor_core:/home/salem/ws_moveit2/install/moveit_ros_control_interface:/home/salem/ws_moveit2/install/moveit_plugins:/home/salem/ws_moveit2/install/moveit_simple_controller_manager:/home/salem/ws_moveit2/install/moveit_setup_assistant:/home/salem/ws_moveit2/install/moveit_setup_srdf_plugins:/home/salem/ws_moveit2/install/moveit_setup_core_plugins:/home/salem/ws_moveit2/install/moveit_setup_controllers:/home/salem/ws_moveit2/install/moveit_setup_app_plugins:/home/salem/ws_moveit2/install/moveit_setup_framework:/home/salem/ws_moveit2/install/moveit_servo:/home/salem/ws_moveit2/install/moveit_ros:/home/salem/ws_moveit2/install/moveit_ros_visualization:/home/salem/ws_moveit2/install/moveit_hybrid_planning:/home/salem/ws_moveit2/install/moveit_ros_planning_interface:/home/salem/ws_moveit2/install/moveit_ros_benchmarks:/home/salem/ws_moveit2/install/moveit_ros_warehouse:/home/salem/ws_moveit2/install/moveit_ros_robot_interaction:/home/salem/ws_moveit2/install/moveit_ros_perception:/home/salem/ws_moveit2/install/moveit_resources_prbt_pg70_support:/home/salem/ws_moveit2/install/moveit_resources_prbt_moveit_config:/home/salem/ws_moveit2/install/moveit_ros_move_group:/home/salem/ws_moveit2/install/moveit_planners_ompl:/home/salem/ws_moveit2/install/moveit_ros_planning:/home/salem/ws_moveit2/install/moveit_ros_occupancy_map_monitor:/home/salem/ws_moveit2/install/moveit_resources_prbt_ikfast_manipulator_plugin:/home/salem/ws_moveit2/install/moveit_planners_chomp:/home/salem/ws_moveit2/install/moveit_kinematics:/home/salem/ws_moveit2/install/moveit_chomp_optimizer_adapter:/home/salem/ws_moveit2/install/chomp_motion_planner:/home/salem/ws_moveit2/install/moveit_core:/home/salem/ws_moveit2/install/srdfdom:/home/salem/ws_moveit2/install/rviz_marker_tools:/home/salem/ws_moveit2/install/rosparam_shortcuts:/home/salem/ws_moveit2/install/moveit_task_constructor_msgs:/home/salem/ws_moveit2/install/moveit_resources_prbt_support:/home/salem/ws_moveit2/install/moveit_resources:/home/salem/ws_moveit2/install/moveit_resources_pr2_description:/home/salem/ws_moveit2/install/moveit_resources_panda_moveit_config:/home/salem/ws_moveit2/install/moveit_resources_panda_description:/home/salem/ws_moveit2/install/moveit_resources_fanuc_moveit_config:/home/salem/ws_moveit2/install/moveit_resources_fanuc_description:/home/salem/ws_moveit2/install/moveit_common:/home/salem/microros_ws/install/micro_ros_setup:/home/salem/ros2_ws/install/my_robot_controller:/home/salem/ws_moveit2/install/moveit_configs_utils:/home/salem/ws_moveit2/install/launch_param_builder:/opt/ros/humble LD_LIBRARY_PATH=/home/salem/graduation_project_ws/install/moveit_ros_planning_interface/lib:/home/salem/graduation_project_ws/install/moveit_ros_move_group/lib:/home/salem/graduation_project_ws/install/moveit_ros_warehouse/lib:/home/salem/graduation_project_ws/install/moveit_planners_ompl/lib:/home/salem/graduation_project_ws/install/moveit_kinematics/lib:/home/salem/graduation_project_ws/install/moveit_ros_planning/lib:/home/salem/graduation_project_ws/install/pilz_industrial_motion_planner_testutils/lib:/home/salem/graduation_project_ws/install/moveit_simple_controller_manager/lib:/home/salem/graduation_project_ws/install/moveit_ros_occupancy_map_monitor/lib:/home/salem/graduation_project_ws/install/moveit_resources_prbt_ikfast_manipulator_plugin/lib:/home/salem/graduation_project_ws/install/moveit_core/lib:/home/salem/graduation_project_ws/install/srdfdom/lib:${LD_LIBRARY_PATH} PATH=/home/salem/graduation_project_ws/install/moveit_core/bin:${PATH} PYTHONPATH=/home/salem/graduation_project_ws/install/moveit_configs_utils/lib/python3.10/site-packages:/home/salem/graduation_project_ws/install/srdfdom/local/lib/python3.10/dist-packages:/home/salem/graduation_project_ws/install/launch_param_builder/lib/python3.10/site-packages:${PYTHONPATH} /usr/bin/cmake --install /home/salem/graduation_project_ws/build/pilz_industrial_motion_planner
[14.274s] -- Install configuration: "Release"
[14.274s] -- Up-to-date: /home/salem/graduation_project_ws/install/pilz_industrial_motion_planner/share/pilz_industrial_motion_planner/plugins/pilz_industrial_motion_planner_plugin_description.xml
[14.274s] -- Up-to-date: /home/salem/graduation_project_ws/install/pilz_industrial_motion_planner/share/pilz_industrial_motion_planner/plugins/sequence_capability_plugin_description.xml
[14.274s] -- Up-to-date: /home/salem/graduation_project_ws/install/pilz_industrial_motion_planner/share/pilz_industrial_motion_planner/plugins/planning_context_plugin_description.xml
[14.274s] -- Installing: /home/salem/graduation_project_ws/install/pilz_industrial_motion_planner/lib/libpilz_industrial_motion_planner.so
[14.275s] -- Set runtime path of "/home/salem/graduation_project_ws/install/pilz_industrial_motion_planner/lib/libpilz_industrial_motion_planner.so" to ""
[14.275s] -- Installing: /home/salem/graduation_project_ws/install/pilz_industrial_motion_planner/lib/libjoint_limits_common.so
[14.275s] -- Set runtime path of "/home/salem/graduation_project_ws/install/pilz_industrial_motion_planner/lib/libjoint_limits_common.so" to ""
[14.276s] -- Installing: /home/salem/graduation_project_ws/install/pilz_industrial_motion_planner/lib/libplanning_context_loader_base.so
[14.276s] -- Set runtime path of "/home/salem/graduation_project_ws/install/pilz_industrial_motion_planner/lib/libplanning_context_loader_base.so" to ""
[14.276s] -- Installing: /home/salem/graduation_project_ws/install/pilz_industrial_motion_planner/lib/libplanning_context_loader_ptp.so
[14.277s] -- Set runtime path of "/home/salem/graduation_project_ws/install/pilz_industrial_motion_planner/lib/libplanning_context_loader_ptp.so" to ""
[14.277s] -- Installing: /home/salem/graduation_project_ws/install/pilz_industrial_motion_planner/lib/libplanning_context_loader_lin.so
[14.277s] -- Set runtime path of "/home/salem/graduation_project_ws/install/pilz_industrial_motion_planner/lib/libplanning_context_loader_lin.so" to ""
[14.278s] -- Installing: /home/salem/graduation_project_ws/install/pilz_industrial_motion_planner/lib/libplanning_context_loader_circ.so
[14.278s] -- Set runtime path of "/home/salem/graduation_project_ws/install/pilz_industrial_motion_planner/lib/libplanning_context_loader_circ.so" to ""
[14.278s] -- Installing: /home/salem/graduation_project_ws/install/pilz_industrial_motion_planner/lib/libcommand_list_manager.so
[14.279s] -- Set runtime path of "/home/salem/graduation_project_ws/install/pilz_industrial_motion_planner/lib/libcommand_list_manager.so" to ""
[14.279s] -- Installing: /home/salem/graduation_project_ws/install/pilz_industrial_motion_planner/lib/libsequence_capability.so
[14.280s] -- Set runtime path of "/home/salem/graduation_project_ws/install/pilz_industrial_motion_planner/lib/libsequence_capability.so" to ""
[14.280s] -- Installing: /home/salem/graduation_project_ws/install/pilz_industrial_motion_planner/lib/libtrajectory_generation_common.so
[14.281s] -- Set runtime path of "/home/salem/graduation_project_ws/install/pilz_industrial_motion_planner/lib/libtrajectory_generation_common.so" to ""
[14.281s] -- Up-to-date: /home/salem/graduation_project_ws/install/pilz_industrial_motion_planner/include
[14.281s] -- Up-to-date: /home/salem/graduation_project_ws/install/pilz_industrial_motion_planner/include/joint_limits_copy
[14.281s] -- Up-to-date: /home/salem/graduation_project_ws/install/pilz_industrial_motion_planner/include/joint_limits_copy/joint_limits_rosparam.hpp
[14.281s] -- Up-to-date: /home/salem/graduation_project_ws/install/pilz_industrial_motion_planner/include/joint_limits_copy/joint_limits.hpp
[14.281s] -- Up-to-date: /home/salem/graduation_project_ws/install/pilz_industrial_motion_planner/include/pilz_industrial_motion_planner
[14.281s] -- Up-to-date: /home/salem/graduation_project_ws/install/pilz_industrial_motion_planner/include/pilz_industrial_motion_planner/trajectory_generator.h
[14.281s] -- Up-to-date: /home/salem/graduation_project_ws/install/pilz_industrial_motion_planner/include/pilz_industrial_motion_planner/planning_context_loader_lin.h
[14.281s] -- Up-to-date: /home/salem/graduation_project_ws/install/pilz_industrial_motion_planner/include/pilz_industrial_motion_planner/cartesian_trajectory.h
[14.281s] -- Up-to-date: /home/salem/graduation_project_ws/install/pilz_industrial_motion_planner/include/pilz_industrial_motion_planner/planning_context_ptp.h
[14.281s] -- Up-to-date: /home/salem/graduation_project_ws/install/pilz_industrial_motion_planner/include/pilz_industrial_motion_planner/cartesian_limits_aggregator.h
[14.281s] -- Up-to-date: /home/salem/graduation_project_ws/install/pilz_industrial_motion_planner/include/pilz_industrial_motion_planner/planning_context_loader_ptp.h
[14.281s] -- Up-to-date: /home/salem/graduation_project_ws/install/pilz_industrial_motion_planner/include/pilz_industrial_motion_planner/pilz_industrial_motion_planner.h
[14.281s] -- Up-to-date: /home/salem/graduation_project_ws/install/pilz_industrial_motion_planner/include/pilz_industrial_motion_planner/cartesian_limit.h
[14.281s] -- Up-to-date: /home/salem/graduation_project_ws/install/pilz_industrial_motion_planner/include/pilz_industrial_motion_planner/trajectory_blend_request.h
[14.281s] -- Up-to-date: /home/salem/graduation_project_ws/install/pilz_industrial_motion_planner/include/pilz_industrial_motion_planner/cartesian_trajectory_point.h
[14.282s] -- Up-to-date: /home/salem/graduation_project_ws/install/pilz_industrial_motion_planner/include/pilz_industrial_motion_planner/limits_container.h
[14.282s] -- Up-to-date: /home/salem/graduation_project_ws/install/pilz_industrial_motion_planner/include/pilz_industrial_motion_planner/joint_limits_extension.h
[14.282s] -- Up-to-date: /home/salem/graduation_project_ws/install/pilz_industrial_motion_planner/include/pilz_industrial_motion_planner/trajectory_generation_exceptions.h
[14.282s] -- Up-to-date: /home/salem/graduation_project_ws/install/pilz_industrial_motion_planner/include/pilz_industrial_motion_planner/command_list_manager.h
[14.282s] -- Up-to-date: /home/salem/graduation_project_ws/install/pilz_industrial_motion_planner/include/pilz_industrial_motion_planner/tip_frame_getter.h
[14.282s] -- Up-to-date: /home/salem/graduation_project_ws/install/pilz_industrial_motion_planner/include/pilz_industrial_motion_planner/planning_context_lin.h
[14.282s] -- Up-to-date: /home/salem/graduation_project_ws/install/pilz_industrial_motion_planner/include/pilz_industrial_motion_planner/joint_limits_interface_extension.h
[14.282s] -- Up-to-date: /home/salem/graduation_project_ws/install/pilz_industrial_motion_planner/include/pilz_industrial_motion_planner/trajectory_blender.h
[14.282s] -- Up-to-date: /home/salem/graduation_project_ws/install/pilz_industrial_motion_planner/include/pilz_industrial_motion_planner/trajectory_generator_ptp.h
[14.282s] -- Up-to-date: /home/salem/graduation_project_ws/install/pilz_industrial_motion_planner/include/pilz_industrial_motion_planner/plan_components_builder.h
[14.282s] -- Up-to-date: /home/salem/graduation_project_ws/install/pilz_industrial_motion_planner/include/pilz_industrial_motion_planner/planning_context_base.h
[14.282s] -- Up-to-date: /home/salem/graduation_project_ws/install/pilz_industrial_motion_planner/include/pilz_industrial_motion_planner/trajectory_functions.h
[14.282s] -- Up-to-date: /home/salem/graduation_project_ws/install/pilz_industrial_motion_planner/include/pilz_industrial_motion_planner/planning_context_loader_circ.h
[14.282s] -- Up-to-date: /home/salem/graduation_project_ws/install/pilz_industrial_motion_planner/include/pilz_industrial_motion_planner/trajectory_generator_circ.h
[14.282s] -- Up-to-date: /home/salem/graduation_project_ws/install/pilz_industrial_motion_planner/include/pilz_industrial_motion_planner/capability_names.h
[14.282s] -- Up-to-date: /home/salem/graduation_project_ws/install/pilz_industrial_motion_planner/include/pilz_industrial_motion_planner/planning_exceptions.h
[14.282s] -- Up-to-date: /home/salem/graduation_project_ws/install/pilz_industrial_motion_planner/include/pilz_industrial_motion_planner/trajectory_blend_response.h
[14.282s] -- Up-to-date: /home/salem/graduation_project_ws/install/pilz_industrial_motion_planner/include/pilz_industrial_motion_planner/joint_limits_validator.h
[14.282s] -- Up-to-date: /home/salem/graduation_project_ws/install/pilz_industrial_motion_planner/include/pilz_industrial_motion_planner/move_group_sequence_service.h
[14.282s] -- Up-to-date: /home/salem/graduation_project_ws/install/pilz_industrial_motion_planner/include/pilz_industrial_motion_planner/joint_limits_aggregator.h
[14.282s] -- Up-to-date: /home/salem/graduation_project_ws/install/pilz_industrial_motion_planner/include/pilz_industrial_motion_planner/planning_context_loader.h
[14.283s] -- Up-to-date: /home/salem/graduation_project_ws/install/pilz_industrial_motion_planner/include/pilz_industrial_motion_planner/trajectory_blender_transition_window.h
[14.283s] -- Up-to-date: /home/salem/graduation_project_ws/install/pilz_industrial_motion_planner/include/pilz_industrial_motion_planner/velocity_profile_atrap.h
[14.283s] -- Up-to-date: /home/salem/graduation_project_ws/install/pilz_industrial_motion_planner/include/pilz_industrial_motion_planner/joint_limits_container.h
[14.283s] -- Up-to-date: /home/salem/graduation_project_ws/install/pilz_industrial_motion_planner/include/pilz_industrial_motion_planner/move_group_sequence_action.h
[14.283s] -- Up-to-date: /home/salem/graduation_project_ws/install/pilz_industrial_motion_planner/include/pilz_industrial_motion_planner/path_circle_generator.h
[14.283s] -- Up-to-date: /home/salem/graduation_project_ws/install/pilz_industrial_motion_planner/include/pilz_industrial_motion_planner/planning_context_circ.h
[14.283s] -- Up-to-date: /home/salem/graduation_project_ws/install/pilz_industrial_motion_planner/include/pilz_industrial_motion_planner/trajectory_generator_lin.h
[14.283s] -- Up-to-date: /home/salem/graduation_project_ws/install/pilz_industrial_motion_planner/share/pilz_industrial_motion_planner/environment/library_path.sh
[14.283s] -- Installing: /home/salem/graduation_project_ws/install/pilz_industrial_motion_planner/share/pilz_industrial_motion_planner/environment/library_path.dsv
[14.283s] -- Installing: /home/salem/graduation_project_ws/install/pilz_industrial_motion_planner/lib/pilz_industrial_motion_planner/unittest_pilz_industrial_motion_planner_direct
[14.284s] -- Set runtime path of "/home/salem/graduation_project_ws/install/pilz_industrial_motion_planner/lib/pilz_industrial_motion_planner/unittest_pilz_industrial_motion_planner_direct" to ""
[14.284s] -- Installing: /home/salem/graduation_project_ws/install/pilz_industrial_motion_planner/lib/pilz_industrial_motion_planner/unittest_velocity_profile_atrap
[14.285s] -- Set runtime path of "/home/salem/graduation_project_ws/install/pilz_industrial_motion_planner/lib/pilz_industrial_motion_planner/unittest_velocity_profile_atrap" to ""
[14.285s] -- Installing: /home/salem/graduation_project_ws/install/pilz_industrial_motion_planner/lib/pilz_industrial_motion_planner/unittest_trajectory_generator
[14.286s] -- Set runtime path of "/home/salem/graduation_project_ws/install/pilz_industrial_motion_planner/lib/pilz_industrial_motion_planner/unittest_trajectory_generator" to ""
[14.287s] -- Installing: /home/salem/graduation_project_ws/install/pilz_industrial_motion_planner/lib/pilz_industrial_motion_planner/unittest_trajectory_functions
[14.288s] -- Set runtime path of "/home/salem/graduation_project_ws/install/pilz_industrial_motion_planner/lib/pilz_industrial_motion_planner/unittest_trajectory_functions" to ""
[14.288s] -- Installing: /home/salem/graduation_project_ws/install/pilz_industrial_motion_planner/lib/pilz_industrial_motion_planner/unittest_trajectory_blender_transition_window
[14.289s] -- Set runtime path of "/home/salem/graduation_project_ws/install/pilz_industrial_motion_planner/lib/pilz_industrial_motion_planner/unittest_trajectory_blender_transition_window" to ""
[14.290s] -- Installing: /home/salem/graduation_project_ws/install/pilz_industrial_motion_planner/lib/pilz_industrial_motion_planner/unittest_trajectory_generator_common
[14.291s] -- Set runtime path of "/home/salem/graduation_project_ws/install/pilz_industrial_motion_planner/lib/pilz_industrial_motion_planner/unittest_trajectory_generator_common" to ""
[14.292s] -- Installing: /home/salem/graduation_project_ws/install/pilz_industrial_motion_planner/lib/pilz_industrial_motion_planner/unittest_trajectory_generator_circ
[14.293s] -- Set runtime path of "/home/salem/graduation_project_ws/install/pilz_industrial_motion_planner/lib/pilz_industrial_motion_planner/unittest_trajectory_generator_circ" to ""
[14.293s] -- Installing: /home/salem/graduation_project_ws/install/pilz_industrial_motion_planner/lib/pilz_industrial_motion_planner/unittest_trajectory_generator_lin
[14.295s] -- Set runtime path of "/home/salem/graduation_project_ws/install/pilz_industrial_motion_planner/lib/pilz_industrial_motion_planner/unittest_trajectory_generator_lin" to ""
[14.295s] -- Installing: /home/salem/graduation_project_ws/install/pilz_industrial_motion_planner/lib/pilz_industrial_motion_planner/unittest_trajectory_generator_ptp
[14.296s] -- Set runtime path of "/home/salem/graduation_project_ws/install/pilz_industrial_motion_planner/lib/pilz_industrial_motion_planner/unittest_trajectory_generator_ptp" to ""
[14.296s] -- Installing: /home/salem/graduation_project_ws/install/pilz_industrial_motion_planner/lib/pilz_industrial_motion_planner/unittest_pilz_industrial_motion_planner
[14.297s] -- Set runtime path of "/home/salem/graduation_project_ws/install/pilz_industrial_motion_planner/lib/pilz_industrial_motion_planner/unittest_pilz_industrial_motion_planner" to ""
[14.298s] -- Installing: /home/salem/graduation_project_ws/install/pilz_industrial_motion_planner/lib/pilz_industrial_motion_planner/unittest_joint_limit
[14.299s] -- Set runtime path of "/home/salem/graduation_project_ws/install/pilz_industrial_motion_planner/lib/pilz_industrial_motion_planner/unittest_joint_limit" to ""
[14.299s] -- Installing: /home/salem/graduation_project_ws/install/pilz_industrial_motion_planner/lib/pilz_industrial_motion_planner/unittest_joint_limits_aggregator
[14.300s] -- Set runtime path of "/home/salem/graduation_project_ws/install/pilz_industrial_motion_planner/lib/pilz_industrial_motion_planner/unittest_joint_limits_aggregator" to ""
[14.300s] -- Installing: /home/salem/graduation_project_ws/install/pilz_industrial_motion_planner/lib/pilz_industrial_motion_planner/unittest_joint_limits_container
[14.301s] -- Set runtime path of "/home/salem/graduation_project_ws/install/pilz_industrial_motion_planner/lib/pilz_industrial_motion_planner/unittest_joint_limits_container" to ""
[14.301s] -- Installing: /home/salem/graduation_project_ws/install/pilz_industrial_motion_planner/lib/pilz_industrial_motion_planner/unittest_joint_limits_validator
[14.302s] -- Set runtime path of "/home/salem/graduation_project_ws/install/pilz_industrial_motion_planner/lib/pilz_industrial_motion_planner/unittest_joint_limits_validator" to ""
[14.302s] -- Installing: /home/salem/graduation_project_ws/install/pilz_industrial_motion_planner/lib/pilz_industrial_motion_planner/unittest_cartesian_limits_aggregator
[14.303s] -- Set runtime path of "/home/salem/graduation_project_ws/install/pilz_industrial_motion_planner/lib/pilz_industrial_motion_planner/unittest_cartesian_limits_aggregator" to ""
[14.303s] -- Installing: /home/salem/graduation_project_ws/install/pilz_industrial_motion_planner/lib/pilz_industrial_motion_planner/unittest_planning_context_loaders
[14.305s] -- Set runtime path of "/home/salem/graduation_project_ws/install/pilz_industrial_motion_planner/lib/pilz_industrial_motion_planner/unittest_planning_context_loaders" to ""
[14.305s] -- Installing: /home/salem/graduation_project_ws/install/pilz_industrial_motion_planner/lib/pilz_industrial_motion_planner/unittest_planning_context
[14.306s] -- Set runtime path of "/home/salem/graduation_project_ws/install/pilz_industrial_motion_planner/lib/pilz_industrial_motion_planner/unittest_planning_context" to ""
[14.306s] -- Installing: /home/salem/graduation_project_ws/install/pilz_industrial_motion_planner/lib/pilz_industrial_motion_planner/unittest_get_solver_tip_frame
[14.307s] -- Set runtime path of "/home/salem/graduation_project_ws/install/pilz_industrial_motion_planner/lib/pilz_industrial_motion_planner/unittest_get_solver_tip_frame" to ""
[14.308s] -- Up-to-date: /home/salem/graduation_project_ws/install/pilz_industrial_motion_planner/share/pilz_industrial_motion_planner/config
[14.308s] -- Up-to-date: /home/salem/graduation_project_ws/install/pilz_industrial_motion_planner/share/pilz_industrial_motion_planner/config/unittest_trajectory_generator_circ.yaml
[14.308s] -- Up-to-date: /home/salem/graduation_project_ws/install/pilz_industrial_motion_planner/share/pilz_industrial_motion_planner/config/unittest_joint_limit_config.yaml
[14.308s] -- Up-to-date: /home/salem/graduation_project_ws/install/pilz_industrial_motion_planner/share/pilz_industrial_motion_planner/config/unittest_trajectory_generator_lin.yaml
[14.308s] -- Up-to-date: /home/salem/graduation_project_ws/install/pilz_industrial_motion_planner/share/pilz_industrial_motion_planner/config/unittest_joint_limits_aggregator.yaml
[14.308s] -- Up-to-date: /home/salem/graduation_project_ws/install/pilz_industrial_motion_planner/share/pilz_industrial_motion_planner/config/unittest_trajectory_blender_transition_window.yaml
[14.308s] -- Up-to-date: /home/salem/graduation_project_ws/install/pilz_industrial_motion_planner/share/pilz_industrial_motion_planner/config/unittest_trajectory_functions.yaml
[14.308s] -- Up-to-date: /home/salem/graduation_project_ws/install/pilz_industrial_motion_planner/share/pilz_industrial_motion_planner/config/unittest_trajectory_generator_ptp.yaml
[14.308s] -- Up-to-date: /home/salem/graduation_project_ws/install/pilz_industrial_motion_planner/share/pilz_industrial_motion_planner/config/unittest_trajectory_generator_common.yaml
[14.308s] -- Up-to-date: /home/salem/graduation_project_ws/install/pilz_industrial_motion_planner/share/pilz_industrial_motion_planner/config/unittest_cartesian_limits_aggregator.yaml
[14.308s] -- Up-to-date: /home/salem/graduation_project_ws/install/pilz_industrial_motion_planner/share/pilz_industrial_motion_planner/launch
[14.308s] -- Up-to-date: /home/salem/graduation_project_ws/install/pilz_industrial_motion_planner/share/pilz_industrial_motion_planner/launch/unittest_trajectory_generator_lin.test.py
[14.308s] -- Up-to-date: /home/salem/graduation_project_ws/install/pilz_industrial_motion_planner/share/pilz_industrial_motion_planner/launch/unittest_planning_context.test.py
[14.308s] -- Up-to-date: /home/salem/graduation_project_ws/install/pilz_industrial_motion_planner/share/pilz_industrial_motion_planner/launch/unittest_trajectory_generator_common.test.py
[14.308s] -- Up-to-date: /home/salem/graduation_project_ws/install/pilz_industrial_motion_planner/share/pilz_industrial_motion_planner/launch/unittest_joint_limit.test.py
[14.309s] -- Up-to-date: /home/salem/graduation_project_ws/install/pilz_industrial_motion_planner/share/pilz_industrial_motion_planner/launch/unittest_trajectory_blender_transition_window.test.py
[14.309s] -- Up-to-date: /home/salem/graduation_project_ws/install/pilz_industrial_motion_planner/share/pilz_industrial_motion_planner/launch/unittest_trajectory_generator_circ.test.py
[14.309s] -- Up-to-date: /home/salem/graduation_project_ws/install/pilz_industrial_motion_planner/share/pilz_industrial_motion_planner/launch/unittest_trajectory_functions.test.py
[14.309s] -- Up-to-date: /home/salem/graduation_project_ws/install/pilz_industrial_motion_planner/share/pilz_industrial_motion_planner/launch/unittest_joint_limits_aggregator.test.py
[14.309s] -- Up-to-date: /home/salem/graduation_project_ws/install/pilz_industrial_motion_planner/share/pilz_industrial_motion_planner/launch/unittest_trajectory_generator_ptp.test.py
[14.309s] -- Up-to-date: /home/salem/graduation_project_ws/install/pilz_industrial_motion_planner/share/pilz_industrial_motion_planner/launch/unittest_pilz_industrial_motion_planner.test.py
[14.309s] -- Up-to-date: /home/salem/graduation_project_ws/install/pilz_industrial_motion_planner/share/pilz_industrial_motion_planner/launch/unittest_cartesian_limits_aggregator.test.py
[14.309s] -- Up-to-date: /home/salem/graduation_project_ws/install/pilz_industrial_motion_planner/share/pilz_industrial_motion_planner/launch/common_parameters.py
[14.309s] -- Up-to-date: /home/salem/graduation_project_ws/install/pilz_industrial_motion_planner/share/pilz_industrial_motion_planner/launch/unittest_planning_context_loaders.test.py
[14.309s] -- Up-to-date: /home/salem/graduation_project_ws/install/pilz_industrial_motion_planner/share/pilz_industrial_motion_planner/test_data
[14.309s] -- Up-to-date: /home/salem/graduation_project_ws/install/pilz_industrial_motion_planner/share/pilz_industrial_motion_planner/test_data/testpoints.py
[14.309s] -- Up-to-date: /home/salem/graduation_project_ws/install/pilz_industrial_motion_planner/share/pilz_industrial_motion_planner/test_data/frankaemika_panda
[14.309s] -- Up-to-date: /home/salem/graduation_project_ws/install/pilz_industrial_motion_planner/share/pilz_industrial_motion_planner/test_data/frankaemika_panda/testdata_sequence.xml
[14.309s] -- Up-to-date: /home/salem/graduation_project_ws/install/pilz_industrial_motion_planner/share/pilz_industrial_motion_planner/test_data/prbt
[14.309s] -- Up-to-date: /home/salem/graduation_project_ws/install/pilz_industrial_motion_planner/share/pilz_industrial_motion_planner/test_data/prbt/testdata_sequence.xml
[14.309s] -- Up-to-date: /home/salem/graduation_project_ws/install/pilz_industrial_motion_planner/share/pilz_industrial_motion_planner/test_data/prbt/testdata_with_gripper.xml
[14.309s] -- Up-to-date: /home/salem/graduation_project_ws/install/pilz_industrial_motion_planner/share/pilz_industrial_motion_planner/test_data/prbt/testdata_deprecated.xml
[14.309s] -- Up-to-date: /home/salem/graduation_project_ws/install/pilz_industrial_motion_planner/share/pilz_industrial_motion_planner/test_data/concept_testdata.png
[14.310s] -- Up-to-date: /home/salem/graduation_project_ws/install/pilz_industrial_motion_planner/share/pilz_industrial_motion_planner/test_data/concept_testdata.odp
[14.310s] -- Up-to-date: /home/salem/graduation_project_ws/install/pilz_industrial_motion_planner/share/ament_index/resource_index/package_run_dependencies/pilz_industrial_motion_planner
[14.310s] -- Up-to-date: /home/salem/graduation_project_ws/install/pilz_industrial_motion_planner/share/ament_index/resource_index/parent_prefix_path/pilz_industrial_motion_planner
[14.310s] -- Up-to-date: /home/salem/graduation_project_ws/install/pilz_industrial_motion_planner/share/pilz_industrial_motion_planner/environment/ament_prefix_path.sh
[14.310s] -- Installing: /home/salem/graduation_project_ws/install/pilz_industrial_motion_planner/share/pilz_industrial_motion_planner/environment/ament_prefix_path.dsv
[14.310s] -- Up-to-date: /home/salem/graduation_project_ws/install/pilz_industrial_motion_planner/share/pilz_industrial_motion_planner/environment/path.sh
[14.310s] -- Installing: /home/salem/graduation_project_ws/install/pilz_industrial_motion_planner/share/pilz_industrial_motion_planner/environment/path.dsv
[14.310s] -- Up-to-date: /home/salem/graduation_project_ws/install/pilz_industrial_motion_planner/share/pilz_industrial_motion_planner/local_setup.bash
[14.310s] -- Up-to-date: /home/salem/graduation_project_ws/install/pilz_industrial_motion_planner/share/pilz_industrial_motion_planner/local_setup.sh
[14.310s] -- Up-to-date: /home/salem/graduation_project_ws/install/pilz_industrial_motion_planner/share/pilz_industrial_motion_planner/local_setup.zsh
[14.310s] -- Installing: /home/salem/graduation_project_ws/install/pilz_industrial_motion_planner/share/pilz_industrial_motion_planner/local_setup.dsv
[14.310s] -- Installing: /home/salem/graduation_project_ws/install/pilz_industrial_motion_planner/share/pilz_industrial_motion_planner/package.dsv
[14.310s] -- Up-to-date: /home/salem/graduation_project_ws/install/pilz_industrial_motion_planner/share/ament_index/resource_index/packages/pilz_industrial_motion_planner
[14.310s] -- Up-to-date: /home/salem/graduation_project_ws/install/pilz_industrial_motion_planner/share/ament_index/resource_index/moveit_core__pluginlib__plugin/pilz_industrial_motion_planner
[14.310s] -- Up-to-date: /home/salem/graduation_project_ws/install/pilz_industrial_motion_planner/share/ament_index/resource_index/moveit_ros_move_group__pluginlib__plugin/pilz_industrial_motion_planner
[14.310s] -- Up-to-date: /home/salem/graduation_project_ws/install/pilz_industrial_motion_planner/share/ament_index/resource_index/pilz_industrial_motion_planner__pluginlib__plugin/pilz_industrial_motion_planner
[14.310s] -- Up-to-date: /home/salem/graduation_project_ws/install/pilz_industrial_motion_planner/share/pilz_industrial_motion_planner/cmake/pilz_industrial_motion_plannerTargetsExport.cmake
[14.310s] -- Up-to-date: /home/salem/graduation_project_ws/install/pilz_industrial_motion_planner/share/pilz_industrial_motion_planner/cmake/pilz_industrial_motion_plannerTargetsExport-release.cmake
[14.310s] -- Up-to-date: /home/salem/graduation_project_ws/install/pilz_industrial_motion_planner/share/pilz_industrial_motion_planner/cmake/ament_cmake_export_include_directories-extras.cmake
[14.310s] -- Up-to-date: /home/salem/graduation_project_ws/install/pilz_industrial_motion_planner/share/pilz_industrial_motion_planner/cmake/ament_cmake_export_targets-extras.cmake
[14.310s] -- Up-to-date: /home/salem/graduation_project_ws/install/pilz_industrial_motion_planner/share/pilz_industrial_motion_planner/cmake/ament_cmake_export_dependencies-extras.cmake
[14.311s] -- Up-to-date: /home/salem/graduation_project_ws/install/pilz_industrial_motion_planner/share/pilz_industrial_motion_planner/cmake/pilz_industrial_motion_plannerConfig.cmake
[14.311s] -- Up-to-date: /home/salem/graduation_project_ws/install/pilz_industrial_motion_planner/share/pilz_industrial_motion_planner/cmake/pilz_industrial_motion_plannerConfig-version.cmake
[14.311s] -- Up-to-date: /home/salem/graduation_project_ws/install/pilz_industrial_motion_planner/share/pilz_industrial_motion_planner/package.xml
[14.312s] Invoked command in '/home/salem/graduation_project_ws/build/pilz_industrial_motion_planner' returned '0': AMENT_PREFIX_PATH=/home/salem/graduation_project_ws/install/moveit_resources_prbt_pg70_support:/home/salem/graduation_project_ws/install/moveit_ros_planning_interface:/home/salem/graduation_project_ws/install/moveit_resources_prbt_moveit_config:/home/salem/graduation_project_ws/install/moveit_ros_move_group:/home/salem/graduation_project_ws/install/moveit_ros_warehouse:/home/salem/graduation_project_ws/install/moveit_planners_ompl:/home/salem/graduation_project_ws/install/moveit_kinematics:/home/salem/graduation_project_ws/install/moveit_ros_planning:/home/salem/graduation_project_ws/install/pilz_industrial_motion_planner_testutils:/home/salem/graduation_project_ws/install/moveit_simple_controller_manager:/home/salem/graduation_project_ws/install/moveit_ros_occupancy_map_monitor:/home/salem/graduation_project_ws/install/moveit_resources_prbt_ikfast_manipulator_plugin:/home/salem/graduation_project_ws/install/moveit_core:/home/salem/graduation_project_ws/install/moveit_resources_panda_moveit_config:/home/salem/graduation_project_ws/install/moveit_resources_fanuc_moveit_config:/home/salem/graduation_project_ws/install/moveit_configs_utils:/home/salem/graduation_project_ws/install/srdfdom:/home/salem/graduation_project_ws/install/moveit_resources_prbt_support:/home/salem/graduation_project_ws/install/moveit_resources_pr2_description:/home/salem/graduation_project_ws/install/moveit_resources_panda_description:/home/salem/graduation_project_ws/install/moveit_resources_fanuc_description:/home/salem/graduation_project_ws/install/moveit_common:/home/salem/graduation_project_ws/install/launch_param_builder:${AMENT_PREFIX_PATH} CMAKE_PREFIX_PATH=/home/salem/graduation_project_ws/install/moveit_resources_prbt_pg70_support:/home/salem/graduation_project_ws/install/moveit_ros_planning_interface:/home/salem/graduation_project_ws/install/moveit_resources_prbt_moveit_config:/home/salem/graduation_project_ws/install/moveit_ros_move_group:/home/salem/graduation_project_ws/install/moveit_ros_warehouse:/home/salem/graduation_project_ws/install/moveit_planners_ompl:/home/salem/graduation_project_ws/install/moveit_kinematics:/home/salem/graduation_project_ws/install/moveit_ros_planning:/home/salem/graduation_project_ws/install/pilz_industrial_motion_planner_testutils:/home/salem/graduation_project_ws/install/moveit_simple_controller_manager:/home/salem/graduation_project_ws/install/moveit_ros_occupancy_map_monitor:/home/salem/graduation_project_ws/install/moveit_resources_prbt_ikfast_manipulator_plugin:/home/salem/graduation_project_ws/install/moveit_core:/home/salem/graduation_project_ws/install/moveit_resources_panda_moveit_config:/home/salem/graduation_project_ws/install/moveit_resources_fanuc_moveit_config:/home/salem/graduation_project_ws/install/srdfdom:/home/salem/graduation_project_ws/install/moveit_resources_prbt_support:/home/salem/graduation_project_ws/install/moveit_resources_pr2_description:/home/salem/graduation_project_ws/install/moveit_resources_panda_description:/home/salem/graduation_project_ws/install/moveit_resources_fanuc_description:/home/salem/graduation_project_ws/install/moveit_common:/home/salem/ros2_ws/install/labvolt5250a0_description:/home/salem/ws_moveit2/install/pilz_industrial_motion_planner_testutils:/home/salem/ws_moveit2/install/panda_moveit_config:/home/salem/ws_moveit2/install/moveit_runtime:/home/salem/ws_moveit2/install/moveit2_tutorials:/home/salem/ws_moveit2/install/moveit:/home/salem/ws_moveit2/install/moveit_planners:/home/salem/ws_moveit2/install/pilz_industrial_motion_planner:/home/salem/ws_moveit2/install/moveit_visual_tools:/home/salem/ws_moveit2/install/moveit_task_constructor_visualization:/home/salem/ws_moveit2/install/moveit_task_constructor_demo:/home/salem/ws_moveit2/install/moveit_task_constructor_capabilities:/home/salem/ws_moveit2/install/moveit_task_constructor_core:/home/salem/ws_moveit2/install/moveit_ros_control_interface:/home/salem/ws_moveit2/install/moveit_plugins:/home/salem/ws_moveit2/install/moveit_simple_controller_manager:/home/salem/ws_moveit2/install/moveit_setup_assistant:/home/salem/ws_moveit2/install/moveit_setup_srdf_plugins:/home/salem/ws_moveit2/install/moveit_setup_core_plugins:/home/salem/ws_moveit2/install/moveit_setup_controllers:/home/salem/ws_moveit2/install/moveit_setup_app_plugins:/home/salem/ws_moveit2/install/moveit_setup_framework:/home/salem/ws_moveit2/install/moveit_servo:/home/salem/ws_moveit2/install/moveit_ros:/home/salem/ws_moveit2/install/moveit_ros_visualization:/home/salem/ws_moveit2/install/moveit_hybrid_planning:/home/salem/ws_moveit2/install/moveit_ros_planning_interface:/home/salem/ws_moveit2/install/moveit_ros_benchmarks:/home/salem/ws_moveit2/install/moveit_ros_warehouse:/home/salem/ws_moveit2/install/moveit_ros_robot_interaction:/home/salem/ws_moveit2/install/moveit_ros_perception:/home/salem/ws_moveit2/install/moveit_resources_prbt_pg70_support:/home/salem/ws_moveit2/install/moveit_resources_prbt_moveit_config:/home/salem/ws_moveit2/install/moveit_ros_move_group:/home/salem/ws_moveit2/install/moveit_planners_ompl:/home/salem/ws_moveit2/install/moveit_ros_planning:/home/salem/ws_moveit2/install/moveit_ros_occupancy_map_monitor:/home/salem/ws_moveit2/install/moveit_resources_prbt_ikfast_manipulator_plugin:/home/salem/ws_moveit2/install/moveit_planners_chomp:/home/salem/ws_moveit2/install/moveit_kinematics:/home/salem/ws_moveit2/install/moveit_chomp_optimizer_adapter:/home/salem/ws_moveit2/install/chomp_motion_planner:/home/salem/ws_moveit2/install/moveit_core:/home/salem/ws_moveit2/install/srdfdom:/home/salem/ws_moveit2/install/rviz_marker_tools:/home/salem/ws_moveit2/install/rosparam_shortcuts:/home/salem/ws_moveit2/install/moveit_task_constructor_msgs:/home/salem/ws_moveit2/install/moveit_resources_prbt_support:/home/salem/ws_moveit2/install/moveit_resources:/home/salem/ws_moveit2/install/moveit_resources_pr2_description:/home/salem/ws_moveit2/install/moveit_resources_panda_moveit_config:/home/salem/ws_moveit2/install/moveit_resources_panda_description:/home/salem/ws_moveit2/install/moveit_resources_fanuc_moveit_config:/home/salem/ws_moveit2/install/moveit_resources_fanuc_description:/home/salem/ws_moveit2/install/moveit_common:/home/salem/microros_ws/install/micro_ros_setup:/home/salem/ros2_ws/install/my_robot_controller:/home/salem/ws_moveit2/install/moveit_configs_utils:/home/salem/ws_moveit2/install/launch_param_builder:/opt/ros/humble LD_LIBRARY_PATH=/home/salem/graduation_project_ws/install/moveit_ros_planning_interface/lib:/home/salem/graduation_project_ws/install/moveit_ros_move_group/lib:/home/salem/graduation_project_ws/install/moveit_ros_warehouse/lib:/home/salem/graduation_project_ws/install/moveit_planners_ompl/lib:/home/salem/graduation_project_ws/install/moveit_kinematics/lib:/home/salem/graduation_project_ws/install/moveit_ros_planning/lib:/home/salem/graduation_project_ws/install/pilz_industrial_motion_planner_testutils/lib:/home/salem/graduation_project_ws/install/moveit_simple_controller_manager/lib:/home/salem/graduation_project_ws/install/moveit_ros_occupancy_map_monitor/lib:/home/salem/graduation_project_ws/install/moveit_resources_prbt_ikfast_manipulator_plugin/lib:/home/salem/graduation_project_ws/install/moveit_core/lib:/home/salem/graduation_project_ws/install/srdfdom/lib:${LD_LIBRARY_PATH} PATH=/home/salem/graduation_project_ws/install/moveit_core/bin:${PATH} PYTHONPATH=/home/salem/graduation_project_ws/install/moveit_configs_utils/lib/python3.10/site-packages:/home/salem/graduation_project_ws/install/srdfdom/local/lib/python3.10/dist-packages:/home/salem/graduation_project_ws/install/launch_param_builder/lib/python3.10/site-packages:${PYTHONPATH} /usr/bin/cmake --install /home/salem/graduation_project_ws/build/pilz_industrial_motion_planner
