[0.071s] Invoking command in '/home/salem/graduation_project_ws/build/moveit_common': CMAKE_PREFIX_PATH=${CMAKE_PREFIX_PATH}:/home/salem/ros2_ws/install/my_robot_controller:/home/salem/ws_moveit2/install/moveit_configs_utils:/home/salem/ws_moveit2/install/launch_param_builder:/opt/ros/humble /usr/bin/cmake --build /home/salem/graduation_project_ws/build/moveit_common -- -j16 -l16
[0.318s] Invoked command in '/home/salem/graduation_project_ws/build/moveit_common' returned '0': CMAKE_PREFIX_PATH=${CMAKE_PREFIX_PATH}:/home/salem/ros2_ws/install/my_robot_controller:/home/salem/ws_moveit2/install/moveit_configs_utils:/home/salem/ws_moveit2/install/launch_param_builder:/opt/ros/humble /usr/bin/cmake --build /home/salem/graduation_project_ws/build/moveit_common -- -j16 -l16
[0.331s] Invoking command in '/home/salem/graduation_project_ws/build/moveit_common': CMAKE_PREFIX_PATH=${CMAKE_PREFIX_PATH}:/home/salem/ros2_ws/install/my_robot_controller:/home/salem/ws_moveit2/install/moveit_configs_utils:/home/salem/ws_moveit2/install/launch_param_builder:/opt/ros/humble /usr/bin/cmake --install /home/salem/graduation_project_ws/build/moveit_common
[0.341s] -- Install configuration: ""
[0.342s] -- Up-to-date: /home/salem/graduation_project_ws/install/moveit_common/share/ament_index/resource_index/package_run_dependencies/moveit_common
[0.342s] -- Up-to-date: /home/salem/graduation_project_ws/install/moveit_common/share/ament_index/resource_index/parent_prefix_path/moveit_common
[0.343s] -- Up-to-date: /home/salem/graduation_project_ws/install/moveit_common/share/moveit_common/environment/ament_prefix_path.sh
[0.344s] -- Up-to-date: /home/salem/graduation_project_ws/install/moveit_common/share/moveit_common/environment/ament_prefix_path.dsv
[0.344s] -- Up-to-date: /home/salem/graduation_project_ws/install/moveit_common/share/moveit_common/environment/path.sh
[0.344s] -- Up-to-date: /home/salem/graduation_project_ws/install/moveit_common/share/moveit_common/environment/path.dsv
[0.344s] -- Up-to-date: /home/salem/graduation_project_ws/install/moveit_common/share/moveit_common/local_setup.bash
[0.344s] -- Up-to-date: /home/salem/graduation_project_ws/install/moveit_common/share/moveit_common/local_setup.sh
[0.344s] -- Up-to-date: /home/salem/graduation_project_ws/install/moveit_common/share/moveit_common/local_setup.zsh
[0.345s] -- Up-to-date: /home/salem/graduation_project_ws/install/moveit_common/share/moveit_common/local_setup.dsv
[0.345s] -- Up-to-date: /home/salem/graduation_project_ws/install/moveit_common/share/moveit_common/package.dsv
[0.345s] -- Up-to-date: /home/salem/graduation_project_ws/install/moveit_common/share/ament_index/resource_index/packages/moveit_common
[0.345s] -- Up-to-date: /home/salem/graduation_project_ws/install/moveit_common/share/moveit_common/cmake/moveit_common-extras.cmake
[0.345s] -- Up-to-date: /home/salem/graduation_project_ws/install/moveit_common/share/moveit_common/cmake/moveit_commonConfig.cmake
[0.345s] -- Up-to-date: /home/salem/graduation_project_ws/install/moveit_common/share/moveit_common/cmake/moveit_commonConfig-version.cmake
[0.345s] -- Up-to-date: /home/salem/graduation_project_ws/install/moveit_common/share/moveit_common/package.xml
[0.345s] -- Up-to-date: /home/salem/graduation_project_ws/install/moveit_common/share/moveit_common/cmake
[0.345s] -- Up-to-date: /home/salem/graduation_project_ws/install/moveit_common/share/moveit_common/cmake/moveit_package.cmake
[0.348s] Invoked command in '/home/salem/graduation_project_ws/build/moveit_common' returned '0': CMAKE_PREFIX_PATH=${CMAKE_PREFIX_PATH}:/home/salem/ros2_ws/install/my_robot_controller:/home/salem/ws_moveit2/install/moveit_configs_utils:/home/salem/ws_moveit2/install/launch_param_builder:/opt/ros/humble /usr/bin/cmake --install /home/salem/graduation_project_ws/build/moveit_common
